Warming up...
Finished warming up!
=====================================================
Completed 1 games.

Agent 1 (EntropySHUCTAnytime)
Winning score (between 0 and 1) : N=1, mean=0 (+/-0).
P1: N=1, mean=0 (+/-0).
P2: N=0, mean=0 (+/-0).
Game Durations: N=1, mean=22 (+/-0).
P1: N=1, mean=22 (+/-0).
P2: N=0, mean=0 (+/-0).

Agent 2 (Example UCT)
Winning score (between 0 and 1) : N=1, mean=1 (+/-0).
P1: N=0, mean=0 (+/-0).
P2: N=1, mean=1 (+/-0).
Game Durations: N=1, mean=22 (+/-0).
P1: N=0, mean=0 (+/-0).
P2: N=1, mean=22 (+/-0).
=====================================================
=====================================================
Completed 2 games.

Agent 1 (EntropySHUCTAnytime)
Winning score (between 0 and 1) : N=2, mean=0 (+/-0).
P1: N=1, mean=0 (+/-0).
P2: N=1, mean=0 (+/-0).
Game Durations: N=2, mean=20.5 (+/-2.93994).
P1: N=1, mean=22 (+/-0).
P2: N=1, mean=19 (+/-0).

Agent 2 (Example UCT)
Winning score (between 0 and 1) : N=2, mean=1 (+/-0).
P1: N=1, mean=1 (+/-0).
P2: N=1, mean=1 (+/-0).
Game Durations: N=2, mean=20.5 (+/-2.93994).
P1: N=1, mean=19 (+/-0).
P2: N=1, mean=22 (+/-0).
=====================================================
=====================================================
Completed 3 games.

Agent 1 (EntropySHUCTAnytime)
Winning score (between 0 and 1) : N=3, mean=0.333333 (+/-0.65332).
P1: N=2, mean=0.5 (+/-0.97998).
P2: N=1, mean=0 (+/-0).
Game Durations: N=3, mean=19.333333 (+/-2.847756).
P1: N=2, mean=19.5 (+/-4.8999).
P2: N=1, mean=19 (+/-0).

Agent 2 (Example UCT)
Winning score (between 0 and 1) : N=3, mean=0.666667 (+/-0.65332).
P1: N=1, mean=1 (+/-0).
P2: N=2, mean=0.5 (+/-0.97998).
Game Durations: N=3, mean=19.333333 (+/-2.847756).
P1: N=1, mean=19 (+/-0).
P2: N=2, mean=19.5 (+/-4.8999).
=====================================================
=====================================================
Completed 4 games.

Agent 1 (EntropySHUCTAnytime)
Winning score (between 0 and 1) : N=4, mean=0.5 (+/-0.565792).
P1: N=2, mean=0.5 (+/-0.97998).
P2: N=2, mean=0.5 (+/-0.97998).
Game Durations: N=4, mean=18 (+/-3.299104).
P1: N=2, mean=19.5 (+/-4.8999).
P2: N=2, mean=16.5 (+/-4.8999).

Agent 2 (Example UCT)
Winning score (between 0 and 1) : N=4, mean=0.5 (+/-0.565792).
P1: N=2, mean=0.5 (+/-0.97998).
P2: N=2, mean=0.5 (+/-0.97998).
Game Durations: N=4, mean=18 (+/-3.299104).
P1: N=2, mean=16.5 (+/-4.8999).
P2: N=2, mean=19.5 (+/-4.8999).
=====================================================
=====================================================
Completed 5 games.

Agent 1 (EntropySHUCTAnytime)
Winning score (between 0 and 1) : N=5, mean=0.4 (+/-0.48009).
P1: N=3, mean=0.333333 (+/-0.65332).
P2: N=2, mean=0.5 (+/-0.97998).
Game Durations: N=5, mean=22 (+/-8.24582).
P1: N=3, mean=25.666667 (+/-12.41308).
P2: N=2, mean=16.5 (+/-4.8999).

Agent 2 (Example UCT)
Winning score (between 0 and 1) : N=5, mean=0.6 (+/-0.48009).
P1: N=2, mean=0.5 (+/-0.97998).
P2: N=3, mean=0.666667 (+/-0.65332).
Game Durations: N=5, mean=22 (+/-8.24582).
P1: N=2, mean=16.5 (+/-4.8999).
P2: N=3, mean=25.666667 (+/-12.41308).
=====================================================
=====================================================
Completed 10 games.

Agent 1 (EntropySHUCTAnytime)
Winning score (between 0 and 1) : N=10, mean=0.4 (+/-0.32006).
P1: N=5, mean=0.6 (+/-0.48009).
P2: N=5, mean=0.2 (+/-0.391992).
Game Durations: N=10, mean=20.9 (+/-6.026501).
P1: N=5, mean=26.2 (+/-10.097123).
P2: N=5, mean=15.6 (+/-2.743944).

Agent 2 (Example UCT)
Winning score (between 0 and 1) : N=10, mean=0.6 (+/-0.32006).
P1: N=5, mean=0.8 (+/-0.391992).
P2: N=5, mean=0.4 (+/-0.48009).
Game Durations: N=10, mean=20.9 (+/-6.026501).
P1: N=5, mean=15.6 (+/-2.743944).
P2: N=5, mean=26.2 (+/-10.097123).
=====================================================
=====================================================
Completed 20 games.

Agent 1 (EntropySHUCTAnytime)
Winning score (between 0 and 1) : N=20, mean=0.35 (+/-0.214467).
P1: N=10, mean=0.5 (+/-0.32666).
P2: N=10, mean=0.2 (+/-0.261328).
Game Durations: N=20, mean=24.5 (+/-5.904757).
P1: N=10, mean=28.3 (+/-7.861859).
P2: N=10, mean=20.7 (+/-8.548512).

Agent 2 (Example UCT)
Winning score (between 0 and 1) : N=20, mean=0.65 (+/-0.214467).
P1: N=10, mean=0.8 (+/-0.261328).
P2: N=10, mean=0.5 (+/-0.32666).
Game Durations: N=20, mean=24.5 (+/-5.904757).
P1: N=10, mean=20.7 (+/-8.548512).
P2: N=10, mean=28.3 (+/-7.861859).
=====================================================
=====================================================
Completed 30 games.

Agent 1 (EntropySHUCTAnytime)
Winning score (between 0 and 1) : N=30, mean=0.3 (+/-0.166785).
P1: N=15, mean=0.4 (+/-0.256619).
P2: N=15, mean=0.2 (+/-0.209529).
Game Durations: N=30, mean=26.5 (+/-4.461239).
P1: N=15, mean=30.133333 (+/-5.721787).
P2: N=15, mean=22.866667 (+/-6.51694).

Agent 2 (Example UCT)
Winning score (between 0 and 1) : N=30, mean=0.7 (+/-0.166785).
P1: N=15, mean=0.8 (+/-0.209529).
P2: N=15, mean=0.6 (+/-0.256619).
Game Durations: N=30, mean=26.5 (+/-4.461239).
P1: N=15, mean=22.866667 (+/-6.51694).
P2: N=15, mean=30.133333 (+/-5.721787).
=====================================================
=====================================================
Completed 40 games.

Agent 1 (EntropySHUCTAnytime)
Winning score (between 0 and 1) : N=40, mean=0.35 (+/-0.149694).
P1: N=20, mean=0.45 (+/-0.223696).
P2: N=20, mean=0.25 (+/-0.194702).
Game Durations: N=40, mean=28.55 (+/-4.438962).
P1: N=20, mean=33.15 (+/-5.909506).
P2: N=20, mean=23.95 (+/-6.116627).

Agent 2 (Example UCT)
Winning score (between 0 and 1) : N=40, mean=0.65 (+/-0.149694).
P1: N=20, mean=0.75 (+/-0.194702).
P2: N=20, mean=0.55 (+/-0.223696).
Game Durations: N=40, mean=28.55 (+/-4.438962).
P1: N=20, mean=23.95 (+/-6.116627).
P2: N=20, mean=33.15 (+/-5.909506).
=====================================================
=====================================================
Completed 50 games.

Agent 1 (EntropySHUCTAnytime)
Winning score (between 0 and 1) : N=50, mean=0.35 (+/-0.132073).
P1: N=25, mean=0.38 (+/-0.190025).
P2: N=25, mean=0.32 (+/-0.186626).
Game Durations: N=50, mean=30.26 (+/-3.940987).
P1: N=25, mean=35.04 (+/-5.302142).
P2: N=25, mean=25.48 (+/-5.290827).

Agent 2 (Example UCT)
Winning score (between 0 and 1) : N=50, mean=0.65 (+/-0.132073).
P1: N=25, mean=0.68 (+/-0.186626).
P2: N=25, mean=0.62 (+/-0.190025).
Game Durations: N=50, mean=30.26 (+/-3.940987).
P1: N=25, mean=25.48 (+/-5.290827).
P2: N=25, mean=35.04 (+/-5.302142).
=====================================================
=====================================================
Completed 60 games.

Agent 1 (EntropySHUCTAnytime)
Winning score (between 0 and 1) : N=60, mean=0.391667 (+/-0.123458).
P1: N=30, mean=0.45 (+/-0.177991).
P2: N=30, mean=0.333333 (+/-0.17157).
Game Durations: N=60, mean=30.15 (+/-3.650979).
P1: N=30, mean=32.6 (+/-4.916857).
P2: N=30, mean=27.7 (+/-5.335931).

Agent 2 (Example UCT)
Winning score (between 0 and 1) : N=60, mean=0.608333 (+/-0.123458).
P1: N=30, mean=0.666667 (+/-0.17157).
P2: N=30, mean=0.55 (+/-0.177991).
Game Durations: N=60, mean=30.15 (+/-3.650979).
P1: N=30, mean=27.7 (+/-5.335931).
P2: N=30, mean=32.6 (+/-4.916857).
=====================================================
=====================================================
Completed 70 games.

Agent 1 (EntropySHUCTAnytime)
Winning score (between 0 and 1) : N=70, mean=0.378571 (+/-0.113572).
P1: N=35, mean=0.442857 (+/-0.164529).
P2: N=35, mean=0.314286 (+/-0.156042).
Game Durations: N=70, mean=29.685714 (+/-3.377261).
P1: N=35, mean=31.742857 (+/-4.749078).
P2: N=35, mean=27.628571 (+/-4.773312).

Agent 2 (Example UCT)
Winning score (between 0 and 1) : N=70, mean=0.621429 (+/-0.113572).
P1: N=35, mean=0.685714 (+/-0.156042).
P2: N=35, mean=0.557143 (+/-0.164529).
Game Durations: N=70, mean=29.685714 (+/-3.377261).
P1: N=35, mean=27.628571 (+/-4.773312).
P2: N=35, mean=31.742857 (+/-4.749078).
=====================================================
=====================================================
Completed 80 games.

Agent 1 (EntropySHUCTAnytime)
Winning score (between 0 and 1) : N=80, mean=0.39375 (+/-0.107031).
P1: N=40, mean=0.4625 (+/-0.154501).
P2: N=40, mean=0.325 (+/-0.146997).
Game Durations: N=80, mean=28.55 (+/-3.042536).
P1: N=40, mean=30.2 (+/-4.344909).
P2: N=40, mean=26.9 (+/-4.253031).

Agent 2 (Example UCT)
Winning score (between 0 and 1) : N=80, mean=0.60625 (+/-0.107031).
P1: N=40, mean=0.675 (+/-0.146997).
P2: N=40, mean=0.5375 (+/-0.154501).
Game Durations: N=80, mean=28.55 (+/-3.042536).
P1: N=40, mean=26.9 (+/-4.253031).
P2: N=40, mean=30.2 (+/-4.344909).
=====================================================
=====================================================
Completed 90 games.

Agent 1 (EntropySHUCTAnytime)
Winning score (between 0 and 1) : N=90, mean=0.394444 (+/-0.100944).
P1: N=45, mean=0.455556 (+/-0.145495).
P2: N=45, mean=0.333333 (+/-0.139288).
Game Durations: N=90, mean=28.711111 (+/-2.864588).
P1: N=45, mean=30.6 (+/-4.210748).
P2: N=45, mean=26.822222 (+/-3.852669).

Agent 2 (Example UCT)
Winning score (between 0 and 1) : N=90, mean=0.605556 (+/-0.100944).
P1: N=45, mean=0.666667 (+/-0.139288).
P2: N=45, mean=0.544444 (+/-0.145495).
Game Durations: N=90, mean=28.711111 (+/-2.864588).
P1: N=45, mean=26.822222 (+/-3.852669).
P2: N=45, mean=30.6 (+/-4.210748).
=====================================================
=====================================================
Completed 100 games.

Agent 1 (EntropySHUCTAnytime)
Winning score (between 0 and 1) : N=100, mean=0.405 (+/-0.096195).
P1: N=50, mean=0.47 (+/-0.138335).
P2: N=50, mean=0.34 (+/-0.132636).
Game Durations: N=100, mean=29.37 (+/-2.822113).
P1: N=50, mean=30.3 (+/-4.030459).
P2: N=50, mean=28.44 (+/-3.975193).

Agent 2 (Example UCT)
Winning score (between 0 and 1) : N=100, mean=0.595 (+/-0.096195).
P1: N=50, mean=0.66 (+/-0.132636).
P2: N=50, mean=0.53 (+/-0.138335).
Game Durations: N=100, mean=29.37 (+/-2.822113).
P1: N=50, mean=28.44 (+/-3.975193).
P2: N=50, mean=30.3 (+/-4.030459).
=====================================================
