Warming up...
Finished warming up!
=====================================================
Completed 1 games.

Agent 1 (EntropySHUCTAnytime)
Winning score (between 0 and 1) : N=1, mean=0.5 (+/-0).
P1: N=0, mean=0 (+/-0).
P2: N=1, mean=0.5 (+/-0).
Game Durations: N=1, mean=63 (+/-0).
P1: N=0, mean=0 (+/-0).
P2: N=1, mean=63 (+/-0).

Agent 2 (Example UCT)
Winning score (between 0 and 1) : N=1, mean=0.5 (+/-0).
P1: N=1, mean=0.5 (+/-0).
P2: N=0, mean=0 (+/-0).
Game Durations: N=1, mean=63 (+/-0).
P1: N=1, mean=63 (+/-0).
P2: N=0, mean=0 (+/-0).
=====================================================
=====================================================
Completed 2 games.

Agent 1 (EntropySHUCTAnytime)
Winning score (between 0 and 1) : N=2, mean=0.25 (+/-0.48999).
P1: N=1, mean=0 (+/-0).
P2: N=1, mean=0.5 (+/-0).
Game Durations: N=2, mean=61 (+/-3.91992).
P1: N=1, mean=59 (+/-0).
P2: N=1, mean=63 (+/-0).

Agent 2 (Example UCT)
Winning score (between 0 and 1) : N=2, mean=0.75 (+/-0.48999).
P1: N=1, mean=0.5 (+/-0).
P2: N=1, mean=1 (+/-0).
Game Durations: N=2, mean=61 (+/-3.91992).
P1: N=1, mean=63 (+/-0).
P2: N=1, mean=59 (+/-0).
=====================================================
=====================================================
Completed 3 games.

Agent 1 (EntropySHUCTAnytime)
Winning score (between 0 and 1) : N=3, mean=0.166667 (+/-0.32666).
P1: N=1, mean=0 (+/-0).
P2: N=2, mean=0.25 (+/-0.48999).
Game Durations: N=3, mean=48.333333 (+/-24.929102).
P1: N=1, mean=59 (+/-0).
P2: N=2, mean=43 (+/-39.1992).

Agent 2 (Example UCT)
Winning score (between 0 and 1) : N=3, mean=0.833333 (+/-0.32666).
P1: N=2, mean=0.75 (+/-0.48999).
P2: N=1, mean=1 (+/-0).
Game Durations: N=3, mean=48.333333 (+/-24.929102).
P1: N=2, mean=43 (+/-39.1992).
P2: N=1, mean=59 (+/-0).
=====================================================
=====================================================
Completed 4 games.

Agent 1 (EntropySHUCTAnytime)
Winning score (between 0 and 1) : N=4, mean=0.375 (+/-0.46913).
P1: N=2, mean=0.5 (+/-0.97998).
P2: N=2, mean=0.25 (+/-0.48999).
Game Durations: N=4, mean=43.5 (+/-20.011758).
P1: N=2, mean=44 (+/-29.3994).
P2: N=2, mean=43 (+/-39.1992).

Agent 2 (Example UCT)
Winning score (between 0 and 1) : N=4, mean=0.625 (+/-0.46913).
P1: N=2, mean=0.75 (+/-0.48999).
P2: N=2, mean=0.5 (+/-0.97998).
Game Durations: N=4, mean=43.5 (+/-20.011758).
P1: N=2, mean=43 (+/-39.1992).
P2: N=2, mean=44 (+/-29.3994).
=====================================================
=====================================================
Completed 5 games.

Agent 1 (EntropySHUCTAnytime)
Winning score (between 0 and 1) : N=5, mean=0.3 (+/-0.391992).
P1: N=2, mean=0.5 (+/-0.97998).
P2: N=3, mean=0.166667 (+/-0.32666).
Game Durations: N=5, mean=46 (+/-16.257038).
P1: N=2, mean=44 (+/-29.3994).
P2: N=3, mean=47.333333 (+/-24.17284).

Agent 2 (Example UCT)
Winning score (between 0 and 1) : N=5, mean=0.7 (+/-0.391992).
P1: N=3, mean=0.833333 (+/-0.32666).
P2: N=2, mean=0.5 (+/-0.97998).
Game Durations: N=5, mean=46 (+/-16.257038).
P1: N=3, mean=47.333333 (+/-24.17284).
P2: N=2, mean=44 (+/-29.3994).
=====================================================
=====================================================
Completed 10 games.

Agent 1 (EntropySHUCTAnytime)
Winning score (between 0 and 1) : N=10, mean=0.35 (+/-0.293994).
P1: N=5, mean=0.6 (+/-0.48009).
P2: N=5, mean=0.1 (+/-0.195996).
Game Durations: N=10, mean=37.1 (+/-12.331837).
P1: N=5, mean=39.8 (+/-15.891396).
P2: N=5, mean=34.4 (+/-20.440043).

Agent 2 (Example UCT)
Winning score (between 0 and 1) : N=10, mean=0.65 (+/-0.293994).
P1: N=5, mean=0.9 (+/-0.195996).
P2: N=5, mean=0.4 (+/-0.48009).
Game Durations: N=10, mean=37.1 (+/-12.331837).
P1: N=5, mean=34.4 (+/-20.440043).
P2: N=5, mean=39.8 (+/-15.891396).
=====================================================
=====================================================
Completed 20 games.

Agent 1 (EntropySHUCTAnytime)
Winning score (between 0 and 1) : N=20, mean=0.525 (+/-0.218842).
P1: N=10, mean=0.7 (+/-0.299389).
P2: N=10, mean=0.35 (+/-0.293994).
Game Durations: N=20, mean=29.9 (+/-7.856456).
P1: N=10, mean=29.9 (+/-10.202884).
P2: N=10, mean=29.9 (+/-12.510524).

Agent 2 (Example UCT)
Winning score (between 0 and 1) : N=20, mean=0.475 (+/-0.218842).
P1: N=10, mean=0.65 (+/-0.293994).
P2: N=10, mean=0.3 (+/-0.299389).
Game Durations: N=20, mean=29.9 (+/-7.856456).
P1: N=10, mean=29.9 (+/-12.510524).
P2: N=10, mean=29.9 (+/-10.202884).
=====================================================
=====================================================
Completed 30 games.

Agent 1 (EntropySHUCTAnytime)
Winning score (between 0 and 1) : N=30, mean=0.516667 (+/-0.178816).
P1: N=15, mean=0.666667 (+/-0.246932).
P2: N=15, mean=0.366667 (+/-0.2432).
Game Durations: N=30, mean=31.966667 (+/-6.374579).
P1: N=15, mean=34 (+/-8.817227).
P2: N=15, mean=29.933333 (+/-9.3986).

Agent 2 (Example UCT)
Winning score (between 0 and 1) : N=30, mean=0.483333 (+/-0.178816).
P1: N=15, mean=0.633333 (+/-0.2432).
P2: N=15, mean=0.333333 (+/-0.246932).
Game Durations: N=30, mean=31.966667 (+/-6.374579).
P1: N=15, mean=29.933333 (+/-9.3986).
P2: N=15, mean=34 (+/-8.817227).
=====================================================
=====================================================
Completed 40 games.

Agent 1 (EntropySHUCTAnytime)
Winning score (between 0 and 1) : N=40, mean=0.4625 (+/-0.154501).
P1: N=20, mean=0.65 (+/-0.214467).
P2: N=20, mean=0.275 (+/-0.194378).
Game Durations: N=40, mean=32.1 (+/-5.568777).
P1: N=20, mean=33.3 (+/-7.339148).
P2: N=20, mean=30.9 (+/-8.536047).

Agent 2 (Example UCT)
Winning score (between 0 and 1) : N=40, mean=0.5375 (+/-0.154501).
P1: N=20, mean=0.725 (+/-0.194378).
P2: N=20, mean=0.35 (+/-0.214467).
Game Durations: N=40, mean=32.1 (+/-5.568777).
P1: N=20, mean=30.9 (+/-8.536047).
P2: N=20, mean=33.3 (+/-7.339148).
=====================================================
=====================================================
Completed 50 games.

Agent 1 (EntropySHUCTAnytime)
Winning score (between 0 and 1) : N=50, mean=0.45 (+/-0.137881).
P1: N=25, mean=0.64 (+/-0.192036).
P2: N=25, mean=0.26 (+/-0.170865).
Game Durations: N=50, mean=31.56 (+/-4.888017).
P1: N=25, mean=31.92 (+/-6.60395).
P2: N=25, mean=31.2 (+/-7.342224).

Agent 2 (Example UCT)
Winning score (between 0 and 1) : N=50, mean=0.55 (+/-0.137881).
P1: N=25, mean=0.74 (+/-0.170865).
P2: N=25, mean=0.36 (+/-0.192036).
Game Durations: N=50, mean=31.56 (+/-4.888017).
P1: N=25, mean=31.2 (+/-7.342224).
P2: N=25, mean=31.92 (+/-6.60395).
=====================================================
=====================================================
Completed 60 games.

Agent 1 (EntropySHUCTAnytime)
Winning score (between 0 and 1) : N=60, mean=0.458333 (+/-0.126067).
P1: N=30, mean=0.6 (+/-0.178301).
P2: N=30, mean=0.316667 (+/-0.166011).
Game Durations: N=60, mean=31.416667 (+/-4.268786).
P1: N=30, mean=31.7 (+/-5.930091).
P2: N=30, mean=31.133333 (+/-6.241762).

Agent 2 (Example UCT)
Winning score (between 0 and 1) : N=60, mean=0.541667 (+/-0.126067).
P1: N=30, mean=0.683333 (+/-0.166011).
P2: N=30, mean=0.4 (+/-0.178301).
Game Durations: N=60, mean=31.416667 (+/-4.268786).
P1: N=30, mean=31.133333 (+/-6.241762).
P2: N=30, mean=31.7 (+/-5.930091).
=====================================================
=====================================================
Completed 70 games.

Agent 1 (EntropySHUCTAnytime)
Winning score (between 0 and 1) : N=70, mean=0.492857 (+/-0.117118).
P1: N=35, mean=0.628571 (+/-0.162414).
P2: N=35, mean=0.357143 (+/-0.158534).
Game Durations: N=70, mean=31.242857 (+/-3.974411).
P1: N=35, mean=29.571429 (+/-5.381857).
P2: N=35, mean=32.914286 (+/-5.875141).

Agent 2 (Example UCT)
Winning score (between 0 and 1) : N=70, mean=0.507143 (+/-0.117118).
P1: N=35, mean=0.642857 (+/-0.158534).
P2: N=35, mean=0.371429 (+/-0.162414).
Game Durations: N=70, mean=31.242857 (+/-3.974411).
P1: N=35, mean=32.914286 (+/-5.875141).
P2: N=35, mean=29.571429 (+/-5.381857).
=====================================================
=====================================================
Completed 80 games.

Agent 1 (EntropySHUCTAnytime)
Winning score (between 0 and 1) : N=80, mean=0.46875 (+/-0.109348).
P1: N=40, mean=0.625 (+/-0.151939).
P2: N=40, mean=0.3125 (+/-0.143339).
Game Durations: N=80, mean=30.425 (+/-3.657916).
P1: N=40, mean=28.4 (+/-4.885203).
P2: N=40, mean=32.45 (+/-5.434569).

Agent 2 (Example UCT)
Winning score (between 0 and 1) : N=80, mean=0.53125 (+/-0.109348).
P1: N=40, mean=0.6875 (+/-0.143339).
P2: N=40, mean=0.375 (+/-0.151939).
Game Durations: N=80, mean=30.425 (+/-3.657916).
P1: N=40, mean=32.45 (+/-5.434569).
P2: N=40, mean=28.4 (+/-4.885203).
=====================================================
=====================================================
Completed 90 games.

Agent 1 (EntropySHUCTAnytime)
Winning score (between 0 and 1) : N=90, mean=0.511111 (+/-0.102691).
P1: N=45, mean=0.644444 (+/-0.141438).
P2: N=45, mean=0.377778 (+/-0.139829).
Game Durations: N=90, mean=29.766667 (+/-3.410402).
P1: N=45, mean=27.644444 (+/-4.429348).
P2: N=45, mean=31.888889 (+/-5.162026).

Agent 2 (Example UCT)
Winning score (between 0 and 1) : N=90, mean=0.488889 (+/-0.102691).
P1: N=45, mean=0.622222 (+/-0.139829).
P2: N=45, mean=0.355556 (+/-0.141438).
Game Durations: N=90, mean=29.766667 (+/-3.410402).
P1: N=45, mean=31.888889 (+/-5.162026).
P2: N=45, mean=27.644444 (+/-4.429348).
=====================================================
=====================================================
Completed 100 games.

Agent 1 (EntropySHUCTAnytime)
Winning score (between 0 and 1) : N=100, mean=0.53 (+/-0.097323).
P1: N=50, mean=0.68 (+/-0.130611).
P2: N=50, mean=0.38 (+/-0.13299).
Game Durations: N=100, mean=29.43 (+/-3.158898).
P1: N=50, mean=26.98 (+/-4.090405).
P2: N=50, mean=31.88 (+/-4.759125).

Agent 2 (Example UCT)
Winning score (between 0 and 1) : N=100, mean=0.47 (+/-0.097323).
P1: N=50, mean=0.62 (+/-0.13299).
P2: N=50, mean=0.32 (+/-0.130611).
Game Durations: N=100, mean=29.43 (+/-3.158898).
P1: N=50, mean=31.88 (+/-4.759125).
P2: N=50, mean=26.98 (+/-4.090405).
=====================================================
