Warming up...
Finished warming up!
=====================================================
Completed 1 games.

Agent 1 (EntropySHUCTAnytime)
Winning score (between 0 and 1) : N=1, mean=0 (+/-0).
P1: N=0, mean=0 (+/-0).
P2: N=1, mean=0 (+/-0).
Game Durations: N=1, mean=35 (+/-0).
P1: N=0, mean=0 (+/-0).
P2: N=1, mean=35 (+/-0).

Agent 2 (Example UCT)
Winning score (between 0 and 1) : N=1, mean=1 (+/-0).
P1: N=1, mean=1 (+/-0).
P2: N=0, mean=0 (+/-0).
Game Durations: N=1, mean=35 (+/-0).
P1: N=1, mean=35 (+/-0).
P2: N=0, mean=0 (+/-0).
=====================================================
=====================================================
Completed 2 games.

Agent 1 (EntropySHUCTAnytime)
Winning score (between 0 and 1) : N=2, mean=0.5 (+/-0.97998).
P1: N=1, mean=1 (+/-0).
P2: N=1, mean=0 (+/-0).
Game Durations: N=2, mean=26 (+/-17.63964).
P1: N=1, mean=17 (+/-0).
P2: N=1, mean=35 (+/-0).

Agent 2 (Example UCT)
Winning score (between 0 and 1) : N=2, mean=0.5 (+/-0.97998).
P1: N=1, mean=1 (+/-0).
P2: N=1, mean=0 (+/-0).
Game Durations: N=2, mean=26 (+/-17.63964).
P1: N=1, mean=35 (+/-0).
P2: N=1, mean=17 (+/-0).
=====================================================
=====================================================
Completed 3 games.

Agent 1 (EntropySHUCTAnytime)
Winning score (between 0 and 1) : N=3, mean=0.333333 (+/-0.65332).
P1: N=1, mean=1 (+/-0).
P2: N=2, mean=0 (+/-0).
Game Durations: N=3, mean=25 (+/-10.371133).
P1: N=1, mean=17 (+/-0).
P2: N=2, mean=29 (+/-11.75976).

Agent 2 (Example UCT)
Winning score (between 0 and 1) : N=3, mean=0.666667 (+/-0.65332).
P1: N=2, mean=1 (+/-0).
P2: N=1, mean=0 (+/-0).
Game Durations: N=3, mean=25 (+/-10.371133).
P1: N=2, mean=29 (+/-11.75976).
P2: N=1, mean=17 (+/-0).
=====================================================
=====================================================
Completed 4 games.

Agent 1 (EntropySHUCTAnytime)
Winning score (between 0 and 1) : N=4, mean=0.25 (+/-0.48999).
P1: N=2, mean=0.5 (+/-0.97998).
P2: N=2, mean=0 (+/-0).
Game Durations: N=4, mean=27.75 (+/-9.10116).
P1: N=2, mean=26.5 (+/-18.61962).
P2: N=2, mean=29 (+/-11.75976).

Agent 2 (Example UCT)
Winning score (between 0 and 1) : N=4, mean=0.75 (+/-0.48999).
P1: N=2, mean=1 (+/-0).
P2: N=2, mean=0.5 (+/-0.97998).
Game Durations: N=4, mean=27.75 (+/-9.10116).
P1: N=2, mean=29 (+/-11.75976).
P2: N=2, mean=26.5 (+/-18.61962).
=====================================================
=====================================================
Completed 5 games.

Agent 1 (EntropySHUCTAnytime)
Winning score (between 0 and 1) : N=5, mean=0.4 (+/-0.48009).
P1: N=2, mean=0.5 (+/-0.97998).
P2: N=3, mean=0.333333 (+/-0.65332).
Game Durations: N=5, mean=33 (+/-12.473109).
P1: N=2, mean=26.5 (+/-18.61962).
P2: N=3, mean=37.333333 (+/-17.687968).

Agent 2 (Example UCT)
Winning score (between 0 and 1) : N=5, mean=0.6 (+/-0.48009).
P1: N=3, mean=0.666667 (+/-0.65332).
P2: N=2, mean=0.5 (+/-0.97998).
Game Durations: N=5, mean=33 (+/-12.473109).
P1: N=3, mean=37.333333 (+/-17.687968).
P2: N=2, mean=26.5 (+/-18.61962).
=====================================================
=====================================================
Completed 10 games.

Agent 1 (EntropySHUCTAnytime)
Winning score (between 0 and 1) : N=10, mean=0.4 (+/-0.32006).
P1: N=5, mean=0.6 (+/-0.48009).
P2: N=5, mean=0.2 (+/-0.391992).
Game Durations: N=10, mean=28.8 (+/-10.254419).
P1: N=5, mean=21 (+/-8.199101).
P2: N=5, mean=36.6 (+/-17.003147).

Agent 2 (Example UCT)
Winning score (between 0 and 1) : N=10, mean=0.6 (+/-0.32006).
P1: N=5, mean=0.8 (+/-0.391992).
P2: N=5, mean=0.4 (+/-0.48009).
Game Durations: N=10, mean=28.8 (+/-10.254419).
P1: N=5, mean=36.6 (+/-17.003147).
P2: N=5, mean=21 (+/-8.199101).
=====================================================
=====================================================
Completed 20 games.

Agent 1 (EntropySHUCTAnytime)
Winning score (between 0 and 1) : N=20, mean=0.45 (+/-0.223696).
P1: N=10, mean=0.5 (+/-0.32666).
P2: N=10, mean=0.4 (+/-0.32006).
Game Durations: N=20, mean=28.3 (+/-6.168673).
P1: N=10, mean=22.7 (+/-6.662903).
P2: N=10, mean=33.9 (+/-9.460516).

Agent 2 (Example UCT)
Winning score (between 0 and 1) : N=20, mean=0.55 (+/-0.223696).
P1: N=10, mean=0.6 (+/-0.32006).
P2: N=10, mean=0.5 (+/-0.32666).
Game Durations: N=20, mean=28.3 (+/-6.168673).
P1: N=10, mean=33.9 (+/-9.460516).
P2: N=10, mean=22.7 (+/-6.662903).
=====================================================
=====================================================
Completed 30 games.

Agent 1 (EntropySHUCTAnytime)
Winning score (between 0 and 1) : N=30, mean=0.466667 (+/-0.181573).
P1: N=15, mean=0.6 (+/-0.256619).
P2: N=15, mean=0.333333 (+/-0.246932).
Game Durations: N=30, mean=28.433333 (+/-4.853664).
P1: N=15, mean=24.333333 (+/-5.449309).
P2: N=15, mean=32.533333 (+/-7.66014).

Agent 2 (Example UCT)
Winning score (between 0 and 1) : N=30, mean=0.533333 (+/-0.181573).
P1: N=15, mean=0.666667 (+/-0.246932).
P2: N=15, mean=0.4 (+/-0.256619).
Game Durations: N=30, mean=28.433333 (+/-4.853664).
P1: N=15, mean=32.533333 (+/-7.66014).
P2: N=15, mean=24.333333 (+/-5.449309).
=====================================================
=====================================================
Completed 40 games.

Agent 1 (EntropySHUCTAnytime)
Winning score (between 0 and 1) : N=40, mean=0.45 (+/-0.152142).
P1: N=20, mean=0.525 (+/-0.218842).
P2: N=20, mean=0.375 (+/-0.211799).
Game Durations: N=40, mean=32.3 (+/-5.008357).
P1: N=20, mean=26.75 (+/-5.889972).
P2: N=20, mean=37.85 (+/-7.4718).

Agent 2 (Example UCT)
Winning score (between 0 and 1) : N=40, mean=0.55 (+/-0.152142).
P1: N=20, mean=0.625 (+/-0.211799).
P2: N=20, mean=0.475 (+/-0.218842).
Game Durations: N=40, mean=32.3 (+/-5.008357).
P1: N=20, mean=37.85 (+/-7.4718).
P2: N=20, mean=26.75 (+/-5.889972).
=====================================================
=====================================================
Completed 50 games.

Agent 1 (EntropySHUCTAnytime)
Winning score (between 0 and 1) : N=50, mean=0.45 (+/-0.135008).
P1: N=25, mean=0.54 (+/-0.195342).
P2: N=25, mean=0.36 (+/-0.183512).
Game Durations: N=50, mean=32.94 (+/-4.603641).
P1: N=25, mean=28.96 (+/-5.931354).
P2: N=25, mean=36.92 (+/-6.803555).

Agent 2 (Example UCT)
Winning score (between 0 and 1) : N=50, mean=0.55 (+/-0.135008).
P1: N=25, mean=0.64 (+/-0.183512).
P2: N=25, mean=0.46 (+/-0.195342).
Game Durations: N=50, mean=32.94 (+/-4.603641).
P1: N=25, mean=36.92 (+/-6.803555).
P2: N=25, mean=28.96 (+/-5.931354).
=====================================================
=====================================================
Completed 60 games.

Agent 1 (EntropySHUCTAnytime)
Winning score (between 0 and 1) : N=60, mean=0.466667 (+/-0.122963).
P1: N=30, mean=0.55 (+/-0.177991).
P2: N=30, mean=0.383333 (+/-0.167336).
Game Durations: N=60, mean=32.65 (+/-4.134101).
P1: N=30, mean=29.1 (+/-5.222348).
P2: N=30, mean=36.2 (+/-6.239404).

Agent 2 (Example UCT)
Winning score (between 0 and 1) : N=60, mean=0.533333 (+/-0.122963).
P1: N=30, mean=0.616667 (+/-0.167336).
P2: N=30, mean=0.45 (+/-0.177991).
Game Durations: N=60, mean=32.65 (+/-4.134101).
P1: N=30, mean=36.2 (+/-6.239404).
P2: N=30, mean=29.1 (+/-5.222348).
=====================================================
=====================================================
Completed 70 games.

Agent 1 (EntropySHUCTAnytime)
Winning score (between 0 and 1) : N=70, mean=0.442857 (+/-0.113759).
P1: N=35, mean=0.528571 (+/-0.165368).
P2: N=35, mean=0.357143 (+/-0.153359).
Game Durations: N=70, mean=32.271429 (+/-3.723875).
P1: N=35, mean=28.942857 (+/-4.752204).
P2: N=35, mean=35.6 (+/-5.585489).

Agent 2 (Example UCT)
Winning score (between 0 and 1) : N=70, mean=0.557143 (+/-0.113759).
P1: N=35, mean=0.642857 (+/-0.153359).
P2: N=35, mean=0.471429 (+/-0.165368).
Game Durations: N=70, mean=32.271429 (+/-3.723875).
P1: N=35, mean=35.6 (+/-5.585489).
P2: N=35, mean=28.942857 (+/-4.752204).
=====================================================
=====================================================
Completed 80 games.

Agent 1 (EntropySHUCTAnytime)
Winning score (between 0 and 1) : N=80, mean=0.4625 (+/-0.107146).
P1: N=40, mean=0.5625 (+/-0.153702).
P2: N=40, mean=0.3625 (+/-0.144622).
Game Durations: N=80, mean=31.85 (+/-3.513201).
P1: N=40, mean=30.175 (+/-4.724843).
P2: N=40, mean=33.525 (+/-5.208305).

Agent 2 (Example UCT)
Winning score (between 0 and 1) : N=80, mean=0.5375 (+/-0.107146).
P1: N=40, mean=0.6375 (+/-0.144622).
P2: N=40, mean=0.4375 (+/-0.153702).
Game Durations: N=80, mean=31.85 (+/-3.513201).
P1: N=40, mean=33.525 (+/-5.208305).
P2: N=40, mean=30.175 (+/-4.724843).
=====================================================
=====================================================
Completed 90 games.

Agent 1 (EntropySHUCTAnytime)
Winning score (between 0 and 1) : N=90, mean=0.466667 (+/-0.101307).
P1: N=45, mean=0.566667 (+/-0.144753).
P2: N=45, mean=0.366667 (+/-0.137183).
Game Durations: N=90, mean=31.466667 (+/-3.333479).
P1: N=45, mean=29.844444 (+/-4.516875).
P2: N=45, mean=33.088889 (+/-4.908335).

Agent 2 (Example UCT)
Winning score (between 0 and 1) : N=90, mean=0.533333 (+/-0.101307).
P1: N=45, mean=0.633333 (+/-0.137183).
P2: N=45, mean=0.433333 (+/-0.144753).
Game Durations: N=90, mean=31.466667 (+/-3.333479).
P1: N=45, mean=33.088889 (+/-4.908335).
P2: N=45, mean=29.844444 (+/-4.516875).
=====================================================
=====================================================
Completed 100 games.

Agent 1 (EntropySHUCTAnytime)
Winning score (between 0 and 1) : N=100, mean=0.46 (+/-0.09618).
P1: N=50, mean=0.55 (+/-0.137881).
P2: N=50, mean=0.37 (+/-0.130761).
Game Durations: N=100, mean=31.04 (+/-3.123155).
P1: N=50, mean=30.32 (+/-4.265275).
P2: N=50, mean=31.76 (+/-4.597898).

Agent 2 (Example UCT)
Winning score (between 0 and 1) : N=100, mean=0.54 (+/-0.09618).
P1: N=50, mean=0.63 (+/-0.130761).
P2: N=50, mean=0.45 (+/-0.137881).
Game Durations: N=100, mean=31.04 (+/-3.123155).
P1: N=50, mean=31.76 (+/-4.597898).
P2: N=50, mean=30.32 (+/-4.265275).
=====================================================
