Warming up...
Finished warming up!
=====================================================
Completed 1 games.

Agent 1 (EntropySHUCTAnytime)
Winning score (between 0 and 1) : N=1, mean=1 (+/-0).
P1: N=0, mean=0 (+/-0).
P2: N=1, mean=1 (+/-0).
Game Durations: N=1, mean=57 (+/-0).
P1: N=0, mean=0 (+/-0).
P2: N=1, mean=57 (+/-0).

Agent 2 (SHUCTAnyTime)
Winning score (between 0 and 1) : N=1, mean=0 (+/-0).
P1: N=1, mean=0 (+/-0).
P2: N=0, mean=0 (+/-0).
Game Durations: N=1, mean=57 (+/-0).
P1: N=1, mean=57 (+/-0).
P2: N=0, mean=0 (+/-0).
=====================================================
=====================================================
Completed 2 games.

Agent 1 (EntropySHUCTAnytime)
Winning score (between 0 and 1) : N=2, mean=1 (+/-0).
P1: N=1, mean=1 (+/-0).
P2: N=1, mean=1 (+/-0).
Game Durations: N=2, mean=41 (+/-31.35936).
P1: N=1, mean=25 (+/-0).
P2: N=1, mean=57 (+/-0).

Agent 2 (SHUCTAnyTime)
Winning score (between 0 and 1) : N=2, mean=0 (+/-0).
P1: N=1, mean=0 (+/-0).
P2: N=1, mean=0 (+/-0).
Game Durations: N=2, mean=41 (+/-31.35936).
P1: N=1, mean=57 (+/-0).
P2: N=1, mean=25 (+/-0).
=====================================================
=====================================================
Completed 3 games.

Agent 1 (EntropySHUCTAnytime)
Winning score (between 0 and 1) : N=3, mean=0.666667 (+/-0.65332).
P1: N=1, mean=1 (+/-0).
P2: N=2, mean=0.5 (+/-0.97998).
Game Durations: N=3, mean=31.666667 (+/-25.737823).
P1: N=1, mean=25 (+/-0).
P2: N=2, mean=35 (+/-43.11912).

Agent 2 (SHUCTAnyTime)
Winning score (between 0 and 1) : N=3, mean=0.333333 (+/-0.65332).
P1: N=2, mean=0.5 (+/-0.97998).
P2: N=1, mean=0 (+/-0).
Game Durations: N=3, mean=31.666667 (+/-25.737823).
P1: N=2, mean=35 (+/-43.11912).
P2: N=1, mean=25 (+/-0).
=====================================================
=====================================================
Completed 4 games.

Agent 1 (EntropySHUCTAnytime)
Winning score (between 0 and 1) : N=4, mean=0.5 (+/-0.565792).
P1: N=2, mean=0.5 (+/-0.97998).
P2: N=2, mean=0.5 (+/-0.97998).
Game Durations: N=4, mean=28.75 (+/-19.076077).
P1: N=2, mean=22.5 (+/-4.8999).
P2: N=2, mean=35 (+/-43.11912).

Agent 2 (SHUCTAnyTime)
Winning score (between 0 and 1) : N=4, mean=0.5 (+/-0.565792).
P1: N=2, mean=0.5 (+/-0.97998).
P2: N=2, mean=0.5 (+/-0.97998).
Game Durations: N=4, mean=28.75 (+/-19.076077).
P1: N=2, mean=35 (+/-43.11912).
P2: N=2, mean=22.5 (+/-4.8999).
=====================================================
=====================================================
Completed 5 games.

Agent 1 (EntropySHUCTAnytime)
Winning score (between 0 and 1) : N=5, mean=0.6 (+/-0.48009).
P1: N=2, mean=0.5 (+/-0.97998).
P2: N=3, mean=0.666667 (+/-0.65332).
Game Durations: N=5, mean=34.4 (+/-18.465278).
P1: N=2, mean=22.5 (+/-4.8999).
P2: N=3, mean=42.333333 (+/-28.74608).

Agent 2 (SHUCTAnyTime)
Winning score (between 0 and 1) : N=5, mean=0.4 (+/-0.48009).
P1: N=3, mean=0.333333 (+/-0.65332).
P2: N=2, mean=0.5 (+/-0.97998).
Game Durations: N=5, mean=34.4 (+/-18.465278).
P1: N=3, mean=42.333333 (+/-28.74608).
P2: N=2, mean=22.5 (+/-4.8999).
=====================================================
=====================================================
Completed 10 games.

Agent 1 (EntropySHUCTAnytime)
Winning score (between 0 and 1) : N=10, mean=0.6 (+/-0.32006).
P1: N=5, mean=0.6 (+/-0.48009).
P2: N=5, mean=0.6 (+/-0.48009).
Game Durations: N=10, mean=36.6 (+/-10.268561).
P1: N=5, mean=31.6 (+/-13.243878).
P2: N=5, mean=41.6 (+/-15.845401).

Agent 2 (SHUCTAnyTime)
Winning score (between 0 and 1) : N=10, mean=0.4 (+/-0.32006).
P1: N=5, mean=0.4 (+/-0.48009).
P2: N=5, mean=0.4 (+/-0.48009).
Game Durations: N=10, mean=36.6 (+/-10.268561).
P1: N=5, mean=41.6 (+/-15.845401).
P2: N=5, mean=31.6 (+/-13.243878).
=====================================================
=====================================================
Completed 20 games.

Agent 1 (EntropySHUCTAnytime)
Winning score (between 0 and 1) : N=20, mean=0.5 (+/-0.224823).
P1: N=10, mean=0.5 (+/-0.32666).
P2: N=10, mean=0.5 (+/-0.32666).
Game Durations: N=20, mean=35.45 (+/-7.080277).
P1: N=10, mean=30.3 (+/-9.458711).
P2: N=10, mean=40.6 (+/-9.977632).

Agent 2 (SHUCTAnyTime)
Winning score (between 0 and 1) : N=20, mean=0.5 (+/-0.224823).
P1: N=10, mean=0.5 (+/-0.32666).
P2: N=10, mean=0.5 (+/-0.32666).
Game Durations: N=20, mean=35.45 (+/-7.080277).
P1: N=10, mean=40.6 (+/-9.977632).
P2: N=10, mean=30.3 (+/-9.458711).
=====================================================
=====================================================
Completed 30 games.

Agent 1 (EntropySHUCTAnytime)
Winning score (between 0 and 1) : N=30, mean=0.5 (+/-0.181978).
P1: N=15, mean=0.6 (+/-0.256619).
P2: N=15, mean=0.4 (+/-0.256619).
Game Durations: N=30, mean=32.466667 (+/-5.467198).
P1: N=15, mean=28.466667 (+/-6.500077).
P2: N=15, mean=36.466667 (+/-8.532269).

Agent 2 (SHUCTAnyTime)
Winning score (between 0 and 1) : N=30, mean=0.5 (+/-0.181978).
P1: N=15, mean=0.6 (+/-0.256619).
P2: N=15, mean=0.4 (+/-0.256619).
Game Durations: N=30, mean=32.466667 (+/-5.467198).
P1: N=15, mean=36.466667 (+/-8.532269).
P2: N=15, mean=28.466667 (+/-6.500077).
=====================================================
=====================================================
Completed 40 games.

Agent 1 (EntropySHUCTAnytime)
Winning score (between 0 and 1) : N=40, mean=0.525 (+/-0.156726).
P1: N=20, mean=0.7 (+/-0.206054).
P2: N=20, mean=0.35 (+/-0.214467).
Game Durations: N=40, mean=30.6 (+/-4.639067).
P1: N=20, mean=27.2 (+/-5.112137).
P2: N=20, mean=34 (+/-7.585564).

Agent 2 (SHUCTAnyTime)
Winning score (between 0 and 1) : N=40, mean=0.475 (+/-0.156726).
P1: N=20, mean=0.65 (+/-0.214467).
P2: N=20, mean=0.3 (+/-0.206054).
Game Durations: N=40, mean=30.6 (+/-4.639067).
P1: N=20, mean=34 (+/-7.585564).
P2: N=20, mean=27.2 (+/-5.112137).
=====================================================
=====================================================
Completed 50 games.

Agent 1 (EntropySHUCTAnytime)
Winning score (between 0 and 1) : N=50, mean=0.55 (+/-0.137881).
P1: N=25, mean=0.72 (+/-0.179633).
P2: N=25, mean=0.38 (+/-0.190025).
Game Durations: N=50, mean=29.42 (+/-4.15302).
P1: N=25, mean=25.6 (+/-4.378219).
P2: N=25, mean=33.24 (+/-6.825503).

Agent 2 (SHUCTAnyTime)
Winning score (between 0 and 1) : N=50, mean=0.45 (+/-0.137881).
P1: N=25, mean=0.62 (+/-0.190025).
P2: N=25, mean=0.28 (+/-0.179633).
Game Durations: N=50, mean=29.42 (+/-4.15302).
P1: N=25, mean=33.24 (+/-6.825503).
P2: N=25, mean=25.6 (+/-4.378219).
=====================================================
=====================================================
Completed 60 games.

Agent 1 (EntropySHUCTAnytime)
Winning score (between 0 and 1) : N=60, mean=0.566667 (+/-0.124279).
P1: N=30, mean=0.716667 (+/-0.160604).
P2: N=30, mean=0.416667 (+/-0.17633).
Game Durations: N=60, mean=30 (+/-3.808148).
P1: N=30, mean=27 (+/-4.493044).
P2: N=30, mean=33 (+/-6.03625).

Agent 2 (SHUCTAnyTime)
Winning score (between 0 and 1) : N=60, mean=0.433333 (+/-0.124279).
P1: N=30, mean=0.583333 (+/-0.17633).
P2: N=30, mean=0.283333 (+/-0.160604).
Game Durations: N=60, mean=30 (+/-3.808148).
P1: N=30, mean=33 (+/-6.03625).
P2: N=30, mean=27 (+/-4.493044).
=====================================================
=====================================================
Completed 70 games.

Agent 1 (EntropySHUCTAnytime)
Winning score (between 0 and 1) : N=70, mean=0.542857 (+/-0.115838).
P1: N=35, mean=0.671429 (+/-0.155301).
P2: N=35, mean=0.414286 (+/-0.163122).
Game Durations: N=70, mean=29.885714 (+/-3.505526).
P1: N=35, mean=26.857143 (+/-4.040875).
P2: N=35, mean=32.914286 (+/-5.610384).

Agent 2 (SHUCTAnyTime)
Winning score (between 0 and 1) : N=70, mean=0.457143 (+/-0.115838).
P1: N=35, mean=0.585714 (+/-0.163122).
P2: N=35, mean=0.328571 (+/-0.155301).
Game Durations: N=70, mean=29.885714 (+/-3.505526).
P1: N=35, mean=32.914286 (+/-5.610384).
P2: N=35, mean=26.857143 (+/-4.040875).
=====================================================
=====================================================
Completed 80 games.

Agent 1 (EntropySHUCTAnytime)
Winning score (between 0 and 1) : N=80, mean=0.5375 (+/-0.108555).
P1: N=40, mean=0.6875 (+/-0.143339).
P2: N=40, mean=0.3875 (+/-0.150872).
Game Durations: N=80, mean=28.775 (+/-3.181422).
P1: N=40, mean=25.95 (+/-3.702803).
P2: N=40, mean=31.6 (+/-5.071677).

Agent 2 (SHUCTAnyTime)
Winning score (between 0 and 1) : N=80, mean=0.4625 (+/-0.108555).
P1: N=40, mean=0.6125 (+/-0.150872).
P2: N=40, mean=0.3125 (+/-0.143339).
Game Durations: N=80, mean=28.775 (+/-3.181422).
P1: N=40, mean=31.6 (+/-5.071677).
P2: N=40, mean=25.95 (+/-3.702803).
=====================================================
=====================================================
Completed 90 games.

Agent 1 (EntropySHUCTAnytime)
Winning score (between 0 and 1) : N=90, mean=0.544444 (+/-0.102301).
P1: N=45, mean=0.677778 (+/-0.136316).
P2: N=45, mean=0.411111 (+/-0.143706).
Game Durations: N=90, mean=28.311111 (+/-2.951401).
P1: N=45, mean=26.266667 (+/-3.589965).
P2: N=45, mean=30.355556 (+/-4.649874).

Agent 2 (SHUCTAnyTime)
Winning score (between 0 and 1) : N=90, mean=0.455556 (+/-0.102301).
P1: N=45, mean=0.588889 (+/-0.143706).
P2: N=45, mean=0.322222 (+/-0.136316).
Game Durations: N=90, mean=28.311111 (+/-2.951401).
P1: N=45, mean=30.355556 (+/-4.649874).
P2: N=45, mean=26.266667 (+/-3.589965).
=====================================================
=====================================================
Completed 100 games.

Agent 1 (EntropySHUCTAnytime)
Winning score (between 0 and 1) : N=100, mean=0.56 (+/-0.096783).
P1: N=50, mean=0.69 (+/-0.127973).
P2: N=50, mean=0.43 (+/-0.137197).
Game Durations: N=100, mean=28.38 (+/-2.833383).
P1: N=50, mean=27.24 (+/-3.718577).
P2: N=50, mean=29.52 (+/-4.290492).

Agent 2 (SHUCTAnyTime)
Winning score (between 0 and 1) : N=100, mean=0.44 (+/-0.096783).
P1: N=50, mean=0.57 (+/-0.137197).
P2: N=50, mean=0.31 (+/-0.127973).
Game Durations: N=100, mean=28.38 (+/-2.833383).
P1: N=50, mean=29.52 (+/-4.290492).
P2: N=50, mean=27.24 (+/-3.718577).
=====================================================
