Warming up...
Finished warming up!
=====================================================
Completed 1 games.

Agent 1 (EntropySHUCTAnytime)
Winning score (between 0 and 1) : N=1, mean=0 (+/-0).
P1: N=0, mean=0 (+/-0).
P2: N=1, mean=0 (+/-0).
Game Durations: N=1, mean=75 (+/-0).
P1: N=0, mean=0 (+/-0).
P2: N=1, mean=75 (+/-0).

Agent 2 (SHUCTAnyTime)
Winning score (between 0 and 1) : N=1, mean=1 (+/-0).
P1: N=1, mean=1 (+/-0).
P2: N=0, mean=0 (+/-0).
Game Durations: N=1, mean=75 (+/-0).
P1: N=1, mean=75 (+/-0).
P2: N=0, mean=0 (+/-0).
=====================================================
=====================================================
Completed 2 games.

Agent 1 (EntropySHUCTAnytime)
Winning score (between 0 and 1) : N=2, mean=0.5 (+/-0.97998).
P1: N=1, mean=1 (+/-0).
P2: N=1, mean=0 (+/-0).
Game Durations: N=2, mean=74 (+/-1.95996).
P1: N=1, mean=73 (+/-0).
P2: N=1, mean=75 (+/-0).

Agent 2 (SHUCTAnyTime)
Winning score (between 0 and 1) : N=2, mean=0.5 (+/-0.97998).
P1: N=1, mean=1 (+/-0).
P2: N=1, mean=0 (+/-0).
Game Durations: N=2, mean=74 (+/-1.95996).
P1: N=1, mean=75 (+/-0).
P2: N=1, mean=73 (+/-0).
=====================================================
=====================================================
Completed 3 games.

Agent 1 (EntropySHUCTAnytime)
Winning score (between 0 and 1) : N=3, mean=0.666667 (+/-0.65332).
P1: N=1, mean=1 (+/-0).
P2: N=2, mean=0.5 (+/-0.97998).
Game Durations: N=3, mean=72.666667 (+/-2.847756).
P1: N=1, mean=73 (+/-0).
P2: N=2, mean=72.5 (+/-4.8999).

Agent 2 (SHUCTAnyTime)
Winning score (between 0 and 1) : N=3, mean=0.333333 (+/-0.65332).
P1: N=2, mean=0.5 (+/-0.97998).
P2: N=1, mean=0 (+/-0).
Game Durations: N=3, mean=72.666667 (+/-2.847756).
P1: N=2, mean=72.5 (+/-4.8999).
P2: N=1, mean=73 (+/-0).
=====================================================
=====================================================
Completed 4 games.

Agent 1 (EntropySHUCTAnytime)
Winning score (between 0 and 1) : N=4, mean=0.75 (+/-0.48999).
P1: N=2, mean=1 (+/-0).
P2: N=2, mean=0.5 (+/-0.97998).
Game Durations: N=4, mean=71.75 (+/-2.698654).
P1: N=2, mean=71 (+/-3.91992).
P2: N=2, mean=72.5 (+/-4.8999).

Agent 2 (SHUCTAnyTime)
Winning score (between 0 and 1) : N=4, mean=0.25 (+/-0.48999).
P1: N=2, mean=0.5 (+/-0.97998).
P2: N=2, mean=0 (+/-0).
Game Durations: N=4, mean=71.75 (+/-2.698654).
P1: N=2, mean=72.5 (+/-4.8999).
P2: N=2, mean=71 (+/-3.91992).
=====================================================
=====================================================
Completed 5 games.

Agent 1 (EntropySHUCTAnytime)
Winning score (between 0 and 1) : N=5, mean=0.8 (+/-0.391992).
P1: N=2, mean=1 (+/-0).
P2: N=3, mean=0.666667 (+/-0.65332).
Game Durations: N=5, mean=71.4 (+/-2.20005).
P1: N=2, mean=71 (+/-3.91992).
P2: N=3, mean=71.666667 (+/-3.2666).

Agent 2 (SHUCTAnyTime)
Winning score (between 0 and 1) : N=5, mean=0.2 (+/-0.391992).
P1: N=3, mean=0.333333 (+/-0.65332).
P2: N=2, mean=0 (+/-0).
Game Durations: N=5, mean=71.4 (+/-2.20005).
P1: N=3, mean=71.666667 (+/-3.2666).
P2: N=2, mean=71 (+/-3.91992).
=====================================================
=====================================================
Completed 10 games.

Agent 1 (EntropySHUCTAnytime)
Winning score (between 0 and 1) : N=10, mean=0.7 (+/-0.299389).
P1: N=5, mean=0.8 (+/-0.391992).
P2: N=5, mean=0.6 (+/-0.48009).
Game Durations: N=10, mean=70 (+/-2.355579).
P1: N=5, mean=71.2 (+/-2.509973).
P2: N=5, mean=68.8 (+/-3.987929).

Agent 2 (SHUCTAnyTime)
Winning score (between 0 and 1) : N=10, mean=0.3 (+/-0.299389).
P1: N=5, mean=0.4 (+/-0.48009).
P2: N=5, mean=0.2 (+/-0.391992).
Game Durations: N=10, mean=70 (+/-2.355579).
P1: N=5, mean=68.8 (+/-3.987929).
P2: N=5, mean=71.2 (+/-2.509973).
=====================================================
=====================================================
Completed 20 games.

Agent 1 (EntropySHUCTAnytime)
Winning score (between 0 and 1) : N=20, mean=0.6 (+/-0.22028).
P1: N=10, mean=0.6 (+/-0.32006).
P2: N=10, mean=0.6 (+/-0.32006).
Game Durations: N=20, mean=70 (+/-1.484512).
P1: N=10, mean=70 (+/-2.127056).
P2: N=10, mean=70 (+/-2.186427).

Agent 2 (SHUCTAnyTime)
Winning score (between 0 and 1) : N=20, mean=0.4 (+/-0.22028).
P1: N=10, mean=0.4 (+/-0.32006).
P2: N=10, mean=0.4 (+/-0.32006).
Game Durations: N=20, mean=70 (+/-1.484512).
P1: N=10, mean=70 (+/-2.186427).
P2: N=10, mean=70 (+/-2.127056).
=====================================================
=====================================================
Completed 30 games.

Agent 1 (EntropySHUCTAnytime)
Winning score (between 0 and 1) : N=30, mean=0.5 (+/-0.181978).
P1: N=15, mean=0.533333 (+/-0.261328).
P2: N=15, mean=0.466667 (+/-0.261328).
Game Durations: N=30, mean=69.933333 (+/-1.119553).
P1: N=15, mean=70 (+/-1.553905).
P2: N=15, mean=69.866667 (+/-1.666012).

Agent 2 (SHUCTAnyTime)
Winning score (between 0 and 1) : N=30, mean=0.5 (+/-0.181978).
P1: N=15, mean=0.533333 (+/-0.261328).
P2: N=15, mean=0.466667 (+/-0.261328).
Game Durations: N=30, mean=69.933333 (+/-1.119553).
P1: N=15, mean=69.866667 (+/-1.666012).
P2: N=15, mean=70 (+/-1.553905).
=====================================================
=====================================================
Completed 40 games.

Agent 1 (EntropySHUCTAnytime)
Winning score (between 0 and 1) : N=40, mean=0.55 (+/-0.156136).
P1: N=20, mean=0.55 (+/-0.223696).
P2: N=20, mean=0.55 (+/-0.223696).
Game Durations: N=40, mean=69.85 (+/-0.971272).
P1: N=20, mean=70.25 (+/-1.34048).
P2: N=20, mean=69.45 (+/-1.418167).

Agent 2 (SHUCTAnyTime)
Winning score (between 0 and 1) : N=40, mean=0.45 (+/-0.156136).
P1: N=20, mean=0.45 (+/-0.223696).
P2: N=20, mean=0.45 (+/-0.223696).
Game Durations: N=40, mean=69.85 (+/-0.971272).
P1: N=20, mean=69.45 (+/-1.418167).
P2: N=20, mean=70.25 (+/-1.34048).
=====================================================
=====================================================
Completed 50 games.

Agent 1 (EntropySHUCTAnytime)
Winning score (between 0 and 1) : N=50, mean=0.54 (+/-0.139548).
P1: N=25, mean=0.52 (+/-0.199877).
P2: N=25, mean=0.56 (+/-0.198592).
Game Durations: N=50, mean=69.68 (+/-0.837066).
P1: N=25, mean=70.12 (+/-1.177717).
P2: N=25, mean=69.24 (+/-1.188324).

Agent 2 (SHUCTAnyTime)
Winning score (between 0 and 1) : N=50, mean=0.46 (+/-0.139548).
P1: N=25, mean=0.44 (+/-0.198592).
P2: N=25, mean=0.48 (+/-0.199877).
Game Durations: N=50, mean=69.68 (+/-0.837066).
P1: N=25, mean=69.24 (+/-1.188324).
P2: N=25, mean=70.12 (+/-1.177717).
=====================================================
=====================================================
Completed 60 games.

Agent 1 (EntropySHUCTAnytime)
Winning score (between 0 and 1) : N=60, mean=0.483333 (+/-0.127512).
P1: N=30, mean=0.466667 (+/-0.181573).
P2: N=30, mean=0.5 (+/-0.181978).
Game Durations: N=60, mean=69.516667 (+/-0.784388).
P1: N=30, mean=69.933333 (+/-1.12349).
P2: N=30, mean=69.1 (+/-1.093281).

Agent 2 (SHUCTAnyTime)
Winning score (between 0 and 1) : N=60, mean=0.516667 (+/-0.127512).
P1: N=30, mean=0.5 (+/-0.181978).
P2: N=30, mean=0.533333 (+/-0.181573).
Game Durations: N=60, mean=69.516667 (+/-0.784388).
P1: N=30, mean=69.1 (+/-1.093281).
P2: N=30, mean=69.933333 (+/-1.12349).
=====================================================
=====================================================
Completed 70 games.

Agent 1 (EntropySHUCTAnytime)
Winning score (between 0 and 1) : N=70, mean=0.471429 (+/-0.117783).
P1: N=35, mean=0.4 (+/-0.16467).
P2: N=35, mean=0.542857 (+/-0.167447).
Game Durations: N=70, mean=69.371429 (+/-0.736673).
P1: N=35, mean=69.771429 (+/-1.101962).
P2: N=35, mean=68.971429 (+/-0.975806).

Agent 2 (SHUCTAnyTime)
Winning score (between 0 and 1) : N=70, mean=0.528571 (+/-0.117783).
P1: N=35, mean=0.457143 (+/-0.167447).
P2: N=35, mean=0.6 (+/-0.16467).
Game Durations: N=70, mean=69.371429 (+/-0.736673).
P1: N=35, mean=68.971429 (+/-0.975806).
P2: N=35, mean=69.771429 (+/-1.101962).
=====================================================
=====================================================
Completed 80 games.

Agent 1 (EntropySHUCTAnytime)
Winning score (between 0 and 1) : N=80, mean=0.4875 (+/-0.110222).
P1: N=40, mean=0.45 (+/-0.156136).
P2: N=40, mean=0.525 (+/-0.156726).
Game Durations: N=80, mean=69.3875 (+/-0.73591).
P1: N=40, mean=69.55 (+/-1.142304).
P2: N=40, mean=69.225 (+/-0.940193).

Agent 2 (SHUCTAnyTime)
Winning score (between 0 and 1) : N=80, mean=0.5125 (+/-0.110222).
P1: N=40, mean=0.475 (+/-0.156726).
P2: N=40, mean=0.55 (+/-0.156136).
Game Durations: N=80, mean=69.3875 (+/-0.73591).
P1: N=40, mean=69.225 (+/-0.940193).
P2: N=40, mean=69.55 (+/-1.142304).
=====================================================
=====================================================
Completed 90 games.

Agent 1 (EntropySHUCTAnytime)
Winning score (between 0 and 1) : N=90, mean=0.477778 (+/-0.103775).
P1: N=45, mean=0.444444 (+/-0.146823).
P2: N=45, mean=0.511111 (+/-0.147701).
Game Durations: N=90, mean=69.466667 (+/-0.688489).
P1: N=45, mean=69.555556 (+/-1.067271).
P2: N=45, mean=69.377778 (+/-0.881573).

Agent 2 (SHUCTAnyTime)
Winning score (between 0 and 1) : N=90, mean=0.522222 (+/-0.103775).
P1: N=45, mean=0.488889 (+/-0.147701).
P2: N=45, mean=0.555556 (+/-0.146823).
Game Durations: N=90, mean=69.466667 (+/-0.688489).
P1: N=45, mean=69.377778 (+/-0.881573).
P2: N=45, mean=69.555556 (+/-1.067271).
=====================================================
=====================================================
Completed 100 games.

Agent 1 (EntropySHUCTAnytime)
Winning score (between 0 and 1) : N=100, mean=0.51 (+/-0.098472).
P1: N=50, mean=0.5 (+/-0.139997).
P2: N=50, mean=0.52 (+/-0.139885).
Game Durations: N=100, mean=69.43 (+/-0.675659).
P1: N=50, mean=69.42 (+/-1.032705).
P2: N=50, mean=69.44 (+/-0.882155).

Agent 2 (SHUCTAnyTime)
Winning score (between 0 and 1) : N=100, mean=0.49 (+/-0.098472).
P1: N=50, mean=0.48 (+/-0.139885).
P2: N=50, mean=0.5 (+/-0.139997).
Game Durations: N=100, mean=69.43 (+/-0.675659).
P1: N=50, mean=69.44 (+/-0.882155).
P2: N=50, mean=69.42 (+/-1.032705).
=====================================================
