Warming up...
Finished warming up!
=====================================================
Completed 1 games.

Agent 1 (DoubleIterRegressionTreeSHUCTAny)
Winning score (between 0 and 1) : N=1, mean=0 (+/-0).
P1: N=0, mean=0 (+/-0).
P2: N=1, mean=0 (+/-0).
Game Durations: N=1, mean=174 (+/-0).
P1: N=0, mean=0 (+/-0).
P2: N=1, mean=174 (+/-0).

Agent 2 (SHUCTAnyTime)
Winning score (between 0 and 1) : N=1, mean=1 (+/-0).
P1: N=1, mean=1 (+/-0).
P2: N=0, mean=0 (+/-0).
Game Durations: N=1, mean=174 (+/-0).
P1: N=1, mean=174 (+/-0).
P2: N=0, mean=0 (+/-0).
=====================================================
=====================================================
Completed 2 games.

Agent 1 (DoubleIterRegressionTreeSHUCTAny)
Winning score (between 0 and 1) : N=2, mean=0 (+/-0).
P1: N=1, mean=0 (+/-0).
P2: N=1, mean=0 (+/-0).
Game Durations: N=2, mean=149 (+/-48.999).
P1: N=1, mean=124 (+/-0).
P2: N=1, mean=174 (+/-0).

Agent 2 (SHUCTAnyTime)
Winning score (between 0 and 1) : N=2, mean=1 (+/-0).
P1: N=1, mean=1 (+/-0).
P2: N=1, mean=1 (+/-0).
Game Durations: N=2, mean=149 (+/-48.999).
P1: N=1, mean=174 (+/-0).
P2: N=1, mean=124 (+/-0).
=====================================================
=====================================================
Completed 3 games.

Agent 1 (DoubleIterRegressionTreeSHUCTAny)
Winning score (between 0 and 1) : N=3, mean=0.333333 (+/-0.65332).
P1: N=1, mean=0 (+/-0).
P2: N=2, mean=0.5 (+/-0.97998).
Game Durations: N=3, mean=159.333333 (+/-34.791974).
P1: N=1, mean=124 (+/-0).
P2: N=2, mean=177 (+/-5.87988).

Agent 2 (SHUCTAnyTime)
Winning score (between 0 and 1) : N=3, mean=0.666667 (+/-0.65332).
P1: N=2, mean=0.5 (+/-0.97998).
P2: N=1, mean=1 (+/-0).
Game Durations: N=3, mean=159.333333 (+/-34.791974).
P1: N=2, mean=177 (+/-5.87988).
P2: N=1, mean=124 (+/-0).
=====================================================
=====================================================
Completed 4 games.

Agent 1 (DoubleIterRegressionTreeSHUCTAny)
Winning score (between 0 and 1) : N=4, mean=0.5 (+/-0.565792).
P1: N=2, mean=0.5 (+/-0.97998).
P2: N=2, mean=0.5 (+/-0.97998).
Game Durations: N=4, mean=152 (+/-28.492543).
P1: N=2, mean=127 (+/-5.87988).
P2: N=2, mean=177 (+/-5.87988).

Agent 2 (SHUCTAnyTime)
Winning score (between 0 and 1) : N=4, mean=0.5 (+/-0.565792).
P1: N=2, mean=0.5 (+/-0.97998).
P2: N=2, mean=0.5 (+/-0.97998).
Game Durations: N=4, mean=152 (+/-28.492543).
P1: N=2, mean=177 (+/-5.87988).
P2: N=2, mean=127 (+/-5.87988).
=====================================================
=====================================================
Completed 5 games.

Agent 1 (DoubleIterRegressionTreeSHUCTAny)
Winning score (between 0 and 1) : N=5, mean=0.6 (+/-0.48009).
P1: N=2, mean=0.5 (+/-0.97998).
P2: N=3, mean=0.666667 (+/-0.65332).
Game Durations: N=5, mean=144 (+/-27.073001).
P1: N=2, mean=127 (+/-5.87988).
P2: N=3, mean=155.333333 (+/-42.601273).

Agent 2 (SHUCTAnyTime)
Winning score (between 0 and 1) : N=5, mean=0.4 (+/-0.48009).
P1: N=3, mean=0.333333 (+/-0.65332).
P2: N=2, mean=0.5 (+/-0.97998).
Game Durations: N=5, mean=144 (+/-27.073001).
P1: N=3, mean=155.333333 (+/-42.601273).
P2: N=2, mean=127 (+/-5.87988).
=====================================================
=====================================================
Completed 10 games.

Agent 1 (DoubleIterRegressionTreeSHUCTAny)
Winning score (between 0 and 1) : N=10, mean=0.4 (+/-0.32006).
P1: N=5, mean=0.4 (+/-0.48009).
P2: N=5, mean=0.4 (+/-0.48009).
Game Durations: N=10, mean=155.4 (+/-15.76709).
P1: N=5, mean=152.8 (+/-22.264317).
P2: N=5, mean=158 (+/-24.698607).

Agent 2 (SHUCTAnyTime)
Winning score (between 0 and 1) : N=10, mean=0.6 (+/-0.32006).
P1: N=5, mean=0.6 (+/-0.48009).
P2: N=5, mean=0.6 (+/-0.48009).
Game Durations: N=10, mean=155.4 (+/-15.76709).
P1: N=5, mean=158 (+/-24.698607).
P2: N=5, mean=152.8 (+/-22.264317).
=====================================================
=====================================================
Completed 20 games.

Agent 1 (DoubleIterRegressionTreeSHUCTAny)
Winning score (between 0 and 1) : N=20, mean=0.4 (+/-0.22028).
P1: N=10, mean=0.4 (+/-0.32006).
P2: N=10, mean=0.4 (+/-0.32006).
Game Durations: N=20, mean=154.8 (+/-10.607826).
P1: N=10, mean=156 (+/-14.620362).
P2: N=10, mean=153.6 (+/-16.128405).

Agent 2 (SHUCTAnyTime)
Winning score (between 0 and 1) : N=20, mean=0.6 (+/-0.22028).
P1: N=10, mean=0.6 (+/-0.32006).
P2: N=10, mean=0.6 (+/-0.32006).
Game Durations: N=20, mean=154.8 (+/-10.607826).
P1: N=10, mean=153.6 (+/-16.128405).
P2: N=10, mean=156 (+/-14.620362).
=====================================================
=====================================================
Completed 30 games.

Agent 1 (DoubleIterRegressionTreeSHUCTAny)
Winning score (between 0 and 1) : N=30, mean=0.4 (+/-0.178301).
P1: N=15, mean=0.466667 (+/-0.261328).
P2: N=15, mean=0.333333 (+/-0.246932).
Game Durations: N=30, mean=157.266667 (+/-7.593762).
P1: N=15, mean=157.466667 (+/-10.542337).
P2: N=15, mean=157.066667 (+/-11.302031).

Agent 2 (SHUCTAnyTime)
Winning score (between 0 and 1) : N=30, mean=0.6 (+/-0.178301).
P1: N=15, mean=0.666667 (+/-0.246932).
P2: N=15, mean=0.533333 (+/-0.261328).
Game Durations: N=30, mean=157.266667 (+/-7.593762).
P1: N=15, mean=157.066667 (+/-11.302031).
P2: N=15, mean=157.466667 (+/-10.542337).
=====================================================
=====================================================
Completed 40 games.

Agent 1 (DoubleIterRegressionTreeSHUCTAny)
Winning score (between 0 and 1) : N=40, mean=0.425 (+/-0.155147).
P1: N=20, mean=0.45 (+/-0.223696).
P2: N=20, mean=0.4 (+/-0.22028).
Game Durations: N=40, mean=157.65 (+/-6.080636).
P1: N=20, mean=157.3 (+/-8.398991).
P2: N=20, mean=158 (+/-9.010881).

Agent 2 (SHUCTAnyTime)
Winning score (between 0 and 1) : N=40, mean=0.575 (+/-0.155147).
P1: N=20, mean=0.6 (+/-0.22028).
P2: N=20, mean=0.55 (+/-0.223696).
Game Durations: N=40, mean=157.65 (+/-6.080636).
P1: N=20, mean=158 (+/-9.010881).
P2: N=20, mean=157.3 (+/-8.398991).
=====================================================
=====================================================
Completed 50 games.

Agent 1 (DoubleIterRegressionTreeSHUCTAny)
Winning score (between 0 and 1) : N=50, mean=0.38 (+/-0.135905).
P1: N=25, mean=0.36 (+/-0.192036).
P2: N=25, mean=0.4 (+/-0.195996).
Game Durations: N=50, mean=157.12 (+/-5.188481).
P1: N=25, mean=155.6 (+/-7.192457).
P2: N=25, mean=158.64 (+/-7.579819).

Agent 2 (SHUCTAnyTime)
Winning score (between 0 and 1) : N=50, mean=0.62 (+/-0.135905).
P1: N=25, mean=0.6 (+/-0.195996).
P2: N=25, mean=0.64 (+/-0.192036).
Game Durations: N=50, mean=157.12 (+/-5.188481).
P1: N=25, mean=158.64 (+/-7.579819).
P2: N=25, mean=155.6 (+/-7.192457).
=====================================================
=====================================================
Completed 60 games.

Agent 1 (DoubleIterRegressionTreeSHUCTAny)
Winning score (between 0 and 1) : N=60, mean=0.383333 (+/-0.124061).
P1: N=30, mean=0.366667 (+/-0.175388).
P2: N=30, mean=0.4 (+/-0.178301).
Game Durations: N=60, mean=157.5 (+/-4.548933).
P1: N=30, mean=157.133333 (+/-6.252364).
P2: N=30, mean=157.866667 (+/-6.713462).

Agent 2 (SHUCTAnyTime)
Winning score (between 0 and 1) : N=60, mean=0.616667 (+/-0.124061).
P1: N=30, mean=0.6 (+/-0.178301).
P2: N=30, mean=0.633333 (+/-0.175388).
Game Durations: N=60, mean=157.5 (+/-4.548933).
P1: N=30, mean=157.866667 (+/-6.713462).
P2: N=30, mean=157.133333 (+/-6.252364).
=====================================================
=====================================================
Completed 70 games.

Agent 1 (DoubleIterRegressionTreeSHUCTAny)
Winning score (between 0 and 1) : N=70, mean=0.4 (+/-0.115592).
P1: N=35, mean=0.371429 (+/-0.162414).
P2: N=35, mean=0.428571 (+/-0.166341).
Game Durations: N=70, mean=157.971429 (+/-4.246746).
P1: N=35, mean=155.828571 (+/-5.948916).
P2: N=35, mean=160.114286 (+/-6.064081).

Agent 2 (SHUCTAnyTime)
Winning score (between 0 and 1) : N=70, mean=0.6 (+/-0.115592).
P1: N=35, mean=0.571429 (+/-0.166341).
P2: N=35, mean=0.628571 (+/-0.162414).
Game Durations: N=70, mean=157.971429 (+/-4.246746).
P1: N=35, mean=160.114286 (+/-6.064081).
P2: N=35, mean=155.828571 (+/-5.948916).
=====================================================
=====================================================
Completed 80 games.

Agent 1 (DoubleIterRegressionTreeSHUCTAny)
Winning score (between 0 and 1) : N=80, mean=0.425 (+/-0.109009).
P1: N=40, mean=0.4 (+/-0.153752).
P2: N=40, mean=0.45 (+/-0.156136).
Game Durations: N=80, mean=158.45 (+/-3.878126).
P1: N=40, mean=155.7 (+/-5.467659).
P2: N=40, mean=161.2 (+/-5.435589).

Agent 2 (SHUCTAnyTime)
Winning score (between 0 and 1) : N=80, mean=0.575 (+/-0.109009).
P1: N=40, mean=0.55 (+/-0.156136).
P2: N=40, mean=0.6 (+/-0.153752).
Game Durations: N=80, mean=158.45 (+/-3.878126).
P1: N=40, mean=161.2 (+/-5.435589).
P2: N=40, mean=155.7 (+/-5.467659).
=====================================================
=====================================================
Completed 90 games.

Agent 1 (DoubleIterRegressionTreeSHUCTAny)
Winning score (between 0 and 1) : N=90, mean=0.433333 (+/-0.10295).
P1: N=45, mean=0.422222 (+/-0.145939).
P2: N=45, mean=0.444444 (+/-0.146823).
Game Durations: N=90, mean=158.8 (+/-3.510348).
P1: N=45, mean=156.044444 (+/-4.982533).
P2: N=45, mean=161.555556 (+/-4.868143).

Agent 2 (SHUCTAnyTime)
Winning score (between 0 and 1) : N=90, mean=0.566667 (+/-0.10295).
P1: N=45, mean=0.555556 (+/-0.146823).
P2: N=45, mean=0.577778 (+/-0.145939).
Game Durations: N=90, mean=158.8 (+/-3.510348).
P1: N=45, mean=161.555556 (+/-4.868143).
P2: N=45, mean=156.044444 (+/-4.982533).
=====================================================
=====================================================
Completed 100 games.

Agent 1 (DoubleIterRegressionTreeSHUCTAny)
Winning score (between 0 and 1) : N=100, mean=0.42 (+/-0.097223).
P1: N=50, mean=0.42 (+/-0.138194).
P2: N=50, mean=0.42 (+/-0.138194).
Game Durations: N=100, mean=158.6 (+/-3.284133).
P1: N=50, mean=155.24 (+/-4.686392).
P2: N=50, mean=161.96 (+/-4.455328).

Agent 2 (SHUCTAnyTime)
Winning score (between 0 and 1) : N=100, mean=0.58 (+/-0.097223).
P1: N=50, mean=0.58 (+/-0.138194).
P2: N=50, mean=0.58 (+/-0.138194).
Game Durations: N=100, mean=158.6 (+/-3.284133).
P1: N=50, mean=161.96 (+/-4.455328).
P2: N=50, mean=155.24 (+/-4.686392).
=====================================================
