Warming up...
Finished warming up!
=====================================================
Completed 1 games.

Agent 1 (RegressionTreeSHUCTAny)
Winning score (between 0 and 1) : N=1, mean=0 (+/-0).
P1: N=0, mean=0 (+/-0).
P2: N=1, mean=0 (+/-0).
Game Durations: N=1, mean=73 (+/-0).
P1: N=0, mean=0 (+/-0).
P2: N=1, mean=73 (+/-0).

Agent 2 (SHUCTAnyTime)
Winning score (between 0 and 1) : N=1, mean=1 (+/-0).
P1: N=1, mean=1 (+/-0).
P2: N=0, mean=0 (+/-0).
Game Durations: N=1, mean=73 (+/-0).
P1: N=1, mean=73 (+/-0).
P2: N=0, mean=0 (+/-0).
=====================================================
=====================================================
Completed 2 games.

Agent 1 (RegressionTreeSHUCTAny)
Winning score (between 0 and 1) : N=2, mean=0.5 (+/-0.97998).
P1: N=1, mean=1 (+/-0).
P2: N=1, mean=0 (+/-0).
Game Durations: N=2, mean=72 (+/-1.95996).
P1: N=1, mean=71 (+/-0).
P2: N=1, mean=73 (+/-0).

Agent 2 (SHUCTAnyTime)
Winning score (between 0 and 1) : N=2, mean=0.5 (+/-0.97998).
P1: N=1, mean=1 (+/-0).
P2: N=1, mean=0 (+/-0).
Game Durations: N=2, mean=72 (+/-1.95996).
P1: N=1, mean=73 (+/-0).
P2: N=1, mean=71 (+/-0).
=====================================================
=====================================================
Completed 3 games.

Agent 1 (RegressionTreeSHUCTAny)
Winning score (between 0 and 1) : N=3, mean=0.666667 (+/-0.65332).
P1: N=1, mean=1 (+/-0).
P2: N=2, mean=0.5 (+/-0.97998).
Game Durations: N=3, mean=71.333333 (+/-1.728522).
P1: N=1, mean=71 (+/-0).
P2: N=2, mean=71.5 (+/-2.93994).

Agent 2 (SHUCTAnyTime)
Winning score (between 0 and 1) : N=3, mean=0.333333 (+/-0.65332).
P1: N=2, mean=0.5 (+/-0.97998).
P2: N=1, mean=0 (+/-0).
Game Durations: N=3, mean=71.333333 (+/-1.728522).
P1: N=2, mean=71.5 (+/-2.93994).
P2: N=1, mean=71 (+/-0).
=====================================================
=====================================================
Completed 4 games.

Agent 1 (RegressionTreeSHUCTAny)
Winning score (between 0 and 1) : N=4, mean=0.75 (+/-0.48999).
P1: N=2, mean=1 (+/-0).
P2: N=2, mean=0.5 (+/-0.97998).
Game Durations: N=4, mean=71.25 (+/-1.233114).
P1: N=2, mean=71 (+/-0).
P2: N=2, mean=71.5 (+/-2.93994).

Agent 2 (SHUCTAnyTime)
Winning score (between 0 and 1) : N=4, mean=0.25 (+/-0.48999).
P1: N=2, mean=0.5 (+/-0.97998).
P2: N=2, mean=0 (+/-0).
Game Durations: N=4, mean=71.25 (+/-1.233114).
P1: N=2, mean=71.5 (+/-2.93994).
P2: N=2, mean=71 (+/-0).
=====================================================
=====================================================
Completed 5 games.

Agent 1 (RegressionTreeSHUCTAny)
Winning score (between 0 and 1) : N=5, mean=0.8 (+/-0.391992).
P1: N=2, mean=1 (+/-0).
P2: N=3, mean=0.666667 (+/-0.65332).
Game Durations: N=5, mean=71.4 (+/-0.999387).
P1: N=2, mean=71 (+/-0).
P2: N=3, mean=71.666667 (+/-1.728522).

Agent 2 (SHUCTAnyTime)
Winning score (between 0 and 1) : N=5, mean=0.2 (+/-0.391992).
P1: N=3, mean=0.333333 (+/-0.65332).
P2: N=2, mean=0 (+/-0).
Game Durations: N=5, mean=71.4 (+/-0.999387).
P1: N=3, mean=71.666667 (+/-1.728522).
P2: N=2, mean=71 (+/-0).
=====================================================
=====================================================
Completed 10 games.

Agent 1 (RegressionTreeSHUCTAny)
Winning score (between 0 and 1) : N=10, mean=0.6 (+/-0.32006).
P1: N=5, mean=0.4 (+/-0.48009).
P2: N=5, mean=0.8 (+/-0.391992).
Game Durations: N=10, mean=70.5 (+/-1.022608).
P1: N=5, mean=69.6 (+/-1.32931).
P2: N=5, mean=71.4 (+/-1.175976).

Agent 2 (SHUCTAnyTime)
Winning score (between 0 and 1) : N=10, mean=0.4 (+/-0.32006).
P1: N=5, mean=0.2 (+/-0.391992).
P2: N=5, mean=0.6 (+/-0.48009).
Game Durations: N=10, mean=70.5 (+/-1.022608).
P1: N=5, mean=71.4 (+/-1.175976).
P2: N=5, mean=69.6 (+/-1.32931).
=====================================================
=====================================================
Completed 20 games.

Agent 1 (RegressionTreeSHUCTAny)
Winning score (between 0 and 1) : N=20, mean=0.45 (+/-0.223696).
P1: N=10, mean=0.5 (+/-0.32666).
P2: N=10, mean=0.4 (+/-0.32006).
Game Durations: N=20, mean=68.25 (+/-1.325311).
P1: N=10, mean=68.5 (+/-1.140974).
P2: N=10, mean=68 (+/-2.461898).

Agent 2 (SHUCTAnyTime)
Winning score (between 0 and 1) : N=20, mean=0.55 (+/-0.223696).
P1: N=10, mean=0.6 (+/-0.32006).
P2: N=10, mean=0.5 (+/-0.32666).
Game Durations: N=20, mean=68.25 (+/-1.325311).
P1: N=10, mean=68 (+/-2.461898).
P2: N=10, mean=68.5 (+/-1.140974).
=====================================================
=====================================================
Completed 30 games.

Agent 1 (RegressionTreeSHUCTAny)
Winning score (between 0 and 1) : N=30, mean=0.5 (+/-0.181978).
P1: N=15, mean=0.533333 (+/-0.261328).
P2: N=15, mean=0.466667 (+/-0.261328).
Game Durations: N=30, mean=68 (+/-1.087815).
P1: N=15, mean=68.666667 (+/-1.189381).
P2: N=15, mean=67.333333 (+/-1.801079).

Agent 2 (SHUCTAnyTime)
Winning score (between 0 and 1) : N=30, mean=0.5 (+/-0.181978).
P1: N=15, mean=0.533333 (+/-0.261328).
P2: N=15, mean=0.466667 (+/-0.261328).
Game Durations: N=30, mean=68 (+/-1.087815).
P1: N=15, mean=67.333333 (+/-1.801079).
P2: N=15, mean=68.666667 (+/-1.189381).
=====================================================
=====================================================
Completed 40 games.

Agent 1 (RegressionTreeSHUCTAny)
Winning score (between 0 and 1) : N=40, mean=0.475 (+/-0.156726).
P1: N=20, mean=0.5 (+/-0.224823).
P2: N=20, mean=0.45 (+/-0.223696).
Game Durations: N=40, mean=68.625 (+/-0.948537).
P1: N=20, mean=68.9 (+/-0.952782).
P2: N=20, mean=68.35 (+/-1.659887).

Agent 2 (SHUCTAnyTime)
Winning score (between 0 and 1) : N=40, mean=0.525 (+/-0.156726).
P1: N=20, mean=0.55 (+/-0.223696).
P2: N=20, mean=0.5 (+/-0.224823).
Game Durations: N=40, mean=68.625 (+/-0.948537).
P1: N=20, mean=68.35 (+/-1.659887).
P2: N=20, mean=68.9 (+/-0.952782).
=====================================================
=====================================================
Completed 50 games.

Agent 1 (RegressionTreeSHUCTAny)
Winning score (between 0 and 1) : N=50, mean=0.52 (+/-0.139885).
P1: N=25, mean=0.56 (+/-0.198592).
P2: N=25, mean=0.48 (+/-0.199877).
Game Durations: N=50, mean=68.94 (+/-0.9054).
P1: N=25, mean=69.12 (+/-0.914555).
P2: N=25, mean=68.76 (+/-1.581304).

Agent 2 (SHUCTAnyTime)
Winning score (between 0 and 1) : N=50, mean=0.48 (+/-0.139885).
P1: N=25, mean=0.52 (+/-0.199877).
P2: N=25, mean=0.44 (+/-0.198592).
Game Durations: N=50, mean=68.94 (+/-0.9054).
P1: N=25, mean=68.76 (+/-1.581304).
P2: N=25, mean=69.12 (+/-0.914555).
=====================================================
=====================================================
Completed 60 games.

Agent 1 (RegressionTreeSHUCTAny)
Winning score (between 0 and 1) : N=60, mean=0.5 (+/-0.127583).
P1: N=30, mean=0.566667 (+/-0.180353).
P2: N=30, mean=0.433333 (+/-0.180353).
Game Durations: N=60, mean=68.9 (+/-0.815863).
P1: N=30, mean=69.3 (+/-0.867151).
P2: N=30, mean=68.5 (+/-1.383509).

Agent 2 (SHUCTAnyTime)
Winning score (between 0 and 1) : N=60, mean=0.5 (+/-0.127583).
P1: N=30, mean=0.566667 (+/-0.180353).
P2: N=30, mean=0.433333 (+/-0.180353).
Game Durations: N=60, mean=68.9 (+/-0.815863).
P1: N=30, mean=68.5 (+/-1.383509).
P2: N=30, mean=69.3 (+/-0.867151).
=====================================================
=====================================================
Completed 70 games.

Agent 1 (RegressionTreeSHUCTAny)
Winning score (between 0 and 1) : N=70, mean=0.485714 (+/-0.117928).
P1: N=35, mean=0.571429 (+/-0.166341).
P2: N=35, mean=0.4 (+/-0.16467).
Game Durations: N=70, mean=68.814286 (+/-0.730299).
P1: N=35, mean=69.2 (+/-0.814677).
P2: N=35, mean=68.428571 (+/-1.211364).

Agent 2 (SHUCTAnyTime)
Winning score (between 0 and 1) : N=70, mean=0.514286 (+/-0.117928).
P1: N=35, mean=0.6 (+/-0.16467).
P2: N=35, mean=0.428571 (+/-0.166341).
Game Durations: N=70, mean=68.814286 (+/-0.730299).
P1: N=35, mean=68.428571 (+/-1.211364).
P2: N=35, mean=69.2 (+/-0.814677).
=====================================================
=====================================================
Completed 80 games.

Agent 1 (RegressionTreeSHUCTAny)
Winning score (between 0 and 1) : N=80, mean=0.4875 (+/-0.110222).
P1: N=40, mean=0.575 (+/-0.155147).
P2: N=40, mean=0.4 (+/-0.153752).
Game Durations: N=80, mean=68.5875 (+/-0.681179).
P1: N=40, mean=68.725 (+/-0.833279).
P2: N=40, mean=68.45 (+/-1.087077).

Agent 2 (SHUCTAnyTime)
Winning score (between 0 and 1) : N=80, mean=0.5125 (+/-0.110222).
P1: N=40, mean=0.6 (+/-0.153752).
P2: N=40, mean=0.425 (+/-0.155147).
Game Durations: N=80, mean=68.5875 (+/-0.681179).
P1: N=40, mean=68.45 (+/-1.087077).
P2: N=40, mean=68.725 (+/-0.833279).
=====================================================
=====================================================
Completed 90 games.

Agent 1 (RegressionTreeSHUCTAny)
Winning score (between 0 and 1) : N=90, mean=0.477778 (+/-0.103775).
P1: N=45, mean=0.577778 (+/-0.145939).
P2: N=45, mean=0.377778 (+/-0.143256).
Game Durations: N=90, mean=68.644444 (+/-0.64691).
P1: N=45, mean=68.977778 (+/-0.82988).
P2: N=45, mean=68.311111 (+/-0.992418).

Agent 2 (SHUCTAnyTime)
Winning score (between 0 and 1) : N=90, mean=0.522222 (+/-0.103775).
P1: N=45, mean=0.622222 (+/-0.143256).
P2: N=45, mean=0.422222 (+/-0.145939).
Game Durations: N=90, mean=68.644444 (+/-0.64691).
P1: N=45, mean=68.311111 (+/-0.992418).
P2: N=45, mean=68.977778 (+/-0.82988).
=====================================================
=====================================================
Completed 100 games.

Agent 1 (RegressionTreeSHUCTAny)
Winning score (between 0 and 1) : N=100, mean=0.47 (+/-0.098314).
P1: N=50, mean=0.56 (+/-0.138986).
P2: N=50, mean=0.38 (+/-0.135905).
Game Durations: N=100, mean=68.43 (+/-0.631733).
P1: N=50, mean=68.56 (+/-0.871426).
P2: N=50, mean=68.3 (+/-0.922283).

Agent 2 (SHUCTAnyTime)
Winning score (between 0 and 1) : N=100, mean=0.53 (+/-0.098314).
P1: N=50, mean=0.62 (+/-0.135905).
P2: N=50, mean=0.44 (+/-0.138986).
Game Durations: N=100, mean=68.43 (+/-0.631733).
P1: N=50, mean=68.3 (+/-0.922283).
P2: N=50, mean=68.56 (+/-0.871426).
=====================================================
