Warming up...
Finished warming up!
=====================================================
Completed 1 games.

Agent 1 (RegressionTreeSHUCTAny)
Winning score (between 0 and 1) : N=1, mean=0 (+/-0).
P1: N=1, mean=0 (+/-0).
P2: N=0, mean=0 (+/-0).
Game Durations: N=1, mean=70 (+/-0).
P1: N=1, mean=70 (+/-0).
P2: N=0, mean=0 (+/-0).

Agent 2 (SHUCTAnyTime)
Winning score (between 0 and 1) : N=1, mean=1 (+/-0).
P1: N=0, mean=0 (+/-0).
P2: N=1, mean=1 (+/-0).
Game Durations: N=1, mean=70 (+/-0).
P1: N=0, mean=0 (+/-0).
P2: N=1, mean=70 (+/-0).
=====================================================
=====================================================
Completed 2 games.

Agent 1 (RegressionTreeSHUCTAny)
Winning score (between 0 and 1) : N=2, mean=0.5 (+/-0.97998).
P1: N=1, mean=0 (+/-0).
P2: N=1, mean=1 (+/-0).
Game Durations: N=2, mean=71 (+/-1.95996).
P1: N=1, mean=70 (+/-0).
P2: N=1, mean=72 (+/-0).

Agent 2 (SHUCTAnyTime)
Winning score (between 0 and 1) : N=2, mean=0.5 (+/-0.97998).
P1: N=1, mean=0 (+/-0).
P2: N=1, mean=1 (+/-0).
Game Durations: N=2, mean=71 (+/-1.95996).
P1: N=1, mean=72 (+/-0).
P2: N=1, mean=70 (+/-0).
=====================================================
=====================================================
Completed 3 games.

Agent 1 (RegressionTreeSHUCTAny)
Winning score (between 0 and 1) : N=3, mean=0.333333 (+/-0.65332).
P1: N=2, mean=0 (+/-0).
P2: N=1, mean=1 (+/-0).
Game Durations: N=3, mean=69.333333 (+/-3.457044).
P1: N=2, mean=68 (+/-3.91992).
P2: N=1, mean=72 (+/-0).

Agent 2 (SHUCTAnyTime)
Winning score (between 0 and 1) : N=3, mean=0.666667 (+/-0.65332).
P1: N=1, mean=0 (+/-0).
P2: N=2, mean=1 (+/-0).
Game Durations: N=3, mean=69.333333 (+/-3.457044).
P1: N=1, mean=72 (+/-0).
P2: N=2, mean=68 (+/-3.91992).
=====================================================
=====================================================
Completed 4 games.

Agent 1 (RegressionTreeSHUCTAny)
Winning score (between 0 and 1) : N=4, mean=0.5 (+/-0.565792).
P1: N=2, mean=0 (+/-0).
P2: N=2, mean=1 (+/-0).
Game Durations: N=4, mean=67.5 (+/-4.345929).
P1: N=2, mean=68 (+/-3.91992).
P2: N=2, mean=67 (+/-9.7998).

Agent 2 (SHUCTAnyTime)
Winning score (between 0 and 1) : N=4, mean=0.5 (+/-0.565792).
P1: N=2, mean=0 (+/-0).
P2: N=2, mean=1 (+/-0).
Game Durations: N=4, mean=67.5 (+/-4.345929).
P1: N=2, mean=67 (+/-9.7998).
P2: N=2, mean=68 (+/-3.91992).
=====================================================
=====================================================
Completed 5 games.

Agent 1 (RegressionTreeSHUCTAny)
Winning score (between 0 and 1) : N=5, mean=0.4 (+/-0.48009).
P1: N=3, mean=0 (+/-0).
P2: N=2, mean=1 (+/-0).
Game Durations: N=5, mean=68 (+/-3.506083).
P1: N=3, mean=68.666667 (+/-2.61328).
P2: N=2, mean=67 (+/-9.7998).

Agent 2 (SHUCTAnyTime)
Winning score (between 0 and 1) : N=5, mean=0.6 (+/-0.48009).
P1: N=2, mean=0 (+/-0).
P2: N=3, mean=1 (+/-0).
Game Durations: N=5, mean=68 (+/-3.506083).
P1: N=2, mean=67 (+/-9.7998).
P2: N=3, mean=68.666667 (+/-2.61328).
=====================================================
=====================================================
Completed 10 games.

Agent 1 (RegressionTreeSHUCTAny)
Winning score (between 0 and 1) : N=10, mean=0.5 (+/-0.32666).
P1: N=5, mean=0.2 (+/-0.391992).
P2: N=5, mean=0.8 (+/-0.391992).
Game Durations: N=10, mean=69.4 (+/-2.910025).
P1: N=5, mean=70.6 (+/-2.880541).
P2: N=5, mean=68.2 (+/-5.200362).

Agent 2 (SHUCTAnyTime)
Winning score (between 0 and 1) : N=10, mean=0.5 (+/-0.32666).
P1: N=5, mean=0.2 (+/-0.391992).
P2: N=5, mean=0.8 (+/-0.391992).
Game Durations: N=10, mean=69.4 (+/-2.910025).
P1: N=5, mean=68.2 (+/-5.200362).
P2: N=5, mean=70.6 (+/-2.880541).
=====================================================
=====================================================
Completed 20 games.

Agent 1 (RegressionTreeSHUCTAny)
Winning score (between 0 and 1) : N=20, mean=0.7 (+/-0.206054).
P1: N=10, mean=0.6 (+/-0.32006).
P2: N=10, mean=0.8 (+/-0.261328).
Game Durations: N=20, mean=69.1 (+/-1.896524).
P1: N=10, mean=70.6 (+/-1.523791).
P2: N=10, mean=67.6 (+/-3.308148).

Agent 2 (SHUCTAnyTime)
Winning score (between 0 and 1) : N=20, mean=0.3 (+/-0.206054).
P1: N=10, mean=0.2 (+/-0.261328).
P2: N=10, mean=0.4 (+/-0.32006).
Game Durations: N=20, mean=69.1 (+/-1.896524).
P1: N=10, mean=67.6 (+/-3.308148).
P2: N=10, mean=70.6 (+/-1.523791).
=====================================================
=====================================================
Completed 30 games.

Agent 1 (RegressionTreeSHUCTAny)
Winning score (between 0 and 1) : N=30, mean=0.7 (+/-0.166785).
P1: N=15, mean=0.6 (+/-0.256619).
P2: N=15, mean=0.8 (+/-0.209529).
Game Durations: N=30, mean=68.8 (+/-1.438737).
P1: N=15, mean=69.8 (+/-1.712931).
P2: N=15, mean=67.8 (+/-2.256691).

Agent 2 (SHUCTAnyTime)
Winning score (between 0 and 1) : N=30, mean=0.3 (+/-0.166785).
P1: N=15, mean=0.2 (+/-0.209529).
P2: N=15, mean=0.4 (+/-0.256619).
Game Durations: N=30, mean=68.8 (+/-1.438737).
P1: N=15, mean=67.8 (+/-2.256691).
P2: N=15, mean=69.8 (+/-1.712931).
=====================================================
=====================================================
Completed 40 games.

Agent 1 (RegressionTreeSHUCTAny)
Winning score (between 0 and 1) : N=40, mean=0.7 (+/-0.143822).
P1: N=20, mean=0.55 (+/-0.223696).
P2: N=20, mean=0.85 (+/-0.160556).
Game Durations: N=40, mean=68.15 (+/-1.236704).
P1: N=20, mean=68.65 (+/-1.604139).
P2: N=20, mean=67.65 (+/-1.898522).

Agent 2 (SHUCTAnyTime)
Winning score (between 0 and 1) : N=40, mean=0.3 (+/-0.143822).
P1: N=20, mean=0.15 (+/-0.160556).
P2: N=20, mean=0.45 (+/-0.223696).
Game Durations: N=40, mean=68.15 (+/-1.236704).
P1: N=20, mean=67.65 (+/-1.898522).
P2: N=20, mean=68.65 (+/-1.604139).
=====================================================
=====================================================
Completed 50 games.

Agent 1 (RegressionTreeSHUCTAny)
Winning score (between 0 and 1) : N=50, mean=0.62 (+/-0.135905).
P1: N=25, mean=0.52 (+/-0.199877).
P2: N=25, mean=0.72 (+/-0.179633).
Game Durations: N=50, mean=68.08 (+/-1.071087).
P1: N=25, mean=68.2 (+/-1.475404).
P2: N=25, mean=67.96 (+/-1.582114).

Agent 2 (SHUCTAnyTime)
Winning score (between 0 and 1) : N=50, mean=0.38 (+/-0.135905).
P1: N=25, mean=0.28 (+/-0.179633).
P2: N=25, mean=0.48 (+/-0.199877).
Game Durations: N=50, mean=68.08 (+/-1.071087).
P1: N=25, mean=67.96 (+/-1.582114).
P2: N=25, mean=68.2 (+/-1.475404).
=====================================================
=====================================================
Completed 60 games.

Agent 1 (RegressionTreeSHUCTAny)
Winning score (between 0 and 1) : N=60, mean=0.6 (+/-0.125005).
P1: N=30, mean=0.533333 (+/-0.181573).
P2: N=30, mean=0.666667 (+/-0.17157).
Game Durations: N=60, mean=68.333333 (+/-0.942922).
P1: N=30, mean=68.2 (+/-1.27263).
P2: N=30, mean=68.466667 (+/-1.411889).

Agent 2 (SHUCTAnyTime)
Winning score (between 0 and 1) : N=60, mean=0.4 (+/-0.125005).
P1: N=30, mean=0.333333 (+/-0.17157).
P2: N=30, mean=0.466667 (+/-0.181573).
Game Durations: N=60, mean=68.333333 (+/-0.942922).
P1: N=30, mean=68.466667 (+/-1.411889).
P2: N=30, mean=68.2 (+/-1.27263).
=====================================================
=====================================================
Completed 70 games.

Agent 1 (RegressionTreeSHUCTAny)
Winning score (between 0 and 1) : N=70, mean=0.557143 (+/-0.117203).
P1: N=35, mean=0.485714 (+/-0.167997).
P2: N=35, mean=0.628571 (+/-0.162414).
Game Durations: N=70, mean=68.371429 (+/-0.86664).
P1: N=35, mean=68.428571 (+/-1.195268).
P2: N=35, mean=68.314286 (+/-1.272412).

Agent 2 (SHUCTAnyTime)
Winning score (between 0 and 1) : N=70, mean=0.442857 (+/-0.117203).
P1: N=35, mean=0.371429 (+/-0.162414).
P2: N=35, mean=0.514286 (+/-0.167997).
Game Durations: N=70, mean=68.371429 (+/-0.86664).
P1: N=35, mean=68.314286 (+/-1.272412).
P2: N=35, mean=68.428571 (+/-1.195268).
=====================================================
=====================================================
Completed 80 games.

Agent 1 (RegressionTreeSHUCTAny)
Winning score (between 0 and 1) : N=80, mean=0.5375 (+/-0.109946).
P1: N=40, mean=0.425 (+/-0.155147).
P2: N=40, mean=0.65 (+/-0.149694).
Game Durations: N=80, mean=68.2125 (+/-0.815967).
P1: N=40, mean=68.275 (+/-1.155246).
P2: N=40, mean=68.15 (+/-1.167043).

Agent 2 (SHUCTAnyTime)
Winning score (between 0 and 1) : N=80, mean=0.4625 (+/-0.109946).
P1: N=40, mean=0.35 (+/-0.149694).
P2: N=40, mean=0.575 (+/-0.155147).
Game Durations: N=80, mean=68.2125 (+/-0.815967).
P1: N=40, mean=68.15 (+/-1.167043).
P2: N=40, mean=68.275 (+/-1.155246).
=====================================================
=====================================================
Completed 90 games.

Agent 1 (RegressionTreeSHUCTAny)
Winning score (between 0 and 1) : N=90, mean=0.544444 (+/-0.103466).
P1: N=45, mean=0.466667 (+/-0.147409).
P2: N=45, mean=0.622222 (+/-0.143256).
Game Durations: N=90, mean=68.088889 (+/-0.770312).
P1: N=45, mean=68.244444 (+/-1.084582).
P2: N=45, mean=67.933333 (+/-1.104513).

Agent 2 (SHUCTAnyTime)
Winning score (between 0 and 1) : N=90, mean=0.455556 (+/-0.103466).
P1: N=45, mean=0.377778 (+/-0.143256).
P2: N=45, mean=0.533333 (+/-0.147409).
Game Durations: N=90, mean=68.088889 (+/-0.770312).
P1: N=45, mean=67.933333 (+/-1.104513).
P2: N=45, mean=68.244444 (+/-1.084582).
=====================================================
=====================================================
Completed 100 games.

Agent 1 (RegressionTreeSHUCTAny)
Winning score (between 0 and 1) : N=100, mean=0.52 (+/-0.098413).
P1: N=50, mean=0.46 (+/-0.139548).
P2: N=50, mean=0.58 (+/-0.138194).
Game Durations: N=100, mean=68.12 (+/-0.744003).
P1: N=50, mean=68.26 (+/-1.035313).
P2: N=50, mean=67.98 (+/-1.077873).

Agent 2 (SHUCTAnyTime)
Winning score (between 0 and 1) : N=100, mean=0.48 (+/-0.098413).
P1: N=50, mean=0.42 (+/-0.138194).
P2: N=50, mean=0.54 (+/-0.139548).
Game Durations: N=100, mean=68.12 (+/-0.744003).
P1: N=50, mean=67.98 (+/-1.077873).
P2: N=50, mean=68.26 (+/-1.035313).
=====================================================
