Warming up...
Finished warming up!
=====================================================
Completed 1 games.

Agent 1 (EntropySHUCTAnytime)
Winning score (between 0 and 1) : N=1, mean=1 (+/-0).
P1: N=1, mean=1 (+/-0).
P2: N=0, mean=0 (+/-0).
Game Durations: N=1, mean=51 (+/-0).
P1: N=1, mean=51 (+/-0).
P2: N=0, mean=0 (+/-0).

Agent 2 (Example UCT)
Winning score (between 0 and 1) : N=1, mean=0 (+/-0).
P1: N=0, mean=0 (+/-0).
P2: N=1, mean=0 (+/-0).
Game Durations: N=1, mean=51 (+/-0).
P1: N=0, mean=0 (+/-0).
P2: N=1, mean=51 (+/-0).
=====================================================
=====================================================
Completed 2 games.

Agent 1 (EntropySHUCTAnytime)
Winning score (between 0 and 1) : N=2, mean=0.5 (+/-0.97998).
P1: N=1, mean=1 (+/-0).
P2: N=1, mean=0 (+/-0).
Game Durations: N=2, mean=53 (+/-3.91992).
P1: N=1, mean=51 (+/-0).
P2: N=1, mean=55 (+/-0).

Agent 2 (Example UCT)
Winning score (between 0 and 1) : N=2, mean=0.5 (+/-0.97998).
P1: N=1, mean=1 (+/-0).
P2: N=1, mean=0 (+/-0).
Game Durations: N=2, mean=53 (+/-3.91992).
P1: N=1, mean=55 (+/-0).
P2: N=1, mean=51 (+/-0).
=====================================================
=====================================================
Completed 3 games.

Agent 1 (EntropySHUCTAnytime)
Winning score (between 0 and 1) : N=3, mean=0.666667 (+/-0.65332).
P1: N=2, mean=1 (+/-0).
P2: N=1, mean=0 (+/-0).
Game Durations: N=3, mean=63 (+/-19.729831).
P1: N=2, mean=67 (+/-31.35936).
P2: N=1, mean=55 (+/-0).

Agent 2 (Example UCT)
Winning score (between 0 and 1) : N=3, mean=0.333333 (+/-0.65332).
P1: N=1, mean=1 (+/-0).
P2: N=2, mean=0 (+/-0).
Game Durations: N=3, mean=63 (+/-19.729831).
P1: N=1, mean=55 (+/-0).
P2: N=2, mean=67 (+/-31.35936).
=====================================================
=====================================================
Completed 4 games.

Agent 1 (EntropySHUCTAnytime)
Winning score (between 0 and 1) : N=4, mean=0.75 (+/-0.48999).
P1: N=2, mean=1 (+/-0).
P2: N=2, mean=0.5 (+/-0.97998).
Game Durations: N=4, mean=59.25 (+/-15.768748).
P1: N=2, mean=67 (+/-31.35936).
P2: N=2, mean=51.5 (+/-6.85986).

Agent 2 (Example UCT)
Winning score (between 0 and 1) : N=4, mean=0.25 (+/-0.48999).
P1: N=2, mean=0.5 (+/-0.97998).
P2: N=2, mean=0 (+/-0).
Game Durations: N=4, mean=59.25 (+/-15.768748).
P1: N=2, mean=51.5 (+/-6.85986).
P2: N=2, mean=67 (+/-31.35936).
=====================================================
=====================================================
Completed 5 games.

Agent 1 (EntropySHUCTAnytime)
Winning score (between 0 and 1) : N=5, mean=0.6 (+/-0.48009).
P1: N=3, mean=0.666667 (+/-0.65332).
P2: N=2, mean=0.5 (+/-0.97998).
Game Durations: N=5, mean=55 (+/-14.784388).
P1: N=3, mean=57.333333 (+/-26.206195).
P2: N=2, mean=51.5 (+/-6.85986).

Agent 2 (Example UCT)
Winning score (between 0 and 1) : N=5, mean=0.4 (+/-0.48009).
P1: N=2, mean=0.5 (+/-0.97998).
P2: N=3, mean=0.333333 (+/-0.65332).
Game Durations: N=5, mean=55 (+/-14.784388).
P1: N=2, mean=51.5 (+/-6.85986).
P2: N=3, mean=57.333333 (+/-26.206195).
=====================================================
=====================================================
Completed 10 games.

Agent 1 (EntropySHUCTAnytime)
Winning score (between 0 and 1) : N=10, mean=0.6 (+/-0.32006).
P1: N=5, mean=0.6 (+/-0.48009).
P2: N=5, mean=0.6 (+/-0.48009).
Game Durations: N=10, mean=52.5 (+/-9.765987).
P1: N=5, mean=51.4 (+/-16.264126).
P2: N=5, mean=53.6 (+/-12.741248).

Agent 2 (Example UCT)
Winning score (between 0 and 1) : N=10, mean=0.4 (+/-0.32006).
P1: N=5, mean=0.4 (+/-0.48009).
P2: N=5, mean=0.4 (+/-0.48009).
Game Durations: N=10, mean=52.5 (+/-9.765987).
P1: N=5, mean=53.6 (+/-12.741248).
P2: N=5, mean=51.4 (+/-16.264126).
=====================================================
=====================================================
Completed 20 games.

Agent 1 (EntropySHUCTAnytime)
Winning score (between 0 and 1) : N=20, mean=0.5 (+/-0.224823).
P1: N=10, mean=0.5 (+/-0.32666).
P2: N=10, mean=0.5 (+/-0.32666).
Game Durations: N=20, mean=56.8 (+/-6.600149).
P1: N=10, mean=56.7 (+/-10.346617).
P2: N=10, mean=56.9 (+/-8.767399).

Agent 2 (Example UCT)
Winning score (between 0 and 1) : N=20, mean=0.5 (+/-0.224823).
P1: N=10, mean=0.5 (+/-0.32666).
P2: N=10, mean=0.5 (+/-0.32666).
Game Durations: N=20, mean=56.8 (+/-6.600149).
P1: N=10, mean=56.9 (+/-8.767399).
P2: N=10, mean=56.7 (+/-10.346617).
=====================================================
=====================================================
Completed 30 games.

Agent 1 (EntropySHUCTAnytime)
Winning score (between 0 and 1) : N=30, mean=0.5 (+/-0.181978).
P1: N=15, mean=0.466667 (+/-0.261328).
P2: N=15, mean=0.533333 (+/-0.261328).
Game Durations: N=30, mean=56.4 (+/-5.542489).
P1: N=15, mean=55.133333 (+/-8.823172).
P2: N=15, mean=57.666667 (+/-6.966802).

Agent 2 (Example UCT)
Winning score (between 0 and 1) : N=30, mean=0.5 (+/-0.181978).
P1: N=15, mean=0.466667 (+/-0.261328).
P2: N=15, mean=0.533333 (+/-0.261328).
Game Durations: N=30, mean=56.4 (+/-5.542489).
P1: N=15, mean=57.666667 (+/-6.966802).
P2: N=15, mean=55.133333 (+/-8.823172).
=====================================================
=====================================================
Completed 40 games.

Agent 1 (EntropySHUCTAnytime)
Winning score (between 0 and 1) : N=40, mean=0.5 (+/-0.156922).
P1: N=20, mean=0.5 (+/-0.224823).
P2: N=20, mean=0.5 (+/-0.224823).
Game Durations: N=40, mean=58.75 (+/-5.125744).
P1: N=20, mean=59.1 (+/-8.784677).
P2: N=20, mean=58.4 (+/-5.535209).

Agent 2 (Example UCT)
Winning score (between 0 and 1) : N=40, mean=0.5 (+/-0.156922).
P1: N=20, mean=0.5 (+/-0.224823).
P2: N=20, mean=0.5 (+/-0.224823).
Game Durations: N=40, mean=58.75 (+/-5.125744).
P1: N=20, mean=58.4 (+/-5.535209).
P2: N=20, mean=59.1 (+/-8.784677).
=====================================================
=====================================================
Completed 50 games.

Agent 1 (EntropySHUCTAnytime)
Winning score (between 0 and 1) : N=50, mean=0.54 (+/-0.139548).
P1: N=25, mean=0.52 (+/-0.199877).
P2: N=25, mean=0.56 (+/-0.198592).
Game Durations: N=50, mean=56.24 (+/-4.559201).
P1: N=25, mean=56.28 (+/-7.749091).
P2: N=25, mean=56.2 (+/-4.982823).

Agent 2 (Example UCT)
Winning score (between 0 and 1) : N=50, mean=0.46 (+/-0.139548).
P1: N=25, mean=0.44 (+/-0.198592).
P2: N=25, mean=0.48 (+/-0.199877).
Game Durations: N=50, mean=56.24 (+/-4.559201).
P1: N=25, mean=56.2 (+/-4.982823).
P2: N=25, mean=56.28 (+/-7.749091).
=====================================================
=====================================================
Completed 60 games.

Agent 1 (EntropySHUCTAnytime)
Winning score (between 0 and 1) : N=60, mean=0.516667 (+/-0.127512).
P1: N=30, mean=0.533333 (+/-0.181573).
P2: N=30, mean=0.5 (+/-0.181978).
Game Durations: N=60, mean=56.65 (+/-4.118321).
P1: N=30, mean=55.066667 (+/-6.929144).
P2: N=30, mean=58.233333 (+/-4.50941).

Agent 2 (Example UCT)
Winning score (between 0 and 1) : N=60, mean=0.483333 (+/-0.127512).
P1: N=30, mean=0.5 (+/-0.181978).
P2: N=30, mean=0.466667 (+/-0.181573).
Game Durations: N=60, mean=56.65 (+/-4.118321).
P1: N=30, mean=58.233333 (+/-4.50941).
P2: N=30, mean=55.066667 (+/-6.929144).
=====================================================
=====================================================
Completed 70 games.

Agent 1 (EntropySHUCTAnytime)
Winning score (between 0 and 1) : N=70, mean=0.528571 (+/-0.117783).
P1: N=35, mean=0.542857 (+/-0.167447).
P2: N=35, mean=0.514286 (+/-0.167997).
Game Durations: N=70, mean=56.028571 (+/-3.626065).
P1: N=35, mean=54.371429 (+/-6.0349).
P2: N=35, mean=57.685714 (+/-4.040578).

Agent 2 (Example UCT)
Winning score (between 0 and 1) : N=70, mean=0.471429 (+/-0.117783).
P1: N=35, mean=0.485714 (+/-0.167997).
P2: N=35, mean=0.457143 (+/-0.167447).
Game Durations: N=70, mean=56.028571 (+/-3.626065).
P1: N=35, mean=57.685714 (+/-4.040578).
P2: N=35, mean=54.371429 (+/-6.0349).
=====================================================
=====================================================
Completed 80 games.

Agent 1 (EntropySHUCTAnytime)
Winning score (between 0 and 1) : N=80, mean=0.525 (+/-0.110118).
P1: N=40, mean=0.525 (+/-0.156726).
P2: N=40, mean=0.525 (+/-0.156726).
Game Durations: N=80, mean=57.175 (+/-3.433698).
P1: N=40, mean=55.725 (+/-5.594448).
P2: N=40, mean=58.625 (+/-4.00671).

Agent 2 (Example UCT)
Winning score (between 0 and 1) : N=80, mean=0.475 (+/-0.110118).
P1: N=40, mean=0.475 (+/-0.156726).
P2: N=40, mean=0.475 (+/-0.156726).
Game Durations: N=80, mean=57.175 (+/-3.433698).
P1: N=40, mean=58.625 (+/-4.00671).
P2: N=40, mean=55.725 (+/-5.594448).
=====================================================
=====================================================
Completed 90 games.

Agent 1 (EntropySHUCTAnytime)
Winning score (between 0 and 1) : N=90, mean=0.522222 (+/-0.103775).
P1: N=45, mean=0.488889 (+/-0.147701).
P2: N=45, mean=0.555556 (+/-0.146823).
Game Durations: N=90, mean=58.4 (+/-3.248462).
P1: N=45, mean=57.777778 (+/-5.418257).
P2: N=45, mean=59.022222 (+/-3.642057).

Agent 2 (Example UCT)
Winning score (between 0 and 1) : N=90, mean=0.477778 (+/-0.103775).
P1: N=45, mean=0.444444 (+/-0.146823).
P2: N=45, mean=0.511111 (+/-0.147701).
Game Durations: N=90, mean=58.4 (+/-3.248462).
P1: N=45, mean=59.022222 (+/-3.642057).
P2: N=45, mean=57.777778 (+/-5.418257).
=====================================================
=====================================================
Completed 100 games.

Agent 1 (EntropySHUCTAnytime)
Winning score (between 0 and 1) : N=100, mean=0.54 (+/-0.098176).
P1: N=50, mean=0.5 (+/-0.139997).
P2: N=50, mean=0.58 (+/-0.138194).
Game Durations: N=100, mean=58.64 (+/-2.990065).
P1: N=50, mean=57.98 (+/-4.9306).
P2: N=50, mean=59.3 (+/-3.427501).

Agent 2 (Example UCT)
Winning score (between 0 and 1) : N=100, mean=0.46 (+/-0.098176).
P1: N=50, mean=0.42 (+/-0.138194).
P2: N=50, mean=0.5 (+/-0.139997).
Game Durations: N=100, mean=58.64 (+/-2.990065).
P1: N=50, mean=59.3 (+/-3.427501).
P2: N=50, mean=57.98 (+/-4.9306).
=====================================================
