Warming up...
Finished warming up!
=====================================================
Completed 1 games.

Agent 1 (RegressionTreeSHUCTAny)
Winning score (between 0 and 1) : N=1, mean=1 (+/-0).
P1: N=0, mean=0 (+/-0).
P2: N=1, mean=1 (+/-0).
Game Durations: N=1, mean=42 (+/-0).
P1: N=0, mean=0 (+/-0).
P2: N=1, mean=42 (+/-0).

Agent 2 (SHUCTAnyTime)
Winning score (between 0 and 1) : N=1, mean=0 (+/-0).
P1: N=1, mean=0 (+/-0).
P2: N=0, mean=0 (+/-0).
Game Durations: N=1, mean=42 (+/-0).
P1: N=1, mean=42 (+/-0).
P2: N=0, mean=0 (+/-0).
=====================================================
=====================================================
Completed 2 games.

Agent 1 (RegressionTreeSHUCTAny)
Winning score (between 0 and 1) : N=2, mean=0.5 (+/-0.97998).
P1: N=1, mean=0 (+/-0).
P2: N=1, mean=1 (+/-0).
Game Durations: N=2, mean=40 (+/-3.91992).
P1: N=1, mean=38 (+/-0).
P2: N=1, mean=42 (+/-0).

Agent 2 (SHUCTAnyTime)
Winning score (between 0 and 1) : N=2, mean=0.5 (+/-0.97998).
P1: N=1, mean=0 (+/-0).
P2: N=1, mean=1 (+/-0).
Game Durations: N=2, mean=40 (+/-3.91992).
P1: N=1, mean=42 (+/-0).
P2: N=1, mean=38 (+/-0).
=====================================================
=====================================================
Completed 3 games.

Agent 1 (RegressionTreeSHUCTAny)
Winning score (between 0 and 1) : N=3, mean=0.666667 (+/-0.65332).
P1: N=1, mean=0 (+/-0).
P2: N=2, mean=1 (+/-0).
Game Durations: N=3, mean=32.666667 (+/-14.550127).
P1: N=1, mean=38 (+/-0).
P2: N=2, mean=30 (+/-23.51952).

Agent 2 (SHUCTAnyTime)
Winning score (between 0 and 1) : N=3, mean=0.333333 (+/-0.65332).
P1: N=2, mean=0 (+/-0).
P2: N=1, mean=1 (+/-0).
Game Durations: N=3, mean=32.666667 (+/-14.550127).
P1: N=2, mean=30 (+/-23.51952).
P2: N=1, mean=38 (+/-0).
=====================================================
=====================================================
Completed 4 games.

Agent 1 (RegressionTreeSHUCTAny)
Winning score (between 0 and 1) : N=4, mean=0.75 (+/-0.48999).
P1: N=2, mean=0.5 (+/-0.97998).
P2: N=2, mean=1 (+/-0).
Game Durations: N=4, mean=28.75 (+/-12.836741).
P1: N=2, mean=27.5 (+/-20.57958).
P2: N=2, mean=30 (+/-23.51952).

Agent 2 (SHUCTAnyTime)
Winning score (between 0 and 1) : N=4, mean=0.25 (+/-0.48999).
P1: N=2, mean=0 (+/-0).
P2: N=2, mean=0.5 (+/-0.97998).
Game Durations: N=4, mean=28.75 (+/-12.836741).
P1: N=2, mean=30 (+/-23.51952).
P2: N=2, mean=27.5 (+/-20.57958).
=====================================================
=====================================================
Completed 5 games.

Agent 1 (RegressionTreeSHUCTAny)
Winning score (between 0 and 1) : N=5, mean=0.8 (+/-0.391992).
P1: N=2, mean=0.5 (+/-0.97998).
P2: N=3, mean=1 (+/-0).
Game Durations: N=5, mean=27.4 (+/-10.289323).
P1: N=2, mean=27.5 (+/-20.57958).
P2: N=3, mean=27.333333 (+/-14.550127).

Agent 2 (SHUCTAnyTime)
Winning score (between 0 and 1) : N=5, mean=0.2 (+/-0.391992).
P1: N=3, mean=0 (+/-0).
P2: N=2, mean=0.5 (+/-0.97998).
Game Durations: N=5, mean=27.4 (+/-10.289323).
P1: N=3, mean=27.333333 (+/-14.550127).
P2: N=2, mean=27.5 (+/-20.57958).
=====================================================
=====================================================
Completed 10 games.

Agent 1 (RegressionTreeSHUCTAny)
Winning score (between 0 and 1) : N=10, mean=0.6 (+/-0.32006).
P1: N=5, mean=0.6 (+/-0.48009).
P2: N=5, mean=0.6 (+/-0.48009).
Game Durations: N=10, mean=28.3 (+/-7.10919).
P1: N=5, mean=29.4 (+/-11.704096).
P2: N=5, mean=27.2 (+/-9.38737).

Agent 2 (SHUCTAnyTime)
Winning score (between 0 and 1) : N=10, mean=0.4 (+/-0.32006).
P1: N=5, mean=0.4 (+/-0.48009).
P2: N=5, mean=0.4 (+/-0.48009).
Game Durations: N=10, mean=28.3 (+/-7.10919).
P1: N=5, mean=27.2 (+/-9.38737).
P2: N=5, mean=29.4 (+/-11.704096).
=====================================================
=====================================================
Completed 20 games.

Agent 1 (RegressionTreeSHUCTAny)
Winning score (between 0 and 1) : N=20, mean=0.65 (+/-0.214467).
P1: N=10, mean=0.7 (+/-0.299389).
P2: N=10, mean=0.6 (+/-0.32006).
Game Durations: N=20, mean=33.35 (+/-5.657813).
P1: N=10, mean=34 (+/-8.049369).
P2: N=10, mean=32.7 (+/-8.366833).

Agent 2 (SHUCTAnyTime)
Winning score (between 0 and 1) : N=20, mean=0.35 (+/-0.214467).
P1: N=10, mean=0.4 (+/-0.32006).
P2: N=10, mean=0.3 (+/-0.299389).
Game Durations: N=20, mean=33.35 (+/-5.657813).
P1: N=10, mean=32.7 (+/-8.366833).
P2: N=10, mean=34 (+/-8.049369).
=====================================================
=====================================================
Completed 30 games.

Agent 1 (RegressionTreeSHUCTAny)
Winning score (between 0 and 1) : N=30, mean=0.633333 (+/-0.175388).
P1: N=15, mean=0.666667 (+/-0.246932).
P2: N=15, mean=0.6 (+/-0.256619).
Game Durations: N=30, mean=31.6 (+/-5.041889).
P1: N=15, mean=29 (+/-6.556491).
P2: N=15, mean=34.2 (+/-7.656159).

Agent 2 (SHUCTAnyTime)
Winning score (between 0 and 1) : N=30, mean=0.366667 (+/-0.175388).
P1: N=15, mean=0.4 (+/-0.256619).
P2: N=15, mean=0.333333 (+/-0.246932).
Game Durations: N=30, mean=31.6 (+/-5.041889).
P1: N=15, mean=34.2 (+/-7.656159).
P2: N=15, mean=29 (+/-6.556491).
=====================================================
=====================================================
Completed 40 games.

Agent 1 (RegressionTreeSHUCTAny)
Winning score (between 0 and 1) : N=40, mean=0.625 (+/-0.151939).
P1: N=20, mean=0.7 (+/-0.206054).
P2: N=20, mean=0.55 (+/-0.223696).
Game Durations: N=40, mean=30.875 (+/-4.549768).
P1: N=20, mean=26.95 (+/-5.45069).
P2: N=20, mean=34.8 (+/-7.002933).

Agent 2 (SHUCTAnyTime)
Winning score (between 0 and 1) : N=40, mean=0.375 (+/-0.151939).
P1: N=20, mean=0.45 (+/-0.223696).
P2: N=20, mean=0.3 (+/-0.206054).
Game Durations: N=40, mean=30.875 (+/-4.549768).
P1: N=20, mean=34.8 (+/-7.002933).
P2: N=20, mean=26.95 (+/-5.45069).
=====================================================
=====================================================
Completed 50 games.

Agent 1 (RegressionTreeSHUCTAny)
Winning score (between 0 and 1) : N=50, mean=0.58 (+/-0.138194).
P1: N=25, mean=0.6 (+/-0.195996).
P2: N=25, mean=0.56 (+/-0.198592).
Game Durations: N=50, mean=31.9 (+/-4.118201).
P1: N=25, mean=27.96 (+/-5.374104).
P2: N=25, mean=35.84 (+/-5.949891).

Agent 2 (SHUCTAnyTime)
Winning score (between 0 and 1) : N=50, mean=0.42 (+/-0.138194).
P1: N=25, mean=0.44 (+/-0.198592).
P2: N=25, mean=0.4 (+/-0.195996).
Game Durations: N=50, mean=31.9 (+/-4.118201).
P1: N=25, mean=35.84 (+/-5.949891).
P2: N=25, mean=27.96 (+/-5.374104).
=====================================================
=====================================================
Completed 60 games.

Agent 1 (RegressionTreeSHUCTAny)
Winning score (between 0 and 1) : N=60, mean=0.616667 (+/-0.124061).
P1: N=30, mean=0.633333 (+/-0.175388).
P2: N=30, mean=0.6 (+/-0.178301).
Game Durations: N=60, mean=33.1 (+/-3.753818).
P1: N=30, mean=30.066667 (+/-5.24646).
P2: N=30, mean=36.133333 (+/-5.231964).

Agent 2 (SHUCTAnyTime)
Winning score (between 0 and 1) : N=60, mean=0.383333 (+/-0.124061).
P1: N=30, mean=0.4 (+/-0.178301).
P2: N=30, mean=0.366667 (+/-0.175388).
Game Durations: N=60, mean=33.1 (+/-3.753818).
P1: N=30, mean=36.133333 (+/-5.231964).
P2: N=30, mean=30.066667 (+/-5.24646).
=====================================================
=====================================================
Completed 70 games.

Agent 1 (RegressionTreeSHUCTAny)
Winning score (between 0 and 1) : N=70, mean=0.628571 (+/-0.114009).
P1: N=35, mean=0.685714 (+/-0.156042).
P2: N=35, mean=0.571429 (+/-0.166341).
Game Durations: N=70, mean=32.571429 (+/-3.502354).
P1: N=35, mean=28.885714 (+/-4.705668).
P2: N=35, mean=36.257143 (+/-4.957271).

Agent 2 (SHUCTAnyTime)
Winning score (between 0 and 1) : N=70, mean=0.371429 (+/-0.114009).
P1: N=35, mean=0.428571 (+/-0.166341).
P2: N=35, mean=0.314286 (+/-0.156042).
Game Durations: N=70, mean=32.571429 (+/-3.502354).
P1: N=35, mean=36.257143 (+/-4.957271).
P2: N=35, mean=28.885714 (+/-4.705668).
=====================================================
=====================================================
Completed 80 games.

Agent 1 (RegressionTreeSHUCTAny)
Winning score (between 0 and 1) : N=80, mean=0.6 (+/-0.108029).
P1: N=40, mean=0.675 (+/-0.146997).
P2: N=40, mean=0.525 (+/-0.156726).
Game Durations: N=80, mean=31.7875 (+/-3.237239).
P1: N=40, mean=29 (+/-4.317505).
P2: N=40, mean=34.575 (+/-4.720672).

Agent 2 (SHUCTAnyTime)
Winning score (between 0 and 1) : N=80, mean=0.4 (+/-0.108029).
P1: N=40, mean=0.475 (+/-0.156726).
P2: N=40, mean=0.325 (+/-0.146997).
Game Durations: N=80, mean=31.7875 (+/-3.237239).
P1: N=40, mean=34.575 (+/-4.720672).
P2: N=40, mean=29 (+/-4.317505).
=====================================================
=====================================================
Completed 90 games.

Agent 1 (RegressionTreeSHUCTAny)
Winning score (between 0 and 1) : N=90, mean=0.588889 (+/-0.102223).
P1: N=45, mean=0.688889 (+/-0.13679).
P2: N=45, mean=0.488889 (+/-0.147701).
Game Durations: N=90, mean=31.222222 (+/-3.113987).
P1: N=45, mean=27.822222 (+/-4.004285).
P2: N=45, mean=34.622222 (+/-4.601698).

Agent 2 (SHUCTAnyTime)
Winning score (between 0 and 1) : N=90, mean=0.411111 (+/-0.102223).
P1: N=45, mean=0.511111 (+/-0.147701).
P2: N=45, mean=0.311111 (+/-0.13679).
Game Durations: N=90, mean=31.222222 (+/-3.113987).
P1: N=45, mean=34.622222 (+/-4.601698).
P2: N=45, mean=27.822222 (+/-4.004285).
=====================================================
=====================================================
Completed 100 games.

Agent 1 (RegressionTreeSHUCTAny)
Winning score (between 0 and 1) : N=100, mean=0.57 (+/-0.097522).
P1: N=50, mean=0.68 (+/-0.130611).
P2: N=50, mean=0.46 (+/-0.139548).
Game Durations: N=100, mean=31.27 (+/-2.911606).
P1: N=50, mean=28.5 (+/-3.757457).
P2: N=50, mean=34.04 (+/-4.351353).

Agent 2 (SHUCTAnyTime)
Winning score (between 0 and 1) : N=100, mean=0.43 (+/-0.097522).
P1: N=50, mean=0.54 (+/-0.139548).
P2: N=50, mean=0.32 (+/-0.130611).
Game Durations: N=100, mean=31.27 (+/-2.911606).
P1: N=50, mean=34.04 (+/-4.351353).
P2: N=50, mean=28.5 (+/-3.757457).
=====================================================
