Warming up...
Finished warming up!
=====================================================
Completed 1 games.

Agent 1 (EntropySHUCTAnytime)
Winning score (between 0 and 1) : N=1, mean=0 (+/-0).
P1: N=0, mean=0 (+/-0).
P2: N=1, mean=0 (+/-0).
Game Durations: N=1, mean=23 (+/-0).
P1: N=0, mean=0 (+/-0).
P2: N=1, mean=23 (+/-0).

Agent 2 (SHUCTAnyTime)
Winning score (between 0 and 1) : N=1, mean=1 (+/-0).
P1: N=1, mean=1 (+/-0).
P2: N=0, mean=0 (+/-0).
Game Durations: N=1, mean=23 (+/-0).
P1: N=1, mean=23 (+/-0).
P2: N=0, mean=0 (+/-0).
=====================================================
=====================================================
Completed 2 games.

Agent 1 (EntropySHUCTAnytime)
Winning score (between 0 and 1) : N=2, mean=0.5 (+/-0.97998).
P1: N=1, mean=1 (+/-0).
P2: N=1, mean=0 (+/-0).
Game Durations: N=2, mean=25 (+/-3.91992).
P1: N=1, mean=27 (+/-0).
P2: N=1, mean=23 (+/-0).

Agent 2 (SHUCTAnyTime)
Winning score (between 0 and 1) : N=2, mean=0.5 (+/-0.97998).
P1: N=1, mean=1 (+/-0).
P2: N=1, mean=0 (+/-0).
Game Durations: N=2, mean=25 (+/-3.91992).
P1: N=1, mean=23 (+/-0).
P2: N=1, mean=27 (+/-0).
=====================================================
=====================================================
Completed 3 games.

Agent 1 (EntropySHUCTAnytime)
Winning score (between 0 and 1) : N=3, mean=0.333333 (+/-0.65332).
P1: N=1, mean=1 (+/-0).
P2: N=2, mean=0 (+/-0).
Game Durations: N=3, mean=31.666667 (+/-13.260948).
P1: N=1, mean=27 (+/-0).
P2: N=2, mean=34 (+/-21.55956).

Agent 2 (SHUCTAnyTime)
Winning score (between 0 and 1) : N=3, mean=0.666667 (+/-0.65332).
P1: N=2, mean=1 (+/-0).
P2: N=1, mean=0 (+/-0).
Game Durations: N=3, mean=31.666667 (+/-13.260948).
P1: N=2, mean=34 (+/-21.55956).
P2: N=1, mean=27 (+/-0).
=====================================================
=====================================================
Completed 4 games.

Agent 1 (EntropySHUCTAnytime)
Winning score (between 0 and 1) : N=4, mean=0.5 (+/-0.565792).
P1: N=2, mean=1 (+/-0).
P2: N=2, mean=0 (+/-0).
Game Durations: N=4, mean=27.5 (+/-12.434552).
P1: N=2, mean=21 (+/-11.75976).
P2: N=2, mean=34 (+/-21.55956).

Agent 2 (SHUCTAnyTime)
Winning score (between 0 and 1) : N=4, mean=0.5 (+/-0.565792).
P1: N=2, mean=1 (+/-0).
P2: N=2, mean=0 (+/-0).
Game Durations: N=4, mean=27.5 (+/-12.434552).
P1: N=2, mean=34 (+/-21.55956).
P2: N=2, mean=21 (+/-11.75976).
=====================================================
=====================================================
Completed 5 games.

Agent 1 (EntropySHUCTAnytime)
Winning score (between 0 and 1) : N=5, mean=0.4 (+/-0.48009).
P1: N=2, mean=1 (+/-0).
P2: N=3, mean=0 (+/-0).
Game Durations: N=5, mean=26.2 (+/-9.963076).
P1: N=2, mean=21 (+/-11.75976).
P2: N=3, mean=29.666667 (+/-15.068908).

Agent 2 (SHUCTAnyTime)
Winning score (between 0 and 1) : N=5, mean=0.6 (+/-0.48009).
P1: N=3, mean=1 (+/-0).
P2: N=2, mean=0 (+/-0).
Game Durations: N=5, mean=26.2 (+/-9.963076).
P1: N=3, mean=29.666667 (+/-15.068908).
P2: N=2, mean=21 (+/-11.75976).
=====================================================
=====================================================
Completed 10 games.

Agent 1 (EntropySHUCTAnytime)
Winning score (between 0 and 1) : N=10, mean=0.6 (+/-0.32006).
P1: N=5, mean=1 (+/-0).
P2: N=5, mean=0.2 (+/-0.391992).
Game Durations: N=10, mean=25.9 (+/-6.377488).
P1: N=5, mean=25.8 (+/-9.159537).
P2: N=5, mean=26 (+/-9.955362).

Agent 2 (SHUCTAnyTime)
Winning score (between 0 and 1) : N=10, mean=0.4 (+/-0.32006).
P1: N=5, mean=0.8 (+/-0.391992).
P2: N=5, mean=0 (+/-0).
Game Durations: N=10, mean=25.9 (+/-6.377488).
P1: N=5, mean=26 (+/-9.955362).
P2: N=5, mean=25.8 (+/-9.159537).
=====================================================
=====================================================
Completed 20 games.

Agent 1 (EntropySHUCTAnytime)
Winning score (between 0 and 1) : N=20, mean=0.55 (+/-0.223696).
P1: N=10, mean=0.8 (+/-0.261328).
P2: N=10, mean=0.3 (+/-0.299389).
Game Durations: N=20, mean=28.65 (+/-5.06181).
P1: N=10, mean=28 (+/-6.675383).
P2: N=10, mean=29.3 (+/-7.953618).

Agent 2 (SHUCTAnyTime)
Winning score (between 0 and 1) : N=20, mean=0.45 (+/-0.223696).
P1: N=10, mean=0.7 (+/-0.299389).
P2: N=10, mean=0.2 (+/-0.261328).
Game Durations: N=20, mean=28.65 (+/-5.06181).
P1: N=10, mean=29.3 (+/-7.953618).
P2: N=10, mean=28 (+/-6.675383).
=====================================================
=====================================================
Completed 30 games.

Agent 1 (EntropySHUCTAnytime)
Winning score (between 0 and 1) : N=30, mean=0.533333 (+/-0.181573).
P1: N=15, mean=0.666667 (+/-0.246932).
P2: N=15, mean=0.4 (+/-0.256619).
Game Durations: N=30, mean=28.9 (+/-4.959552).
P1: N=15, mean=30.933333 (+/-7.473021).
P2: N=15, mean=26.866667 (+/-6.617218).

Agent 2 (SHUCTAnyTime)
Winning score (between 0 and 1) : N=30, mean=0.466667 (+/-0.181573).
P1: N=15, mean=0.6 (+/-0.256619).
P2: N=15, mean=0.333333 (+/-0.246932).
Game Durations: N=30, mean=28.9 (+/-4.959552).
P1: N=15, mean=26.866667 (+/-6.617218).
P2: N=15, mean=30.933333 (+/-7.473021).
=====================================================
=====================================================
Completed 40 games.

Agent 1 (EntropySHUCTAnytime)
Winning score (between 0 and 1) : N=40, mean=0.5 (+/-0.156922).
P1: N=20, mean=0.65 (+/-0.214467).
P2: N=20, mean=0.35 (+/-0.214467).
Game Durations: N=40, mean=28.3 (+/-3.848408).
P1: N=20, mean=30.15 (+/-5.845869).
P2: N=20, mean=26.45 (+/-5.024124).

Agent 2 (SHUCTAnyTime)
Winning score (between 0 and 1) : N=40, mean=0.5 (+/-0.156922).
P1: N=20, mean=0.65 (+/-0.214467).
P2: N=20, mean=0.35 (+/-0.214467).
Game Durations: N=40, mean=28.3 (+/-3.848408).
P1: N=20, mean=26.45 (+/-5.024124).
P2: N=20, mean=30.15 (+/-5.845869).
=====================================================
=====================================================
Completed 50 games.

Agent 1 (EntropySHUCTAnytime)
Winning score (between 0 and 1) : N=50, mean=0.54 (+/-0.139548).
P1: N=25, mean=0.68 (+/-0.186626).
P2: N=25, mean=0.4 (+/-0.195996).
Game Durations: N=50, mean=29.14 (+/-3.51011).
P1: N=25, mean=31.52 (+/-5.547206).
P2: N=25, mean=26.76 (+/-4.21016).

Agent 2 (SHUCTAnyTime)
Winning score (between 0 and 1) : N=50, mean=0.46 (+/-0.139548).
P1: N=25, mean=0.6 (+/-0.195996).
P2: N=25, mean=0.32 (+/-0.186626).
Game Durations: N=50, mean=29.14 (+/-3.51011).
P1: N=25, mean=26.76 (+/-4.21016).
P2: N=25, mean=31.52 (+/-5.547206).
=====================================================
=====================================================
Completed 60 games.

Agent 1 (EntropySHUCTAnytime)
Winning score (between 0 and 1) : N=60, mean=0.5 (+/-0.127583).
P1: N=30, mean=0.633333 (+/-0.175388).
P2: N=30, mean=0.366667 (+/-0.175388).
Game Durations: N=60, mean=29.233333 (+/-3.174171).
P1: N=30, mean=31.066667 (+/-4.776868).
P2: N=30, mean=27.4 (+/-4.157809).

Agent 2 (SHUCTAnyTime)
Winning score (between 0 and 1) : N=60, mean=0.5 (+/-0.127583).
P1: N=30, mean=0.633333 (+/-0.175388).
P2: N=30, mean=0.366667 (+/-0.175388).
Game Durations: N=60, mean=29.233333 (+/-3.174171).
P1: N=30, mean=27.4 (+/-4.157809).
P2: N=30, mean=31.066667 (+/-4.776868).
=====================================================
=====================================================
Completed 70 games.

Agent 1 (EntropySHUCTAnytime)
Winning score (between 0 and 1) : N=70, mean=0.514286 (+/-0.117928).
P1: N=35, mean=0.628571 (+/-0.162414).
P2: N=35, mean=0.4 (+/-0.16467).
Game Durations: N=70, mean=28.128571 (+/-2.846523).
P1: N=35, mean=30.142857 (+/-4.245781).
P2: N=35, mean=26.114286 (+/-3.734157).

Agent 2 (SHUCTAnyTime)
Winning score (between 0 and 1) : N=70, mean=0.485714 (+/-0.117928).
P1: N=35, mean=0.6 (+/-0.16467).
P2: N=35, mean=0.371429 (+/-0.162414).
Game Durations: N=70, mean=28.128571 (+/-2.846523).
P1: N=35, mean=26.114286 (+/-3.734157).
P2: N=35, mean=30.142857 (+/-4.245781).
=====================================================
=====================================================
Completed 80 games.

Agent 1 (EntropySHUCTAnytime)
Winning score (between 0 and 1) : N=80, mean=0.5 (+/-0.110256).
P1: N=40, mean=0.575 (+/-0.155147).
P2: N=40, mean=0.425 (+/-0.155147).
Game Durations: N=80, mean=28.125 (+/-2.552947).
P1: N=40, mean=29.85 (+/-3.823597).
P2: N=40, mean=26.4 (+/-3.346386).

Agent 2 (SHUCTAnyTime)
Winning score (between 0 and 1) : N=80, mean=0.5 (+/-0.110256).
P1: N=40, mean=0.575 (+/-0.155147).
P2: N=40, mean=0.425 (+/-0.155147).
Game Durations: N=80, mean=28.125 (+/-2.552947).
P1: N=40, mean=26.4 (+/-3.346386).
P2: N=40, mean=29.85 (+/-3.823597).
=====================================================
=====================================================
Completed 90 games.

Agent 1 (EntropySHUCTAnytime)
Winning score (between 0 and 1) : N=90, mean=0.488889 (+/-0.103852).
P1: N=45, mean=0.555556 (+/-0.146823).
P2: N=45, mean=0.422222 (+/-0.145939).
Game Durations: N=90, mean=27.811111 (+/-2.386303).
P1: N=45, mean=29.155556 (+/-3.498303).
P2: N=45, mean=26.466667 (+/-3.237726).

Agent 2 (SHUCTAnyTime)
Winning score (between 0 and 1) : N=90, mean=0.511111 (+/-0.103852).
P1: N=45, mean=0.577778 (+/-0.145939).
P2: N=45, mean=0.444444 (+/-0.146823).
Game Durations: N=90, mean=27.811111 (+/-2.386303).
P1: N=45, mean=26.466667 (+/-3.237726).
P2: N=45, mean=29.155556 (+/-3.498303).
=====================================================
=====================================================
Completed 100 games.

Agent 1 (EntropySHUCTAnytime)
Winning score (between 0 and 1) : N=100, mean=0.51 (+/-0.098472).
P1: N=50, mean=0.54 (+/-0.139548).
P2: N=50, mean=0.48 (+/-0.139885).
Game Durations: N=100, mean=27.57 (+/-2.231093).
P1: N=50, mean=28.92 (+/-3.216811).
P2: N=50, mean=26.22 (+/-3.079066).

Agent 2 (SHUCTAnyTime)
Winning score (between 0 and 1) : N=100, mean=0.49 (+/-0.098472).
P1: N=50, mean=0.52 (+/-0.139885).
P2: N=50, mean=0.46 (+/-0.139548).
Game Durations: N=100, mean=27.57 (+/-2.231093).
P1: N=50, mean=26.22 (+/-3.079066).
P2: N=50, mean=28.92 (+/-3.216811).
=====================================================
