Warming up...
Finished warming up!
=====================================================
Completed 1 games.

Agent 1 (EntropySHUCTAnytime)
Winning score (between 0 and 1) : N=1, mean=0 (+/-0).
P1: N=0, mean=0 (+/-0).
P2: N=1, mean=0 (+/-0).
Game Durations: N=1, mean=33 (+/-0).
P1: N=0, mean=0 (+/-0).
P2: N=1, mean=33 (+/-0).

Agent 2 (SHUCTAnyTime)
Winning score (between 0 and 1) : N=1, mean=1 (+/-0).
P1: N=1, mean=1 (+/-0).
P2: N=0, mean=0 (+/-0).
Game Durations: N=1, mean=33 (+/-0).
P1: N=1, mean=33 (+/-0).
P2: N=0, mean=0 (+/-0).
=====================================================
=====================================================
Completed 2 games.

Agent 1 (EntropySHUCTAnytime)
Winning score (between 0 and 1) : N=2, mean=0 (+/-0).
P1: N=1, mean=0 (+/-0).
P2: N=1, mean=0 (+/-0).
Game Durations: N=2, mean=32.5 (+/-0.97998).
P1: N=1, mean=32 (+/-0).
P2: N=1, mean=33 (+/-0).

Agent 2 (SHUCTAnyTime)
Winning score (between 0 and 1) : N=2, mean=1 (+/-0).
P1: N=1, mean=1 (+/-0).
P2: N=1, mean=1 (+/-0).
Game Durations: N=2, mean=32.5 (+/-0.97998).
P1: N=1, mean=33 (+/-0).
P2: N=1, mean=32 (+/-0).
=====================================================
=====================================================
Completed 3 games.

Agent 1 (EntropySHUCTAnytime)
Winning score (between 0 and 1) : N=3, mean=0.333333 (+/-0.65332).
P1: N=1, mean=0 (+/-0).
P2: N=2, mean=0.5 (+/-0.97998).
Game Durations: N=3, mean=26.333333 (+/-12.099656).
P1: N=1, mean=32 (+/-0).
P2: N=2, mean=23.5 (+/-18.61962).

Agent 2 (SHUCTAnyTime)
Winning score (between 0 and 1) : N=3, mean=0.666667 (+/-0.65332).
P1: N=2, mean=0.5 (+/-0.97998).
P2: N=1, mean=1 (+/-0).
Game Durations: N=3, mean=26.333333 (+/-12.099656).
P1: N=2, mean=23.5 (+/-18.61962).
P2: N=1, mean=32 (+/-0).
=====================================================
=====================================================
Completed 4 games.

Agent 1 (EntropySHUCTAnytime)
Winning score (between 0 and 1) : N=4, mean=0.5 (+/-0.565792).
P1: N=2, mean=0.5 (+/-0.97998).
P2: N=2, mean=0.5 (+/-0.97998).
Game Durations: N=4, mean=26.5 (+/-8.561982).
P1: N=2, mean=29.5 (+/-4.8999).
P2: N=2, mean=23.5 (+/-18.61962).

Agent 2 (SHUCTAnyTime)
Winning score (between 0 and 1) : N=4, mean=0.5 (+/-0.565792).
P1: N=2, mean=0.5 (+/-0.97998).
P2: N=2, mean=0.5 (+/-0.97998).
Game Durations: N=4, mean=26.5 (+/-8.561982).
P1: N=2, mean=23.5 (+/-18.61962).
P2: N=2, mean=29.5 (+/-4.8999).
=====================================================
=====================================================
Completed 5 games.

Agent 1 (EntropySHUCTAnytime)
Winning score (between 0 and 1) : N=5, mean=0.6 (+/-0.48009).
P1: N=2, mean=0.5 (+/-0.97998).
P2: N=3, mean=0.666667 (+/-0.65332).
Game Durations: N=5, mean=26.4 (+/-6.634978).
P1: N=2, mean=29.5 (+/-4.8999).
P2: N=3, mean=24.333333 (+/-10.873412).

Agent 2 (SHUCTAnyTime)
Winning score (between 0 and 1) : N=5, mean=0.4 (+/-0.48009).
P1: N=3, mean=0.333333 (+/-0.65332).
P2: N=2, mean=0.5 (+/-0.97998).
Game Durations: N=5, mean=26.4 (+/-6.634978).
P1: N=3, mean=24.333333 (+/-10.873412).
P2: N=2, mean=29.5 (+/-4.8999).
=====================================================
=====================================================
Completed 10 games.

Agent 1 (EntropySHUCTAnytime)
Winning score (between 0 and 1) : N=10, mean=0.4 (+/-0.32006).
P1: N=5, mean=0.4 (+/-0.48009).
P2: N=5, mean=0.4 (+/-0.48009).
Game Durations: N=10, mean=34 (+/-9.641728).
P1: N=5, mean=38.6 (+/-14.384023).
P2: N=5, mean=29.4 (+/-13.068686).

Agent 2 (SHUCTAnyTime)
Winning score (between 0 and 1) : N=10, mean=0.6 (+/-0.32006).
P1: N=5, mean=0.6 (+/-0.48009).
P2: N=5, mean=0.6 (+/-0.48009).
Game Durations: N=10, mean=34 (+/-9.641728).
P1: N=5, mean=29.4 (+/-13.068686).
P2: N=5, mean=38.6 (+/-14.384023).
=====================================================
=====================================================
Completed 20 games.

Agent 1 (EntropySHUCTAnytime)
Winning score (between 0 and 1) : N=20, mean=0.5 (+/-0.224823).
P1: N=10, mean=0.4 (+/-0.32006).
P2: N=10, mean=0.6 (+/-0.32006).
Game Durations: N=20, mean=31.7 (+/-6.49127).
P1: N=10, mean=35.4 (+/-10.193467).
P2: N=10, mean=28 (+/-7.894096).

Agent 2 (SHUCTAnyTime)
Winning score (between 0 and 1) : N=20, mean=0.5 (+/-0.224823).
P1: N=10, mean=0.4 (+/-0.32006).
P2: N=10, mean=0.6 (+/-0.32006).
Game Durations: N=20, mean=31.7 (+/-6.49127).
P1: N=10, mean=28 (+/-7.894096).
P2: N=10, mean=35.4 (+/-10.193467).
=====================================================
=====================================================
Completed 30 games.

Agent 1 (EntropySHUCTAnytime)
Winning score (between 0 and 1) : N=30, mean=0.533333 (+/-0.181573).
P1: N=15, mean=0.466667 (+/-0.261328).
P2: N=15, mean=0.6 (+/-0.256619).
Game Durations: N=30, mean=29.5 (+/-4.826356).
P1: N=15, mean=32.333333 (+/-7.95948).
P2: N=15, mean=26.666667 (+/-5.36132).

Agent 2 (SHUCTAnyTime)
Winning score (between 0 and 1) : N=30, mean=0.466667 (+/-0.181573).
P1: N=15, mean=0.4 (+/-0.256619).
P2: N=15, mean=0.533333 (+/-0.261328).
Game Durations: N=30, mean=29.5 (+/-4.826356).
P1: N=15, mean=26.666667 (+/-5.36132).
P2: N=15, mean=32.333333 (+/-7.95948).
=====================================================
=====================================================
Completed 40 games.

Agent 1 (EntropySHUCTAnytime)
Winning score (between 0 and 1) : N=40, mean=0.5 (+/-0.156922).
P1: N=20, mean=0.55 (+/-0.223696).
P2: N=20, mean=0.45 (+/-0.223696).
Game Durations: N=40, mean=28.55 (+/-3.851446).
P1: N=20, mean=29.55 (+/-6.327834).
P2: N=20, mean=27.55 (+/-4.522181).

Agent 2 (SHUCTAnyTime)
Winning score (between 0 and 1) : N=40, mean=0.5 (+/-0.156922).
P1: N=20, mean=0.55 (+/-0.223696).
P2: N=20, mean=0.45 (+/-0.223696).
Game Durations: N=40, mean=28.55 (+/-3.851446).
P1: N=20, mean=27.55 (+/-4.522181).
P2: N=20, mean=29.55 (+/-6.327834).
=====================================================
=====================================================
Completed 50 games.

Agent 1 (EntropySHUCTAnytime)
Winning score (between 0 and 1) : N=50, mean=0.5 (+/-0.139997).
P1: N=25, mean=0.56 (+/-0.198592).
P2: N=25, mean=0.44 (+/-0.198592).
Game Durations: N=50, mean=29.16 (+/-3.285067).
P1: N=25, mean=29.52 (+/-5.275073).
P2: N=25, mean=28.8 (+/-4.024685).

Agent 2 (SHUCTAnyTime)
Winning score (between 0 and 1) : N=50, mean=0.5 (+/-0.139997).
P1: N=25, mean=0.56 (+/-0.198592).
P2: N=25, mean=0.44 (+/-0.198592).
Game Durations: N=50, mean=29.16 (+/-3.285067).
P1: N=25, mean=28.8 (+/-4.024685).
P2: N=25, mean=29.52 (+/-5.275073).
=====================================================
=====================================================
Completed 60 games.

Agent 1 (EntropySHUCTAnytime)
Winning score (between 0 and 1) : N=60, mean=0.466667 (+/-0.127299).
P1: N=30, mean=0.566667 (+/-0.180353).
P2: N=30, mean=0.366667 (+/-0.175388).
Game Durations: N=60, mean=30.1 (+/-3.168468).
P1: N=30, mean=30.733333 (+/-5.1083).
P2: N=30, mean=29.466667 (+/-3.827286).

Agent 2 (SHUCTAnyTime)
Winning score (between 0 and 1) : N=60, mean=0.533333 (+/-0.127299).
P1: N=30, mean=0.633333 (+/-0.175388).
P2: N=30, mean=0.433333 (+/-0.180353).
Game Durations: N=60, mean=30.1 (+/-3.168468).
P1: N=30, mean=29.466667 (+/-3.827286).
P2: N=30, mean=30.733333 (+/-5.1083).
=====================================================
=====================================================
Completed 70 games.

Agent 1 (EntropySHUCTAnytime)
Winning score (between 0 and 1) : N=70, mean=0.471429 (+/-0.117783).
P1: N=35, mean=0.542857 (+/-0.167447).
P2: N=35, mean=0.4 (+/-0.16467).
Game Durations: N=70, mean=30.371429 (+/-2.949507).
P1: N=35, mean=30.114286 (+/-4.601617).
P2: N=35, mean=30.628571 (+/-3.757696).

Agent 2 (SHUCTAnyTime)
Winning score (between 0 and 1) : N=70, mean=0.528571 (+/-0.117783).
P1: N=35, mean=0.6 (+/-0.16467).
P2: N=35, mean=0.457143 (+/-0.167447).
Game Durations: N=70, mean=30.371429 (+/-2.949507).
P1: N=35, mean=30.628571 (+/-3.757696).
P2: N=35, mean=30.114286 (+/-4.601617).
=====================================================
=====================================================
Completed 80 games.

Agent 1 (EntropySHUCTAnytime)
Winning score (between 0 and 1) : N=80, mean=0.45 (+/-0.109704).
P1: N=40, mean=0.5 (+/-0.156922).
P2: N=40, mean=0.4 (+/-0.153752).
Game Durations: N=80, mean=30.0125 (+/-2.794622).
P1: N=40, mean=30.1 (+/-4.444423).
P2: N=40, mean=29.925 (+/-3.447573).

Agent 2 (SHUCTAnyTime)
Winning score (between 0 and 1) : N=80, mean=0.55 (+/-0.109704).
P1: N=40, mean=0.6 (+/-0.153752).
P2: N=40, mean=0.5 (+/-0.156922).
Game Durations: N=80, mean=30.0125 (+/-2.794622).
P1: N=40, mean=29.925 (+/-3.447573).
P2: N=40, mean=30.1 (+/-4.444423).
=====================================================
=====================================================
Completed 90 games.

Agent 1 (EntropySHUCTAnytime)
Winning score (between 0 and 1) : N=90, mean=0.422222 (+/-0.101438).
P1: N=45, mean=0.488889 (+/-0.14438).
P2: N=45, mean=0.355556 (+/-0.141438).
Game Durations: N=90, mean=30.6 (+/-2.823707).
P1: N=45, mean=32.044444 (+/-4.624269).
P2: N=45, mean=29.155556 (+/-3.241532).

Agent 2 (SHUCTAnyTime)
Winning score (between 0 and 1) : N=90, mean=0.577778 (+/-0.101438).
P1: N=45, mean=0.644444 (+/-0.141438).
P2: N=45, mean=0.511111 (+/-0.14438).
Game Durations: N=90, mean=30.6 (+/-2.823707).
P1: N=45, mean=29.155556 (+/-3.241532).
P2: N=45, mean=32.044444 (+/-4.624269).
=====================================================
=====================================================
Completed 100 games.

Agent 1 (EntropySHUCTAnytime)
Winning score (between 0 and 1) : N=100, mean=0.44 (+/-0.096783).
P1: N=50, mean=0.52 (+/-0.137054).
P2: N=50, mean=0.36 (+/-0.134397).
Game Durations: N=100, mean=30.43 (+/-2.626499).
P1: N=50, mean=32.16 (+/-4.269288).
P2: N=50, mean=28.7 (+/-3.029766).

Agent 2 (SHUCTAnyTime)
Winning score (between 0 and 1) : N=100, mean=0.56 (+/-0.096783).
P1: N=50, mean=0.64 (+/-0.134397).
P2: N=50, mean=0.48 (+/-0.137054).
Game Durations: N=100, mean=30.43 (+/-2.626499).
P1: N=50, mean=28.7 (+/-3.029766).
P2: N=50, mean=32.16 (+/-4.269288).
=====================================================
