Warming up...
Finished warming up!
=====================================================
Completed 1 games.

Agent 1 (EntropySHUCTAnytime)
Winning score (between 0 and 1) : N=1, mean=0 (+/-0).
P1: N=1, mean=0 (+/-0).
P2: N=0, mean=0 (+/-0).
Game Durations: N=1, mean=68 (+/-0).
P1: N=1, mean=68 (+/-0).
P2: N=0, mean=0 (+/-0).

Agent 2 (SHUCTAnyTime)
Winning score (between 0 and 1) : N=1, mean=1 (+/-0).
P1: N=0, mean=0 (+/-0).
P2: N=1, mean=1 (+/-0).
Game Durations: N=1, mean=68 (+/-0).
P1: N=0, mean=0 (+/-0).
P2: N=1, mean=68 (+/-0).
=====================================================
=====================================================
Completed 2 games.

Agent 1 (EntropySHUCTAnytime)
Winning score (between 0 and 1) : N=2, mean=0.5 (+/-0.97998).
P1: N=1, mean=0 (+/-0).
P2: N=1, mean=1 (+/-0).
Game Durations: N=2, mean=67 (+/-1.95996).
P1: N=1, mean=68 (+/-0).
P2: N=1, mean=66 (+/-0).

Agent 2 (SHUCTAnyTime)
Winning score (between 0 and 1) : N=2, mean=0.5 (+/-0.97998).
P1: N=1, mean=0 (+/-0).
P2: N=1, mean=1 (+/-0).
Game Durations: N=2, mean=67 (+/-1.95996).
P1: N=1, mean=66 (+/-0).
P2: N=1, mean=68 (+/-0).
=====================================================
=====================================================
Completed 3 games.

Agent 1 (EntropySHUCTAnytime)
Winning score (between 0 and 1) : N=3, mean=0.666667 (+/-0.65332).
P1: N=2, mean=0.5 (+/-0.97998).
P2: N=1, mean=1 (+/-0).
Game Durations: N=3, mean=67 (+/-1.131583).
P1: N=2, mean=67.5 (+/-0.97998).
P2: N=1, mean=66 (+/-0).

Agent 2 (SHUCTAnyTime)
Winning score (between 0 and 1) : N=3, mean=0.333333 (+/-0.65332).
P1: N=1, mean=0 (+/-0).
P2: N=2, mean=0.5 (+/-0.97998).
Game Durations: N=3, mean=67 (+/-1.131583).
P1: N=1, mean=66 (+/-0).
P2: N=2, mean=67.5 (+/-0.97998).
=====================================================
=====================================================
Completed 4 games.

Agent 1 (EntropySHUCTAnytime)
Winning score (between 0 and 1) : N=4, mean=0.5 (+/-0.565792).
P1: N=2, mean=0.5 (+/-0.97998).
P2: N=2, mean=0.5 (+/-0.97998).
Game Durations: N=4, mean=67 (+/-0.80015).
P1: N=2, mean=67.5 (+/-0.97998).
P2: N=2, mean=66.5 (+/-0.97998).

Agent 2 (SHUCTAnyTime)
Winning score (between 0 and 1) : N=4, mean=0.5 (+/-0.565792).
P1: N=2, mean=0.5 (+/-0.97998).
P2: N=2, mean=0.5 (+/-0.97998).
Game Durations: N=4, mean=67 (+/-0.80015).
P1: N=2, mean=66.5 (+/-0.97998).
P2: N=2, mean=67.5 (+/-0.97998).
=====================================================
=====================================================
Completed 5 games.

Agent 1 (EntropySHUCTAnytime)
Winning score (between 0 and 1) : N=5, mean=0.6 (+/-0.48009).
P1: N=3, mean=0.666667 (+/-0.65332).
P2: N=2, mean=0.5 (+/-0.97998).
Game Durations: N=5, mean=67.4 (+/-0.999387).
P1: N=3, mean=68 (+/-1.131583).
P2: N=2, mean=66.5 (+/-0.97998).

Agent 2 (SHUCTAnyTime)
Winning score (between 0 and 1) : N=5, mean=0.4 (+/-0.48009).
P1: N=2, mean=0.5 (+/-0.97998).
P2: N=3, mean=0.333333 (+/-0.65332).
Game Durations: N=5, mean=67.4 (+/-0.999387).
P1: N=2, mean=66.5 (+/-0.97998).
P2: N=3, mean=68 (+/-1.131583).
=====================================================
=====================================================
Completed 10 games.

Agent 1 (EntropySHUCTAnytime)
Winning score (between 0 and 1) : N=10, mean=0.7 (+/-0.299389).
P1: N=5, mean=0.6 (+/-0.48009).
P2: N=5, mean=0.8 (+/-0.391992).
Game Durations: N=10, mean=66.8 (+/-1.673316).
P1: N=5, mean=67.4 (+/-0.999387).
P2: N=5, mean=66.2 (+/-3.302983).

Agent 2 (SHUCTAnyTime)
Winning score (between 0 and 1) : N=10, mean=0.3 (+/-0.299389).
P1: N=5, mean=0.2 (+/-0.391992).
P2: N=5, mean=0.4 (+/-0.48009).
Game Durations: N=10, mean=66.8 (+/-1.673316).
P1: N=5, mean=66.2 (+/-3.302983).
P2: N=5, mean=67.4 (+/-0.999387).
=====================================================
=====================================================
Completed 20 games.

Agent 1 (EntropySHUCTAnytime)
Winning score (between 0 and 1) : N=20, mean=0.5 (+/-0.224823).
P1: N=10, mean=0.3 (+/-0.299389).
P2: N=10, mean=0.7 (+/-0.299389).
Game Durations: N=20, mean=66.8 (+/-1.454241).
P1: N=10, mean=66.9 (+/-1.473957).
P2: N=10, mean=66.7 (+/-2.597717).

Agent 2 (SHUCTAnyTime)
Winning score (between 0 and 1) : N=20, mean=0.5 (+/-0.224823).
P1: N=10, mean=0.3 (+/-0.299389).
P2: N=10, mean=0.7 (+/-0.299389).
Game Durations: N=20, mean=66.8 (+/-1.454241).
P1: N=10, mean=66.7 (+/-2.597717).
P2: N=10, mean=66.9 (+/-1.473957).
=====================================================
=====================================================
Completed 30 games.

Agent 1 (EntropySHUCTAnytime)
Winning score (between 0 and 1) : N=30, mean=0.4 (+/-0.178301).
P1: N=15, mean=0.2 (+/-0.209529).
P2: N=15, mean=0.6 (+/-0.256619).
Game Durations: N=30, mean=67.1 (+/-1.394951).
P1: N=15, mean=67.8 (+/-1.314085).
P2: N=15, mean=66.4 (+/-2.462889).

Agent 2 (SHUCTAnyTime)
Winning score (between 0 and 1) : N=30, mean=0.6 (+/-0.178301).
P1: N=15, mean=0.4 (+/-0.256619).
P2: N=15, mean=0.8 (+/-0.209529).
Game Durations: N=30, mean=67.1 (+/-1.394951).
P1: N=15, mean=66.4 (+/-2.462889).
P2: N=15, mean=67.8 (+/-1.314085).
=====================================================
=====================================================
Completed 40 games.

Agent 1 (EntropySHUCTAnytime)
Winning score (between 0 and 1) : N=40, mean=0.4 (+/-0.153752).
P1: N=20, mean=0.2 (+/-0.179858).
P2: N=20, mean=0.6 (+/-0.22028).
Game Durations: N=40, mean=67.5 (+/-1.159528).
P1: N=20, mean=68.1 (+/-1.333106).
P2: N=20, mean=66.9 (+/-1.896524).

Agent 2 (SHUCTAnyTime)
Winning score (between 0 and 1) : N=40, mean=0.6 (+/-0.153752).
P1: N=20, mean=0.4 (+/-0.22028).
P2: N=20, mean=0.8 (+/-0.179858).
Game Durations: N=40, mean=67.5 (+/-1.159528).
P1: N=20, mean=66.9 (+/-1.896524).
P2: N=20, mean=68.1 (+/-1.333106).
=====================================================
=====================================================
Completed 50 games.

Agent 1 (EntropySHUCTAnytime)
Winning score (between 0 and 1) : N=50, mean=0.44 (+/-0.138986).
P1: N=25, mean=0.28 (+/-0.179633).
P2: N=25, mean=0.6 (+/-0.195996).
Game Durations: N=50, mean=67.82 (+/-0.994969).
P1: N=25, mean=68.04 (+/-1.139926).
P2: N=25, mean=67.6 (+/-1.651492).

Agent 2 (SHUCTAnyTime)
Winning score (between 0 and 1) : N=50, mean=0.56 (+/-0.138986).
P1: N=25, mean=0.4 (+/-0.195996).
P2: N=25, mean=0.72 (+/-0.179633).
Game Durations: N=50, mean=67.82 (+/-0.994969).
P1: N=25, mean=67.6 (+/-1.651492).
P2: N=25, mean=68.04 (+/-1.139926).
=====================================================
=====================================================
Completed 60 games.

Agent 1 (EntropySHUCTAnytime)
Winning score (between 0 and 1) : N=60, mean=0.416667 (+/-0.125798).
P1: N=30, mean=0.266667 (+/-0.160947).
P2: N=30, mean=0.566667 (+/-0.180353).
Game Durations: N=60, mean=67.85 (+/-0.90793).
P1: N=30, mean=68.466667 (+/-1.041079).
P2: N=30, mean=67.233333 (+/-1.472958).

Agent 2 (SHUCTAnyTime)
Winning score (between 0 and 1) : N=60, mean=0.583333 (+/-0.125798).
P1: N=30, mean=0.433333 (+/-0.180353).
P2: N=30, mean=0.733333 (+/-0.160947).
Game Durations: N=60, mean=67.85 (+/-0.90793).
P1: N=30, mean=67.233333 (+/-1.472958).
P2: N=30, mean=68.466667 (+/-1.041079).
=====================================================
=====================================================
Completed 70 games.

Agent 1 (EntropySHUCTAnytime)
Winning score (between 0 and 1) : N=70, mean=0.428571 (+/-0.116766).
P1: N=35, mean=0.314286 (+/-0.156042).
P2: N=35, mean=0.542857 (+/-0.167447).
Game Durations: N=70, mean=67.957143 (+/-0.795101).
P1: N=35, mean=68.485714 (+/-0.906828).
P2: N=35, mean=67.428571 (+/-1.296325).

Agent 2 (SHUCTAnyTime)
Winning score (between 0 and 1) : N=70, mean=0.571429 (+/-0.116766).
P1: N=35, mean=0.457143 (+/-0.167447).
P2: N=35, mean=0.685714 (+/-0.156042).
Game Durations: N=70, mean=67.957143 (+/-0.795101).
P1: N=35, mean=67.428571 (+/-1.296325).
P2: N=35, mean=68.485714 (+/-0.906828).
=====================================================
=====================================================
Completed 80 games.

Agent 1 (EntropySHUCTAnytime)
Winning score (between 0 and 1) : N=80, mean=0.425 (+/-0.109009).
P1: N=40, mean=0.325 (+/-0.146997).
P2: N=40, mean=0.525 (+/-0.156726).
Game Durations: N=80, mean=68.1 (+/-0.739293).
P1: N=40, mean=68.675 (+/-0.874798).
P2: N=40, mean=67.525 (+/-1.176369).

Agent 2 (SHUCTAnyTime)
Winning score (between 0 and 1) : N=80, mean=0.575 (+/-0.109009).
P1: N=40, mean=0.475 (+/-0.156726).
P2: N=40, mean=0.675 (+/-0.146997).
Game Durations: N=80, mean=68.1 (+/-0.739293).
P1: N=40, mean=67.525 (+/-1.176369).
P2: N=40, mean=68.675 (+/-0.874798).
=====================================================
=====================================================
Completed 90 games.

Agent 1 (EntropySHUCTAnytime)
Winning score (between 0 and 1) : N=90, mean=0.411111 (+/-0.102223).
P1: N=45, mean=0.333333 (+/-0.139288).
P2: N=45, mean=0.488889 (+/-0.147701).
Game Durations: N=90, mean=68.355556 (+/-0.721889).
P1: N=45, mean=68.777778 (+/-0.85838).
P2: N=45, mean=67.933333 (+/-1.157686).

Agent 2 (SHUCTAnyTime)
Winning score (between 0 and 1) : N=90, mean=0.588889 (+/-0.102223).
P1: N=45, mean=0.511111 (+/-0.147701).
P2: N=45, mean=0.666667 (+/-0.139288).
Game Durations: N=90, mean=68.355556 (+/-0.721889).
P1: N=45, mean=67.933333 (+/-1.157686).
P2: N=45, mean=68.777778 (+/-0.85838).
=====================================================
=====================================================
Completed 100 games.

Agent 1 (EntropySHUCTAnytime)
Winning score (between 0 and 1) : N=100, mean=0.42 (+/-0.097223).
P1: N=50, mean=0.36 (+/-0.134397).
P2: N=50, mean=0.48 (+/-0.139885).
Game Durations: N=100, mean=68.22 (+/-0.6695).
P1: N=50, mean=68.76 (+/-0.781099).
P2: N=50, mean=67.68 (+/-1.074886).

Agent 2 (SHUCTAnyTime)
Winning score (between 0 and 1) : N=100, mean=0.58 (+/-0.097223).
P1: N=50, mean=0.52 (+/-0.139885).
P2: N=50, mean=0.64 (+/-0.134397).
Game Durations: N=100, mean=68.22 (+/-0.6695).
P1: N=50, mean=67.68 (+/-1.074886).
P2: N=50, mean=68.76 (+/-0.781099).
=====================================================
