Warming up...
Finished warming up!
=====================================================
Completed 1 games.

Agent 1 (EntropySHUCTAnytime)
Winning score (between 0 and 1) : N=1, mean=0 (+/-0).
P1: N=1, mean=0 (+/-0).
P2: N=0, mean=0 (+/-0).
Game Durations: N=1, mean=64 (+/-0).
P1: N=1, mean=64 (+/-0).
P2: N=0, mean=0 (+/-0).

Agent 2 (SHUCTAnyTime)
Winning score (between 0 and 1) : N=1, mean=1 (+/-0).
P1: N=0, mean=0 (+/-0).
P2: N=1, mean=1 (+/-0).
Game Durations: N=1, mean=64 (+/-0).
P1: N=0, mean=0 (+/-0).
P2: N=1, mean=64 (+/-0).
=====================================================
=====================================================
Completed 2 games.

Agent 1 (EntropySHUCTAnytime)
Winning score (between 0 and 1) : N=2, mean=0.5 (+/-0.97998).
P1: N=1, mean=0 (+/-0).
P2: N=1, mean=1 (+/-0).
Game Durations: N=2, mean=65 (+/-1.95996).
P1: N=1, mean=64 (+/-0).
P2: N=1, mean=66 (+/-0).

Agent 2 (SHUCTAnyTime)
Winning score (between 0 and 1) : N=2, mean=0.5 (+/-0.97998).
P1: N=1, mean=0 (+/-0).
P2: N=1, mean=1 (+/-0).
Game Durations: N=2, mean=65 (+/-1.95996).
P1: N=1, mean=66 (+/-0).
P2: N=1, mean=64 (+/-0).
=====================================================
=====================================================
Completed 3 games.

Agent 1 (EntropySHUCTAnytime)
Winning score (between 0 and 1) : N=3, mean=0.666667 (+/-0.65332).
P1: N=2, mean=0.5 (+/-0.97998).
P2: N=1, mean=1 (+/-0).
Game Durations: N=3, mean=65.666667 (+/-1.728522).
P1: N=2, mean=65.5 (+/-2.93994).
P2: N=1, mean=66 (+/-0).

Agent 2 (SHUCTAnyTime)
Winning score (between 0 and 1) : N=3, mean=0.333333 (+/-0.65332).
P1: N=1, mean=0 (+/-0).
P2: N=2, mean=0.5 (+/-0.97998).
Game Durations: N=3, mean=65.666667 (+/-1.728522).
P1: N=1, mean=66 (+/-0).
P2: N=2, mean=65.5 (+/-2.93994).
=====================================================
=====================================================
Completed 4 games.

Agent 1 (EntropySHUCTAnytime)
Winning score (between 0 and 1) : N=4, mean=0.5 (+/-0.565792).
P1: N=2, mean=0.5 (+/-0.97998).
P2: N=2, mean=0.5 (+/-0.97998).
Game Durations: N=4, mean=67.5 (+/-3.795446).
P1: N=2, mean=65.5 (+/-2.93994).
P2: N=2, mean=69.5 (+/-6.85986).

Agent 2 (SHUCTAnyTime)
Winning score (between 0 and 1) : N=4, mean=0.5 (+/-0.565792).
P1: N=2, mean=0.5 (+/-0.97998).
P2: N=2, mean=0.5 (+/-0.97998).
Game Durations: N=4, mean=67.5 (+/-3.795446).
P1: N=2, mean=69.5 (+/-6.85986).
P2: N=2, mean=65.5 (+/-2.93994).
=====================================================
=====================================================
Completed 5 games.

Agent 1 (EntropySHUCTAnytime)
Winning score (between 0 and 1) : N=5, mean=0.4 (+/-0.48009).
P1: N=3, mean=0.333333 (+/-0.65332).
P2: N=2, mean=0.5 (+/-0.97998).
Game Durations: N=5, mean=66.8 (+/-3.244311).
P1: N=3, mean=65 (+/-1.95996).
P2: N=2, mean=69.5 (+/-6.85986).

Agent 2 (SHUCTAnyTime)
Winning score (between 0 and 1) : N=5, mean=0.6 (+/-0.48009).
P1: N=2, mean=0.5 (+/-0.97998).
P2: N=3, mean=0.666667 (+/-0.65332).
Game Durations: N=5, mean=66.8 (+/-3.244311).
P1: N=2, mean=69.5 (+/-6.85986).
P2: N=3, mean=65 (+/-1.95996).
=====================================================
=====================================================
Completed 10 games.

Agent 1 (EntropySHUCTAnytime)
Winning score (between 0 and 1) : N=10, mean=0.5 (+/-0.32666).
P1: N=5, mean=0.6 (+/-0.48009).
P2: N=5, mean=0.4 (+/-0.48009).
Game Durations: N=10, mean=67.8 (+/-2.082441).
P1: N=5, mean=66.2 (+/-1.900252).
P2: N=5, mean=69.4 (+/-3.314593).

Agent 2 (SHUCTAnyTime)
Winning score (between 0 and 1) : N=10, mean=0.5 (+/-0.32666).
P1: N=5, mean=0.6 (+/-0.48009).
P2: N=5, mean=0.4 (+/-0.48009).
Game Durations: N=10, mean=67.8 (+/-2.082441).
P1: N=5, mean=69.4 (+/-3.314593).
P2: N=5, mean=66.2 (+/-1.900252).
=====================================================
=====================================================
Completed 20 games.

Agent 1 (EntropySHUCTAnytime)
Winning score (between 0 and 1) : N=20, mean=0.3 (+/-0.206054).
P1: N=10, mean=0.3 (+/-0.299389).
P2: N=10, mean=0.3 (+/-0.299389).
Game Durations: N=20, mean=68.1 (+/-1.933476).
P1: N=10, mean=67.1 (+/-2.636856).
P2: N=10, mean=69.1 (+/-2.824429).

Agent 2 (SHUCTAnyTime)
Winning score (between 0 and 1) : N=20, mean=0.7 (+/-0.206054).
P1: N=10, mean=0.7 (+/-0.299389).
P2: N=10, mean=0.7 (+/-0.299389).
Game Durations: N=20, mean=68.1 (+/-1.933476).
P1: N=10, mean=69.1 (+/-2.824429).
P2: N=10, mean=67.1 (+/-2.636856).
=====================================================
=====================================================
Completed 30 games.

Agent 1 (EntropySHUCTAnytime)
Winning score (between 0 and 1) : N=30, mean=0.333333 (+/-0.17157).
P1: N=15, mean=0.333333 (+/-0.246932).
P2: N=15, mean=0.333333 (+/-0.246932).
Game Durations: N=30, mean=68.833333 (+/-1.518421).
P1: N=15, mean=67.933333 (+/-2.283017).
P2: N=15, mean=69.733333 (+/-1.973601).

Agent 2 (SHUCTAnyTime)
Winning score (between 0 and 1) : N=30, mean=0.666667 (+/-0.17157).
P1: N=15, mean=0.666667 (+/-0.246932).
P2: N=15, mean=0.666667 (+/-0.246932).
Game Durations: N=30, mean=68.833333 (+/-1.518421).
P1: N=15, mean=69.733333 (+/-1.973601).
P2: N=15, mean=67.933333 (+/-2.283017).
=====================================================
=====================================================
Completed 40 games.

Agent 1 (EntropySHUCTAnytime)
Winning score (between 0 and 1) : N=40, mean=0.35 (+/-0.149694).
P1: N=20, mean=0.3 (+/-0.206054).
P2: N=20, mean=0.4 (+/-0.22028).
Game Durations: N=40, mean=68.7 (+/-1.249875).
P1: N=20, mean=67.7 (+/-1.918781).
P2: N=20, mean=69.7 (+/-1.525485).

Agent 2 (SHUCTAnyTime)
Winning score (between 0 and 1) : N=40, mean=0.65 (+/-0.149694).
P1: N=20, mean=0.6 (+/-0.22028).
P2: N=20, mean=0.7 (+/-0.206054).
Game Durations: N=40, mean=68.7 (+/-1.249875).
P1: N=20, mean=69.7 (+/-1.525485).
P2: N=20, mean=67.7 (+/-1.918781).
=====================================================
=====================================================
Completed 50 games.

Agent 1 (EntropySHUCTAnytime)
Winning score (between 0 and 1) : N=50, mean=0.38 (+/-0.135905).
P1: N=25, mean=0.32 (+/-0.186626).
P2: N=25, mean=0.44 (+/-0.198592).
Game Durations: N=50, mean=68.48 (+/-1.058423).
P1: N=25, mean=67.52 (+/-1.596776).
P2: N=25, mean=69.44 (+/-1.315171).

Agent 2 (SHUCTAnyTime)
Winning score (between 0 and 1) : N=50, mean=0.62 (+/-0.135905).
P1: N=25, mean=0.56 (+/-0.198592).
P2: N=25, mean=0.68 (+/-0.186626).
Game Durations: N=50, mean=68.48 (+/-1.058423).
P1: N=25, mean=69.44 (+/-1.315171).
P2: N=25, mean=67.52 (+/-1.596776).
=====================================================
=====================================================
Completed 60 games.

Agent 1 (EntropySHUCTAnytime)
Winning score (between 0 and 1) : N=60, mean=0.383333 (+/-0.124061).
P1: N=30, mean=0.3 (+/-0.166785).
P2: N=30, mean=0.466667 (+/-0.181573).
Game Durations: N=60, mean=68.45 (+/-0.939184).
P1: N=30, mean=67.9 (+/-1.382232).
P2: N=30, mean=69 (+/-1.264276).

Agent 2 (SHUCTAnyTime)
Winning score (between 0 and 1) : N=60, mean=0.616667 (+/-0.124061).
P1: N=30, mean=0.533333 (+/-0.181573).
P2: N=30, mean=0.7 (+/-0.166785).
Game Durations: N=60, mean=68.45 (+/-0.939184).
P1: N=30, mean=69 (+/-1.264276).
P2: N=30, mean=67.9 (+/-1.382232).
=====================================================
=====================================================
Completed 70 games.

Agent 1 (EntropySHUCTAnytime)
Winning score (between 0 and 1) : N=70, mean=0.385714 (+/-0.114853).
P1: N=35, mean=0.314286 (+/-0.156042).
P2: N=35, mean=0.457143 (+/-0.167447).
Game Durations: N=70, mean=68.2 (+/-0.843789).
P1: N=35, mean=67.685714 (+/-1.24937).
P2: N=35, mean=68.714286 (+/-1.126546).

Agent 2 (SHUCTAnyTime)
Winning score (between 0 and 1) : N=70, mean=0.614286 (+/-0.114853).
P1: N=35, mean=0.542857 (+/-0.167447).
P2: N=35, mean=0.685714 (+/-0.156042).
Game Durations: N=70, mean=68.2 (+/-0.843789).
P1: N=35, mean=68.714286 (+/-1.126546).
P2: N=35, mean=67.685714 (+/-1.24937).
=====================================================
=====================================================
Completed 80 games.

Agent 1 (EntropySHUCTAnytime)
Winning score (between 0 and 1) : N=80, mean=0.425 (+/-0.109009).
P1: N=40, mean=0.4 (+/-0.153752).
P2: N=40, mean=0.45 (+/-0.156136).
Game Durations: N=80, mean=68.275 (+/-0.782723).
P1: N=40, mean=67.8 (+/-1.201661).
P2: N=40, mean=68.75 (+/-0.996797).

Agent 2 (SHUCTAnyTime)
Winning score (between 0 and 1) : N=80, mean=0.575 (+/-0.109009).
P1: N=40, mean=0.55 (+/-0.156136).
P2: N=40, mean=0.6 (+/-0.153752).
Game Durations: N=80, mean=68.275 (+/-0.782723).
P1: N=40, mean=68.75 (+/-0.996797).
P2: N=40, mean=67.8 (+/-1.201661).
=====================================================
=====================================================
Completed 90 games.

Agent 1 (EntropySHUCTAnytime)
Winning score (between 0 and 1) : N=90, mean=0.433333 (+/-0.10295).
P1: N=45, mean=0.4 (+/-0.144753).
P2: N=45, mean=0.466667 (+/-0.147409).
Game Durations: N=90, mean=68.266667 (+/-0.748304).
P1: N=45, mean=67.822222 (+/-1.16585).
P2: N=45, mean=68.711111 (+/-0.93359).

Agent 2 (SHUCTAnyTime)
Winning score (between 0 and 1) : N=90, mean=0.566667 (+/-0.10295).
P1: N=45, mean=0.533333 (+/-0.147409).
P2: N=45, mean=0.6 (+/-0.144753).
Game Durations: N=90, mean=68.266667 (+/-0.748304).
P1: N=45, mean=68.711111 (+/-0.93359).
P2: N=45, mean=67.822222 (+/-1.16585).
=====================================================
=====================================================
Completed 100 games.

Agent 1 (EntropySHUCTAnytime)
Winning score (between 0 and 1) : N=100, mean=0.45 (+/-0.097998).
P1: N=50, mean=0.44 (+/-0.138986).
P2: N=50, mean=0.46 (+/-0.139548).
Game Durations: N=100, mean=68.21 (+/-0.719081).
P1: N=50, mean=67.64 (+/-1.091274).
P2: N=50, mean=68.78 (+/-0.920649).

Agent 2 (SHUCTAnyTime)
Winning score (between 0 and 1) : N=100, mean=0.55 (+/-0.097998).
P1: N=50, mean=0.54 (+/-0.139548).
P2: N=50, mean=0.56 (+/-0.138986).
Game Durations: N=100, mean=68.21 (+/-0.719081).
P1: N=50, mean=68.78 (+/-0.920649).
P2: N=50, mean=67.64 (+/-1.091274).
=====================================================
