Warming up...
Finished warming up!
=====================================================
Completed 1 games.

Agent 1 (EntropySHUCTAnytime)
Winning score (between 0 and 1) : N=1, mean=0 (+/-0).
P1: N=0, mean=0 (+/-0).
P2: N=1, mean=0 (+/-0).
Game Durations: N=1, mean=71 (+/-0).
P1: N=0, mean=0 (+/-0).
P2: N=1, mean=71 (+/-0).

Agent 2 (SHUCTAnyTime)
Winning score (between 0 and 1) : N=1, mean=1 (+/-0).
P1: N=1, mean=1 (+/-0).
P2: N=0, mean=0 (+/-0).
Game Durations: N=1, mean=71 (+/-0).
P1: N=1, mean=71 (+/-0).
P2: N=0, mean=0 (+/-0).
=====================================================
=====================================================
Completed 2 games.

Agent 1 (EntropySHUCTAnytime)
Winning score (between 0 and 1) : N=2, mean=0.5 (+/-0.97998).
P1: N=1, mean=1 (+/-0).
P2: N=1, mean=0 (+/-0).
Game Durations: N=2, mean=70 (+/-1.95996).
P1: N=1, mean=69 (+/-0).
P2: N=1, mean=71 (+/-0).

Agent 2 (SHUCTAnyTime)
Winning score (between 0 and 1) : N=2, mean=0.5 (+/-0.97998).
P1: N=1, mean=1 (+/-0).
P2: N=1, mean=0 (+/-0).
Game Durations: N=2, mean=70 (+/-1.95996).
P1: N=1, mean=71 (+/-0).
P2: N=1, mean=69 (+/-0).
=====================================================
=====================================================
Completed 3 games.

Agent 1 (EntropySHUCTAnytime)
Winning score (between 0 and 1) : N=3, mean=0.666667 (+/-0.65332).
P1: N=1, mean=1 (+/-0).
P2: N=2, mean=0.5 (+/-0.97998).
Game Durations: N=3, mean=71.333333 (+/-2.847756).
P1: N=1, mean=69 (+/-0).
P2: N=2, mean=72.5 (+/-2.93994).

Agent 2 (SHUCTAnyTime)
Winning score (between 0 and 1) : N=3, mean=0.333333 (+/-0.65332).
P1: N=2, mean=0.5 (+/-0.97998).
P2: N=1, mean=0 (+/-0).
Game Durations: N=3, mean=71.333333 (+/-2.847756).
P1: N=2, mean=72.5 (+/-2.93994).
P2: N=1, mean=69 (+/-0).
=====================================================
=====================================================
Completed 4 games.

Agent 1 (EntropySHUCTAnytime)
Winning score (between 0 and 1) : N=4, mean=0.5 (+/-0.565792).
P1: N=2, mean=0.5 (+/-0.97998).
P2: N=2, mean=0.5 (+/-0.97998).
Game Durations: N=4, mean=70 (+/-3.299104).
P1: N=2, mean=67.5 (+/-2.93994).
P2: N=2, mean=72.5 (+/-2.93994).

Agent 2 (SHUCTAnyTime)
Winning score (between 0 and 1) : N=4, mean=0.5 (+/-0.565792).
P1: N=2, mean=0.5 (+/-0.97998).
P2: N=2, mean=0.5 (+/-0.97998).
Game Durations: N=4, mean=70 (+/-3.299104).
P1: N=2, mean=72.5 (+/-2.93994).
P2: N=2, mean=67.5 (+/-2.93994).
=====================================================
=====================================================
Completed 5 games.

Agent 1 (EntropySHUCTAnytime)
Winning score (between 0 and 1) : N=5, mean=0.6 (+/-0.48009).
P1: N=2, mean=0.5 (+/-0.97998).
P2: N=3, mean=0.666667 (+/-0.65332).
Game Durations: N=5, mean=69.2 (+/-2.998162).
P1: N=2, mean=67.5 (+/-2.93994).
P2: N=3, mean=70.333333 (+/-4.57324).

Agent 2 (SHUCTAnyTime)
Winning score (between 0 and 1) : N=5, mean=0.4 (+/-0.48009).
P1: N=3, mean=0.333333 (+/-0.65332).
P2: N=2, mean=0.5 (+/-0.97998).
Game Durations: N=5, mean=69.2 (+/-2.998162).
P1: N=3, mean=70.333333 (+/-4.57324).
P2: N=2, mean=67.5 (+/-2.93994).
=====================================================
=====================================================
Completed 10 games.

Agent 1 (EntropySHUCTAnytime)
Winning score (between 0 and 1) : N=10, mean=0.6 (+/-0.32006).
P1: N=5, mean=0.4 (+/-0.48009).
P2: N=5, mean=0.8 (+/-0.391992).
Game Durations: N=10, mean=68.9 (+/-2.469688).
P1: N=5, mean=66.8 (+/-3.244311).
P2: N=5, mean=71 (+/-2.90709).

Agent 2 (SHUCTAnyTime)
Winning score (between 0 and 1) : N=10, mean=0.4 (+/-0.32006).
P1: N=5, mean=0.2 (+/-0.391992).
P2: N=5, mean=0.6 (+/-0.48009).
Game Durations: N=10, mean=68.9 (+/-2.469688).
P1: N=5, mean=71 (+/-2.90709).
P2: N=5, mean=66.8 (+/-3.244311).
=====================================================
=====================================================
Completed 20 games.

Agent 1 (EntropySHUCTAnytime)
Winning score (between 0 and 1) : N=20, mean=0.55 (+/-0.223696).
P1: N=10, mean=0.4 (+/-0.32006).
P2: N=10, mean=0.7 (+/-0.299389).
Game Durations: N=20, mean=68.25 (+/-1.278726).
P1: N=10, mean=67.4 (+/-1.605626).
P2: N=10, mean=69.1 (+/-1.925909).

Agent 2 (SHUCTAnyTime)
Winning score (between 0 and 1) : N=20, mean=0.45 (+/-0.223696).
P1: N=10, mean=0.3 (+/-0.299389).
P2: N=10, mean=0.6 (+/-0.32006).
Game Durations: N=20, mean=68.25 (+/-1.278726).
P1: N=10, mean=69.1 (+/-1.925909).
P2: N=10, mean=67.4 (+/-1.605626).
=====================================================
=====================================================
Completed 30 games.

Agent 1 (EntropySHUCTAnytime)
Winning score (between 0 and 1) : N=30, mean=0.566667 (+/-0.180353).
P1: N=15, mean=0.533333 (+/-0.261328).
P2: N=15, mean=0.6 (+/-0.256619).
Game Durations: N=30, mean=68.4 (+/-0.933128).
P1: N=15, mean=67.466667 (+/-1.207696).
P2: N=15, mean=69.333333 (+/-1.292564).

Agent 2 (SHUCTAnyTime)
Winning score (between 0 and 1) : N=30, mean=0.433333 (+/-0.180353).
P1: N=15, mean=0.4 (+/-0.256619).
P2: N=15, mean=0.466667 (+/-0.261328).
Game Durations: N=30, mean=68.4 (+/-0.933128).
P1: N=15, mean=69.333333 (+/-1.292564).
P2: N=15, mean=67.466667 (+/-1.207696).
=====================================================
=====================================================
Completed 40 games.

Agent 1 (EntropySHUCTAnytime)
Winning score (between 0 and 1) : N=40, mean=0.6 (+/-0.153752).
P1: N=20, mean=0.6 (+/-0.22028).
P2: N=20, mean=0.6 (+/-0.22028).
Game Durations: N=40, mean=67.8 (+/-0.868619).
P1: N=20, mean=67.4 (+/-1.009452).
P2: N=20, mean=68.2 (+/-1.419058).

Agent 2 (SHUCTAnyTime)
Winning score (between 0 and 1) : N=40, mean=0.4 (+/-0.153752).
P1: N=20, mean=0.4 (+/-0.22028).
P2: N=20, mean=0.4 (+/-0.22028).
Game Durations: N=40, mean=67.8 (+/-0.868619).
P1: N=20, mean=68.2 (+/-1.419058).
P2: N=20, mean=67.4 (+/-1.009452).
=====================================================
=====================================================
Completed 50 games.

Agent 1 (EntropySHUCTAnytime)
Winning score (between 0 and 1) : N=50, mean=0.62 (+/-0.135905).
P1: N=25, mean=0.64 (+/-0.192036).
P2: N=25, mean=0.6 (+/-0.195996).
Game Durations: N=50, mean=67.36 (+/-0.809101).
P1: N=25, mean=67.04 (+/-0.949991).
P2: N=25, mean=67.68 (+/-1.318283).

Agent 2 (SHUCTAnyTime)
Winning score (between 0 and 1) : N=50, mean=0.38 (+/-0.135905).
P1: N=25, mean=0.4 (+/-0.195996).
P2: N=25, mean=0.36 (+/-0.192036).
Game Durations: N=50, mean=67.36 (+/-0.809101).
P1: N=25, mean=67.68 (+/-1.318283).
P2: N=25, mean=67.04 (+/-0.949991).
=====================================================
=====================================================
Completed 60 games.

Agent 1 (EntropySHUCTAnytime)
Winning score (between 0 and 1) : N=60, mean=0.566667 (+/-0.126443).
P1: N=30, mean=0.566667 (+/-0.180353).
P2: N=30, mean=0.566667 (+/-0.180353).
Game Durations: N=60, mean=67.533333 (+/-0.777405).
P1: N=30, mean=67.166667 (+/-1.063528).
P2: N=30, mean=67.9 (+/-1.136839).

Agent 2 (SHUCTAnyTime)
Winning score (between 0 and 1) : N=60, mean=0.433333 (+/-0.126443).
P1: N=30, mean=0.433333 (+/-0.180353).
P2: N=30, mean=0.433333 (+/-0.180353).
Game Durations: N=60, mean=67.533333 (+/-0.777405).
P1: N=30, mean=67.9 (+/-1.136839).
P2: N=30, mean=67.166667 (+/-1.063528).
=====================================================
=====================================================
Completed 70 games.

Agent 1 (EntropySHUCTAnytime)
Winning score (between 0 and 1) : N=70, mean=0.571429 (+/-0.116766).
P1: N=35, mean=0.571429 (+/-0.166341).
P2: N=35, mean=0.571429 (+/-0.166341).
Game Durations: N=70, mean=67.471429 (+/-0.737267).
P1: N=35, mean=66.914286 (+/-1.001554).
P2: N=35, mean=68.028571 (+/-1.064412).

Agent 2 (SHUCTAnyTime)
Winning score (between 0 and 1) : N=70, mean=0.428571 (+/-0.116766).
P1: N=35, mean=0.428571 (+/-0.166341).
P2: N=35, mean=0.428571 (+/-0.166341).
Game Durations: N=70, mean=67.471429 (+/-0.737267).
P1: N=35, mean=68.028571 (+/-1.064412).
P2: N=35, mean=66.914286 (+/-1.001554).
=====================================================
=====================================================
Completed 80 games.

Agent 1 (EntropySHUCTAnytime)
Winning score (between 0 and 1) : N=80, mean=0.5625 (+/-0.109392).
P1: N=40, mean=0.575 (+/-0.155147).
P2: N=40, mean=0.55 (+/-0.156136).
Game Durations: N=80, mean=67.3375 (+/-0.722111).
P1: N=40, mean=67.075 (+/-1.022738).
P2: N=40, mean=67.6 (+/-1.026133).

Agent 2 (SHUCTAnyTime)
Winning score (between 0 and 1) : N=80, mean=0.4375 (+/-0.109392).
P1: N=40, mean=0.45 (+/-0.156136).
P2: N=40, mean=0.425 (+/-0.155147).
Game Durations: N=80, mean=67.3375 (+/-0.722111).
P1: N=40, mean=67.6 (+/-1.026133).
P2: N=40, mean=67.075 (+/-1.022738).
=====================================================
=====================================================
Completed 90 games.

Agent 1 (EntropySHUCTAnytime)
Winning score (between 0 and 1) : N=90, mean=0.566667 (+/-0.10295).
P1: N=45, mean=0.577778 (+/-0.145939).
P2: N=45, mean=0.555556 (+/-0.146823).
Game Durations: N=90, mean=67.444444 (+/-0.706986).
P1: N=45, mean=66.933333 (+/-0.943466).
P2: N=45, mean=67.955556 (+/-1.042255).

Agent 2 (SHUCTAnyTime)
Winning score (between 0 and 1) : N=90, mean=0.433333 (+/-0.10295).
P1: N=45, mean=0.444444 (+/-0.146823).
P2: N=45, mean=0.422222 (+/-0.145939).
Game Durations: N=90, mean=67.444444 (+/-0.706986).
P1: N=45, mean=67.955556 (+/-1.042255).
P2: N=45, mean=66.933333 (+/-0.943466).
=====================================================
=====================================================
Completed 100 games.

Agent 1 (EntropySHUCTAnytime)
Winning score (between 0 and 1) : N=100, mean=0.57 (+/-0.097522).
P1: N=50, mean=0.58 (+/-0.138194).
P2: N=50, mean=0.56 (+/-0.138986).
Game Durations: N=100, mean=67.25 (+/-0.663559).
P1: N=50, mean=66.9 (+/-0.875178).
P2: N=50, mean=67.6 (+/-0.997031).

Agent 2 (SHUCTAnyTime)
Winning score (between 0 and 1) : N=100, mean=0.43 (+/-0.097522).
P1: N=50, mean=0.44 (+/-0.138986).
P2: N=50, mean=0.42 (+/-0.138194).
Game Durations: N=100, mean=67.25 (+/-0.663559).
P1: N=50, mean=67.6 (+/-0.997031).
P2: N=50, mean=66.9 (+/-0.875178).
=====================================================
