Warming up...
Finished warming up!
=====================================================
Completed 1 games.

Agent 1 (EntropySHUCTAnytime)
Winning score (between 0 and 1) : N=1, mean=1 (+/-0).
P1: N=1, mean=1 (+/-0).
P2: N=0, mean=0 (+/-0).
Game Durations: N=1, mean=41 (+/-0).
P1: N=1, mean=41 (+/-0).
P2: N=0, mean=0 (+/-0).

Agent 2 (Example UCT)
Winning score (between 0 and 1) : N=1, mean=0 (+/-0).
P1: N=0, mean=0 (+/-0).
P2: N=1, mean=0 (+/-0).
Game Durations: N=1, mean=41 (+/-0).
P1: N=0, mean=0 (+/-0).
P2: N=1, mean=41 (+/-0).
=====================================================
=====================================================
Completed 2 games.

Agent 1 (EntropySHUCTAnytime)
Winning score (between 0 and 1) : N=2, mean=1 (+/-0).
P1: N=1, mean=1 (+/-0).
P2: N=1, mean=1 (+/-0).
Game Durations: N=2, mean=32.5 (+/-16.65966).
P1: N=1, mean=41 (+/-0).
P2: N=1, mean=24 (+/-0).

Agent 2 (Example UCT)
Winning score (between 0 and 1) : N=2, mean=0 (+/-0).
P1: N=1, mean=0 (+/-0).
P2: N=1, mean=0 (+/-0).
Game Durations: N=2, mean=32.5 (+/-16.65966).
P1: N=1, mean=24 (+/-0).
P2: N=1, mean=41 (+/-0).
=====================================================
=====================================================
Completed 3 games.

Agent 1 (EntropySHUCTAnytime)
Winning score (between 0 and 1) : N=3, mean=1 (+/-0).
P1: N=2, mean=1 (+/-0).
P2: N=1, mean=1 (+/-0).
Game Durations: N=3, mean=34.666667 (+/-10.51419).
P1: N=2, mean=40 (+/-1.95996).
P2: N=1, mean=24 (+/-0).

Agent 2 (Example UCT)
Winning score (between 0 and 1) : N=3, mean=0 (+/-0).
P1: N=1, mean=0 (+/-0).
P2: N=2, mean=0 (+/-0).
Game Durations: N=3, mean=34.666667 (+/-10.51419).
P1: N=1, mean=24 (+/-0).
P2: N=2, mean=40 (+/-1.95996).
=====================================================
=====================================================
Completed 4 games.

Agent 1 (EntropySHUCTAnytime)
Winning score (between 0 and 1) : N=4, mean=1 (+/-0).
P1: N=2, mean=1 (+/-0).
P2: N=2, mean=1 (+/-0).
Game Durations: N=4, mean=32 (+/-9.087961).
P1: N=2, mean=40 (+/-1.95996).
P2: N=2, mean=24 (+/-0).

Agent 2 (Example UCT)
Winning score (between 0 and 1) : N=4, mean=0 (+/-0).
P1: N=2, mean=0 (+/-0).
P2: N=2, mean=0 (+/-0).
Game Durations: N=4, mean=32 (+/-9.087961).
P1: N=2, mean=24 (+/-0).
P2: N=2, mean=40 (+/-1.95996).
=====================================================
=====================================================
Completed 5 games.

Agent 1 (EntropySHUCTAnytime)
Winning score (between 0 and 1) : N=5, mean=1 (+/-0).
P1: N=3, mean=1 (+/-0).
P2: N=2, mean=1 (+/-0).
Game Durations: N=5, mean=33.8 (+/-7.874065).
P1: N=3, mean=40.333333 (+/-1.30664).
P2: N=2, mean=24 (+/-0).

Agent 2 (Example UCT)
Winning score (between 0 and 1) : N=5, mean=0 (+/-0).
P1: N=2, mean=0 (+/-0).
P2: N=3, mean=0 (+/-0).
Game Durations: N=5, mean=33.8 (+/-7.874065).
P1: N=2, mean=24 (+/-0).
P2: N=3, mean=40.333333 (+/-1.30664).
=====================================================
=====================================================
Completed 10 games.

Agent 1 (EntropySHUCTAnytime)
Winning score (between 0 and 1) : N=10, mean=1 (+/-0).
P1: N=5, mean=1 (+/-0).
P2: N=5, mean=1 (+/-0).
Game Durations: N=10, mean=40.1 (+/-9.111179).
P1: N=5, mean=47 (+/-14.77139).
P2: N=5, mean=33.2 (+/-7.995099).

Agent 2 (Example UCT)
Winning score (between 0 and 1) : N=10, mean=0 (+/-0).
P1: N=5, mean=0 (+/-0).
P2: N=5, mean=0 (+/-0).
Game Durations: N=10, mean=40.1 (+/-9.111179).
P1: N=5, mean=33.2 (+/-7.995099).
P2: N=5, mean=47 (+/-14.77139).
=====================================================
=====================================================
Completed 20 games.

Agent 1 (EntropySHUCTAnytime)
Winning score (between 0 and 1) : N=20, mean=1 (+/-0).
P1: N=10, mean=1 (+/-0).
P2: N=10, mean=1 (+/-0).
Game Durations: N=20, mean=43.1 (+/-6.69489).
P1: N=10, mean=48.6 (+/-8.761311).
P2: N=10, mean=37.6 (+/-9.309294).

Agent 2 (Example UCT)
Winning score (between 0 and 1) : N=20, mean=0 (+/-0).
P1: N=10, mean=0 (+/-0).
P2: N=10, mean=0 (+/-0).
Game Durations: N=20, mean=43.1 (+/-6.69489).
P1: N=10, mean=37.6 (+/-9.309294).
P2: N=10, mean=48.6 (+/-8.761311).
=====================================================
=====================================================
Completed 30 games.

Agent 1 (EntropySHUCTAnytime)
Winning score (between 0 and 1) : N=30, mean=1 (+/-0).
P1: N=15, mean=1 (+/-0).
P2: N=15, mean=1 (+/-0).
Game Durations: N=30, mean=41.5 (+/-5.522656).
P1: N=15, mean=48.333333 (+/-7.305174).
P2: N=15, mean=34.666667 (+/-6.882267).

Agent 2 (Example UCT)
Winning score (between 0 and 1) : N=30, mean=0 (+/-0).
P1: N=15, mean=0 (+/-0).
P2: N=15, mean=0 (+/-0).
Game Durations: N=30, mean=41.5 (+/-5.522656).
P1: N=15, mean=34.666667 (+/-6.882267).
P2: N=15, mean=48.333333 (+/-7.305174).
=====================================================
=====================================================
Completed 40 games.

Agent 1 (EntropySHUCTAnytime)
Winning score (between 0 and 1) : N=40, mean=1 (+/-0).
P1: N=20, mean=1 (+/-0).
P2: N=20, mean=1 (+/-0).
Game Durations: N=40, mean=44.4 (+/-5.002256).
P1: N=20, mean=49.3 (+/-6.04786).
P2: N=20, mean=39.5 (+/-7.512582).

Agent 2 (Example UCT)
Winning score (between 0 and 1) : N=40, mean=0 (+/-0).
P1: N=20, mean=0 (+/-0).
P2: N=20, mean=0 (+/-0).
Game Durations: N=40, mean=44.4 (+/-5.002256).
P1: N=20, mean=39.5 (+/-7.512582).
P2: N=20, mean=49.3 (+/-6.04786).
=====================================================
=====================================================
Completed 50 games.

Agent 1 (EntropySHUCTAnytime)
Winning score (between 0 and 1) : N=50, mean=0.98 (+/-0.039199).
P1: N=25, mean=0.96 (+/-0.078398).
P2: N=25, mean=1 (+/-0).
Game Durations: N=50, mean=44.16 (+/-4.344645).
P1: N=25, mean=47.12 (+/-5.389379).
P2: N=25, mean=41.2 (+/-6.725072).

Agent 2 (Example UCT)
Winning score (between 0 and 1) : N=50, mean=0.02 (+/-0.039199).
P1: N=25, mean=0 (+/-0).
P2: N=25, mean=0.04 (+/-0.078398).
Game Durations: N=50, mean=44.16 (+/-4.344645).
P1: N=25, mean=41.2 (+/-6.725072).
P2: N=25, mean=47.12 (+/-5.389379).
=====================================================
=====================================================
Completed 60 games.

Agent 1 (EntropySHUCTAnytime)
Winning score (between 0 and 1) : N=60, mean=0.966667 (+/-0.045804).
P1: N=30, mean=0.933333 (+/-0.090786).
P2: N=30, mean=1 (+/-0).
Game Durations: N=60, mean=44 (+/-3.797304).
P1: N=30, mean=46.866667 (+/-4.753517).
P2: N=30, mean=41.133333 (+/-5.822326).

Agent 2 (Example UCT)
Winning score (between 0 and 1) : N=60, mean=0.033333 (+/-0.045804).
P1: N=30, mean=0 (+/-0).
P2: N=30, mean=0.066667 (+/-0.090786).
Game Durations: N=60, mean=44 (+/-3.797304).
P1: N=30, mean=41.133333 (+/-5.822326).
P2: N=30, mean=46.866667 (+/-4.753517).
=====================================================
=====================================================
Completed 70 games.

Agent 1 (EntropySHUCTAnytime)
Winning score (between 0 and 1) : N=70, mean=0.942857 (+/-0.054768).
P1: N=35, mean=0.885714 (+/-0.106943).
P2: N=35, mean=1 (+/-0).
Game Durations: N=70, mean=43.814286 (+/-3.285526).
P1: N=35, mean=46.2 (+/-4.203492).
P2: N=35, mean=41.428571 (+/-4.985804).

Agent 2 (Example UCT)
Winning score (between 0 and 1) : N=70, mean=0.057143 (+/-0.054768).
P1: N=35, mean=0 (+/-0).
P2: N=35, mean=0.114286 (+/-0.106943).
Game Durations: N=70, mean=43.814286 (+/-3.285526).
P1: N=35, mean=41.428571 (+/-4.985804).
P2: N=35, mean=46.2 (+/-4.203492).
=====================================================
=====================================================
Completed 80 games.

Agent 1 (EntropySHUCTAnytime)
Winning score (between 0 and 1) : N=80, mean=0.9375 (+/-0.053378).
P1: N=40, mean=0.9 (+/-0.094153).
P2: N=40, mean=0.975 (+/-0.048999).
Game Durations: N=80, mean=44.3375 (+/-2.976094).
P1: N=40, mean=46.95 (+/-3.883282).
P2: N=40, mean=41.725 (+/-4.411159).

Agent 2 (Example UCT)
Winning score (between 0 and 1) : N=80, mean=0.0625 (+/-0.053378).
P1: N=40, mean=0.025 (+/-0.048999).
P2: N=40, mean=0.1 (+/-0.094153).
Game Durations: N=80, mean=44.3375 (+/-2.976094).
P1: N=40, mean=41.725 (+/-4.411159).
P2: N=40, mean=46.95 (+/-3.883282).
=====================================================
=====================================================
Completed 90 games.

Agent 1 (EntropySHUCTAnytime)
Winning score (between 0 and 1) : N=90, mean=0.944444 (+/-0.047589).
P1: N=45, mean=0.911111 (+/-0.084087).
P2: N=45, mean=0.977778 (+/-0.043555).
Game Durations: N=90, mean=44.2 (+/-3.013718).
P1: N=45, mean=45.844444 (+/-4.04366).
P2: N=45, mean=42.555556 (+/-4.463122).

Agent 2 (Example UCT)
Winning score (between 0 and 1) : N=90, mean=0.055556 (+/-0.047589).
P1: N=45, mean=0.022222 (+/-0.043555).
P2: N=45, mean=0.088889 (+/-0.084087).
Game Durations: N=90, mean=44.2 (+/-3.013718).
P1: N=45, mean=42.555556 (+/-4.463122).
P2: N=45, mean=45.844444 (+/-4.04366).
=====================================================
=====================================================
Completed 100 games.

Agent 1 (EntropySHUCTAnytime)
Winning score (between 0 and 1) : N=100, mean=0.95 (+/-0.042932).
P1: N=50, mean=0.92 (+/-0.075961).
P2: N=50, mean=0.98 (+/-0.039199).
Game Durations: N=100, mean=44.45 (+/-2.867766).
P1: N=50, mean=45.52 (+/-3.774522).
P2: N=50, mean=43.38 (+/-4.336529).

Agent 2 (Example UCT)
Winning score (between 0 and 1) : N=100, mean=0.05 (+/-0.042932).
P1: N=50, mean=0.02 (+/-0.039199).
P2: N=50, mean=0.08 (+/-0.075961).
Game Durations: N=100, mean=44.45 (+/-2.867766).
P1: N=50, mean=43.38 (+/-4.336529).
P2: N=50, mean=45.52 (+/-3.774522).
=====================================================
