Warming up...
Finished warming up!
=====================================================
Completed 1 games.

Agent 1 (EntropySHUCTAnytime)
Winning score (between 0 and 1) : N=1, mean=1 (+/-0).
P1: N=0, mean=0 (+/-0).
P2: N=1, mean=1 (+/-0).
Game Durations: N=1, mean=54 (+/-0).
P1: N=0, mean=0 (+/-0).
P2: N=1, mean=54 (+/-0).

Agent 2 (Example UCT)
Winning score (between 0 and 1) : N=1, mean=0 (+/-0).
P1: N=1, mean=0 (+/-0).
P2: N=0, mean=0 (+/-0).
Game Durations: N=1, mean=54 (+/-0).
P1: N=1, mean=54 (+/-0).
P2: N=0, mean=0 (+/-0).
=====================================================
=====================================================
Completed 2 games.

Agent 1 (EntropySHUCTAnytime)
Winning score (between 0 and 1) : N=2, mean=1 (+/-0).
P1: N=1, mean=1 (+/-0).
P2: N=1, mean=1 (+/-0).
Game Durations: N=2, mean=45.5 (+/-16.65966).
P1: N=1, mean=37 (+/-0).
P2: N=1, mean=54 (+/-0).

Agent 2 (Example UCT)
Winning score (between 0 and 1) : N=2, mean=0 (+/-0).
P1: N=1, mean=0 (+/-0).
P2: N=1, mean=0 (+/-0).
Game Durations: N=2, mean=45.5 (+/-16.65966).
P1: N=1, mean=54 (+/-0).
P2: N=1, mean=37 (+/-0).
=====================================================
=====================================================
Completed 3 games.

Agent 1 (EntropySHUCTAnytime)
Winning score (between 0 and 1) : N=3, mean=1 (+/-0).
P1: N=1, mean=1 (+/-0).
P2: N=2, mean=1 (+/-0).
Game Durations: N=3, mean=48.333333 (+/-11.10644).
P1: N=1, mean=37 (+/-0).
P2: N=2, mean=54 (+/-0).

Agent 2 (Example UCT)
Winning score (between 0 and 1) : N=3, mean=0 (+/-0).
P1: N=2, mean=0 (+/-0).
P2: N=1, mean=0 (+/-0).
Game Durations: N=3, mean=48.333333 (+/-11.10644).
P1: N=2, mean=54 (+/-0).
P2: N=1, mean=37 (+/-0).
=====================================================
=====================================================
Completed 4 games.

Agent 1 (EntropySHUCTAnytime)
Winning score (between 0 and 1) : N=4, mean=1 (+/-0).
P1: N=2, mean=1 (+/-0).
P2: N=2, mean=1 (+/-0).
Game Durations: N=4, mean=49 (+/-7.961395).
P1: N=2, mean=44 (+/-13.71972).
P2: N=2, mean=54 (+/-0).

Agent 2 (Example UCT)
Winning score (between 0 and 1) : N=4, mean=0 (+/-0).
P1: N=2, mean=0 (+/-0).
P2: N=2, mean=0 (+/-0).
Game Durations: N=4, mean=49 (+/-7.961395).
P1: N=2, mean=54 (+/-0).
P2: N=2, mean=44 (+/-13.71972).
=====================================================
=====================================================
Completed 5 games.

Agent 1 (EntropySHUCTAnytime)
Winning score (between 0 and 1) : N=5, mean=1 (+/-0).
P1: N=2, mean=1 (+/-0).
P2: N=3, mean=1 (+/-0).
Game Durations: N=5, mean=46.8 (+/-7.524817).
P1: N=2, mean=44 (+/-13.71972).
P2: N=3, mean=48.666667 (+/-10.45312).

Agent 2 (Example UCT)
Winning score (between 0 and 1) : N=5, mean=0 (+/-0).
P1: N=3, mean=0 (+/-0).
P2: N=2, mean=0 (+/-0).
Game Durations: N=5, mean=46.8 (+/-7.524817).
P1: N=3, mean=48.666667 (+/-10.45312).
P2: N=2, mean=44 (+/-13.71972).
=====================================================
=====================================================
Completed 10 games.

Agent 1 (EntropySHUCTAnytime)
Winning score (between 0 and 1) : N=10, mean=1 (+/-0).
P1: N=5, mean=1 (+/-0).
P2: N=5, mean=1 (+/-0).
Game Durations: N=10, mean=47.1 (+/-6.470507).
P1: N=5, mean=43.8 (+/-10.989767).
P2: N=5, mean=50.4 (+/-6.834614).

Agent 2 (Example UCT)
Winning score (between 0 and 1) : N=10, mean=0 (+/-0).
P1: N=5, mean=0 (+/-0).
P2: N=5, mean=0 (+/-0).
Game Durations: N=10, mean=47.1 (+/-6.470507).
P1: N=5, mean=50.4 (+/-6.834614).
P2: N=5, mean=43.8 (+/-10.989767).
=====================================================
=====================================================
Completed 20 games.

Agent 1 (EntropySHUCTAnytime)
Winning score (between 0 and 1) : N=20, mean=1 (+/-0).
P1: N=10, mean=1 (+/-0).
P2: N=10, mean=1 (+/-0).
Game Durations: N=20, mean=49.1 (+/-5.993795).
P1: N=10, mean=51.4 (+/-8.259784).
P2: N=10, mean=46.8 (+/-8.885152).

Agent 2 (Example UCT)
Winning score (between 0 and 1) : N=20, mean=0 (+/-0).
P1: N=10, mean=0 (+/-0).
P2: N=10, mean=0 (+/-0).
Game Durations: N=20, mean=49.1 (+/-5.993795).
P1: N=10, mean=46.8 (+/-8.885152).
P2: N=10, mean=51.4 (+/-8.259784).
=====================================================
=====================================================
Completed 30 games.

Agent 1 (EntropySHUCTAnytime)
Winning score (between 0 and 1) : N=30, mean=1 (+/-0).
P1: N=15, mean=1 (+/-0).
P2: N=15, mean=1 (+/-0).
Game Durations: N=30, mean=47.9 (+/-4.796623).
P1: N=15, mean=51.933333 (+/-6.330706).
P2: N=15, mean=43.866667 (+/-6.805288).

Agent 2 (Example UCT)
Winning score (between 0 and 1) : N=30, mean=0 (+/-0).
P1: N=15, mean=0 (+/-0).
P2: N=15, mean=0 (+/-0).
Game Durations: N=30, mean=47.9 (+/-4.796623).
P1: N=15, mean=43.866667 (+/-6.805288).
P2: N=15, mean=51.933333 (+/-6.330706).
=====================================================
=====================================================
Completed 40 games.

Agent 1 (EntropySHUCTAnytime)
Winning score (between 0 and 1) : N=40, mean=1 (+/-0).
P1: N=20, mean=1 (+/-0).
P2: N=20, mean=1 (+/-0).
Game Durations: N=40, mean=48.15 (+/-4.380103).
P1: N=20, mean=51.4 (+/-6.109889).
P2: N=20, mean=44.9 (+/-6.095809).

Agent 2 (Example UCT)
Winning score (between 0 and 1) : N=40, mean=0 (+/-0).
P1: N=20, mean=0 (+/-0).
P2: N=20, mean=0 (+/-0).
Game Durations: N=40, mean=48.15 (+/-4.380103).
P1: N=20, mean=44.9 (+/-6.095809).
P2: N=20, mean=51.4 (+/-6.109889).
=====================================================
=====================================================
Completed 50 games.

Agent 1 (EntropySHUCTAnytime)
Winning score (between 0 and 1) : N=50, mean=0.96 (+/-0.054867).
P1: N=25, mean=0.96 (+/-0.078398).
P2: N=25, mean=0.96 (+/-0.078398).
Game Durations: N=50, mean=47.3 (+/-3.985077).
P1: N=25, mean=49.68 (+/-5.764104).
P2: N=25, mean=44.92 (+/-5.459723).

Agent 2 (Example UCT)
Winning score (between 0 and 1) : N=50, mean=0.04 (+/-0.054867).
P1: N=25, mean=0.04 (+/-0.078398).
P2: N=25, mean=0.04 (+/-0.078398).
Game Durations: N=50, mean=47.3 (+/-3.985077).
P1: N=25, mean=44.92 (+/-5.459723).
P2: N=25, mean=49.68 (+/-5.764104).
=====================================================
=====================================================
Completed 60 games.

Agent 1 (EntropySHUCTAnytime)
Winning score (between 0 and 1) : N=60, mean=0.966667 (+/-0.045804).
P1: N=30, mean=0.966667 (+/-0.065332).
P2: N=30, mean=0.966667 (+/-0.065332).
Game Durations: N=60, mean=45.866667 (+/-3.587608).
P1: N=30, mean=47.766667 (+/-5.368545).
P2: N=30, mean=43.966667 (+/-4.753285).

Agent 2 (Example UCT)
Winning score (between 0 and 1) : N=60, mean=0.033333 (+/-0.045804).
P1: N=30, mean=0.033333 (+/-0.065332).
P2: N=30, mean=0.033333 (+/-0.065332).
Game Durations: N=60, mean=45.866667 (+/-3.587608).
P1: N=30, mean=43.966667 (+/-4.753285).
P2: N=30, mean=47.766667 (+/-5.368545).
=====================================================
=====================================================
Completed 70 games.

Agent 1 (EntropySHUCTAnytime)
Winning score (between 0 and 1) : N=70, mean=0.957143 (+/-0.047788).
P1: N=35, mean=0.942857 (+/-0.078021).
P2: N=35, mean=0.971429 (+/-0.055999).
Game Durations: N=70, mean=45.771429 (+/-3.281864).
P1: N=35, mean=47.571429 (+/-5.004545).
P2: N=35, mean=43.971429 (+/-4.235384).

Agent 2 (Example UCT)
Winning score (between 0 and 1) : N=70, mean=0.042857 (+/-0.047788).
P1: N=35, mean=0.028571 (+/-0.055999).
P2: N=35, mean=0.057143 (+/-0.078021).
Game Durations: N=70, mean=45.771429 (+/-3.281864).
P1: N=35, mean=43.971429 (+/-4.235384).
P2: N=35, mean=47.571429 (+/-5.004545).
=====================================================
=====================================================
Completed 80 games.

Agent 1 (EntropySHUCTAnytime)
Winning score (between 0 and 1) : N=80, mean=0.9625 (+/-0.041894).
P1: N=40, mean=0.95 (+/-0.068401).
P2: N=40, mean=0.975 (+/-0.048999).
Game Durations: N=80, mean=45.1875 (+/-2.980818).
P1: N=40, mean=46.85 (+/-4.583934).
P2: N=40, mean=43.525 (+/-3.799977).

Agent 2 (Example UCT)
Winning score (between 0 and 1) : N=80, mean=0.0375 (+/-0.041894).
P1: N=40, mean=0.025 (+/-0.048999).
P2: N=40, mean=0.05 (+/-0.068401).
Game Durations: N=80, mean=45.1875 (+/-2.980818).
P1: N=40, mean=43.525 (+/-3.799977).
P2: N=40, mean=46.85 (+/-4.583934).
=====================================================
=====================================================
Completed 90 games.

Agent 1 (EntropySHUCTAnytime)
Winning score (between 0 and 1) : N=90, mean=0.966667 (+/-0.037293).
P1: N=45, mean=0.955556 (+/-0.060892).
P2: N=45, mean=0.977778 (+/-0.043555).
Game Durations: N=90, mean=45.022222 (+/-2.741702).
P1: N=45, mean=46.022222 (+/-4.172836).
P2: N=45, mean=44.022222 (+/-3.580814).

Agent 2 (Example UCT)
Winning score (between 0 and 1) : N=90, mean=0.033333 (+/-0.037293).
P1: N=45, mean=0.022222 (+/-0.043555).
P2: N=45, mean=0.044444 (+/-0.060892).
Game Durations: N=90, mean=45.022222 (+/-2.741702).
P1: N=45, mean=44.022222 (+/-3.580814).
P2: N=45, mean=46.022222 (+/-4.172836).
=====================================================
=====================================================
Completed 100 games.

Agent 1 (EntropySHUCTAnytime)
Winning score (between 0 and 1) : N=100, mean=0.96 (+/-0.038601).
P1: N=50, mean=0.94 (+/-0.066495).
P2: N=50, mean=0.98 (+/-0.039199).
Game Durations: N=100, mean=45.58 (+/-2.622348).
P1: N=50, mean=46.38 (+/-3.901433).
P2: N=50, mean=44.78 (+/-3.530722).

Agent 2 (Example UCT)
Winning score (between 0 and 1) : N=100, mean=0.04 (+/-0.038601).
P1: N=50, mean=0.02 (+/-0.039199).
P2: N=50, mean=0.06 (+/-0.066495).
Game Durations: N=100, mean=45.58 (+/-2.622348).
P1: N=50, mean=44.78 (+/-3.530722).
P2: N=50, mean=46.38 (+/-3.901433).
=====================================================
