Warming up...
Finished warming up!
=====================================================
Completed 1 games.

Agent 1 (EntropySHUCTAnytime)
Winning score (between 0 and 1) : N=1, mean=1 (+/-0).
P1: N=1, mean=1 (+/-0).
P2: N=0, mean=0 (+/-0).
Game Durations: N=1, mean=55 (+/-0).
P1: N=1, mean=55 (+/-0).
P2: N=0, mean=0 (+/-0).

Agent 2 (Example UCT)
Winning score (between 0 and 1) : N=1, mean=0 (+/-0).
P1: N=0, mean=0 (+/-0).
P2: N=1, mean=0 (+/-0).
Game Durations: N=1, mean=55 (+/-0).
P1: N=0, mean=0 (+/-0).
P2: N=1, mean=55 (+/-0).
=====================================================
=====================================================
Completed 2 games.

Agent 1 (EntropySHUCTAnytime)
Winning score (between 0 and 1) : N=2, mean=1 (+/-0).
P1: N=1, mean=1 (+/-0).
P2: N=1, mean=1 (+/-0).
Game Durations: N=2, mean=57.5 (+/-4.8999).
P1: N=1, mean=55 (+/-0).
P2: N=1, mean=60 (+/-0).

Agent 2 (Example UCT)
Winning score (between 0 and 1) : N=2, mean=0 (+/-0).
P1: N=1, mean=0 (+/-0).
P2: N=1, mean=0 (+/-0).
Game Durations: N=2, mean=57.5 (+/-4.8999).
P1: N=1, mean=60 (+/-0).
P2: N=1, mean=55 (+/-0).
=====================================================
=====================================================
Completed 3 games.

Agent 1 (EntropySHUCTAnytime)
Winning score (between 0 and 1) : N=3, mean=1 (+/-0).
P1: N=2, mean=1 (+/-0).
P2: N=1, mean=1 (+/-0).
Game Durations: N=3, mean=53.333333 (+/-8.642611).
P1: N=2, mean=50 (+/-9.7998).
P2: N=1, mean=60 (+/-0).

Agent 2 (Example UCT)
Winning score (between 0 and 1) : N=3, mean=0 (+/-0).
P1: N=1, mean=0 (+/-0).
P2: N=2, mean=0 (+/-0).
Game Durations: N=3, mean=53.333333 (+/-8.642611).
P1: N=1, mean=60 (+/-0).
P2: N=2, mean=50 (+/-9.7998).
=====================================================
=====================================================
Completed 4 games.

Agent 1 (EntropySHUCTAnytime)
Winning score (between 0 and 1) : N=4, mean=1 (+/-0).
P1: N=2, mean=1 (+/-0).
P2: N=2, mean=1 (+/-0).
Game Durations: N=4, mean=51 (+/-7.632948).
P1: N=2, mean=50 (+/-9.7998).
P2: N=2, mean=52 (+/-15.67968).

Agent 2 (Example UCT)
Winning score (between 0 and 1) : N=4, mean=0 (+/-0).
P1: N=2, mean=0 (+/-0).
P2: N=2, mean=0 (+/-0).
Game Durations: N=4, mean=51 (+/-7.632948).
P1: N=2, mean=52 (+/-15.67968).
P2: N=2, mean=50 (+/-9.7998).
=====================================================
=====================================================
Completed 5 games.

Agent 1 (EntropySHUCTAnytime)
Winning score (between 0 and 1) : N=5, mean=1 (+/-0).
P1: N=3, mean=1 (+/-0).
P2: N=2, mean=1 (+/-0).
Game Durations: N=5, mean=53 (+/-7.093864).
P1: N=3, mean=53.666667 (+/-9.14648).
P2: N=2, mean=52 (+/-15.67968).

Agent 2 (Example UCT)
Winning score (between 0 and 1) : N=5, mean=0 (+/-0).
P1: N=2, mean=0 (+/-0).
P2: N=3, mean=0 (+/-0).
Game Durations: N=5, mean=53 (+/-7.093864).
P1: N=2, mean=52 (+/-15.67968).
P2: N=3, mean=53.666667 (+/-9.14648).
=====================================================
=====================================================
Completed 10 games.

Agent 1 (EntropySHUCTAnytime)
Winning score (between 0 and 1) : N=10, mean=1 (+/-0).
P1: N=5, mean=1 (+/-0).
P2: N=5, mean=1 (+/-0).
Game Durations: N=10, mean=53.1 (+/-7.405606).
P1: N=5, mean=52.2 (+/-5.626144).
P2: N=5, mean=54 (+/-14.614522).

Agent 2 (Example UCT)
Winning score (between 0 and 1) : N=10, mean=0 (+/-0).
P1: N=5, mean=0 (+/-0).
P2: N=5, mean=0 (+/-0).
Game Durations: N=10, mean=53.1 (+/-7.405606).
P1: N=5, mean=54 (+/-14.614522).
P2: N=5, mean=52.2 (+/-5.626144).
=====================================================
=====================================================
Completed 20 games.

Agent 1 (EntropySHUCTAnytime)
Winning score (between 0 and 1) : N=20, mean=1 (+/-0).
P1: N=10, mean=1 (+/-0).
P2: N=10, mean=1 (+/-0).
Game Durations: N=20, mean=50.2 (+/-6.658097).
P1: N=10, mean=49.2 (+/-7.095669).
P2: N=10, mean=51.2 (+/-11.660618).

Agent 2 (Example UCT)
Winning score (between 0 and 1) : N=20, mean=0 (+/-0).
P1: N=10, mean=0 (+/-0).
P2: N=10, mean=0 (+/-0).
Game Durations: N=20, mean=50.2 (+/-6.658097).
P1: N=10, mean=51.2 (+/-11.660618).
P2: N=10, mean=49.2 (+/-7.095669).
=====================================================
=====================================================
Completed 30 games.

Agent 1 (EntropySHUCTAnytime)
Winning score (between 0 and 1) : N=30, mean=1 (+/-0).
P1: N=15, mean=1 (+/-0).
P2: N=15, mean=1 (+/-0).
Game Durations: N=30, mean=49.433333 (+/-5.645169).
P1: N=15, mean=45.266667 (+/-7.010775).
P2: N=15, mean=53.6 (+/-8.564225).

Agent 2 (Example UCT)
Winning score (between 0 and 1) : N=30, mean=0 (+/-0).
P1: N=15, mean=0 (+/-0).
P2: N=15, mean=0 (+/-0).
Game Durations: N=30, mean=49.433333 (+/-5.645169).
P1: N=15, mean=53.6 (+/-8.564225).
P2: N=15, mean=45.266667 (+/-7.010775).
=====================================================
=====================================================
Completed 40 games.

Agent 1 (EntropySHUCTAnytime)
Winning score (between 0 and 1) : N=40, mean=1 (+/-0).
P1: N=20, mean=1 (+/-0).
P2: N=20, mean=1 (+/-0).
Game Durations: N=40, mean=49 (+/-4.693003).
P1: N=20, mean=45.7 (+/-5.509031).
P2: N=20, mean=52.3 (+/-7.460731).

Agent 2 (Example UCT)
Winning score (between 0 and 1) : N=40, mean=0 (+/-0).
P1: N=20, mean=0 (+/-0).
P2: N=20, mean=0 (+/-0).
Game Durations: N=40, mean=49 (+/-4.693003).
P1: N=20, mean=52.3 (+/-7.460731).
P2: N=20, mean=45.7 (+/-5.509031).
=====================================================
=====================================================
Completed 50 games.

Agent 1 (EntropySHUCTAnytime)
Winning score (between 0 and 1) : N=50, mean=0.98 (+/-0.039199).
P1: N=25, mean=0.96 (+/-0.078398).
P2: N=25, mean=1 (+/-0).
Game Durations: N=50, mean=48.88 (+/-4.021264).
P1: N=25, mean=48 (+/-4.869755).
P2: N=25, mean=49.76 (+/-6.485938).

Agent 2 (Example UCT)
Winning score (between 0 and 1) : N=50, mean=0.02 (+/-0.039199).
P1: N=25, mean=0 (+/-0).
P2: N=25, mean=0.04 (+/-0.078398).
Game Durations: N=50, mean=48.88 (+/-4.021264).
P1: N=25, mean=49.76 (+/-6.485938).
P2: N=25, mean=48 (+/-4.869755).
=====================================================
=====================================================
Completed 60 games.

Agent 1 (EntropySHUCTAnytime)
Winning score (between 0 and 1) : N=60, mean=0.95 (+/-0.055612).
P1: N=30, mean=0.933333 (+/-0.090786).
P2: N=30, mean=0.966667 (+/-0.065332).
Game Durations: N=60, mean=49.483333 (+/-3.825347).
P1: N=30, mean=48.133333 (+/-5.172551).
P2: N=30, mean=50.833333 (+/-5.683677).

Agent 2 (Example UCT)
Winning score (between 0 and 1) : N=60, mean=0.05 (+/-0.055612).
P1: N=30, mean=0.033333 (+/-0.065332).
P2: N=30, mean=0.066667 (+/-0.090786).
Game Durations: N=60, mean=49.483333 (+/-3.825347).
P1: N=30, mean=50.833333 (+/-5.683677).
P2: N=30, mean=48.133333 (+/-5.172551).
=====================================================
=====================================================
Completed 70 games.

Agent 1 (EntropySHUCTAnytime)
Winning score (between 0 and 1) : N=70, mean=0.957143 (+/-0.047788).
P1: N=35, mean=0.942857 (+/-0.078021).
P2: N=35, mean=0.971429 (+/-0.055999).
Game Durations: N=70, mean=50.485714 (+/-3.699194).
P1: N=35, mean=49.4 (+/-5.133764).
P2: N=35, mean=51.571429 (+/-5.377657).

Agent 2 (Example UCT)
Winning score (between 0 and 1) : N=70, mean=0.042857 (+/-0.047788).
P1: N=35, mean=0.028571 (+/-0.055999).
P2: N=35, mean=0.057143 (+/-0.078021).
Game Durations: N=70, mean=50.485714 (+/-3.699194).
P1: N=35, mean=51.571429 (+/-5.377657).
P2: N=35, mean=49.4 (+/-5.133764).
=====================================================
=====================================================
Completed 80 games.

Agent 1 (EntropySHUCTAnytime)
Winning score (between 0 and 1) : N=80, mean=0.925 (+/-0.058081).
P1: N=40, mean=0.925 (+/-0.082664).
P2: N=40, mean=0.925 (+/-0.082664).
Game Durations: N=80, mean=51 (+/-3.481379).
P1: N=40, mean=49.775 (+/-4.786255).
P2: N=40, mean=52.225 (+/-5.088975).

Agent 2 (Example UCT)
Winning score (between 0 and 1) : N=80, mean=0.075 (+/-0.058081).
P1: N=40, mean=0.075 (+/-0.082664).
P2: N=40, mean=0.075 (+/-0.082664).
Game Durations: N=80, mean=51 (+/-3.481379).
P1: N=40, mean=52.225 (+/-5.088975).
P2: N=40, mean=49.775 (+/-4.786255).
=====================================================
=====================================================
Completed 90 games.

Agent 1 (EntropySHUCTAnytime)
Winning score (between 0 and 1) : N=90, mean=0.922222 (+/-0.055641).
P1: N=45, mean=0.911111 (+/-0.084087).
P2: N=45, mean=0.933333 (+/-0.073704).
Game Durations: N=90, mean=50.444444 (+/-3.311526).
P1: N=45, mean=49.533333 (+/-4.544984).
P2: N=45, mean=51.355556 (+/-4.854014).

Agent 2 (Example UCT)
Winning score (between 0 and 1) : N=90, mean=0.077778 (+/-0.055641).
P1: N=45, mean=0.066667 (+/-0.073704).
P2: N=45, mean=0.088889 (+/-0.084087).
Game Durations: N=90, mean=50.444444 (+/-3.311526).
P1: N=45, mean=51.355556 (+/-4.854014).
P2: N=45, mean=49.533333 (+/-4.544984).
=====================================================
=====================================================
Completed 100 games.

Agent 1 (EntropySHUCTAnytime)
Winning score (between 0 and 1) : N=100, mean=0.92 (+/-0.05344).
P1: N=50, mean=0.9 (+/-0.083998).
P2: N=50, mean=0.94 (+/-0.066495).
Game Durations: N=100, mean=50.12 (+/-3.137579).
P1: N=50, mean=48.86 (+/-4.380818).
P2: N=50, mean=51.38 (+/-4.509869).

Agent 2 (Example UCT)
Winning score (between 0 and 1) : N=100, mean=0.08 (+/-0.05344).
P1: N=50, mean=0.06 (+/-0.066495).
P2: N=50, mean=0.1 (+/-0.083998).
Game Durations: N=100, mean=50.12 (+/-3.137579).
P1: N=50, mean=51.38 (+/-4.509869).
P2: N=50, mean=48.86 (+/-4.380818).
=====================================================
