Warming up...
Finished warming up!
=====================================================
Completed 1 games.

Agent 1 (EntropySHUCTAnytime)
Winning score (between 0 and 1) : N=1, mean=1 (+/-0).
P1: N=0, mean=0 (+/-0).
P2: N=1, mean=1 (+/-0).
Game Durations: N=1, mean=38 (+/-0).
P1: N=0, mean=0 (+/-0).
P2: N=1, mean=38 (+/-0).

Agent 2 (Example UCT)
Winning score (between 0 and 1) : N=1, mean=0 (+/-0).
P1: N=1, mean=0 (+/-0).
P2: N=0, mean=0 (+/-0).
Game Durations: N=1, mean=38 (+/-0).
P1: N=1, mean=38 (+/-0).
P2: N=0, mean=0 (+/-0).
=====================================================
=====================================================
Completed 2 games.

Agent 1 (EntropySHUCTAnytime)
Winning score (between 0 and 1) : N=2, mean=1 (+/-0).
P1: N=1, mean=1 (+/-0).
P2: N=1, mean=1 (+/-0).
Game Durations: N=2, mean=37.5 (+/-0.97998).
P1: N=1, mean=37 (+/-0).
P2: N=1, mean=38 (+/-0).

Agent 2 (Example UCT)
Winning score (between 0 and 1) : N=2, mean=0 (+/-0).
P1: N=1, mean=0 (+/-0).
P2: N=1, mean=0 (+/-0).
Game Durations: N=2, mean=37.5 (+/-0.97998).
P1: N=1, mean=38 (+/-0).
P2: N=1, mean=37 (+/-0).
=====================================================
=====================================================
Completed 3 games.

Agent 1 (EntropySHUCTAnytime)
Winning score (between 0 and 1) : N=3, mean=1 (+/-0).
P1: N=1, mean=1 (+/-0).
P2: N=2, mean=1 (+/-0).
Game Durations: N=3, mean=39.666667 (+/-4.284106).
P1: N=1, mean=37 (+/-0).
P2: N=2, mean=41 (+/-5.87988).

Agent 2 (Example UCT)
Winning score (between 0 and 1) : N=3, mean=0 (+/-0).
P1: N=2, mean=0 (+/-0).
P2: N=1, mean=0 (+/-0).
Game Durations: N=3, mean=39.666667 (+/-4.284106).
P1: N=2, mean=41 (+/-5.87988).
P2: N=1, mean=37 (+/-0).
=====================================================
=====================================================
Completed 4 games.

Agent 1 (EntropySHUCTAnytime)
Winning score (between 0 and 1) : N=4, mean=1 (+/-0).
P1: N=2, mean=1 (+/-0).
P2: N=2, mean=1 (+/-0).
Game Durations: N=4, mean=39 (+/-3.299104).
P1: N=2, mean=37 (+/-0).
P2: N=2, mean=41 (+/-5.87988).

Agent 2 (Example UCT)
Winning score (between 0 and 1) : N=4, mean=0 (+/-0).
P1: N=2, mean=0 (+/-0).
P2: N=2, mean=0 (+/-0).
Game Durations: N=4, mean=39 (+/-3.299104).
P1: N=2, mean=41 (+/-5.87988).
P2: N=2, mean=37 (+/-0).
=====================================================
=====================================================
Completed 5 games.

Agent 1 (EntropySHUCTAnytime)
Winning score (between 0 and 1) : N=5, mean=1 (+/-0).
P1: N=2, mean=1 (+/-0).
P2: N=3, mean=1 (+/-0).
Game Durations: N=5, mean=40.8 (+/-4.356229).
P1: N=2, mean=37 (+/-0).
P2: N=3, mean=43.333333 (+/-5.695512).

Agent 2 (Example UCT)
Winning score (between 0 and 1) : N=5, mean=0 (+/-0).
P1: N=3, mean=0 (+/-0).
P2: N=2, mean=0 (+/-0).
Game Durations: N=5, mean=40.8 (+/-4.356229).
P1: N=3, mean=43.333333 (+/-5.695512).
P2: N=2, mean=37 (+/-0).
=====================================================
=====================================================
Completed 10 games.

Agent 1 (EntropySHUCTAnytime)
Winning score (between 0 and 1) : N=10, mean=1 (+/-0).
P1: N=5, mean=1 (+/-0).
P2: N=5, mean=1 (+/-0).
Game Durations: N=10, mean=44.3 (+/-7.619235).
P1: N=5, mean=42.6 (+/-14.530166).
P2: N=5, mean=46 (+/-6.675383).

Agent 2 (Example UCT)
Winning score (between 0 and 1) : N=10, mean=0 (+/-0).
P1: N=5, mean=0 (+/-0).
P2: N=5, mean=0 (+/-0).
Game Durations: N=10, mean=44.3 (+/-7.619235).
P1: N=5, mean=46 (+/-6.675383).
P2: N=5, mean=42.6 (+/-14.530166).
=====================================================
=====================================================
Completed 20 games.

Agent 1 (EntropySHUCTAnytime)
Winning score (between 0 and 1) : N=20, mean=0.95 (+/-0.097998).
P1: N=10, mean=1 (+/-0).
P2: N=10, mean=0.9 (+/-0.195996).
Game Durations: N=20, mean=39.75 (+/-5.080946).
P1: N=10, mean=38.8 (+/-8.416425).
P2: N=10, mean=40.7 (+/-6.115089).

Agent 2 (Example UCT)
Winning score (between 0 and 1) : N=20, mean=0.05 (+/-0.097998).
P1: N=10, mean=0.1 (+/-0.195996).
P2: N=10, mean=0 (+/-0).
Game Durations: N=20, mean=39.75 (+/-5.080946).
P1: N=10, mean=40.7 (+/-6.115089).
P2: N=10, mean=38.8 (+/-8.416425).
=====================================================
=====================================================
Completed 30 games.

Agent 1 (EntropySHUCTAnytime)
Winning score (between 0 and 1) : N=30, mean=0.966667 (+/-0.065332).
P1: N=15, mean=1 (+/-0).
P2: N=15, mean=0.933333 (+/-0.130664).
Game Durations: N=30, mean=39.066667 (+/-4.388578).
P1: N=15, mean=38.6 (+/-6.639113).
P2: N=15, mean=39.533333 (+/-5.965945).

Agent 2 (Example UCT)
Winning score (between 0 and 1) : N=30, mean=0.033333 (+/-0.065332).
P1: N=15, mean=0.066667 (+/-0.130664).
P2: N=15, mean=0 (+/-0).
Game Durations: N=30, mean=39.066667 (+/-4.388578).
P1: N=15, mean=39.533333 (+/-5.965945).
P2: N=15, mean=38.6 (+/-6.639113).
=====================================================
=====================================================
Completed 40 games.

Agent 1 (EntropySHUCTAnytime)
Winning score (between 0 and 1) : N=40, mean=0.95 (+/-0.068401).
P1: N=20, mean=1 (+/-0).
P2: N=20, mean=0.9 (+/-0.134894).
Game Durations: N=40, mean=41.45 (+/-3.822566).
P1: N=20, mean=42.1 (+/-5.845221).
P2: N=20, mean=40.8 (+/-5.064456).

Agent 2 (Example UCT)
Winning score (between 0 and 1) : N=40, mean=0.05 (+/-0.068401).
P1: N=20, mean=0.1 (+/-0.134894).
P2: N=20, mean=0 (+/-0).
Game Durations: N=40, mean=41.45 (+/-3.822566).
P1: N=20, mean=40.8 (+/-5.064456).
P2: N=20, mean=42.1 (+/-5.845221).
=====================================================
=====================================================
Completed 50 games.

Agent 1 (EntropySHUCTAnytime)
Winning score (between 0 and 1) : N=50, mean=0.94 (+/-0.066495).
P1: N=25, mean=0.96 (+/-0.078398).
P2: N=25, mean=0.92 (+/-0.108538).
Game Durations: N=50, mean=42.2 (+/-3.574289).
P1: N=25, mean=44.08 (+/-5.589518).
P2: N=25, mean=40.32 (+/-4.448893).

Agent 2 (Example UCT)
Winning score (between 0 and 1) : N=50, mean=0.06 (+/-0.066495).
P1: N=25, mean=0.08 (+/-0.108538).
P2: N=25, mean=0.04 (+/-0.078398).
Game Durations: N=50, mean=42.2 (+/-3.574289).
P1: N=25, mean=40.32 (+/-4.448893).
P2: N=25, mean=44.08 (+/-5.589518).
=====================================================
=====================================================
Completed 60 games.

Agent 1 (EntropySHUCTAnytime)
Winning score (between 0 and 1) : N=60, mean=0.95 (+/-0.055612).
P1: N=30, mean=0.966667 (+/-0.065332).
P2: N=30, mean=0.933333 (+/-0.090786).
Game Durations: N=60, mean=43.35 (+/-3.442625).
P1: N=30, mean=45.366667 (+/-5.097528).
P2: N=30, mean=41.333333 (+/-4.600194).

Agent 2 (Example UCT)
Winning score (between 0 and 1) : N=60, mean=0.05 (+/-0.055612).
P1: N=30, mean=0.066667 (+/-0.090786).
P2: N=30, mean=0.033333 (+/-0.065332).
Game Durations: N=60, mean=43.35 (+/-3.442625).
P1: N=30, mean=41.333333 (+/-4.600194).
P2: N=30, mean=45.366667 (+/-5.097528).
=====================================================
=====================================================
Completed 70 games.

Agent 1 (EntropySHUCTAnytime)
Winning score (between 0 and 1) : N=70, mean=0.957143 (+/-0.047788).
P1: N=35, mean=0.971429 (+/-0.055999).
P2: N=35, mean=0.942857 (+/-0.078021).
Game Durations: N=70, mean=44.428571 (+/-3.213391).
P1: N=35, mean=46.742857 (+/-4.773486).
P2: N=35, mean=42.114286 (+/-4.232552).

Agent 2 (Example UCT)
Winning score (between 0 and 1) : N=70, mean=0.042857 (+/-0.047788).
P1: N=35, mean=0.057143 (+/-0.078021).
P2: N=35, mean=0.028571 (+/-0.055999).
Game Durations: N=70, mean=44.428571 (+/-3.213391).
P1: N=35, mean=42.114286 (+/-4.232552).
P2: N=35, mean=46.742857 (+/-4.773486).
=====================================================
=====================================================
Completed 80 games.

Agent 1 (EntropySHUCTAnytime)
Winning score (between 0 and 1) : N=80, mean=0.9625 (+/-0.041894).
P1: N=40, mean=0.975 (+/-0.048999).
P2: N=40, mean=0.95 (+/-0.068401).
Game Durations: N=80, mean=44.1625 (+/-3.037046).
P1: N=40, mean=46.475 (+/-4.701908).
P2: N=40, mean=41.85 (+/-3.769111).

Agent 2 (Example UCT)
Winning score (between 0 and 1) : N=80, mean=0.0375 (+/-0.041894).
P1: N=40, mean=0.05 (+/-0.068401).
P2: N=40, mean=0.025 (+/-0.048999).
Game Durations: N=80, mean=44.1625 (+/-3.037046).
P1: N=40, mean=41.85 (+/-3.769111).
P2: N=40, mean=46.475 (+/-4.701908).
=====================================================
=====================================================
Completed 90 games.

Agent 1 (EntropySHUCTAnytime)
Winning score (between 0 and 1) : N=90, mean=0.966667 (+/-0.037293).
P1: N=45, mean=0.977778 (+/-0.043555).
P2: N=45, mean=0.955556 (+/-0.060892).
Game Durations: N=90, mean=43.622222 (+/-2.796705).
P1: N=45, mean=45.111111 (+/-4.403899).
P2: N=45, mean=42.133333 (+/-3.443887).

Agent 2 (Example UCT)
Winning score (between 0 and 1) : N=90, mean=0.033333 (+/-0.037293).
P1: N=45, mean=0.044444 (+/-0.060892).
P2: N=45, mean=0.022222 (+/-0.043555).
Game Durations: N=90, mean=43.622222 (+/-2.796705).
P1: N=45, mean=42.133333 (+/-3.443887).
P2: N=45, mean=45.111111 (+/-4.403899).
=====================================================
=====================================================
Completed 100 games.

Agent 1 (EntropySHUCTAnytime)
Winning score (between 0 and 1) : N=100, mean=0.97 (+/-0.033603).
P1: N=50, mean=0.98 (+/-0.039199).
P2: N=50, mean=0.96 (+/-0.054867).
Game Durations: N=100, mean=43.93 (+/-2.642994).
P1: N=50, mean=45.58 (+/-4.186861).
P2: N=50, mean=42.28 (+/-3.204701).

Agent 2 (Example UCT)
Winning score (between 0 and 1) : N=100, mean=0.03 (+/-0.033603).
P1: N=50, mean=0.04 (+/-0.054867).
P2: N=50, mean=0.02 (+/-0.039199).
Game Durations: N=100, mean=43.93 (+/-2.642994).
P1: N=50, mean=42.28 (+/-3.204701).
P2: N=50, mean=45.58 (+/-4.186861).
=====================================================
