Warming up...
Finished warming up!
=====================================================
Completed 1 games.

Agent 1 (RegressionTreeSHUCTAny)
Winning score (between 0 and 1) : N=1, mean=0 (+/-0).
P1: N=0, mean=0 (+/-0).
P2: N=1, mean=0 (+/-0).
Game Durations: N=1, mean=162 (+/-0).
P1: N=0, mean=0 (+/-0).
P2: N=1, mean=162 (+/-0).

Agent 2 (SHUCTAnyTime)
Winning score (between 0 and 1) : N=1, mean=1 (+/-0).
P1: N=1, mean=1 (+/-0).
P2: N=0, mean=0 (+/-0).
Game Durations: N=1, mean=162 (+/-0).
P1: N=1, mean=162 (+/-0).
P2: N=0, mean=0 (+/-0).
=====================================================
=====================================================
Completed 2 games.

Agent 1 (RegressionTreeSHUCTAny)
Winning score (between 0 and 1) : N=2, mean=0 (+/-0).
P1: N=1, mean=0 (+/-0).
P2: N=1, mean=0 (+/-0).
Game Durations: N=2, mean=169 (+/-13.71972).
P1: N=1, mean=176 (+/-0).
P2: N=1, mean=162 (+/-0).

Agent 2 (SHUCTAnyTime)
Winning score (between 0 and 1) : N=2, mean=1 (+/-0).
P1: N=1, mean=1 (+/-0).
P2: N=1, mean=1 (+/-0).
Game Durations: N=2, mean=169 (+/-13.71972).
P1: N=1, mean=162 (+/-0).
P2: N=1, mean=176 (+/-0).
=====================================================
=====================================================
Completed 3 games.

Agent 1 (RegressionTreeSHUCTAny)
Winning score (between 0 and 1) : N=3, mean=0.333333 (+/-0.65332).
P1: N=1, mean=0 (+/-0).
P2: N=2, mean=0.5 (+/-0.97998).
Game Durations: N=3, mean=166 (+/-9.864916).
P1: N=1, mean=176 (+/-0).
P2: N=2, mean=161 (+/-1.95996).

Agent 2 (SHUCTAnyTime)
Winning score (between 0 and 1) : N=3, mean=0.666667 (+/-0.65332).
P1: N=2, mean=0.5 (+/-0.97998).
P2: N=1, mean=1 (+/-0).
Game Durations: N=3, mean=166 (+/-9.864916).
P1: N=2, mean=161 (+/-1.95996).
P2: N=1, mean=176 (+/-0).
=====================================================
=====================================================
Completed 4 games.

Agent 1 (RegressionTreeSHUCTAny)
Winning score (between 0 and 1) : N=4, mean=0.25 (+/-0.48999).
P1: N=2, mean=0 (+/-0).
P2: N=2, mean=0.5 (+/-0.97998).
Game Durations: N=4, mean=167.5 (+/-7.569777).
P1: N=2, mean=174 (+/-3.91992).
P2: N=2, mean=161 (+/-1.95996).

Agent 2 (SHUCTAnyTime)
Winning score (between 0 and 1) : N=4, mean=0.75 (+/-0.48999).
P1: N=2, mean=0.5 (+/-0.97998).
P2: N=2, mean=1 (+/-0).
Game Durations: N=4, mean=167.5 (+/-7.569777).
P1: N=2, mean=161 (+/-1.95996).
P2: N=2, mean=174 (+/-3.91992).
=====================================================
=====================================================
Completed 5 games.

Agent 1 (RegressionTreeSHUCTAny)
Winning score (between 0 and 1) : N=5, mean=0.2 (+/-0.391992).
P1: N=2, mean=0 (+/-0).
P2: N=3, mean=0.333333 (+/-0.65332).
Game Durations: N=5, mean=160 (+/-15.825994).
P1: N=2, mean=174 (+/-3.91992).
P2: N=3, mean=150.666667 (+/-20.284508).

Agent 2 (SHUCTAnyTime)
Winning score (between 0 and 1) : N=5, mean=0.8 (+/-0.391992).
P1: N=3, mean=0.666667 (+/-0.65332).
P2: N=2, mean=1 (+/-0).
Game Durations: N=5, mean=160 (+/-15.825994).
P1: N=3, mean=150.666667 (+/-20.284508).
P2: N=2, mean=174 (+/-3.91992).
=====================================================
=====================================================
Completed 10 games.

Agent 1 (RegressionTreeSHUCTAny)
Winning score (between 0 and 1) : N=10, mean=0.3 (+/-0.299389).
P1: N=5, mean=0 (+/-0).
P2: N=5, mean=0.6 (+/-0.48009).
Game Durations: N=10, mean=160 (+/-10.104307).
P1: N=5, mean=163.2 (+/-15.757883).
P2: N=5, mean=156.8 (+/-13.836818).

Agent 2 (SHUCTAnyTime)
Winning score (between 0 and 1) : N=10, mean=0.7 (+/-0.299389).
P1: N=5, mean=0.4 (+/-0.48009).
P2: N=5, mean=1 (+/-0).
Game Durations: N=10, mean=160 (+/-10.104307).
P1: N=5, mean=156.8 (+/-13.836818).
P2: N=5, mean=163.2 (+/-15.757883).
=====================================================
=====================================================
Completed 20 games.

Agent 1 (RegressionTreeSHUCTAny)
Winning score (between 0 and 1) : N=20, mean=0.5 (+/-0.224823).
P1: N=10, mean=0.3 (+/-0.299389).
P2: N=10, mean=0.7 (+/-0.299389).
Game Durations: N=20, mean=157.4 (+/-7.058721).
P1: N=10, mean=160.2 (+/-10.378539).
P2: N=10, mean=154.6 (+/-9.796315).

Agent 2 (SHUCTAnyTime)
Winning score (between 0 and 1) : N=20, mean=0.5 (+/-0.224823).
P1: N=10, mean=0.3 (+/-0.299389).
P2: N=10, mean=0.7 (+/-0.299389).
Game Durations: N=20, mean=157.4 (+/-7.058721).
P1: N=10, mean=154.6 (+/-9.796315).
P2: N=10, mean=160.2 (+/-10.378539).
=====================================================
=====================================================
Completed 30 games.

Agent 1 (RegressionTreeSHUCTAny)
Winning score (between 0 and 1) : N=30, mean=0.466667 (+/-0.181573).
P1: N=15, mean=0.266667 (+/-0.231643).
P2: N=15, mean=0.666667 (+/-0.246932).
Game Durations: N=30, mean=157.933333 (+/-5.350626).
P1: N=15, mean=161.333333 (+/-7.463714).
P2: N=15, mean=154.533333 (+/-7.520359).

Agent 2 (SHUCTAnyTime)
Winning score (between 0 and 1) : N=30, mean=0.533333 (+/-0.181573).
P1: N=15, mean=0.333333 (+/-0.246932).
P2: N=15, mean=0.733333 (+/-0.231643).
Game Durations: N=30, mean=157.933333 (+/-5.350626).
P1: N=15, mean=154.533333 (+/-7.520359).
P2: N=15, mean=161.333333 (+/-7.463714).
=====================================================
=====================================================
Completed 40 games.

Agent 1 (RegressionTreeSHUCTAny)
Winning score (between 0 and 1) : N=40, mean=0.45 (+/-0.156136).
P1: N=20, mean=0.25 (+/-0.194702).
P2: N=20, mean=0.65 (+/-0.214467).
Game Durations: N=40, mean=156.5 (+/-4.635457).
P1: N=20, mean=160.7 (+/-6.392405).
P2: N=20, mean=152.3 (+/-6.341598).

Agent 2 (SHUCTAnyTime)
Winning score (between 0 and 1) : N=40, mean=0.55 (+/-0.156136).
P1: N=20, mean=0.35 (+/-0.214467).
P2: N=20, mean=0.75 (+/-0.194702).
Game Durations: N=40, mean=156.5 (+/-4.635457).
P1: N=20, mean=152.3 (+/-6.341598).
P2: N=20, mean=160.7 (+/-6.392405).
=====================================================
=====================================================
Completed 50 games.

Agent 1 (RegressionTreeSHUCTAny)
Winning score (between 0 and 1) : N=50, mean=0.46 (+/-0.139548).
P1: N=25, mean=0.36 (+/-0.192036).
P2: N=25, mean=0.56 (+/-0.198592).
Game Durations: N=50, mean=155.6 (+/-4.07062).
P1: N=25, mean=157.68 (+/-5.839146).
P2: N=25, mean=153.52 (+/-5.672744).

Agent 2 (SHUCTAnyTime)
Winning score (between 0 and 1) : N=50, mean=0.54 (+/-0.139548).
P1: N=25, mean=0.44 (+/-0.198592).
P2: N=25, mean=0.64 (+/-0.192036).
Game Durations: N=50, mean=155.6 (+/-4.07062).
P1: N=25, mean=153.52 (+/-5.672744).
P2: N=25, mean=157.68 (+/-5.839146).
=====================================================
=====================================================
Completed 60 games.

Agent 1 (RegressionTreeSHUCTAny)
Winning score (between 0 and 1) : N=60, mean=0.433333 (+/-0.126443).
P1: N=30, mean=0.366667 (+/-0.175388).
P2: N=30, mean=0.5 (+/-0.181978).
Game Durations: N=60, mean=154.666667 (+/-3.875001).
P1: N=30, mean=156.333333 (+/-5.704033).
P2: N=30, mean=153 (+/-5.275052).

Agent 2 (SHUCTAnyTime)
Winning score (between 0 and 1) : N=60, mean=0.566667 (+/-0.126443).
P1: N=30, mean=0.5 (+/-0.181978).
P2: N=30, mean=0.633333 (+/-0.175388).
Game Durations: N=60, mean=154.666667 (+/-3.875001).
P1: N=30, mean=153 (+/-5.275052).
P2: N=30, mean=156.333333 (+/-5.704033).
=====================================================
=====================================================
Completed 70 games.

Agent 1 (RegressionTreeSHUCTAny)
Winning score (between 0 and 1) : N=70, mean=0.457143 (+/-0.117542).
P1: N=35, mean=0.4 (+/-0.16467).
P2: N=35, mean=0.514286 (+/-0.167997).
Game Durations: N=70, mean=154.485714 (+/-3.600482).
P1: N=35, mean=155.885714 (+/-5.234374).
P2: N=35, mean=153.085714 (+/-4.977436).

Agent 2 (SHUCTAnyTime)
Winning score (between 0 and 1) : N=70, mean=0.542857 (+/-0.117542).
P1: N=35, mean=0.485714 (+/-0.167997).
P2: N=35, mean=0.6 (+/-0.16467).
Game Durations: N=70, mean=154.485714 (+/-3.600482).
P1: N=35, mean=153.085714 (+/-4.977436).
P2: N=35, mean=155.885714 (+/-5.234374).
=====================================================
=====================================================
Completed 80 games.

Agent 1 (RegressionTreeSHUCTAny)
Winning score (between 0 and 1) : N=80, mean=0.45 (+/-0.109704).
P1: N=40, mean=0.4 (+/-0.153752).
P2: N=40, mean=0.5 (+/-0.156922).
Game Durations: N=80, mean=153.65 (+/-3.333154).
P1: N=40, mean=155.8 (+/-4.763415).
P2: N=40, mean=151.5 (+/-4.626949).

Agent 2 (SHUCTAnyTime)
Winning score (between 0 and 1) : N=80, mean=0.55 (+/-0.109704).
P1: N=40, mean=0.5 (+/-0.156922).
P2: N=40, mean=0.6 (+/-0.153752).
Game Durations: N=80, mean=153.65 (+/-3.333154).
P1: N=40, mean=151.5 (+/-4.626949).
P2: N=40, mean=155.8 (+/-4.763415).
=====================================================
=====================================================
Completed 90 games.

Agent 1 (RegressionTreeSHUCTAny)
Winning score (between 0 and 1) : N=90, mean=0.477778 (+/-0.103775).
P1: N=45, mean=0.444444 (+/-0.146823).
P2: N=45, mean=0.511111 (+/-0.147701).
Game Durations: N=90, mean=154.044444 (+/-3.119239).
P1: N=45, mean=156.266667 (+/-4.393392).
P2: N=45, mean=151.822222 (+/-4.381403).

Agent 2 (SHUCTAnyTime)
Winning score (between 0 and 1) : N=90, mean=0.522222 (+/-0.103775).
P1: N=45, mean=0.488889 (+/-0.147701).
P2: N=45, mean=0.555556 (+/-0.146823).
Game Durations: N=90, mean=154.044444 (+/-3.119239).
P1: N=45, mean=151.822222 (+/-4.381403).
P2: N=45, mean=156.266667 (+/-4.393392).
=====================================================
=====================================================
Completed 100 games.

Agent 1 (RegressionTreeSHUCTAny)
Winning score (between 0 and 1) : N=100, mean=0.5 (+/-0.098492).
P1: N=50, mean=0.48 (+/-0.139885).
P2: N=50, mean=0.52 (+/-0.139885).
Game Durations: N=100, mean=154.68 (+/-2.950398).
P1: N=50, mean=157.2 (+/-4.236712).
P2: N=50, mean=152.16 (+/-4.028556).

Agent 2 (SHUCTAnyTime)
Winning score (between 0 and 1) : N=100, mean=0.5 (+/-0.098492).
P1: N=50, mean=0.48 (+/-0.139885).
P2: N=50, mean=0.52 (+/-0.139885).
Game Durations: N=100, mean=154.68 (+/-2.950398).
P1: N=50, mean=152.16 (+/-4.028556).
P2: N=50, mean=157.2 (+/-4.236712).
=====================================================
