Warming up...
Finished warming up!
=====================================================
Completed 1 games.

Agent 1 (RegressionTreeSHUCTAny)
Winning score (between 0 and 1) : N=1, mean=0 (+/-0).
P1: N=1, mean=0 (+/-0).
P2: N=0, mean=0 (+/-0).
Game Durations: N=1, mean=156 (+/-0).
P1: N=1, mean=156 (+/-0).
P2: N=0, mean=0 (+/-0).

Agent 2 (SHUCTAnyTime)
Winning score (between 0 and 1) : N=1, mean=1 (+/-0).
P1: N=0, mean=0 (+/-0).
P2: N=1, mean=1 (+/-0).
Game Durations: N=1, mean=156 (+/-0).
P1: N=0, mean=0 (+/-0).
P2: N=1, mean=156 (+/-0).
=====================================================
=====================================================
Completed 2 games.

Agent 1 (RegressionTreeSHUCTAny)
Winning score (between 0 and 1) : N=2, mean=0 (+/-0).
P1: N=1, mean=0 (+/-0).
P2: N=1, mean=0 (+/-0).
Game Durations: N=2, mean=153 (+/-5.87988).
P1: N=1, mean=156 (+/-0).
P2: N=1, mean=150 (+/-0).

Agent 2 (SHUCTAnyTime)
Winning score (between 0 and 1) : N=2, mean=1 (+/-0).
P1: N=1, mean=1 (+/-0).
P2: N=1, mean=1 (+/-0).
Game Durations: N=2, mean=153 (+/-5.87988).
P1: N=1, mean=150 (+/-0).
P2: N=1, mean=156 (+/-0).
=====================================================
=====================================================
Completed 3 games.

Agent 1 (RegressionTreeSHUCTAny)
Winning score (between 0 and 1) : N=3, mean=0 (+/-0).
P1: N=2, mean=0 (+/-0).
P2: N=1, mean=0 (+/-0).
Game Durations: N=3, mean=152.666667 (+/-3.457044).
P1: N=2, mean=154 (+/-3.91992).
P2: N=1, mean=150 (+/-0).

Agent 2 (SHUCTAnyTime)
Winning score (between 0 and 1) : N=3, mean=1 (+/-0).
P1: N=1, mean=1 (+/-0).
P2: N=2, mean=1 (+/-0).
Game Durations: N=3, mean=152.666667 (+/-3.457044).
P1: N=1, mean=150 (+/-0).
P2: N=2, mean=154 (+/-3.91992).
=====================================================
=====================================================
Completed 4 games.

Agent 1 (RegressionTreeSHUCTAny)
Winning score (between 0 and 1) : N=4, mean=0 (+/-0).
P1: N=2, mean=0 (+/-0).
P2: N=2, mean=0 (+/-0).
Game Durations: N=4, mean=151 (+/-4.079982).
P1: N=2, mean=154 (+/-3.91992).
P2: N=2, mean=148 (+/-3.91992).

Agent 2 (SHUCTAnyTime)
Winning score (between 0 and 1) : N=4, mean=1 (+/-0).
P1: N=2, mean=1 (+/-0).
P2: N=2, mean=1 (+/-0).
Game Durations: N=4, mean=151 (+/-4.079982).
P1: N=2, mean=148 (+/-3.91992).
P2: N=2, mean=154 (+/-3.91992).
=====================================================
=====================================================
Completed 5 games.

Agent 1 (RegressionTreeSHUCTAny)
Winning score (between 0 and 1) : N=5, mean=0 (+/-0).
P1: N=3, mean=0 (+/-0).
P2: N=2, mean=0 (+/-0).
Game Durations: N=5, mean=152.8 (+/-4.736457).
P1: N=3, mean=156 (+/-4.526334).
P2: N=2, mean=148 (+/-3.91992).

Agent 2 (SHUCTAnyTime)
Winning score (between 0 and 1) : N=5, mean=1 (+/-0).
P1: N=2, mean=1 (+/-0).
P2: N=3, mean=1 (+/-0).
Game Durations: N=5, mean=152.8 (+/-4.736457).
P1: N=2, mean=148 (+/-3.91992).
P2: N=3, mean=156 (+/-4.526334).
=====================================================
=====================================================
Completed 10 games.

Agent 1 (RegressionTreeSHUCTAny)
Winning score (between 0 and 1) : N=10, mean=0.1 (+/-0.195996).
P1: N=5, mean=0 (+/-0).
P2: N=5, mean=0.2 (+/-0.391992).
Game Durations: N=10, mean=152.8 (+/-5.330066).
P1: N=5, mean=158.4 (+/-3.99755).
P2: N=5, mean=147.2 (+/-7.185332).

Agent 2 (SHUCTAnyTime)
Winning score (between 0 and 1) : N=10, mean=0.9 (+/-0.195996).
P1: N=5, mean=0.8 (+/-0.391992).
P2: N=5, mean=1 (+/-0).
Game Durations: N=10, mean=152.8 (+/-5.330066).
P1: N=5, mean=147.2 (+/-7.185332).
P2: N=5, mean=158.4 (+/-3.99755).
=====================================================
=====================================================
Completed 20 games.

Agent 1 (RegressionTreeSHUCTAny)
Winning score (between 0 and 1) : N=20, mean=0.4 (+/-0.22028).
P1: N=10, mean=0.3 (+/-0.299389).
P2: N=10, mean=0.5 (+/-0.32666).
Game Durations: N=20, mean=155 (+/-5.37698).
P1: N=10, mean=157.8 (+/-6.699637).
P2: N=10, mean=152.2 (+/-8.396115).

Agent 2 (SHUCTAnyTime)
Winning score (between 0 and 1) : N=20, mean=0.6 (+/-0.22028).
P1: N=10, mean=0.5 (+/-0.32666).
P2: N=10, mean=0.7 (+/-0.299389).
Game Durations: N=20, mean=155 (+/-5.37698).
P1: N=10, mean=152.2 (+/-8.396115).
P2: N=10, mean=157.8 (+/-6.699637).
=====================================================
=====================================================
Completed 30 games.

Agent 1 (RegressionTreeSHUCTAny)
Winning score (between 0 and 1) : N=30, mean=0.5 (+/-0.181978).
P1: N=15, mean=0.4 (+/-0.256619).
P2: N=15, mean=0.6 (+/-0.256619).
Game Durations: N=30, mean=156.533333 (+/-4.289668).
P1: N=15, mean=157.866667 (+/-5.49677).
P2: N=15, mean=155.2 (+/-6.711458).

Agent 2 (SHUCTAnyTime)
Winning score (between 0 and 1) : N=30, mean=0.5 (+/-0.181978).
P1: N=15, mean=0.4 (+/-0.256619).
P2: N=15, mean=0.6 (+/-0.256619).
Game Durations: N=30, mean=156.533333 (+/-4.289668).
P1: N=15, mean=155.2 (+/-6.711458).
P2: N=15, mean=157.866667 (+/-5.49677).
=====================================================
=====================================================
Completed 40 games.

Agent 1 (RegressionTreeSHUCTAny)
Winning score (between 0 and 1) : N=40, mean=0.4 (+/-0.153752).
P1: N=20, mean=0.35 (+/-0.214467).
P2: N=20, mean=0.45 (+/-0.223696).
Game Durations: N=40, mean=156.1 (+/-3.835974).
P1: N=20, mean=157.7 (+/-5.54561).
P2: N=20, mean=154.5 (+/-5.34965).

Agent 2 (SHUCTAnyTime)
Winning score (between 0 and 1) : N=40, mean=0.6 (+/-0.153752).
P1: N=20, mean=0.55 (+/-0.223696).
P2: N=20, mean=0.65 (+/-0.214467).
Game Durations: N=40, mean=156.1 (+/-3.835974).
P1: N=20, mean=154.5 (+/-5.34965).
P2: N=20, mean=157.7 (+/-5.54561).
=====================================================
=====================================================
Completed 50 games.

Agent 1 (RegressionTreeSHUCTAny)
Winning score (between 0 and 1) : N=50, mean=0.38 (+/-0.135905).
P1: N=25, mean=0.36 (+/-0.192036).
P2: N=25, mean=0.4 (+/-0.195996).
Game Durations: N=50, mean=155.6 (+/-3.617023).
P1: N=25, mean=156.88 (+/-4.927679).
P2: N=25, mean=154.32 (+/-5.349315).

Agent 2 (SHUCTAnyTime)
Winning score (between 0 and 1) : N=50, mean=0.62 (+/-0.135905).
P1: N=25, mean=0.6 (+/-0.195996).
P2: N=25, mean=0.64 (+/-0.192036).
Game Durations: N=50, mean=155.6 (+/-3.617023).
P1: N=25, mean=154.32 (+/-5.349315).
P2: N=25, mean=156.88 (+/-4.927679).
=====================================================
=====================================================
Completed 60 games.

Agent 1 (RegressionTreeSHUCTAny)
Winning score (between 0 and 1) : N=60, mean=0.433333 (+/-0.126443).
P1: N=30, mean=0.4 (+/-0.178301).
P2: N=30, mean=0.466667 (+/-0.181573).
Game Durations: N=60, mean=156.4 (+/-3.329293).
P1: N=30, mean=158 (+/-4.43568).
P2: N=30, mean=154.8 (+/-4.974709).

Agent 2 (SHUCTAnyTime)
Winning score (between 0 and 1) : N=60, mean=0.566667 (+/-0.126443).
P1: N=30, mean=0.533333 (+/-0.181573).
P2: N=30, mean=0.6 (+/-0.178301).
Game Durations: N=60, mean=156.4 (+/-3.329293).
P1: N=30, mean=154.8 (+/-4.974709).
P2: N=30, mean=158 (+/-4.43568).
=====================================================
=====================================================
Completed 70 games.

Agent 1 (RegressionTreeSHUCTAny)
Winning score (between 0 and 1) : N=70, mean=0.428571 (+/-0.116766).
P1: N=35, mean=0.457143 (+/-0.167447).
P2: N=35, mean=0.4 (+/-0.16467).
Game Durations: N=70, mean=156.028571 (+/-3.108315).
P1: N=35, mean=158.4 (+/-3.886175).
P2: N=35, mean=153.657143 (+/-4.779298).

Agent 2 (SHUCTAnyTime)
Winning score (between 0 and 1) : N=70, mean=0.571429 (+/-0.116766).
P1: N=35, mean=0.6 (+/-0.16467).
P2: N=35, mean=0.542857 (+/-0.167447).
Game Durations: N=70, mean=156.028571 (+/-3.108315).
P1: N=35, mean=153.657143 (+/-4.779298).
P2: N=35, mean=158.4 (+/-3.886175).
=====================================================
=====================================================
Completed 80 games.

Agent 1 (RegressionTreeSHUCTAny)
Winning score (between 0 and 1) : N=80, mean=0.45 (+/-0.109704).
P1: N=40, mean=0.475 (+/-0.156726).
P2: N=40, mean=0.425 (+/-0.155147).
Game Durations: N=80, mean=155 (+/-3.151867).
P1: N=40, mean=158.55 (+/-3.841202).
P2: N=40, mean=151.45 (+/-4.796771).

Agent 2 (SHUCTAnyTime)
Winning score (between 0 and 1) : N=80, mean=0.55 (+/-0.109704).
P1: N=40, mean=0.575 (+/-0.155147).
P2: N=40, mean=0.525 (+/-0.156726).
Game Durations: N=80, mean=155 (+/-3.151867).
P1: N=40, mean=151.45 (+/-4.796771).
P2: N=40, mean=158.55 (+/-3.841202).
=====================================================
=====================================================
Completed 90 games.

Agent 1 (RegressionTreeSHUCTAny)
Winning score (between 0 and 1) : N=90, mean=0.433333 (+/-0.10295).
P1: N=45, mean=0.444444 (+/-0.146823).
P2: N=45, mean=0.422222 (+/-0.145939).
Game Durations: N=90, mean=153.066667 (+/-3.099634).
P1: N=45, mean=155.644444 (+/-4.260107).
P2: N=45, mean=150.488889 (+/-4.422539).

Agent 2 (SHUCTAnyTime)
Winning score (between 0 and 1) : N=90, mean=0.566667 (+/-0.10295).
P1: N=45, mean=0.577778 (+/-0.145939).
P2: N=45, mean=0.555556 (+/-0.146823).
Game Durations: N=90, mean=153.066667 (+/-3.099634).
P1: N=45, mean=150.488889 (+/-4.422539).
P2: N=45, mean=155.644444 (+/-4.260107).
=====================================================
=====================================================
Completed 100 games.

Agent 1 (RegressionTreeSHUCTAny)
Winning score (between 0 and 1) : N=100, mean=0.42 (+/-0.097223).
P1: N=50, mean=0.44 (+/-0.138986).
P2: N=50, mean=0.4 (+/-0.137169).
Game Durations: N=100, mean=153 (+/-2.908692).
P1: N=50, mean=154.72 (+/-4.023759).
P2: N=50, mean=151.28 (+/-4.187217).

Agent 2 (SHUCTAnyTime)
Winning score (between 0 and 1) : N=100, mean=0.58 (+/-0.097223).
P1: N=50, mean=0.6 (+/-0.137169).
P2: N=50, mean=0.56 (+/-0.138986).
Game Durations: N=100, mean=153 (+/-2.908692).
P1: N=50, mean=151.28 (+/-4.187217).
P2: N=50, mean=154.72 (+/-4.023759).
=====================================================
