Warming up...
Finished warming up!
=====================================================
Completed 1 games.

Agent 1 (RegressionTreeSHUCTAny)
Winning score (between 0 and 1) : N=1, mean=1 (+/-0).
P1: N=0, mean=0 (+/-0).
P2: N=1, mean=1 (+/-0).
Game Durations: N=1, mean=68 (+/-0).
P1: N=0, mean=0 (+/-0).
P2: N=1, mean=68 (+/-0).

Agent 2 (SHUCTAnyTime)
Winning score (between 0 and 1) : N=1, mean=0 (+/-0).
P1: N=1, mean=0 (+/-0).
P2: N=0, mean=0 (+/-0).
Game Durations: N=1, mean=68 (+/-0).
P1: N=1, mean=68 (+/-0).
P2: N=0, mean=0 (+/-0).
=====================================================
=====================================================
Completed 2 games.

Agent 1 (RegressionTreeSHUCTAny)
Winning score (between 0 and 1) : N=2, mean=0.5 (+/-0.97998).
P1: N=1, mean=0 (+/-0).
P2: N=1, mean=1 (+/-0).
Game Durations: N=2, mean=68 (+/-0).
P1: N=1, mean=68 (+/-0).
P2: N=1, mean=68 (+/-0).

Agent 2 (SHUCTAnyTime)
Winning score (between 0 and 1) : N=2, mean=0.5 (+/-0.97998).
P1: N=1, mean=0 (+/-0).
P2: N=1, mean=1 (+/-0).
Game Durations: N=2, mean=68 (+/-0).
P1: N=1, mean=68 (+/-0).
P2: N=1, mean=68 (+/-0).
=====================================================
=====================================================
Completed 3 games.

Agent 1 (RegressionTreeSHUCTAny)
Winning score (between 0 and 1) : N=3, mean=0.333333 (+/-0.65332).
P1: N=1, mean=0 (+/-0).
P2: N=2, mean=0.5 (+/-0.97998).
Game Durations: N=3, mean=67 (+/-1.95996).
P1: N=1, mean=68 (+/-0).
P2: N=2, mean=66.5 (+/-2.93994).

Agent 2 (SHUCTAnyTime)
Winning score (between 0 and 1) : N=3, mean=0.666667 (+/-0.65332).
P1: N=2, mean=0.5 (+/-0.97998).
P2: N=1, mean=1 (+/-0).
Game Durations: N=3, mean=67 (+/-1.95996).
P1: N=2, mean=66.5 (+/-2.93994).
P2: N=1, mean=68 (+/-0).
=====================================================
=====================================================
Completed 4 games.

Agent 1 (RegressionTreeSHUCTAny)
Winning score (between 0 and 1) : N=4, mean=0.25 (+/-0.48999).
P1: N=2, mean=0 (+/-0).
P2: N=2, mean=0.5 (+/-0.97998).
Game Durations: N=4, mean=66.75 (+/-1.46997).
P1: N=2, mean=67 (+/-1.95996).
P2: N=2, mean=66.5 (+/-2.93994).

Agent 2 (SHUCTAnyTime)
Winning score (between 0 and 1) : N=4, mean=0.75 (+/-0.48999).
P1: N=2, mean=0.5 (+/-0.97998).
P2: N=2, mean=1 (+/-0).
Game Durations: N=4, mean=66.75 (+/-1.46997).
P1: N=2, mean=66.5 (+/-2.93994).
P2: N=2, mean=67 (+/-1.95996).
=====================================================
=====================================================
Completed 5 games.

Agent 1 (RegressionTreeSHUCTAny)
Winning score (between 0 and 1) : N=5, mean=0.4 (+/-0.48009).
P1: N=2, mean=0 (+/-0).
P2: N=3, mean=0.666667 (+/-0.65332).
Game Durations: N=5, mean=67 (+/-1.239588).
P1: N=2, mean=67 (+/-1.95996).
P2: N=3, mean=67 (+/-1.95996).

Agent 2 (SHUCTAnyTime)
Winning score (between 0 and 1) : N=5, mean=0.6 (+/-0.48009).
P1: N=3, mean=0.333333 (+/-0.65332).
P2: N=2, mean=1 (+/-0).
Game Durations: N=5, mean=67 (+/-1.239588).
P1: N=3, mean=67 (+/-1.95996).
P2: N=2, mean=67 (+/-1.95996).
=====================================================
=====================================================
Completed 10 games.

Agent 1 (RegressionTreeSHUCTAny)
Winning score (between 0 and 1) : N=10, mean=0.5 (+/-0.32666).
P1: N=5, mean=0.2 (+/-0.391992).
P2: N=5, mean=0.8 (+/-0.391992).
Game Durations: N=10, mean=66.6 (+/-1.523791).
P1: N=5, mean=65.8 (+/-2.509973).
P2: N=5, mean=67.4 (+/-1.708654).

Agent 2 (SHUCTAnyTime)
Winning score (between 0 and 1) : N=10, mean=0.5 (+/-0.32666).
P1: N=5, mean=0.2 (+/-0.391992).
P2: N=5, mean=0.8 (+/-0.391992).
Game Durations: N=10, mean=66.6 (+/-1.523791).
P1: N=5, mean=67.4 (+/-1.708654).
P2: N=5, mean=65.8 (+/-2.509973).
=====================================================
=====================================================
Completed 20 games.

Agent 1 (RegressionTreeSHUCTAny)
Winning score (between 0 and 1) : N=20, mean=0.55 (+/-0.223696).
P1: N=10, mean=0.4 (+/-0.32006).
P2: N=10, mean=0.7 (+/-0.299389).
Game Durations: N=20, mean=68.75 (+/-1.669603).
P1: N=10, mean=68.2 (+/-2.475729).
P2: N=10, mean=69.3 (+/-2.319976).

Agent 2 (SHUCTAnyTime)
Winning score (between 0 and 1) : N=20, mean=0.45 (+/-0.223696).
P1: N=10, mean=0.3 (+/-0.299389).
P2: N=10, mean=0.6 (+/-0.32006).
Game Durations: N=20, mean=68.75 (+/-1.669603).
P1: N=10, mean=69.3 (+/-2.319976).
P2: N=10, mean=68.2 (+/-2.475729).
=====================================================
=====================================================
Completed 30 games.

Agent 1 (RegressionTreeSHUCTAny)
Winning score (between 0 and 1) : N=30, mean=0.4 (+/-0.178301).
P1: N=15, mean=0.266667 (+/-0.231643).
P2: N=15, mean=0.533333 (+/-0.261328).
Game Durations: N=30, mean=68.766667 (+/-1.427285).
P1: N=15, mean=68.8 (+/-1.765519).
P2: N=15, mean=68.733333 (+/-2.306929).

Agent 2 (SHUCTAnyTime)
Winning score (between 0 and 1) : N=30, mean=0.6 (+/-0.178301).
P1: N=15, mean=0.466667 (+/-0.261328).
P2: N=15, mean=0.733333 (+/-0.231643).
Game Durations: N=30, mean=68.766667 (+/-1.427285).
P1: N=15, mean=68.733333 (+/-2.306929).
P2: N=15, mean=68.8 (+/-1.765519).
=====================================================
=====================================================
Completed 40 games.

Agent 1 (RegressionTreeSHUCTAny)
Winning score (between 0 and 1) : N=40, mean=0.4 (+/-0.153752).
P1: N=20, mean=0.3 (+/-0.206054).
P2: N=20, mean=0.5 (+/-0.224823).
Game Durations: N=40, mean=69.65 (+/-1.234711).
P1: N=20, mean=69.2 (+/-1.397523).
P2: N=20, mean=70.1 (+/-2.055132).

Agent 2 (SHUCTAnyTime)
Winning score (between 0 and 1) : N=40, mean=0.6 (+/-0.153752).
P1: N=20, mean=0.5 (+/-0.224823).
P2: N=20, mean=0.7 (+/-0.206054).
Game Durations: N=40, mean=69.65 (+/-1.234711).
P1: N=20, mean=70.1 (+/-2.055132).
P2: N=20, mean=69.2 (+/-1.397523).
=====================================================
=====================================================
Completed 50 games.

Agent 1 (RegressionTreeSHUCTAny)
Winning score (between 0 and 1) : N=50, mean=0.44 (+/-0.138986).
P1: N=25, mean=0.4 (+/-0.195996).
P2: N=25, mean=0.48 (+/-0.199877).
Game Durations: N=50, mean=69.74 (+/-1.114096).
P1: N=25, mean=69.84 (+/-1.342155).
P2: N=25, mean=69.64 (+/-1.806569).

Agent 2 (SHUCTAnyTime)
Winning score (between 0 and 1) : N=50, mean=0.56 (+/-0.138986).
P1: N=25, mean=0.52 (+/-0.199877).
P2: N=25, mean=0.6 (+/-0.195996).
Game Durations: N=50, mean=69.74 (+/-1.114096).
P1: N=25, mean=69.64 (+/-1.806569).
P2: N=25, mean=69.84 (+/-1.342155).
=====================================================
=====================================================
Completed 60 games.

Agent 1 (RegressionTreeSHUCTAny)
Winning score (between 0 and 1) : N=60, mean=0.466667 (+/-0.127299).
P1: N=30, mean=0.433333 (+/-0.180353).
P2: N=30, mean=0.5 (+/-0.181978).
Game Durations: N=60, mean=69.633333 (+/-0.968246).
P1: N=30, mean=69.7 (+/-1.243677).
P2: N=30, mean=69.566667 (+/-1.505572).

Agent 2 (SHUCTAnyTime)
Winning score (between 0 and 1) : N=60, mean=0.533333 (+/-0.127299).
P1: N=30, mean=0.5 (+/-0.181978).
P2: N=30, mean=0.566667 (+/-0.180353).
Game Durations: N=60, mean=69.633333 (+/-0.968246).
P1: N=30, mean=69.566667 (+/-1.505572).
P2: N=30, mean=69.7 (+/-1.243677).
=====================================================
=====================================================
Completed 70 games.

Agent 1 (RegressionTreeSHUCTAny)
Winning score (between 0 and 1) : N=70, mean=0.442857 (+/-0.117203).
P1: N=35, mean=0.4 (+/-0.16467).
P2: N=35, mean=0.485714 (+/-0.167997).
Game Durations: N=70, mean=69.457143 (+/-0.889746).
P1: N=35, mean=69.542857 (+/-1.157).
P2: N=35, mean=69.371429 (+/-1.368522).

Agent 2 (SHUCTAnyTime)
Winning score (between 0 and 1) : N=70, mean=0.557143 (+/-0.117203).
P1: N=35, mean=0.514286 (+/-0.167997).
P2: N=35, mean=0.6 (+/-0.16467).
Game Durations: N=70, mean=69.457143 (+/-0.889746).
P1: N=35, mean=69.371429 (+/-1.368522).
P2: N=35, mean=69.542857 (+/-1.157).
=====================================================
=====================================================
Completed 80 games.

Agent 1 (RegressionTreeSHUCTAny)
Winning score (between 0 and 1) : N=80, mean=0.4375 (+/-0.109392).
P1: N=40, mean=0.425 (+/-0.155147).
P2: N=40, mean=0.45 (+/-0.156136).
Game Durations: N=80, mean=69.2375 (+/-0.859889).
P1: N=40, mean=69.525 (+/-1.122818).
P2: N=40, mean=68.95 (+/-1.310936).

Agent 2 (SHUCTAnyTime)
Winning score (between 0 and 1) : N=80, mean=0.5625 (+/-0.109392).
P1: N=40, mean=0.55 (+/-0.156136).
P2: N=40, mean=0.575 (+/-0.155147).
Game Durations: N=80, mean=69.2375 (+/-0.859889).
P1: N=40, mean=68.95 (+/-1.310936).
P2: N=40, mean=69.525 (+/-1.122818).
=====================================================
=====================================================
Completed 90 games.

Agent 1 (RegressionTreeSHUCTAny)
Winning score (between 0 and 1) : N=90, mean=0.433333 (+/-0.10295).
P1: N=45, mean=0.444444 (+/-0.146823).
P2: N=45, mean=0.422222 (+/-0.145939).
Game Durations: N=90, mean=69.533333 (+/-0.822436).
P1: N=45, mean=69.866667 (+/-1.06371).
P2: N=45, mean=69.2 (+/-1.259154).

Agent 2 (SHUCTAnyTime)
Winning score (between 0 and 1) : N=90, mean=0.566667 (+/-0.10295).
P1: N=45, mean=0.577778 (+/-0.145939).
P2: N=45, mean=0.555556 (+/-0.146823).
Game Durations: N=90, mean=69.533333 (+/-0.822436).
P1: N=45, mean=69.2 (+/-1.259154).
P2: N=45, mean=69.866667 (+/-1.06371).
=====================================================
=====================================================
Completed 100 games.

Agent 1 (RegressionTreeSHUCTAny)
Winning score (between 0 and 1) : N=100, mean=0.43 (+/-0.097522).
P1: N=50, mean=0.46 (+/-0.139548).
P2: N=50, mean=0.4 (+/-0.137169).
Game Durations: N=100, mean=69.33 (+/-0.813165).
P1: N=50, mean=69.62 (+/-1.100046).
P2: N=50, mean=69.04 (+/-1.203598).

Agent 2 (SHUCTAnyTime)
Winning score (between 0 and 1) : N=100, mean=0.57 (+/-0.097522).
P1: N=50, mean=0.6 (+/-0.137169).
P2: N=50, mean=0.54 (+/-0.139548).
Game Durations: N=100, mean=69.33 (+/-0.813165).
P1: N=50, mean=69.04 (+/-1.203598).
P2: N=50, mean=69.62 (+/-1.100046).
=====================================================
