Warming up...
Finished warming up!
=====================================================
Completed 1 games.

Agent 1 (RegressionTreeSHUCTAny)
Winning score (between 0 and 1) : N=1, mean=1 (+/-0).
P1: N=0, mean=0 (+/-0).
P2: N=1, mean=1 (+/-0).
Game Durations: N=1, mean=66 (+/-0).
P1: N=0, mean=0 (+/-0).
P2: N=1, mean=66 (+/-0).

Agent 2 (SHUCTAnyTime)
Winning score (between 0 and 1) : N=1, mean=0 (+/-0).
P1: N=1, mean=0 (+/-0).
P2: N=0, mean=0 (+/-0).
Game Durations: N=1, mean=66 (+/-0).
P1: N=1, mean=66 (+/-0).
P2: N=0, mean=0 (+/-0).
=====================================================
=====================================================
Completed 2 games.

Agent 1 (RegressionTreeSHUCTAny)
Winning score (between 0 and 1) : N=2, mean=0.5 (+/-0.97998).
P1: N=1, mean=0 (+/-0).
P2: N=1, mean=1 (+/-0).
Game Durations: N=2, mean=71 (+/-9.7998).
P1: N=1, mean=76 (+/-0).
P2: N=1, mean=66 (+/-0).

Agent 2 (SHUCTAnyTime)
Winning score (between 0 and 1) : N=2, mean=0.5 (+/-0.97998).
P1: N=1, mean=0 (+/-0).
P2: N=1, mean=1 (+/-0).
Game Durations: N=2, mean=71 (+/-9.7998).
P1: N=1, mean=66 (+/-0).
P2: N=1, mean=76 (+/-0).
=====================================================
=====================================================
Completed 3 games.

Agent 1 (RegressionTreeSHUCTAny)
Winning score (between 0 and 1) : N=3, mean=0.666667 (+/-0.65332).
P1: N=1, mean=0 (+/-0).
P2: N=2, mean=1 (+/-0).
Game Durations: N=3, mean=72 (+/-5.987777).
P1: N=1, mean=76 (+/-0).
P2: N=2, mean=70 (+/-7.83984).

Agent 2 (SHUCTAnyTime)
Winning score (between 0 and 1) : N=3, mean=0.333333 (+/-0.65332).
P1: N=2, mean=0 (+/-0).
P2: N=1, mean=1 (+/-0).
Game Durations: N=3, mean=72 (+/-5.987777).
P1: N=2, mean=70 (+/-7.83984).
P2: N=1, mean=76 (+/-0).
=====================================================
=====================================================
Completed 4 games.

Agent 1 (RegressionTreeSHUCTAny)
Winning score (between 0 and 1) : N=4, mean=0.5 (+/-0.565792).
P1: N=2, mean=0 (+/-0).
P2: N=2, mean=1 (+/-0).
Game Durations: N=4, mean=70.5 (+/-5.154608).
P1: N=2, mean=71 (+/-9.7998).
P2: N=2, mean=70 (+/-7.83984).

Agent 2 (SHUCTAnyTime)
Winning score (between 0 and 1) : N=4, mean=0.5 (+/-0.565792).
P1: N=2, mean=0 (+/-0).
P2: N=2, mean=1 (+/-0).
Game Durations: N=4, mean=70.5 (+/-5.154608).
P1: N=2, mean=70 (+/-7.83984).
P2: N=2, mean=71 (+/-9.7998).
=====================================================
=====================================================
Completed 5 games.

Agent 1 (RegressionTreeSHUCTAny)
Winning score (between 0 and 1) : N=5, mean=0.4 (+/-0.48009).
P1: N=2, mean=0 (+/-0).
P2: N=3, mean=0.666667 (+/-0.65332).
Game Durations: N=5, mean=69.4 (+/-4.537635).
P1: N=2, mean=71 (+/-9.7998).
P2: N=3, mean=68.333333 (+/-5.581969).

Agent 2 (SHUCTAnyTime)
Winning score (between 0 and 1) : N=5, mean=0.6 (+/-0.48009).
P1: N=3, mean=0.333333 (+/-0.65332).
P2: N=2, mean=1 (+/-0).
Game Durations: N=5, mean=69.4 (+/-4.537635).
P1: N=3, mean=68.333333 (+/-5.581969).
P2: N=2, mean=71 (+/-9.7998).
=====================================================
=====================================================
Completed 10 games.

Agent 1 (RegressionTreeSHUCTAny)
Winning score (between 0 and 1) : N=10, mean=0.5 (+/-0.32666).
P1: N=5, mean=0.2 (+/-0.391992).
P2: N=5, mean=0.8 (+/-0.391992).
Game Durations: N=10, mean=70.2 (+/-2.874608).
P1: N=5, mean=72.2 (+/-4.486554).
P2: N=5, mean=68.2 (+/-3.061555).

Agent 2 (SHUCTAnyTime)
Winning score (between 0 and 1) : N=10, mean=0.5 (+/-0.32666).
P1: N=5, mean=0.2 (+/-0.391992).
P2: N=5, mean=0.8 (+/-0.391992).
Game Durations: N=10, mean=70.2 (+/-2.874608).
P1: N=5, mean=68.2 (+/-3.061555).
P2: N=5, mean=72.2 (+/-4.486554).
=====================================================
=====================================================
Completed 20 games.

Agent 1 (RegressionTreeSHUCTAny)
Winning score (between 0 and 1) : N=20, mean=0.5 (+/-0.224823).
P1: N=10, mean=0.4 (+/-0.32006).
P2: N=10, mean=0.6 (+/-0.32006).
Game Durations: N=20, mean=70.2 (+/-1.593548).
P1: N=10, mean=71.2 (+/-2.560481).
P2: N=10, mean=69.2 (+/-1.819939).

Agent 2 (SHUCTAnyTime)
Winning score (between 0 and 1) : N=20, mean=0.5 (+/-0.224823).
P1: N=10, mean=0.4 (+/-0.32006).
P2: N=10, mean=0.6 (+/-0.32006).
Game Durations: N=20, mean=70.2 (+/-1.593548).
P1: N=10, mean=69.2 (+/-1.819939).
P2: N=10, mean=71.2 (+/-2.560481).
=====================================================
=====================================================
Completed 30 games.

Agent 1 (RegressionTreeSHUCTAny)
Winning score (between 0 and 1) : N=30, mean=0.533333 (+/-0.181573).
P1: N=15, mean=0.4 (+/-0.256619).
P2: N=15, mean=0.666667 (+/-0.246932).
Game Durations: N=30, mean=70.966667 (+/-1.24486).
P1: N=15, mean=71.733333 (+/-1.736968).
P2: N=15, mean=70.2 (+/-1.755127).

Agent 2 (SHUCTAnyTime)
Winning score (between 0 and 1) : N=30, mean=0.466667 (+/-0.181573).
P1: N=15, mean=0.333333 (+/-0.246932).
P2: N=15, mean=0.6 (+/-0.256619).
Game Durations: N=30, mean=70.966667 (+/-1.24486).
P1: N=15, mean=70.2 (+/-1.755127).
P2: N=15, mean=71.733333 (+/-1.736968).
=====================================================
=====================================================
Completed 40 games.

Agent 1 (RegressionTreeSHUCTAny)
Winning score (between 0 and 1) : N=40, mean=0.475 (+/-0.156726).
P1: N=20, mean=0.35 (+/-0.214467).
P2: N=20, mean=0.6 (+/-0.22028).
Game Durations: N=40, mean=70.825 (+/-1.148619).
P1: N=20, mean=71.55 (+/-1.501271).
P2: N=20, mean=70.1 (+/-1.717505).

Agent 2 (SHUCTAnyTime)
Winning score (between 0 and 1) : N=40, mean=0.525 (+/-0.156726).
P1: N=20, mean=0.4 (+/-0.22028).
P2: N=20, mean=0.65 (+/-0.214467).
Game Durations: N=40, mean=70.825 (+/-1.148619).
P1: N=20, mean=70.1 (+/-1.717505).
P2: N=20, mean=71.55 (+/-1.501271).
=====================================================
=====================================================
Completed 50 games.

Agent 1 (RegressionTreeSHUCTAny)
Winning score (between 0 and 1) : N=50, mean=0.52 (+/-0.139885).
P1: N=25, mean=0.44 (+/-0.198592).
P2: N=25, mean=0.6 (+/-0.195996).
Game Durations: N=50, mean=70.42 (+/-1.032705).
P1: N=25, mean=70.92 (+/-1.479391).
P2: N=25, mean=69.92 (+/-1.444354).

Agent 2 (SHUCTAnyTime)
Winning score (between 0 and 1) : N=50, mean=0.48 (+/-0.139885).
P1: N=25, mean=0.4 (+/-0.195996).
P2: N=25, mean=0.56 (+/-0.198592).
Game Durations: N=50, mean=70.42 (+/-1.032705).
P1: N=25, mean=69.92 (+/-1.444354).
P2: N=25, mean=70.92 (+/-1.479391).
=====================================================
=====================================================
Completed 60 games.

Agent 1 (RegressionTreeSHUCTAny)
Winning score (between 0 and 1) : N=60, mean=0.533333 (+/-0.127299).
P1: N=30, mean=0.466667 (+/-0.181573).
P2: N=30, mean=0.6 (+/-0.178301).
Game Durations: N=60, mean=70.566667 (+/-0.942577).
P1: N=30, mean=71 (+/-1.260779).
P2: N=30, mean=70.133333 (+/-1.40562).

Agent 2 (SHUCTAnyTime)
Winning score (between 0 and 1) : N=60, mean=0.466667 (+/-0.127299).
P1: N=30, mean=0.4 (+/-0.178301).
P2: N=30, mean=0.533333 (+/-0.181573).
Game Durations: N=60, mean=70.566667 (+/-0.942577).
P1: N=30, mean=70.133333 (+/-1.40562).
P2: N=30, mean=71 (+/-1.260779).
=====================================================
=====================================================
Completed 70 games.

Agent 1 (RegressionTreeSHUCTAny)
Winning score (between 0 and 1) : N=70, mean=0.528571 (+/-0.117783).
P1: N=35, mean=0.485714 (+/-0.167997).
P2: N=35, mean=0.571429 (+/-0.166341).
Game Durations: N=70, mean=70.628571 (+/-0.85183).
P1: N=35, mean=71.228571 (+/-1.125153).
P2: N=35, mean=70.028571 (+/-1.264049).

Agent 2 (SHUCTAnyTime)
Winning score (between 0 and 1) : N=70, mean=0.471429 (+/-0.117783).
P1: N=35, mean=0.428571 (+/-0.166341).
P2: N=35, mean=0.514286 (+/-0.167997).
Game Durations: N=70, mean=70.628571 (+/-0.85183).
P1: N=35, mean=70.028571 (+/-1.264049).
P2: N=35, mean=71.228571 (+/-1.125153).
=====================================================
=====================================================
Completed 80 games.

Agent 1 (RegressionTreeSHUCTAny)
Winning score (between 0 and 1) : N=80, mean=0.5125 (+/-0.110222).
P1: N=40, mean=0.475 (+/-0.156726).
P2: N=40, mean=0.55 (+/-0.156136).
Game Durations: N=80, mean=70.4875 (+/-0.781961).
P1: N=40, mean=70.925 (+/-1.032324).
P2: N=40, mean=70.05 (+/-1.172096).

Agent 2 (SHUCTAnyTime)
Winning score (between 0 and 1) : N=80, mean=0.4875 (+/-0.110222).
P1: N=40, mean=0.45 (+/-0.156136).
P2: N=40, mean=0.525 (+/-0.156726).
Game Durations: N=80, mean=70.4875 (+/-0.781961).
P1: N=40, mean=70.05 (+/-1.172096).
P2: N=40, mean=70.925 (+/-1.032324).
=====================================================
=====================================================
Completed 90 games.

Agent 1 (RegressionTreeSHUCTAny)
Winning score (between 0 and 1) : N=90, mean=0.511111 (+/-0.103852).
P1: N=45, mean=0.466667 (+/-0.147409).
P2: N=45, mean=0.555556 (+/-0.146823).
Game Durations: N=90, mean=70.411111 (+/-0.730857).
P1: N=45, mean=70.911111 (+/-0.980618).
P2: N=45, mean=69.911111 (+/-1.074999).

Agent 2 (SHUCTAnyTime)
Winning score (between 0 and 1) : N=90, mean=0.488889 (+/-0.103852).
P1: N=45, mean=0.444444 (+/-0.146823).
P2: N=45, mean=0.533333 (+/-0.147409).
Game Durations: N=90, mean=70.411111 (+/-0.730857).
P1: N=45, mean=69.911111 (+/-1.074999).
P2: N=45, mean=70.911111 (+/-0.980618).
=====================================================
=====================================================
Completed 100 games.

Agent 1 (RegressionTreeSHUCTAny)
Winning score (between 0 and 1) : N=100, mean=0.49 (+/-0.098472).
P1: N=50, mean=0.46 (+/-0.139548).
P2: N=50, mean=0.52 (+/-0.139885).
Game Durations: N=100, mean=70.61 (+/-0.698608).
P1: N=50, mean=71.1 (+/-0.932427).
P2: N=50, mean=70.12 (+/-1.032021).

Agent 2 (SHUCTAnyTime)
Winning score (between 0 and 1) : N=100, mean=0.51 (+/-0.098472).
P1: N=50, mean=0.48 (+/-0.139885).
P2: N=50, mean=0.54 (+/-0.139548).
Game Durations: N=100, mean=70.61 (+/-0.698608).
P1: N=50, mean=70.12 (+/-1.032021).
P2: N=50, mean=71.1 (+/-0.932427).
=====================================================
