Warming up...
Finished warming up!
=====================================================
Completed 1 games.

Agent 1 (RegressionTreeSHUCTAny)
Winning score (between 0 and 1) : N=1, mean=1 (+/-0).
P1: N=0, mean=0 (+/-0).
P2: N=1, mean=1 (+/-0).
Game Durations: N=1, mean=66 (+/-0).
P1: N=0, mean=0 (+/-0).
P2: N=1, mean=66 (+/-0).

Agent 2 (SHUCTAnyTime)
Winning score (between 0 and 1) : N=1, mean=0 (+/-0).
P1: N=1, mean=0 (+/-0).
P2: N=0, mean=0 (+/-0).
Game Durations: N=1, mean=66 (+/-0).
P1: N=1, mean=66 (+/-0).
P2: N=0, mean=0 (+/-0).
=====================================================
=====================================================
Completed 2 games.

Agent 1 (RegressionTreeSHUCTAny)
Winning score (between 0 and 1) : N=2, mean=1 (+/-0).
P1: N=1, mean=1 (+/-0).
P2: N=1, mean=1 (+/-0).
Game Durations: N=2, mean=64.5 (+/-2.93994).
P1: N=1, mean=63 (+/-0).
P2: N=1, mean=66 (+/-0).

Agent 2 (SHUCTAnyTime)
Winning score (between 0 and 1) : N=2, mean=0 (+/-0).
P1: N=1, mean=0 (+/-0).
P2: N=1, mean=0 (+/-0).
Game Durations: N=2, mean=64.5 (+/-2.93994).
P1: N=1, mean=66 (+/-0).
P2: N=1, mean=63 (+/-0).
=====================================================
=====================================================
Completed 3 games.

Agent 1 (RegressionTreeSHUCTAny)
Winning score (between 0 and 1) : N=3, mean=1 (+/-0).
P1: N=1, mean=1 (+/-0).
P2: N=2, mean=1 (+/-0).
Game Durations: N=3, mean=67 (+/-5.185567).
P1: N=1, mean=63 (+/-0).
P2: N=2, mean=69 (+/-5.87988).

Agent 2 (SHUCTAnyTime)
Winning score (between 0 and 1) : N=3, mean=0 (+/-0).
P1: N=2, mean=0 (+/-0).
P2: N=1, mean=0 (+/-0).
Game Durations: N=3, mean=67 (+/-5.185567).
P1: N=2, mean=69 (+/-5.87988).
P2: N=1, mean=63 (+/-0).
=====================================================
=====================================================
Completed 4 games.

Agent 1 (RegressionTreeSHUCTAny)
Winning score (between 0 and 1) : N=4, mean=1 (+/-0).
P1: N=2, mean=1 (+/-0).
P2: N=2, mean=1 (+/-0).
Game Durations: N=4, mean=68.5 (+/-4.699819).
P1: N=2, mean=68 (+/-9.7998).
P2: N=2, mean=69 (+/-5.87988).

Agent 2 (SHUCTAnyTime)
Winning score (between 0 and 1) : N=4, mean=0 (+/-0).
P1: N=2, mean=0 (+/-0).
P2: N=2, mean=0 (+/-0).
Game Durations: N=4, mean=68.5 (+/-4.699819).
P1: N=2, mean=69 (+/-5.87988).
P2: N=2, mean=68 (+/-9.7998).
=====================================================
=====================================================
Completed 5 games.

Agent 1 (RegressionTreeSHUCTAny)
Winning score (between 0 and 1) : N=5, mean=1 (+/-0).
P1: N=2, mean=1 (+/-0).
P2: N=3, mean=1 (+/-0).
Game Durations: N=5, mean=68 (+/-3.770058).
P1: N=2, mean=68 (+/-9.7998).
P2: N=3, mean=68 (+/-3.91992).

Agent 2 (SHUCTAnyTime)
Winning score (between 0 and 1) : N=5, mean=0 (+/-0).
P1: N=3, mean=0 (+/-0).
P2: N=2, mean=0 (+/-0).
Game Durations: N=5, mean=68 (+/-3.770058).
P1: N=3, mean=68 (+/-3.91992).
P2: N=2, mean=68 (+/-9.7998).
=====================================================
=====================================================
Completed 10 games.

Agent 1 (RegressionTreeSHUCTAny)
Winning score (between 0 and 1) : N=10, mean=0.7 (+/-0.299389).
P1: N=5, mean=0.6 (+/-0.48009).
P2: N=5, mean=0.8 (+/-0.391992).
Game Durations: N=10, mean=69.6 (+/-2.248028).
P1: N=5, mean=69.4 (+/-3.5388).
P2: N=5, mean=69.8 (+/-3.184558).

Agent 2 (SHUCTAnyTime)
Winning score (between 0 and 1) : N=10, mean=0.3 (+/-0.299389).
P1: N=5, mean=0.2 (+/-0.391992).
P2: N=5, mean=0.4 (+/-0.48009).
Game Durations: N=10, mean=69.6 (+/-2.248028).
P1: N=5, mean=69.8 (+/-3.184558).
P2: N=5, mean=69.4 (+/-3.5388).
=====================================================
=====================================================
Completed 20 games.

Agent 1 (RegressionTreeSHUCTAny)
Winning score (between 0 and 1) : N=20, mean=0.5 (+/-0.224823).
P1: N=10, mean=0.6 (+/-0.32006).
P2: N=10, mean=0.4 (+/-0.32006).
Game Durations: N=20, mean=68.7 (+/-1.264616).
P1: N=10, mean=68.2 (+/-1.91145).
P2: N=10, mean=69.2 (+/-1.698632).

Agent 2 (SHUCTAnyTime)
Winning score (between 0 and 1) : N=20, mean=0.5 (+/-0.224823).
P1: N=10, mean=0.6 (+/-0.32006).
P2: N=10, mean=0.4 (+/-0.32006).
Game Durations: N=20, mean=68.7 (+/-1.264616).
P1: N=10, mean=69.2 (+/-1.698632).
P2: N=10, mean=68.2 (+/-1.91145).
=====================================================
=====================================================
Completed 30 games.

Agent 1 (RegressionTreeSHUCTAny)
Winning score (between 0 and 1) : N=30, mean=0.4 (+/-0.178301).
P1: N=15, mean=0.466667 (+/-0.261328).
P2: N=15, mean=0.333333 (+/-0.246932).
Game Durations: N=30, mean=68.966667 (+/-1.056864).
P1: N=15, mean=68.2 (+/-1.446607).
P2: N=15, mean=69.733333 (+/-1.487341).

Agent 2 (SHUCTAnyTime)
Winning score (between 0 and 1) : N=30, mean=0.6 (+/-0.178301).
P1: N=15, mean=0.666667 (+/-0.246932).
P2: N=15, mean=0.533333 (+/-0.261328).
Game Durations: N=30, mean=68.966667 (+/-1.056864).
P1: N=15, mean=69.733333 (+/-1.487341).
P2: N=15, mean=68.2 (+/-1.446607).
=====================================================
=====================================================
Completed 40 games.

Agent 1 (RegressionTreeSHUCTAny)
Winning score (between 0 and 1) : N=40, mean=0.475 (+/-0.156726).
P1: N=20, mean=0.5 (+/-0.224823).
P2: N=20, mean=0.45 (+/-0.223696).
Game Durations: N=40, mean=68.975 (+/-0.996148).
P1: N=20, mean=68.3 (+/-1.464631).
P2: N=20, mean=69.65 (+/-1.320726).

Agent 2 (SHUCTAnyTime)
Winning score (between 0 and 1) : N=40, mean=0.525 (+/-0.156726).
P1: N=20, mean=0.55 (+/-0.223696).
P2: N=20, mean=0.5 (+/-0.224823).
Game Durations: N=40, mean=68.975 (+/-0.996148).
P1: N=20, mean=69.65 (+/-1.320726).
P2: N=20, mean=68.3 (+/-1.464631).
=====================================================
=====================================================
Completed 50 games.

Agent 1 (RegressionTreeSHUCTAny)
Winning score (between 0 and 1) : N=50, mean=0.5 (+/-0.139997).
P1: N=25, mean=0.6 (+/-0.195996).
P2: N=25, mean=0.4 (+/-0.195996).
Game Durations: N=50, mean=69.12 (+/-0.936438).
P1: N=25, mean=68.28 (+/-1.379047).
P2: N=25, mean=69.96 (+/-1.205442).

Agent 2 (SHUCTAnyTime)
Winning score (between 0 and 1) : N=50, mean=0.5 (+/-0.139997).
P1: N=25, mean=0.6 (+/-0.195996).
P2: N=25, mean=0.4 (+/-0.195996).
Game Durations: N=50, mean=69.12 (+/-0.936438).
P1: N=25, mean=69.96 (+/-1.205442).
P2: N=25, mean=68.28 (+/-1.379047).
=====================================================
=====================================================
Completed 60 games.

Agent 1 (RegressionTreeSHUCTAny)
Winning score (between 0 and 1) : N=60, mean=0.483333 (+/-0.127512).
P1: N=30, mean=0.566667 (+/-0.180353).
P2: N=30, mean=0.4 (+/-0.178301).
Game Durations: N=60, mean=69.216667 (+/-0.857865).
P1: N=30, mean=68.766667 (+/-1.294247).
P2: N=30, mean=69.666667 (+/-1.125061).

Agent 2 (SHUCTAnyTime)
Winning score (between 0 and 1) : N=60, mean=0.516667 (+/-0.127512).
P1: N=30, mean=0.6 (+/-0.178301).
P2: N=30, mean=0.433333 (+/-0.180353).
Game Durations: N=60, mean=69.216667 (+/-0.857865).
P1: N=30, mean=69.666667 (+/-1.125061).
P2: N=30, mean=68.766667 (+/-1.294247).
=====================================================
=====================================================
Completed 70 games.

Agent 1 (RegressionTreeSHUCTAny)
Winning score (between 0 and 1) : N=70, mean=0.5 (+/-0.117976).
P1: N=35, mean=0.542857 (+/-0.167447).
P2: N=35, mean=0.457143 (+/-0.167447).
Game Durations: N=70, mean=69.342857 (+/-0.773244).
P1: N=35, mean=69.057143 (+/-1.17527).
P2: N=35, mean=69.628571 (+/-1.013455).

Agent 2 (SHUCTAnyTime)
Winning score (between 0 and 1) : N=70, mean=0.5 (+/-0.117976).
P1: N=35, mean=0.542857 (+/-0.167447).
P2: N=35, mean=0.457143 (+/-0.167447).
Game Durations: N=70, mean=69.342857 (+/-0.773244).
P1: N=35, mean=69.628571 (+/-1.013455).
P2: N=35, mean=69.057143 (+/-1.17527).
=====================================================
=====================================================
Completed 80 games.

Agent 1 (RegressionTreeSHUCTAny)
Winning score (between 0 and 1) : N=80, mean=0.4875 (+/-0.110222).
P1: N=40, mean=0.55 (+/-0.156136).
P2: N=40, mean=0.425 (+/-0.155147).
Game Durations: N=80, mean=69.2875 (+/-0.704428).
P1: N=40, mean=69.1 (+/-1.042796).
P2: N=40, mean=69.475 (+/-0.957066).

Agent 2 (SHUCTAnyTime)
Winning score (between 0 and 1) : N=80, mean=0.5125 (+/-0.110222).
P1: N=40, mean=0.575 (+/-0.155147).
P2: N=40, mean=0.45 (+/-0.156136).
Game Durations: N=80, mean=69.2875 (+/-0.704428).
P1: N=40, mean=69.475 (+/-0.957066).
P2: N=40, mean=69.1 (+/-1.042796).
=====================================================
=====================================================
Completed 90 games.

Agent 1 (RegressionTreeSHUCTAny)
Winning score (between 0 and 1) : N=90, mean=0.488889 (+/-0.103852).
P1: N=45, mean=0.577778 (+/-0.145939).
P2: N=45, mean=0.4 (+/-0.144753).
Game Durations: N=90, mean=69.544444 (+/-0.717791).
P1: N=45, mean=69.066667 (+/-0.979782).
P2: N=45, mean=70.022222 (+/-1.041386).

Agent 2 (SHUCTAnyTime)
Winning score (between 0 and 1) : N=90, mean=0.511111 (+/-0.103852).
P1: N=45, mean=0.6 (+/-0.144753).
P2: N=45, mean=0.422222 (+/-0.145939).
Game Durations: N=90, mean=69.544444 (+/-0.717791).
P1: N=45, mean=70.022222 (+/-1.041386).
P2: N=45, mean=69.066667 (+/-0.979782).
=====================================================
=====================================================
Completed 100 games.

Agent 1 (RegressionTreeSHUCTAny)
Winning score (between 0 and 1) : N=100, mean=0.5 (+/-0.098492).
P1: N=50, mean=0.58 (+/-0.138194).
P2: N=50, mean=0.42 (+/-0.138194).
Game Durations: N=100, mean=69.56 (+/-0.692149).
P1: N=50, mean=69.14 (+/-0.960197).
P2: N=50, mean=69.98 (+/-0.993076).

Agent 2 (SHUCTAnyTime)
Winning score (between 0 and 1) : N=100, mean=0.5 (+/-0.098492).
P1: N=50, mean=0.58 (+/-0.138194).
P2: N=50, mean=0.42 (+/-0.138194).
Game Durations: N=100, mean=69.56 (+/-0.692149).
P1: N=50, mean=69.98 (+/-0.993076).
P2: N=50, mean=69.14 (+/-0.960197).
=====================================================
