Warming up...
Finished warming up!
=====================================================
Completed 1 games.

Agent 1 (RegressionTreeSHUCTAny)
Winning score (between 0 and 1) : N=1, mean=1 (+/-0).
P1: N=1, mean=1 (+/-0).
P2: N=0, mean=0 (+/-0).
Game Durations: N=1, mean=71 (+/-0).
P1: N=1, mean=71 (+/-0).
P2: N=0, mean=0 (+/-0).

Agent 2 (SHUCTAnyTime)
Winning score (between 0 and 1) : N=1, mean=0 (+/-0).
P1: N=0, mean=0 (+/-0).
P2: N=1, mean=0 (+/-0).
Game Durations: N=1, mean=71 (+/-0).
P1: N=0, mean=0 (+/-0).
P2: N=1, mean=71 (+/-0).
=====================================================
=====================================================
Completed 2 games.

Agent 1 (RegressionTreeSHUCTAny)
Winning score (between 0 and 1) : N=2, mean=0.5 (+/-0.97998).
P1: N=1, mean=1 (+/-0).
P2: N=1, mean=0 (+/-0).
Game Durations: N=2, mean=70 (+/-1.95996).
P1: N=1, mean=71 (+/-0).
P2: N=1, mean=69 (+/-0).

Agent 2 (SHUCTAnyTime)
Winning score (between 0 and 1) : N=2, mean=0.5 (+/-0.97998).
P1: N=1, mean=1 (+/-0).
P2: N=1, mean=0 (+/-0).
Game Durations: N=2, mean=70 (+/-1.95996).
P1: N=1, mean=69 (+/-0).
P2: N=1, mean=71 (+/-0).
=====================================================
=====================================================
Completed 3 games.

Agent 1 (RegressionTreeSHUCTAny)
Winning score (between 0 and 1) : N=3, mean=0.333333 (+/-0.65332).
P1: N=2, mean=0.5 (+/-0.97998).
P2: N=1, mean=0 (+/-0).
Game Durations: N=3, mean=72 (+/-4.079982).
P1: N=2, mean=73.5 (+/-4.8999).
P2: N=1, mean=69 (+/-0).

Agent 2 (SHUCTAnyTime)
Winning score (between 0 and 1) : N=3, mean=0.666667 (+/-0.65332).
P1: N=1, mean=1 (+/-0).
P2: N=2, mean=0.5 (+/-0.97998).
Game Durations: N=3, mean=72 (+/-4.079982).
P1: N=1, mean=69 (+/-0).
P2: N=2, mean=73.5 (+/-4.8999).
=====================================================
=====================================================
Completed 4 games.

Agent 1 (RegressionTreeSHUCTAny)
Winning score (between 0 and 1) : N=4, mean=0.25 (+/-0.48999).
P1: N=2, mean=0.5 (+/-0.97998).
P2: N=2, mean=0 (+/-0).
Game Durations: N=4, mean=72.75 (+/-3.237891).
P1: N=2, mean=73.5 (+/-4.8999).
P2: N=2, mean=72 (+/-5.87988).

Agent 2 (SHUCTAnyTime)
Winning score (between 0 and 1) : N=4, mean=0.75 (+/-0.48999).
P1: N=2, mean=1 (+/-0).
P2: N=2, mean=0.5 (+/-0.97998).
Game Durations: N=4, mean=72.75 (+/-3.237891).
P1: N=2, mean=72 (+/-5.87988).
P2: N=2, mean=73.5 (+/-4.8999).
=====================================================
=====================================================
Completed 5 games.

Agent 1 (RegressionTreeSHUCTAny)
Winning score (between 0 and 1) : N=5, mean=0.4 (+/-0.48009).
P1: N=3, mean=0.666667 (+/-0.65332).
P2: N=2, mean=0 (+/-0).
Game Durations: N=5, mean=71.6 (+/-3.372043).
P1: N=3, mean=71.333333 (+/-5.102592).
P2: N=2, mean=72 (+/-5.87988).

Agent 2 (SHUCTAnyTime)
Winning score (between 0 and 1) : N=5, mean=0.6 (+/-0.48009).
P1: N=2, mean=1 (+/-0).
P2: N=3, mean=0.333333 (+/-0.65332).
Game Durations: N=5, mean=71.6 (+/-3.372043).
P1: N=2, mean=72 (+/-5.87988).
P2: N=3, mean=71.333333 (+/-5.102592).
=====================================================
=====================================================
Completed 10 games.

Agent 1 (RegressionTreeSHUCTAny)
Winning score (between 0 and 1) : N=10, mean=0.4 (+/-0.32006).
P1: N=5, mean=0.8 (+/-0.391992).
P2: N=5, mean=0 (+/-0).
Game Durations: N=10, mean=70.9 (+/-3.437854).
P1: N=5, mean=70.8 (+/-6.271872).
P2: N=5, mean=71 (+/-3.718763).

Agent 2 (SHUCTAnyTime)
Winning score (between 0 and 1) : N=10, mean=0.6 (+/-0.32006).
P1: N=5, mean=1 (+/-0).
P2: N=5, mean=0.2 (+/-0.391992).
Game Durations: N=10, mean=70.9 (+/-3.437854).
P1: N=5, mean=71 (+/-3.718763).
P2: N=5, mean=70.8 (+/-6.271872).
=====================================================
=====================================================
Completed 20 games.

Agent 1 (RegressionTreeSHUCTAny)
Winning score (between 0 and 1) : N=20, mean=0.4 (+/-0.22028).
P1: N=10, mean=0.7 (+/-0.299389).
P2: N=10, mean=0.1 (+/-0.195996).
Game Durations: N=20, mean=70.9 (+/-1.853391).
P1: N=10, mean=70.7 (+/-3.24102).
P2: N=10, mean=71.1 (+/-1.991287).

Agent 2 (SHUCTAnyTime)
Winning score (between 0 and 1) : N=20, mean=0.6 (+/-0.22028).
P1: N=10, mean=0.9 (+/-0.195996).
P2: N=10, mean=0.3 (+/-0.299389).
Game Durations: N=20, mean=70.9 (+/-1.853391).
P1: N=10, mean=71.1 (+/-1.991287).
P2: N=10, mean=70.7 (+/-3.24102).
=====================================================
=====================================================
Completed 30 games.

Agent 1 (RegressionTreeSHUCTAny)
Winning score (between 0 and 1) : N=30, mean=0.366667 (+/-0.175388).
P1: N=15, mean=0.533333 (+/-0.261328).
P2: N=15, mean=0.2 (+/-0.209529).
Game Durations: N=30, mean=70.466667 (+/-1.482073).
P1: N=15, mean=70.533333 (+/-2.179723).
P2: N=15, mean=70.4 (+/-2.084783).

Agent 2 (SHUCTAnyTime)
Winning score (between 0 and 1) : N=30, mean=0.633333 (+/-0.175388).
P1: N=15, mean=0.8 (+/-0.209529).
P2: N=15, mean=0.466667 (+/-0.261328).
Game Durations: N=30, mean=70.466667 (+/-1.482073).
P1: N=15, mean=70.4 (+/-2.084783).
P2: N=15, mean=70.533333 (+/-2.179723).
=====================================================
=====================================================
Completed 40 games.

Agent 1 (RegressionTreeSHUCTAny)
Winning score (between 0 and 1) : N=40, mean=0.375 (+/-0.151939).
P1: N=20, mean=0.5 (+/-0.224823).
P2: N=20, mean=0.25 (+/-0.194702).
Game Durations: N=40, mean=70.225 (+/-1.341641).
P1: N=20, mean=70.7 (+/-2.011379).
P2: N=20, mean=69.75 (+/-1.803494).

Agent 2 (SHUCTAnyTime)
Winning score (between 0 and 1) : N=40, mean=0.625 (+/-0.151939).
P1: N=20, mean=0.75 (+/-0.194702).
P2: N=20, mean=0.5 (+/-0.224823).
Game Durations: N=40, mean=70.225 (+/-1.341641).
P1: N=20, mean=69.75 (+/-1.803494).
P2: N=20, mean=70.7 (+/-2.011379).
=====================================================
=====================================================
Completed 50 games.

Agent 1 (RegressionTreeSHUCTAny)
Winning score (between 0 and 1) : N=50, mean=0.38 (+/-0.135905).
P1: N=25, mean=0.44 (+/-0.198592).
P2: N=25, mean=0.32 (+/-0.186626).
Game Durations: N=50, mean=70.2 (+/-1.202346).
P1: N=25, mean=70.12 (+/-1.857038).
P2: N=25, mean=70.28 (+/-1.566007).

Agent 2 (SHUCTAnyTime)
Winning score (between 0 and 1) : N=50, mean=0.62 (+/-0.135905).
P1: N=25, mean=0.68 (+/-0.186626).
P2: N=25, mean=0.56 (+/-0.198592).
Game Durations: N=50, mean=70.2 (+/-1.202346).
P1: N=25, mean=70.28 (+/-1.566007).
P2: N=25, mean=70.12 (+/-1.857038).
=====================================================
=====================================================
Completed 60 games.

Agent 1 (RegressionTreeSHUCTAny)
Winning score (between 0 and 1) : N=60, mean=0.45 (+/-0.126943).
P1: N=30, mean=0.5 (+/-0.181978).
P2: N=30, mean=0.4 (+/-0.178301).
Game Durations: N=60, mean=69.95 (+/-1.11849).
P1: N=30, mean=70.166667 (+/-1.603287).
P2: N=30, mean=69.733333 (+/-1.583473).

Agent 2 (SHUCTAnyTime)
Winning score (between 0 and 1) : N=60, mean=0.55 (+/-0.126943).
P1: N=30, mean=0.6 (+/-0.178301).
P2: N=30, mean=0.5 (+/-0.181978).
Game Durations: N=60, mean=69.95 (+/-1.11849).
P1: N=30, mean=69.733333 (+/-1.583473).
P2: N=30, mean=70.166667 (+/-1.603287).
=====================================================
=====================================================
Completed 70 games.

Agent 1 (RegressionTreeSHUCTAny)
Winning score (between 0 and 1) : N=70, mean=0.485714 (+/-0.117928).
P1: N=35, mean=0.514286 (+/-0.167997).
P2: N=35, mean=0.457143 (+/-0.167447).
Game Durations: N=70, mean=69.9 (+/-0.989992).
P1: N=35, mean=70.114286 (+/-1.402736).
P2: N=35, mean=69.685714 (+/-1.414195).

Agent 2 (SHUCTAnyTime)
Winning score (between 0 and 1) : N=70, mean=0.514286 (+/-0.117928).
P1: N=35, mean=0.542857 (+/-0.167447).
P2: N=35, mean=0.485714 (+/-0.167997).
Game Durations: N=70, mean=69.9 (+/-0.989992).
P1: N=35, mean=69.685714 (+/-1.414195).
P2: N=35, mean=70.114286 (+/-1.402736).
=====================================================
=====================================================
Completed 80 games.

Agent 1 (RegressionTreeSHUCTAny)
Winning score (between 0 and 1) : N=80, mean=0.4875 (+/-0.110222).
P1: N=40, mean=0.525 (+/-0.156726).
P2: N=40, mean=0.45 (+/-0.156136).
Game Durations: N=80, mean=69.7875 (+/-0.896876).
P1: N=40, mean=69.925 (+/-1.290943).
P2: N=40, mean=69.65 (+/-1.260371).

Agent 2 (SHUCTAnyTime)
Winning score (between 0 and 1) : N=80, mean=0.5125 (+/-0.110222).
P1: N=40, mean=0.55 (+/-0.156136).
P2: N=40, mean=0.475 (+/-0.156726).
Game Durations: N=80, mean=69.7875 (+/-0.896876).
P1: N=40, mean=69.65 (+/-1.260371).
P2: N=40, mean=69.925 (+/-1.290943).
=====================================================
=====================================================
Completed 90 games.

Agent 1 (RegressionTreeSHUCTAny)
Winning score (between 0 and 1) : N=90, mean=0.477778 (+/-0.103775).
P1: N=45, mean=0.533333 (+/-0.147409).
P2: N=45, mean=0.422222 (+/-0.145939).
Game Durations: N=90, mean=69.955556 (+/-0.84414).
P1: N=45, mean=70.311111 (+/-1.236174).
P2: N=45, mean=69.6 (+/-1.154329).

Agent 2 (SHUCTAnyTime)
Winning score (between 0 and 1) : N=90, mean=0.522222 (+/-0.103775).
P1: N=45, mean=0.577778 (+/-0.145939).
P2: N=45, mean=0.466667 (+/-0.147409).
Game Durations: N=90, mean=69.955556 (+/-0.84414).
P1: N=45, mean=69.6 (+/-1.154329).
P2: N=45, mean=70.311111 (+/-1.236174).
=====================================================
=====================================================
Completed 100 games.

Agent 1 (RegressionTreeSHUCTAny)
Winning score (between 0 and 1) : N=100, mean=0.49 (+/-0.098472).
P1: N=50, mean=0.54 (+/-0.139548).
P2: N=50, mean=0.44 (+/-0.138986).
Game Durations: N=100, mean=69.73 (+/-0.780937).
P1: N=50, mean=70.06 (+/-1.146829).
P2: N=50, mean=69.4 (+/-1.063978).

Agent 2 (SHUCTAnyTime)
Winning score (between 0 and 1) : N=100, mean=0.51 (+/-0.098472).
P1: N=50, mean=0.56 (+/-0.138986).
P2: N=50, mean=0.46 (+/-0.139548).
Game Durations: N=100, mean=69.73 (+/-0.780937).
P1: N=50, mean=69.4 (+/-1.063978).
P2: N=50, mean=70.06 (+/-1.146829).
=====================================================
