Warming up...
Finished warming up!
=====================================================
Completed 1 games.

Agent 1 (EntropySHUCTAnytime)
Winning score (between 0 and 1) : N=1, mean=0 (+/-0).
P1: N=1, mean=0 (+/-0).
P2: N=0, mean=0 (+/-0).
Game Durations: N=1, mean=156 (+/-0).
P1: N=1, mean=156 (+/-0).
P2: N=0, mean=0 (+/-0).

Agent 2 (Example UCT)
Winning score (between 0 and 1) : N=1, mean=1 (+/-0).
P1: N=0, mean=0 (+/-0).
P2: N=1, mean=1 (+/-0).
Game Durations: N=1, mean=156 (+/-0).
P1: N=0, mean=0 (+/-0).
P2: N=1, mean=156 (+/-0).
=====================================================
=====================================================
Completed 2 games.

Agent 1 (EntropySHUCTAnytime)
Winning score (between 0 and 1) : N=2, mean=0 (+/-0).
P1: N=1, mean=0 (+/-0).
P2: N=1, mean=0 (+/-0).
Game Durations: N=2, mean=149 (+/-13.71972).
P1: N=1, mean=156 (+/-0).
P2: N=1, mean=142 (+/-0).

Agent 2 (Example UCT)
Winning score (between 0 and 1) : N=2, mean=1 (+/-0).
P1: N=1, mean=1 (+/-0).
P2: N=1, mean=1 (+/-0).
Game Durations: N=2, mean=149 (+/-13.71972).
P1: N=1, mean=142 (+/-0).
P2: N=1, mean=156 (+/-0).
=====================================================
=====================================================
Completed 3 games.

Agent 1 (EntropySHUCTAnytime)
Winning score (between 0 and 1) : N=3, mean=0 (+/-0).
P1: N=2, mean=0 (+/-0).
P2: N=1, mean=0 (+/-0).
Game Durations: N=3, mean=155.333333 (+/-14.725085).
P1: N=2, mean=162 (+/-11.75976).
P2: N=1, mean=142 (+/-0).

Agent 2 (Example UCT)
Winning score (between 0 and 1) : N=3, mean=1 (+/-0).
P1: N=1, mean=1 (+/-0).
P2: N=2, mean=1 (+/-0).
Game Durations: N=3, mean=155.333333 (+/-14.725085).
P1: N=1, mean=142 (+/-0).
P2: N=2, mean=162 (+/-11.75976).
=====================================================
=====================================================
Completed 4 games.

Agent 1 (EntropySHUCTAnytime)
Winning score (between 0 and 1) : N=4, mean=0 (+/-0).
P1: N=2, mean=0 (+/-0).
P2: N=2, mean=0 (+/-0).
Game Durations: N=4, mean=156 (+/-10.493873).
P1: N=2, mean=162 (+/-11.75976).
P2: N=2, mean=150 (+/-15.67968).

Agent 2 (Example UCT)
Winning score (between 0 and 1) : N=4, mean=1 (+/-0).
P1: N=2, mean=1 (+/-0).
P2: N=2, mean=1 (+/-0).
Game Durations: N=4, mean=156 (+/-10.493873).
P1: N=2, mean=150 (+/-15.67968).
P2: N=2, mean=162 (+/-11.75976).
=====================================================
=====================================================
Completed 5 games.

Agent 1 (EntropySHUCTAnytime)
Winning score (between 0 and 1) : N=5, mean=0 (+/-0).
P1: N=3, mean=0 (+/-0).
P2: N=2, mean=0 (+/-0).
Game Durations: N=5, mean=148 (+/-17.661404).
P1: N=3, mean=146.666667 (+/-30.810117).
P2: N=2, mean=150 (+/-15.67968).

Agent 2 (Example UCT)
Winning score (between 0 and 1) : N=5, mean=1 (+/-0).
P1: N=2, mean=1 (+/-0).
P2: N=3, mean=1 (+/-0).
Game Durations: N=5, mean=148 (+/-17.661404).
P1: N=2, mean=150 (+/-15.67968).
P2: N=3, mean=146.666667 (+/-30.810117).
=====================================================
=====================================================
Completed 10 games.

Agent 1 (EntropySHUCTAnytime)
Winning score (between 0 and 1) : N=10, mean=0.1 (+/-0.195996).
P1: N=5, mean=0 (+/-0).
P2: N=5, mean=0.2 (+/-0.391992).
Game Durations: N=10, mean=152.8 (+/-10.039894).
P1: N=5, mean=154.4 (+/-19.615273).
P2: N=5, mean=151.2 (+/-7.995099).

Agent 2 (Example UCT)
Winning score (between 0 and 1) : N=10, mean=0.9 (+/-0.195996).
P1: N=5, mean=0.8 (+/-0.391992).
P2: N=5, mean=1 (+/-0).
Game Durations: N=10, mean=152.8 (+/-10.039894).
P1: N=5, mean=151.2 (+/-7.995099).
P2: N=5, mean=154.4 (+/-19.615273).
=====================================================
=====================================================
Completed 20 games.

Agent 1 (EntropySHUCTAnytime)
Winning score (between 0 and 1) : N=20, mean=0.05 (+/-0.097998).
P1: N=10, mean=0 (+/-0).
P2: N=10, mean=0.1 (+/-0.195996).
Game Durations: N=20, mean=152.3 (+/-6.585582).
P1: N=10, mean=152.8 (+/-11.136376).
P2: N=10, mean=151.8 (+/-7.67366).

Agent 2 (Example UCT)
Winning score (between 0 and 1) : N=20, mean=0.95 (+/-0.097998).
P1: N=10, mean=0.9 (+/-0.195996).
P2: N=10, mean=1 (+/-0).
Game Durations: N=20, mean=152.3 (+/-6.585582).
P1: N=10, mean=151.8 (+/-7.67366).
P2: N=10, mean=152.8 (+/-11.136376).
=====================================================
=====================================================
Completed 30 games.

Agent 1 (EntropySHUCTAnytime)
Winning score (between 0 and 1) : N=30, mean=0.166667 (+/-0.135638).
P1: N=15, mean=0.2 (+/-0.209529).
P2: N=15, mean=0.133333 (+/-0.178065).
Game Durations: N=30, mean=153.2 (+/-5.045215).
P1: N=15, mean=155.066667 (+/-8.327423).
P2: N=15, mean=151.333333 (+/-5.847644).

Agent 2 (Example UCT)
Winning score (between 0 and 1) : N=30, mean=0.833333 (+/-0.135638).
P1: N=15, mean=0.866667 (+/-0.178065).
P2: N=15, mean=0.8 (+/-0.209529).
Game Durations: N=30, mean=153.2 (+/-5.045215).
P1: N=15, mean=151.333333 (+/-5.847644).
P2: N=15, mean=155.066667 (+/-8.327423).
=====================================================
=====================================================
Completed 40 games.

Agent 1 (EntropySHUCTAnytime)
Winning score (between 0 and 1) : N=40, mean=0.225 (+/-0.131056).
P1: N=20, mean=0.25 (+/-0.194702).
P2: N=20, mean=0.2 (+/-0.179858).
Game Durations: N=40, mean=153.95 (+/-4.637023).
P1: N=20, mean=154.1 (+/-7.680785).
P2: N=20, mean=153.8 (+/-5.409968).

Agent 2 (Example UCT)
Winning score (between 0 and 1) : N=40, mean=0.775 (+/-0.131056).
P1: N=20, mean=0.8 (+/-0.179858).
P2: N=20, mean=0.75 (+/-0.194702).
Game Durations: N=40, mean=153.95 (+/-4.637023).
P1: N=20, mean=153.8 (+/-5.409968).
P2: N=20, mean=154.1 (+/-7.680785).
=====================================================
=====================================================
Completed 50 games.

Agent 1 (EntropySHUCTAnytime)
Winning score (between 0 and 1) : N=50, mean=0.24 (+/-0.119581).
P1: N=25, mean=0.28 (+/-0.179633).
P2: N=25, mean=0.2 (+/-0.16003).
Game Durations: N=50, mean=154.76 (+/-4.409198).
P1: N=25, mean=157.04 (+/-6.961289).
P2: N=25, mean=152.48 (+/-5.4093).

Agent 2 (Example UCT)
Winning score (between 0 and 1) : N=50, mean=0.76 (+/-0.119581).
P1: N=25, mean=0.8 (+/-0.16003).
P2: N=25, mean=0.72 (+/-0.179633).
Game Durations: N=50, mean=154.76 (+/-4.409198).
P1: N=25, mean=152.48 (+/-5.4093).
P2: N=25, mean=157.04 (+/-6.961289).
=====================================================
=====================================================
Completed 60 games.

Agent 1 (EntropySHUCTAnytime)
Winning score (between 0 and 1) : N=60, mean=0.25 (+/-0.11049).
P1: N=30, mean=0.266667 (+/-0.160947).
P2: N=30, mean=0.233333 (+/-0.153936).
Game Durations: N=60, mean=154.033333 (+/-3.975437).
P1: N=30, mean=154.933333 (+/-6.28912).
P2: N=30, mean=153.133333 (+/-4.953658).

Agent 2 (Example UCT)
Winning score (between 0 and 1) : N=60, mean=0.75 (+/-0.11049).
P1: N=30, mean=0.766667 (+/-0.153936).
P2: N=30, mean=0.733333 (+/-0.160947).
Game Durations: N=60, mean=154.033333 (+/-3.975437).
P1: N=30, mean=153.133333 (+/-4.953658).
P2: N=30, mean=154.933333 (+/-6.28912).
=====================================================
=====================================================
Completed 70 games.

Agent 1 (EntropySHUCTAnytime)
Winning score (between 0 and 1) : N=70, mean=0.242857 (+/-0.101178).
P1: N=35, mean=0.257143 (+/-0.146909).
P2: N=35, mean=0.228571 (+/-0.141145).
Game Durations: N=70, mean=152.457143 (+/-3.951583).
P1: N=35, mean=152.514286 (+/-6.502622).
P2: N=35, mean=152.4 (+/-4.59279).

Agent 2 (Example UCT)
Winning score (between 0 and 1) : N=70, mean=0.757143 (+/-0.101178).
P1: N=35, mean=0.771429 (+/-0.141145).
P2: N=35, mean=0.742857 (+/-0.146909).
Game Durations: N=70, mean=152.457143 (+/-3.951583).
P1: N=35, mean=152.4 (+/-4.59279).
P2: N=35, mean=152.514286 (+/-6.502622).
=====================================================
=====================================================
Completed 80 games.

Agent 1 (EntropySHUCTAnytime)
Winning score (between 0 and 1) : N=80, mean=0.2375 (+/-0.093839).
P1: N=40, mean=0.225 (+/-0.131056).
P2: N=40, mean=0.25 (+/-0.135899).
Game Durations: N=80, mean=153.975 (+/-3.7073).
P1: N=40, mean=154.55 (+/-5.967984).
P2: N=40, mean=153.4 (+/-4.47204).

Agent 2 (Example UCT)
Winning score (between 0 and 1) : N=80, mean=0.7625 (+/-0.093839).
P1: N=40, mean=0.75 (+/-0.135899).
P2: N=40, mean=0.775 (+/-0.131056).
Game Durations: N=80, mean=153.975 (+/-3.7073).
P1: N=40, mean=153.4 (+/-4.47204).
P2: N=40, mean=154.55 (+/-5.967984).
=====================================================
=====================================================
Completed 90 games.

Agent 1 (EntropySHUCTAnytime)
Winning score (between 0 and 1) : N=90, mean=0.244444 (+/-0.089284).
P1: N=45, mean=0.222222 (+/-0.122841).
P2: N=45, mean=0.266667 (+/-0.130664).
Game Durations: N=90, mean=154.555556 (+/-3.538774).
P1: N=45, mean=155.288889 (+/-5.607845).
P2: N=45, mean=153.822222 (+/-4.372538).

Agent 2 (Example UCT)
Winning score (between 0 and 1) : N=90, mean=0.755556 (+/-0.089284).
P1: N=45, mean=0.733333 (+/-0.130664).
P2: N=45, mean=0.777778 (+/-0.122841).
Game Durations: N=90, mean=154.555556 (+/-3.538774).
P1: N=45, mean=153.822222 (+/-4.372538).
P2: N=45, mean=155.288889 (+/-5.607845).
=====================================================
=====================================================
Completed 100 games.

Agent 1 (EntropySHUCTAnytime)
Winning score (between 0 and 1) : N=100, mean=0.26 (+/-0.086404).
P1: N=50, mean=0.2 (+/-0.111998).
P2: N=50, mean=0.32 (+/-0.130611).
Game Durations: N=100, mean=154.88 (+/-3.273634).
P1: N=50, mean=155.28 (+/-5.15647).
P2: N=50, mean=154.48 (+/-4.085323).

Agent 2 (Example UCT)
Winning score (between 0 and 1) : N=100, mean=0.74 (+/-0.086404).
P1: N=50, mean=0.68 (+/-0.130611).
P2: N=50, mean=0.8 (+/-0.111998).
Game Durations: N=100, mean=154.88 (+/-3.273634).
P1: N=50, mean=154.48 (+/-4.085323).
P2: N=50, mean=155.28 (+/-5.15647).
=====================================================
