Warming up...
Finished warming up!
=====================================================
Completed 1 games.

Agent 1 (EntropySHUCTAnytime)
Winning score (between 0 and 1) : N=1, mean=1 (+/-0).
P1: N=1, mean=1 (+/-0).
P2: N=0, mean=0 (+/-0).
Game Durations: N=1, mean=71 (+/-0).
P1: N=1, mean=71 (+/-0).
P2: N=0, mean=0 (+/-0).

Agent 2 (SHUCTAnyTime)
Winning score (between 0 and 1) : N=1, mean=0 (+/-0).
P1: N=0, mean=0 (+/-0).
P2: N=1, mean=0 (+/-0).
Game Durations: N=1, mean=71 (+/-0).
P1: N=0, mean=0 (+/-0).
P2: N=1, mean=71 (+/-0).
=====================================================
=====================================================
Completed 2 games.

Agent 1 (EntropySHUCTAnytime)
Winning score (between 0 and 1) : N=2, mean=1 (+/-0).
P1: N=1, mean=1 (+/-0).
P2: N=1, mean=1 (+/-0).
Game Durations: N=2, mean=70.5 (+/-0.97998).
P1: N=1, mean=71 (+/-0).
P2: N=1, mean=70 (+/-0).

Agent 2 (SHUCTAnyTime)
Winning score (between 0 and 1) : N=2, mean=0 (+/-0).
P1: N=1, mean=0 (+/-0).
P2: N=1, mean=0 (+/-0).
Game Durations: N=2, mean=70.5 (+/-0.97998).
P1: N=1, mean=70 (+/-0).
P2: N=1, mean=71 (+/-0).
=====================================================
=====================================================
Completed 3 games.

Agent 1 (EntropySHUCTAnytime)
Winning score (between 0 and 1) : N=3, mean=1 (+/-0).
P1: N=2, mean=1 (+/-0).
P2: N=1, mean=1 (+/-0).
Game Durations: N=3, mean=68.666667 (+/-3.637532).
P1: N=2, mean=68 (+/-5.87988).
P2: N=1, mean=70 (+/-0).

Agent 2 (SHUCTAnyTime)
Winning score (between 0 and 1) : N=3, mean=0 (+/-0).
P1: N=1, mean=0 (+/-0).
P2: N=2, mean=0 (+/-0).
Game Durations: N=3, mean=68.666667 (+/-3.637532).
P1: N=1, mean=70 (+/-0).
P2: N=2, mean=68 (+/-5.87988).
=====================================================
=====================================================
Completed 4 games.

Agent 1 (EntropySHUCTAnytime)
Winning score (between 0 and 1) : N=4, mean=0.75 (+/-0.48999).
P1: N=2, mean=1 (+/-0).
P2: N=2, mean=0.5 (+/-0.97998).
Game Durations: N=4, mean=69.25 (+/-2.814778).
P1: N=2, mean=68 (+/-5.87988).
P2: N=2, mean=70.5 (+/-0.97998).

Agent 2 (SHUCTAnyTime)
Winning score (between 0 and 1) : N=4, mean=0.25 (+/-0.48999).
P1: N=2, mean=0.5 (+/-0.97998).
P2: N=2, mean=0 (+/-0).
Game Durations: N=4, mean=69.25 (+/-2.814778).
P1: N=2, mean=70.5 (+/-0.97998).
P2: N=2, mean=68 (+/-5.87988).
=====================================================
=====================================================
Completed 5 games.

Agent 1 (EntropySHUCTAnytime)
Winning score (between 0 and 1) : N=5, mean=0.8 (+/-0.391992).
P1: N=3, mean=1 (+/-0).
P2: N=2, mean=0.5 (+/-0.97998).
Game Durations: N=5, mean=69.2 (+/-2.182519).
P1: N=3, mean=68.333333 (+/-3.457044).
P2: N=2, mean=70.5 (+/-0.97998).

Agent 2 (SHUCTAnyTime)
Winning score (between 0 and 1) : N=5, mean=0.2 (+/-0.391992).
P1: N=2, mean=0.5 (+/-0.97998).
P2: N=3, mean=0 (+/-0).
Game Durations: N=5, mean=69.2 (+/-2.182519).
P1: N=2, mean=70.5 (+/-0.97998).
P2: N=3, mean=68.333333 (+/-3.457044).
=====================================================
=====================================================
Completed 10 games.

Agent 1 (EntropySHUCTAnytime)
Winning score (between 0 and 1) : N=10, mean=0.7 (+/-0.299389).
P1: N=5, mean=1 (+/-0).
P2: N=5, mean=0.4 (+/-0.48009).
Game Durations: N=10, mean=69 (+/-2.003041).
P1: N=5, mean=69 (+/-2.147029).
P2: N=5, mean=69 (+/-3.666749).

Agent 2 (SHUCTAnyTime)
Winning score (between 0 and 1) : N=10, mean=0.3 (+/-0.299389).
P1: N=5, mean=0.6 (+/-0.48009).
P2: N=5, mean=0 (+/-0).
Game Durations: N=10, mean=69 (+/-2.003041).
P1: N=5, mean=69 (+/-3.666749).
P2: N=5, mean=69 (+/-2.147029).
=====================================================
=====================================================
Completed 20 games.

Agent 1 (EntropySHUCTAnytime)
Winning score (between 0 and 1) : N=20, mean=0.7 (+/-0.206054).
P1: N=10, mean=0.8 (+/-0.261328).
P2: N=10, mean=0.6 (+/-0.32006).
Game Durations: N=20, mean=69.1 (+/-1.449366).
P1: N=10, mean=68.6 (+/-1.313157).
P2: N=10, mean=69.6 (+/-2.632807).

Agent 2 (SHUCTAnyTime)
Winning score (between 0 and 1) : N=20, mean=0.3 (+/-0.206054).
P1: N=10, mean=0.4 (+/-0.32006).
P2: N=10, mean=0.2 (+/-0.261328).
Game Durations: N=20, mean=69.1 (+/-1.449366).
P1: N=10, mean=69.6 (+/-2.632807).
P2: N=10, mean=68.6 (+/-1.313157).
=====================================================
=====================================================
Completed 30 games.

Agent 1 (EntropySHUCTAnytime)
Winning score (between 0 and 1) : N=30, mean=0.666667 (+/-0.17157).
P1: N=15, mean=0.733333 (+/-0.231643).
P2: N=15, mean=0.6 (+/-0.256619).
Game Durations: N=30, mean=69.633333 (+/-1.350346).
P1: N=15, mean=69.4 (+/-1.631993).
P2: N=15, mean=69.866667 (+/-2.204756).

Agent 2 (SHUCTAnyTime)
Winning score (between 0 and 1) : N=30, mean=0.333333 (+/-0.17157).
P1: N=15, mean=0.4 (+/-0.256619).
P2: N=15, mean=0.266667 (+/-0.231643).
Game Durations: N=30, mean=69.633333 (+/-1.350346).
P1: N=15, mean=69.866667 (+/-2.204756).
P2: N=15, mean=69.4 (+/-1.631993).
=====================================================
=====================================================
Completed 40 games.

Agent 1 (EntropySHUCTAnytime)
Winning score (between 0 and 1) : N=40, mean=0.65 (+/-0.149694).
P1: N=20, mean=0.7 (+/-0.206054).
P2: N=20, mean=0.6 (+/-0.22028).
Game Durations: N=40, mean=69.6 (+/-1.190544).
P1: N=20, mean=69.2 (+/-1.411916).
P2: N=20, mean=70 (+/-1.939219).

Agent 2 (SHUCTAnyTime)
Winning score (between 0 and 1) : N=40, mean=0.35 (+/-0.149694).
P1: N=20, mean=0.4 (+/-0.22028).
P2: N=20, mean=0.3 (+/-0.206054).
Game Durations: N=40, mean=69.6 (+/-1.190544).
P1: N=20, mean=70 (+/-1.939219).
P2: N=20, mean=69.2 (+/-1.411916).
=====================================================
=====================================================
Completed 50 games.

Agent 1 (EntropySHUCTAnytime)
Winning score (between 0 and 1) : N=50, mean=0.68 (+/-0.130611).
P1: N=25, mean=0.72 (+/-0.179633).
P2: N=25, mean=0.64 (+/-0.192036).
Game Durations: N=50, mean=69.7 (+/-1.031428).
P1: N=25, mean=69.28 (+/-1.23192).
P2: N=25, mean=70.12 (+/-1.664313).

Agent 2 (SHUCTAnyTime)
Winning score (between 0 and 1) : N=50, mean=0.32 (+/-0.130611).
P1: N=25, mean=0.36 (+/-0.192036).
P2: N=25, mean=0.28 (+/-0.179633).
Game Durations: N=50, mean=69.7 (+/-1.031428).
P1: N=25, mean=70.12 (+/-1.664313).
P2: N=25, mean=69.28 (+/-1.23192).
=====================================================
=====================================================
Completed 60 games.

Agent 1 (EntropySHUCTAnytime)
Winning score (between 0 and 1) : N=60, mean=0.616667 (+/-0.124061).
P1: N=30, mean=0.633333 (+/-0.175388).
P2: N=30, mean=0.6 (+/-0.178301).
Game Durations: N=60, mean=69.483333 (+/-0.87341).
P1: N=30, mean=69.166667 (+/-1.034058).
P2: N=30, mean=69.8 (+/-1.417091).

Agent 2 (SHUCTAnyTime)
Winning score (between 0 and 1) : N=60, mean=0.383333 (+/-0.124061).
P1: N=30, mean=0.4 (+/-0.178301).
P2: N=30, mean=0.366667 (+/-0.175388).
Game Durations: N=60, mean=69.483333 (+/-0.87341).
P1: N=30, mean=69.8 (+/-1.417091).
P2: N=30, mean=69.166667 (+/-1.034058).
=====================================================
=====================================================
Completed 70 games.

Agent 1 (EntropySHUCTAnytime)
Winning score (between 0 and 1) : N=70, mean=0.585714 (+/-0.116229).
P1: N=35, mean=0.6 (+/-0.16467).
P2: N=35, mean=0.571429 (+/-0.166341).
Game Durations: N=70, mean=69.714286 (+/-0.835779).
P1: N=35, mean=69.457143 (+/-1.057893).
P2: N=35, mean=69.971429 (+/-1.304269).

Agent 2 (SHUCTAnyTime)
Winning score (between 0 and 1) : N=70, mean=0.414286 (+/-0.116229).
P1: N=35, mean=0.428571 (+/-0.166341).
P2: N=35, mean=0.4 (+/-0.16467).
Game Durations: N=70, mean=69.714286 (+/-0.835779).
P1: N=35, mean=69.971429 (+/-1.304269).
P2: N=35, mean=69.457143 (+/-1.057893).
=====================================================
=====================================================
Completed 80 games.

Agent 1 (EntropySHUCTAnytime)
Winning score (between 0 and 1) : N=80, mean=0.5625 (+/-0.109392).
P1: N=40, mean=0.575 (+/-0.155147).
P2: N=40, mean=0.55 (+/-0.156136).
Game Durations: N=80, mean=69.6875 (+/-0.759565).
P1: N=40, mean=69.375 (+/-0.935467).
P2: N=40, mean=70 (+/-1.201251).

Agent 2 (SHUCTAnyTime)
Winning score (between 0 and 1) : N=80, mean=0.4375 (+/-0.109392).
P1: N=40, mean=0.45 (+/-0.156136).
P2: N=40, mean=0.425 (+/-0.155147).
Game Durations: N=80, mean=69.6875 (+/-0.759565).
P1: N=40, mean=70 (+/-1.201251).
P2: N=40, mean=69.375 (+/-0.935467).
=====================================================
=====================================================
Completed 90 games.

Agent 1 (EntropySHUCTAnytime)
Winning score (between 0 and 1) : N=90, mean=0.533333 (+/-0.103647).
P1: N=45, mean=0.555556 (+/-0.146823).
P2: N=45, mean=0.511111 (+/-0.147701).
Game Durations: N=90, mean=69.655556 (+/-0.702256).
P1: N=45, mean=69.311111 (+/-0.853696).
P2: N=45, mean=70 (+/-1.116046).

Agent 2 (SHUCTAnyTime)
Winning score (between 0 and 1) : N=90, mean=0.466667 (+/-0.103647).
P1: N=45, mean=0.488889 (+/-0.147701).
P2: N=45, mean=0.444444 (+/-0.146823).
Game Durations: N=90, mean=69.655556 (+/-0.702256).
P1: N=45, mean=70 (+/-1.116046).
P2: N=45, mean=69.311111 (+/-0.853696).
=====================================================
=====================================================
Completed 100 games.

Agent 1 (EntropySHUCTAnytime)
Winning score (between 0 and 1) : N=100, mean=0.51 (+/-0.098472).
P1: N=50, mean=0.52 (+/-0.139885).
P2: N=50, mean=0.5 (+/-0.139997).
Game Durations: N=100, mean=69.67 (+/-0.674394).
P1: N=50, mean=69.48 (+/-0.878736).
P2: N=50, mean=69.86 (+/-1.029542).

Agent 2 (SHUCTAnyTime)
Winning score (between 0 and 1) : N=100, mean=0.49 (+/-0.098472).
P1: N=50, mean=0.5 (+/-0.139997).
P2: N=50, mean=0.48 (+/-0.139885).
Game Durations: N=100, mean=69.67 (+/-0.674394).
P1: N=50, mean=69.86 (+/-1.029542).
P2: N=50, mean=69.48 (+/-0.878736).
=====================================================
