Warming up...
Finished warming up!
=====================================================
Completed 1 games.

Agent 1 (EntropySHUCTAnytime)
Winning score (between 0 and 1) : N=1, mean=1 (+/-0).
P1: N=1, mean=1 (+/-0).
P2: N=0, mean=0 (+/-0).
Game Durations: N=1, mean=71 (+/-0).
P1: N=1, mean=71 (+/-0).
P2: N=0, mean=0 (+/-0).

Agent 2 (SHUCTAnyTime)
Winning score (between 0 and 1) : N=1, mean=0 (+/-0).
P1: N=0, mean=0 (+/-0).
P2: N=1, mean=0 (+/-0).
Game Durations: N=1, mean=71 (+/-0).
P1: N=0, mean=0 (+/-0).
P2: N=1, mean=71 (+/-0).
=====================================================
=====================================================
Completed 2 games.

Agent 1 (EntropySHUCTAnytime)
Winning score (between 0 and 1) : N=2, mean=0.5 (+/-0.97998).
P1: N=1, mean=1 (+/-0).
P2: N=1, mean=0 (+/-0).
Game Durations: N=2, mean=67 (+/-7.83984).
P1: N=1, mean=71 (+/-0).
P2: N=1, mean=63 (+/-0).

Agent 2 (SHUCTAnyTime)
Winning score (between 0 and 1) : N=2, mean=0.5 (+/-0.97998).
P1: N=1, mean=1 (+/-0).
P2: N=1, mean=0 (+/-0).
Game Durations: N=2, mean=67 (+/-7.83984).
P1: N=1, mean=63 (+/-0).
P2: N=1, mean=71 (+/-0).
=====================================================
=====================================================
Completed 3 games.

Agent 1 (EntropySHUCTAnytime)
Winning score (between 0 and 1) : N=3, mean=0.666667 (+/-0.65332).
P1: N=2, mean=1 (+/-0).
P2: N=1, mean=0 (+/-0).
Game Durations: N=3, mean=69 (+/-5.987777).
P1: N=2, mean=72 (+/-1.95996).
P2: N=1, mean=63 (+/-0).

Agent 2 (SHUCTAnyTime)
Winning score (between 0 and 1) : N=3, mean=0.333333 (+/-0.65332).
P1: N=1, mean=1 (+/-0).
P2: N=2, mean=0 (+/-0).
Game Durations: N=3, mean=69 (+/-5.987777).
P1: N=1, mean=63 (+/-0).
P2: N=2, mean=72 (+/-1.95996).
=====================================================
=====================================================
Completed 4 games.

Agent 1 (EntropySHUCTAnytime)
Winning score (between 0 and 1) : N=4, mean=0.75 (+/-0.48999).
P1: N=2, mean=1 (+/-0).
P2: N=2, mean=0.5 (+/-0.97998).
Game Durations: N=4, mean=68.75 (+/-4.262256).
P1: N=2, mean=72 (+/-1.95996).
P2: N=2, mean=65.5 (+/-4.8999).

Agent 2 (SHUCTAnyTime)
Winning score (between 0 and 1) : N=4, mean=0.25 (+/-0.48999).
P1: N=2, mean=0.5 (+/-0.97998).
P2: N=2, mean=0 (+/-0).
Game Durations: N=4, mean=68.75 (+/-4.262256).
P1: N=2, mean=65.5 (+/-4.8999).
P2: N=2, mean=72 (+/-1.95996).
=====================================================
=====================================================
Completed 5 games.

Agent 1 (EntropySHUCTAnytime)
Winning score (between 0 and 1) : N=5, mean=0.6 (+/-0.48009).
P1: N=3, mean=0.666667 (+/-0.65332).
P2: N=2, mean=0.5 (+/-0.97998).
Game Durations: N=5, mean=68.6 (+/-3.314593).
P1: N=3, mean=70.666667 (+/-2.847756).
P2: N=2, mean=65.5 (+/-4.8999).

Agent 2 (SHUCTAnyTime)
Winning score (between 0 and 1) : N=5, mean=0.4 (+/-0.48009).
P1: N=2, mean=0.5 (+/-0.97998).
P2: N=3, mean=0.333333 (+/-0.65332).
Game Durations: N=5, mean=68.6 (+/-3.314593).
P1: N=2, mean=65.5 (+/-4.8999).
P2: N=3, mean=70.666667 (+/-2.847756).
=====================================================
=====================================================
Completed 10 games.

Agent 1 (EntropySHUCTAnytime)
Winning score (between 0 and 1) : N=10, mean=0.5 (+/-0.32666).
P1: N=5, mean=0.6 (+/-0.48009).
P2: N=5, mean=0.4 (+/-0.48009).
Game Durations: N=10, mean=69 (+/-2.54711).
P1: N=5, mean=69 (+/-2.701618).
P2: N=5, mean=69 (+/-4.67934).

Agent 2 (SHUCTAnyTime)
Winning score (between 0 and 1) : N=10, mean=0.5 (+/-0.32666).
P1: N=5, mean=0.6 (+/-0.48009).
P2: N=5, mean=0.4 (+/-0.48009).
Game Durations: N=10, mean=69 (+/-2.54711).
P1: N=5, mean=69 (+/-4.67934).
P2: N=5, mean=69 (+/-2.701618).
=====================================================
=====================================================
Completed 20 games.

Agent 1 (EntropySHUCTAnytime)
Winning score (between 0 and 1) : N=20, mean=0.4 (+/-0.22028).
P1: N=10, mean=0.4 (+/-0.32006).
P2: N=10, mean=0.4 (+/-0.32006).
Game Durations: N=20, mean=69.2 (+/-1.767971).
P1: N=10, mean=69.2 (+/-2.458428).
P2: N=10, mean=69.2 (+/-2.674625).

Agent 2 (SHUCTAnyTime)
Winning score (between 0 and 1) : N=20, mean=0.6 (+/-0.22028).
P1: N=10, mean=0.6 (+/-0.32006).
P2: N=10, mean=0.6 (+/-0.32006).
Game Durations: N=20, mean=69.2 (+/-1.767971).
P1: N=10, mean=69.2 (+/-2.674625).
P2: N=10, mean=69.2 (+/-2.458428).
=====================================================
=====================================================
Completed 30 games.

Agent 1 (EntropySHUCTAnytime)
Winning score (between 0 and 1) : N=30, mean=0.466667 (+/-0.181573).
P1: N=15, mean=0.466667 (+/-0.261328).
P2: N=15, mean=0.466667 (+/-0.261328).
Game Durations: N=30, mean=69.1 (+/-1.379034).
P1: N=15, mean=68.333333 (+/-2.012153).
P2: N=15, mean=69.866667 (+/-1.872778).

Agent 2 (SHUCTAnyTime)
Winning score (between 0 and 1) : N=30, mean=0.533333 (+/-0.181573).
P1: N=15, mean=0.533333 (+/-0.261328).
P2: N=15, mean=0.533333 (+/-0.261328).
Game Durations: N=30, mean=69.1 (+/-1.379034).
P1: N=15, mean=69.866667 (+/-1.872778).
P2: N=15, mean=68.333333 (+/-2.012153).
=====================================================
=====================================================
Completed 40 games.

Agent 1 (EntropySHUCTAnytime)
Winning score (between 0 and 1) : N=40, mean=0.475 (+/-0.156726).
P1: N=20, mean=0.5 (+/-0.224823).
P2: N=20, mean=0.45 (+/-0.223696).
Game Durations: N=40, mean=69.225 (+/-1.123914).
P1: N=20, mean=69 (+/-1.70035).
P2: N=20, mean=69.45 (+/-1.50799).

Agent 2 (SHUCTAnyTime)
Winning score (between 0 and 1) : N=40, mean=0.525 (+/-0.156726).
P1: N=20, mean=0.55 (+/-0.223696).
P2: N=20, mean=0.5 (+/-0.224823).
Game Durations: N=40, mean=69.225 (+/-1.123914).
P1: N=20, mean=69.45 (+/-1.50799).
P2: N=20, mean=69 (+/-1.70035).
=====================================================
=====================================================
Completed 50 games.

Agent 1 (EntropySHUCTAnytime)
Winning score (between 0 and 1) : N=50, mean=0.48 (+/-0.139885).
P1: N=25, mean=0.52 (+/-0.199877).
P2: N=25, mean=0.44 (+/-0.198592).
Game Durations: N=50, mean=69.42 (+/-1.006563).
P1: N=25, mean=69 (+/-1.404258).
P2: N=25, mean=69.84 (+/-1.452135).

Agent 2 (SHUCTAnyTime)
Winning score (between 0 and 1) : N=50, mean=0.52 (+/-0.139885).
P1: N=25, mean=0.56 (+/-0.198592).
P2: N=25, mean=0.48 (+/-0.199877).
Game Durations: N=50, mean=69.42 (+/-1.006563).
P1: N=25, mean=69.84 (+/-1.452135).
P2: N=25, mean=69 (+/-1.404258).
=====================================================
=====================================================
Completed 60 games.

Agent 1 (EntropySHUCTAnytime)
Winning score (between 0 and 1) : N=60, mean=0.483333 (+/-0.127512).
P1: N=30, mean=0.533333 (+/-0.181573).
P2: N=30, mean=0.433333 (+/-0.180353).
Game Durations: N=60, mean=69.683333 (+/-0.963218).
P1: N=30, mean=69.533333 (+/-1.383456).
P2: N=30, mean=69.833333 (+/-1.362067).

Agent 2 (SHUCTAnyTime)
Winning score (between 0 and 1) : N=60, mean=0.516667 (+/-0.127512).
P1: N=30, mean=0.566667 (+/-0.180353).
P2: N=30, mean=0.466667 (+/-0.181573).
Game Durations: N=60, mean=69.683333 (+/-0.963218).
P1: N=30, mean=69.833333 (+/-1.362067).
P2: N=30, mean=69.533333 (+/-1.383456).
=====================================================
=====================================================
Completed 70 games.

Agent 1 (EntropySHUCTAnytime)
Winning score (between 0 and 1) : N=70, mean=0.514286 (+/-0.117928).
P1: N=35, mean=0.542857 (+/-0.167447).
P2: N=35, mean=0.485714 (+/-0.167997).
Game Durations: N=70, mean=69.985714 (+/-0.913395).
P1: N=35, mean=69.628571 (+/-1.273209).
P2: N=35, mean=70.342857 (+/-1.317707).

Agent 2 (SHUCTAnyTime)
Winning score (between 0 and 1) : N=70, mean=0.485714 (+/-0.117928).
P1: N=35, mean=0.514286 (+/-0.167997).
P2: N=35, mean=0.457143 (+/-0.167447).
Game Durations: N=70, mean=69.985714 (+/-0.913395).
P1: N=35, mean=70.342857 (+/-1.317707).
P2: N=35, mean=69.628571 (+/-1.273209).
=====================================================
=====================================================
Completed 80 games.

Agent 1 (EntropySHUCTAnytime)
Winning score (between 0 and 1) : N=80, mean=0.5375 (+/-0.109946).
P1: N=40, mean=0.55 (+/-0.156136).
P2: N=40, mean=0.525 (+/-0.156726).
Game Durations: N=80, mean=69.9375 (+/-0.825336).
P1: N=40, mean=69.55 (+/-1.172096).
P2: N=40, mean=70.325 (+/-1.164587).

Agent 2 (SHUCTAnyTime)
Winning score (between 0 and 1) : N=80, mean=0.4625 (+/-0.109946).
P1: N=40, mean=0.475 (+/-0.156726).
P2: N=40, mean=0.45 (+/-0.156136).
Game Durations: N=80, mean=69.9375 (+/-0.825336).
P1: N=40, mean=70.325 (+/-1.164587).
P2: N=40, mean=69.55 (+/-1.172096).
=====================================================
=====================================================
Completed 90 games.

Agent 1 (EntropySHUCTAnytime)
Winning score (between 0 and 1) : N=90, mean=0.511111 (+/-0.103852).
P1: N=45, mean=0.533333 (+/-0.147409).
P2: N=45, mean=0.488889 (+/-0.147701).
Game Durations: N=90, mean=70.211111 (+/-0.814405).
P1: N=45, mean=69.777778 (+/-1.163518).
P2: N=45, mean=70.644444 (+/-1.138686).

Agent 2 (SHUCTAnyTime)
Winning score (between 0 and 1) : N=90, mean=0.488889 (+/-0.103852).
P1: N=45, mean=0.511111 (+/-0.147701).
P2: N=45, mean=0.466667 (+/-0.147409).
Game Durations: N=90, mean=70.211111 (+/-0.814405).
P1: N=45, mean=70.644444 (+/-1.138686).
P2: N=45, mean=69.777778 (+/-1.163518).
=====================================================
=====================================================
Completed 100 games.

Agent 1 (EntropySHUCTAnytime)
Winning score (between 0 and 1) : N=100, mean=0.49 (+/-0.098472).
P1: N=50, mean=0.5 (+/-0.139997).
P2: N=50, mean=0.48 (+/-0.139885).
Game Durations: N=100, mean=70.17 (+/-0.75476).
P1: N=50, mean=69.78 (+/-1.096334).
P2: N=50, mean=70.56 (+/-1.037355).

Agent 2 (SHUCTAnyTime)
Winning score (between 0 and 1) : N=100, mean=0.51 (+/-0.098472).
P1: N=50, mean=0.52 (+/-0.139885).
P2: N=50, mean=0.5 (+/-0.139997).
Game Durations: N=100, mean=70.17 (+/-0.75476).
P1: N=50, mean=70.56 (+/-1.037355).
P2: N=50, mean=69.78 (+/-1.096334).
=====================================================
