Warming up...
Finished warming up!
=====================================================
Completed 1 games.

Agent 1 (EntropySHUCTAnytime)
Winning score (between 0 and 1) : N=1, mean=0 (+/-0).
P1: N=1, mean=0 (+/-0).
P2: N=0, mean=0 (+/-0).
Game Durations: N=1, mean=74 (+/-0).
P1: N=1, mean=74 (+/-0).
P2: N=0, mean=0 (+/-0).

Agent 2 (SHUCTAnyTime)
Winning score (between 0 and 1) : N=1, mean=1 (+/-0).
P1: N=0, mean=0 (+/-0).
P2: N=1, mean=1 (+/-0).
Game Durations: N=1, mean=74 (+/-0).
P1: N=0, mean=0 (+/-0).
P2: N=1, mean=74 (+/-0).
=====================================================
=====================================================
Completed 2 games.

Agent 1 (EntropySHUCTAnytime)
Winning score (between 0 and 1) : N=2, mean=0.5 (+/-0.97998).
P1: N=1, mean=0 (+/-0).
P2: N=1, mean=1 (+/-0).
Game Durations: N=2, mean=73 (+/-1.95996).
P1: N=1, mean=74 (+/-0).
P2: N=1, mean=72 (+/-0).

Agent 2 (SHUCTAnyTime)
Winning score (between 0 and 1) : N=2, mean=0.5 (+/-0.97998).
P1: N=1, mean=0 (+/-0).
P2: N=1, mean=1 (+/-0).
Game Durations: N=2, mean=73 (+/-1.95996).
P1: N=1, mean=72 (+/-0).
P2: N=1, mean=74 (+/-0).
=====================================================
=====================================================
Completed 3 games.

Agent 1 (EntropySHUCTAnytime)
Winning score (between 0 and 1) : N=3, mean=0.666667 (+/-0.65332).
P1: N=2, mean=0.5 (+/-0.97998).
P2: N=1, mean=1 (+/-0).
Game Durations: N=3, mean=69 (+/-7.921084).
P1: N=2, mean=67.5 (+/-12.73974).
P2: N=1, mean=72 (+/-0).

Agent 2 (SHUCTAnyTime)
Winning score (between 0 and 1) : N=3, mean=0.333333 (+/-0.65332).
P1: N=1, mean=0 (+/-0).
P2: N=2, mean=0.5 (+/-0.97998).
Game Durations: N=3, mean=69 (+/-7.921084).
P1: N=1, mean=72 (+/-0).
P2: N=2, mean=67.5 (+/-12.73974).
=====================================================
=====================================================
Completed 4 games.

Agent 1 (EntropySHUCTAnytime)
Winning score (between 0 and 1) : N=4, mean=0.75 (+/-0.48999).
P1: N=2, mean=0.5 (+/-0.97998).
P2: N=2, mean=1 (+/-0).
Game Durations: N=4, mean=67.25 (+/-6.567816).
P1: N=2, mean=67.5 (+/-12.73974).
P2: N=2, mean=67 (+/-9.7998).

Agent 2 (SHUCTAnyTime)
Winning score (between 0 and 1) : N=4, mean=0.25 (+/-0.48999).
P1: N=2, mean=0 (+/-0).
P2: N=2, mean=0.5 (+/-0.97998).
Game Durations: N=4, mean=67.25 (+/-6.567816).
P1: N=2, mean=67 (+/-9.7998).
P2: N=2, mean=67.5 (+/-12.73974).
=====================================================
=====================================================
Completed 5 games.

Agent 1 (EntropySHUCTAnytime)
Winning score (between 0 and 1) : N=5, mean=0.6 (+/-0.48009).
P1: N=3, mean=0.333333 (+/-0.65332).
P2: N=2, mean=1 (+/-0).
Game Durations: N=5, mean=69.4 (+/-6.605967).
P1: N=3, mean=71 (+/-10.057734).
P2: N=2, mean=67 (+/-9.7998).

Agent 2 (SHUCTAnyTime)
Winning score (between 0 and 1) : N=5, mean=0.4 (+/-0.48009).
P1: N=2, mean=0 (+/-0).
P2: N=3, mean=0.666667 (+/-0.65332).
Game Durations: N=5, mean=69.4 (+/-6.605967).
P1: N=2, mean=67 (+/-9.7998).
P2: N=3, mean=71 (+/-10.057734).
=====================================================
=====================================================
Completed 10 games.

Agent 1 (EntropySHUCTAnytime)
Winning score (between 0 and 1) : N=10, mean=0.5 (+/-0.32666).
P1: N=5, mean=0.2 (+/-0.391992).
P2: N=5, mean=0.8 (+/-0.391992).
Game Durations: N=10, mean=70.6 (+/-3.568826).
P1: N=5, mean=71.4 (+/-6.060049).
P2: N=5, mean=69.8 (+/-4.400099).

Agent 2 (SHUCTAnyTime)
Winning score (between 0 and 1) : N=10, mean=0.5 (+/-0.32666).
P1: N=5, mean=0.2 (+/-0.391992).
P2: N=5, mean=0.8 (+/-0.391992).
Game Durations: N=10, mean=70.6 (+/-3.568826).
P1: N=5, mean=69.8 (+/-4.400099).
P2: N=5, mean=71.4 (+/-6.060049).
=====================================================
=====================================================
Completed 20 games.

Agent 1 (EntropySHUCTAnytime)
Winning score (between 0 and 1) : N=20, mean=0.5 (+/-0.224823).
P1: N=10, mean=0.4 (+/-0.32006).
P2: N=10, mean=0.6 (+/-0.32006).
Game Durations: N=20, mean=71.2 (+/-2.107107).
P1: N=10, mean=71.2 (+/-3.491444).
P2: N=10, mean=71.2 (+/-2.560481).

Agent 2 (SHUCTAnyTime)
Winning score (between 0 and 1) : N=20, mean=0.5 (+/-0.224823).
P1: N=10, mean=0.4 (+/-0.32006).
P2: N=10, mean=0.6 (+/-0.32006).
Game Durations: N=20, mean=71.2 (+/-2.107107).
P1: N=10, mean=71.2 (+/-2.560481).
P2: N=10, mean=71.2 (+/-3.491444).
=====================================================
=====================================================
Completed 30 games.

Agent 1 (EntropySHUCTAnytime)
Winning score (between 0 and 1) : N=30, mean=0.6 (+/-0.178301).
P1: N=15, mean=0.533333 (+/-0.261328).
P2: N=15, mean=0.666667 (+/-0.246932).
Game Durations: N=30, mean=70.433333 (+/-1.63762).
P1: N=15, mean=69.733333 (+/-2.646666).
P2: N=15, mean=71.133333 (+/-1.958715).

Agent 2 (SHUCTAnyTime)
Winning score (between 0 and 1) : N=30, mean=0.4 (+/-0.178301).
P1: N=15, mean=0.333333 (+/-0.246932).
P2: N=15, mean=0.466667 (+/-0.261328).
Game Durations: N=30, mean=70.433333 (+/-1.63762).
P1: N=15, mean=71.133333 (+/-1.958715).
P2: N=15, mean=69.733333 (+/-2.646666).
=====================================================
=====================================================
Completed 40 games.

Agent 1 (EntropySHUCTAnytime)
Winning score (between 0 and 1) : N=40, mean=0.55 (+/-0.156136).
P1: N=20, mean=0.55 (+/-0.223696).
P2: N=20, mean=0.55 (+/-0.223696).
Game Durations: N=40, mean=70.65 (+/-1.323275).
P1: N=20, mean=70.25 (+/-2.103626).
P2: N=20, mean=71.05 (+/-1.642746).

Agent 2 (SHUCTAnyTime)
Winning score (between 0 and 1) : N=40, mean=0.45 (+/-0.156136).
P1: N=20, mean=0.45 (+/-0.223696).
P2: N=20, mean=0.45 (+/-0.223696).
Game Durations: N=40, mean=70.65 (+/-1.323275).
P1: N=20, mean=71.05 (+/-1.642746).
P2: N=20, mean=70.25 (+/-2.103626).
=====================================================
=====================================================
Completed 50 games.

Agent 1 (EntropySHUCTAnytime)
Winning score (between 0 and 1) : N=50, mean=0.54 (+/-0.139548).
P1: N=25, mean=0.52 (+/-0.199877).
P2: N=25, mean=0.56 (+/-0.198592).
Game Durations: N=50, mean=70.52 (+/-1.118913).
P1: N=25, mean=69.96 (+/-1.783743).
P2: N=25, mean=71.08 (+/-1.352798).

Agent 2 (SHUCTAnyTime)
Winning score (between 0 and 1) : N=50, mean=0.46 (+/-0.139548).
P1: N=25, mean=0.44 (+/-0.198592).
P2: N=25, mean=0.48 (+/-0.199877).
Game Durations: N=50, mean=70.52 (+/-1.118913).
P1: N=25, mean=71.08 (+/-1.352798).
P2: N=25, mean=69.96 (+/-1.783743).
=====================================================
=====================================================
Completed 60 games.

Agent 1 (EntropySHUCTAnytime)
Winning score (between 0 and 1) : N=60, mean=0.5 (+/-0.127583).
P1: N=30, mean=0.466667 (+/-0.181573).
P2: N=30, mean=0.533333 (+/-0.181573).
Game Durations: N=60, mean=70.566667 (+/-1.076912).
P1: N=30, mean=70.6 (+/-1.685236).
P2: N=30, mean=70.533333 (+/-1.37063).

Agent 2 (SHUCTAnyTime)
Winning score (between 0 and 1) : N=60, mean=0.5 (+/-0.127583).
P1: N=30, mean=0.466667 (+/-0.181573).
P2: N=30, mean=0.533333 (+/-0.181573).
Game Durations: N=60, mean=70.566667 (+/-1.076912).
P1: N=30, mean=70.533333 (+/-1.37063).
P2: N=30, mean=70.6 (+/-1.685236).
=====================================================
=====================================================
Completed 70 games.

Agent 1 (EntropySHUCTAnytime)
Winning score (between 0 and 1) : N=70, mean=0.442857 (+/-0.117203).
P1: N=35, mean=0.428571 (+/-0.166341).
P2: N=35, mean=0.457143 (+/-0.167447).
Game Durations: N=70, mean=70.428571 (+/-1.046558).
P1: N=35, mean=70.485714 (+/-1.540073).
P2: N=35, mean=70.371429 (+/-1.43979).

Agent 2 (SHUCTAnyTime)
Winning score (between 0 and 1) : N=70, mean=0.557143 (+/-0.117203).
P1: N=35, mean=0.542857 (+/-0.167447).
P2: N=35, mean=0.571429 (+/-0.166341).
Game Durations: N=70, mean=70.428571 (+/-1.046558).
P1: N=35, mean=70.371429 (+/-1.43979).
P2: N=35, mean=70.485714 (+/-1.540073).
=====================================================
=====================================================
Completed 80 games.

Agent 1 (EntropySHUCTAnytime)
Winning score (between 0 and 1) : N=80, mean=0.4625 (+/-0.109946).
P1: N=40, mean=0.45 (+/-0.156136).
P2: N=40, mean=0.475 (+/-0.156726).
Game Durations: N=80, mean=70.3375 (+/-0.974347).
P1: N=40, mean=70.55 (+/-1.436419).
P2: N=40, mean=70.125 (+/-1.331877).

Agent 2 (SHUCTAnyTime)
Winning score (between 0 and 1) : N=80, mean=0.5375 (+/-0.109946).
P1: N=40, mean=0.525 (+/-0.156726).
P2: N=40, mean=0.55 (+/-0.156136).
Game Durations: N=80, mean=70.3375 (+/-0.974347).
P1: N=40, mean=70.125 (+/-1.331877).
P2: N=40, mean=70.55 (+/-1.436419).
=====================================================
=====================================================
Completed 90 games.

Agent 1 (EntropySHUCTAnytime)
Winning score (between 0 and 1) : N=90, mean=0.466667 (+/-0.103647).
P1: N=45, mean=0.422222 (+/-0.145939).
P2: N=45, mean=0.511111 (+/-0.147701).
Game Durations: N=90, mean=70.011111 (+/-0.918987).
P1: N=45, mean=70.333333 (+/-1.346133).
P2: N=45, mean=69.688889 (+/-1.259496).

Agent 2 (SHUCTAnyTime)
Winning score (between 0 and 1) : N=90, mean=0.533333 (+/-0.103647).
P1: N=45, mean=0.488889 (+/-0.147701).
P2: N=45, mean=0.577778 (+/-0.145939).
Game Durations: N=90, mean=70.011111 (+/-0.918987).
P1: N=45, mean=69.688889 (+/-1.259496).
P2: N=45, mean=70.333333 (+/-1.346133).
=====================================================
=====================================================
Completed 100 games.

Agent 1 (EntropySHUCTAnytime)
Winning score (between 0 and 1) : N=100, mean=0.47 (+/-0.098314).
P1: N=50, mean=0.4 (+/-0.137169).
P2: N=50, mean=0.54 (+/-0.139548).
Game Durations: N=100, mean=69.79 (+/-0.862821).
P1: N=50, mean=70.16 (+/-1.233705).
P2: N=50, mean=69.42 (+/-1.210262).

Agent 2 (SHUCTAnyTime)
Winning score (between 0 and 1) : N=100, mean=0.53 (+/-0.098314).
P1: N=50, mean=0.46 (+/-0.139548).
P2: N=50, mean=0.6 (+/-0.137169).
Game Durations: N=100, mean=69.79 (+/-0.862821).
P1: N=50, mean=69.42 (+/-1.210262).
P2: N=50, mean=70.16 (+/-1.233705).
=====================================================
