Warming up...
Finished warming up!
=====================================================
Completed 1 games.

Agent 1 (DoubleIterRegressionTreeSHUCTAny)
Winning score (between 0 and 1) : N=1, mean=1 (+/-0).
P1: N=1, mean=1 (+/-0).
P2: N=0, mean=0 (+/-0).
Game Durations: N=1, mean=51 (+/-0).
P1: N=1, mean=51 (+/-0).
P2: N=0, mean=0 (+/-0).

Agent 2 (SHUCTAnyTime)
Winning score (between 0 and 1) : N=1, mean=0 (+/-0).
P1: N=0, mean=0 (+/-0).
P2: N=1, mean=0 (+/-0).
Game Durations: N=1, mean=51 (+/-0).
P1: N=0, mean=0 (+/-0).
P2: N=1, mean=51 (+/-0).
=====================================================
=====================================================
Completed 2 games.

Agent 1 (DoubleIterRegressionTreeSHUCTAny)
Winning score (between 0 and 1) : N=2, mean=1 (+/-0).
P1: N=1, mean=1 (+/-0).
P2: N=1, mean=1 (+/-0).
Game Durations: N=2, mean=40.5 (+/-20.57958).
P1: N=1, mean=51 (+/-0).
P2: N=1, mean=30 (+/-0).

Agent 2 (SHUCTAnyTime)
Winning score (between 0 and 1) : N=2, mean=0 (+/-0).
P1: N=1, mean=0 (+/-0).
P2: N=1, mean=0 (+/-0).
Game Durations: N=2, mean=40.5 (+/-20.57958).
P1: N=1, mean=30 (+/-0).
P2: N=1, mean=51 (+/-0).
=====================================================
=====================================================
Completed 3 games.

Agent 1 (DoubleIterRegressionTreeSHUCTAny)
Winning score (between 0 and 1) : N=3, mean=1 (+/-0).
P1: N=2, mean=1 (+/-0).
P2: N=1, mean=1 (+/-0).
Game Durations: N=3, mean=43.333333 (+/-13.115307).
P1: N=2, mean=50 (+/-1.95996).
P2: N=1, mean=30 (+/-0).

Agent 2 (SHUCTAnyTime)
Winning score (between 0 and 1) : N=3, mean=0 (+/-0).
P1: N=1, mean=0 (+/-0).
P2: N=2, mean=0 (+/-0).
Game Durations: N=3, mean=43.333333 (+/-13.115307).
P1: N=1, mean=30 (+/-0).
P2: N=2, mean=50 (+/-1.95996).
=====================================================
=====================================================
Completed 4 games.

Agent 1 (DoubleIterRegressionTreeSHUCTAny)
Winning score (between 0 and 1) : N=4, mean=1 (+/-0).
P1: N=2, mean=1 (+/-0).
P2: N=2, mean=1 (+/-0).
Game Durations: N=4, mean=44.5 (+/-9.551664).
P1: N=2, mean=50 (+/-1.95996).
P2: N=2, mean=39 (+/-17.63964).

Agent 2 (SHUCTAnyTime)
Winning score (between 0 and 1) : N=4, mean=0 (+/-0).
P1: N=2, mean=0 (+/-0).
P2: N=2, mean=0 (+/-0).
Game Durations: N=4, mean=44.5 (+/-9.551664).
P1: N=2, mean=39 (+/-17.63964).
P2: N=2, mean=50 (+/-1.95996).
=====================================================
=====================================================
Completed 5 games.

Agent 1 (DoubleIterRegressionTreeSHUCTAny)
Winning score (between 0 and 1) : N=5, mean=0.8 (+/-0.391992).
P1: N=3, mean=0.666667 (+/-0.65332).
P2: N=2, mean=1 (+/-0).
Game Durations: N=5, mean=43.6 (+/-7.606059).
P1: N=3, mean=46.666667 (+/-6.630474).
P2: N=2, mean=39 (+/-17.63964).

Agent 2 (SHUCTAnyTime)
Winning score (between 0 and 1) : N=5, mean=0.2 (+/-0.391992).
P1: N=2, mean=0 (+/-0).
P2: N=3, mean=0.333333 (+/-0.65332).
Game Durations: N=5, mean=43.6 (+/-7.606059).
P1: N=2, mean=39 (+/-17.63964).
P2: N=3, mean=46.666667 (+/-6.630474).
=====================================================
=====================================================
Completed 10 games.

Agent 1 (DoubleIterRegressionTreeSHUCTAny)
Winning score (between 0 and 1) : N=10, mean=0.5 (+/-0.32666).
P1: N=5, mean=0.6 (+/-0.48009).
P2: N=5, mean=0.4 (+/-0.48009).
Game Durations: N=10, mean=50.4 (+/-6.663864).
P1: N=5, mean=52.2 (+/-9.222231).
P2: N=5, mean=48.6 (+/-10.419174).

Agent 2 (SHUCTAnyTime)
Winning score (between 0 and 1) : N=10, mean=0.5 (+/-0.32666).
P1: N=5, mean=0.6 (+/-0.48009).
P2: N=5, mean=0.4 (+/-0.48009).
Game Durations: N=10, mean=50.4 (+/-6.663864).
P1: N=5, mean=48.6 (+/-10.419174).
P2: N=5, mean=52.2 (+/-9.222231).
=====================================================
=====================================================
Completed 20 games.

Agent 1 (DoubleIterRegressionTreeSHUCTAny)
Winning score (between 0 and 1) : N=20, mean=0.45 (+/-0.223696).
P1: N=10, mean=0.4 (+/-0.32006).
P2: N=10, mean=0.5 (+/-0.32666).
Game Durations: N=20, mean=52.55 (+/-5.816745).
P1: N=10, mean=48.4 (+/-6.514881).
P2: N=10, mean=56.7 (+/-9.258031).

Agent 2 (SHUCTAnyTime)
Winning score (between 0 and 1) : N=20, mean=0.55 (+/-0.223696).
P1: N=10, mean=0.5 (+/-0.32666).
P2: N=10, mean=0.6 (+/-0.32006).
Game Durations: N=20, mean=52.55 (+/-5.816745).
P1: N=10, mean=56.7 (+/-9.258031).
P2: N=10, mean=48.4 (+/-6.514881).
=====================================================
=====================================================
Completed 30 games.

Agent 1 (DoubleIterRegressionTreeSHUCTAny)
Winning score (between 0 and 1) : N=30, mean=0.433333 (+/-0.180353).
P1: N=15, mean=0.466667 (+/-0.261328).
P2: N=15, mean=0.4 (+/-0.256619).
Game Durations: N=30, mean=53.466667 (+/-4.293783).
P1: N=15, mean=50.066667 (+/-4.651764).
P2: N=15, mean=56.866667 (+/-6.956817).

Agent 2 (SHUCTAnyTime)
Winning score (between 0 and 1) : N=30, mean=0.566667 (+/-0.180353).
P1: N=15, mean=0.6 (+/-0.256619).
P2: N=15, mean=0.533333 (+/-0.261328).
Game Durations: N=30, mean=53.466667 (+/-4.293783).
P1: N=15, mean=56.866667 (+/-6.956817).
P2: N=15, mean=50.066667 (+/-4.651764).
=====================================================
=====================================================
Completed 40 games.

Agent 1 (DoubleIterRegressionTreeSHUCTAny)
Winning score (between 0 and 1) : N=40, mean=0.475 (+/-0.156726).
P1: N=20, mean=0.55 (+/-0.223696).
P2: N=20, mean=0.4 (+/-0.22028).
Game Durations: N=40, mean=53.325 (+/-3.758537).
P1: N=20, mean=48.95 (+/-4.420442).
P2: N=20, mean=57.7 (+/-5.541963).

Agent 2 (SHUCTAnyTime)
Winning score (between 0 and 1) : N=40, mean=0.525 (+/-0.156726).
P1: N=20, mean=0.6 (+/-0.22028).
P2: N=20, mean=0.45 (+/-0.223696).
Game Durations: N=40, mean=53.325 (+/-3.758537).
P1: N=20, mean=57.7 (+/-5.541963).
P2: N=20, mean=48.95 (+/-4.420442).
=====================================================
=====================================================
Completed 50 games.

Agent 1 (DoubleIterRegressionTreeSHUCTAny)
Winning score (between 0 and 1) : N=50, mean=0.5 (+/-0.139997).
P1: N=25, mean=0.6 (+/-0.195996).
P2: N=25, mean=0.4 (+/-0.195996).
Game Durations: N=50, mean=51.72 (+/-3.344515).
P1: N=25, mean=48.76 (+/-3.804342).
P2: N=25, mean=54.68 (+/-5.328929).

Agent 2 (SHUCTAnyTime)
Winning score (between 0 and 1) : N=50, mean=0.5 (+/-0.139997).
P1: N=25, mean=0.6 (+/-0.195996).
P2: N=25, mean=0.4 (+/-0.195996).
Game Durations: N=50, mean=51.72 (+/-3.344515).
P1: N=25, mean=54.68 (+/-5.328929).
P2: N=25, mean=48.76 (+/-3.804342).
=====================================================
=====================================================
Completed 60 games.

Agent 1 (DoubleIterRegressionTreeSHUCTAny)
Winning score (between 0 and 1) : N=60, mean=0.516667 (+/-0.127512).
P1: N=30, mean=0.6 (+/-0.178301).
P2: N=30, mean=0.433333 (+/-0.180353).
Game Durations: N=60, mean=52.683333 (+/-2.998775).
P1: N=30, mean=50 (+/-3.448946).
P2: N=30, mean=55.366667 (+/-4.773678).

Agent 2 (SHUCTAnyTime)
Winning score (between 0 and 1) : N=60, mean=0.483333 (+/-0.127512).
P1: N=30, mean=0.566667 (+/-0.180353).
P2: N=30, mean=0.4 (+/-0.178301).
Game Durations: N=60, mean=52.683333 (+/-2.998775).
P1: N=30, mean=55.366667 (+/-4.773678).
P2: N=30, mean=50 (+/-3.448946).
=====================================================
=====================================================
Completed 70 games.

Agent 1 (DoubleIterRegressionTreeSHUCTAny)
Winning score (between 0 and 1) : N=70, mean=0.528571 (+/-0.117783).
P1: N=35, mean=0.628571 (+/-0.162414).
P2: N=35, mean=0.428571 (+/-0.166341).
Game Durations: N=70, mean=52.6 (+/-2.892114).
P1: N=35, mean=50.628571 (+/-3.725775).
P2: N=35, mean=54.571429 (+/-4.380604).

Agent 2 (SHUCTAnyTime)
Winning score (between 0 and 1) : N=70, mean=0.471429 (+/-0.117783).
P1: N=35, mean=0.571429 (+/-0.166341).
P2: N=35, mean=0.371429 (+/-0.162414).
Game Durations: N=70, mean=52.6 (+/-2.892114).
P1: N=35, mean=54.571429 (+/-4.380604).
P2: N=35, mean=50.628571 (+/-3.725775).
=====================================================
=====================================================
Completed 80 games.

Agent 1 (DoubleIterRegressionTreeSHUCTAny)
Winning score (between 0 and 1) : N=80, mean=0.5375 (+/-0.109946).
P1: N=40, mean=0.625 (+/-0.151939).
P2: N=40, mean=0.45 (+/-0.156136).
Game Durations: N=80, mean=52.8625 (+/-2.717712).
P1: N=40, mean=51.375 (+/-3.724511).
P2: N=40, mean=54.35 (+/-3.951548).

Agent 2 (SHUCTAnyTime)
Winning score (between 0 and 1) : N=80, mean=0.4625 (+/-0.109946).
P1: N=40, mean=0.55 (+/-0.156136).
P2: N=40, mean=0.375 (+/-0.151939).
Game Durations: N=80, mean=52.8625 (+/-2.717712).
P1: N=40, mean=54.35 (+/-3.951548).
P2: N=40, mean=51.375 (+/-3.724511).
=====================================================
=====================================================
Completed 90 games.

Agent 1 (DoubleIterRegressionTreeSHUCTAny)
Winning score (between 0 and 1) : N=90, mean=0.533333 (+/-0.103647).
P1: N=45, mean=0.6 (+/-0.144753).
P2: N=45, mean=0.466667 (+/-0.147409).
Game Durations: N=90, mean=52.611111 (+/-2.477374).
P1: N=45, mean=51.533333 (+/-3.382498).
P2: N=45, mean=53.688889 (+/-3.631031).

Agent 2 (SHUCTAnyTime)
Winning score (between 0 and 1) : N=90, mean=0.466667 (+/-0.103647).
P1: N=45, mean=0.533333 (+/-0.147409).
P2: N=45, mean=0.4 (+/-0.144753).
Game Durations: N=90, mean=52.611111 (+/-2.477374).
P1: N=45, mean=53.688889 (+/-3.631031).
P2: N=45, mean=51.533333 (+/-3.382498).
=====================================================
=====================================================
Completed 100 games.

Agent 1 (DoubleIterRegressionTreeSHUCTAny)
Winning score (between 0 and 1) : N=100, mean=0.53 (+/-0.098314).
P1: N=50, mean=0.58 (+/-0.138194).
P2: N=50, mean=0.48 (+/-0.139885).
Game Durations: N=100, mean=52.99 (+/-2.376651).
P1: N=50, mean=52.3 (+/-3.31873).
P2: N=50, mean=53.68 (+/-3.425757).

Agent 2 (SHUCTAnyTime)
Winning score (between 0 and 1) : N=100, mean=0.47 (+/-0.098314).
P1: N=50, mean=0.52 (+/-0.139885).
P2: N=50, mean=0.42 (+/-0.138194).
Game Durations: N=100, mean=52.99 (+/-2.376651).
P1: N=50, mean=53.68 (+/-3.425757).
P2: N=50, mean=52.3 (+/-3.31873).
=====================================================
