Warming up...
Finished warming up!
=====================================================
Completed 1 games.

Agent 1 (DoubleIterRegressionTreeSHUCTAny)
Winning score (between 0 and 1) : N=1, mean=0 (+/-0).
P1: N=1, mean=0 (+/-0).
P2: N=0, mean=0 (+/-0).
Game Durations: N=1, mean=20 (+/-0).
P1: N=1, mean=20 (+/-0).
P2: N=0, mean=0 (+/-0).

Agent 2 (SHUCTAnyTime)
Winning score (between 0 and 1) : N=1, mean=1 (+/-0).
P1: N=0, mean=0 (+/-0).
P2: N=1, mean=1 (+/-0).
Game Durations: N=1, mean=20 (+/-0).
P1: N=0, mean=0 (+/-0).
P2: N=1, mean=20 (+/-0).
=====================================================
=====================================================
Completed 2 games.

Agent 1 (DoubleIterRegressionTreeSHUCTAny)
Winning score (between 0 and 1) : N=2, mean=0.5 (+/-0.97998).
P1: N=1, mean=0 (+/-0).
P2: N=1, mean=1 (+/-0).
Game Durations: N=2, mean=17 (+/-5.87988).
P1: N=1, mean=20 (+/-0).
P2: N=1, mean=14 (+/-0).

Agent 2 (SHUCTAnyTime)
Winning score (between 0 and 1) : N=2, mean=0.5 (+/-0.97998).
P1: N=1, mean=0 (+/-0).
P2: N=1, mean=1 (+/-0).
Game Durations: N=2, mean=17 (+/-5.87988).
P1: N=1, mean=14 (+/-0).
P2: N=1, mean=20 (+/-0).
=====================================================
=====================================================
Completed 3 games.

Agent 1 (DoubleIterRegressionTreeSHUCTAny)
Winning score (between 0 and 1) : N=3, mean=0.666667 (+/-0.65332).
P1: N=2, mean=0.5 (+/-0.97998).
P2: N=1, mean=1 (+/-0).
Game Durations: N=3, mean=15 (+/-5.185567).
P1: N=2, mean=15.5 (+/-8.81982).
P2: N=1, mean=14 (+/-0).

Agent 2 (SHUCTAnyTime)
Winning score (between 0 and 1) : N=3, mean=0.333333 (+/-0.65332).
P1: N=1, mean=0 (+/-0).
P2: N=2, mean=0.5 (+/-0.97998).
Game Durations: N=3, mean=15 (+/-5.185567).
P1: N=1, mean=14 (+/-0).
P2: N=2, mean=15.5 (+/-8.81982).
=====================================================
=====================================================
Completed 4 games.

Agent 1 (DoubleIterRegressionTreeSHUCTAny)
Winning score (between 0 and 1) : N=4, mean=0.75 (+/-0.48999).
P1: N=2, mean=0.5 (+/-0.97998).
P2: N=2, mean=1 (+/-0).
Game Durations: N=4, mean=17.25 (+/-5.735186).
P1: N=2, mean=15.5 (+/-8.81982).
P2: N=2, mean=19 (+/-9.7998).

Agent 2 (SHUCTAnyTime)
Winning score (between 0 and 1) : N=4, mean=0.25 (+/-0.48999).
P1: N=2, mean=0 (+/-0).
P2: N=2, mean=0.5 (+/-0.97998).
Game Durations: N=4, mean=17.25 (+/-5.735186).
P1: N=2, mean=19 (+/-9.7998).
P2: N=2, mean=15.5 (+/-8.81982).
=====================================================
=====================================================
Completed 5 games.

Agent 1 (DoubleIterRegressionTreeSHUCTAny)
Winning score (between 0 and 1) : N=5, mean=0.6 (+/-0.48009).
P1: N=3, mean=0.333333 (+/-0.65332).
P2: N=2, mean=1 (+/-0).
Game Durations: N=5, mean=16.2 (+/-4.895979).
P1: N=3, mean=14.333333 (+/-5.581969).
P2: N=2, mean=19 (+/-9.7998).

Agent 2 (SHUCTAnyTime)
Winning score (between 0 and 1) : N=5, mean=0.4 (+/-0.48009).
P1: N=2, mean=0 (+/-0).
P2: N=3, mean=0.666667 (+/-0.65332).
Game Durations: N=5, mean=16.2 (+/-4.895979).
P1: N=2, mean=19 (+/-9.7998).
P2: N=3, mean=14.333333 (+/-5.581969).
=====================================================
=====================================================
Completed 10 games.

Agent 1 (DoubleIterRegressionTreeSHUCTAny)
Winning score (between 0 and 1) : N=10, mean=0.5 (+/-0.32666).
P1: N=5, mean=0.4 (+/-0.48009).
P2: N=5, mean=0.6 (+/-0.48009).
Game Durations: N=10, mean=16 (+/-2.950809).
P1: N=5, mean=14.8 (+/-4.176141).
P2: N=5, mean=17.2 (+/-4.356229).

Agent 2 (SHUCTAnyTime)
Winning score (between 0 and 1) : N=10, mean=0.5 (+/-0.32666).
P1: N=5, mean=0.4 (+/-0.48009).
P2: N=5, mean=0.6 (+/-0.48009).
Game Durations: N=10, mean=16 (+/-2.950809).
P1: N=5, mean=17.2 (+/-4.356229).
P2: N=5, mean=14.8 (+/-4.176141).
=====================================================
=====================================================
Completed 20 games.

Agent 1 (DoubleIterRegressionTreeSHUCTAny)
Winning score (between 0 and 1) : N=20, mean=0.6 (+/-0.22028).
P1: N=10, mean=0.6 (+/-0.32006).
P2: N=10, mean=0.6 (+/-0.32006).
Game Durations: N=20, mean=15.1 (+/-1.901847).
P1: N=10, mean=15 (+/-2.802431).
P2: N=10, mean=15.2 (+/-2.72208).

Agent 2 (SHUCTAnyTime)
Winning score (between 0 and 1) : N=20, mean=0.4 (+/-0.22028).
P1: N=10, mean=0.4 (+/-0.32006).
P2: N=10, mean=0.4 (+/-0.32006).
Game Durations: N=20, mean=15.1 (+/-1.901847).
P1: N=10, mean=15.2 (+/-2.72208).
P2: N=10, mean=15 (+/-2.802431).
=====================================================
=====================================================
Completed 30 games.

Agent 1 (DoubleIterRegressionTreeSHUCTAny)
Winning score (between 0 and 1) : N=30, mean=0.5 (+/-0.181978).
P1: N=15, mean=0.533333 (+/-0.261328).
P2: N=15, mean=0.466667 (+/-0.261328).
Game Durations: N=30, mean=14.6 (+/-1.511182).
P1: N=15, mean=14.4 (+/-1.920361).
P2: N=15, mean=14.8 (+/-2.398164).

Agent 2 (SHUCTAnyTime)
Winning score (between 0 and 1) : N=30, mean=0.5 (+/-0.181978).
P1: N=15, mean=0.533333 (+/-0.261328).
P2: N=15, mean=0.466667 (+/-0.261328).
Game Durations: N=30, mean=14.6 (+/-1.511182).
P1: N=15, mean=14.8 (+/-2.398164).
P2: N=15, mean=14.4 (+/-1.920361).
=====================================================
=====================================================
Completed 40 games.

Agent 1 (DoubleIterRegressionTreeSHUCTAny)
Winning score (between 0 and 1) : N=40, mean=0.475 (+/-0.156726).
P1: N=20, mean=0.6 (+/-0.22028).
P2: N=20, mean=0.35 (+/-0.214467).
Game Durations: N=40, mean=14.375 (+/-1.330953).
P1: N=20, mean=14.6 (+/-1.720446).
P2: N=20, mean=14.15 (+/-2.071666).

Agent 2 (SHUCTAnyTime)
Winning score (between 0 and 1) : N=40, mean=0.525 (+/-0.156726).
P1: N=20, mean=0.65 (+/-0.214467).
P2: N=20, mean=0.4 (+/-0.22028).
Game Durations: N=40, mean=14.375 (+/-1.330953).
P1: N=20, mean=14.15 (+/-2.071666).
P2: N=20, mean=14.6 (+/-1.720446).
=====================================================
=====================================================
Completed 50 games.

Agent 1 (DoubleIterRegressionTreeSHUCTAny)
Winning score (between 0 and 1) : N=50, mean=0.48 (+/-0.139885).
P1: N=25, mean=0.64 (+/-0.192036).
P2: N=25, mean=0.32 (+/-0.186626).
Game Durations: N=50, mean=14.34 (+/-1.099647).
P1: N=25, mean=14.8 (+/-1.422378).
P2: N=25, mean=13.88 (+/-1.687236).

Agent 2 (SHUCTAnyTime)
Winning score (between 0 and 1) : N=50, mean=0.52 (+/-0.139885).
P1: N=25, mean=0.68 (+/-0.186626).
P2: N=25, mean=0.36 (+/-0.192036).
Game Durations: N=50, mean=14.34 (+/-1.099647).
P1: N=25, mean=13.88 (+/-1.687236).
P2: N=25, mean=14.8 (+/-1.422378).
=====================================================
=====================================================
Completed 60 games.

Agent 1 (DoubleIterRegressionTreeSHUCTAny)
Winning score (between 0 and 1) : N=60, mean=0.5 (+/-0.127583).
P1: N=30, mean=0.633333 (+/-0.175388).
P2: N=30, mean=0.366667 (+/-0.175388).
Game Durations: N=60, mean=14.733333 (+/-1.153303).
P1: N=30, mean=14.966667 (+/-1.620817).
P2: N=30, mean=14.5 (+/-1.664541).

Agent 2 (SHUCTAnyTime)
Winning score (between 0 and 1) : N=60, mean=0.5 (+/-0.127583).
P1: N=30, mean=0.633333 (+/-0.175388).
P2: N=30, mean=0.366667 (+/-0.175388).
Game Durations: N=60, mean=14.733333 (+/-1.153303).
P1: N=30, mean=14.5 (+/-1.664541).
P2: N=30, mean=14.966667 (+/-1.620817).
=====================================================
=====================================================
Completed 70 games.

Agent 1 (DoubleIterRegressionTreeSHUCTAny)
Winning score (between 0 and 1) : N=70, mean=0.5 (+/-0.117976).
P1: N=35, mean=0.6 (+/-0.16467).
P2: N=35, mean=0.4 (+/-0.16467).
Game Durations: N=70, mean=15.171429 (+/-1.055939).
P1: N=35, mean=15.285714 (+/-1.49368).
P2: N=35, mean=15.057143 (+/-1.513798).

Agent 2 (SHUCTAnyTime)
Winning score (between 0 and 1) : N=70, mean=0.5 (+/-0.117976).
P1: N=35, mean=0.6 (+/-0.16467).
P2: N=35, mean=0.4 (+/-0.16467).
Game Durations: N=70, mean=15.171429 (+/-1.055939).
P1: N=35, mean=15.057143 (+/-1.513798).
P2: N=35, mean=15.285714 (+/-1.49368).
=====================================================
=====================================================
Completed 80 games.

Agent 1 (DoubleIterRegressionTreeSHUCTAny)
Winning score (between 0 and 1) : N=80, mean=0.4875 (+/-0.110222).
P1: N=40, mean=0.6 (+/-0.153752).
P2: N=40, mean=0.375 (+/-0.151939).
Game Durations: N=80, mean=15.3125 (+/-0.980968).
P1: N=40, mean=15.4 (+/-1.373048).
P2: N=40, mean=15.225 (+/-1.418369).

Agent 2 (SHUCTAnyTime)
Winning score (between 0 and 1) : N=80, mean=0.5125 (+/-0.110222).
P1: N=40, mean=0.625 (+/-0.151939).
P2: N=40, mean=0.4 (+/-0.153752).
Game Durations: N=80, mean=15.3125 (+/-0.980968).
P1: N=40, mean=15.225 (+/-1.418369).
P2: N=40, mean=15.4 (+/-1.373048).
=====================================================
=====================================================
Completed 90 games.

Agent 1 (DoubleIterRegressionTreeSHUCTAny)
Winning score (between 0 and 1) : N=90, mean=0.477778 (+/-0.103775).
P1: N=45, mean=0.6 (+/-0.144753).
P2: N=45, mean=0.355556 (+/-0.141438).
Game Durations: N=90, mean=15.288889 (+/-0.905714).
P1: N=45, mean=15.266667 (+/-1.275686).
P2: N=45, mean=15.311111 (+/-1.300422).

Agent 2 (SHUCTAnyTime)
Winning score (between 0 and 1) : N=90, mean=0.522222 (+/-0.103775).
P1: N=45, mean=0.644444 (+/-0.141438).
P2: N=45, mean=0.4 (+/-0.144753).
Game Durations: N=90, mean=15.288889 (+/-0.905714).
P1: N=45, mean=15.311111 (+/-1.300422).
P2: N=45, mean=15.266667 (+/-1.275686).
=====================================================
=====================================================
Completed 100 games.

Agent 1 (DoubleIterRegressionTreeSHUCTAny)
Winning score (between 0 and 1) : N=100, mean=0.49 (+/-0.098472).
P1: N=50, mean=0.62 (+/-0.135905).
P2: N=50, mean=0.36 (+/-0.134397).
Game Durations: N=100, mean=15.19 (+/-0.890005).
P1: N=50, mean=15.34 (+/-1.280171).
P2: N=50, mean=15.04 (+/-1.24836).

Agent 2 (SHUCTAnyTime)
Winning score (between 0 and 1) : N=100, mean=0.51 (+/-0.098472).
P1: N=50, mean=0.64 (+/-0.134397).
P2: N=50, mean=0.38 (+/-0.135905).
Game Durations: N=100, mean=15.19 (+/-0.890005).
P1: N=50, mean=15.04 (+/-1.24836).
P2: N=50, mean=15.34 (+/-1.280171).
=====================================================
