Warming up...
Finished warming up!
=====================================================
Completed 1 games.

Agent 1 (EntropySHUCTAnytime)
Winning score (between 0 and 1) : N=1, mean=0 (+/-0).
P1: N=0, mean=0 (+/-0).
P2: N=1, mean=0 (+/-0).
Game Durations: N=1, mean=75 (+/-0).
P1: N=0, mean=0 (+/-0).
P2: N=1, mean=75 (+/-0).

Agent 2 (SHUCTAnyTime)
Winning score (between 0 and 1) : N=1, mean=1 (+/-0).
P1: N=1, mean=1 (+/-0).
P2: N=0, mean=0 (+/-0).
Game Durations: N=1, mean=75 (+/-0).
P1: N=1, mean=75 (+/-0).
P2: N=0, mean=0 (+/-0).
=====================================================
=====================================================
Completed 2 games.

Agent 1 (EntropySHUCTAnytime)
Winning score (between 0 and 1) : N=2, mean=0 (+/-0).
P1: N=1, mean=0 (+/-0).
P2: N=1, mean=0 (+/-0).
Game Durations: N=2, mean=73.5 (+/-2.93994).
P1: N=1, mean=72 (+/-0).
P2: N=1, mean=75 (+/-0).

Agent 2 (SHUCTAnyTime)
Winning score (between 0 and 1) : N=2, mean=1 (+/-0).
P1: N=1, mean=1 (+/-0).
P2: N=1, mean=1 (+/-0).
Game Durations: N=2, mean=73.5 (+/-2.93994).
P1: N=1, mean=75 (+/-0).
P2: N=1, mean=72 (+/-0).
=====================================================
=====================================================
Completed 3 games.

Agent 1 (EntropySHUCTAnytime)
Winning score (between 0 and 1) : N=3, mean=0 (+/-0).
P1: N=1, mean=0 (+/-0).
P2: N=2, mean=0 (+/-0).
Game Durations: N=3, mean=74.666667 (+/-2.847756).
P1: N=1, mean=72 (+/-0).
P2: N=2, mean=76 (+/-1.95996).

Agent 2 (SHUCTAnyTime)
Winning score (between 0 and 1) : N=3, mean=1 (+/-0).
P1: N=2, mean=1 (+/-0).
P2: N=1, mean=1 (+/-0).
Game Durations: N=3, mean=74.666667 (+/-2.847756).
P1: N=2, mean=76 (+/-1.95996).
P2: N=1, mean=72 (+/-0).
=====================================================
=====================================================
Completed 4 games.

Agent 1 (EntropySHUCTAnytime)
Winning score (between 0 and 1) : N=4, mean=0 (+/-0).
P1: N=2, mean=0 (+/-0).
P2: N=2, mean=0 (+/-0).
Game Durations: N=4, mean=72.5 (+/-4.699819).
P1: N=2, mean=69 (+/-5.87988).
P2: N=2, mean=76 (+/-1.95996).

Agent 2 (SHUCTAnyTime)
Winning score (between 0 and 1) : N=4, mean=1 (+/-0).
P1: N=2, mean=1 (+/-0).
P2: N=2, mean=1 (+/-0).
Game Durations: N=4, mean=72.5 (+/-4.699819).
P1: N=2, mean=76 (+/-1.95996).
P2: N=2, mean=69 (+/-5.87988).
=====================================================
=====================================================
Completed 5 games.

Agent 1 (EntropySHUCTAnytime)
Winning score (between 0 and 1) : N=5, mean=0 (+/-0).
P1: N=2, mean=0 (+/-0).
P2: N=3, mean=0 (+/-0).
Game Durations: N=5, mean=69.8 (+/-6.423169).
P1: N=2, mean=69 (+/-5.87988).
P2: N=3, mean=70.333333 (+/-11.163937).

Agent 2 (SHUCTAnyTime)
Winning score (between 0 and 1) : N=5, mean=1 (+/-0).
P1: N=3, mean=1 (+/-0).
P2: N=2, mean=1 (+/-0).
Game Durations: N=5, mean=69.8 (+/-6.423169).
P1: N=3, mean=70.333333 (+/-11.163937).
P2: N=2, mean=69 (+/-5.87988).
=====================================================
=====================================================
Completed 10 games.

Agent 1 (EntropySHUCTAnytime)
Winning score (between 0 and 1) : N=10, mean=0.2 (+/-0.261328).
P1: N=5, mean=0.2 (+/-0.391992).
P2: N=5, mean=0.2 (+/-0.391992).
Game Durations: N=10, mean=63.3 (+/-6.585582).
P1: N=5, mean=61.8 (+/-6.271872).
P2: N=5, mean=64.8 (+/-12.308798).

Agent 2 (SHUCTAnyTime)
Winning score (between 0 and 1) : N=10, mean=0.8 (+/-0.261328).
P1: N=5, mean=0.8 (+/-0.391992).
P2: N=5, mean=0.8 (+/-0.391992).
Game Durations: N=10, mean=63.3 (+/-6.585582).
P1: N=5, mean=64.8 (+/-12.308798).
P2: N=5, mean=61.8 (+/-6.271872).
=====================================================
=====================================================
Completed 20 games.

Agent 1 (EntropySHUCTAnytime)
Winning score (between 0 and 1) : N=20, mean=0.4 (+/-0.22028).
P1: N=10, mean=0.5 (+/-0.32666).
P2: N=10, mean=0.3 (+/-0.299389).
Game Durations: N=20, mean=59.2 (+/-4.77472).
P1: N=10, mean=60.3 (+/-5.324057).
P2: N=10, mean=58.1 (+/-8.17799).

Agent 2 (SHUCTAnyTime)
Winning score (between 0 and 1) : N=20, mean=0.6 (+/-0.22028).
P1: N=10, mean=0.7 (+/-0.299389).
P2: N=10, mean=0.5 (+/-0.32666).
Game Durations: N=20, mean=59.2 (+/-4.77472).
P1: N=10, mean=58.1 (+/-8.17799).
P2: N=10, mean=60.3 (+/-5.324057).
=====================================================
=====================================================
Completed 30 games.

Agent 1 (EntropySHUCTAnytime)
Winning score (between 0 and 1) : N=30, mean=0.433333 (+/-0.180353).
P1: N=15, mean=0.466667 (+/-0.261328).
P2: N=15, mean=0.4 (+/-0.256619).
Game Durations: N=30, mean=57.266667 (+/-3.803213).
P1: N=15, mean=56.6 (+/-5.358362).
P2: N=15, mean=57.933333 (+/-5.564902).

Agent 2 (SHUCTAnyTime)
Winning score (between 0 and 1) : N=30, mean=0.566667 (+/-0.180353).
P1: N=15, mean=0.6 (+/-0.256619).
P2: N=15, mean=0.533333 (+/-0.261328).
Game Durations: N=30, mean=57.266667 (+/-3.803213).
P1: N=15, mean=57.933333 (+/-5.564902).
P2: N=15, mean=56.6 (+/-5.358362).
=====================================================
=====================================================
Completed 40 games.

Agent 1 (EntropySHUCTAnytime)
Winning score (between 0 and 1) : N=40, mean=0.475 (+/-0.156726).
P1: N=20, mean=0.5 (+/-0.224823).
P2: N=20, mean=0.45 (+/-0.223696).
Game Durations: N=40, mean=56.925 (+/-3.56555).
P1: N=20, mean=55.7 (+/-5.067449).
P2: N=20, mean=58.15 (+/-5.089693).

Agent 2 (SHUCTAnyTime)
Winning score (between 0 and 1) : N=40, mean=0.525 (+/-0.156726).
P1: N=20, mean=0.55 (+/-0.223696).
P2: N=20, mean=0.5 (+/-0.224823).
Game Durations: N=40, mean=56.925 (+/-3.56555).
P1: N=20, mean=58.15 (+/-5.089693).
P2: N=20, mean=55.7 (+/-5.067449).
=====================================================
=====================================================
Completed 50 games.

Agent 1 (EntropySHUCTAnytime)
Winning score (between 0 and 1) : N=50, mean=0.52 (+/-0.139885).
P1: N=25, mean=0.52 (+/-0.199877).
P2: N=25, mean=0.52 (+/-0.199877).
Game Durations: N=50, mean=56.02 (+/-3.227833).
P1: N=25, mean=54.12 (+/-4.426676).
P2: N=25, mean=57.92 (+/-4.668272).

Agent 2 (SHUCTAnyTime)
Winning score (between 0 and 1) : N=50, mean=0.48 (+/-0.139885).
P1: N=25, mean=0.48 (+/-0.199877).
P2: N=25, mean=0.48 (+/-0.199877).
Game Durations: N=50, mean=56.02 (+/-3.227833).
P1: N=25, mean=57.92 (+/-4.668272).
P2: N=25, mean=54.12 (+/-4.426676).
=====================================================
=====================================================
Completed 60 games.

Agent 1 (EntropySHUCTAnytime)
Winning score (between 0 and 1) : N=60, mean=0.5 (+/-0.127583).
P1: N=30, mean=0.5 (+/-0.181978).
P2: N=30, mean=0.5 (+/-0.181978).
Game Durations: N=60, mean=55.666667 (+/-2.759901).
P1: N=30, mean=53.7 (+/-3.789508).
P2: N=30, mean=57.633333 (+/-3.950756).

Agent 2 (SHUCTAnyTime)
Winning score (between 0 and 1) : N=60, mean=0.5 (+/-0.127583).
P1: N=30, mean=0.5 (+/-0.181978).
P2: N=30, mean=0.5 (+/-0.181978).
Game Durations: N=60, mean=55.666667 (+/-2.759901).
P1: N=30, mean=57.633333 (+/-3.950756).
P2: N=30, mean=53.7 (+/-3.789508).
=====================================================
=====================================================
Completed 70 games.

Agent 1 (EntropySHUCTAnytime)
Winning score (between 0 and 1) : N=70, mean=0.514286 (+/-0.117928).
P1: N=35, mean=0.485714 (+/-0.167997).
P2: N=35, mean=0.542857 (+/-0.167447).
Game Durations: N=70, mean=55.757143 (+/-2.528233).
P1: N=35, mean=54.485714 (+/-3.539412).
P2: N=35, mean=57.028571 (+/-3.612635).

Agent 2 (SHUCTAnyTime)
Winning score (between 0 and 1) : N=70, mean=0.485714 (+/-0.117928).
P1: N=35, mean=0.457143 (+/-0.167447).
P2: N=35, mean=0.514286 (+/-0.167997).
Game Durations: N=70, mean=55.757143 (+/-2.528233).
P1: N=35, mean=57.028571 (+/-3.612635).
P2: N=35, mean=54.485714 (+/-3.539412).
=====================================================
=====================================================
Completed 80 games.

Agent 1 (EntropySHUCTAnytime)
Winning score (between 0 and 1) : N=80, mean=0.5 (+/-0.110256).
P1: N=40, mean=0.475 (+/-0.156726).
P2: N=40, mean=0.525 (+/-0.156726).
Game Durations: N=80, mean=55.075 (+/-2.383878).
P1: N=40, mean=53.825 (+/-3.225805).
P2: N=40, mean=56.325 (+/-3.508461).

Agent 2 (SHUCTAnyTime)
Winning score (between 0 and 1) : N=80, mean=0.5 (+/-0.110256).
P1: N=40, mean=0.475 (+/-0.156726).
P2: N=40, mean=0.525 (+/-0.156726).
Game Durations: N=80, mean=55.075 (+/-2.383878).
P1: N=40, mean=56.325 (+/-3.508461).
P2: N=40, mean=53.825 (+/-3.225805).
=====================================================
=====================================================
Completed 90 games.

Agent 1 (EntropySHUCTAnytime)
Winning score (between 0 and 1) : N=90, mean=0.477778 (+/-0.103775).
P1: N=45, mean=0.444444 (+/-0.146823).
P2: N=45, mean=0.511111 (+/-0.147701).
Game Durations: N=90, mean=55 (+/-2.223834).
P1: N=45, mean=53.733333 (+/-3.026373).
P2: N=45, mean=56.266667 (+/-3.250763).

Agent 2 (SHUCTAnyTime)
Winning score (between 0 and 1) : N=90, mean=0.522222 (+/-0.103775).
P1: N=45, mean=0.488889 (+/-0.147701).
P2: N=45, mean=0.555556 (+/-0.146823).
Game Durations: N=90, mean=55 (+/-2.223834).
P1: N=45, mean=56.266667 (+/-3.250763).
P2: N=45, mean=53.733333 (+/-3.026373).
=====================================================
=====================================================
Completed 100 games.

Agent 1 (EntropySHUCTAnytime)
Winning score (between 0 and 1) : N=100, mean=0.5 (+/-0.098492).
P1: N=50, mean=0.46 (+/-0.139548).
P2: N=50, mean=0.54 (+/-0.139548).
Game Durations: N=100, mean=54.96 (+/-2.058626).
P1: N=50, mean=53.94 (+/-2.840754).
P2: N=50, mean=55.98 (+/-2.981901).

Agent 2 (SHUCTAnyTime)
Winning score (between 0 and 1) : N=100, mean=0.5 (+/-0.098492).
P1: N=50, mean=0.46 (+/-0.139548).
P2: N=50, mean=0.54 (+/-0.139548).
Game Durations: N=100, mean=54.96 (+/-2.058626).
P1: N=50, mean=55.98 (+/-2.981901).
P2: N=50, mean=53.94 (+/-2.840754).
=====================================================
