Warming up...
Finished warming up!
=====================================================
Completed 1 games.

Agent 1 (EntropySHUCTAnytime)
Winning score (between 0 and 1) : N=1, mean=0 (+/-0).
P1: N=0, mean=0 (+/-0).
P2: N=1, mean=0 (+/-0).
Game Durations: N=1, mean=51 (+/-0).
P1: N=0, mean=0 (+/-0).
P2: N=1, mean=51 (+/-0).

Agent 2 (SHUCTAnyTime)
Winning score (between 0 and 1) : N=1, mean=1 (+/-0).
P1: N=1, mean=1 (+/-0).
P2: N=0, mean=0 (+/-0).
Game Durations: N=1, mean=51 (+/-0).
P1: N=1, mean=51 (+/-0).
P2: N=0, mean=0 (+/-0).
=====================================================
=====================================================
Completed 2 games.

Agent 1 (EntropySHUCTAnytime)
Winning score (between 0 and 1) : N=2, mean=0 (+/-0).
P1: N=1, mean=0 (+/-0).
P2: N=1, mean=0 (+/-0).
Game Durations: N=2, mean=52.5 (+/-2.93994).
P1: N=1, mean=54 (+/-0).
P2: N=1, mean=51 (+/-0).

Agent 2 (SHUCTAnyTime)
Winning score (between 0 and 1) : N=2, mean=1 (+/-0).
P1: N=1, mean=1 (+/-0).
P2: N=1, mean=1 (+/-0).
Game Durations: N=2, mean=52.5 (+/-2.93994).
P1: N=1, mean=51 (+/-0).
P2: N=1, mean=54 (+/-0).
=====================================================
=====================================================
Completed 3 games.

Agent 1 (EntropySHUCTAnytime)
Winning score (between 0 and 1) : N=3, mean=0 (+/-0).
P1: N=1, mean=0 (+/-0).
P2: N=2, mean=0 (+/-0).
Game Durations: N=3, mean=54.666667 (+/-4.57324).
P1: N=1, mean=54 (+/-0).
P2: N=2, mean=55 (+/-7.83984).

Agent 2 (SHUCTAnyTime)
Winning score (between 0 and 1) : N=3, mean=1 (+/-0).
P1: N=2, mean=1 (+/-0).
P2: N=1, mean=1 (+/-0).
Game Durations: N=3, mean=54.666667 (+/-4.57324).
P1: N=2, mean=55 (+/-7.83984).
P2: N=1, mean=54 (+/-0).
=====================================================
=====================================================
Completed 4 games.

Agent 1 (EntropySHUCTAnytime)
Winning score (between 0 and 1) : N=4, mean=0 (+/-0).
P1: N=2, mean=0 (+/-0).
P2: N=2, mean=0 (+/-0).
Game Durations: N=4, mean=60.5 (+/-11.881626).
P1: N=2, mean=66 (+/-23.51952).
P2: N=2, mean=55 (+/-7.83984).

Agent 2 (SHUCTAnyTime)
Winning score (between 0 and 1) : N=4, mean=1 (+/-0).
P1: N=2, mean=1 (+/-0).
P2: N=2, mean=1 (+/-0).
Game Durations: N=4, mean=60.5 (+/-11.881626).
P1: N=2, mean=55 (+/-7.83984).
P2: N=2, mean=66 (+/-23.51952).
=====================================================
=====================================================
Completed 5 games.

Agent 1 (EntropySHUCTAnytime)
Winning score (between 0 and 1) : N=5, mean=0 (+/-0).
P1: N=2, mean=0 (+/-0).
P2: N=3, mean=0 (+/-0).
Game Durations: N=5, mean=57.4 (+/-11.02815).
P1: N=2, mean=66 (+/-23.51952).
P2: N=3, mean=51.666667 (+/-7.947981).

Agent 2 (SHUCTAnyTime)
Winning score (between 0 and 1) : N=5, mean=1 (+/-0).
P1: N=3, mean=1 (+/-0).
P2: N=2, mean=1 (+/-0).
Game Durations: N=5, mean=57.4 (+/-11.02815).
P1: N=3, mean=51.666667 (+/-7.947981).
P2: N=2, mean=66 (+/-23.51952).
=====================================================
=====================================================
Completed 10 games.

Agent 1 (EntropySHUCTAnytime)
Winning score (between 0 and 1) : N=10, mean=0.4 (+/-0.32006).
P1: N=5, mean=0.4 (+/-0.48009).
P2: N=5, mean=0.4 (+/-0.48009).
Game Durations: N=10, mean=58.1 (+/-7.063414).
P1: N=5, mean=62.8 (+/-9.138543).
P2: N=5, mean=53.4 (+/-9.928315).

Agent 2 (SHUCTAnyTime)
Winning score (between 0 and 1) : N=10, mean=0.6 (+/-0.32006).
P1: N=5, mean=0.6 (+/-0.48009).
P2: N=5, mean=0.6 (+/-0.48009).
Game Durations: N=10, mean=58.1 (+/-7.063414).
P1: N=5, mean=53.4 (+/-9.928315).
P2: N=5, mean=62.8 (+/-9.138543).
=====================================================
=====================================================
Completed 20 games.

Agent 1 (EntropySHUCTAnytime)
Winning score (between 0 and 1) : N=20, mean=0.5 (+/-0.224823).
P1: N=10, mean=0.7 (+/-0.299389).
P2: N=10, mean=0.3 (+/-0.299389).
Game Durations: N=20, mean=56.7 (+/-4.17977).
P1: N=10, mean=58.5 (+/-6.017996).
P2: N=10, mean=54.9 (+/-5.897638).

Agent 2 (SHUCTAnyTime)
Winning score (between 0 and 1) : N=20, mean=0.5 (+/-0.224823).
P1: N=10, mean=0.7 (+/-0.299389).
P2: N=10, mean=0.3 (+/-0.299389).
Game Durations: N=20, mean=56.7 (+/-4.17977).
P1: N=10, mean=54.9 (+/-5.897638).
P2: N=10, mean=58.5 (+/-6.017996).
=====================================================
=====================================================
Completed 30 games.

Agent 1 (EntropySHUCTAnytime)
Winning score (between 0 and 1) : N=30, mean=0.566667 (+/-0.180353).
P1: N=15, mean=0.733333 (+/-0.231643).
P2: N=15, mean=0.4 (+/-0.256619).
Game Durations: N=30, mean=55.4 (+/-3.46886).
P1: N=15, mean=57.666667 (+/-4.472124).
P2: N=15, mean=53.133333 (+/-5.199189).

Agent 2 (SHUCTAnyTime)
Winning score (between 0 and 1) : N=30, mean=0.433333 (+/-0.180353).
P1: N=15, mean=0.6 (+/-0.256619).
P2: N=15, mean=0.266667 (+/-0.231643).
Game Durations: N=30, mean=55.4 (+/-3.46886).
P1: N=15, mean=53.133333 (+/-5.199189).
P2: N=15, mean=57.666667 (+/-4.472124).
=====================================================
=====================================================
Completed 40 games.

Agent 1 (EntropySHUCTAnytime)
Winning score (between 0 and 1) : N=40, mean=0.475 (+/-0.156726).
P1: N=20, mean=0.6 (+/-0.22028).
P2: N=20, mean=0.35 (+/-0.214467).
Game Durations: N=40, mean=54.675 (+/-3.29566).
P1: N=20, mean=55.2 (+/-4.908351).
P2: N=20, mean=54.15 (+/-4.515022).

Agent 2 (SHUCTAnyTime)
Winning score (between 0 and 1) : N=40, mean=0.525 (+/-0.156726).
P1: N=20, mean=0.65 (+/-0.214467).
P2: N=20, mean=0.4 (+/-0.22028).
Game Durations: N=40, mean=54.675 (+/-3.29566).
P1: N=20, mean=54.15 (+/-4.515022).
P2: N=20, mean=55.2 (+/-4.908351).
=====================================================
=====================================================
Completed 50 games.

Agent 1 (EntropySHUCTAnytime)
Winning score (between 0 and 1) : N=50, mean=0.5 (+/-0.139997).
P1: N=25, mean=0.56 (+/-0.198592).
P2: N=25, mean=0.44 (+/-0.198592).
Game Durations: N=50, mean=54.76 (+/-2.996624).
P1: N=25, mean=55.36 (+/-4.399925).
P2: N=25, mean=54.16 (+/-4.146416).

Agent 2 (SHUCTAnyTime)
Winning score (between 0 and 1) : N=50, mean=0.5 (+/-0.139997).
P1: N=25, mean=0.56 (+/-0.198592).
P2: N=25, mean=0.44 (+/-0.198592).
Game Durations: N=50, mean=54.76 (+/-2.996624).
P1: N=25, mean=54.16 (+/-4.146416).
P2: N=25, mean=55.36 (+/-4.399925).
=====================================================
=====================================================
Completed 60 games.

Agent 1 (EntropySHUCTAnytime)
Winning score (between 0 and 1) : N=60, mean=0.533333 (+/-0.127299).
P1: N=30, mean=0.533333 (+/-0.181573).
P2: N=30, mean=0.533333 (+/-0.181573).
Game Durations: N=60, mean=55.3 (+/-2.766433).
P1: N=30, mean=55.533333 (+/-4.086182).
P2: N=30, mean=55.066667 (+/-3.798567).

Agent 2 (SHUCTAnyTime)
Winning score (between 0 and 1) : N=60, mean=0.466667 (+/-0.127299).
P1: N=30, mean=0.466667 (+/-0.181573).
P2: N=30, mean=0.466667 (+/-0.181573).
Game Durations: N=60, mean=55.3 (+/-2.766433).
P1: N=30, mean=55.066667 (+/-3.798567).
P2: N=30, mean=55.533333 (+/-4.086182).
=====================================================
=====================================================
Completed 70 games.

Agent 1 (EntropySHUCTAnytime)
Winning score (between 0 and 1) : N=70, mean=0.514286 (+/-0.117928).
P1: N=35, mean=0.514286 (+/-0.167997).
P2: N=35, mean=0.514286 (+/-0.167997).
Game Durations: N=70, mean=55.185714 (+/-2.546994).
P1: N=35, mean=55.771429 (+/-3.553716).
P2: N=35, mean=54.6 (+/-3.691055).

Agent 2 (SHUCTAnyTime)
Winning score (between 0 and 1) : N=70, mean=0.485714 (+/-0.117928).
P1: N=35, mean=0.485714 (+/-0.167997).
P2: N=35, mean=0.485714 (+/-0.167997).
Game Durations: N=70, mean=55.185714 (+/-2.546994).
P1: N=35, mean=54.6 (+/-3.691055).
P2: N=35, mean=55.771429 (+/-3.553716).
=====================================================
=====================================================
Completed 80 games.

Agent 1 (EntropySHUCTAnytime)
Winning score (between 0 and 1) : N=80, mean=0.525 (+/-0.110118).
P1: N=40, mean=0.525 (+/-0.156726).
P2: N=40, mean=0.525 (+/-0.156726).
Game Durations: N=80, mean=55.475 (+/-2.340183).
P1: N=40, mean=55.825 (+/-3.124204).
P2: N=40, mean=55.125 (+/-3.521632).

Agent 2 (SHUCTAnyTime)
Winning score (between 0 and 1) : N=80, mean=0.475 (+/-0.110118).
P1: N=40, mean=0.475 (+/-0.156726).
P2: N=40, mean=0.475 (+/-0.156726).
Game Durations: N=80, mean=55.475 (+/-2.340183).
P1: N=40, mean=55.125 (+/-3.521632).
P2: N=40, mean=55.825 (+/-3.124204).
=====================================================
=====================================================
Completed 90 games.

Agent 1 (EntropySHUCTAnytime)
Winning score (between 0 and 1) : N=90, mean=0.511111 (+/-0.103852).
P1: N=45, mean=0.511111 (+/-0.147701).
P2: N=45, mean=0.511111 (+/-0.147701).
Game Durations: N=90, mean=55.655556 (+/-2.229684).
P1: N=45, mean=55.488889 (+/-2.983256).
P2: N=45, mean=55.822222 (+/-3.347726).

Agent 2 (SHUCTAnyTime)
Winning score (between 0 and 1) : N=90, mean=0.488889 (+/-0.103852).
P1: N=45, mean=0.488889 (+/-0.147701).
P2: N=45, mean=0.488889 (+/-0.147701).
Game Durations: N=90, mean=55.655556 (+/-2.229684).
P1: N=45, mean=55.822222 (+/-3.347726).
P2: N=45, mean=55.488889 (+/-2.983256).
=====================================================
=====================================================
Completed 100 games.

Agent 1 (EntropySHUCTAnytime)
Winning score (between 0 and 1) : N=100, mean=0.52 (+/-0.098413).
P1: N=50, mean=0.52 (+/-0.139885).
P2: N=50, mean=0.52 (+/-0.139885).
Game Durations: N=100, mean=55.3 (+/-2.051372).
P1: N=50, mean=55.4 (+/-2.750222).
P2: N=50, mean=55.2 (+/-3.072291).

Agent 2 (SHUCTAnyTime)
Winning score (between 0 and 1) : N=100, mean=0.48 (+/-0.098413).
P1: N=50, mean=0.48 (+/-0.139885).
P2: N=50, mean=0.48 (+/-0.139885).
Game Durations: N=100, mean=55.3 (+/-2.051372).
P1: N=50, mean=55.2 (+/-3.072291).
P2: N=50, mean=55.4 (+/-2.750222).
=====================================================
