Warming up...
Finished warming up!
=====================================================
Completed 1 games.

Agent 1 (DoubleIterRegressionTreeSHUCTAny)
Winning score (between 0 and 1) : N=1, mean=1 (+/-0).
P1: N=1, mean=1 (+/-0).
P2: N=0, mean=0 (+/-0).
Game Durations: N=1, mean=49 (+/-0).
P1: N=1, mean=49 (+/-0).
P2: N=0, mean=0 (+/-0).

Agent 2 (SHUCTAnyTime)
Winning score (between 0 and 1) : N=1, mean=0 (+/-0).
P1: N=0, mean=0 (+/-0).
P2: N=1, mean=0 (+/-0).
Game Durations: N=1, mean=49 (+/-0).
P1: N=0, mean=0 (+/-0).
P2: N=1, mean=49 (+/-0).
=====================================================
=====================================================
Completed 2 games.

Agent 1 (DoubleIterRegressionTreeSHUCTAny)
Winning score (between 0 and 1) : N=2, mean=1 (+/-0).
P1: N=1, mean=1 (+/-0).
P2: N=1, mean=1 (+/-0).
Game Durations: N=2, mean=55.5 (+/-12.73974).
P1: N=1, mean=49 (+/-0).
P2: N=1, mean=62 (+/-0).

Agent 2 (SHUCTAnyTime)
Winning score (between 0 and 1) : N=2, mean=0 (+/-0).
P1: N=1, mean=0 (+/-0).
P2: N=1, mean=0 (+/-0).
Game Durations: N=2, mean=55.5 (+/-12.73974).
P1: N=1, mean=62 (+/-0).
P2: N=1, mean=49 (+/-0).
=====================================================
=====================================================
Completed 3 games.

Agent 1 (DoubleIterRegressionTreeSHUCTAny)
Winning score (between 0 and 1) : N=3, mean=1 (+/-0).
P1: N=2, mean=1 (+/-0).
P2: N=1, mean=1 (+/-0).
Game Durations: N=3, mean=56.666667 (+/-7.702529).
P1: N=2, mean=54 (+/-9.7998).
P2: N=1, mean=62 (+/-0).

Agent 2 (SHUCTAnyTime)
Winning score (between 0 and 1) : N=3, mean=0 (+/-0).
P1: N=1, mean=0 (+/-0).
P2: N=2, mean=0 (+/-0).
Game Durations: N=3, mean=56.666667 (+/-7.702529).
P1: N=1, mean=62 (+/-0).
P2: N=2, mean=54 (+/-9.7998).
=====================================================
=====================================================
Completed 4 games.

Agent 1 (DoubleIterRegressionTreeSHUCTAny)
Winning score (between 0 and 1) : N=4, mean=1 (+/-0).
P1: N=2, mean=1 (+/-0).
P2: N=2, mean=1 (+/-0).
Game Durations: N=4, mean=58 (+/-6.041002).
P1: N=2, mean=54 (+/-9.7998).
P2: N=2, mean=62 (+/-0).

Agent 2 (SHUCTAnyTime)
Winning score (between 0 and 1) : N=4, mean=0 (+/-0).
P1: N=2, mean=0 (+/-0).
P2: N=2, mean=0 (+/-0).
Game Durations: N=4, mean=58 (+/-6.041002).
P1: N=2, mean=62 (+/-0).
P2: N=2, mean=54 (+/-9.7998).
=====================================================
=====================================================
Completed 5 games.

Agent 1 (DoubleIterRegressionTreeSHUCTAny)
Winning score (between 0 and 1) : N=5, mean=1 (+/-0).
P1: N=3, mean=1 (+/-0).
P2: N=2, mean=1 (+/-0).
Game Durations: N=5, mean=57.4 (+/-4.824847).
P1: N=3, mean=54.333333 (+/-5.695512).
P2: N=2, mean=62 (+/-0).

Agent 2 (SHUCTAnyTime)
Winning score (between 0 and 1) : N=5, mean=0 (+/-0).
P1: N=2, mean=0 (+/-0).
P2: N=3, mean=0 (+/-0).
Game Durations: N=5, mean=57.4 (+/-4.824847).
P1: N=2, mean=62 (+/-0).
P2: N=3, mean=54.333333 (+/-5.695512).
=====================================================
=====================================================
Completed 10 games.

Agent 1 (DoubleIterRegressionTreeSHUCTAny)
Winning score (between 0 and 1) : N=10, mean=0.8 (+/-0.261328).
P1: N=5, mean=0.8 (+/-0.391992).
P2: N=5, mean=0.8 (+/-0.391992).
Game Durations: N=10, mean=57.1 (+/-5.713843).
P1: N=5, mean=56.4 (+/-9.267938).
P2: N=5, mean=57.8 (+/-7.75114).

Agent 2 (SHUCTAnyTime)
Winning score (between 0 and 1) : N=10, mean=0.2 (+/-0.261328).
P1: N=5, mean=0.2 (+/-0.391992).
P2: N=5, mean=0.2 (+/-0.391992).
Game Durations: N=10, mean=57.1 (+/-5.713843).
P1: N=5, mean=57.8 (+/-7.75114).
P2: N=5, mean=56.4 (+/-9.267938).
=====================================================
=====================================================
Completed 20 games.

Agent 1 (DoubleIterRegressionTreeSHUCTAny)
Winning score (between 0 and 1) : N=20, mean=0.8 (+/-0.179858).
P1: N=10, mean=0.8 (+/-0.261328).
P2: N=10, mean=0.8 (+/-0.261328).
Game Durations: N=20, mean=56.4 (+/-6.068384).
P1: N=10, mean=57 (+/-10.659332).
P2: N=10, mean=55.8 (+/-6.446385).

Agent 2 (SHUCTAnyTime)
Winning score (between 0 and 1) : N=20, mean=0.2 (+/-0.179858).
P1: N=10, mean=0.2 (+/-0.261328).
P2: N=10, mean=0.2 (+/-0.261328).
Game Durations: N=20, mean=56.4 (+/-6.068384).
P1: N=10, mean=55.8 (+/-6.446385).
P2: N=10, mean=57 (+/-10.659332).
=====================================================
=====================================================
Completed 30 games.

Agent 1 (DoubleIterRegressionTreeSHUCTAny)
Winning score (between 0 and 1) : N=30, mean=0.8 (+/-0.145582).
P1: N=15, mean=0.733333 (+/-0.231643).
P2: N=15, mean=0.866667 (+/-0.178065).
Game Durations: N=30, mean=55.1 (+/-4.410073).
P1: N=15, mean=55.933333 (+/-7.267013).
P2: N=15, mean=54.266667 (+/-5.232856).

Agent 2 (SHUCTAnyTime)
Winning score (between 0 and 1) : N=30, mean=0.2 (+/-0.145582).
P1: N=15, mean=0.133333 (+/-0.178065).
P2: N=15, mean=0.266667 (+/-0.231643).
Game Durations: N=30, mean=55.1 (+/-4.410073).
P1: N=15, mean=54.266667 (+/-5.232856).
P2: N=15, mean=55.933333 (+/-7.267013).
=====================================================
=====================================================
Completed 40 games.

Agent 1 (DoubleIterRegressionTreeSHUCTAny)
Winning score (between 0 and 1) : N=40, mean=0.725 (+/-0.140136).
P1: N=20, mean=0.65 (+/-0.214467).
P2: N=20, mean=0.8 (+/-0.179858).
Game Durations: N=40, mean=54.975 (+/-3.838341).
P1: N=20, mean=55.65 (+/-6.505543).
P2: N=20, mean=54.3 (+/-4.239803).

Agent 2 (SHUCTAnyTime)
Winning score (between 0 and 1) : N=40, mean=0.275 (+/-0.140136).
P1: N=20, mean=0.2 (+/-0.179858).
P2: N=20, mean=0.35 (+/-0.214467).
Game Durations: N=40, mean=54.975 (+/-3.838341).
P1: N=20, mean=54.3 (+/-4.239803).
P2: N=20, mean=55.65 (+/-6.505543).
=====================================================
=====================================================
Completed 50 games.

Agent 1 (DoubleIterRegressionTreeSHUCTAny)
Winning score (between 0 and 1) : N=50, mean=0.66 (+/-0.132636).
P1: N=25, mean=0.56 (+/-0.198592).
P2: N=25, mean=0.76 (+/-0.170865).
Game Durations: N=50, mean=55.12 (+/-3.395508).
P1: N=25, mean=55.92 (+/-5.904784).
P2: N=25, mean=54.32 (+/-3.465159).

Agent 2 (SHUCTAnyTime)
Winning score (between 0 and 1) : N=50, mean=0.34 (+/-0.132636).
P1: N=25, mean=0.24 (+/-0.170865).
P2: N=25, mean=0.44 (+/-0.198592).
Game Durations: N=50, mean=55.12 (+/-3.395508).
P1: N=25, mean=54.32 (+/-3.465159).
P2: N=25, mean=55.92 (+/-5.904784).
=====================================================
=====================================================
Completed 60 games.

Agent 1 (DoubleIterRegressionTreeSHUCTAny)
Winning score (between 0 and 1) : N=60, mean=0.583333 (+/-0.125798).
P1: N=30, mean=0.466667 (+/-0.181573).
P2: N=30, mean=0.7 (+/-0.166785).
Game Durations: N=60, mean=55.65 (+/-3.332754).
P1: N=30, mean=56.066667 (+/-5.749216).
P2: N=30, mean=55.233333 (+/-3.477865).

Agent 2 (SHUCTAnyTime)
Winning score (between 0 and 1) : N=60, mean=0.416667 (+/-0.125798).
P1: N=30, mean=0.3 (+/-0.166785).
P2: N=30, mean=0.533333 (+/-0.181573).
Game Durations: N=60, mean=55.65 (+/-3.332754).
P1: N=30, mean=55.233333 (+/-3.477865).
P2: N=30, mean=56.066667 (+/-5.749216).
=====================================================
=====================================================
Completed 70 games.

Agent 1 (DoubleIterRegressionTreeSHUCTAny)
Winning score (between 0 and 1) : N=70, mean=0.585714 (+/-0.116229).
P1: N=35, mean=0.485714 (+/-0.167997).
P2: N=35, mean=0.685714 (+/-0.156042).
Game Durations: N=70, mean=55.2 (+/-2.994579).
P1: N=35, mean=55.742857 (+/-4.9305).
P2: N=35, mean=54.657143 (+/-3.467144).

Agent 2 (SHUCTAnyTime)
Winning score (between 0 and 1) : N=70, mean=0.414286 (+/-0.116229).
P1: N=35, mean=0.314286 (+/-0.156042).
P2: N=35, mean=0.514286 (+/-0.167997).
Game Durations: N=70, mean=55.2 (+/-2.994579).
P1: N=35, mean=54.657143 (+/-3.467144).
P2: N=35, mean=55.742857 (+/-4.9305).
=====================================================
=====================================================
Completed 80 games.

Agent 1 (DoubleIterRegressionTreeSHUCTAny)
Winning score (between 0 and 1) : N=80, mean=0.5875 (+/-0.108555).
P1: N=40, mean=0.475 (+/-0.156726).
P2: N=40, mean=0.7 (+/-0.143822).
Game Durations: N=80, mean=55.4625 (+/-2.681281).
P1: N=40, mean=55.675 (+/-4.423646).
P2: N=40, mean=55.25 (+/-3.090017).

Agent 2 (SHUCTAnyTime)
Winning score (between 0 and 1) : N=80, mean=0.4125 (+/-0.108555).
P1: N=40, mean=0.3 (+/-0.143822).
P2: N=40, mean=0.525 (+/-0.156726).
Game Durations: N=80, mean=55.4625 (+/-2.681281).
P1: N=40, mean=55.25 (+/-3.090017).
P2: N=40, mean=55.675 (+/-4.423646).
=====================================================
=====================================================
Completed 90 games.

Agent 1 (DoubleIterRegressionTreeSHUCTAny)
Winning score (between 0 and 1) : N=90, mean=0.566667 (+/-0.10295).
P1: N=45, mean=0.444444 (+/-0.146823).
P2: N=45, mean=0.688889 (+/-0.13679).
Game Durations: N=90, mean=55.711111 (+/-2.525791).
P1: N=45, mean=56.177778 (+/-4.184814).
P2: N=45, mean=55.244444 (+/-2.873633).

Agent 2 (SHUCTAnyTime)
Winning score (between 0 and 1) : N=90, mean=0.433333 (+/-0.10295).
P1: N=45, mean=0.311111 (+/-0.13679).
P2: N=45, mean=0.555556 (+/-0.146823).
Game Durations: N=90, mean=55.711111 (+/-2.525791).
P1: N=45, mean=55.244444 (+/-2.873633).
P2: N=45, mean=56.177778 (+/-4.184814).
=====================================================
=====================================================
Completed 100 games.

Agent 1 (DoubleIterRegressionTreeSHUCTAny)
Winning score (between 0 and 1) : N=100, mean=0.57 (+/-0.097522).
P1: N=50, mean=0.46 (+/-0.139548).
P2: N=50, mean=0.68 (+/-0.130611).
Game Durations: N=100, mean=55.39 (+/-2.332219).
P1: N=50, mean=56.1 (+/-3.818305).
P2: N=50, mean=54.68 (+/-2.705643).

Agent 2 (SHUCTAnyTime)
Winning score (between 0 and 1) : N=100, mean=0.43 (+/-0.097522).
P1: N=50, mean=0.32 (+/-0.130611).
P2: N=50, mean=0.54 (+/-0.139548).
Game Durations: N=100, mean=55.39 (+/-2.332219).
P1: N=50, mean=54.68 (+/-2.705643).
P2: N=50, mean=56.1 (+/-3.818305).
=====================================================
