Warming up...
Finished warming up!
=====================================================
Completed 1 games.

Agent 1 (EntropySHUCTAnytime)
Winning score (between 0 and 1) : N=1, mean=1 (+/-0).
P1: N=1, mean=1 (+/-0).
P2: N=0, mean=0 (+/-0).
Game Durations: N=1, mean=13 (+/-0).
P1: N=1, mean=13 (+/-0).
P2: N=0, mean=0 (+/-0).

Agent 2 (Example UCT)
Winning score (between 0 and 1) : N=1, mean=0 (+/-0).
P1: N=0, mean=0 (+/-0).
P2: N=1, mean=0 (+/-0).
Game Durations: N=1, mean=13 (+/-0).
P1: N=0, mean=0 (+/-0).
P2: N=1, mean=13 (+/-0).
=====================================================
=====================================================
Completed 2 games.

Agent 1 (EntropySHUCTAnytime)
Winning score (between 0 and 1) : N=2, mean=1 (+/-0).
P1: N=1, mean=1 (+/-0).
P2: N=1, mean=1 (+/-0).
Game Durations: N=2, mean=14.5 (+/-2.93994).
P1: N=1, mean=13 (+/-0).
P2: N=1, mean=16 (+/-0).

Agent 2 (Example UCT)
Winning score (between 0 and 1) : N=2, mean=0 (+/-0).
P1: N=1, mean=0 (+/-0).
P2: N=1, mean=0 (+/-0).
Game Durations: N=2, mean=14.5 (+/-2.93994).
P1: N=1, mean=16 (+/-0).
P2: N=1, mean=13 (+/-0).
=====================================================
=====================================================
Completed 3 games.

Agent 1 (EntropySHUCTAnytime)
Winning score (between 0 and 1) : N=3, mean=1 (+/-0).
P1: N=2, mean=1 (+/-0).
P2: N=1, mean=1 (+/-0).
Game Durations: N=3, mean=12.666667 (+/-3.97399).
P1: N=2, mean=11 (+/-3.91992).
P2: N=1, mean=16 (+/-0).

Agent 2 (Example UCT)
Winning score (between 0 and 1) : N=3, mean=0 (+/-0).
P1: N=1, mean=0 (+/-0).
P2: N=2, mean=0 (+/-0).
Game Durations: N=3, mean=12.666667 (+/-3.97399).
P1: N=1, mean=16 (+/-0).
P2: N=2, mean=11 (+/-3.91992).
=====================================================
=====================================================
Completed 4 games.

Agent 1 (EntropySHUCTAnytime)
Winning score (between 0 and 1) : N=4, mean=1 (+/-0).
P1: N=2, mean=1 (+/-0).
P2: N=2, mean=1 (+/-0).
Game Durations: N=4, mean=13.5 (+/-3.250226).
P1: N=2, mean=11 (+/-3.91992).
P2: N=2, mean=16 (+/-0).

Agent 2 (Example UCT)
Winning score (between 0 and 1) : N=4, mean=0 (+/-0).
P1: N=2, mean=0 (+/-0).
P2: N=2, mean=0 (+/-0).
Game Durations: N=4, mean=13.5 (+/-3.250226).
P1: N=2, mean=16 (+/-0).
P2: N=2, mean=11 (+/-3.91992).
=====================================================
=====================================================
Completed 5 games.

Agent 1 (EntropySHUCTAnytime)
Winning score (between 0 and 1) : N=5, mean=1 (+/-0).
P1: N=3, mean=1 (+/-0).
P2: N=2, mean=1 (+/-0).
Game Durations: N=5, mean=13.4 (+/-2.525232).
P1: N=3, mean=11.666667 (+/-2.61328).
P2: N=2, mean=16 (+/-0).

Agent 2 (Example UCT)
Winning score (between 0 and 1) : N=5, mean=0 (+/-0).
P1: N=2, mean=0 (+/-0).
P2: N=3, mean=0 (+/-0).
Game Durations: N=5, mean=13.4 (+/-2.525232).
P1: N=2, mean=16 (+/-0).
P2: N=3, mean=11.666667 (+/-2.61328).
=====================================================
=====================================================
Completed 10 games.

Agent 1 (EntropySHUCTAnytime)
Winning score (between 0 and 1) : N=10, mean=0.9 (+/-0.195996).
P1: N=5, mean=0.8 (+/-0.391992).
P2: N=5, mean=1 (+/-0).
Game Durations: N=10, mean=15.4 (+/-3.811718).
P1: N=5, mean=14.8 (+/-7.651379).
P2: N=5, mean=16 (+/-2.479175).

Agent 2 (Example UCT)
Winning score (between 0 and 1) : N=10, mean=0.1 (+/-0.195996).
P1: N=5, mean=0 (+/-0).
P2: N=5, mean=0.2 (+/-0.391992).
Game Durations: N=10, mean=15.4 (+/-3.811718).
P1: N=5, mean=16 (+/-2.479175).
P2: N=5, mean=14.8 (+/-7.651379).
=====================================================
=====================================================
Completed 20 games.

Agent 1 (EntropySHUCTAnytime)
Winning score (between 0 and 1) : N=20, mean=0.85 (+/-0.160556).
P1: N=10, mean=0.8 (+/-0.261328).
P2: N=10, mean=0.9 (+/-0.195996).
Game Durations: N=20, mean=14.75 (+/-2.701151).
P1: N=10, mean=14.4 (+/-4.442576).
P2: N=10, mean=15.1 (+/-3.311372).

Agent 2 (Example UCT)
Winning score (between 0 and 1) : N=20, mean=0.15 (+/-0.160556).
P1: N=10, mean=0.1 (+/-0.195996).
P2: N=10, mean=0.2 (+/-0.261328).
Game Durations: N=20, mean=14.75 (+/-2.701151).
P1: N=10, mean=15.1 (+/-3.311372).
P2: N=10, mean=14.4 (+/-4.442576).
=====================================================
=====================================================
Completed 30 games.

Agent 1 (EntropySHUCTAnytime)
Winning score (between 0 and 1) : N=30, mean=0.9 (+/-0.109187).
P1: N=15, mean=0.866667 (+/-0.178065).
P2: N=15, mean=0.933333 (+/-0.130664).
Game Durations: N=30, mean=16.266667 (+/-3.056552).
P1: N=15, mean=16.6 (+/-4.868252).
P2: N=15, mean=15.933333 (+/-3.865724).

Agent 2 (Example UCT)
Winning score (between 0 and 1) : N=30, mean=0.1 (+/-0.109187).
P1: N=15, mean=0.066667 (+/-0.130664).
P2: N=15, mean=0.133333 (+/-0.178065).
Game Durations: N=30, mean=16.266667 (+/-3.056552).
P1: N=15, mean=15.933333 (+/-3.865724).
P2: N=15, mean=16.6 (+/-4.868252).
=====================================================
=====================================================
Completed 40 games.

Agent 1 (EntropySHUCTAnytime)
Winning score (between 0 and 1) : N=40, mean=0.875 (+/-0.103794).
P1: N=20, mean=0.85 (+/-0.160556).
P2: N=20, mean=0.9 (+/-0.134894).
Game Durations: N=40, mean=17.175 (+/-2.530188).
P1: N=20, mean=16.95 (+/-3.990146).
P2: N=20, mean=17.4 (+/-3.215517).

Agent 2 (Example UCT)
Winning score (between 0 and 1) : N=40, mean=0.125 (+/-0.103794).
P1: N=20, mean=0.1 (+/-0.134894).
P2: N=20, mean=0.15 (+/-0.160556).
Game Durations: N=40, mean=17.175 (+/-2.530188).
P1: N=20, mean=17.4 (+/-3.215517).
P2: N=20, mean=16.95 (+/-3.990146).
=====================================================
=====================================================
Completed 50 games.

Agent 1 (EntropySHUCTAnytime)
Winning score (between 0 and 1) : N=50, mean=0.88 (+/-0.090987).
P1: N=25, mean=0.88 (+/-0.130009).
P2: N=25, mean=0.88 (+/-0.130009).
Game Durations: N=50, mean=16.58 (+/-2.334615).
P1: N=25, mean=16.24 (+/-3.299648).
P2: N=25, mean=16.92 (+/-3.36619).

Agent 2 (Example UCT)
Winning score (between 0 and 1) : N=50, mean=0.12 (+/-0.090987).
P1: N=25, mean=0.12 (+/-0.130009).
P2: N=25, mean=0.12 (+/-0.130009).
Game Durations: N=50, mean=16.58 (+/-2.334615).
P1: N=25, mean=16.92 (+/-3.36619).
P2: N=25, mean=16.24 (+/-3.299648).
=====================================================
=====================================================
Completed 60 games.

Agent 1 (EntropySHUCTAnytime)
Winning score (between 0 and 1) : N=60, mean=0.9 (+/-0.07655).
P1: N=30, mean=0.9 (+/-0.109187).
P2: N=30, mean=0.9 (+/-0.109187).
Game Durations: N=60, mean=16.833333 (+/-2.172236).
P1: N=30, mean=15.9 (+/-2.8213).
P2: N=30, mean=17.766667 (+/-3.318033).

Agent 2 (Example UCT)
Winning score (between 0 and 1) : N=60, mean=0.1 (+/-0.07655).
P1: N=30, mean=0.1 (+/-0.109187).
P2: N=30, mean=0.1 (+/-0.109187).
Game Durations: N=60, mean=16.833333 (+/-2.172236).
P1: N=30, mean=17.766667 (+/-3.318033).
P2: N=30, mean=15.9 (+/-2.8213).
=====================================================
=====================================================
Completed 70 games.

Agent 1 (EntropySHUCTAnytime)
Winning score (between 0 and 1) : N=70, mean=0.9 (+/-0.070785).
P1: N=35, mean=0.914286 (+/-0.094097).
P2: N=35, mean=0.885714 (+/-0.106943).
Game Durations: N=70, mean=16.828571 (+/-2.106631).
P1: N=35, mean=15.885714 (+/-2.560865).
P2: N=35, mean=17.771429 (+/-3.354657).

Agent 2 (Example UCT)
Winning score (between 0 and 1) : N=70, mean=0.1 (+/-0.070785).
P1: N=35, mean=0.114286 (+/-0.106943).
P2: N=35, mean=0.085714 (+/-0.094097).
Game Durations: N=70, mean=16.828571 (+/-2.106631).
P1: N=35, mean=17.771429 (+/-3.354657).
P2: N=35, mean=15.885714 (+/-2.560865).
=====================================================
=====================================================
Completed 80 games.

Agent 1 (EntropySHUCTAnytime)
Winning score (between 0 and 1) : N=80, mean=0.8875 (+/-0.069678).
P1: N=40, mean=0.9 (+/-0.094153).
P2: N=40, mean=0.875 (+/-0.103794).
Game Durations: N=80, mean=16.4125 (+/-1.900026).
P1: N=40, mean=15.65 (+/-2.295094).
P2: N=40, mean=17.175 (+/-3.040318).

Agent 2 (Example UCT)
Winning score (between 0 and 1) : N=80, mean=0.1125 (+/-0.069678).
P1: N=40, mean=0.125 (+/-0.103794).
P2: N=40, mean=0.1 (+/-0.094153).
Game Durations: N=80, mean=16.4125 (+/-1.900026).
P1: N=40, mean=17.175 (+/-3.040318).
P2: N=40, mean=15.65 (+/-2.295094).
=====================================================
=====================================================
Completed 90 games.

Agent 1 (EntropySHUCTAnytime)
Winning score (between 0 and 1) : N=90, mean=0.888889 (+/-0.065291).
P1: N=45, mean=0.911111 (+/-0.084087).
P2: N=45, mean=0.866667 (+/-0.100442).
Game Durations: N=90, mean=16.544444 (+/-1.786686).
P1: N=45, mean=15.488889 (+/-2.151201).
P2: N=45, mean=17.6 (+/-2.84462).

Agent 2 (Example UCT)
Winning score (between 0 and 1) : N=90, mean=0.111111 (+/-0.065291).
P1: N=45, mean=0.133333 (+/-0.100442).
P2: N=45, mean=0.088889 (+/-0.084087).
Game Durations: N=90, mean=16.544444 (+/-1.786686).
P1: N=45, mean=17.6 (+/-2.84462).
P2: N=45, mean=15.488889 (+/-2.151201).
=====================================================
=====================================================
Completed 100 games.

Agent 1 (EntropySHUCTAnytime)
Winning score (between 0 and 1) : N=100, mean=0.89 (+/-0.061634).
P1: N=50, mean=0.92 (+/-0.075961).
P2: N=50, mean=0.86 (+/-0.097154).
Game Durations: N=100, mean=16.21 (+/-1.655667).
P1: N=50, mean=15.08 (+/-2.028241).
P2: N=50, mean=17.34 (+/-2.600549).

Agent 2 (Example UCT)
Winning score (between 0 and 1) : N=100, mean=0.11 (+/-0.061634).
P1: N=50, mean=0.14 (+/-0.097154).
P2: N=50, mean=0.08 (+/-0.075961).
Game Durations: N=100, mean=16.21 (+/-1.655667).
P1: N=50, mean=17.34 (+/-2.600549).
P2: N=50, mean=15.08 (+/-2.028241).
=====================================================
