Warming up...
Finished warming up!
=====================================================
Completed 1 games.

Agent 1 (EntropySHUCTAnytime)
Winning score (between 0 and 1) : N=1, mean=0 (+/-0).
P1: N=0, mean=0 (+/-0).
P2: N=1, mean=0 (+/-0).
Game Durations: N=1, mean=47 (+/-0).
P1: N=0, mean=0 (+/-0).
P2: N=1, mean=47 (+/-0).

Agent 2 (Example UCT)
Winning score (between 0 and 1) : N=1, mean=1 (+/-0).
P1: N=1, mean=1 (+/-0).
P2: N=0, mean=0 (+/-0).
Game Durations: N=1, mean=47 (+/-0).
P1: N=1, mean=47 (+/-0).
P2: N=0, mean=0 (+/-0).
=====================================================
=====================================================
Completed 2 games.

Agent 1 (EntropySHUCTAnytime)
Winning score (between 0 and 1) : N=2, mean=0 (+/-0).
P1: N=1, mean=0 (+/-0).
P2: N=1, mean=0 (+/-0).
Game Durations: N=2, mean=37.5 (+/-18.61962).
P1: N=1, mean=28 (+/-0).
P2: N=1, mean=47 (+/-0).

Agent 2 (Example UCT)
Winning score (between 0 and 1) : N=2, mean=1 (+/-0).
P1: N=1, mean=1 (+/-0).
P2: N=1, mean=1 (+/-0).
Game Durations: N=2, mean=37.5 (+/-18.61962).
P1: N=1, mean=47 (+/-0).
P2: N=1, mean=28 (+/-0).
=====================================================
=====================================================
Completed 3 games.

Agent 1 (EntropySHUCTAnytime)
Winning score (between 0 and 1) : N=3, mean=0 (+/-0).
P1: N=1, mean=0 (+/-0).
P2: N=2, mean=0 (+/-0).
Game Durations: N=3, mean=31.333333 (+/-16.175443).
P1: N=1, mean=28 (+/-0).
P2: N=2, mean=33 (+/-27.43944).

Agent 2 (Example UCT)
Winning score (between 0 and 1) : N=3, mean=1 (+/-0).
P1: N=2, mean=1 (+/-0).
P2: N=1, mean=1 (+/-0).
Game Durations: N=3, mean=31.333333 (+/-16.175443).
P1: N=2, mean=33 (+/-27.43944).
P2: N=1, mean=28 (+/-0).
=====================================================
=====================================================
Completed 4 games.

Agent 1 (EntropySHUCTAnytime)
Winning score (between 0 and 1) : N=4, mean=0 (+/-0).
P1: N=2, mean=0 (+/-0).
P2: N=2, mean=0 (+/-0).
Game Durations: N=4, mean=29 (+/-12.318158).
P1: N=2, mean=25 (+/-5.87988).
P2: N=2, mean=33 (+/-27.43944).

Agent 2 (Example UCT)
Winning score (between 0 and 1) : N=4, mean=1 (+/-0).
P1: N=2, mean=1 (+/-0).
P2: N=2, mean=1 (+/-0).
Game Durations: N=4, mean=29 (+/-12.318158).
P1: N=2, mean=33 (+/-27.43944).
P2: N=2, mean=25 (+/-5.87988).
=====================================================
=====================================================
Completed 5 games.

Agent 1 (EntropySHUCTAnytime)
Winning score (between 0 and 1) : N=5, mean=0.2 (+/-0.391992).
P1: N=2, mean=0 (+/-0).
P2: N=3, mean=0.333333 (+/-0.65332).
Game Durations: N=5, mean=28 (+/-9.740824).
P1: N=2, mean=25 (+/-5.87988).
P2: N=3, mean=30 (+/-16.898144).

Agent 2 (Example UCT)
Winning score (between 0 and 1) : N=5, mean=0.8 (+/-0.391992).
P1: N=3, mean=0.666667 (+/-0.65332).
P2: N=2, mean=1 (+/-0).
Game Durations: N=5, mean=28 (+/-9.740824).
P1: N=3, mean=30 (+/-16.898144).
P2: N=2, mean=25 (+/-5.87988).
=====================================================
=====================================================
Completed 10 games.

Agent 1 (EntropySHUCTAnytime)
Winning score (between 0 and 1) : N=10, mean=0.3 (+/-0.299389).
P1: N=5, mean=0.2 (+/-0.391992).
P2: N=5, mean=0.4 (+/-0.48009).
Game Durations: N=10, mean=34 (+/-10.44495).
P1: N=5, mean=29.6 (+/-15.551761).
P2: N=5, mean=38.4 (+/-14.55658).

Agent 2 (Example UCT)
Winning score (between 0 and 1) : N=10, mean=0.7 (+/-0.299389).
P1: N=5, mean=0.6 (+/-0.48009).
P2: N=5, mean=0.8 (+/-0.391992).
Game Durations: N=10, mean=34 (+/-10.44495).
P1: N=5, mean=38.4 (+/-14.55658).
P2: N=5, mean=29.6 (+/-15.551761).
=====================================================
=====================================================
Completed 20 games.

Agent 1 (EntropySHUCTAnytime)
Winning score (between 0 and 1) : N=20, mean=0.4 (+/-0.22028).
P1: N=10, mean=0.6 (+/-0.32006).
P2: N=10, mean=0.2 (+/-0.261328).
Game Durations: N=20, mean=29.4 (+/-6.104923).
P1: N=10, mean=27.9 (+/-7.655004).
P2: N=10, mean=30.9 (+/-9.840873).

Agent 2 (Example UCT)
Winning score (between 0 and 1) : N=20, mean=0.6 (+/-0.22028).
P1: N=10, mean=0.8 (+/-0.261328).
P2: N=10, mean=0.4 (+/-0.32006).
Game Durations: N=20, mean=29.4 (+/-6.104923).
P1: N=10, mean=30.9 (+/-9.840873).
P2: N=10, mean=27.9 (+/-7.655004).
=====================================================
=====================================================
Completed 30 games.

Agent 1 (EntropySHUCTAnytime)
Winning score (between 0 and 1) : N=30, mean=0.466667 (+/-0.181573).
P1: N=15, mean=0.6 (+/-0.256619).
P2: N=15, mean=0.333333 (+/-0.246932).
Game Durations: N=30, mean=29.7 (+/-4.47152).
P1: N=15, mean=29.066667 (+/-5.986147).
P2: N=15, mean=30.333333 (+/-6.839608).

Agent 2 (Example UCT)
Winning score (between 0 and 1) : N=30, mean=0.533333 (+/-0.181573).
P1: N=15, mean=0.666667 (+/-0.246932).
P2: N=15, mean=0.4 (+/-0.256619).
Game Durations: N=30, mean=29.7 (+/-4.47152).
P1: N=15, mean=30.333333 (+/-6.839608).
P2: N=15, mean=29.066667 (+/-5.986147).
=====================================================
=====================================================
Completed 40 games.

Agent 1 (EntropySHUCTAnytime)
Winning score (between 0 and 1) : N=40, mean=0.475 (+/-0.156726).
P1: N=20, mean=0.55 (+/-0.223696).
P2: N=20, mean=0.4 (+/-0.22028).
Game Durations: N=40, mean=29.325 (+/-3.676399).
P1: N=20, mean=28.6 (+/-4.697452).
P2: N=20, mean=30.05 (+/-5.762617).

Agent 2 (Example UCT)
Winning score (between 0 and 1) : N=40, mean=0.525 (+/-0.156726).
P1: N=20, mean=0.6 (+/-0.22028).
P2: N=20, mean=0.45 (+/-0.223696).
Game Durations: N=40, mean=29.325 (+/-3.676399).
P1: N=20, mean=30.05 (+/-5.762617).
P2: N=20, mean=28.6 (+/-4.697452).
=====================================================
=====================================================
Completed 50 games.

Agent 1 (EntropySHUCTAnytime)
Winning score (between 0 and 1) : N=50, mean=0.48 (+/-0.139885).
P1: N=25, mean=0.52 (+/-0.199877).
P2: N=25, mean=0.44 (+/-0.198592).
Game Durations: N=50, mean=28.7 (+/-3.087183).
P1: N=25, mean=27.28 (+/-3.896198).
P2: N=25, mean=30.12 (+/-4.805327).

Agent 2 (Example UCT)
Winning score (between 0 and 1) : N=50, mean=0.52 (+/-0.139885).
P1: N=25, mean=0.56 (+/-0.198592).
P2: N=25, mean=0.48 (+/-0.199877).
Game Durations: N=50, mean=28.7 (+/-3.087183).
P1: N=25, mean=30.12 (+/-4.805327).
P2: N=25, mean=27.28 (+/-3.896198).
=====================================================
=====================================================
Completed 60 games.

Agent 1 (EntropySHUCTAnytime)
Winning score (between 0 and 1) : N=60, mean=0.466667 (+/-0.127299).
P1: N=30, mean=0.466667 (+/-0.181573).
P2: N=30, mean=0.466667 (+/-0.181573).
Game Durations: N=60, mean=30.25 (+/-2.921473).
P1: N=30, mean=29.7 (+/-3.836983).
P2: N=30, mean=30.8 (+/-4.463861).

Agent 2 (Example UCT)
Winning score (between 0 and 1) : N=60, mean=0.533333 (+/-0.127299).
P1: N=30, mean=0.533333 (+/-0.181573).
P2: N=30, mean=0.533333 (+/-0.181573).
Game Durations: N=60, mean=30.25 (+/-2.921473).
P1: N=30, mean=30.8 (+/-4.463861).
P2: N=30, mean=29.7 (+/-3.836983).
=====================================================
=====================================================
Completed 70 games.

Agent 1 (EntropySHUCTAnytime)
Winning score (between 0 and 1) : N=70, mean=0.492857 (+/-0.117118).
P1: N=35, mean=0.471429 (+/-0.165368).
P2: N=35, mean=0.514286 (+/-0.167997).
Game Durations: N=70, mean=29.9 (+/-2.791288).
P1: N=35, mean=30.228571 (+/-3.901004).
P2: N=35, mean=29.571429 (+/-4.047375).

Agent 2 (Example UCT)
Winning score (between 0 and 1) : N=70, mean=0.507143 (+/-0.117118).
P1: N=35, mean=0.485714 (+/-0.167997).
P2: N=35, mean=0.528571 (+/-0.165368).
Game Durations: N=70, mean=29.9 (+/-2.791288).
P1: N=35, mean=29.571429 (+/-4.047375).
P2: N=35, mean=30.228571 (+/-3.901004).
=====================================================
=====================================================
Completed 80 games.

Agent 1 (EntropySHUCTAnytime)
Winning score (between 0 and 1) : N=80, mean=0.49375 (+/-0.109556).
P1: N=40, mean=0.4875 (+/-0.154899).
P2: N=40, mean=0.5 (+/-0.156922).
Game Durations: N=80, mean=29.6375 (+/-2.490487).
P1: N=40, mean=29.925 (+/-3.485929).
P2: N=40, mean=29.35 (+/-3.600027).

Agent 2 (Example UCT)
Winning score (between 0 and 1) : N=80, mean=0.50625 (+/-0.109556).
P1: N=40, mean=0.5 (+/-0.156922).
P2: N=40, mean=0.5125 (+/-0.154899).
Game Durations: N=80, mean=29.6375 (+/-2.490487).
P1: N=40, mean=29.35 (+/-3.600027).
P2: N=40, mean=29.925 (+/-3.485929).
=====================================================
=====================================================
Completed 90 games.

Agent 1 (EntropySHUCTAnytime)
Winning score (between 0 and 1) : N=90, mean=0.488889 (+/-0.102691).
P1: N=45, mean=0.522222 (+/-0.145939).
P2: N=45, mean=0.455556 (+/-0.145495).
Game Durations: N=90, mean=30.022222 (+/-2.450374).
P1: N=45, mean=30.466667 (+/-3.364093).
P2: N=45, mean=29.577778 (+/-3.597032).

Agent 2 (Example UCT)
Winning score (between 0 and 1) : N=90, mean=0.511111 (+/-0.102691).
P1: N=45, mean=0.544444 (+/-0.145495).
P2: N=45, mean=0.477778 (+/-0.145939).
Game Durations: N=90, mean=30.022222 (+/-2.450374).
P1: N=45, mean=29.577778 (+/-3.597032).
P2: N=45, mean=30.466667 (+/-3.364093).
=====================================================
=====================================================
Completed 100 games.

Agent 1 (EntropySHUCTAnytime)
Winning score (between 0 and 1) : N=100, mean=0.48 (+/-0.097422).
P1: N=50, mean=0.53 (+/-0.138335).
P2: N=50, mean=0.43 (+/-0.137197).
Game Durations: N=100, mean=30.29 (+/-2.278085).
P1: N=50, mean=30.32 (+/-3.134156).
P2: N=50, mean=30.26 (+/-3.338777).

Agent 2 (Example UCT)
Winning score (between 0 and 1) : N=100, mean=0.52 (+/-0.097422).
P1: N=50, mean=0.57 (+/-0.137197).
P2: N=50, mean=0.47 (+/-0.138335).
Game Durations: N=100, mean=30.29 (+/-2.278085).
P1: N=50, mean=30.26 (+/-3.338777).
P2: N=50, mean=30.32 (+/-3.134156).
=====================================================
