Warming up...
Finished warming up!
=====================================================
Completed 1 games.

Agent 1 (EntropySHUCTAnytime)
Winning score (between 0 and 1) : N=1, mean=0 (+/-0).
P1: N=1, mean=0 (+/-0).
P2: N=0, mean=0 (+/-0).
Game Durations: N=1, mean=26 (+/-0).
P1: N=1, mean=26 (+/-0).
P2: N=0, mean=0 (+/-0).

Agent 2 (Example UCT)
Winning score (between 0 and 1) : N=1, mean=1 (+/-0).
P1: N=0, mean=0 (+/-0).
P2: N=1, mean=1 (+/-0).
Game Durations: N=1, mean=26 (+/-0).
P1: N=0, mean=0 (+/-0).
P2: N=1, mean=26 (+/-0).
=====================================================
=====================================================
Completed 2 games.

Agent 1 (EntropySHUCTAnytime)
Winning score (between 0 and 1) : N=2, mean=0 (+/-0).
P1: N=1, mean=0 (+/-0).
P2: N=1, mean=0 (+/-0).
Game Durations: N=2, mean=34.5 (+/-16.65966).
P1: N=1, mean=26 (+/-0).
P2: N=1, mean=43 (+/-0).

Agent 2 (Example UCT)
Winning score (between 0 and 1) : N=2, mean=1 (+/-0).
P1: N=1, mean=1 (+/-0).
P2: N=1, mean=1 (+/-0).
Game Durations: N=2, mean=34.5 (+/-16.65966).
P1: N=1, mean=43 (+/-0).
P2: N=1, mean=26 (+/-0).
=====================================================
=====================================================
Completed 3 games.

Agent 1 (EntropySHUCTAnytime)
Winning score (between 0 and 1) : N=3, mean=0 (+/-0).
P1: N=2, mean=0 (+/-0).
P2: N=1, mean=0 (+/-0).
Game Durations: N=3, mean=39.666667 (+/-13.966386).
P1: N=2, mean=38 (+/-23.51952).
P2: N=1, mean=43 (+/-0).

Agent 2 (Example UCT)
Winning score (between 0 and 1) : N=3, mean=1 (+/-0).
P1: N=1, mean=1 (+/-0).
P2: N=2, mean=1 (+/-0).
Game Durations: N=3, mean=39.666667 (+/-13.966386).
P1: N=1, mean=43 (+/-0).
P2: N=2, mean=38 (+/-23.51952).
=====================================================
=====================================================
Completed 4 games.

Agent 1 (EntropySHUCTAnytime)
Winning score (between 0 and 1) : N=4, mean=0.25 (+/-0.48999).
P1: N=2, mean=0 (+/-0).
P2: N=2, mean=0.5 (+/-0.97998).
Game Durations: N=4, mean=45 (+/-14.380462).
P1: N=2, mean=38 (+/-23.51952).
P2: N=2, mean=52 (+/-17.63964).

Agent 2 (Example UCT)
Winning score (between 0 and 1) : N=4, mean=0.75 (+/-0.48999).
P1: N=2, mean=0.5 (+/-0.97998).
P2: N=2, mean=1 (+/-0).
Game Durations: N=4, mean=45 (+/-14.380462).
P1: N=2, mean=52 (+/-17.63964).
P2: N=2, mean=38 (+/-23.51952).
=====================================================
=====================================================
Completed 5 games.

Agent 1 (EntropySHUCTAnytime)
Winning score (between 0 and 1) : N=5, mean=0.4 (+/-0.48009).
P1: N=3, mean=0.333333 (+/-0.65332).
P2: N=2, mean=0.5 (+/-0.97998).
Game Durations: N=5, mean=41.8 (+/-12.783387).
P1: N=3, mean=35 (+/-14.797373).
P2: N=2, mean=52 (+/-17.63964).

Agent 2 (Example UCT)
Winning score (between 0 and 1) : N=5, mean=0.6 (+/-0.48009).
P1: N=2, mean=0.5 (+/-0.97998).
P2: N=3, mean=0.666667 (+/-0.65332).
Game Durations: N=5, mean=41.8 (+/-12.783387).
P1: N=2, mean=52 (+/-17.63964).
P2: N=3, mean=35 (+/-14.797373).
=====================================================
=====================================================
Completed 10 games.

Agent 1 (EntropySHUCTAnytime)
Winning score (between 0 and 1) : N=10, mean=0.3 (+/-0.299389).
P1: N=5, mean=0.2 (+/-0.391992).
P2: N=5, mean=0.4 (+/-0.48009).
Game Durations: N=10, mean=35.1 (+/-9.884151).
P1: N=5, mean=31.4 (+/-10.437592).
P2: N=5, mean=38.8 (+/-17.446947).

Agent 2 (Example UCT)
Winning score (between 0 and 1) : N=10, mean=0.7 (+/-0.299389).
P1: N=5, mean=0.6 (+/-0.48009).
P2: N=5, mean=0.8 (+/-0.391992).
Game Durations: N=10, mean=35.1 (+/-9.884151).
P1: N=5, mean=38.8 (+/-17.446947).
P2: N=5, mean=31.4 (+/-10.437592).
=====================================================
=====================================================
Completed 20 games.

Agent 1 (EntropySHUCTAnytime)
Winning score (between 0 and 1) : N=20, mean=0.35 (+/-0.214467).
P1: N=10, mean=0.4 (+/-0.32006).
P2: N=10, mean=0.3 (+/-0.299389).
Game Durations: N=20, mean=30.4 (+/-5.935323).
P1: N=10, mean=28 (+/-7.227975).
P2: N=10, mean=32.8 (+/-9.569744).

Agent 2 (Example UCT)
Winning score (between 0 and 1) : N=20, mean=0.65 (+/-0.214467).
P1: N=10, mean=0.7 (+/-0.299389).
P2: N=10, mean=0.6 (+/-0.32006).
Game Durations: N=20, mean=30.4 (+/-5.935323).
P1: N=10, mean=32.8 (+/-9.569744).
P2: N=10, mean=28 (+/-7.227975).
=====================================================
=====================================================
Completed 30 games.

Agent 1 (EntropySHUCTAnytime)
Winning score (between 0 and 1) : N=30, mean=0.4 (+/-0.178301).
P1: N=15, mean=0.4 (+/-0.256619).
P2: N=15, mean=0.4 (+/-0.256619).
Game Durations: N=30, mean=32.233333 (+/-4.520168).
P1: N=15, mean=30.133333 (+/-5.324343).
P2: N=15, mean=34.333333 (+/-7.340147).

Agent 2 (Example UCT)
Winning score (between 0 and 1) : N=30, mean=0.6 (+/-0.178301).
P1: N=15, mean=0.6 (+/-0.256619).
P2: N=15, mean=0.6 (+/-0.256619).
Game Durations: N=30, mean=32.233333 (+/-4.520168).
P1: N=15, mean=34.333333 (+/-7.340147).
P2: N=15, mean=30.133333 (+/-5.324343).
=====================================================
=====================================================
Completed 40 games.

Agent 1 (EntropySHUCTAnytime)
Winning score (between 0 and 1) : N=40, mean=0.375 (+/-0.151939).
P1: N=20, mean=0.35 (+/-0.214467).
P2: N=20, mean=0.4 (+/-0.22028).
Game Durations: N=40, mean=31.625 (+/-3.707945).
P1: N=20, mean=29.25 (+/-4.558695).
P2: N=20, mean=34 (+/-5.777553).

Agent 2 (Example UCT)
Winning score (between 0 and 1) : N=40, mean=0.625 (+/-0.151939).
P1: N=20, mean=0.6 (+/-0.22028).
P2: N=20, mean=0.65 (+/-0.214467).
Game Durations: N=40, mean=31.625 (+/-3.707945).
P1: N=20, mean=34 (+/-5.777553).
P2: N=20, mean=29.25 (+/-4.558695).
=====================================================
=====================================================
Completed 50 games.

Agent 1 (EntropySHUCTAnytime)
Winning score (between 0 and 1) : N=50, mean=0.36 (+/-0.134397).
P1: N=25, mean=0.36 (+/-0.192036).
P2: N=25, mean=0.36 (+/-0.192036).
Game Durations: N=50, mean=31.04 (+/-3.254184).
P1: N=25, mean=28.36 (+/-3.828834).
P2: N=25, mean=33.72 (+/-5.12661).

Agent 2 (Example UCT)
Winning score (between 0 and 1) : N=50, mean=0.64 (+/-0.134397).
P1: N=25, mean=0.64 (+/-0.192036).
P2: N=25, mean=0.64 (+/-0.192036).
Game Durations: N=50, mean=31.04 (+/-3.254184).
P1: N=25, mean=33.72 (+/-5.12661).
P2: N=25, mean=28.36 (+/-3.828834).
=====================================================
=====================================================
Completed 60 games.

Agent 1 (EntropySHUCTAnytime)
Winning score (between 0 and 1) : N=60, mean=0.45 (+/-0.126943).
P1: N=30, mean=0.433333 (+/-0.180353).
P2: N=30, mean=0.466667 (+/-0.181573).
Game Durations: N=60, mean=31.2 (+/-2.881144).
P1: N=30, mean=29.566667 (+/-3.424127).
P2: N=30, mean=32.833333 (+/-4.620068).

Agent 2 (Example UCT)
Winning score (between 0 and 1) : N=60, mean=0.55 (+/-0.126943).
P1: N=30, mean=0.533333 (+/-0.181573).
P2: N=30, mean=0.566667 (+/-0.180353).
Game Durations: N=60, mean=31.2 (+/-2.881144).
P1: N=30, mean=32.833333 (+/-4.620068).
P2: N=30, mean=29.566667 (+/-3.424127).
=====================================================
=====================================================
Completed 70 games.

Agent 1 (EntropySHUCTAnytime)
Winning score (between 0 and 1) : N=70, mean=0.442857 (+/-0.117203).
P1: N=35, mean=0.428571 (+/-0.166341).
P2: N=35, mean=0.457143 (+/-0.167447).
Game Durations: N=70, mean=31.914286 (+/-2.704338).
P1: N=35, mean=30.257143 (+/-3.200275).
P2: N=35, mean=33.571429 (+/-4.338397).

Agent 2 (Example UCT)
Winning score (between 0 and 1) : N=70, mean=0.557143 (+/-0.117203).
P1: N=35, mean=0.542857 (+/-0.167447).
P2: N=35, mean=0.571429 (+/-0.166341).
Game Durations: N=70, mean=31.914286 (+/-2.704338).
P1: N=35, mean=33.571429 (+/-4.338397).
P2: N=35, mean=30.257143 (+/-3.200275).
=====================================================
=====================================================
Completed 80 games.

Agent 1 (EntropySHUCTAnytime)
Winning score (between 0 and 1) : N=80, mean=0.475 (+/-0.110118).
P1: N=40, mean=0.475 (+/-0.156726).
P2: N=40, mean=0.475 (+/-0.156726).
Game Durations: N=80, mean=32.25 (+/-2.695875).
P1: N=40, mean=29.675 (+/-3.069738).
P2: N=40, mean=34.825 (+/-4.325988).

Agent 2 (Example UCT)
Winning score (between 0 and 1) : N=80, mean=0.525 (+/-0.110118).
P1: N=40, mean=0.525 (+/-0.156726).
P2: N=40, mean=0.525 (+/-0.156726).
Game Durations: N=80, mean=32.25 (+/-2.695875).
P1: N=40, mean=34.825 (+/-4.325988).
P2: N=40, mean=29.675 (+/-3.069738).
=====================================================
=====================================================
Completed 90 games.

Agent 1 (EntropySHUCTAnytime)
Winning score (between 0 and 1) : N=90, mean=0.422222 (+/-0.102613).
P1: N=45, mean=0.422222 (+/-0.145939).
P2: N=45, mean=0.422222 (+/-0.145939).
Game Durations: N=90, mean=31.933333 (+/-2.523807).
P1: N=45, mean=29.4 (+/-2.797858).
P2: N=45, mean=34.466667 (+/-4.101136).

Agent 2 (Example UCT)
Winning score (between 0 and 1) : N=90, mean=0.577778 (+/-0.102613).
P1: N=45, mean=0.577778 (+/-0.145939).
P2: N=45, mean=0.577778 (+/-0.145939).
Game Durations: N=90, mean=31.933333 (+/-2.523807).
P1: N=45, mean=34.466667 (+/-4.101136).
P2: N=45, mean=29.4 (+/-2.797858).
=====================================================
=====================================================
Completed 100 games.

Agent 1 (EntropySHUCTAnytime)
Winning score (between 0 and 1) : N=100, mean=0.43 (+/-0.097522).
P1: N=50, mean=0.44 (+/-0.138986).
P2: N=50, mean=0.42 (+/-0.138194).
Game Durations: N=100, mean=31.76 (+/-2.345198).
P1: N=50, mean=29.32 (+/-2.674753).
P2: N=50, mean=34.2 (+/-3.759855).

Agent 2 (Example UCT)
Winning score (between 0 and 1) : N=100, mean=0.57 (+/-0.097522).
P1: N=50, mean=0.58 (+/-0.138194).
P2: N=50, mean=0.56 (+/-0.138986).
Game Durations: N=100, mean=31.76 (+/-2.345198).
P1: N=50, mean=34.2 (+/-3.759855).
P2: N=50, mean=29.32 (+/-2.674753).
=====================================================
