Warming up...
Finished warming up!
=====================================================
Completed 1 games.

Agent 1 (EntropySHUCTAnytime)
Winning score (between 0 and 1) : N=1, mean=1 (+/-0).
P1: N=1, mean=1 (+/-0).
P2: N=0, mean=0 (+/-0).
Game Durations: N=1, mean=7 (+/-0).
P1: N=1, mean=7 (+/-0).
P2: N=0, mean=0 (+/-0).

Agent 2 (Example UCT)
Winning score (between 0 and 1) : N=1, mean=0 (+/-0).
P1: N=0, mean=0 (+/-0).
P2: N=1, mean=0 (+/-0).
Game Durations: N=1, mean=7 (+/-0).
P1: N=0, mean=0 (+/-0).
P2: N=1, mean=7 (+/-0).
=====================================================
=====================================================
Completed 2 games.

Agent 1 (EntropySHUCTAnytime)
Winning score (between 0 and 1) : N=2, mean=1 (+/-0).
P1: N=1, mean=1 (+/-0).
P2: N=1, mean=1 (+/-0).
Game Durations: N=2, mean=7.5 (+/-0.97998).
P1: N=1, mean=7 (+/-0).
P2: N=1, mean=8 (+/-0).

Agent 2 (Example UCT)
Winning score (between 0 and 1) : N=2, mean=0 (+/-0).
P1: N=1, mean=0 (+/-0).
P2: N=1, mean=0 (+/-0).
Game Durations: N=2, mean=7.5 (+/-0.97998).
P1: N=1, mean=8 (+/-0).
P2: N=1, mean=7 (+/-0).
=====================================================
=====================================================
Completed 3 games.

Agent 1 (EntropySHUCTAnytime)
Winning score (between 0 and 1) : N=3, mean=1 (+/-0).
P1: N=2, mean=1 (+/-0).
P2: N=1, mean=1 (+/-0).
Game Durations: N=3, mean=12 (+/-8.837949).
P1: N=2, mean=14 (+/-13.71972).
P2: N=1, mean=8 (+/-0).

Agent 2 (Example UCT)
Winning score (between 0 and 1) : N=3, mean=0 (+/-0).
P1: N=1, mean=0 (+/-0).
P2: N=2, mean=0 (+/-0).
Game Durations: N=3, mean=12 (+/-8.837949).
P1: N=1, mean=8 (+/-0).
P2: N=2, mean=14 (+/-13.71972).
=====================================================
=====================================================
Completed 4 games.

Agent 1 (EntropySHUCTAnytime)
Winning score (between 0 and 1) : N=4, mean=1 (+/-0).
P1: N=2, mean=1 (+/-0).
P2: N=2, mean=1 (+/-0).
Game Durations: N=4, mean=12 (+/-6.249374).
P1: N=2, mean=14 (+/-13.71972).
P2: N=2, mean=10 (+/-3.91992).

Agent 2 (Example UCT)
Winning score (between 0 and 1) : N=4, mean=0 (+/-0).
P1: N=2, mean=0 (+/-0).
P2: N=2, mean=0 (+/-0).
Game Durations: N=4, mean=12 (+/-6.249374).
P1: N=2, mean=10 (+/-3.91992).
P2: N=2, mean=14 (+/-13.71972).
=====================================================
=====================================================
Completed 5 games.

Agent 1 (EntropySHUCTAnytime)
Winning score (between 0 and 1) : N=5, mean=1 (+/-0).
P1: N=3, mean=1 (+/-0).
P2: N=2, mean=1 (+/-0).
Game Durations: N=5, mean=11.4 (+/-4.981538).
P1: N=3, mean=12.333333 (+/-8.568211).
P2: N=2, mean=10 (+/-3.91992).

Agent 2 (Example UCT)
Winning score (between 0 and 1) : N=5, mean=0 (+/-0).
P1: N=2, mean=0 (+/-0).
P2: N=3, mean=0 (+/-0).
Game Durations: N=5, mean=11.4 (+/-4.981538).
P1: N=2, mean=10 (+/-3.91992).
P2: N=3, mean=12.333333 (+/-8.568211).
=====================================================
=====================================================
Completed 10 games.

Agent 1 (EntropySHUCTAnytime)
Winning score (between 0 and 1) : N=10, mean=1 (+/-0).
P1: N=5, mean=1 (+/-0).
P2: N=5, mean=1 (+/-0).
Game Durations: N=10, mean=14.1 (+/-3.723924).
P1: N=5, mean=15.8 (+/-6.393196).
P2: N=5, mean=12.4 (+/-3.99755).

Agent 2 (Example UCT)
Winning score (between 0 and 1) : N=10, mean=0 (+/-0).
P1: N=5, mean=0 (+/-0).
P2: N=5, mean=0 (+/-0).
Game Durations: N=10, mean=14.1 (+/-3.723924).
P1: N=5, mean=12.4 (+/-3.99755).
P2: N=5, mean=15.8 (+/-6.393196).
=====================================================
=====================================================
Completed 20 games.

Agent 1 (EntropySHUCTAnytime)
Winning score (between 0 and 1) : N=20, mean=1 (+/-0).
P1: N=10, mean=1 (+/-0).
P2: N=10, mean=1 (+/-0).
Game Durations: N=20, mean=14.5 (+/-2.943377).
P1: N=10, mean=16.4 (+/-4.528219).
P2: N=10, mean=12.6 (+/-3.604527).

Agent 2 (Example UCT)
Winning score (between 0 and 1) : N=20, mean=0 (+/-0).
P1: N=10, mean=0 (+/-0).
P2: N=10, mean=0 (+/-0).
Game Durations: N=20, mean=14.5 (+/-2.943377).
P1: N=10, mean=12.6 (+/-3.604527).
P2: N=10, mean=16.4 (+/-4.528219).
=====================================================
=====================================================
Completed 30 games.

Agent 1 (EntropySHUCTAnytime)
Winning score (between 0 and 1) : N=30, mean=0.966667 (+/-0.065332).
P1: N=15, mean=0.933333 (+/-0.130664).
P2: N=15, mean=1 (+/-0).
Game Durations: N=30, mean=14.6 (+/-2.195026).
P1: N=15, mean=16 (+/-3.490396).
P2: N=15, mean=13.2 (+/-2.5889).

Agent 2 (Example UCT)
Winning score (between 0 and 1) : N=30, mean=0.033333 (+/-0.065332).
P1: N=15, mean=0 (+/-0).
P2: N=15, mean=0.066667 (+/-0.130664).
Game Durations: N=30, mean=14.6 (+/-2.195026).
P1: N=15, mean=13.2 (+/-2.5889).
P2: N=15, mean=16 (+/-3.490396).
=====================================================
=====================================================
Completed 40 games.

Agent 1 (EntropySHUCTAnytime)
Winning score (between 0 and 1) : N=40, mean=0.925 (+/-0.082664).
P1: N=20, mean=0.9 (+/-0.134894).
P2: N=20, mean=0.95 (+/-0.097998).
Game Durations: N=40, mean=15.025 (+/-2.526877).
P1: N=20, mean=16.6 (+/-4.499603).
P2: N=20, mean=13.45 (+/-2.227789).

Agent 2 (Example UCT)
Winning score (between 0 and 1) : N=40, mean=0.075 (+/-0.082664).
P1: N=20, mean=0.05 (+/-0.097998).
P2: N=20, mean=0.1 (+/-0.134894).
Game Durations: N=40, mean=15.025 (+/-2.526877).
P1: N=20, mean=13.45 (+/-2.227789).
P2: N=20, mean=16.6 (+/-4.499603).
=====================================================
=====================================================
Completed 50 games.

Agent 1 (EntropySHUCTAnytime)
Winning score (between 0 and 1) : N=50, mean=0.9 (+/-0.083998).
P1: N=25, mean=0.92 (+/-0.108538).
P2: N=25, mean=0.88 (+/-0.130009).
Game Durations: N=50, mean=15.48 (+/-2.59187).
P1: N=25, mean=15.16 (+/-3.78477).
P2: N=25, mean=15.8 (+/-3.615759).

Agent 2 (Example UCT)
Winning score (between 0 and 1) : N=50, mean=0.1 (+/-0.083998).
P1: N=25, mean=0.12 (+/-0.130009).
P2: N=25, mean=0.08 (+/-0.108538).
Game Durations: N=50, mean=15.48 (+/-2.59187).
P1: N=25, mean=15.8 (+/-3.615759).
P2: N=25, mean=15.16 (+/-3.78477).
=====================================================
=====================================================
Completed 60 games.

Agent 1 (EntropySHUCTAnytime)
Winning score (between 0 and 1) : N=60, mean=0.883333 (+/-0.081914).
P1: N=30, mean=0.933333 (+/-0.090786).
P2: N=30, mean=0.833333 (+/-0.135638).
Game Durations: N=60, mean=15.25 (+/-2.331016).
P1: N=30, mean=14.533333 (+/-3.214001).
P2: N=30, mean=15.966667 (+/-3.412243).

Agent 2 (Example UCT)
Winning score (between 0 and 1) : N=60, mean=0.116667 (+/-0.081914).
P1: N=30, mean=0.166667 (+/-0.135638).
P2: N=30, mean=0.066667 (+/-0.090786).
Game Durations: N=60, mean=15.25 (+/-2.331016).
P1: N=30, mean=15.966667 (+/-3.412243).
P2: N=30, mean=14.533333 (+/-3.214001).
=====================================================
=====================================================
Completed 70 games.

Agent 1 (EntropySHUCTAnytime)
Winning score (between 0 and 1) : N=70, mean=0.871429 (+/-0.078979).
P1: N=35, mean=0.914286 (+/-0.094097).
P2: N=35, mean=0.828571 (+/-0.126682).
Game Durations: N=70, mean=15.342857 (+/-2.116392).
P1: N=35, mean=15.028571 (+/-2.938551).
P2: N=35, mean=15.657143 (+/-3.085861).

Agent 2 (Example UCT)
Winning score (between 0 and 1) : N=70, mean=0.128571 (+/-0.078979).
P1: N=35, mean=0.171429 (+/-0.126682).
P2: N=35, mean=0.085714 (+/-0.094097).
Game Durations: N=70, mean=15.342857 (+/-2.116392).
P1: N=35, mean=15.657143 (+/-3.085861).
P2: N=35, mean=15.028571 (+/-2.938551).
=====================================================
=====================================================
Completed 80 games.

Agent 1 (EntropySHUCTAnytime)
Winning score (between 0 and 1) : N=80, mean=0.8875 (+/-0.069678).
P1: N=40, mean=0.925 (+/-0.082664).
P2: N=40, mean=0.85 (+/-0.112065).
Game Durations: N=80, mean=14.6375 (+/-1.904356).
P1: N=40, mean=14.475 (+/-2.627677).
P2: N=40, mean=14.8 (+/-2.78969).

Agent 2 (Example UCT)
Winning score (between 0 and 1) : N=80, mean=0.1125 (+/-0.069678).
P1: N=40, mean=0.15 (+/-0.112065).
P2: N=40, mean=0.075 (+/-0.082664).
Game Durations: N=80, mean=14.6375 (+/-1.904356).
P1: N=40, mean=14.8 (+/-2.78969).
P2: N=40, mean=14.475 (+/-2.627677).
=====================================================
=====================================================
Completed 90 games.

Agent 1 (EntropySHUCTAnytime)
Winning score (between 0 and 1) : N=90, mean=0.866667 (+/-0.070623).
P1: N=45, mean=0.888889 (+/-0.092859).
P2: N=45, mean=0.844444 (+/-0.10709).
Game Durations: N=90, mean=14.966667 (+/-1.795599).
P1: N=45, mean=14.933333 (+/-2.52907).
P2: N=45, mean=15 (+/-2.578151).

Agent 2 (Example UCT)
Winning score (between 0 and 1) : N=90, mean=0.133333 (+/-0.070623).
P1: N=45, mean=0.155556 (+/-0.10709).
P2: N=45, mean=0.111111 (+/-0.092859).
Game Durations: N=90, mean=14.966667 (+/-1.795599).
P1: N=45, mean=15 (+/-2.578151).
P2: N=45, mean=14.933333 (+/-2.52907).
=====================================================
=====================================================
Completed 100 games.

Agent 1 (EntropySHUCTAnytime)
Winning score (between 0 and 1) : N=100, mean=0.88 (+/-0.064012).
P1: N=50, mean=0.9 (+/-0.083998).
P2: N=50, mean=0.86 (+/-0.097154).
Game Durations: N=100, mean=15.34 (+/-1.700052).
P1: N=50, mean=15.14 (+/-2.337246).
P2: N=50, mean=15.54 (+/-2.491924).

Agent 2 (Example UCT)
Winning score (between 0 and 1) : N=100, mean=0.12 (+/-0.064012).
P1: N=50, mean=0.14 (+/-0.097154).
P2: N=50, mean=0.1 (+/-0.083998).
Game Durations: N=100, mean=15.34 (+/-1.700052).
P1: N=50, mean=15.54 (+/-2.491924).
P2: N=50, mean=15.14 (+/-2.337246).
=====================================================
