Warming up...
Finished warming up!
=====================================================
Completed 1 games.

Agent 1 (EntropySHUCTAnytime)
Winning score (between 0 and 1) : N=1, mean=1 (+/-0).
P1: N=0, mean=0 (+/-0).
P2: N=1, mean=1 (+/-0).
Game Durations: N=1, mean=12 (+/-0).
P1: N=0, mean=0 (+/-0).
P2: N=1, mean=12 (+/-0).

Agent 2 (Example UCT)
Winning score (between 0 and 1) : N=1, mean=0 (+/-0).
P1: N=1, mean=0 (+/-0).
P2: N=0, mean=0 (+/-0).
Game Durations: N=1, mean=12 (+/-0).
P1: N=1, mean=12 (+/-0).
P2: N=0, mean=0 (+/-0).
=====================================================
=====================================================
Completed 2 games.

Agent 1 (EntropySHUCTAnytime)
Winning score (between 0 and 1) : N=2, mean=1 (+/-0).
P1: N=1, mean=1 (+/-0).
P2: N=1, mean=1 (+/-0).
Game Durations: N=2, mean=12.5 (+/-0.97998).
P1: N=1, mean=13 (+/-0).
P2: N=1, mean=12 (+/-0).

Agent 2 (Example UCT)
Winning score (between 0 and 1) : N=2, mean=0 (+/-0).
P1: N=1, mean=0 (+/-0).
P2: N=1, mean=0 (+/-0).
Game Durations: N=2, mean=12.5 (+/-0.97998).
P1: N=1, mean=12 (+/-0).
P2: N=1, mean=13 (+/-0).
=====================================================
=====================================================
Completed 3 games.

Agent 1 (EntropySHUCTAnytime)
Winning score (between 0 and 1) : N=3, mean=1 (+/-0).
P1: N=1, mean=1 (+/-0).
P2: N=2, mean=1 (+/-0).
Game Durations: N=3, mean=13.666667 (+/-2.355579).
P1: N=1, mean=13 (+/-0).
P2: N=2, mean=14 (+/-3.91992).

Agent 2 (Example UCT)
Winning score (between 0 and 1) : N=3, mean=0 (+/-0).
P1: N=2, mean=0 (+/-0).
P2: N=1, mean=0 (+/-0).
Game Durations: N=3, mean=13.666667 (+/-2.355579).
P1: N=2, mean=14 (+/-3.91992).
P2: N=1, mean=13 (+/-0).
=====================================================
=====================================================
Completed 4 games.

Agent 1 (EntropySHUCTAnytime)
Winning score (between 0 and 1) : N=4, mean=1 (+/-0).
P1: N=2, mean=1 (+/-0).
P2: N=2, mean=1 (+/-0).
Game Durations: N=4, mean=18 (+/-8.654949).
P1: N=2, mean=22 (+/-17.63964).
P2: N=2, mean=14 (+/-3.91992).

Agent 2 (Example UCT)
Winning score (between 0 and 1) : N=4, mean=0 (+/-0).
P1: N=2, mean=0 (+/-0).
P2: N=2, mean=0 (+/-0).
Game Durations: N=4, mean=18 (+/-8.654949).
P1: N=2, mean=14 (+/-3.91992).
P2: N=2, mean=22 (+/-17.63964).
=====================================================
=====================================================
Completed 5 games.

Agent 1 (EntropySHUCTAnytime)
Winning score (between 0 and 1) : N=5, mean=1 (+/-0).
P1: N=2, mean=1 (+/-0).
P2: N=3, mean=1 (+/-0).
Game Durations: N=5, mean=18.8 (+/-6.885013).
P1: N=2, mean=22 (+/-17.63964).
P2: N=3, mean=16.666667 (+/-5.695512).

Agent 2 (Example UCT)
Winning score (between 0 and 1) : N=5, mean=0 (+/-0).
P1: N=3, mean=0 (+/-0).
P2: N=2, mean=0 (+/-0).
Game Durations: N=5, mean=18.8 (+/-6.885013).
P1: N=3, mean=16.666667 (+/-5.695512).
P2: N=2, mean=22 (+/-17.63964).
=====================================================
=====================================================
Completed 10 games.

Agent 1 (EntropySHUCTAnytime)
Winning score (between 0 and 1) : N=10, mean=1 (+/-0).
P1: N=5, mean=1 (+/-0).
P2: N=5, mean=1 (+/-0).
Game Durations: N=10, mean=16.1 (+/-4.530575).
P1: N=5, mean=14.2 (+/-8.461944).
P2: N=5, mean=18 (+/-3.718763).

Agent 2 (Example UCT)
Winning score (between 0 and 1) : N=10, mean=0 (+/-0).
P1: N=5, mean=0 (+/-0).
P2: N=5, mean=0 (+/-0).
Game Durations: N=10, mean=16.1 (+/-4.530575).
P1: N=5, mean=18 (+/-3.718763).
P2: N=5, mean=14.2 (+/-8.461944).
=====================================================
=====================================================
Completed 20 games.

Agent 1 (EntropySHUCTAnytime)
Winning score (between 0 and 1) : N=20, mean=1 (+/-0).
P1: N=10, mean=1 (+/-0).
P2: N=10, mean=1 (+/-0).
Game Durations: N=20, mean=15.7 (+/-2.955715).
P1: N=10, mean=17 (+/-4.992664).
P2: N=10, mean=14.4 (+/-3.242995).

Agent 2 (Example UCT)
Winning score (between 0 and 1) : N=20, mean=0 (+/-0).
P1: N=10, mean=0 (+/-0).
P2: N=10, mean=0 (+/-0).
Game Durations: N=20, mean=15.7 (+/-2.955715).
P1: N=10, mean=14.4 (+/-3.242995).
P2: N=10, mean=17 (+/-4.992664).
=====================================================
=====================================================
Completed 30 games.

Agent 1 (EntropySHUCTAnytime)
Winning score (between 0 and 1) : N=30, mean=1 (+/-0).
P1: N=15, mean=1 (+/-0).
P2: N=15, mean=1 (+/-0).
Game Durations: N=30, mean=15.833333 (+/-2.334396).
P1: N=15, mean=15.8 (+/-3.763745).
P2: N=15, mean=15.866667 (+/-2.89995).

Agent 2 (Example UCT)
Winning score (between 0 and 1) : N=30, mean=0 (+/-0).
P1: N=15, mean=0 (+/-0).
P2: N=15, mean=0 (+/-0).
Game Durations: N=30, mean=15.833333 (+/-2.334396).
P1: N=15, mean=15.866667 (+/-2.89995).
P2: N=15, mean=15.8 (+/-3.763745).
=====================================================
=====================================================
Completed 40 games.

Agent 1 (EntropySHUCTAnytime)
Winning score (between 0 and 1) : N=40, mean=0.975 (+/-0.048999).
P1: N=20, mean=1 (+/-0).
P2: N=20, mean=0.95 (+/-0.097998).
Game Durations: N=40, mean=16.325 (+/-2.353195).
P1: N=20, mean=16.9 (+/-4.006391).
P2: N=20, mean=15.75 (+/-2.558934).

Agent 2 (Example UCT)
Winning score (between 0 and 1) : N=40, mean=0.025 (+/-0.048999).
P1: N=20, mean=0.05 (+/-0.097998).
P2: N=20, mean=0 (+/-0).
Game Durations: N=40, mean=16.325 (+/-2.353195).
P1: N=20, mean=15.75 (+/-2.558934).
P2: N=20, mean=16.9 (+/-4.006391).
=====================================================
=====================================================
Completed 50 games.

Agent 1 (EntropySHUCTAnytime)
Winning score (between 0 and 1) : N=50, mean=0.96 (+/-0.054867).
P1: N=25, mean=0.96 (+/-0.078398).
P2: N=25, mean=0.96 (+/-0.078398).
Game Durations: N=50, mean=15.54 (+/-2.007549).
P1: N=25, mean=15.92 (+/-3.345203).
P2: N=25, mean=15.16 (+/-2.28479).

Agent 2 (Example UCT)
Winning score (between 0 and 1) : N=50, mean=0.04 (+/-0.054867).
P1: N=25, mean=0.04 (+/-0.078398).
P2: N=25, mean=0.04 (+/-0.078398).
Game Durations: N=50, mean=15.54 (+/-2.007549).
P1: N=25, mean=15.16 (+/-2.28479).
P2: N=25, mean=15.92 (+/-3.345203).
=====================================================
=====================================================
Completed 60 games.

Agent 1 (EntropySHUCTAnytime)
Winning score (between 0 and 1) : N=60, mean=0.95 (+/-0.055612).
P1: N=30, mean=0.966667 (+/-0.065332).
P2: N=30, mean=0.933333 (+/-0.090786).
Game Durations: N=60, mean=15.583333 (+/-1.957906).
P1: N=30, mean=14.966667 (+/-2.996075).
P2: N=30, mean=16.2 (+/-2.553574).

Agent 2 (Example UCT)
Winning score (between 0 and 1) : N=60, mean=0.05 (+/-0.055612).
P1: N=30, mean=0.066667 (+/-0.090786).
P2: N=30, mean=0.033333 (+/-0.065332).
Game Durations: N=60, mean=15.583333 (+/-1.957906).
P1: N=30, mean=16.2 (+/-2.553574).
P2: N=30, mean=14.966667 (+/-2.996075).
=====================================================
=====================================================
Completed 70 games.

Agent 1 (EntropySHUCTAnytime)
Winning score (between 0 and 1) : N=70, mean=0.942857 (+/-0.054768).
P1: N=35, mean=0.971429 (+/-0.055999).
P2: N=35, mean=0.914286 (+/-0.094097).
Game Durations: N=70, mean=15.8 (+/-2.167894).
P1: N=35, mean=15.571429 (+/-3.688506).
P2: N=35, mean=16.028571 (+/-2.336371).

Agent 2 (Example UCT)
Winning score (between 0 and 1) : N=70, mean=0.057143 (+/-0.054768).
P1: N=35, mean=0.085714 (+/-0.094097).
P2: N=35, mean=0.028571 (+/-0.055999).
Game Durations: N=70, mean=15.8 (+/-2.167894).
P1: N=35, mean=16.028571 (+/-2.336371).
P2: N=35, mean=15.571429 (+/-3.688506).
=====================================================
=====================================================
Completed 80 games.

Agent 1 (EntropySHUCTAnytime)
Winning score (between 0 and 1) : N=80, mean=0.95 (+/-0.04806).
P1: N=40, mean=0.975 (+/-0.048999).
P2: N=40, mean=0.925 (+/-0.082664).
Game Durations: N=80, mean=15.5625 (+/-1.944656).
P1: N=40, mean=15.1 (+/-3.295221).
P2: N=40, mean=16.025 (+/-2.102394).

Agent 2 (Example UCT)
Winning score (between 0 and 1) : N=80, mean=0.05 (+/-0.04806).
P1: N=40, mean=0.075 (+/-0.082664).
P2: N=40, mean=0.025 (+/-0.048999).
Game Durations: N=80, mean=15.5625 (+/-1.944656).
P1: N=40, mean=16.025 (+/-2.102394).
P2: N=40, mean=15.1 (+/-3.295221).
=====================================================
=====================================================
Completed 90 games.

Agent 1 (EntropySHUCTAnytime)
Winning score (between 0 and 1) : N=90, mean=0.955556 (+/-0.042814).
P1: N=45, mean=0.977778 (+/-0.043555).
P2: N=45, mean=0.933333 (+/-0.073704).
Game Durations: N=90, mean=15.266667 (+/-1.774468).
P1: N=45, mean=15.088889 (+/-2.990531).
P2: N=45, mean=15.444444 (+/-1.946606).

Agent 2 (Example UCT)
Winning score (between 0 and 1) : N=90, mean=0.044444 (+/-0.042814).
P1: N=45, mean=0.066667 (+/-0.073704).
P2: N=45, mean=0.022222 (+/-0.043555).
Game Durations: N=90, mean=15.266667 (+/-1.774468).
P1: N=45, mean=15.444444 (+/-1.946606).
P2: N=45, mean=15.088889 (+/-2.990531).
=====================================================
=====================================================
Completed 100 games.

Agent 1 (EntropySHUCTAnytime)
Winning score (between 0 and 1) : N=100, mean=0.95 (+/-0.042932).
P1: N=50, mean=0.96 (+/-0.054867).
P2: N=50, mean=0.94 (+/-0.066495).
Game Durations: N=100, mean=15.56 (+/-1.662923).
P1: N=50, mean=15.38 (+/-2.779648).
P2: N=50, mean=15.74 (+/-1.855422).

Agent 2 (Example UCT)
Winning score (between 0 and 1) : N=100, mean=0.05 (+/-0.042932).
P1: N=50, mean=0.06 (+/-0.066495).
P2: N=50, mean=0.04 (+/-0.054867).
Game Durations: N=100, mean=15.56 (+/-1.662923).
P1: N=50, mean=15.74 (+/-1.855422).
P2: N=50, mean=15.38 (+/-2.779648).
=====================================================
