Warming up...
Finished warming up!
=====================================================
Completed 1 games.

Agent 1 (RegressionTreeSHUCTAny)
Winning score (between 0 and 1) : N=1, mean=1 (+/-0).
P1: N=1, mean=1 (+/-0).
P2: N=0, mean=0 (+/-0).
Game Durations: N=1, mean=13 (+/-0).
P1: N=1, mean=13 (+/-0).
P2: N=0, mean=0 (+/-0).

Agent 2 (SHUCTAnyTime)
Winning score (between 0 and 1) : N=1, mean=0 (+/-0).
P1: N=0, mean=0 (+/-0).
P2: N=1, mean=0 (+/-0).
Game Durations: N=1, mean=13 (+/-0).
P1: N=0, mean=0 (+/-0).
P2: N=1, mean=13 (+/-0).
=====================================================
=====================================================
Completed 2 games.

Agent 1 (RegressionTreeSHUCTAny)
Winning score (between 0 and 1) : N=2, mean=0.5 (+/-0.97998).
P1: N=1, mean=1 (+/-0).
P2: N=1, mean=0 (+/-0).
Game Durations: N=2, mean=15 (+/-3.91992).
P1: N=1, mean=13 (+/-0).
P2: N=1, mean=17 (+/-0).

Agent 2 (SHUCTAnyTime)
Winning score (between 0 and 1) : N=2, mean=0.5 (+/-0.97998).
P1: N=1, mean=1 (+/-0).
P2: N=1, mean=0 (+/-0).
Game Durations: N=2, mean=15 (+/-3.91992).
P1: N=1, mean=17 (+/-0).
P2: N=1, mean=13 (+/-0).
=====================================================
=====================================================
Completed 3 games.

Agent 1 (RegressionTreeSHUCTAny)
Winning score (between 0 and 1) : N=3, mean=0.666667 (+/-0.65332).
P1: N=2, mean=1 (+/-0).
P2: N=1, mean=0 (+/-0).
Game Durations: N=3, mean=18.333333 (+/-6.914089).
P1: N=2, mean=19 (+/-11.75976).
P2: N=1, mean=17 (+/-0).

Agent 2 (SHUCTAnyTime)
Winning score (between 0 and 1) : N=3, mean=0.333333 (+/-0.65332).
P1: N=1, mean=1 (+/-0).
P2: N=2, mean=0 (+/-0).
Game Durations: N=3, mean=18.333333 (+/-6.914089).
P1: N=1, mean=17 (+/-0).
P2: N=2, mean=19 (+/-11.75976).
=====================================================
=====================================================
Completed 4 games.

Agent 1 (RegressionTreeSHUCTAny)
Winning score (between 0 and 1) : N=4, mean=0.75 (+/-0.48999).
P1: N=2, mean=1 (+/-0).
P2: N=2, mean=0.5 (+/-0.97998).
Game Durations: N=4, mean=16.25 (+/-6.36987).
P1: N=2, mean=19 (+/-11.75976).
P2: N=2, mean=13.5 (+/-6.85986).

Agent 2 (SHUCTAnyTime)
Winning score (between 0 and 1) : N=4, mean=0.25 (+/-0.48999).
P1: N=2, mean=0.5 (+/-0.97998).
P2: N=2, mean=0 (+/-0).
Game Durations: N=4, mean=16.25 (+/-6.36987).
P1: N=2, mean=13.5 (+/-6.85986).
P2: N=2, mean=19 (+/-11.75976).
=====================================================
=====================================================
Completed 5 games.

Agent 1 (RegressionTreeSHUCTAny)
Winning score (between 0 and 1) : N=5, mean=0.6 (+/-0.48009).
P1: N=3, mean=0.666667 (+/-0.65332).
P2: N=2, mean=0.5 (+/-0.97998).
Game Durations: N=5, mean=16.6 (+/-4.981538).
P1: N=3, mean=18.666667 (+/-6.820861).
P2: N=2, mean=13.5 (+/-6.85986).

Agent 2 (SHUCTAnyTime)
Winning score (between 0 and 1) : N=5, mean=0.4 (+/-0.48009).
P1: N=2, mean=0.5 (+/-0.97998).
P2: N=3, mean=0.333333 (+/-0.65332).
Game Durations: N=5, mean=16.6 (+/-4.981538).
P1: N=2, mean=13.5 (+/-6.85986).
P2: N=3, mean=18.666667 (+/-6.820861).
=====================================================
=====================================================
Completed 10 games.

Agent 1 (RegressionTreeSHUCTAny)
Winning score (between 0 and 1) : N=10, mean=0.4 (+/-0.32006).
P1: N=5, mean=0.4 (+/-0.48009).
P2: N=5, mean=0.4 (+/-0.48009).
Game Durations: N=10, mean=16.1 (+/-3.179864).
P1: N=5, mean=16 (+/-5.073231).
P2: N=5, mean=16.2 (+/-4.443537).

Agent 2 (SHUCTAnyTime)
Winning score (between 0 and 1) : N=10, mean=0.6 (+/-0.32006).
P1: N=5, mean=0.6 (+/-0.48009).
P2: N=5, mean=0.6 (+/-0.48009).
Game Durations: N=10, mean=16.1 (+/-3.179864).
P1: N=5, mean=16.2 (+/-4.443537).
P2: N=5, mean=16 (+/-5.073231).
=====================================================
=====================================================
Completed 20 games.

Agent 1 (RegressionTreeSHUCTAny)
Winning score (between 0 and 1) : N=20, mean=0.7 (+/-0.206054).
P1: N=10, mean=0.7 (+/-0.299389).
P2: N=10, mean=0.7 (+/-0.299389).
Game Durations: N=20, mean=14.6 (+/-2.549138).
P1: N=10, mean=14.3 (+/-3.952991).
P2: N=10, mean=14.9 (+/-3.425416).

Agent 2 (SHUCTAnyTime)
Winning score (between 0 and 1) : N=20, mean=0.3 (+/-0.206054).
P1: N=10, mean=0.3 (+/-0.299389).
P2: N=10, mean=0.3 (+/-0.299389).
Game Durations: N=20, mean=14.6 (+/-2.549138).
P1: N=10, mean=14.9 (+/-3.425416).
P2: N=10, mean=14.3 (+/-3.952991).
=====================================================
=====================================================
Completed 30 games.

Agent 1 (RegressionTreeSHUCTAny)
Winning score (between 0 and 1) : N=30, mean=0.6 (+/-0.178301).
P1: N=15, mean=0.666667 (+/-0.246932).
P2: N=15, mean=0.533333 (+/-0.261328).
Game Durations: N=30, mean=14.3 (+/-1.914719).
P1: N=15, mean=13.733333 (+/-2.840037).
P2: N=15, mean=14.866667 (+/-2.635584).

Agent 2 (SHUCTAnyTime)
Winning score (between 0 and 1) : N=30, mean=0.4 (+/-0.178301).
P1: N=15, mean=0.466667 (+/-0.261328).
P2: N=15, mean=0.333333 (+/-0.246932).
Game Durations: N=30, mean=14.3 (+/-1.914719).
P1: N=15, mean=14.866667 (+/-2.635584).
P2: N=15, mean=13.733333 (+/-2.840037).
=====================================================
=====================================================
Completed 40 games.

Agent 1 (RegressionTreeSHUCTAny)
Winning score (between 0 and 1) : N=40, mean=0.6 (+/-0.153752).
P1: N=20, mean=0.7 (+/-0.206054).
P2: N=20, mean=0.5 (+/-0.224823).
Game Durations: N=40, mean=14.65 (+/-1.617976).
P1: N=20, mean=14.1 (+/-2.490972).
P2: N=20, mean=15.2 (+/-2.102304).

Agent 2 (SHUCTAnyTime)
Winning score (between 0 and 1) : N=40, mean=0.4 (+/-0.153752).
P1: N=20, mean=0.5 (+/-0.224823).
P2: N=20, mean=0.3 (+/-0.206054).
Game Durations: N=40, mean=14.65 (+/-1.617976).
P1: N=20, mean=15.2 (+/-2.102304).
P2: N=20, mean=14.1 (+/-2.490972).
=====================================================
=====================================================
Completed 50 games.

Agent 1 (RegressionTreeSHUCTAny)
Winning score (between 0 and 1) : N=50, mean=0.58 (+/-0.138194).
P1: N=25, mean=0.64 (+/-0.192036).
P2: N=25, mean=0.52 (+/-0.199877).
Game Durations: N=50, mean=14.64 (+/-1.407522).
P1: N=25, mean=14.4 (+/-2.240421).
P2: N=25, mean=14.88 (+/-1.746895).

Agent 2 (SHUCTAnyTime)
Winning score (between 0 and 1) : N=50, mean=0.42 (+/-0.138194).
P1: N=25, mean=0.48 (+/-0.199877).
P2: N=25, mean=0.36 (+/-0.192036).
Game Durations: N=50, mean=14.64 (+/-1.407522).
P1: N=25, mean=14.88 (+/-1.746895).
P2: N=25, mean=14.4 (+/-2.240421).
=====================================================
=====================================================
Completed 60 games.

Agent 1 (RegressionTreeSHUCTAny)
Winning score (between 0 and 1) : N=60, mean=0.566667 (+/-0.126443).
P1: N=30, mean=0.566667 (+/-0.180353).
P2: N=30, mean=0.566667 (+/-0.180353).
Game Durations: N=60, mean=14.566667 (+/-1.19444).
P1: N=30, mean=14.3 (+/-1.87275).
P2: N=30, mean=14.833333 (+/-1.509672).

Agent 2 (SHUCTAnyTime)
Winning score (between 0 and 1) : N=60, mean=0.433333 (+/-0.126443).
P1: N=30, mean=0.433333 (+/-0.180353).
P2: N=30, mean=0.433333 (+/-0.180353).
Game Durations: N=60, mean=14.566667 (+/-1.19444).
P1: N=30, mean=14.833333 (+/-1.509672).
P2: N=30, mean=14.3 (+/-1.87275).
=====================================================
=====================================================
Completed 70 games.

Agent 1 (RegressionTreeSHUCTAny)
Winning score (between 0 and 1) : N=70, mean=0.528571 (+/-0.117783).
P1: N=35, mean=0.571429 (+/-0.166341).
P2: N=35, mean=0.485714 (+/-0.167997).
Game Durations: N=70, mean=14.571429 (+/-1.051864).
P1: N=35, mean=14.342857 (+/-1.634779).
P2: N=35, mean=14.8 (+/-1.344041).

Agent 2 (SHUCTAnyTime)
Winning score (between 0 and 1) : N=70, mean=0.471429 (+/-0.117783).
P1: N=35, mean=0.514286 (+/-0.167997).
P2: N=35, mean=0.428571 (+/-0.166341).
Game Durations: N=70, mean=14.571429 (+/-1.051864).
P1: N=35, mean=14.8 (+/-1.344041).
P2: N=35, mean=14.342857 (+/-1.634779).
=====================================================
=====================================================
Completed 80 games.

Agent 1 (RegressionTreeSHUCTAny)
Winning score (between 0 and 1) : N=80, mean=0.5625 (+/-0.109392).
P1: N=40, mean=0.625 (+/-0.151939).
P2: N=40, mean=0.5 (+/-0.156922).
Game Durations: N=80, mean=14.7375 (+/-1.004933).
P1: N=40, mean=14.425 (+/-1.579995).
P2: N=40, mean=15.05 (+/-1.255281).

Agent 2 (SHUCTAnyTime)
Winning score (between 0 and 1) : N=80, mean=0.4375 (+/-0.109392).
P1: N=40, mean=0.5 (+/-0.156922).
P2: N=40, mean=0.375 (+/-0.151939).
Game Durations: N=80, mean=14.7375 (+/-1.004933).
P1: N=40, mean=15.05 (+/-1.255281).
P2: N=40, mean=14.425 (+/-1.579995).
=====================================================
=====================================================
Completed 90 games.

Agent 1 (RegressionTreeSHUCTAny)
Winning score (between 0 and 1) : N=90, mean=0.544444 (+/-0.103466).
P1: N=45, mean=0.6 (+/-0.144753).
P2: N=45, mean=0.488889 (+/-0.147701).
Game Durations: N=90, mean=14.644444 (+/-0.941575).
P1: N=45, mean=14.466667 (+/-1.469607).
P2: N=45, mean=14.822222 (+/-1.192179).

Agent 2 (SHUCTAnyTime)
Winning score (between 0 and 1) : N=90, mean=0.455556 (+/-0.103466).
P1: N=45, mean=0.511111 (+/-0.147701).
P2: N=45, mean=0.4 (+/-0.144753).
Game Durations: N=90, mean=14.644444 (+/-0.941575).
P1: N=45, mean=14.822222 (+/-1.192179).
P2: N=45, mean=14.466667 (+/-1.469607).
=====================================================
=====================================================
Completed 100 games.

Agent 1 (RegressionTreeSHUCTAny)
Winning score (between 0 and 1) : N=100, mean=0.52 (+/-0.098413).
P1: N=50, mean=0.6 (+/-0.137169).
P2: N=50, mean=0.44 (+/-0.138986).
Game Durations: N=100, mean=14.7 (+/-0.908049).
P1: N=50, mean=14.76 (+/-1.408413).
P2: N=50, mean=14.64 (+/-1.160893).

Agent 2 (SHUCTAnyTime)
Winning score (between 0 and 1) : N=100, mean=0.48 (+/-0.098413).
P1: N=50, mean=0.56 (+/-0.138986).
P2: N=50, mean=0.4 (+/-0.137169).
Game Durations: N=100, mean=14.7 (+/-0.908049).
P1: N=50, mean=14.64 (+/-1.160893).
P2: N=50, mean=14.76 (+/-1.408413).
=====================================================
