Warming up...
Finished warming up!
=====================================================
Completed 1 games.

Agent 1 (EntropySHUCTAnytime)
Winning score (between 0 and 1) : N=1, mean=1 (+/-0).
P1: N=1, mean=1 (+/-0).
P2: N=0, mean=0 (+/-0).
Game Durations: N=1, mean=17 (+/-0).
P1: N=1, mean=17 (+/-0).
P2: N=0, mean=0 (+/-0).

Agent 2 (SHUCTAnyTime)
Winning score (between 0 and 1) : N=1, mean=0 (+/-0).
P1: N=0, mean=0 (+/-0).
P2: N=1, mean=0 (+/-0).
Game Durations: N=1, mean=17 (+/-0).
P1: N=0, mean=0 (+/-0).
P2: N=1, mean=17 (+/-0).
=====================================================
=====================================================
Completed 2 games.

Agent 1 (EntropySHUCTAnytime)
Winning score (between 0 and 1) : N=2, mean=0.5 (+/-0.97998).
P1: N=1, mean=1 (+/-0).
P2: N=1, mean=0 (+/-0).
Game Durations: N=2, mean=15 (+/-3.91992).
P1: N=1, mean=17 (+/-0).
P2: N=1, mean=13 (+/-0).

Agent 2 (SHUCTAnyTime)
Winning score (between 0 and 1) : N=2, mean=0.5 (+/-0.97998).
P1: N=1, mean=1 (+/-0).
P2: N=1, mean=0 (+/-0).
Game Durations: N=2, mean=15 (+/-3.91992).
P1: N=1, mean=13 (+/-0).
P2: N=1, mean=17 (+/-0).
=====================================================
=====================================================
Completed 3 games.

Agent 1 (EntropySHUCTAnytime)
Winning score (between 0 and 1) : N=3, mean=0.333333 (+/-0.65332).
P1: N=2, mean=0.5 (+/-0.97998).
P2: N=1, mean=0 (+/-0).
Game Durations: N=3, mean=16.666667 (+/-3.97399).
P1: N=2, mean=18.5 (+/-2.93994).
P2: N=1, mean=13 (+/-0).

Agent 2 (SHUCTAnyTime)
Winning score (between 0 and 1) : N=3, mean=0.666667 (+/-0.65332).
P1: N=1, mean=1 (+/-0).
P2: N=2, mean=0.5 (+/-0.97998).
Game Durations: N=3, mean=16.666667 (+/-3.97399).
P1: N=1, mean=13 (+/-0).
P2: N=2, mean=18.5 (+/-2.93994).
=====================================================
=====================================================
Completed 4 games.

Agent 1 (EntropySHUCTAnytime)
Winning score (between 0 and 1) : N=4, mean=0.25 (+/-0.48999).
P1: N=2, mean=0.5 (+/-0.97998).
P2: N=2, mean=0 (+/-0).
Game Durations: N=4, mean=15.75 (+/-3.335293).
P1: N=2, mean=18.5 (+/-2.93994).
P2: N=2, mean=13 (+/-0).

Agent 2 (SHUCTAnyTime)
Winning score (between 0 and 1) : N=4, mean=0.75 (+/-0.48999).
P1: N=2, mean=1 (+/-0).
P2: N=2, mean=0.5 (+/-0.97998).
Game Durations: N=4, mean=15.75 (+/-3.335293).
P1: N=2, mean=13 (+/-0).
P2: N=2, mean=18.5 (+/-2.93994).
=====================================================
=====================================================
Completed 5 games.

Agent 1 (EntropySHUCTAnytime)
Winning score (between 0 and 1) : N=5, mean=0.2 (+/-0.391992).
P1: N=3, mean=0.333333 (+/-0.65332).
P2: N=2, mean=0 (+/-0).
Game Durations: N=5, mean=15.8 (+/-2.585365).
P1: N=3, mean=17.666667 (+/-2.355579).
P2: N=2, mean=13 (+/-0).

Agent 2 (SHUCTAnyTime)
Winning score (between 0 and 1) : N=5, mean=0.8 (+/-0.391992).
P1: N=2, mean=1 (+/-0).
P2: N=3, mean=0.666667 (+/-0.65332).
Game Durations: N=5, mean=15.8 (+/-2.585365).
P1: N=2, mean=13 (+/-0).
P2: N=3, mean=17.666667 (+/-2.355579).
=====================================================
=====================================================
Completed 10 games.

Agent 1 (EntropySHUCTAnytime)
Winning score (between 0 and 1) : N=10, mean=0.4 (+/-0.32006).
P1: N=5, mean=0.4 (+/-0.48009).
P2: N=5, mean=0.4 (+/-0.48009).
Game Durations: N=10, mean=15.7 (+/-1.982694).
P1: N=5, mean=18 (+/-1.63982).
P2: N=5, mean=13.4 (+/-2.20005).

Agent 2 (SHUCTAnyTime)
Winning score (between 0 and 1) : N=10, mean=0.6 (+/-0.32006).
P1: N=5, mean=0.6 (+/-0.48009).
P2: N=5, mean=0.6 (+/-0.48009).
Game Durations: N=10, mean=15.7 (+/-1.982694).
P1: N=5, mean=13.4 (+/-2.20005).
P2: N=5, mean=18 (+/-1.63982).
=====================================================
=====================================================
Completed 20 games.

Agent 1 (EntropySHUCTAnytime)
Winning score (between 0 and 1) : N=20, mean=0.4 (+/-0.22028).
P1: N=10, mean=0.5 (+/-0.32666).
P2: N=10, mean=0.3 (+/-0.299389).
Game Durations: N=20, mean=16.3 (+/-1.512174).
P1: N=10, mean=17.7 (+/-1.849023).
P2: N=10, mean=14.9 (+/-2.136067).

Agent 2 (SHUCTAnyTime)
Winning score (between 0 and 1) : N=20, mean=0.6 (+/-0.22028).
P1: N=10, mean=0.7 (+/-0.299389).
P2: N=10, mean=0.5 (+/-0.32666).
Game Durations: N=20, mean=16.3 (+/-1.512174).
P1: N=10, mean=14.9 (+/-2.136067).
P2: N=10, mean=17.7 (+/-1.849023).
=====================================================
=====================================================
Completed 30 games.

Agent 1 (EntropySHUCTAnytime)
Winning score (between 0 and 1) : N=30, mean=0.4 (+/-0.178301).
P1: N=15, mean=0.533333 (+/-0.261328).
P2: N=15, mean=0.266667 (+/-0.231643).
Game Durations: N=30, mean=17.366667 (+/-1.78173).
P1: N=15, mean=18.133333 (+/-1.872778).
P2: N=15, mean=16.6 (+/-3.053179).

Agent 2 (SHUCTAnyTime)
Winning score (between 0 and 1) : N=30, mean=0.6 (+/-0.178301).
P1: N=15, mean=0.733333 (+/-0.231643).
P2: N=15, mean=0.466667 (+/-0.261328).
Game Durations: N=30, mean=17.366667 (+/-1.78173).
P1: N=15, mean=16.6 (+/-3.053179).
P2: N=15, mean=18.133333 (+/-1.872778).
=====================================================
=====================================================
Completed 40 games.

Agent 1 (EntropySHUCTAnytime)
Winning score (between 0 and 1) : N=40, mean=0.4 (+/-0.153752).
P1: N=20, mean=0.5 (+/-0.224823).
P2: N=20, mean=0.3 (+/-0.206054).
Game Durations: N=40, mean=17.55 (+/-1.461907).
P1: N=20, mean=18.3 (+/-1.464631).
P2: N=20, mean=16.8 (+/-2.530031).

Agent 2 (SHUCTAnyTime)
Winning score (between 0 and 1) : N=40, mean=0.6 (+/-0.153752).
P1: N=20, mean=0.7 (+/-0.206054).
P2: N=20, mean=0.5 (+/-0.224823).
Game Durations: N=40, mean=17.55 (+/-1.461907).
P1: N=20, mean=16.8 (+/-2.530031).
P2: N=20, mean=18.3 (+/-1.464631).
=====================================================
=====================================================
Completed 50 games.

Agent 1 (EntropySHUCTAnytime)
Winning score (between 0 and 1) : N=50, mean=0.38 (+/-0.135905).
P1: N=25, mean=0.44 (+/-0.198592).
P2: N=25, mean=0.32 (+/-0.186626).
Game Durations: N=50, mean=17.4 (+/-1.450576).
P1: N=25, mean=18.12 (+/-1.532115).
P2: N=25, mean=16.68 (+/-2.465502).

Agent 2 (SHUCTAnyTime)
Winning score (between 0 and 1) : N=50, mean=0.62 (+/-0.135905).
P1: N=25, mean=0.68 (+/-0.186626).
P2: N=25, mean=0.56 (+/-0.198592).
Game Durations: N=50, mean=17.4 (+/-1.450576).
P1: N=25, mean=16.68 (+/-2.465502).
P2: N=25, mean=18.12 (+/-1.532115).
=====================================================
=====================================================
Completed 60 games.

Agent 1 (EntropySHUCTAnytime)
Winning score (between 0 and 1) : N=60, mean=0.383333 (+/-0.124061).
P1: N=30, mean=0.466667 (+/-0.181573).
P2: N=30, mean=0.3 (+/-0.166785).
Game Durations: N=60, mean=17.316667 (+/-1.341735).
P1: N=30, mean=17.933333 (+/-1.434229).
P2: N=30, mean=16.7 (+/-2.273192).

Agent 2 (SHUCTAnyTime)
Winning score (between 0 and 1) : N=60, mean=0.616667 (+/-0.124061).
P1: N=30, mean=0.7 (+/-0.166785).
P2: N=30, mean=0.533333 (+/-0.181573).
Game Durations: N=60, mean=17.316667 (+/-1.341735).
P1: N=30, mean=16.7 (+/-2.273192).
P2: N=30, mean=17.933333 (+/-1.434229).
=====================================================
=====================================================
Completed 70 games.

Agent 1 (EntropySHUCTAnytime)
Winning score (between 0 and 1) : N=70, mean=0.371429 (+/-0.114009).
P1: N=35, mean=0.457143 (+/-0.167447).
P2: N=35, mean=0.285714 (+/-0.151848).
Game Durations: N=70, mean=17.185714 (+/-1.207932).
P1: N=35, mean=17.714286 (+/-1.402275).
P2: N=35, mean=16.657143 (+/-1.972999).

Agent 2 (SHUCTAnyTime)
Winning score (between 0 and 1) : N=70, mean=0.628571 (+/-0.114009).
P1: N=35, mean=0.714286 (+/-0.151848).
P2: N=35, mean=0.542857 (+/-0.167447).
Game Durations: N=70, mean=17.185714 (+/-1.207932).
P1: N=35, mean=16.657143 (+/-1.972999).
P2: N=35, mean=17.714286 (+/-1.402275).
=====================================================
=====================================================
Completed 80 games.

Agent 1 (EntropySHUCTAnytime)
Winning score (between 0 and 1) : N=80, mean=0.3625 (+/-0.106005).
P1: N=40, mean=0.425 (+/-0.155147).
P2: N=40, mean=0.3 (+/-0.143822).
Game Durations: N=80, mean=17.5125 (+/-1.100905).
P1: N=40, mean=18.025 (+/-1.306302).
P2: N=40, mean=17 (+/-1.775374).

Agent 2 (SHUCTAnyTime)
Winning score (between 0 and 1) : N=80, mean=0.6375 (+/-0.106005).
P1: N=40, mean=0.7 (+/-0.143822).
P2: N=40, mean=0.575 (+/-0.155147).
Game Durations: N=80, mean=17.5125 (+/-1.100905).
P1: N=40, mean=17 (+/-1.775374).
P2: N=40, mean=18.025 (+/-1.306302).
=====================================================
=====================================================
Completed 90 games.

Agent 1 (EntropySHUCTAnytime)
Winning score (between 0 and 1) : N=90, mean=0.366667 (+/-0.100116).
P1: N=45, mean=0.444444 (+/-0.146823).
P2: N=45, mean=0.288889 (+/-0.133923).
Game Durations: N=90, mean=17.2 (+/-1.048976).
P1: N=45, mean=17.555556 (+/-1.355549).
P2: N=45, mean=16.844444 (+/-1.609917).

Agent 2 (SHUCTAnyTime)
Winning score (between 0 and 1) : N=90, mean=0.633333 (+/-0.100116).
P1: N=45, mean=0.711111 (+/-0.133923).
P2: N=45, mean=0.555556 (+/-0.146823).
Game Durations: N=90, mean=17.2 (+/-1.048976).
P1: N=45, mean=16.844444 (+/-1.609917).
P2: N=45, mean=17.555556 (+/-1.355549).
=====================================================
=====================================================
Completed 100 games.

Agent 1 (EntropySHUCTAnytime)
Winning score (between 0 and 1) : N=100, mean=0.36 (+/-0.094552).
P1: N=50, mean=0.42 (+/-0.138194).
P2: N=50, mean=0.3 (+/-0.12831).
Game Durations: N=100, mean=16.98 (+/-0.978585).
P1: N=50, mean=17.14 (+/-1.303715).
P2: N=50, mean=16.82 (+/-1.471705).

Agent 2 (SHUCTAnyTime)
Winning score (between 0 and 1) : N=100, mean=0.64 (+/-0.094552).
P1: N=50, mean=0.7 (+/-0.12831).
P2: N=50, mean=0.58 (+/-0.138194).
Game Durations: N=100, mean=16.98 (+/-0.978585).
P1: N=50, mean=16.82 (+/-1.471705).
P2: N=50, mean=17.14 (+/-1.303715).
=====================================================
