Warming up...
Finished warming up!
=====================================================
Completed 1 games.

Agent 1 (EntropySHUCTAnytime)
Winning score (between 0 and 1) : N=1, mean=1 (+/-0).
P1: N=1, mean=1 (+/-0).
P2: N=0, mean=0 (+/-0).
Game Durations: N=1, mean=17 (+/-0).
P1: N=1, mean=17 (+/-0).
P2: N=0, mean=0 (+/-0).

Agent 2 (SHUCTAnyTime)
Winning score (between 0 and 1) : N=1, mean=0 (+/-0).
P1: N=0, mean=0 (+/-0).
P2: N=1, mean=0 (+/-0).
Game Durations: N=1, mean=17 (+/-0).
P1: N=0, mean=0 (+/-0).
P2: N=1, mean=17 (+/-0).
=====================================================
=====================================================
Completed 2 games.

Agent 1 (EntropySHUCTAnytime)
Winning score (between 0 and 1) : N=2, mean=0.5 (+/-0.97998).
P1: N=1, mean=1 (+/-0).
P2: N=1, mean=0 (+/-0).
Game Durations: N=2, mean=15 (+/-3.91992).
P1: N=1, mean=17 (+/-0).
P2: N=1, mean=13 (+/-0).

Agent 2 (SHUCTAnyTime)
Winning score (between 0 and 1) : N=2, mean=0.5 (+/-0.97998).
P1: N=1, mean=1 (+/-0).
P2: N=1, mean=0 (+/-0).
Game Durations: N=2, mean=15 (+/-3.91992).
P1: N=1, mean=13 (+/-0).
P2: N=1, mean=17 (+/-0).
=====================================================
=====================================================
Completed 3 games.

Agent 1 (EntropySHUCTAnytime)
Winning score (between 0 and 1) : N=3, mean=0.666667 (+/-0.65332).
P1: N=2, mean=1 (+/-0).
P2: N=1, mean=0 (+/-0).
Game Durations: N=3, mean=16.333333 (+/-3.457044).
P1: N=2, mean=18 (+/-1.95996).
P2: N=1, mean=13 (+/-0).

Agent 2 (SHUCTAnyTime)
Winning score (between 0 and 1) : N=3, mean=0.333333 (+/-0.65332).
P1: N=1, mean=1 (+/-0).
P2: N=2, mean=0 (+/-0).
Game Durations: N=3, mean=16.333333 (+/-3.457044).
P1: N=1, mean=13 (+/-0).
P2: N=2, mean=18 (+/-1.95996).
=====================================================
=====================================================
Completed 4 games.

Agent 1 (EntropySHUCTAnytime)
Winning score (between 0 and 1) : N=4, mean=0.75 (+/-0.48999).
P1: N=2, mean=1 (+/-0).
P2: N=2, mean=0.5 (+/-0.97998).
Game Durations: N=4, mean=15.25 (+/-3.237891).
P1: N=2, mean=18 (+/-1.95996).
P2: N=2, mean=12.5 (+/-0.97998).

Agent 2 (SHUCTAnyTime)
Winning score (between 0 and 1) : N=4, mean=0.25 (+/-0.48999).
P1: N=2, mean=0.5 (+/-0.97998).
P2: N=2, mean=0 (+/-0).
Game Durations: N=4, mean=15.25 (+/-3.237891).
P1: N=2, mean=12.5 (+/-0.97998).
P2: N=2, mean=18 (+/-1.95996).
=====================================================
=====================================================
Completed 5 games.

Agent 1 (EntropySHUCTAnytime)
Winning score (between 0 and 1) : N=5, mean=0.8 (+/-0.391992).
P1: N=3, mean=1 (+/-0).
P2: N=2, mean=0.5 (+/-0.97998).
Game Durations: N=5, mean=17.2 (+/-4.571373).
P1: N=3, mean=20.333333 (+/-4.711158).
P2: N=2, mean=12.5 (+/-0.97998).

Agent 2 (SHUCTAnyTime)
Winning score (between 0 and 1) : N=5, mean=0.2 (+/-0.391992).
P1: N=2, mean=0.5 (+/-0.97998).
P2: N=3, mean=0 (+/-0).
Game Durations: N=5, mean=17.2 (+/-4.571373).
P1: N=2, mean=12.5 (+/-0.97998).
P2: N=3, mean=20.333333 (+/-4.711158).
=====================================================
=====================================================
Completed 10 games.

Agent 1 (EntropySHUCTAnytime)
Winning score (between 0 and 1) : N=10, mean=0.6 (+/-0.32006).
P1: N=5, mean=0.6 (+/-0.48009).
P2: N=5, mean=0.6 (+/-0.48009).
Game Durations: N=10, mean=16.9 (+/-2.869406).
P1: N=5, mean=17.8 (+/-3.987929).
P2: N=5, mean=16 (+/-4.426213).

Agent 2 (SHUCTAnyTime)
Winning score (between 0 and 1) : N=10, mean=0.4 (+/-0.32006).
P1: N=5, mean=0.4 (+/-0.48009).
P2: N=5, mean=0.4 (+/-0.48009).
Game Durations: N=10, mean=16.9 (+/-2.869406).
P1: N=5, mean=16 (+/-4.426213).
P2: N=5, mean=17.8 (+/-3.987929).
=====================================================
=====================================================
Completed 20 games.

Agent 1 (EntropySHUCTAnytime)
Winning score (between 0 and 1) : N=20, mean=0.45 (+/-0.223696).
P1: N=10, mean=0.4 (+/-0.32006).
P2: N=10, mean=0.5 (+/-0.32666).
Game Durations: N=20, mean=15.65 (+/-1.871709).
P1: N=10, mean=15 (+/-2.787158).
P2: N=10, mean=16.3 (+/-2.581234).

Agent 2 (SHUCTAnyTime)
Winning score (between 0 and 1) : N=20, mean=0.55 (+/-0.223696).
P1: N=10, mean=0.5 (+/-0.32666).
P2: N=10, mean=0.6 (+/-0.32006).
Game Durations: N=20, mean=15.65 (+/-1.871709).
P1: N=10, mean=16.3 (+/-2.581234).
P2: N=10, mean=15 (+/-2.787158).
=====================================================
=====================================================
Completed 30 games.

Agent 1 (EntropySHUCTAnytime)
Winning score (between 0 and 1) : N=30, mean=0.433333 (+/-0.180353).
P1: N=15, mean=0.333333 (+/-0.246932).
P2: N=15, mean=0.533333 (+/-0.261328).
Game Durations: N=30, mean=16.066667 (+/-1.680863).
P1: N=15, mean=15.666667 (+/-2.661828).
P2: N=15, mean=16.466667 (+/-2.128775).

Agent 2 (SHUCTAnyTime)
Winning score (between 0 and 1) : N=30, mean=0.566667 (+/-0.180353).
P1: N=15, mean=0.466667 (+/-0.261328).
P2: N=15, mean=0.666667 (+/-0.246932).
Game Durations: N=30, mean=16.066667 (+/-1.680863).
P1: N=15, mean=16.466667 (+/-2.128775).
P2: N=15, mean=15.666667 (+/-2.661828).
=====================================================
=====================================================
Completed 40 games.

Agent 1 (EntropySHUCTAnytime)
Winning score (between 0 and 1) : N=40, mean=0.4 (+/-0.153752).
P1: N=20, mean=0.3 (+/-0.206054).
P2: N=20, mean=0.5 (+/-0.224823).
Game Durations: N=40, mean=16.05 (+/-1.468629).
P1: N=20, mean=16 (+/-2.383546).
P2: N=20, mean=16.1 (+/-1.781074).

Agent 2 (SHUCTAnyTime)
Winning score (between 0 and 1) : N=40, mean=0.6 (+/-0.153752).
P1: N=20, mean=0.5 (+/-0.224823).
P2: N=20, mean=0.7 (+/-0.206054).
Game Durations: N=40, mean=16.05 (+/-1.468629).
P1: N=20, mean=16.1 (+/-1.781074).
P2: N=20, mean=16 (+/-2.383546).
=====================================================
=====================================================
Completed 50 games.

Agent 1 (EntropySHUCTAnytime)
Winning score (between 0 and 1) : N=50, mean=0.42 (+/-0.138194).
P1: N=25, mean=0.36 (+/-0.192036).
P2: N=25, mean=0.48 (+/-0.199877).
Game Durations: N=50, mean=16.36 (+/-1.409748).
P1: N=25, mean=16.36 (+/-2.310426).
P2: N=25, mean=16.36 (+/-1.666466).

Agent 2 (SHUCTAnyTime)
Winning score (between 0 and 1) : N=50, mean=0.58 (+/-0.138194).
P1: N=25, mean=0.52 (+/-0.199877).
P2: N=25, mean=0.64 (+/-0.192036).
Game Durations: N=50, mean=16.36 (+/-1.409748).
P1: N=25, mean=16.36 (+/-1.666466).
P2: N=25, mean=16.36 (+/-2.310426).
=====================================================
=====================================================
Completed 60 games.

Agent 1 (EntropySHUCTAnytime)
Winning score (between 0 and 1) : N=60, mean=0.45 (+/-0.126943).
P1: N=30, mean=0.433333 (+/-0.180353).
P2: N=30, mean=0.466667 (+/-0.181573).
Game Durations: N=60, mean=16.083333 (+/-1.337522).
P1: N=30, mean=16.233333 (+/-2.150488).
P2: N=30, mean=15.933333 (+/-1.627477).

Agent 2 (SHUCTAnyTime)
Winning score (between 0 and 1) : N=60, mean=0.55 (+/-0.126943).
P1: N=30, mean=0.533333 (+/-0.181573).
P2: N=30, mean=0.566667 (+/-0.180353).
Game Durations: N=60, mean=16.083333 (+/-1.337522).
P1: N=30, mean=15.933333 (+/-1.627477).
P2: N=30, mean=16.233333 (+/-2.150488).
=====================================================
=====================================================
Completed 70 games.

Agent 1 (EntropySHUCTAnytime)
Winning score (between 0 and 1) : N=70, mean=0.428571 (+/-0.116766).
P1: N=35, mean=0.428571 (+/-0.166341).
P2: N=35, mean=0.428571 (+/-0.166341).
Game Durations: N=70, mean=15.9 (+/-1.19193).
P1: N=35, mean=15.857143 (+/-1.893176).
P2: N=35, mean=15.942857 (+/-1.477102).

Agent 2 (SHUCTAnyTime)
Winning score (between 0 and 1) : N=70, mean=0.571429 (+/-0.116766).
P1: N=35, mean=0.571429 (+/-0.166341).
P2: N=35, mean=0.571429 (+/-0.166341).
Game Durations: N=70, mean=15.9 (+/-1.19193).
P1: N=35, mean=15.942857 (+/-1.477102).
P2: N=35, mean=15.857143 (+/-1.893176).
=====================================================
=====================================================
Completed 80 games.

Agent 1 (EntropySHUCTAnytime)
Winning score (between 0 and 1) : N=80, mean=0.4 (+/-0.108029).
P1: N=40, mean=0.4 (+/-0.153752).
P2: N=40, mean=0.4 (+/-0.153752).
Game Durations: N=80, mean=15.775 (+/-1.104753).
P1: N=40, mean=15.7 (+/-1.742051).
P2: N=40, mean=15.85 (+/-1.381541).

Agent 2 (SHUCTAnyTime)
Winning score (between 0 and 1) : N=80, mean=0.6 (+/-0.108029).
P1: N=40, mean=0.6 (+/-0.153752).
P2: N=40, mean=0.6 (+/-0.153752).
Game Durations: N=80, mean=15.775 (+/-1.104753).
P1: N=40, mean=15.85 (+/-1.381541).
P2: N=40, mean=15.7 (+/-1.742051).
=====================================================
=====================================================
Completed 90 games.

Agent 1 (EntropySHUCTAnytime)
Winning score (between 0 and 1) : N=90, mean=0.422222 (+/-0.102613).
P1: N=45, mean=0.444444 (+/-0.146823).
P2: N=45, mean=0.4 (+/-0.144753).
Game Durations: N=90, mean=15.877778 (+/-1.035923).
P1: N=45, mean=15.511111 (+/-1.591331).
P2: N=45, mean=16.244444 (+/-1.336232).

Agent 2 (SHUCTAnyTime)
Winning score (between 0 and 1) : N=90, mean=0.577778 (+/-0.102613).
P1: N=45, mean=0.6 (+/-0.144753).
P2: N=45, mean=0.555556 (+/-0.146823).
Game Durations: N=90, mean=15.877778 (+/-1.035923).
P1: N=45, mean=16.244444 (+/-1.336232).
P2: N=45, mean=15.511111 (+/-1.591331).
=====================================================
=====================================================
Completed 100 games.

Agent 1 (EntropySHUCTAnytime)
Winning score (between 0 and 1) : N=100, mean=0.4 (+/-0.096502).
P1: N=50, mean=0.42 (+/-0.138194).
P2: N=50, mean=0.38 (+/-0.135905).
Game Durations: N=100, mean=15.8 (+/-0.995107).
P1: N=50, mean=15.74 (+/-1.538502).
P2: N=50, mean=15.86 (+/-1.27821).

Agent 2 (SHUCTAnyTime)
Winning score (between 0 and 1) : N=100, mean=0.6 (+/-0.096502).
P1: N=50, mean=0.62 (+/-0.135905).
P2: N=50, mean=0.58 (+/-0.138194).
Game Durations: N=100, mean=15.8 (+/-0.995107).
P1: N=50, mean=15.86 (+/-1.27821).
P2: N=50, mean=15.74 (+/-1.538502).
=====================================================
