Warming up...
Finished warming up!
=====================================================
Completed 1 games.

Agent 1 (EntropySHUCTAnytime)
Winning score (between 0 and 1) : N=1, mean=1 (+/-0).
P1: N=1, mean=1 (+/-0).
P2: N=0, mean=0 (+/-0).
Game Durations: N=1, mean=15 (+/-0).
P1: N=1, mean=15 (+/-0).
P2: N=0, mean=0 (+/-0).

Agent 2 (SHUCTAnyTime)
Winning score (between 0 and 1) : N=1, mean=0 (+/-0).
P1: N=0, mean=0 (+/-0).
P2: N=1, mean=0 (+/-0).
Game Durations: N=1, mean=15 (+/-0).
P1: N=0, mean=0 (+/-0).
P2: N=1, mean=15 (+/-0).
=====================================================
=====================================================
Completed 2 games.

Agent 1 (EntropySHUCTAnytime)
Winning score (between 0 and 1) : N=2, mean=1 (+/-0).
P1: N=1, mean=1 (+/-0).
P2: N=1, mean=1 (+/-0).
Game Durations: N=2, mean=12.5 (+/-4.8999).
P1: N=1, mean=15 (+/-0).
P2: N=1, mean=10 (+/-0).

Agent 2 (SHUCTAnyTime)
Winning score (between 0 and 1) : N=2, mean=0 (+/-0).
P1: N=1, mean=0 (+/-0).
P2: N=1, mean=0 (+/-0).
Game Durations: N=2, mean=12.5 (+/-4.8999).
P1: N=1, mean=10 (+/-0).
P2: N=1, mean=15 (+/-0).
=====================================================
=====================================================
Completed 3 games.

Agent 1 (EntropySHUCTAnytime)
Winning score (between 0 and 1) : N=3, mean=1 (+/-0).
P1: N=2, mean=1 (+/-0).
P2: N=1, mean=1 (+/-0).
Game Durations: N=3, mean=18 (+/-11.144804).
P1: N=2, mean=22 (+/-13.71972).
P2: N=1, mean=10 (+/-0).

Agent 2 (SHUCTAnyTime)
Winning score (between 0 and 1) : N=3, mean=0 (+/-0).
P1: N=1, mean=0 (+/-0).
P2: N=2, mean=0 (+/-0).
Game Durations: N=3, mean=18 (+/-11.144804).
P1: N=1, mean=10 (+/-0).
P2: N=2, mean=22 (+/-13.71972).
=====================================================
=====================================================
Completed 4 games.

Agent 1 (EntropySHUCTAnytime)
Winning score (between 0 and 1) : N=4, mean=0.75 (+/-0.48999).
P1: N=2, mean=1 (+/-0).
P2: N=2, mean=0.5 (+/-0.97998).
Game Durations: N=4, mean=16.25 (+/-8.594635).
P1: N=2, mean=22 (+/-13.71972).
P2: N=2, mean=10.5 (+/-0.97998).

Agent 2 (SHUCTAnyTime)
Winning score (between 0 and 1) : N=4, mean=0.25 (+/-0.48999).
P1: N=2, mean=0.5 (+/-0.97998).
P2: N=2, mean=0 (+/-0).
Game Durations: N=4, mean=16.25 (+/-8.594635).
P1: N=2, mean=10.5 (+/-0.97998).
P2: N=2, mean=22 (+/-13.71972).
=====================================================
=====================================================
Completed 5 games.

Agent 1 (EntropySHUCTAnytime)
Winning score (between 0 and 1) : N=5, mean=0.6 (+/-0.48009).
P1: N=3, mean=0.666667 (+/-0.65332).
P2: N=2, mean=0.5 (+/-0.97998).
Game Durations: N=5, mean=16.2 (+/-6.658097).
P1: N=3, mean=20 (+/-8.837949).
P2: N=2, mean=10.5 (+/-0.97998).

Agent 2 (SHUCTAnyTime)
Winning score (between 0 and 1) : N=5, mean=0.4 (+/-0.48009).
P1: N=2, mean=0.5 (+/-0.97998).
P2: N=3, mean=0.333333 (+/-0.65332).
Game Durations: N=5, mean=16.2 (+/-6.658097).
P1: N=2, mean=10.5 (+/-0.97998).
P2: N=3, mean=20 (+/-8.837949).
=====================================================
=====================================================
Completed 10 games.

Agent 1 (EntropySHUCTAnytime)
Winning score (between 0 and 1) : N=10, mean=0.5 (+/-0.32666).
P1: N=5, mean=0.6 (+/-0.48009).
P2: N=5, mean=0.4 (+/-0.48009).
Game Durations: N=10, mean=15 (+/-3.876121).
P1: N=5, mean=15.4 (+/-7.349197).
P2: N=5, mean=14.6 (+/-3.645736).

Agent 2 (SHUCTAnyTime)
Winning score (between 0 and 1) : N=10, mean=0.5 (+/-0.32666).
P1: N=5, mean=0.6 (+/-0.48009).
P2: N=5, mean=0.4 (+/-0.48009).
Game Durations: N=10, mean=15 (+/-3.876121).
P1: N=5, mean=14.6 (+/-3.645736).
P2: N=5, mean=15.4 (+/-7.349197).
=====================================================
=====================================================
Completed 20 games.

Agent 1 (EntropySHUCTAnytime)
Winning score (between 0 and 1) : N=20, mean=0.45 (+/-0.223696).
P1: N=10, mean=0.5 (+/-0.32666).
P2: N=10, mean=0.4 (+/-0.32006).
Game Durations: N=20, mean=15.25 (+/-2.636761).
P1: N=10, mean=15.7 (+/-4.090952).
P2: N=10, mean=14.8 (+/-3.527928).

Agent 2 (SHUCTAnyTime)
Winning score (between 0 and 1) : N=20, mean=0.55 (+/-0.223696).
P1: N=10, mean=0.6 (+/-0.32006).
P2: N=10, mean=0.5 (+/-0.32666).
Game Durations: N=20, mean=15.25 (+/-2.636761).
P1: N=10, mean=14.8 (+/-3.527928).
P2: N=10, mean=15.7 (+/-4.090952).
=====================================================
=====================================================
Completed 30 games.

Agent 1 (EntropySHUCTAnytime)
Winning score (between 0 and 1) : N=30, mean=0.5 (+/-0.181978).
P1: N=15, mean=0.533333 (+/-0.261328).
P2: N=15, mean=0.466667 (+/-0.261328).
Game Durations: N=30, mean=15.266667 (+/-2.092735).
P1: N=15, mean=14.533333 (+/-2.912539).
P2: N=15, mean=16 (+/-3.06036).

Agent 2 (SHUCTAnyTime)
Winning score (between 0 and 1) : N=30, mean=0.5 (+/-0.181978).
P1: N=15, mean=0.533333 (+/-0.261328).
P2: N=15, mean=0.466667 (+/-0.261328).
Game Durations: N=30, mean=15.266667 (+/-2.092735).
P1: N=15, mean=16 (+/-3.06036).
P2: N=15, mean=14.533333 (+/-2.912539).
=====================================================
=====================================================
Completed 40 games.

Agent 1 (EntropySHUCTAnytime)
Winning score (between 0 and 1) : N=40, mean=0.5 (+/-0.156922).
P1: N=20, mean=0.5 (+/-0.224823).
P2: N=20, mean=0.5 (+/-0.224823).
Game Durations: N=40, mean=16.55 (+/-1.81644).
P1: N=20, mean=15.7 (+/-2.463221).
P2: N=20, mean=17.4 (+/-2.680582).

Agent 2 (SHUCTAnyTime)
Winning score (between 0 and 1) : N=40, mean=0.5 (+/-0.156922).
P1: N=20, mean=0.5 (+/-0.224823).
P2: N=20, mean=0.5 (+/-0.224823).
Game Durations: N=40, mean=16.55 (+/-1.81644).
P1: N=20, mean=17.4 (+/-2.680582).
P2: N=20, mean=15.7 (+/-2.463221).
=====================================================
=====================================================
Completed 50 games.

Agent 1 (EntropySHUCTAnytime)
Winning score (between 0 and 1) : N=50, mean=0.48 (+/-0.139885).
P1: N=25, mean=0.52 (+/-0.199877).
P2: N=25, mean=0.44 (+/-0.198592).
Game Durations: N=50, mean=16.38 (+/-1.519097).
P1: N=25, mean=15.88 (+/-2.006192).
P2: N=25, mean=16.88 (+/-2.306099).

Agent 2 (SHUCTAnyTime)
Winning score (between 0 and 1) : N=50, mean=0.52 (+/-0.139885).
P1: N=25, mean=0.56 (+/-0.198592).
P2: N=25, mean=0.48 (+/-0.199877).
Game Durations: N=50, mean=16.38 (+/-1.519097).
P1: N=25, mean=16.88 (+/-2.306099).
P2: N=25, mean=15.88 (+/-2.006192).
=====================================================
=====================================================
Completed 60 games.

Agent 1 (EntropySHUCTAnytime)
Winning score (between 0 and 1) : N=60, mean=0.45 (+/-0.126943).
P1: N=30, mean=0.533333 (+/-0.181573).
P2: N=30, mean=0.366667 (+/-0.175388).
Game Durations: N=60, mean=15.983333 (+/-1.323822).
P1: N=30, mean=15.4 (+/-1.789437).
P2: N=30, mean=16.566667 (+/-1.959246).

Agent 2 (SHUCTAnyTime)
Winning score (between 0 and 1) : N=60, mean=0.55 (+/-0.126943).
P1: N=30, mean=0.633333 (+/-0.175388).
P2: N=30, mean=0.466667 (+/-0.181573).
Game Durations: N=60, mean=15.983333 (+/-1.323822).
P1: N=30, mean=16.566667 (+/-1.959246).
P2: N=30, mean=15.4 (+/-1.789437).
=====================================================
=====================================================
Completed 70 games.

Agent 1 (EntropySHUCTAnytime)
Winning score (between 0 and 1) : N=70, mean=0.428571 (+/-0.116766).
P1: N=35, mean=0.514286 (+/-0.167997).
P2: N=35, mean=0.342857 (+/-0.159549).
Game Durations: N=70, mean=15.785714 (+/-1.152402).
P1: N=35, mean=15.257143 (+/-1.560834).
P2: N=35, mean=16.314286 (+/-1.700266).

Agent 2 (SHUCTAnyTime)
Winning score (between 0 and 1) : N=70, mean=0.571429 (+/-0.116766).
P1: N=35, mean=0.657143 (+/-0.159549).
P2: N=35, mean=0.485714 (+/-0.167997).
Game Durations: N=70, mean=15.785714 (+/-1.152402).
P1: N=35, mean=16.314286 (+/-1.700266).
P2: N=35, mean=15.257143 (+/-1.560834).
=====================================================
=====================================================
Completed 80 games.

Agent 1 (EntropySHUCTAnytime)
Winning score (between 0 and 1) : N=80, mean=0.425 (+/-0.109009).
P1: N=40, mean=0.5 (+/-0.156922).
P2: N=40, mean=0.35 (+/-0.149694).
Game Durations: N=80, mean=15.45 (+/-1.063788).
P1: N=40, mean=15 (+/-1.420993).
P2: N=40, mean=15.9 (+/-1.589183).

Agent 2 (SHUCTAnyTime)
Winning score (between 0 and 1) : N=80, mean=0.575 (+/-0.109009).
P1: N=40, mean=0.65 (+/-0.149694).
P2: N=40, mean=0.5 (+/-0.156922).
Game Durations: N=80, mean=15.45 (+/-1.063788).
P1: N=40, mean=15.9 (+/-1.589183).
P2: N=40, mean=15 (+/-1.420993).
=====================================================
=====================================================
Completed 90 games.

Agent 1 (EntropySHUCTAnytime)
Winning score (between 0 and 1) : N=90, mean=0.411111 (+/-0.102223).
P1: N=45, mean=0.488889 (+/-0.147701).
P2: N=45, mean=0.333333 (+/-0.139288).
Game Durations: N=90, mean=15.488889 (+/-0.995996).
P1: N=45, mean=15.111111 (+/-1.305485).
P2: N=45, mean=15.866667 (+/-1.511262).

Agent 2 (SHUCTAnyTime)
Winning score (between 0 and 1) : N=90, mean=0.588889 (+/-0.102223).
P1: N=45, mean=0.666667 (+/-0.139288).
P2: N=45, mean=0.511111 (+/-0.147701).
Game Durations: N=90, mean=15.488889 (+/-0.995996).
P1: N=45, mean=15.866667 (+/-1.511262).
P2: N=45, mean=15.111111 (+/-1.305485).
=====================================================
=====================================================
Completed 100 games.

Agent 1 (EntropySHUCTAnytime)
Winning score (between 0 and 1) : N=100, mean=0.43 (+/-0.097522).
P1: N=50, mean=0.5 (+/-0.139997).
P2: N=50, mean=0.36 (+/-0.134397).
Game Durations: N=100, mean=15.69 (+/-0.956818).
P1: N=50, mean=15.66 (+/-1.303234).
P2: N=50, mean=15.72 (+/-1.414501).

Agent 2 (SHUCTAnyTime)
Winning score (between 0 and 1) : N=100, mean=0.57 (+/-0.097522).
P1: N=50, mean=0.64 (+/-0.134397).
P2: N=50, mean=0.5 (+/-0.139997).
Game Durations: N=100, mean=15.69 (+/-0.956818).
P1: N=50, mean=15.72 (+/-1.414501).
P2: N=50, mean=15.66 (+/-1.303234).
=====================================================
