Warming up...
Finished warming up!
=====================================================
Completed 1 games.

Agent 1 (EntropySHUCTAnytime)
Winning score (between 0 and 1) : N=1, mean=0 (+/-0).
P1: N=1, mean=0 (+/-0).
P2: N=0, mean=0 (+/-0).
Game Durations: N=1, mean=12 (+/-0).
P1: N=1, mean=12 (+/-0).
P2: N=0, mean=0 (+/-0).

Agent 2 (Example UCT)
Winning score (between 0 and 1) : N=1, mean=1 (+/-0).
P1: N=0, mean=0 (+/-0).
P2: N=1, mean=1 (+/-0).
Game Durations: N=1, mean=12 (+/-0).
P1: N=0, mean=0 (+/-0).
P2: N=1, mean=12 (+/-0).
=====================================================
=====================================================
Completed 2 games.

Agent 1 (EntropySHUCTAnytime)
Winning score (between 0 and 1) : N=2, mean=0 (+/-0).
P1: N=1, mean=0 (+/-0).
P2: N=1, mean=0 (+/-0).
Game Durations: N=2, mean=11.5 (+/-0.97998).
P1: N=1, mean=12 (+/-0).
P2: N=1, mean=11 (+/-0).

Agent 2 (Example UCT)
Winning score (between 0 and 1) : N=2, mean=1 (+/-0).
P1: N=1, mean=1 (+/-0).
P2: N=1, mean=1 (+/-0).
Game Durations: N=2, mean=11.5 (+/-0.97998).
P1: N=1, mean=11 (+/-0).
P2: N=1, mean=12 (+/-0).
=====================================================
=====================================================
Completed 3 games.

Agent 1 (EntropySHUCTAnytime)
Winning score (between 0 and 1) : N=3, mean=0 (+/-0).
P1: N=2, mean=0 (+/-0).
P2: N=1, mean=0 (+/-0).
Game Durations: N=3, mean=12.333333 (+/-1.728522).
P1: N=2, mean=13 (+/-1.95996).
P2: N=1, mean=11 (+/-0).

Agent 2 (Example UCT)
Winning score (between 0 and 1) : N=3, mean=1 (+/-0).
P1: N=1, mean=1 (+/-0).
P2: N=2, mean=1 (+/-0).
Game Durations: N=3, mean=12.333333 (+/-1.728522).
P1: N=1, mean=11 (+/-0).
P2: N=2, mean=13 (+/-1.95996).
=====================================================
=====================================================
Completed 4 games.

Agent 1 (EntropySHUCTAnytime)
Winning score (between 0 and 1) : N=4, mean=0.25 (+/-0.48999).
P1: N=2, mean=0 (+/-0).
P2: N=2, mean=0.5 (+/-0.97998).
Game Durations: N=4, mean=13.25 (+/-2.172964).
P1: N=2, mean=13 (+/-1.95996).
P2: N=2, mean=13.5 (+/-4.8999).

Agent 2 (Example UCT)
Winning score (between 0 and 1) : N=4, mean=0.75 (+/-0.48999).
P1: N=2, mean=0.5 (+/-0.97998).
P2: N=2, mean=1 (+/-0).
Game Durations: N=4, mean=13.25 (+/-2.172964).
P1: N=2, mean=13.5 (+/-4.8999).
P2: N=2, mean=13 (+/-1.95996).
=====================================================
=====================================================
Completed 5 games.

Agent 1 (EntropySHUCTAnytime)
Winning score (between 0 and 1) : N=5, mean=0.4 (+/-0.48009).
P1: N=3, mean=0.333333 (+/-0.65332).
P2: N=2, mean=0.5 (+/-0.97998).
Game Durations: N=5, mean=13.2 (+/-1.686021).
P1: N=3, mean=13 (+/-1.131583).
P2: N=2, mean=13.5 (+/-4.8999).

Agent 2 (Example UCT)
Winning score (between 0 and 1) : N=5, mean=0.6 (+/-0.48009).
P1: N=2, mean=0.5 (+/-0.97998).
P2: N=3, mean=0.666667 (+/-0.65332).
Game Durations: N=5, mean=13.2 (+/-1.686021).
P1: N=2, mean=13.5 (+/-4.8999).
P2: N=3, mean=13 (+/-1.131583).
=====================================================
=====================================================
Completed 10 games.

Agent 1 (EntropySHUCTAnytime)
Winning score (between 0 and 1) : N=10, mean=0.4 (+/-0.32006).
P1: N=5, mean=0.2 (+/-0.391992).
P2: N=5, mean=0.6 (+/-0.48009).
Game Durations: N=10, mean=13.7 (+/-1.729756).
P1: N=5, mean=13.8 (+/-3.302983).
P2: N=5, mean=13.6 (+/-1.592279).

Agent 2 (Example UCT)
Winning score (between 0 and 1) : N=10, mean=0.6 (+/-0.32006).
P1: N=5, mean=0.4 (+/-0.48009).
P2: N=5, mean=0.8 (+/-0.391992).
Game Durations: N=10, mean=13.7 (+/-1.729756).
P1: N=5, mean=13.6 (+/-1.592279).
P2: N=5, mean=13.8 (+/-3.302983).
=====================================================
=====================================================
Completed 20 games.

Agent 1 (EntropySHUCTAnytime)
Winning score (between 0 and 1) : N=20, mean=0.55 (+/-0.223696).
P1: N=10, mean=0.3 (+/-0.299389).
P2: N=10, mean=0.8 (+/-0.261328).
Game Durations: N=20, mean=15.05 (+/-1.772967).
P1: N=10, mean=15.3 (+/-2.878318).
P2: N=10, mean=14.8 (+/-2.221288).

Agent 2 (Example UCT)
Winning score (between 0 and 1) : N=20, mean=0.45 (+/-0.223696).
P1: N=10, mean=0.2 (+/-0.261328).
P2: N=10, mean=0.7 (+/-0.299389).
Game Durations: N=20, mean=15.05 (+/-1.772967).
P1: N=10, mean=14.8 (+/-2.221288).
P2: N=10, mean=15.3 (+/-2.878318).
=====================================================
=====================================================
Completed 30 games.

Agent 1 (EntropySHUCTAnytime)
Winning score (between 0 and 1) : N=30, mean=0.5 (+/-0.181978).
P1: N=15, mean=0.333333 (+/-0.246932).
P2: N=15, mean=0.666667 (+/-0.246932).
Game Durations: N=30, mean=16.066667 (+/-1.735151).
P1: N=15, mean=16.333333 (+/-2.476714).
P2: N=15, mean=15.8 (+/-2.509973).

Agent 2 (Example UCT)
Winning score (between 0 and 1) : N=30, mean=0.5 (+/-0.181978).
P1: N=15, mean=0.333333 (+/-0.246932).
P2: N=15, mean=0.666667 (+/-0.246932).
Game Durations: N=30, mean=16.066667 (+/-1.735151).
P1: N=15, mean=15.8 (+/-2.509973).
P2: N=15, mean=16.333333 (+/-2.476714).
=====================================================
=====================================================
Completed 40 games.

Agent 1 (EntropySHUCTAnytime)
Winning score (between 0 and 1) : N=40, mean=0.5 (+/-0.156922).
P1: N=20, mean=0.45 (+/-0.223696).
P2: N=20, mean=0.55 (+/-0.223696).
Game Durations: N=40, mean=15.3 (+/-1.436847).
P1: N=20, mean=15.25 (+/-2.188417).
P2: N=20, mean=15.35 (+/-1.919703).

Agent 2 (Example UCT)
Winning score (between 0 and 1) : N=40, mean=0.5 (+/-0.156922).
P1: N=20, mean=0.45 (+/-0.223696).
P2: N=20, mean=0.55 (+/-0.223696).
Game Durations: N=40, mean=15.3 (+/-1.436847).
P1: N=20, mean=15.35 (+/-1.919703).
P2: N=20, mean=15.25 (+/-2.188417).
=====================================================
=====================================================
Completed 50 games.

Agent 1 (EntropySHUCTAnytime)
Winning score (between 0 and 1) : N=50, mean=0.5 (+/-0.139997).
P1: N=25, mean=0.52 (+/-0.199877).
P2: N=25, mean=0.48 (+/-0.199877).
Game Durations: N=50, mean=15.44 (+/-1.207759).
P1: N=25, mean=15.72 (+/-1.801742).
P2: N=25, mean=15.16 (+/-1.63857).

Agent 2 (Example UCT)
Winning score (between 0 and 1) : N=50, mean=0.5 (+/-0.139997).
P1: N=25, mean=0.52 (+/-0.199877).
P2: N=25, mean=0.48 (+/-0.199877).
Game Durations: N=50, mean=15.44 (+/-1.207759).
P1: N=25, mean=15.16 (+/-1.63857).
P2: N=25, mean=15.72 (+/-1.801742).
=====================================================
=====================================================
Completed 60 games.

Agent 1 (EntropySHUCTAnytime)
Winning score (between 0 and 1) : N=60, mean=0.533333 (+/-0.127299).
P1: N=30, mean=0.566667 (+/-0.180353).
P2: N=30, mean=0.5 (+/-0.181978).
Game Durations: N=60, mean=16 (+/-1.114188).
P1: N=30, mean=16.1 (+/-1.617726).
P2: N=30, mean=15.9 (+/-1.559355).

Agent 2 (Example UCT)
Winning score (between 0 and 1) : N=60, mean=0.466667 (+/-0.127299).
P1: N=30, mean=0.5 (+/-0.181978).
P2: N=30, mean=0.433333 (+/-0.180353).
Game Durations: N=60, mean=16 (+/-1.114188).
P1: N=30, mean=15.9 (+/-1.559355).
P2: N=30, mean=16.1 (+/-1.617726).
=====================================================
=====================================================
Completed 70 games.

Agent 1 (EntropySHUCTAnytime)
Winning score (between 0 and 1) : N=70, mean=0.514286 (+/-0.117928).
P1: N=35, mean=0.571429 (+/-0.166341).
P2: N=35, mean=0.457143 (+/-0.167447).
Game Durations: N=70, mean=15.585714 (+/-1.01799).
P1: N=35, mean=15.714286 (+/-1.50015).
P2: N=35, mean=15.457143 (+/-1.397136).

Agent 2 (Example UCT)
Winning score (between 0 and 1) : N=70, mean=0.485714 (+/-0.117928).
P1: N=35, mean=0.542857 (+/-0.167447).
P2: N=35, mean=0.428571 (+/-0.166341).
Game Durations: N=70, mean=15.585714 (+/-1.01799).
P1: N=35, mean=15.457143 (+/-1.397136).
P2: N=35, mean=15.714286 (+/-1.50015).
=====================================================
=====================================================
Completed 80 games.

Agent 1 (EntropySHUCTAnytime)
Winning score (between 0 and 1) : N=80, mean=0.5 (+/-0.110256).
P1: N=40, mean=0.575 (+/-0.155147).
P2: N=40, mean=0.425 (+/-0.155147).
Game Durations: N=80, mean=15.4 (+/-0.937244).
P1: N=40, mean=15.275 (+/-1.391199).
P2: N=40, mean=15.525 (+/-1.272886).

Agent 2 (Example UCT)
Winning score (between 0 and 1) : N=80, mean=0.5 (+/-0.110256).
P1: N=40, mean=0.575 (+/-0.155147).
P2: N=40, mean=0.425 (+/-0.155147).
Game Durations: N=80, mean=15.4 (+/-0.937244).
P1: N=40, mean=15.525 (+/-1.272886).
P2: N=40, mean=15.275 (+/-1.391199).
=====================================================
=====================================================
Completed 90 games.

Agent 1 (EntropySHUCTAnytime)
Winning score (between 0 and 1) : N=90, mean=0.5 (+/-0.103878).
P1: N=45, mean=0.6 (+/-0.144753).
P2: N=45, mean=0.4 (+/-0.144753).
Game Durations: N=90, mean=15.355556 (+/-0.858449).
P1: N=45, mean=15.266667 (+/-1.287795).
P2: N=45, mean=15.444444 (+/-1.149539).

Agent 2 (Example UCT)
Winning score (between 0 and 1) : N=90, mean=0.5 (+/-0.103878).
P1: N=45, mean=0.6 (+/-0.144753).
P2: N=45, mean=0.4 (+/-0.144753).
Game Durations: N=90, mean=15.355556 (+/-0.858449).
P1: N=45, mean=15.444444 (+/-1.149539).
P2: N=45, mean=15.266667 (+/-1.287795).
=====================================================
=====================================================
Completed 100 games.

Agent 1 (EntropySHUCTAnytime)
Winning score (between 0 and 1) : N=100, mean=0.48 (+/-0.098413).
P1: N=50, mean=0.56 (+/-0.138986).
P2: N=50, mean=0.4 (+/-0.137169).
Game Durations: N=100, mean=15.74 (+/-0.862967).
P1: N=50, mean=15.68 (+/-1.305434).
P2: N=50, mean=15.8 (+/-1.142157).

Agent 2 (Example UCT)
Winning score (between 0 and 1) : N=100, mean=0.52 (+/-0.098413).
P1: N=50, mean=0.6 (+/-0.137169).
P2: N=50, mean=0.44 (+/-0.138986).
Game Durations: N=100, mean=15.74 (+/-0.862967).
P1: N=50, mean=15.8 (+/-1.142157).
P2: N=50, mean=15.68 (+/-1.305434).
=====================================================
