Warming up...
Finished warming up!
=====================================================
Completed 1 games.

Agent 1 (EntropySHUCTAnytime)
Winning score (between 0 and 1) : N=1, mean=0 (+/-0).
P1: N=1, mean=0 (+/-0).
P2: N=0, mean=0 (+/-0).
Game Durations: N=1, mean=14 (+/-0).
P1: N=1, mean=14 (+/-0).
P2: N=0, mean=0 (+/-0).

Agent 2 (Example UCT)
Winning score (between 0 and 1) : N=1, mean=1 (+/-0).
P1: N=0, mean=0 (+/-0).
P2: N=1, mean=1 (+/-0).
Game Durations: N=1, mean=14 (+/-0).
P1: N=0, mean=0 (+/-0).
P2: N=1, mean=14 (+/-0).
=====================================================
=====================================================
Completed 2 games.

Agent 1 (EntropySHUCTAnytime)
Winning score (between 0 and 1) : N=2, mean=0.5 (+/-0.97998).
P1: N=1, mean=0 (+/-0).
P2: N=1, mean=1 (+/-0).
Game Durations: N=2, mean=12 (+/-3.91992).
P1: N=1, mean=14 (+/-0).
P2: N=1, mean=10 (+/-0).

Agent 2 (Example UCT)
Winning score (between 0 and 1) : N=2, mean=0.5 (+/-0.97998).
P1: N=1, mean=0 (+/-0).
P2: N=1, mean=1 (+/-0).
Game Durations: N=2, mean=12 (+/-3.91992).
P1: N=1, mean=10 (+/-0).
P2: N=1, mean=14 (+/-0).
=====================================================
=====================================================
Completed 3 games.

Agent 1 (EntropySHUCTAnytime)
Winning score (between 0 and 1) : N=3, mean=0.333333 (+/-0.65332).
P1: N=2, mean=0 (+/-0).
P2: N=1, mean=1 (+/-0).
Game Durations: N=3, mean=12 (+/-2.263167).
P1: N=2, mean=13 (+/-1.95996).
P2: N=1, mean=10 (+/-0).

Agent 2 (Example UCT)
Winning score (between 0 and 1) : N=3, mean=0.666667 (+/-0.65332).
P1: N=1, mean=0 (+/-0).
P2: N=2, mean=1 (+/-0).
Game Durations: N=3, mean=12 (+/-2.263167).
P1: N=1, mean=10 (+/-0).
P2: N=2, mean=13 (+/-1.95996).
=====================================================
=====================================================
Completed 4 games.

Agent 1 (EntropySHUCTAnytime)
Winning score (between 0 and 1) : N=4, mean=0.5 (+/-0.565792).
P1: N=2, mean=0 (+/-0).
P2: N=2, mean=1 (+/-0).
Game Durations: N=4, mean=13.5 (+/-3.347269).
P1: N=2, mean=13 (+/-1.95996).
P2: N=2, mean=14 (+/-7.83984).

Agent 2 (Example UCT)
Winning score (between 0 and 1) : N=4, mean=0.5 (+/-0.565792).
P1: N=2, mean=0 (+/-0).
P2: N=2, mean=1 (+/-0).
Game Durations: N=4, mean=13.5 (+/-3.347269).
P1: N=2, mean=14 (+/-7.83984).
P2: N=2, mean=13 (+/-1.95996).
=====================================================
=====================================================
Completed 5 games.

Agent 1 (EntropySHUCTAnytime)
Winning score (between 0 and 1) : N=5, mean=0.6 (+/-0.48009).
P1: N=3, mean=0.333333 (+/-0.65332).
P2: N=2, mean=1 (+/-0).
Game Durations: N=5, mean=15.8 (+/-5.200362).
P1: N=3, mean=17 (+/-7.921084).
P2: N=2, mean=14 (+/-7.83984).

Agent 2 (Example UCT)
Winning score (between 0 and 1) : N=5, mean=0.4 (+/-0.48009).
P1: N=2, mean=0 (+/-0).
P2: N=3, mean=0.666667 (+/-0.65332).
Game Durations: N=5, mean=15.8 (+/-5.200362).
P1: N=2, mean=14 (+/-7.83984).
P2: N=3, mean=17 (+/-7.921084).
=====================================================
=====================================================
Completed 10 games.

Agent 1 (EntropySHUCTAnytime)
Winning score (between 0 and 1) : N=10, mean=0.4 (+/-0.32006).
P1: N=5, mean=0.4 (+/-0.48009).
P2: N=5, mean=0.4 (+/-0.48009).
Game Durations: N=10, mean=16.5 (+/-2.881282).
P1: N=5, mean=17.2 (+/-4.856589).
P2: N=5, mean=15.8 (+/-3.581958).

Agent 2 (Example UCT)
Winning score (between 0 and 1) : N=10, mean=0.6 (+/-0.32006).
P1: N=5, mean=0.6 (+/-0.48009).
P2: N=5, mean=0.6 (+/-0.48009).
Game Durations: N=10, mean=16.5 (+/-2.881282).
P1: N=5, mean=15.8 (+/-3.581958).
P2: N=5, mean=17.2 (+/-4.856589).
=====================================================
=====================================================
Completed 20 games.

Agent 1 (EntropySHUCTAnytime)
Winning score (between 0 and 1) : N=20, mean=0.25 (+/-0.194702).
P1: N=10, mean=0.3 (+/-0.299389).
P2: N=10, mean=0.2 (+/-0.261328).
Game Durations: N=20, mean=15.35 (+/-2.162394).
P1: N=10, mean=15.1 (+/-3.193258).
P2: N=10, mean=15.6 (+/-3.081012).

Agent 2 (Example UCT)
Winning score (between 0 and 1) : N=20, mean=0.75 (+/-0.194702).
P1: N=10, mean=0.8 (+/-0.261328).
P2: N=10, mean=0.7 (+/-0.299389).
Game Durations: N=20, mean=15.35 (+/-2.162394).
P1: N=10, mean=15.6 (+/-3.081012).
P2: N=10, mean=15.1 (+/-3.193258).
=====================================================
=====================================================
Completed 30 games.

Agent 1 (EntropySHUCTAnytime)
Winning score (between 0 and 1) : N=30, mean=0.2 (+/-0.145582).
P1: N=15, mean=0.266667 (+/-0.231643).
P2: N=15, mean=0.133333 (+/-0.178065).
Game Durations: N=30, mean=16.033333 (+/-2.093895).
P1: N=15, mean=16.933333 (+/-3.057171).
P2: N=15, mean=15.133333 (+/-2.893636).

Agent 2 (Example UCT)
Winning score (between 0 and 1) : N=30, mean=0.8 (+/-0.145582).
P1: N=15, mean=0.866667 (+/-0.178065).
P2: N=15, mean=0.733333 (+/-0.231643).
Game Durations: N=30, mean=16.033333 (+/-2.093895).
P1: N=15, mean=15.133333 (+/-2.893636).
P2: N=15, mean=16.933333 (+/-3.057171).
=====================================================
=====================================================
Completed 40 games.

Agent 1 (EntropySHUCTAnytime)
Winning score (between 0 and 1) : N=40, mean=0.15 (+/-0.112065).
P1: N=20, mean=0.2 (+/-0.179858).
P2: N=20, mean=0.1 (+/-0.134894).
Game Durations: N=40, mean=15.45 (+/-1.679803).
P1: N=20, mean=16.5 (+/-2.410956).
P2: N=20, mean=14.4 (+/-2.307694).

Agent 2 (Example UCT)
Winning score (between 0 and 1) : N=40, mean=0.85 (+/-0.112065).
P1: N=20, mean=0.9 (+/-0.134894).
P2: N=20, mean=0.8 (+/-0.179858).
Game Durations: N=40, mean=15.45 (+/-1.679803).
P1: N=20, mean=14.4 (+/-2.307694).
P2: N=20, mean=16.5 (+/-2.410956).
=====================================================
=====================================================
Completed 50 games.

Agent 1 (EntropySHUCTAnytime)
Winning score (between 0 and 1) : N=50, mean=0.14 (+/-0.097154).
P1: N=25, mean=0.2 (+/-0.16003).
P2: N=25, mean=0.08 (+/-0.108538).
Game Durations: N=50, mean=15.96 (+/-1.668691).
P1: N=25, mean=15.88 (+/-2.037856).
P2: N=25, mean=16.04 (+/-2.686123).

Agent 2 (Example UCT)
Winning score (between 0 and 1) : N=50, mean=0.86 (+/-0.097154).
P1: N=25, mean=0.92 (+/-0.108538).
P2: N=25, mean=0.8 (+/-0.16003).
Game Durations: N=50, mean=15.96 (+/-1.668691).
P1: N=25, mean=16.04 (+/-2.686123).
P2: N=25, mean=15.88 (+/-2.037856).
=====================================================
=====================================================
Completed 60 games.

Agent 1 (EntropySHUCTAnytime)
Winning score (between 0 and 1) : N=60, mean=0.15 (+/-0.091112).
P1: N=30, mean=0.233333 (+/-0.153936).
P2: N=30, mean=0.066667 (+/-0.090786).
Game Durations: N=60, mean=16.316667 (+/-1.47061).
P1: N=30, mean=16.7 (+/-1.856173).
P2: N=30, mean=15.933333 (+/-2.305562).

Agent 2 (Example UCT)
Winning score (between 0 and 1) : N=60, mean=0.85 (+/-0.091112).
P1: N=30, mean=0.933333 (+/-0.090786).
P2: N=30, mean=0.766667 (+/-0.153936).
Game Durations: N=60, mean=16.316667 (+/-1.47061).
P1: N=30, mean=15.933333 (+/-2.305562).
P2: N=30, mean=16.7 (+/-1.856173).
=====================================================
=====================================================
Completed 70 games.

Agent 1 (EntropySHUCTAnytime)
Winning score (between 0 and 1) : N=70, mean=0.157143 (+/-0.085871).
P1: N=35, mean=0.228571 (+/-0.141145).
P2: N=35, mean=0.085714 (+/-0.094097).
Game Durations: N=70, mean=15.971429 (+/-1.30946).
P1: N=35, mean=16.285714 (+/-1.655633).
P2: N=35, mean=15.657143 (+/-2.048454).

Agent 2 (Example UCT)
Winning score (between 0 and 1) : N=70, mean=0.842857 (+/-0.085871).
P1: N=35, mean=0.914286 (+/-0.094097).
P2: N=35, mean=0.771429 (+/-0.141145).
Game Durations: N=70, mean=15.971429 (+/-1.30946).
P1: N=35, mean=15.657143 (+/-2.048454).
P2: N=35, mean=16.285714 (+/-1.655633).
=====================================================
=====================================================
Completed 80 games.

Agent 1 (EntropySHUCTAnytime)
Winning score (between 0 and 1) : N=80, mean=0.1625 (+/-0.081349).
P1: N=40, mean=0.225 (+/-0.131056).
P2: N=40, mean=0.1 (+/-0.094153).
Game Durations: N=80, mean=15.5625 (+/-1.203181).
P1: N=40, mean=15.925 (+/-1.53814).
P2: N=40, mean=15.2 (+/-1.863614).

Agent 2 (Example UCT)
Winning score (between 0 and 1) : N=80, mean=0.8375 (+/-0.081349).
P1: N=40, mean=0.9 (+/-0.094153).
P2: N=40, mean=0.775 (+/-0.131056).
Game Durations: N=80, mean=15.5625 (+/-1.203181).
P1: N=40, mean=15.2 (+/-1.863614).
P2: N=40, mean=15.925 (+/-1.53814).
=====================================================
=====================================================
Completed 90 games.

Agent 1 (EntropySHUCTAnytime)
Winning score (between 0 and 1) : N=90, mean=0.177778 (+/-0.07943).
P1: N=45, mean=0.222222 (+/-0.122841).
P2: N=45, mean=0.133333 (+/-0.100442).
Game Durations: N=90, mean=15.7 (+/-1.100406).
P1: N=45, mean=15.866667 (+/-1.376912).
P2: N=45, mean=15.533333 (+/-1.731438).

Agent 2 (Example UCT)
Winning score (between 0 and 1) : N=90, mean=0.822222 (+/-0.07943).
P1: N=45, mean=0.866667 (+/-0.100442).
P2: N=45, mean=0.777778 (+/-0.122841).
Game Durations: N=90, mean=15.7 (+/-1.100406).
P1: N=45, mean=15.533333 (+/-1.731438).
P2: N=45, mean=15.866667 (+/-1.376912).
=====================================================
=====================================================
Completed 100 games.

Agent 1 (EntropySHUCTAnytime)
Winning score (between 0 and 1) : N=100, mean=0.16 (+/-0.072215).
P1: N=50, mean=0.2 (+/-0.111998).
P2: N=50, mean=0.12 (+/-0.090987).
Game Durations: N=100, mean=15.8 (+/-1.023935).
P1: N=50, mean=15.96 (+/-1.316819).
P2: N=50, mean=15.64 (+/-1.580676).

Agent 2 (Example UCT)
Winning score (between 0 and 1) : N=100, mean=0.84 (+/-0.072215).
P1: N=50, mean=0.88 (+/-0.090987).
P2: N=50, mean=0.8 (+/-0.111998).
Game Durations: N=100, mean=15.8 (+/-1.023935).
P1: N=50, mean=15.64 (+/-1.580676).
P2: N=50, mean=15.96 (+/-1.316819).
=====================================================
