Warming up...
Finished warming up!
=====================================================
Completed 1 games.

Agent 1 (EntropySHUCTAnytime)
Winning score (between 0 and 1) : N=1, mean=1 (+/-0).
P1: N=1, mean=1 (+/-0).
P2: N=0, mean=0 (+/-0).
Game Durations: N=1, mean=13 (+/-0).
P1: N=1, mean=13 (+/-0).
P2: N=0, mean=0 (+/-0).

Agent 2 (Example UCT)
Winning score (between 0 and 1) : N=1, mean=0 (+/-0).
P1: N=0, mean=0 (+/-0).
P2: N=1, mean=0 (+/-0).
Game Durations: N=1, mean=13 (+/-0).
P1: N=0, mean=0 (+/-0).
P2: N=1, mean=13 (+/-0).
=====================================================
=====================================================
Completed 2 games.

Agent 1 (EntropySHUCTAnytime)
Winning score (between 0 and 1) : N=2, mean=0.5 (+/-0.97998).
P1: N=1, mean=1 (+/-0).
P2: N=1, mean=0 (+/-0).
Game Durations: N=2, mean=13 (+/-0).
P1: N=1, mean=13 (+/-0).
P2: N=1, mean=13 (+/-0).

Agent 2 (Example UCT)
Winning score (between 0 and 1) : N=2, mean=0.5 (+/-0.97998).
P1: N=1, mean=1 (+/-0).
P2: N=1, mean=0 (+/-0).
Game Durations: N=2, mean=13 (+/-0).
P1: N=1, mean=13 (+/-0).
P2: N=1, mean=13 (+/-0).
=====================================================
=====================================================
Completed 3 games.

Agent 1 (EntropySHUCTAnytime)
Winning score (between 0 and 1) : N=3, mean=0.666667 (+/-0.65332).
P1: N=2, mean=1 (+/-0).
P2: N=1, mean=0 (+/-0).
Game Durations: N=3, mean=13 (+/-0).
P1: N=2, mean=13 (+/-0).
P2: N=1, mean=13 (+/-0).

Agent 2 (Example UCT)
Winning score (between 0 and 1) : N=3, mean=0.333333 (+/-0.65332).
P1: N=1, mean=1 (+/-0).
P2: N=2, mean=0 (+/-0).
Game Durations: N=3, mean=13 (+/-0).
P1: N=1, mean=13 (+/-0).
P2: N=2, mean=13 (+/-0).
=====================================================
=====================================================
Completed 4 games.

Agent 1 (EntropySHUCTAnytime)
Winning score (between 0 and 1) : N=4, mean=0.5 (+/-0.565792).
P1: N=2, mean=1 (+/-0).
P2: N=2, mean=0 (+/-0).
Game Durations: N=4, mean=13 (+/-0).
P1: N=2, mean=13 (+/-0).
P2: N=2, mean=13 (+/-0).

Agent 2 (Example UCT)
Winning score (between 0 and 1) : N=4, mean=0.5 (+/-0.565792).
P1: N=2, mean=1 (+/-0).
P2: N=2, mean=0 (+/-0).
Game Durations: N=4, mean=13 (+/-0).
P1: N=2, mean=13 (+/-0).
P2: N=2, mean=13 (+/-0).
=====================================================
=====================================================
Completed 5 games.

Agent 1 (EntropySHUCTAnytime)
Winning score (between 0 and 1) : N=5, mean=0.4 (+/-0.48009).
P1: N=3, mean=0.666667 (+/-0.65332).
P2: N=2, mean=0 (+/-0).
Game Durations: N=5, mean=12 (+/-1.95996).
P1: N=3, mean=11.333333 (+/-3.2666).
P2: N=2, mean=13 (+/-0).

Agent 2 (Example UCT)
Winning score (between 0 and 1) : N=5, mean=0.6 (+/-0.48009).
P1: N=2, mean=1 (+/-0).
P2: N=3, mean=0.333333 (+/-0.65332).
Game Durations: N=5, mean=12 (+/-1.95996).
P1: N=2, mean=13 (+/-0).
P2: N=3, mean=11.333333 (+/-3.2666).
=====================================================
=====================================================
Completed 10 games.

Agent 1 (EntropySHUCTAnytime)
Winning score (between 0 and 1) : N=10, mean=0.2 (+/-0.261328).
P1: N=5, mean=0.4 (+/-0.48009).
P2: N=5, mean=0 (+/-0).
Game Durations: N=10, mean=12.1 (+/-2.095722).
P1: N=5, mean=12.4 (+/-4.320812).
P2: N=5, mean=11.8 (+/-0.96018).

Agent 2 (Example UCT)
Winning score (between 0 and 1) : N=10, mean=0.8 (+/-0.261328).
P1: N=5, mean=1 (+/-0).
P2: N=5, mean=0.6 (+/-0.48009).
Game Durations: N=10, mean=12.1 (+/-2.095722).
P1: N=5, mean=11.8 (+/-0.96018).
P2: N=5, mean=12.4 (+/-4.320812).
=====================================================
=====================================================
Completed 20 games.

Agent 1 (EntropySHUCTAnytime)
Winning score (between 0 and 1) : N=20, mean=0.35 (+/-0.214467).
P1: N=10, mean=0.6 (+/-0.32006).
P2: N=10, mean=0.1 (+/-0.195996).
Game Durations: N=20, mean=13.65 (+/-1.8663).
P1: N=10, mean=13.8 (+/-2.9334).
P2: N=10, mean=13.5 (+/-2.466229).

Agent 2 (Example UCT)
Winning score (between 0 and 1) : N=20, mean=0.65 (+/-0.214467).
P1: N=10, mean=0.9 (+/-0.195996).
P2: N=10, mean=0.4 (+/-0.32006).
Game Durations: N=20, mean=13.65 (+/-1.8663).
P1: N=10, mean=13.5 (+/-2.466229).
P2: N=10, mean=13.8 (+/-2.9334).
=====================================================
=====================================================
Completed 30 games.

Agent 1 (EntropySHUCTAnytime)
Winning score (between 0 and 1) : N=30, mean=0.266667 (+/-0.160947).
P1: N=15, mean=0.4 (+/-0.256619).
P2: N=15, mean=0.133333 (+/-0.178065).
Game Durations: N=30, mean=15.1 (+/-1.839926).
P1: N=15, mean=15.066667 (+/-2.928823).
P2: N=15, mean=15.133333 (+/-2.333734).

Agent 2 (Example UCT)
Winning score (between 0 and 1) : N=30, mean=0.733333 (+/-0.160947).
P1: N=15, mean=0.866667 (+/-0.178065).
P2: N=15, mean=0.6 (+/-0.256619).
Game Durations: N=30, mean=15.1 (+/-1.839926).
P1: N=15, mean=15.133333 (+/-2.333734).
P2: N=15, mean=15.066667 (+/-2.928823).
=====================================================
=====================================================
Completed 40 games.

Agent 1 (EntropySHUCTAnytime)
Winning score (between 0 and 1) : N=40, mean=0.2 (+/-0.125538).
P1: N=20, mean=0.3 (+/-0.206054).
P2: N=20, mean=0.1 (+/-0.134894).
Game Durations: N=40, mean=14.75 (+/-1.529088).
P1: N=20, mean=14.7 (+/-2.430167).
P2: N=20, mean=14.8 (+/-1.921413).

Agent 2 (Example UCT)
Winning score (between 0 and 1) : N=40, mean=0.8 (+/-0.125538).
P1: N=20, mean=0.9 (+/-0.134894).
P2: N=20, mean=0.7 (+/-0.206054).
Game Durations: N=40, mean=14.75 (+/-1.529088).
P1: N=20, mean=14.8 (+/-1.921413).
P2: N=20, mean=14.7 (+/-2.430167).
=====================================================
=====================================================
Completed 50 games.

Agent 1 (EntropySHUCTAnytime)
Winning score (between 0 and 1) : N=50, mean=0.22 (+/-0.115987).
P1: N=25, mean=0.32 (+/-0.186626).
P2: N=25, mean=0.12 (+/-0.130009).
Game Durations: N=50, mean=15.2 (+/-1.48898).
P1: N=25, mean=16 (+/-2.458428).
P2: N=25, mean=14.4 (+/-1.674591).

Agent 2 (Example UCT)
Winning score (between 0 and 1) : N=50, mean=0.78 (+/-0.115987).
P1: N=25, mean=0.88 (+/-0.130009).
P2: N=25, mean=0.68 (+/-0.186626).
Game Durations: N=50, mean=15.2 (+/-1.48898).
P1: N=25, mean=14.4 (+/-1.674591).
P2: N=25, mean=16 (+/-2.458428).
=====================================================
=====================================================
Completed 60 games.

Agent 1 (EntropySHUCTAnytime)
Winning score (between 0 and 1) : N=60, mean=0.216667 (+/-0.105121).
P1: N=30, mean=0.3 (+/-0.166785).
P2: N=30, mean=0.133333 (+/-0.123721).
Game Durations: N=60, mean=15.116667 (+/-1.33411).
P1: N=30, mean=15.366667 (+/-2.156229).
P2: N=30, mean=14.866667 (+/-1.605076).

Agent 2 (Example UCT)
Winning score (between 0 and 1) : N=60, mean=0.783333 (+/-0.105121).
P1: N=30, mean=0.866667 (+/-0.123721).
P2: N=30, mean=0.7 (+/-0.166785).
Game Durations: N=60, mean=15.116667 (+/-1.33411).
P1: N=30, mean=14.866667 (+/-1.605076).
P2: N=30, mean=15.366667 (+/-2.156229).
=====================================================
=====================================================
Completed 70 games.

Agent 1 (EntropySHUCTAnytime)
Winning score (between 0 and 1) : N=70, mean=0.214286 (+/-0.096817).
P1: N=35, mean=0.285714 (+/-0.151848).
P2: N=35, mean=0.142857 (+/-0.117621).
Game Durations: N=70, mean=15.285714 (+/-1.328856).
P1: N=35, mean=15.257143 (+/-2.066341).
P2: N=35, mean=15.314286 (+/-1.702164).

Agent 2 (Example UCT)
Winning score (between 0 and 1) : N=70, mean=0.785714 (+/-0.096817).
P1: N=35, mean=0.857143 (+/-0.117621).
P2: N=35, mean=0.714286 (+/-0.151848).
Game Durations: N=70, mean=15.285714 (+/-1.328856).
P1: N=35, mean=15.314286 (+/-1.702164).
P2: N=35, mean=15.257143 (+/-2.066341).
=====================================================
=====================================================
Completed 80 games.

Agent 1 (EntropySHUCTAnytime)
Winning score (between 0 and 1) : N=80, mean=0.2125 (+/-0.090207).
P1: N=40, mean=0.275 (+/-0.140136).
P2: N=40, mean=0.15 (+/-0.112065).
Game Durations: N=80, mean=15.1625 (+/-1.19385).
P1: N=40, mean=15.225 (+/-1.818523).
P2: N=40, mean=15.1 (+/-1.570479).

Agent 2 (Example UCT)
Winning score (between 0 and 1) : N=80, mean=0.7875 (+/-0.090207).
P1: N=40, mean=0.85 (+/-0.112065).
P2: N=40, mean=0.725 (+/-0.140136).
Game Durations: N=80, mean=15.1625 (+/-1.19385).
P1: N=40, mean=15.1 (+/-1.570479).
P2: N=40, mean=15.225 (+/-1.818523).
=====================================================
=====================================================
Completed 90 games.

Agent 1 (EntropySHUCTAnytime)
Winning score (between 0 and 1) : N=90, mean=0.233333 (+/-0.087871).
P1: N=45, mean=0.288889 (+/-0.133923).
P2: N=45, mean=0.177778 (+/-0.112968).
Game Durations: N=90, mean=15.311111 (+/-1.093935).
P1: N=45, mean=15.266667 (+/-1.624844).
P2: N=45, mean=15.355556 (+/-1.483477).

Agent 2 (Example UCT)
Winning score (between 0 and 1) : N=90, mean=0.766667 (+/-0.087871).
P1: N=45, mean=0.822222 (+/-0.112968).
P2: N=45, mean=0.711111 (+/-0.133923).
Game Durations: N=90, mean=15.311111 (+/-1.093935).
P1: N=45, mean=15.355556 (+/-1.483477).
P2: N=45, mean=15.266667 (+/-1.624844).
=====================================================
=====================================================
Completed 100 games.

Agent 1 (EntropySHUCTAnytime)
Winning score (between 0 and 1) : N=100, mean=0.22 (+/-0.0816).
P1: N=50, mean=0.28 (+/-0.125717).
P2: N=50, mean=0.16 (+/-0.102648).
Game Durations: N=100, mean=15.52 (+/-1.07043).
P1: N=50, mean=15.32 (+/-1.585312).
P2: N=50, mean=15.72 (+/-1.452779).

Agent 2 (Example UCT)
Winning score (between 0 and 1) : N=100, mean=0.78 (+/-0.0816).
P1: N=50, mean=0.84 (+/-0.102648).
P2: N=50, mean=0.72 (+/-0.125717).
Game Durations: N=100, mean=15.52 (+/-1.07043).
P1: N=50, mean=15.72 (+/-1.452779).
P2: N=50, mean=15.32 (+/-1.585312).
=====================================================
