Warming up...
Finished warming up!
=====================================================
Completed 1 games.

Agent 1 (EntropySHUCTAnytime)
Winning score (between 0 and 1) : N=1, mean=0 (+/-0).
P1: N=0, mean=0 (+/-0).
P2: N=1, mean=0 (+/-0).
Game Durations: N=1, mean=11 (+/-0).
P1: N=0, mean=0 (+/-0).
P2: N=1, mean=11 (+/-0).

Agent 2 (Example UCT)
Winning score (between 0 and 1) : N=1, mean=1 (+/-0).
P1: N=1, mean=1 (+/-0).
P2: N=0, mean=0 (+/-0).
Game Durations: N=1, mean=11 (+/-0).
P1: N=1, mean=11 (+/-0).
P2: N=0, mean=0 (+/-0).
=====================================================
=====================================================
Completed 2 games.

Agent 1 (EntropySHUCTAnytime)
Winning score (between 0 and 1) : N=2, mean=0 (+/-0).
P1: N=1, mean=0 (+/-0).
P2: N=1, mean=0 (+/-0).
Game Durations: N=2, mean=16.5 (+/-10.77978).
P1: N=1, mean=22 (+/-0).
P2: N=1, mean=11 (+/-0).

Agent 2 (Example UCT)
Winning score (between 0 and 1) : N=2, mean=1 (+/-0).
P1: N=1, mean=1 (+/-0).
P2: N=1, mean=1 (+/-0).
Game Durations: N=2, mean=16.5 (+/-10.77978).
P1: N=1, mean=11 (+/-0).
P2: N=1, mean=22 (+/-0).
=====================================================
=====================================================
Completed 3 games.

Agent 1 (EntropySHUCTAnytime)
Winning score (between 0 and 1) : N=3, mean=0 (+/-0).
P1: N=1, mean=0 (+/-0).
P2: N=2, mean=0 (+/-0).
Game Durations: N=3, mean=14.666667 (+/-7.18652).
P1: N=1, mean=22 (+/-0).
P2: N=2, mean=11 (+/-0).

Agent 2 (Example UCT)
Winning score (between 0 and 1) : N=3, mean=1 (+/-0).
P1: N=2, mean=1 (+/-0).
P2: N=1, mean=1 (+/-0).
Game Durations: N=3, mean=14.666667 (+/-7.18652).
P1: N=2, mean=11 (+/-0).
P2: N=1, mean=22 (+/-0).
=====================================================
=====================================================
Completed 4 games.

Agent 1 (EntropySHUCTAnytime)
Winning score (between 0 and 1) : N=4, mean=0 (+/-0).
P1: N=2, mean=0 (+/-0).
P2: N=2, mean=0 (+/-0).
Game Durations: N=4, mean=14 (+/-5.246937).
P1: N=2, mean=17 (+/-9.7998).
P2: N=2, mean=11 (+/-0).

Agent 2 (Example UCT)
Winning score (between 0 and 1) : N=4, mean=1 (+/-0).
P1: N=2, mean=1 (+/-0).
P2: N=2, mean=1 (+/-0).
Game Durations: N=4, mean=14 (+/-5.246937).
P1: N=2, mean=11 (+/-0).
P2: N=2, mean=17 (+/-9.7998).
=====================================================
=====================================================
Completed 5 games.

Agent 1 (EntropySHUCTAnytime)
Winning score (between 0 and 1) : N=5, mean=0 (+/-0).
P1: N=2, mean=0 (+/-0).
P2: N=3, mean=0 (+/-0).
Game Durations: N=5, mean=14.2 (+/-4.083119).
P1: N=2, mean=17 (+/-9.7998).
P2: N=3, mean=12.333333 (+/-2.61328).

Agent 2 (Example UCT)
Winning score (between 0 and 1) : N=5, mean=1 (+/-0).
P1: N=3, mean=1 (+/-0).
P2: N=2, mean=1 (+/-0).
Game Durations: N=5, mean=14.2 (+/-4.083119).
P1: N=3, mean=12.333333 (+/-2.61328).
P2: N=2, mean=17 (+/-9.7998).
=====================================================
=====================================================
Completed 10 games.

Agent 1 (EntropySHUCTAnytime)
Winning score (between 0 and 1) : N=10, mean=0.2 (+/-0.261328).
P1: N=5, mean=0.4 (+/-0.48009).
P2: N=5, mean=0 (+/-0).
Game Durations: N=10, mean=13.7 (+/-2.427855).
P1: N=5, mean=14.4 (+/-4.744561).
P2: N=5, mean=13 (+/-1.753042).

Agent 2 (Example UCT)
Winning score (between 0 and 1) : N=10, mean=0.8 (+/-0.261328).
P1: N=5, mean=1 (+/-0).
P2: N=5, mean=0.6 (+/-0.48009).
Game Durations: N=10, mean=13.7 (+/-2.427855).
P1: N=5, mean=13 (+/-1.753042).
P2: N=5, mean=14.4 (+/-4.744561).
=====================================================
=====================================================
Completed 20 games.

Agent 1 (EntropySHUCTAnytime)
Winning score (between 0 and 1) : N=20, mean=0.25 (+/-0.194702).
P1: N=10, mean=0.4 (+/-0.32006).
P2: N=10, mean=0.1 (+/-0.195996).
Game Durations: N=20, mean=15.25 (+/-1.75808).
P1: N=10, mean=15.2 (+/-2.690536).
P2: N=10, mean=15.3 (+/-2.410211).

Agent 2 (Example UCT)
Winning score (between 0 and 1) : N=20, mean=0.75 (+/-0.194702).
P1: N=10, mean=0.9 (+/-0.195996).
P2: N=10, mean=0.6 (+/-0.32006).
Game Durations: N=20, mean=15.25 (+/-1.75808).
P1: N=10, mean=15.3 (+/-2.410211).
P2: N=10, mean=15.2 (+/-2.690536).
=====================================================
=====================================================
Completed 30 games.

Agent 1 (EntropySHUCTAnytime)
Winning score (between 0 and 1) : N=30, mean=0.333333 (+/-0.17157).
P1: N=15, mean=0.4 (+/-0.256619).
P2: N=15, mean=0.266667 (+/-0.231643).
Game Durations: N=30, mean=14.833333 (+/-1.561431).
P1: N=15, mean=14.4 (+/-2.145324).
P2: N=15, mean=15.266667 (+/-2.322734).

Agent 2 (Example UCT)
Winning score (between 0 and 1) : N=30, mean=0.666667 (+/-0.17157).
P1: N=15, mean=0.733333 (+/-0.231643).
P2: N=15, mean=0.6 (+/-0.256619).
Game Durations: N=30, mean=14.833333 (+/-1.561431).
P1: N=15, mean=15.266667 (+/-2.322734).
P2: N=15, mean=14.4 (+/-2.145324).
=====================================================
=====================================================
Completed 40 games.

Agent 1 (EntropySHUCTAnytime)
Winning score (between 0 and 1) : N=40, mean=0.325 (+/-0.146997).
P1: N=20, mean=0.3 (+/-0.206054).
P2: N=20, mean=0.35 (+/-0.214467).
Game Durations: N=40, mean=14.475 (+/-1.340723).
P1: N=20, mean=13.9 (+/-1.675797).
P2: N=20, mean=15.05 (+/-2.106507).

Agent 2 (Example UCT)
Winning score (between 0 and 1) : N=40, mean=0.675 (+/-0.146997).
P1: N=20, mean=0.65 (+/-0.214467).
P2: N=20, mean=0.7 (+/-0.206054).
Game Durations: N=40, mean=14.475 (+/-1.340723).
P1: N=20, mean=15.05 (+/-2.106507).
P2: N=20, mean=13.9 (+/-1.675797).
=====================================================
=====================================================
Completed 50 games.

Agent 1 (EntropySHUCTAnytime)
Winning score (between 0 and 1) : N=50, mean=0.34 (+/-0.132636).
P1: N=25, mean=0.28 (+/-0.179633).
P2: N=25, mean=0.4 (+/-0.195996).
Game Durations: N=50, mean=14.68 (+/-1.20031).
P1: N=25, mean=14.76 (+/-1.664159).
P2: N=25, mean=14.6 (+/-1.763964).

Agent 2 (Example UCT)
Winning score (between 0 and 1) : N=50, mean=0.66 (+/-0.132636).
P1: N=25, mean=0.6 (+/-0.195996).
P2: N=25, mean=0.72 (+/-0.179633).
Game Durations: N=50, mean=14.68 (+/-1.20031).
P1: N=25, mean=14.6 (+/-1.763964).
P2: N=25, mean=14.76 (+/-1.664159).
=====================================================
=====================================================
Completed 60 games.

Agent 1 (EntropySHUCTAnytime)
Winning score (between 0 and 1) : N=60, mean=0.316667 (+/-0.118697).
P1: N=30, mean=0.3 (+/-0.166785).
P2: N=30, mean=0.333333 (+/-0.17157).
Game Durations: N=60, mean=15.183333 (+/-1.166053).
P1: N=30, mean=15.1 (+/-1.48093).
P2: N=30, mean=15.266667 (+/-1.826881).

Agent 2 (Example UCT)
Winning score (between 0 and 1) : N=60, mean=0.683333 (+/-0.118697).
P1: N=30, mean=0.666667 (+/-0.17157).
P2: N=30, mean=0.7 (+/-0.166785).
Game Durations: N=60, mean=15.183333 (+/-1.166053).
P1: N=30, mean=15.266667 (+/-1.826881).
P2: N=30, mean=15.1 (+/-1.48093).
=====================================================
=====================================================
Completed 70 games.

Agent 1 (EntropySHUCTAnytime)
Winning score (between 0 and 1) : N=70, mean=0.3 (+/-0.108127).
P1: N=35, mean=0.314286 (+/-0.156042).
P2: N=35, mean=0.285714 (+/-0.151848).
Game Durations: N=70, mean=15.6 (+/-1.251337).
P1: N=35, mean=16.085714 (+/-1.903767).
P2: N=35, mean=15.114286 (+/-1.636414).

Agent 2 (Example UCT)
Winning score (between 0 and 1) : N=70, mean=0.7 (+/-0.108127).
P1: N=35, mean=0.714286 (+/-0.151848).
P2: N=35, mean=0.685714 (+/-0.156042).
Game Durations: N=70, mean=15.6 (+/-1.251337).
P1: N=35, mean=15.114286 (+/-1.636414).
P2: N=35, mean=16.085714 (+/-1.903767).
=====================================================
=====================================================
Completed 80 games.

Agent 1 (EntropySHUCTAnytime)
Winning score (between 0 and 1) : N=80, mean=0.3 (+/-0.101052).
P1: N=40, mean=0.35 (+/-0.149694).
P2: N=40, mean=0.25 (+/-0.135899).
Game Durations: N=80, mean=15.475 (+/-1.146335).
P1: N=40, mean=16.15 (+/-1.725504).
P2: N=40, mean=14.8 (+/-1.502199).

Agent 2 (Example UCT)
Winning score (between 0 and 1) : N=80, mean=0.7 (+/-0.101052).
P1: N=40, mean=0.75 (+/-0.135899).
P2: N=40, mean=0.65 (+/-0.149694).
Game Durations: N=80, mean=15.475 (+/-1.146335).
P1: N=40, mean=14.8 (+/-1.502199).
P2: N=40, mean=16.15 (+/-1.725504).
=====================================================
=====================================================
Completed 90 games.

Agent 1 (EntropySHUCTAnytime)
Winning score (between 0 and 1) : N=90, mean=0.3 (+/-0.095205).
P1: N=45, mean=0.333333 (+/-0.139288).
P2: N=45, mean=0.266667 (+/-0.130664).
Game Durations: N=90, mean=15.688889 (+/-1.102668).
P1: N=45, mean=15.888889 (+/-1.560057).
P2: N=45, mean=15.488889 (+/-1.57417).

Agent 2 (Example UCT)
Winning score (between 0 and 1) : N=90, mean=0.7 (+/-0.095205).
P1: N=45, mean=0.733333 (+/-0.130664).
P2: N=45, mean=0.666667 (+/-0.139288).
Game Durations: N=90, mean=15.688889 (+/-1.102668).
P1: N=45, mean=15.488889 (+/-1.57417).
P2: N=45, mean=15.888889 (+/-1.560057).
=====================================================
=====================================================
Completed 100 games.

Agent 1 (EntropySHUCTAnytime)
Winning score (between 0 and 1) : N=100, mean=0.29 (+/-0.089384).
P1: N=50, mean=0.32 (+/-0.130611).
P2: N=50, mean=0.26 (+/-0.122815).
Game Durations: N=100, mean=15.99 (+/-1.0617).
P1: N=50, mean=16.04 (+/-1.487884).
P2: N=50, mean=15.94 (+/-1.529917).

Agent 2 (Example UCT)
Winning score (between 0 and 1) : N=100, mean=0.71 (+/-0.089384).
P1: N=50, mean=0.74 (+/-0.122815).
P2: N=50, mean=0.68 (+/-0.130611).
Game Durations: N=100, mean=15.99 (+/-1.0617).
P1: N=50, mean=15.94 (+/-1.529917).
P2: N=50, mean=16.04 (+/-1.487884).
=====================================================
