Warming up...
Finished warming up!
=====================================================
Completed 1 games.

Agent 1 (EntropySHUCTAnytime)
Winning score (between 0 and 1) : N=1, mean=1 (+/-0).
P1: N=1, mean=1 (+/-0).
P2: N=0, mean=0 (+/-0).
Game Durations: N=1, mean=17 (+/-0).
P1: N=1, mean=17 (+/-0).
P2: N=0, mean=0 (+/-0).

Agent 2 (Example UCT)
Winning score (between 0 and 1) : N=1, mean=0 (+/-0).
P1: N=0, mean=0 (+/-0).
P2: N=1, mean=0 (+/-0).
Game Durations: N=1, mean=17 (+/-0).
P1: N=0, mean=0 (+/-0).
P2: N=1, mean=17 (+/-0).
=====================================================
=====================================================
Completed 2 games.

Agent 1 (EntropySHUCTAnytime)
Winning score (between 0 and 1) : N=2, mean=0.5 (+/-0.97998).
P1: N=1, mean=1 (+/-0).
P2: N=1, mean=0 (+/-0).
Game Durations: N=2, mean=15 (+/-3.91992).
P1: N=1, mean=17 (+/-0).
P2: N=1, mean=13 (+/-0).

Agent 2 (Example UCT)
Winning score (between 0 and 1) : N=2, mean=0.5 (+/-0.97998).
P1: N=1, mean=1 (+/-0).
P2: N=1, mean=0 (+/-0).
Game Durations: N=2, mean=15 (+/-3.91992).
P1: N=1, mean=13 (+/-0).
P2: N=1, mean=17 (+/-0).
=====================================================
=====================================================
Completed 3 games.

Agent 1 (EntropySHUCTAnytime)
Winning score (between 0 and 1) : N=3, mean=0.666667 (+/-0.65332).
P1: N=2, mean=1 (+/-0).
P2: N=1, mean=0 (+/-0).
Game Durations: N=3, mean=13.666667 (+/-3.457044).
P1: N=2, mean=14 (+/-5.87988).
P2: N=1, mean=13 (+/-0).

Agent 2 (Example UCT)
Winning score (between 0 and 1) : N=3, mean=0.333333 (+/-0.65332).
P1: N=1, mean=1 (+/-0).
P2: N=2, mean=0 (+/-0).
Game Durations: N=3, mean=13.666667 (+/-3.457044).
P1: N=1, mean=13 (+/-0).
P2: N=2, mean=14 (+/-5.87988).
=====================================================
=====================================================
Completed 4 games.

Agent 1 (EntropySHUCTAnytime)
Winning score (between 0 and 1) : N=4, mean=0.5 (+/-0.565792).
P1: N=2, mean=1 (+/-0).
P2: N=2, mean=0 (+/-0).
Game Durations: N=4, mean=16.5 (+/-6.06744).
P1: N=2, mean=14 (+/-5.87988).
P2: N=2, mean=19 (+/-11.75976).

Agent 2 (Example UCT)
Winning score (between 0 and 1) : N=4, mean=0.5 (+/-0.565792).
P1: N=2, mean=1 (+/-0).
P2: N=2, mean=0 (+/-0).
Game Durations: N=4, mean=16.5 (+/-6.06744).
P1: N=2, mean=19 (+/-11.75976).
P2: N=2, mean=14 (+/-5.87988).
=====================================================
=====================================================
Completed 5 games.

Agent 1 (EntropySHUCTAnytime)
Winning score (between 0 and 1) : N=5, mean=0.4 (+/-0.48009).
P1: N=3, mean=0.666667 (+/-0.65332).
P2: N=2, mean=0 (+/-0).
Game Durations: N=5, mean=16.4 (+/-4.703904).
P1: N=3, mean=14.666667 (+/-3.637532).
P2: N=2, mean=19 (+/-11.75976).

Agent 2 (Example UCT)
Winning score (between 0 and 1) : N=5, mean=0.6 (+/-0.48009).
P1: N=2, mean=1 (+/-0).
P2: N=3, mean=0.333333 (+/-0.65332).
Game Durations: N=5, mean=16.4 (+/-4.703904).
P1: N=2, mean=19 (+/-11.75976).
P2: N=3, mean=14.666667 (+/-3.637532).
=====================================================
=====================================================
Completed 10 games.

Agent 1 (EntropySHUCTAnytime)
Winning score (between 0 and 1) : N=10, mean=0.6 (+/-0.32006).
P1: N=5, mean=0.8 (+/-0.391992).
P2: N=5, mean=0.4 (+/-0.48009).
Game Durations: N=10, mean=17.7 (+/-2.630374).
P1: N=5, mean=16 (+/-3.160341).
P2: N=5, mean=19.4 (+/-3.94921).

Agent 2 (Example UCT)
Winning score (between 0 and 1) : N=10, mean=0.4 (+/-0.32006).
P1: N=5, mean=0.6 (+/-0.48009).
P2: N=5, mean=0.2 (+/-0.391992).
Game Durations: N=10, mean=17.7 (+/-2.630374).
P1: N=5, mean=19.4 (+/-3.94921).
P2: N=5, mean=16 (+/-3.160341).
=====================================================
=====================================================
Completed 20 games.

Agent 1 (EntropySHUCTAnytime)
Winning score (between 0 and 1) : N=20, mean=0.4 (+/-0.22028).
P1: N=10, mean=0.5 (+/-0.32666).
P2: N=10, mean=0.3 (+/-0.299389).
Game Durations: N=20, mean=16.8 (+/-2.182519).
P1: N=10, mean=14.7 (+/-1.894628).
P2: N=10, mean=18.9 (+/-3.571815).

Agent 2 (Example UCT)
Winning score (between 0 and 1) : N=20, mean=0.6 (+/-0.22028).
P1: N=10, mean=0.7 (+/-0.299389).
P2: N=10, mean=0.5 (+/-0.32666).
Game Durations: N=20, mean=16.8 (+/-2.182519).
P1: N=10, mean=18.9 (+/-3.571815).
P2: N=10, mean=14.7 (+/-1.894628).
=====================================================
=====================================================
Completed 30 games.

Agent 1 (EntropySHUCTAnytime)
Winning score (between 0 and 1) : N=30, mean=0.366667 (+/-0.175388).
P1: N=15, mean=0.533333 (+/-0.261328).
P2: N=15, mean=0.2 (+/-0.209529).
Game Durations: N=30, mean=16.466667 (+/-1.789766).
P1: N=15, mean=16.266667 (+/-2.159488).
P2: N=15, mean=16.666667 (+/-2.930072).

Agent 2 (Example UCT)
Winning score (between 0 and 1) : N=30, mean=0.633333 (+/-0.175388).
P1: N=15, mean=0.8 (+/-0.209529).
P2: N=15, mean=0.466667 (+/-0.261328).
Game Durations: N=30, mean=16.466667 (+/-1.789766).
P1: N=15, mean=16.666667 (+/-2.930072).
P2: N=15, mean=16.266667 (+/-2.159488).
=====================================================
=====================================================
Completed 40 games.

Agent 1 (EntropySHUCTAnytime)
Winning score (between 0 and 1) : N=40, mean=0.325 (+/-0.146997).
P1: N=20, mean=0.5 (+/-0.224823).
P2: N=20, mean=0.15 (+/-0.160556).
Game Durations: N=40, mean=15.825 (+/-1.558023).
P1: N=20, mean=15.7 (+/-1.929289).
P2: N=20, mean=15.95 (+/-2.497356).

Agent 2 (Example UCT)
Winning score (between 0 and 1) : N=40, mean=0.675 (+/-0.146997).
P1: N=20, mean=0.85 (+/-0.160556).
P2: N=20, mean=0.5 (+/-0.224823).
Game Durations: N=40, mean=15.825 (+/-1.558023).
P1: N=20, mean=15.95 (+/-2.497356).
P2: N=20, mean=15.7 (+/-1.929289).
=====================================================
=====================================================
Completed 50 games.

Agent 1 (EntropySHUCTAnytime)
Winning score (between 0 and 1) : N=50, mean=0.32 (+/-0.130611).
P1: N=25, mean=0.44 (+/-0.198592).
P2: N=25, mean=0.2 (+/-0.16003).
Game Durations: N=50, mean=15.66 (+/-1.328259).
P1: N=25, mean=16.04 (+/-1.676425).
P2: N=25, mean=15.28 (+/-2.085063).

Agent 2 (Example UCT)
Winning score (between 0 and 1) : N=50, mean=0.68 (+/-0.130611).
P1: N=25, mean=0.8 (+/-0.16003).
P2: N=25, mean=0.56 (+/-0.198592).
Game Durations: N=50, mean=15.66 (+/-1.328259).
P1: N=25, mean=15.28 (+/-2.085063).
P2: N=25, mean=16.04 (+/-1.676425).
=====================================================
=====================================================
Completed 60 games.

Agent 1 (EntropySHUCTAnytime)
Winning score (between 0 and 1) : N=60, mean=0.333333 (+/-0.120286).
P1: N=30, mean=0.466667 (+/-0.181573).
P2: N=30, mean=0.2 (+/-0.145582).
Game Durations: N=60, mean=15.133333 (+/-1.199065).
P1: N=30, mean=15.2 (+/-1.62603).
P2: N=30, mean=15.066667 (+/-1.79026).

Agent 2 (Example UCT)
Winning score (between 0 and 1) : N=60, mean=0.666667 (+/-0.120286).
P1: N=30, mean=0.8 (+/-0.145582).
P2: N=30, mean=0.533333 (+/-0.181573).
Game Durations: N=60, mean=15.133333 (+/-1.199065).
P1: N=30, mean=15.066667 (+/-1.79026).
P2: N=30, mean=15.2 (+/-1.62603).
=====================================================
=====================================================
Completed 70 games.

Agent 1 (EntropySHUCTAnytime)
Winning score (between 0 and 1) : N=70, mean=0.342857 (+/-0.111998).
P1: N=35, mean=0.457143 (+/-0.167447).
P2: N=35, mean=0.228571 (+/-0.141145).
Game Durations: N=70, mean=15.671429 (+/-1.166688).
P1: N=35, mean=15.485714 (+/-1.48022).
P2: N=35, mean=15.857143 (+/-1.823697).

Agent 2 (Example UCT)
Winning score (between 0 and 1) : N=70, mean=0.657143 (+/-0.111998).
P1: N=35, mean=0.771429 (+/-0.141145).
P2: N=35, mean=0.542857 (+/-0.167447).
Game Durations: N=70, mean=15.671429 (+/-1.166688).
P1: N=35, mean=15.857143 (+/-1.823697).
P2: N=35, mean=15.485714 (+/-1.48022).
=====================================================
=====================================================
Completed 80 games.

Agent 1 (EntropySHUCTAnytime)
Winning score (between 0 and 1) : N=80, mean=0.325 (+/-0.103283).
P1: N=40, mean=0.45 (+/-0.156136).
P2: N=40, mean=0.2 (+/-0.125538).
Game Durations: N=80, mean=15.575 (+/-1.053958).
P1: N=40, mean=15.25 (+/-1.316185).
P2: N=40, mean=15.9 (+/-1.657445).

Agent 2 (Example UCT)
Winning score (between 0 and 1) : N=80, mean=0.675 (+/-0.103283).
P1: N=40, mean=0.8 (+/-0.125538).
P2: N=40, mean=0.55 (+/-0.156136).
Game Durations: N=80, mean=15.575 (+/-1.053958).
P1: N=40, mean=15.9 (+/-1.657445).
P2: N=40, mean=15.25 (+/-1.316185).
=====================================================
=====================================================
Completed 90 games.

Agent 1 (EntropySHUCTAnytime)
Winning score (between 0 and 1) : N=90, mean=0.322222 (+/-0.09709).
P1: N=45, mean=0.444444 (+/-0.146823).
P2: N=45, mean=0.2 (+/-0.11819).
Game Durations: N=90, mean=15.511111 (+/-0.989716).
P1: N=45, mean=15.288889 (+/-1.265336).
P2: N=45, mean=15.733333 (+/-1.533943).

Agent 2 (Example UCT)
Winning score (between 0 and 1) : N=90, mean=0.677778 (+/-0.09709).
P1: N=45, mean=0.8 (+/-0.11819).
P2: N=45, mean=0.555556 (+/-0.146823).
Game Durations: N=90, mean=15.511111 (+/-0.989716).
P1: N=45, mean=15.733333 (+/-1.533943).
P2: N=45, mean=15.288889 (+/-1.265336).
=====================================================
=====================================================
Completed 100 games.

Agent 1 (EntropySHUCTAnytime)
Winning score (between 0 and 1) : N=100, mean=0.31 (+/-0.091103).
P1: N=50, mean=0.42 (+/-0.138194).
P2: N=50, mean=0.2 (+/-0.111998).
Game Durations: N=100, mean=15.57 (+/-0.918566).
P1: N=50, mean=15.42 (+/-1.211557).
P2: N=50, mean=15.72 (+/-1.392155).

Agent 2 (Example UCT)
Winning score (between 0 and 1) : N=100, mean=0.69 (+/-0.091103).
P1: N=50, mean=0.8 (+/-0.111998).
P2: N=50, mean=0.58 (+/-0.138194).
Game Durations: N=100, mean=15.57 (+/-0.918566).
P1: N=50, mean=15.72 (+/-1.392155).
P2: N=50, mean=15.42 (+/-1.211557).
=====================================================
