Warming up...
Finished warming up!
=====================================================
Completed 1 games.

Agent 1 (EntropySHUCTAnytime)
Winning score (between 0 and 1) : N=1, mean=1 (+/-0).
P1: N=0, mean=0 (+/-0).
P2: N=1, mean=1 (+/-0).
Game Durations: N=1, mean=74 (+/-0).
P1: N=0, mean=0 (+/-0).
P2: N=1, mean=74 (+/-0).

Agent 2 (Example UCT)
Winning score (between 0 and 1) : N=1, mean=0 (+/-0).
P1: N=1, mean=0 (+/-0).
P2: N=0, mean=0 (+/-0).
Game Durations: N=1, mean=74 (+/-0).
P1: N=1, mean=74 (+/-0).
P2: N=0, mean=0 (+/-0).
=====================================================
=====================================================
Completed 2 games.

Agent 1 (EntropySHUCTAnytime)
Winning score (between 0 and 1) : N=2, mean=1 (+/-0).
P1: N=1, mean=1 (+/-0).
P2: N=1, mean=1 (+/-0).
Game Durations: N=2, mean=73.5 (+/-0.97998).
P1: N=1, mean=73 (+/-0).
P2: N=1, mean=74 (+/-0).

Agent 2 (Example UCT)
Winning score (between 0 and 1) : N=2, mean=0 (+/-0).
P1: N=1, mean=0 (+/-0).
P2: N=1, mean=0 (+/-0).
Game Durations: N=2, mean=73.5 (+/-0.97998).
P1: N=1, mean=74 (+/-0).
P2: N=1, mean=73 (+/-0).
=====================================================
=====================================================
Completed 3 games.

Agent 1 (EntropySHUCTAnytime)
Winning score (between 0 and 1) : N=3, mean=1 (+/-0).
P1: N=1, mean=1 (+/-0).
P2: N=2, mean=1 (+/-0).
Game Durations: N=3, mean=71 (+/-4.932458).
P1: N=1, mean=73 (+/-0).
P2: N=2, mean=70 (+/-7.83984).

Agent 2 (Example UCT)
Winning score (between 0 and 1) : N=3, mean=0 (+/-0).
P1: N=2, mean=0 (+/-0).
P2: N=1, mean=0 (+/-0).
Game Durations: N=3, mean=71 (+/-4.932458).
P1: N=2, mean=70 (+/-7.83984).
P2: N=1, mean=73 (+/-0).
=====================================================
=====================================================
Completed 4 games.

Agent 1 (EntropySHUCTAnytime)
Winning score (between 0 and 1) : N=4, mean=1 (+/-0).
P1: N=2, mean=1 (+/-0).
P2: N=2, mean=1 (+/-0).
Game Durations: N=4, mean=70.5 (+/-3.622835).
P1: N=2, mean=71 (+/-3.91992).
P2: N=2, mean=70 (+/-7.83984).

Agent 2 (Example UCT)
Winning score (between 0 and 1) : N=4, mean=0 (+/-0).
P1: N=2, mean=0 (+/-0).
P2: N=2, mean=0 (+/-0).
Game Durations: N=4, mean=70.5 (+/-3.622835).
P1: N=2, mean=70 (+/-7.83984).
P2: N=2, mean=71 (+/-3.91992).
=====================================================
=====================================================
Completed 5 games.

Agent 1 (EntropySHUCTAnytime)
Winning score (between 0 and 1) : N=5, mean=1 (+/-0).
P1: N=2, mean=1 (+/-0).
P2: N=3, mean=1 (+/-0).
Game Durations: N=5, mean=69.6 (+/-3.314593).
P1: N=2, mean=71 (+/-3.91992).
P2: N=3, mean=68.666667 (+/-5.22656).

Agent 2 (Example UCT)
Winning score (between 0 and 1) : N=5, mean=0 (+/-0).
P1: N=3, mean=0 (+/-0).
P2: N=2, mean=0 (+/-0).
Game Durations: N=5, mean=69.6 (+/-3.314593).
P1: N=3, mean=68.666667 (+/-5.22656).
P2: N=2, mean=71 (+/-3.91992).
=====================================================
=====================================================
Completed 10 games.

Agent 1 (EntropySHUCTAnytime)
Winning score (between 0 and 1) : N=10, mean=1 (+/-0).
P1: N=5, mean=1 (+/-0).
P2: N=5, mean=1 (+/-0).
Game Durations: N=10, mean=70.1 (+/-1.991287).
P1: N=5, mean=71 (+/-2.771802).
P2: N=5, mean=69.2 (+/-2.9334).

Agent 2 (Example UCT)
Winning score (between 0 and 1) : N=10, mean=0 (+/-0).
P1: N=5, mean=0 (+/-0).
P2: N=5, mean=0 (+/-0).
Game Durations: N=10, mean=70.1 (+/-1.991287).
P1: N=5, mean=69.2 (+/-2.9334).
P2: N=5, mean=71 (+/-2.771802).
=====================================================
=====================================================
Completed 20 games.

Agent 1 (EntropySHUCTAnytime)
Winning score (between 0 and 1) : N=20, mean=0.95 (+/-0.097998).
P1: N=10, mean=1 (+/-0).
P2: N=10, mean=0.9 (+/-0.195996).
Game Durations: N=20, mean=69.15 (+/-1.437988).
P1: N=10, mean=68.8 (+/-2.143049).
P2: N=10, mean=69.5 (+/-2.008361).

Agent 2 (Example UCT)
Winning score (between 0 and 1) : N=20, mean=0.05 (+/-0.097998).
P1: N=10, mean=0.1 (+/-0.195996).
P2: N=10, mean=0 (+/-0).
Game Durations: N=20, mean=69.15 (+/-1.437988).
P1: N=10, mean=69.5 (+/-2.008361).
P2: N=10, mean=68.8 (+/-2.143049).
=====================================================
=====================================================
Completed 30 games.

Agent 1 (EntropySHUCTAnytime)
Winning score (between 0 and 1) : N=30, mean=0.933333 (+/-0.090786).
P1: N=15, mean=1 (+/-0).
P2: N=15, mean=0.866667 (+/-0.178065).
Game Durations: N=30, mean=69.233333 (+/-1.001961).
P1: N=15, mean=68.866667 (+/-1.455013).
P2: N=15, mean=69.6 (+/-1.402955).

Agent 2 (Example UCT)
Winning score (between 0 and 1) : N=30, mean=0.066667 (+/-0.090786).
P1: N=15, mean=0.133333 (+/-0.178065).
P2: N=15, mean=0 (+/-0).
Game Durations: N=30, mean=69.233333 (+/-1.001961).
P1: N=15, mean=69.6 (+/-1.402955).
P2: N=15, mean=68.866667 (+/-1.455013).
=====================================================
=====================================================
Completed 40 games.

Agent 1 (EntropySHUCTAnytime)
Winning score (between 0 and 1) : N=40, mean=0.85 (+/-0.112065).
P1: N=20, mean=0.85 (+/-0.160556).
P2: N=20, mean=0.85 (+/-0.160556).
Game Durations: N=40, mean=69.05 (+/-1.026493).
P1: N=20, mean=68.75 (+/-1.442199).
P2: N=20, mean=69.35 (+/-1.486383).

Agent 2 (Example UCT)
Winning score (between 0 and 1) : N=40, mean=0.15 (+/-0.112065).
P1: N=20, mean=0.15 (+/-0.160556).
P2: N=20, mean=0.15 (+/-0.160556).
Game Durations: N=40, mean=69.05 (+/-1.026493).
P1: N=20, mean=69.35 (+/-1.486383).
P2: N=20, mean=68.75 (+/-1.442199).
=====================================================
=====================================================
Completed 50 games.

Agent 1 (EntropySHUCTAnytime)
Winning score (between 0 and 1) : N=50, mean=0.86 (+/-0.097154).
P1: N=25, mean=0.88 (+/-0.130009).
P2: N=25, mean=0.84 (+/-0.14667).
Game Durations: N=50, mean=69.32 (+/-0.942779).
P1: N=25, mean=68.88 (+/-1.382756).
P2: N=25, mean=69.76 (+/-1.286626).

Agent 2 (Example UCT)
Winning score (between 0 and 1) : N=50, mean=0.14 (+/-0.097154).
P1: N=25, mean=0.16 (+/-0.14667).
P2: N=25, mean=0.12 (+/-0.130009).
Game Durations: N=50, mean=69.32 (+/-0.942779).
P1: N=25, mean=69.76 (+/-1.286626).
P2: N=25, mean=68.88 (+/-1.382756).
=====================================================
=====================================================
Completed 60 games.

Agent 1 (EntropySHUCTAnytime)
Winning score (between 0 and 1) : N=60, mean=0.866667 (+/-0.086739).
P1: N=30, mean=0.866667 (+/-0.123721).
P2: N=30, mean=0.866667 (+/-0.123721).
Game Durations: N=60, mean=69 (+/-0.842431).
P1: N=30, mean=68.666667 (+/-1.19731).
P2: N=30, mean=69.333333 (+/-1.193616).

Agent 2 (Example UCT)
Winning score (between 0 and 1) : N=60, mean=0.133333 (+/-0.086739).
P1: N=30, mean=0.133333 (+/-0.123721).
P2: N=30, mean=0.133333 (+/-0.123721).
Game Durations: N=60, mean=69 (+/-0.842431).
P1: N=30, mean=69.333333 (+/-1.193616).
P2: N=30, mean=68.666667 (+/-1.19731).
=====================================================
=====================================================
Completed 70 games.

Agent 1 (EntropySHUCTAnytime)
Winning score (between 0 and 1) : N=70, mean=0.842857 (+/-0.085871).
P1: N=35, mean=0.857143 (+/-0.117621).
P2: N=35, mean=0.828571 (+/-0.126682).
Game Durations: N=70, mean=68.742857 (+/-0.784274).
P1: N=35, mean=68.4 (+/-1.11973).
P2: N=35, mean=69.085714 (+/-1.102799).

Agent 2 (Example UCT)
Winning score (between 0 and 1) : N=70, mean=0.157143 (+/-0.085871).
P1: N=35, mean=0.171429 (+/-0.126682).
P2: N=35, mean=0.142857 (+/-0.117621).
Game Durations: N=70, mean=68.742857 (+/-0.784274).
P1: N=35, mean=69.085714 (+/-1.102799).
P2: N=35, mean=68.4 (+/-1.11973).
=====================================================
=====================================================
Completed 80 games.

Agent 1 (EntropySHUCTAnytime)
Winning score (between 0 and 1) : N=80, mean=0.8625 (+/-0.075939).
P1: N=40, mean=0.875 (+/-0.103794).
P2: N=40, mean=0.85 (+/-0.112065).
Game Durations: N=80, mean=68.7625 (+/-0.701878).
P1: N=40, mean=68.475 (+/-1.009653).
P2: N=40, mean=69.05 (+/-0.979854).

Agent 2 (Example UCT)
Winning score (between 0 and 1) : N=80, mean=0.1375 (+/-0.075939).
P1: N=40, mean=0.15 (+/-0.112065).
P2: N=40, mean=0.125 (+/-0.103794).
Game Durations: N=80, mean=68.7625 (+/-0.701878).
P1: N=40, mean=69.05 (+/-0.979854).
P2: N=40, mean=68.475 (+/-1.009653).
=====================================================
=====================================================
Completed 90 games.

Agent 1 (EntropySHUCTAnytime)
Winning score (between 0 and 1) : N=90, mean=0.866667 (+/-0.070623).
P1: N=45, mean=0.888889 (+/-0.092859).
P2: N=45, mean=0.844444 (+/-0.10709).
Game Durations: N=90, mean=68.766667 (+/-0.672171).
P1: N=45, mean=68.755556 (+/-0.983252).
P2: N=45, mean=68.777778 (+/-0.927892).

Agent 2 (Example UCT)
Winning score (between 0 and 1) : N=90, mean=0.133333 (+/-0.070623).
P1: N=45, mean=0.155556 (+/-0.10709).
P2: N=45, mean=0.111111 (+/-0.092859).
Game Durations: N=90, mean=68.766667 (+/-0.672171).
P1: N=45, mean=68.777778 (+/-0.927892).
P2: N=45, mean=68.755556 (+/-0.983252).
=====================================================
=====================================================
Completed 100 games.

Agent 1 (EntropySHUCTAnytime)
Winning score (between 0 and 1) : N=100, mean=0.86 (+/-0.068351).
P1: N=50, mean=0.9 (+/-0.083998).
P2: N=50, mean=0.82 (+/-0.10757).
Game Durations: N=100, mean=68.82 (+/-0.626259).
P1: N=50, mean=68.74 (+/-0.893897).
P2: N=50, mean=68.9 (+/-0.885862).

Agent 2 (Example UCT)
Winning score (between 0 and 1) : N=100, mean=0.14 (+/-0.068351).
P1: N=50, mean=0.18 (+/-0.10757).
P2: N=50, mean=0.1 (+/-0.083998).
Game Durations: N=100, mean=68.82 (+/-0.626259).
P1: N=50, mean=68.9 (+/-0.885862).
P2: N=50, mean=68.74 (+/-0.893897).
=====================================================
