Warming up...
Finished warming up!
=====================================================
Completed 1 games.

Agent 1 (EntropySHUCTAnytime)
Winning score (between 0 and 1) : N=1, mean=1 (+/-0).
P1: N=1, mean=1 (+/-0).
P2: N=0, mean=0 (+/-0).
Game Durations: N=1, mean=63 (+/-0).
P1: N=1, mean=63 (+/-0).
P2: N=0, mean=0 (+/-0).

Agent 2 (SHUCTAnyTime)
Winning score (between 0 and 1) : N=1, mean=0 (+/-0).
P1: N=0, mean=0 (+/-0).
P2: N=1, mean=0 (+/-0).
Game Durations: N=1, mean=63 (+/-0).
P1: N=0, mean=0 (+/-0).
P2: N=1, mean=63 (+/-0).
=====================================================
=====================================================
Completed 2 games.

Agent 1 (EntropySHUCTAnytime)
Winning score (between 0 and 1) : N=2, mean=0.5 (+/-0.97998).
P1: N=1, mean=1 (+/-0).
P2: N=1, mean=0 (+/-0).
Game Durations: N=2, mean=64 (+/-1.95996).
P1: N=1, mean=63 (+/-0).
P2: N=1, mean=65 (+/-0).

Agent 2 (SHUCTAnyTime)
Winning score (between 0 and 1) : N=2, mean=0.5 (+/-0.97998).
P1: N=1, mean=1 (+/-0).
P2: N=1, mean=0 (+/-0).
Game Durations: N=2, mean=64 (+/-1.95996).
P1: N=1, mean=65 (+/-0).
P2: N=1, mean=63 (+/-0).
=====================================================
=====================================================
Completed 3 games.

Agent 1 (EntropySHUCTAnytime)
Winning score (between 0 and 1) : N=3, mean=0.666667 (+/-0.65332).
P1: N=2, mean=1 (+/-0).
P2: N=1, mean=0 (+/-0).
Game Durations: N=3, mean=67 (+/-5.987777).
P1: N=2, mean=68 (+/-9.7998).
P2: N=1, mean=65 (+/-0).

Agent 2 (SHUCTAnyTime)
Winning score (between 0 and 1) : N=3, mean=0.333333 (+/-0.65332).
P1: N=1, mean=1 (+/-0).
P2: N=2, mean=0 (+/-0).
Game Durations: N=3, mean=67 (+/-5.987777).
P1: N=1, mean=65 (+/-0).
P2: N=2, mean=68 (+/-9.7998).
=====================================================
=====================================================
Completed 4 games.

Agent 1 (EntropySHUCTAnytime)
Winning score (between 0 and 1) : N=4, mean=0.5 (+/-0.565792).
P1: N=2, mean=1 (+/-0).
P2: N=2, mean=0 (+/-0).
Game Durations: N=4, mean=66.5 (+/-4.345929).
P1: N=2, mean=68 (+/-9.7998).
P2: N=2, mean=65 (+/-0).

Agent 2 (SHUCTAnyTime)
Winning score (between 0 and 1) : N=4, mean=0.5 (+/-0.565792).
P1: N=2, mean=1 (+/-0).
P2: N=2, mean=0 (+/-0).
Game Durations: N=4, mean=66.5 (+/-4.345929).
P1: N=2, mean=65 (+/-0).
P2: N=2, mean=68 (+/-9.7998).
=====================================================
=====================================================
Completed 5 games.

Agent 1 (EntropySHUCTAnytime)
Winning score (between 0 and 1) : N=5, mean=0.4 (+/-0.48009).
P1: N=3, mean=0.666667 (+/-0.65332).
P2: N=2, mean=0 (+/-0).
Game Durations: N=5, mean=66.4 (+/-3.372043).
P1: N=3, mean=67.333333 (+/-5.806835).
P2: N=2, mean=65 (+/-0).

Agent 2 (SHUCTAnyTime)
Winning score (between 0 and 1) : N=5, mean=0.6 (+/-0.48009).
P1: N=2, mean=1 (+/-0).
P2: N=3, mean=0.333333 (+/-0.65332).
Game Durations: N=5, mean=66.4 (+/-3.372043).
P1: N=2, mean=65 (+/-0).
P2: N=3, mean=67.333333 (+/-5.806835).
=====================================================
=====================================================
Completed 10 games.

Agent 1 (EntropySHUCTAnytime)
Winning score (between 0 and 1) : N=10, mean=0.5 (+/-0.32666).
P1: N=5, mean=0.6 (+/-0.48009).
P2: N=5, mean=0.4 (+/-0.48009).
Game Durations: N=10, mean=67.4 (+/-2.248028).
P1: N=5, mean=68.2 (+/-3.473058).
P2: N=5, mean=66.6 (+/-3.074077).

Agent 2 (SHUCTAnyTime)
Winning score (between 0 and 1) : N=10, mean=0.5 (+/-0.32666).
P1: N=5, mean=0.6 (+/-0.48009).
P2: N=5, mean=0.4 (+/-0.48009).
Game Durations: N=10, mean=67.4 (+/-2.248028).
P1: N=5, mean=66.6 (+/-3.074077).
P2: N=5, mean=68.2 (+/-3.473058).
=====================================================
=====================================================
Completed 20 games.

Agent 1 (EntropySHUCTAnytime)
Winning score (between 0 and 1) : N=20, mean=0.5 (+/-0.224823).
P1: N=10, mean=0.5 (+/-0.32666).
P2: N=10, mean=0.5 (+/-0.32666).
Game Durations: N=20, mean=67.6 (+/-1.592279).
P1: N=10, mean=67.9 (+/-2.684978).
P2: N=10, mean=67.3 (+/-1.849023).

Agent 2 (SHUCTAnyTime)
Winning score (between 0 and 1) : N=20, mean=0.5 (+/-0.224823).
P1: N=10, mean=0.5 (+/-0.32666).
P2: N=10, mean=0.5 (+/-0.32666).
Game Durations: N=20, mean=67.6 (+/-1.592279).
P1: N=10, mean=67.3 (+/-1.849023).
P2: N=10, mean=67.9 (+/-2.684978).
=====================================================
=====================================================
Completed 30 games.

Agent 1 (EntropySHUCTAnytime)
Winning score (between 0 and 1) : N=30, mean=0.466667 (+/-0.181573).
P1: N=15, mean=0.533333 (+/-0.261328).
P2: N=15, mean=0.4 (+/-0.256619).
Game Durations: N=30, mean=68.166667 (+/-1.480135).
P1: N=15, mean=67.066667 (+/-2.07305).
P2: N=15, mean=69.266667 (+/-2.028451).

Agent 2 (SHUCTAnyTime)
Winning score (between 0 and 1) : N=30, mean=0.533333 (+/-0.181573).
P1: N=15, mean=0.6 (+/-0.256619).
P2: N=15, mean=0.466667 (+/-0.261328).
Game Durations: N=30, mean=68.166667 (+/-1.480135).
P1: N=15, mean=69.266667 (+/-2.028451).
P2: N=15, mean=67.066667 (+/-2.07305).
=====================================================
=====================================================
Completed 40 games.

Agent 1 (EntropySHUCTAnytime)
Winning score (between 0 and 1) : N=40, mean=0.5 (+/-0.156922).
P1: N=20, mean=0.55 (+/-0.223696).
P2: N=20, mean=0.45 (+/-0.223696).
Game Durations: N=40, mean=67.7 (+/-1.253809).
P1: N=20, mean=67.05 (+/-1.685272).
P2: N=20, mean=68.35 (+/-1.855435).

Agent 2 (SHUCTAnyTime)
Winning score (between 0 and 1) : N=40, mean=0.5 (+/-0.156922).
P1: N=20, mean=0.55 (+/-0.223696).
P2: N=20, mean=0.45 (+/-0.223696).
Game Durations: N=40, mean=67.7 (+/-1.253809).
P1: N=20, mean=68.35 (+/-1.855435).
P2: N=20, mean=67.05 (+/-1.685272).
=====================================================
=====================================================
Completed 50 games.

Agent 1 (EntropySHUCTAnytime)
Winning score (between 0 and 1) : N=50, mean=0.52 (+/-0.139885).
P1: N=25, mean=0.52 (+/-0.199877).
P2: N=25, mean=0.52 (+/-0.199877).
Game Durations: N=50, mean=67.7 (+/-1.071687).
P1: N=25, mean=67.24 (+/-1.480948).
P2: N=25, mean=68.16 (+/-1.558466).

Agent 2 (SHUCTAnyTime)
Winning score (between 0 and 1) : N=50, mean=0.48 (+/-0.139885).
P1: N=25, mean=0.48 (+/-0.199877).
P2: N=25, mean=0.48 (+/-0.199877).
Game Durations: N=50, mean=67.7 (+/-1.071687).
P1: N=25, mean=68.16 (+/-1.558466).
P2: N=25, mean=67.24 (+/-1.480948).
=====================================================
=====================================================
Completed 60 games.

Agent 1 (EntropySHUCTAnytime)
Winning score (between 0 and 1) : N=60, mean=0.55 (+/-0.126943).
P1: N=30, mean=0.6 (+/-0.178301).
P2: N=30, mean=0.5 (+/-0.181978).
Game Durations: N=60, mean=67.716667 (+/-0.950288).
P1: N=30, mean=67.466667 (+/-1.37063).
P2: N=30, mean=67.966667 (+/-1.333897).

Agent 2 (SHUCTAnyTime)
Winning score (between 0 and 1) : N=60, mean=0.45 (+/-0.126943).
P1: N=30, mean=0.5 (+/-0.181978).
P2: N=30, mean=0.4 (+/-0.178301).
Game Durations: N=60, mean=67.716667 (+/-0.950288).
P1: N=30, mean=67.966667 (+/-1.333897).
P2: N=30, mean=67.466667 (+/-1.37063).
=====================================================
=====================================================
Completed 70 games.

Agent 1 (EntropySHUCTAnytime)
Winning score (between 0 and 1) : N=70, mean=0.542857 (+/-0.117542).
P1: N=35, mean=0.571429 (+/-0.166341).
P2: N=35, mean=0.514286 (+/-0.167997).
Game Durations: N=70, mean=67.7 (+/-0.875022).
P1: N=35, mean=67.6 (+/-1.323225).
P2: N=35, mean=67.8 (+/-1.163835).

Agent 2 (SHUCTAnyTime)
Winning score (between 0 and 1) : N=70, mean=0.457143 (+/-0.117542).
P1: N=35, mean=0.485714 (+/-0.167997).
P2: N=35, mean=0.428571 (+/-0.166341).
Game Durations: N=70, mean=67.7 (+/-0.875022).
P1: N=35, mean=67.8 (+/-1.163835).
P2: N=35, mean=67.6 (+/-1.323225).
=====================================================
=====================================================
Completed 80 games.

Agent 1 (EntropySHUCTAnytime)
Winning score (between 0 and 1) : N=80, mean=0.5375 (+/-0.109946).
P1: N=40, mean=0.55 (+/-0.156136).
P2: N=40, mean=0.525 (+/-0.156726).
Game Durations: N=80, mean=67.7875 (+/-0.827065).
P1: N=40, mean=67.8 (+/-1.255771).
P2: N=40, mean=67.775 (+/-1.09281).

Agent 2 (SHUCTAnyTime)
Winning score (between 0 and 1) : N=80, mean=0.4625 (+/-0.109946).
P1: N=40, mean=0.475 (+/-0.156726).
P2: N=40, mean=0.45 (+/-0.156136).
Game Durations: N=80, mean=67.7875 (+/-0.827065).
P1: N=40, mean=67.775 (+/-1.09281).
P2: N=40, mean=67.8 (+/-1.255771).
=====================================================
=====================================================
Completed 90 games.

Agent 1 (EntropySHUCTAnytime)
Winning score (between 0 and 1) : N=90, mean=0.544444 (+/-0.103466).
P1: N=45, mean=0.555556 (+/-0.146823).
P2: N=45, mean=0.533333 (+/-0.147409).
Game Durations: N=90, mean=67.977778 (+/-0.776718).
P1: N=45, mean=68.066667 (+/-1.19561).
P2: N=45, mean=67.888889 (+/-1.004851).

Agent 2 (SHUCTAnyTime)
Winning score (between 0 and 1) : N=90, mean=0.455556 (+/-0.103466).
P1: N=45, mean=0.466667 (+/-0.147409).
P2: N=45, mean=0.444444 (+/-0.146823).
Game Durations: N=90, mean=67.977778 (+/-0.776718).
P1: N=45, mean=67.888889 (+/-1.004851).
P2: N=45, mean=68.066667 (+/-1.19561).
=====================================================
=====================================================
Completed 100 games.

Agent 1 (EntropySHUCTAnytime)
Winning score (between 0 and 1) : N=100, mean=0.52 (+/-0.098413).
P1: N=50, mean=0.54 (+/-0.139548).
P2: N=50, mean=0.5 (+/-0.139997).
Game Durations: N=100, mean=68.1 (+/-0.714319).
P1: N=50, mean=68.18 (+/-1.083965).
P2: N=50, mean=68.02 (+/-0.941197).

Agent 2 (SHUCTAnyTime)
Winning score (between 0 and 1) : N=100, mean=0.48 (+/-0.098413).
P1: N=50, mean=0.5 (+/-0.139997).
P2: N=50, mean=0.46 (+/-0.139548).
Game Durations: N=100, mean=68.1 (+/-0.714319).
P1: N=50, mean=68.02 (+/-0.941197).
P2: N=50, mean=68.18 (+/-1.083965).
=====================================================
