Warming up...
Finished warming up!
=====================================================
Completed 1 games.

Agent 1 (EntropySHUCTAnytime)
Winning score (between 0 and 1) : N=1, mean=0 (+/-0).
P1: N=1, mean=0 (+/-0).
P2: N=0, mean=0 (+/-0).
Game Durations: N=1, mean=68 (+/-0).
P1: N=1, mean=68 (+/-0).
P2: N=0, mean=0 (+/-0).

Agent 2 (SHUCTAnyTime)
Winning score (between 0 and 1) : N=1, mean=1 (+/-0).
P1: N=0, mean=0 (+/-0).
P2: N=1, mean=1 (+/-0).
Game Durations: N=1, mean=68 (+/-0).
P1: N=0, mean=0 (+/-0).
P2: N=1, mean=68 (+/-0).
=====================================================
=====================================================
Completed 2 games.

Agent 1 (EntropySHUCTAnytime)
Winning score (between 0 and 1) : N=2, mean=0 (+/-0).
P1: N=1, mean=0 (+/-0).
P2: N=1, mean=0 (+/-0).
Game Durations: N=2, mean=66.5 (+/-2.93994).
P1: N=1, mean=68 (+/-0).
P2: N=1, mean=65 (+/-0).

Agent 2 (SHUCTAnyTime)
Winning score (between 0 and 1) : N=2, mean=1 (+/-0).
P1: N=1, mean=1 (+/-0).
P2: N=1, mean=1 (+/-0).
Game Durations: N=2, mean=66.5 (+/-2.93994).
P1: N=1, mean=65 (+/-0).
P2: N=1, mean=68 (+/-0).
=====================================================
=====================================================
Completed 3 games.

Agent 1 (EntropySHUCTAnytime)
Winning score (between 0 and 1) : N=3, mean=0.333333 (+/-0.65332).
P1: N=2, mean=0.5 (+/-0.97998).
P2: N=1, mean=0 (+/-0).
Game Durations: N=3, mean=68.666667 (+/-4.57324).
P1: N=2, mean=70.5 (+/-4.8999).
P2: N=1, mean=65 (+/-0).

Agent 2 (SHUCTAnyTime)
Winning score (between 0 and 1) : N=3, mean=0.666667 (+/-0.65332).
P1: N=1, mean=1 (+/-0).
P2: N=2, mean=0.5 (+/-0.97998).
Game Durations: N=3, mean=68.666667 (+/-4.57324).
P1: N=1, mean=65 (+/-0).
P2: N=2, mean=70.5 (+/-4.8999).
=====================================================
=====================================================
Completed 4 games.

Agent 1 (EntropySHUCTAnytime)
Winning score (between 0 and 1) : N=4, mean=0.25 (+/-0.48999).
P1: N=2, mean=0.5 (+/-0.97998).
P2: N=2, mean=0 (+/-0).
Game Durations: N=4, mean=68.75 (+/-3.237891).
P1: N=2, mean=70.5 (+/-4.8999).
P2: N=2, mean=67 (+/-3.91992).

Agent 2 (SHUCTAnyTime)
Winning score (between 0 and 1) : N=4, mean=0.75 (+/-0.48999).
P1: N=2, mean=1 (+/-0).
P2: N=2, mean=0.5 (+/-0.97998).
Game Durations: N=4, mean=68.75 (+/-3.237891).
P1: N=2, mean=67 (+/-3.91992).
P2: N=2, mean=70.5 (+/-4.8999).
=====================================================
=====================================================
Completed 5 games.

Agent 1 (EntropySHUCTAnytime)
Winning score (between 0 and 1) : N=5, mean=0.2 (+/-0.391992).
P1: N=3, mean=0.333333 (+/-0.65332).
P2: N=2, mean=0 (+/-0).
Game Durations: N=5, mean=69 (+/-2.555475).
P1: N=3, mean=70.333333 (+/-2.847756).
P2: N=2, mean=67 (+/-3.91992).

Agent 2 (SHUCTAnyTime)
Winning score (between 0 and 1) : N=5, mean=0.8 (+/-0.391992).
P1: N=2, mean=1 (+/-0).
P2: N=3, mean=0.666667 (+/-0.65332).
Game Durations: N=5, mean=69 (+/-2.555475).
P1: N=2, mean=67 (+/-3.91992).
P2: N=3, mean=70.333333 (+/-2.847756).
=====================================================
=====================================================
Completed 10 games.

Agent 1 (EntropySHUCTAnytime)
Winning score (between 0 and 1) : N=10, mean=0.5 (+/-0.32666).
P1: N=5, mean=0.4 (+/-0.48009).
P2: N=5, mean=0.6 (+/-0.48009).
Game Durations: N=10, mean=68.8 (+/-1.567968).
P1: N=5, mean=70 (+/-2.234698).
P2: N=5, mean=67.6 (+/-1.817592).

Agent 2 (SHUCTAnyTime)
Winning score (between 0 and 1) : N=10, mean=0.5 (+/-0.32666).
P1: N=5, mean=0.4 (+/-0.48009).
P2: N=5, mean=0.6 (+/-0.48009).
Game Durations: N=10, mean=68.8 (+/-1.567968).
P1: N=5, mean=67.6 (+/-1.817592).
P2: N=5, mean=70 (+/-2.234698).
=====================================================
=====================================================
Completed 20 games.

Agent 1 (EntropySHUCTAnytime)
Winning score (between 0 and 1) : N=20, mean=0.5 (+/-0.224823).
P1: N=10, mean=0.4 (+/-0.32006).
P2: N=10, mean=0.6 (+/-0.32006).
Game Durations: N=20, mean=68.4 (+/-1.259008).
P1: N=10, mean=68 (+/-1.93806).
P2: N=10, mean=68.8 (+/-1.673316).

Agent 2 (SHUCTAnyTime)
Winning score (between 0 and 1) : N=20, mean=0.5 (+/-0.224823).
P1: N=10, mean=0.4 (+/-0.32006).
P2: N=10, mean=0.6 (+/-0.32006).
Game Durations: N=20, mean=68.4 (+/-1.259008).
P1: N=10, mean=68.8 (+/-1.673316).
P2: N=10, mean=68 (+/-1.93806).
=====================================================
=====================================================
Completed 30 games.

Agent 1 (EntropySHUCTAnytime)
Winning score (between 0 and 1) : N=30, mean=0.433333 (+/-0.180353).
P1: N=15, mean=0.333333 (+/-0.246932).
P2: N=15, mean=0.533333 (+/-0.261328).
Game Durations: N=30, mean=68.133333 (+/-1.028277).
P1: N=15, mean=67.8 (+/-1.484058).
P2: N=15, mean=68.466667 (+/-1.455013).

Agent 2 (SHUCTAnyTime)
Winning score (between 0 and 1) : N=30, mean=0.566667 (+/-0.180353).
P1: N=15, mean=0.466667 (+/-0.261328).
P2: N=15, mean=0.666667 (+/-0.246932).
Game Durations: N=30, mean=68.133333 (+/-1.028277).
P1: N=15, mean=68.466667 (+/-1.455013).
P2: N=15, mean=67.8 (+/-1.484058).
=====================================================
=====================================================
Completed 40 games.

Agent 1 (EntropySHUCTAnytime)
Winning score (between 0 and 1) : N=40, mean=0.525 (+/-0.156726).
P1: N=20, mean=0.45 (+/-0.223696).
P2: N=20, mean=0.6 (+/-0.22028).
Game Durations: N=40, mean=68.025 (+/-0.973646).
P1: N=20, mean=67.75 (+/-1.490458).
P2: N=20, mean=68.3 (+/-1.280504).

Agent 2 (SHUCTAnyTime)
Winning score (between 0 and 1) : N=40, mean=0.475 (+/-0.156726).
P1: N=20, mean=0.4 (+/-0.22028).
P2: N=20, mean=0.55 (+/-0.223696).
Game Durations: N=40, mean=68.025 (+/-0.973646).
P1: N=20, mean=68.3 (+/-1.280504).
P2: N=20, mean=67.75 (+/-1.490458).
=====================================================
=====================================================
Completed 50 games.

Agent 1 (EntropySHUCTAnytime)
Winning score (between 0 and 1) : N=50, mean=0.5 (+/-0.139997).
P1: N=25, mean=0.48 (+/-0.199877).
P2: N=25, mean=0.52 (+/-0.199877).
Game Durations: N=50, mean=67.76 (+/-0.944639).
P1: N=25, mean=67.68 (+/-1.487161).
P2: N=25, mean=67.84 (+/-1.195843).

Agent 2 (SHUCTAnyTime)
Winning score (between 0 and 1) : N=50, mean=0.5 (+/-0.139997).
P1: N=25, mean=0.48 (+/-0.199877).
P2: N=25, mean=0.52 (+/-0.199877).
Game Durations: N=50, mean=67.76 (+/-0.944639).
P1: N=25, mean=67.84 (+/-1.195843).
P2: N=25, mean=67.68 (+/-1.487161).
=====================================================
=====================================================
Completed 60 games.

Agent 1 (EntropySHUCTAnytime)
Winning score (between 0 and 1) : N=60, mean=0.533333 (+/-0.127299).
P1: N=30, mean=0.5 (+/-0.181978).
P2: N=30, mean=0.566667 (+/-0.180353).
Game Durations: N=60, mean=68.2 (+/-0.839593).
P1: N=30, mean=68.166667 (+/-1.319251).
P2: N=30, mean=68.233333 (+/-1.061866).

Agent 2 (SHUCTAnyTime)
Winning score (between 0 and 1) : N=60, mean=0.466667 (+/-0.127299).
P1: N=30, mean=0.433333 (+/-0.180353).
P2: N=30, mean=0.5 (+/-0.181978).
Game Durations: N=60, mean=68.2 (+/-0.839593).
P1: N=30, mean=68.233333 (+/-1.061866).
P2: N=30, mean=68.166667 (+/-1.319251).
=====================================================
=====================================================
Completed 70 games.

Agent 1 (EntropySHUCTAnytime)
Winning score (between 0 and 1) : N=70, mean=0.542857 (+/-0.117542).
P1: N=35, mean=0.514286 (+/-0.167997).
P2: N=35, mean=0.571429 (+/-0.166341).
Game Durations: N=70, mean=68.385714 (+/-0.8049).
P1: N=35, mean=68.4 (+/-1.192333).
P2: N=35, mean=68.371429 (+/-1.099029).

Agent 2 (SHUCTAnyTime)
Winning score (between 0 and 1) : N=70, mean=0.457143 (+/-0.117542).
P1: N=35, mean=0.428571 (+/-0.166341).
P2: N=35, mean=0.485714 (+/-0.167997).
Game Durations: N=70, mean=68.385714 (+/-0.8049).
P1: N=35, mean=68.371429 (+/-1.099029).
P2: N=35, mean=68.4 (+/-1.192333).
=====================================================
=====================================================
Completed 80 games.

Agent 1 (EntropySHUCTAnytime)
Winning score (between 0 and 1) : N=80, mean=0.5375 (+/-0.109946).
P1: N=40, mean=0.5 (+/-0.156922).
P2: N=40, mean=0.575 (+/-0.155147).
Game Durations: N=80, mean=68.3875 (+/-0.743306).
P1: N=40, mean=68.55 (+/-1.068802).
P2: N=40, mean=68.225 (+/-1.044418).

Agent 2 (SHUCTAnyTime)
Winning score (between 0 and 1) : N=80, mean=0.4625 (+/-0.109946).
P1: N=40, mean=0.425 (+/-0.155147).
P2: N=40, mean=0.5 (+/-0.156922).
Game Durations: N=80, mean=68.3875 (+/-0.743306).
P1: N=40, mean=68.225 (+/-1.044418).
P2: N=40, mean=68.55 (+/-1.068802).
=====================================================
=====================================================
Completed 90 games.

Agent 1 (EntropySHUCTAnytime)
Winning score (between 0 and 1) : N=90, mean=0.555556 (+/-0.103234).
P1: N=45, mean=0.511111 (+/-0.147701).
P2: N=45, mean=0.6 (+/-0.144753).
Game Durations: N=90, mean=68.344444 (+/-0.70702).
P1: N=45, mean=68.377778 (+/-1.042876).
P2: N=45, mean=68.311111 (+/-0.966669).

Agent 2 (SHUCTAnyTime)
Winning score (between 0 and 1) : N=90, mean=0.444444 (+/-0.103234).
P1: N=45, mean=0.4 (+/-0.144753).
P2: N=45, mean=0.488889 (+/-0.147701).
Game Durations: N=90, mean=68.344444 (+/-0.70702).
P1: N=45, mean=68.311111 (+/-0.966669).
P2: N=45, mean=68.377778 (+/-1.042876).
=====================================================
=====================================================
Completed 100 games.

Agent 1 (EntropySHUCTAnytime)
Winning score (between 0 and 1) : N=100, mean=0.57 (+/-0.097522).
P1: N=50, mean=0.5 (+/-0.139997).
P2: N=50, mean=0.64 (+/-0.134397).
Game Durations: N=100, mean=68.27 (+/-0.650854).
P1: N=50, mean=68.18 (+/-0.959674).
P2: N=50, mean=68.36 (+/-0.888531).

Agent 2 (SHUCTAnyTime)
Winning score (between 0 and 1) : N=100, mean=0.43 (+/-0.097522).
P1: N=50, mean=0.36 (+/-0.134397).
P2: N=50, mean=0.5 (+/-0.139997).
Game Durations: N=100, mean=68.27 (+/-0.650854).
P1: N=50, mean=68.36 (+/-0.888531).
P2: N=50, mean=68.18 (+/-0.959674).
=====================================================
