Warming up...
Finished warming up!
=====================================================
Completed 1 games.

Agent 1 (EntropySHUCTAnytime)
Winning score (between 0 and 1) : N=1, mean=1 (+/-0).
P1: N=1, mean=1 (+/-0).
P2: N=0, mean=0 (+/-0).
Game Durations: N=1, mean=69 (+/-0).
P1: N=1, mean=69 (+/-0).
P2: N=0, mean=0 (+/-0).

Agent 2 (SHUCTAnyTime)
Winning score (between 0 and 1) : N=1, mean=0 (+/-0).
P1: N=0, mean=0 (+/-0).
P2: N=1, mean=0 (+/-0).
Game Durations: N=1, mean=69 (+/-0).
P1: N=0, mean=0 (+/-0).
P2: N=1, mean=69 (+/-0).
=====================================================
=====================================================
Completed 2 games.

Agent 1 (EntropySHUCTAnytime)
Winning score (between 0 and 1) : N=2, mean=0.5 (+/-0.97998).
P1: N=1, mean=1 (+/-0).
P2: N=1, mean=0 (+/-0).
Game Durations: N=2, mean=70 (+/-1.95996).
P1: N=1, mean=69 (+/-0).
P2: N=1, mean=71 (+/-0).

Agent 2 (SHUCTAnyTime)
Winning score (between 0 and 1) : N=2, mean=0.5 (+/-0.97998).
P1: N=1, mean=1 (+/-0).
P2: N=1, mean=0 (+/-0).
Game Durations: N=2, mean=70 (+/-1.95996).
P1: N=1, mean=71 (+/-0).
P2: N=1, mean=69 (+/-0).
=====================================================
=====================================================
Completed 3 games.

Agent 1 (EntropySHUCTAnytime)
Winning score (between 0 and 1) : N=3, mean=0.333333 (+/-0.65332).
P1: N=2, mean=0.5 (+/-0.97998).
P2: N=1, mean=0 (+/-0).
Game Durations: N=3, mean=70 (+/-1.131583).
P1: N=2, mean=69.5 (+/-0.97998).
P2: N=1, mean=71 (+/-0).

Agent 2 (SHUCTAnyTime)
Winning score (between 0 and 1) : N=3, mean=0.666667 (+/-0.65332).
P1: N=1, mean=1 (+/-0).
P2: N=2, mean=0.5 (+/-0.97998).
Game Durations: N=3, mean=70 (+/-1.131583).
P1: N=1, mean=71 (+/-0).
P2: N=2, mean=69.5 (+/-0.97998).
=====================================================
=====================================================
Completed 4 games.

Agent 1 (EntropySHUCTAnytime)
Winning score (between 0 and 1) : N=4, mean=0.25 (+/-0.48999).
P1: N=2, mean=0.5 (+/-0.97998).
P2: N=2, mean=0 (+/-0).
Game Durations: N=4, mean=70.25 (+/-0.938259).
P1: N=2, mean=69.5 (+/-0.97998).
P2: N=2, mean=71 (+/-0).

Agent 2 (SHUCTAnyTime)
Winning score (between 0 and 1) : N=4, mean=0.75 (+/-0.48999).
P1: N=2, mean=1 (+/-0).
P2: N=2, mean=0.5 (+/-0.97998).
Game Durations: N=4, mean=70.25 (+/-0.938259).
P1: N=2, mean=71 (+/-0).
P2: N=2, mean=69.5 (+/-0.97998).
=====================================================
=====================================================
Completed 5 games.

Agent 1 (EntropySHUCTAnytime)
Winning score (between 0 and 1) : N=5, mean=0.2 (+/-0.391992).
P1: N=3, mean=0.333333 (+/-0.65332).
P2: N=2, mean=0 (+/-0).
Game Durations: N=5, mean=70.2 (+/-0.73335).
P1: N=3, mean=69.666667 (+/-0.65332).
P2: N=2, mean=71 (+/-0).

Agent 2 (SHUCTAnyTime)
Winning score (between 0 and 1) : N=5, mean=0.8 (+/-0.391992).
P1: N=2, mean=1 (+/-0).
P2: N=3, mean=0.666667 (+/-0.65332).
Game Durations: N=5, mean=70.2 (+/-0.73335).
P1: N=2, mean=71 (+/-0).
P2: N=3, mean=69.666667 (+/-0.65332).
=====================================================
=====================================================
Completed 10 games.

Agent 1 (EntropySHUCTAnytime)
Winning score (between 0 and 1) : N=10, mean=0.6 (+/-0.32006).
P1: N=5, mean=0.6 (+/-0.48009).
P2: N=5, mean=0.6 (+/-0.48009).
Game Durations: N=10, mean=69.5 (+/-1.213488).
P1: N=5, mean=70.2 (+/-1.440271).
P2: N=5, mean=68.8 (+/-1.900252).

Agent 2 (SHUCTAnyTime)
Winning score (between 0 and 1) : N=10, mean=0.4 (+/-0.32006).
P1: N=5, mean=0.4 (+/-0.48009).
P2: N=5, mean=0.4 (+/-0.48009).
Game Durations: N=10, mean=69.5 (+/-1.213488).
P1: N=5, mean=68.8 (+/-1.900252).
P2: N=5, mean=70.2 (+/-1.440271).
=====================================================
=====================================================
Completed 20 games.

Agent 1 (EntropySHUCTAnytime)
Winning score (between 0 and 1) : N=20, mean=0.65 (+/-0.214467).
P1: N=10, mean=0.8 (+/-0.261328).
P2: N=10, mean=0.5 (+/-0.32666).
Game Durations: N=20, mean=69.15 (+/-1.057146).
P1: N=10, mean=69.4 (+/-1.376631).
P2: N=10, mean=68.9 (+/-1.664364).

Agent 2 (SHUCTAnyTime)
Winning score (between 0 and 1) : N=20, mean=0.35 (+/-0.214467).
P1: N=10, mean=0.5 (+/-0.32666).
P2: N=10, mean=0.2 (+/-0.261328).
Game Durations: N=20, mean=69.15 (+/-1.057146).
P1: N=10, mean=68.9 (+/-1.664364).
P2: N=10, mean=69.4 (+/-1.376631).
=====================================================
=====================================================
Completed 30 games.

Agent 1 (EntropySHUCTAnytime)
Winning score (between 0 and 1) : N=30, mean=0.6 (+/-0.178301).
P1: N=15, mean=0.666667 (+/-0.246932).
P2: N=15, mean=0.533333 (+/-0.261328).
Game Durations: N=30, mean=68.433333 (+/-1.07837).
P1: N=15, mean=68.8 (+/-1.556258).
P2: N=15, mean=68.066667 (+/-1.523791).

Agent 2 (SHUCTAnyTime)
Winning score (between 0 and 1) : N=30, mean=0.4 (+/-0.178301).
P1: N=15, mean=0.466667 (+/-0.261328).
P2: N=15, mean=0.333333 (+/-0.246932).
Game Durations: N=30, mean=68.433333 (+/-1.07837).
P1: N=15, mean=68.066667 (+/-1.523791).
P2: N=15, mean=68.8 (+/-1.556258).
=====================================================
=====================================================
Completed 40 games.

Agent 1 (EntropySHUCTAnytime)
Winning score (between 0 and 1) : N=40, mean=0.55 (+/-0.156136).
P1: N=20, mean=0.6 (+/-0.22028).
P2: N=20, mean=0.5 (+/-0.224823).
Game Durations: N=40, mean=68.2 (+/-0.982991).
P1: N=20, mean=68.1 (+/-1.517512).
P2: N=20, mean=68.3 (+/-1.288374).

Agent 2 (SHUCTAnyTime)
Winning score (between 0 and 1) : N=40, mean=0.45 (+/-0.156136).
P1: N=20, mean=0.5 (+/-0.224823).
P2: N=20, mean=0.4 (+/-0.22028).
Game Durations: N=40, mean=68.2 (+/-0.982991).
P1: N=20, mean=68.3 (+/-1.288374).
P2: N=20, mean=68.1 (+/-1.517512).
=====================================================
=====================================================
Completed 50 games.

Agent 1 (EntropySHUCTAnytime)
Winning score (between 0 and 1) : N=50, mean=0.54 (+/-0.139548).
P1: N=25, mean=0.56 (+/-0.198592).
P2: N=25, mean=0.52 (+/-0.199877).
Game Durations: N=50, mean=68.04 (+/-0.921789).
P1: N=25, mean=68.08 (+/-1.233997).
P2: N=25, mean=68 (+/-1.39511).

Agent 2 (SHUCTAnyTime)
Winning score (between 0 and 1) : N=50, mean=0.46 (+/-0.139548).
P1: N=25, mean=0.48 (+/-0.199877).
P2: N=25, mean=0.44 (+/-0.198592).
Game Durations: N=50, mean=68.04 (+/-0.921789).
P1: N=25, mean=68 (+/-1.39511).
P2: N=25, mean=68.08 (+/-1.233997).
=====================================================
=====================================================
Completed 60 games.

Agent 1 (EntropySHUCTAnytime)
Winning score (between 0 and 1) : N=60, mean=0.533333 (+/-0.127299).
P1: N=30, mean=0.6 (+/-0.178301).
P2: N=30, mean=0.466667 (+/-0.181573).
Game Durations: N=60, mean=68.033333 (+/-0.824156).
P1: N=30, mean=68.066667 (+/-1.099657).
P2: N=30, mean=68 (+/-1.246691).

Agent 2 (SHUCTAnyTime)
Winning score (between 0 and 1) : N=60, mean=0.466667 (+/-0.127299).
P1: N=30, mean=0.533333 (+/-0.181573).
P2: N=30, mean=0.4 (+/-0.178301).
Game Durations: N=60, mean=68.033333 (+/-0.824156).
P1: N=30, mean=68 (+/-1.246691).
P2: N=30, mean=68.066667 (+/-1.099657).
=====================================================
=====================================================
Completed 70 games.

Agent 1 (EntropySHUCTAnytime)
Winning score (between 0 and 1) : N=70, mean=0.528571 (+/-0.117783).
P1: N=35, mean=0.628571 (+/-0.162414).
P2: N=35, mean=0.428571 (+/-0.166341).
Game Durations: N=70, mean=68.285714 (+/-0.789788).
P1: N=35, mean=68.514286 (+/-1.114446).
P2: N=35, mean=68.057143 (+/-1.130469).

Agent 2 (SHUCTAnyTime)
Winning score (between 0 and 1) : N=70, mean=0.471429 (+/-0.117783).
P1: N=35, mean=0.571429 (+/-0.166341).
P2: N=35, mean=0.371429 (+/-0.162414).
Game Durations: N=70, mean=68.285714 (+/-0.789788).
P1: N=35, mean=68.057143 (+/-1.130469).
P2: N=35, mean=68.514286 (+/-1.114446).
=====================================================
=====================================================
Completed 80 games.

Agent 1 (EntropySHUCTAnytime)
Winning score (between 0 and 1) : N=80, mean=0.525 (+/-0.110118).
P1: N=40, mean=0.625 (+/-0.151939).
P2: N=40, mean=0.425 (+/-0.155147).
Game Durations: N=80, mean=68.175 (+/-0.787986).
P1: N=40, mean=68.225 (+/-1.112905).
P2: N=40, mean=68.125 (+/-1.129814).

Agent 2 (SHUCTAnyTime)
Winning score (between 0 and 1) : N=80, mean=0.475 (+/-0.110118).
P1: N=40, mean=0.575 (+/-0.155147).
P2: N=40, mean=0.375 (+/-0.151939).
Game Durations: N=80, mean=68.175 (+/-0.787986).
P1: N=40, mean=68.125 (+/-1.129814).
P2: N=40, mean=68.225 (+/-1.112905).
=====================================================
=====================================================
Completed 90 games.

Agent 1 (EntropySHUCTAnytime)
Winning score (between 0 and 1) : N=90, mean=0.533333 (+/-0.103647).
P1: N=45, mean=0.644444 (+/-0.141438).
P2: N=45, mean=0.422222 (+/-0.145939).
Game Durations: N=90, mean=68.388889 (+/-0.738559).
P1: N=45, mean=68.466667 (+/-1.015181).
P2: N=45, mean=68.311111 (+/-1.083986).

Agent 2 (SHUCTAnyTime)
Winning score (between 0 and 1) : N=90, mean=0.466667 (+/-0.103647).
P1: N=45, mean=0.577778 (+/-0.145939).
P2: N=45, mean=0.355556 (+/-0.141438).
Game Durations: N=90, mean=68.388889 (+/-0.738559).
P1: N=45, mean=68.311111 (+/-1.083986).
P2: N=45, mean=68.466667 (+/-1.015181).
=====================================================
=====================================================
Completed 100 games.

Agent 1 (EntropySHUCTAnytime)
Winning score (between 0 and 1) : N=100, mean=0.51 (+/-0.098472).
P1: N=50, mean=0.6 (+/-0.137169).
P2: N=50, mean=0.42 (+/-0.138194).
Game Durations: N=100, mean=68.25 (+/-0.707154).
P1: N=50, mean=68.36 (+/-0.988757).
P2: N=50, mean=68.14 (+/-1.020363).

Agent 2 (SHUCTAnyTime)
Winning score (between 0 and 1) : N=100, mean=0.49 (+/-0.098472).
P1: N=50, mean=0.58 (+/-0.138194).
P2: N=50, mean=0.4 (+/-0.137169).
Game Durations: N=100, mean=68.25 (+/-0.707154).
P1: N=50, mean=68.14 (+/-1.020363).
P2: N=50, mean=68.36 (+/-0.988757).
=====================================================
