Warming up...
Finished warming up!
=====================================================
Completed 1 games.

Agent 1 (EntropySHUCTAnytime)
Winning score (between 0 and 1) : N=1, mean=0 (+/-0).
P1: N=0, mean=0 (+/-0).
P2: N=1, mean=0 (+/-0).
Game Durations: N=1, mean=57 (+/-0).
P1: N=0, mean=0 (+/-0).
P2: N=1, mean=57 (+/-0).

Agent 2 (Example UCT)
Winning score (between 0 and 1) : N=1, mean=1 (+/-0).
P1: N=1, mean=1 (+/-0).
P2: N=0, mean=0 (+/-0).
Game Durations: N=1, mean=57 (+/-0).
P1: N=1, mean=57 (+/-0).
P2: N=0, mean=0 (+/-0).
=====================================================
=====================================================
Completed 2 games.

Agent 1 (EntropySHUCTAnytime)
Winning score (between 0 and 1) : N=2, mean=0.5 (+/-0.97998).
P1: N=1, mean=1 (+/-0).
P2: N=1, mean=0 (+/-0).
Game Durations: N=2, mean=60 (+/-5.87988).
P1: N=1, mean=63 (+/-0).
P2: N=1, mean=57 (+/-0).

Agent 2 (Example UCT)
Winning score (between 0 and 1) : N=2, mean=0.5 (+/-0.97998).
P1: N=1, mean=1 (+/-0).
P2: N=1, mean=0 (+/-0).
Game Durations: N=2, mean=60 (+/-5.87988).
P1: N=1, mean=57 (+/-0).
P2: N=1, mean=63 (+/-0).
=====================================================
=====================================================
Completed 3 games.

Agent 1 (EntropySHUCTAnytime)
Winning score (between 0 and 1) : N=3, mean=0.666667 (+/-0.65332).
P1: N=1, mean=1 (+/-0).
P2: N=2, mean=0.5 (+/-0.97998).
Game Durations: N=3, mean=63.333333 (+/-7.362542).
P1: N=1, mean=63 (+/-0).
P2: N=2, mean=63.5 (+/-12.73974).

Agent 2 (Example UCT)
Winning score (between 0 and 1) : N=3, mean=0.333333 (+/-0.65332).
P1: N=2, mean=0.5 (+/-0.97998).
P2: N=1, mean=0 (+/-0).
Game Durations: N=3, mean=63.333333 (+/-7.362542).
P1: N=2, mean=63.5 (+/-12.73974).
P2: N=1, mean=63 (+/-0).
=====================================================
=====================================================
Completed 4 games.

Agent 1 (EntropySHUCTAnytime)
Winning score (between 0 and 1) : N=4, mean=0.75 (+/-0.48999).
P1: N=2, mean=1 (+/-0).
P2: N=2, mean=0.5 (+/-0.97998).
Game Durations: N=4, mean=65.75 (+/-7.038367).
P1: N=2, mean=68 (+/-9.7998).
P2: N=2, mean=63.5 (+/-12.73974).

Agent 2 (Example UCT)
Winning score (between 0 and 1) : N=4, mean=0.25 (+/-0.48999).
P1: N=2, mean=0.5 (+/-0.97998).
P2: N=2, mean=0 (+/-0).
Game Durations: N=4, mean=65.75 (+/-7.038367).
P1: N=2, mean=63.5 (+/-12.73974).
P2: N=2, mean=68 (+/-9.7998).
=====================================================
=====================================================
Completed 5 games.

Agent 1 (EntropySHUCTAnytime)
Winning score (between 0 and 1) : N=5, mean=0.8 (+/-0.391992).
P1: N=2, mean=1 (+/-0).
P2: N=3, mean=0.666667 (+/-0.65332).
Game Durations: N=5, mean=62.6 (+/-8.236497).
P1: N=2, mean=68 (+/-9.7998).
P2: N=3, mean=59 (+/-11.484318).

Agent 2 (Example UCT)
Winning score (between 0 and 1) : N=5, mean=0.2 (+/-0.391992).
P1: N=3, mean=0.333333 (+/-0.65332).
P2: N=2, mean=0 (+/-0).
Game Durations: N=5, mean=62.6 (+/-8.236497).
P1: N=3, mean=59 (+/-11.484318).
P2: N=2, mean=68 (+/-9.7998).
=====================================================
=====================================================
Completed 10 games.

Agent 1 (EntropySHUCTAnytime)
Winning score (between 0 and 1) : N=10, mean=0.7 (+/-0.299389).
P1: N=5, mean=0.8 (+/-0.391992).
P2: N=5, mean=0.6 (+/-0.48009).
Game Durations: N=10, mean=56 (+/-8.320537).
P1: N=5, mean=60.8 (+/-10.598292).
P2: N=5, mean=51.2 (+/-12.448446).

Agent 2 (Example UCT)
Winning score (between 0 and 1) : N=10, mean=0.3 (+/-0.299389).
P1: N=5, mean=0.4 (+/-0.48009).
P2: N=5, mean=0.2 (+/-0.391992).
Game Durations: N=10, mean=56 (+/-8.320537).
P1: N=5, mean=51.2 (+/-12.448446).
P2: N=5, mean=60.8 (+/-10.598292).
=====================================================
=====================================================
Completed 20 games.

Agent 1 (EntropySHUCTAnytime)
Winning score (between 0 and 1) : N=20, mean=0.6 (+/-0.22028).
P1: N=10, mean=0.8 (+/-0.261328).
P2: N=10, mean=0.4 (+/-0.32006).
Game Durations: N=20, mean=53 (+/-5.501502).
P1: N=10, mean=57.6 (+/-6.618876).
P2: N=10, mean=48.4 (+/-8.119062).

Agent 2 (Example UCT)
Winning score (between 0 and 1) : N=20, mean=0.4 (+/-0.22028).
P1: N=10, mean=0.6 (+/-0.32006).
P2: N=10, mean=0.2 (+/-0.261328).
Game Durations: N=20, mean=53 (+/-5.501502).
P1: N=10, mean=48.4 (+/-8.119062).
P2: N=10, mean=57.6 (+/-6.618876).
=====================================================
=====================================================
Completed 30 games.

Agent 1 (EntropySHUCTAnytime)
Winning score (between 0 and 1) : N=30, mean=0.666667 (+/-0.17157).
P1: N=15, mean=0.733333 (+/-0.231643).
P2: N=15, mean=0.6 (+/-0.256619).
Game Durations: N=30, mean=55.033333 (+/-4.749568).
P1: N=15, mean=61 (+/-5.963287).
P2: N=15, mean=49.066667 (+/-6.193411).

Agent 2 (Example UCT)
Winning score (between 0 and 1) : N=30, mean=0.333333 (+/-0.17157).
P1: N=15, mean=0.4 (+/-0.256619).
P2: N=15, mean=0.266667 (+/-0.231643).
Game Durations: N=30, mean=55.033333 (+/-4.749568).
P1: N=15, mean=49.066667 (+/-6.193411).
P2: N=15, mean=61 (+/-5.963287).
=====================================================
=====================================================
Completed 40 games.

Agent 1 (EntropySHUCTAnytime)
Winning score (between 0 and 1) : N=40, mean=0.625 (+/-0.151939).
P1: N=20, mean=0.6 (+/-0.22028).
P2: N=20, mean=0.65 (+/-0.214467).
Game Durations: N=40, mean=57.825 (+/-4.166511).
P1: N=20, mean=62.8 (+/-5.219764).
P2: N=20, mean=52.85 (+/-5.832019).

Agent 2 (Example UCT)
Winning score (between 0 and 1) : N=40, mean=0.375 (+/-0.151939).
P1: N=20, mean=0.35 (+/-0.214467).
P2: N=20, mean=0.4 (+/-0.22028).
Game Durations: N=40, mean=57.825 (+/-4.166511).
P1: N=20, mean=52.85 (+/-5.832019).
P2: N=20, mean=62.8 (+/-5.219764).
=====================================================
=====================================================
Completed 50 games.

Agent 1 (EntropySHUCTAnytime)
Winning score (between 0 and 1) : N=50, mean=0.64 (+/-0.134397).
P1: N=25, mean=0.6 (+/-0.195996).
P2: N=25, mean=0.68 (+/-0.186626).
Game Durations: N=50, mean=57.86 (+/-3.545665).
P1: N=25, mean=61.88 (+/-4.358168).
P2: N=25, mean=53.84 (+/-5.212265).

Agent 2 (Example UCT)
Winning score (between 0 and 1) : N=50, mean=0.36 (+/-0.134397).
P1: N=25, mean=0.32 (+/-0.186626).
P2: N=25, mean=0.4 (+/-0.195996).
Game Durations: N=50, mean=57.86 (+/-3.545665).
P1: N=25, mean=53.84 (+/-5.212265).
P2: N=25, mean=61.88 (+/-4.358168).
=====================================================
=====================================================
Completed 60 games.

Agent 1 (EntropySHUCTAnytime)
Winning score (between 0 and 1) : N=60, mean=0.65 (+/-0.121706).
P1: N=30, mean=0.6 (+/-0.178301).
P2: N=30, mean=0.7 (+/-0.166785).
Game Durations: N=60, mean=57.716667 (+/-3.084963).
P1: N=30, mean=60.6 (+/-3.964275).
P2: N=30, mean=54.833333 (+/-4.561397).

Agent 2 (Example UCT)
Winning score (between 0 and 1) : N=60, mean=0.35 (+/-0.121706).
P1: N=30, mean=0.3 (+/-0.166785).
P2: N=30, mean=0.4 (+/-0.178301).
Game Durations: N=60, mean=57.716667 (+/-3.084963).
P1: N=30, mean=54.833333 (+/-4.561397).
P2: N=30, mean=60.6 (+/-3.964275).
=====================================================
=====================================================
Completed 70 games.

Agent 1 (EntropySHUCTAnytime)
Winning score (between 0 and 1) : N=70, mean=0.585714 (+/-0.116229).
P1: N=35, mean=0.542857 (+/-0.167447).
P2: N=35, mean=0.628571 (+/-0.162414).
Game Durations: N=70, mean=58.371429 (+/-2.715323).
P1: N=35, mean=61 (+/-3.452269).
P2: N=35, mean=55.742857 (+/-4.055388).

Agent 2 (Example UCT)
Winning score (between 0 and 1) : N=70, mean=0.414286 (+/-0.116229).
P1: N=35, mean=0.371429 (+/-0.162414).
P2: N=35, mean=0.457143 (+/-0.167447).
Game Durations: N=70, mean=58.371429 (+/-2.715323).
P1: N=35, mean=55.742857 (+/-4.055388).
P2: N=35, mean=61 (+/-3.452269).
=====================================================
=====================================================
Completed 80 games.

Agent 1 (EntropySHUCTAnytime)
Winning score (between 0 and 1) : N=80, mean=0.6125 (+/-0.107429).
P1: N=40, mean=0.575 (+/-0.155147).
P2: N=40, mean=0.65 (+/-0.149694).
Game Durations: N=80, mean=58.3875 (+/-2.501749).
P1: N=40, mean=60.425 (+/-3.133648).
P2: N=40, mean=56.35 (+/-3.836456).

Agent 2 (Example UCT)
Winning score (between 0 and 1) : N=80, mean=0.3875 (+/-0.107429).
P1: N=40, mean=0.35 (+/-0.149694).
P2: N=40, mean=0.425 (+/-0.155147).
Game Durations: N=80, mean=58.3875 (+/-2.501749).
P1: N=40, mean=56.35 (+/-3.836456).
P2: N=40, mean=60.425 (+/-3.133648).
=====================================================
=====================================================
Completed 90 games.

Agent 1 (EntropySHUCTAnytime)
Winning score (between 0 and 1) : N=90, mean=0.6 (+/-0.101779).
P1: N=45, mean=0.577778 (+/-0.145939).
P2: N=45, mean=0.622222 (+/-0.143256).
Game Durations: N=90, mean=58.855556 (+/-2.388647).
P1: N=45, mean=60.844444 (+/-3.073797).
P2: N=45, mean=56.866667 (+/-3.597631).

Agent 2 (Example UCT)
Winning score (between 0 and 1) : N=90, mean=0.4 (+/-0.101779).
P1: N=45, mean=0.377778 (+/-0.143256).
P2: N=45, mean=0.422222 (+/-0.145939).
Game Durations: N=90, mean=58.855556 (+/-2.388647).
P1: N=45, mean=56.866667 (+/-3.597631).
P2: N=45, mean=60.844444 (+/-3.073797).
=====================================================
=====================================================
Completed 100 games.

Agent 1 (EntropySHUCTAnytime)
Winning score (between 0 and 1) : N=100, mean=0.57 (+/-0.097522).
P1: N=50, mean=0.56 (+/-0.138986).
P2: N=50, mean=0.58 (+/-0.138194).
Game Durations: N=100, mean=58.33 (+/-2.265061).
P1: N=50, mean=60.72 (+/-2.841654).
P2: N=50, mean=55.94 (+/-3.429403).

Agent 2 (Example UCT)
Winning score (between 0 and 1) : N=100, mean=0.43 (+/-0.097522).
P1: N=50, mean=0.42 (+/-0.138194).
P2: N=50, mean=0.44 (+/-0.138986).
Game Durations: N=100, mean=58.33 (+/-2.265061).
P1: N=50, mean=55.94 (+/-3.429403).
P2: N=50, mean=60.72 (+/-2.841654).
=====================================================
