Warming up...
Finished warming up!
=====================================================
Completed 1 games.

Agent 1 (EntropySHUCTAnytime)
Winning score (between 0 and 1) : N=1, mean=1 (+/-0).
P1: N=1, mean=1 (+/-0).
P2: N=0, mean=0 (+/-0).
Game Durations: N=1, mean=59 (+/-0).
P1: N=1, mean=59 (+/-0).
P2: N=0, mean=0 (+/-0).

Agent 2 (Example UCT)
Winning score (between 0 and 1) : N=1, mean=0 (+/-0).
P1: N=0, mean=0 (+/-0).
P2: N=1, mean=0 (+/-0).
Game Durations: N=1, mean=59 (+/-0).
P1: N=0, mean=0 (+/-0).
P2: N=1, mean=59 (+/-0).
=====================================================
=====================================================
Completed 2 games.

Agent 1 (EntropySHUCTAnytime)
Winning score (between 0 and 1) : N=2, mean=1 (+/-0).
P1: N=1, mean=1 (+/-0).
P2: N=1, mean=1 (+/-0).
Game Durations: N=2, mean=60.5 (+/-2.93994).
P1: N=1, mean=59 (+/-0).
P2: N=1, mean=62 (+/-0).

Agent 2 (Example UCT)
Winning score (between 0 and 1) : N=2, mean=0 (+/-0).
P1: N=1, mean=0 (+/-0).
P2: N=1, mean=0 (+/-0).
Game Durations: N=2, mean=60.5 (+/-2.93994).
P1: N=1, mean=62 (+/-0).
P2: N=1, mean=59 (+/-0).
=====================================================
=====================================================
Completed 3 games.

Agent 1 (EntropySHUCTAnytime)
Winning score (between 0 and 1) : N=3, mean=0.666667 (+/-0.65332).
P1: N=2, mean=0.5 (+/-0.97998).
P2: N=1, mean=1 (+/-0).
Game Durations: N=3, mean=58.333333 (+/-4.57324).
P1: N=2, mean=56.5 (+/-4.8999).
P2: N=1, mean=62 (+/-0).

Agent 2 (Example UCT)
Winning score (between 0 and 1) : N=3, mean=0.333333 (+/-0.65332).
P1: N=1, mean=0 (+/-0).
P2: N=2, mean=0.5 (+/-0.97998).
Game Durations: N=3, mean=58.333333 (+/-4.57324).
P1: N=1, mean=62 (+/-0).
P2: N=2, mean=56.5 (+/-4.8999).
=====================================================
=====================================================
Completed 4 games.

Agent 1 (EntropySHUCTAnytime)
Winning score (between 0 and 1) : N=4, mean=0.75 (+/-0.48999).
P1: N=2, mean=0.5 (+/-0.97998).
P2: N=2, mean=1 (+/-0).
Game Durations: N=4, mean=60.25 (+/-4.956736).
P1: N=2, mean=56.5 (+/-4.8999).
P2: N=2, mean=64 (+/-3.91992).

Agent 2 (Example UCT)
Winning score (between 0 and 1) : N=4, mean=0.25 (+/-0.48999).
P1: N=2, mean=0 (+/-0).
P2: N=2, mean=0.5 (+/-0.97998).
Game Durations: N=4, mean=60.25 (+/-4.956736).
P1: N=2, mean=64 (+/-3.91992).
P2: N=2, mean=56.5 (+/-4.8999).
=====================================================
=====================================================
Completed 5 games.

Agent 1 (EntropySHUCTAnytime)
Winning score (between 0 and 1) : N=5, mean=0.8 (+/-0.391992).
P1: N=3, mean=0.666667 (+/-0.65332).
P2: N=2, mean=1 (+/-0).
Game Durations: N=5, mean=56 (+/-9.17211).
P1: N=3, mean=50.666667 (+/-11.777894).
P2: N=2, mean=64 (+/-3.91992).

Agent 2 (Example UCT)
Winning score (between 0 and 1) : N=5, mean=0.2 (+/-0.391992).
P1: N=2, mean=0 (+/-0).
P2: N=3, mean=0.333333 (+/-0.65332).
Game Durations: N=5, mean=56 (+/-9.17211).
P1: N=2, mean=64 (+/-3.91992).
P2: N=3, mean=50.666667 (+/-11.777894).
=====================================================
=====================================================
Completed 10 games.

Agent 1 (EntropySHUCTAnytime)
Winning score (between 0 and 1) : N=10, mean=0.6 (+/-0.32006).
P1: N=5, mean=0.6 (+/-0.48009).
P2: N=5, mean=0.6 (+/-0.48009).
Game Durations: N=10, mean=58.7 (+/-8.852667).
P1: N=5, mean=59.8 (+/-14.287557).
P2: N=5, mean=57.6 (+/-12.09154).

Agent 2 (Example UCT)
Winning score (between 0 and 1) : N=10, mean=0.4 (+/-0.32006).
P1: N=5, mean=0.4 (+/-0.48009).
P2: N=5, mean=0.4 (+/-0.48009).
Game Durations: N=10, mean=58.7 (+/-8.852667).
P1: N=5, mean=57.6 (+/-12.09154).
P2: N=5, mean=59.8 (+/-14.287557).
=====================================================
=====================================================
Completed 20 games.

Agent 1 (EntropySHUCTAnytime)
Winning score (between 0 and 1) : N=20, mean=0.45 (+/-0.223696).
P1: N=10, mean=0.5 (+/-0.32666).
P2: N=10, mean=0.4 (+/-0.32006).
Game Durations: N=20, mean=60.25 (+/-5.94974).
P1: N=10, mean=58.9 (+/-8.767399).
P2: N=10, mean=61.6 (+/-8.428588).

Agent 2 (Example UCT)
Winning score (between 0 and 1) : N=20, mean=0.55 (+/-0.223696).
P1: N=10, mean=0.6 (+/-0.32006).
P2: N=10, mean=0.5 (+/-0.32666).
Game Durations: N=20, mean=60.25 (+/-5.94974).
P1: N=10, mean=61.6 (+/-8.428588).
P2: N=10, mean=58.9 (+/-8.767399).
=====================================================
=====================================================
Completed 30 games.

Agent 1 (EntropySHUCTAnytime)
Winning score (between 0 and 1) : N=30, mean=0.4 (+/-0.178301).
P1: N=15, mean=0.4 (+/-0.256619).
P2: N=15, mean=0.4 (+/-0.256619).
Game Durations: N=30, mean=58.9 (+/-4.794782).
P1: N=15, mean=60.8 (+/-6.714183).
P2: N=15, mean=57 (+/-6.941374).

Agent 2 (Example UCT)
Winning score (between 0 and 1) : N=30, mean=0.6 (+/-0.178301).
P1: N=15, mean=0.6 (+/-0.256619).
P2: N=15, mean=0.6 (+/-0.256619).
Game Durations: N=30, mean=58.9 (+/-4.794782).
P1: N=15, mean=57 (+/-6.941374).
P2: N=15, mean=60.8 (+/-6.714183).
=====================================================
=====================================================
Completed 40 games.

Agent 1 (EntropySHUCTAnytime)
Winning score (between 0 and 1) : N=40, mean=0.45 (+/-0.156136).
P1: N=20, mean=0.45 (+/-0.223696).
P2: N=20, mean=0.45 (+/-0.223696).
Game Durations: N=40, mean=56.3 (+/-4.314766).
P1: N=20, mean=57.75 (+/-6.042466).
P2: N=20, mean=54.85 (+/-6.250358).

Agent 2 (Example UCT)
Winning score (between 0 and 1) : N=40, mean=0.55 (+/-0.156136).
P1: N=20, mean=0.55 (+/-0.223696).
P2: N=20, mean=0.55 (+/-0.223696).
Game Durations: N=40, mean=56.3 (+/-4.314766).
P1: N=20, mean=54.85 (+/-6.250358).
P2: N=20, mean=57.75 (+/-6.042466).
=====================================================
=====================================================
Completed 50 games.

Agent 1 (EntropySHUCTAnytime)
Winning score (between 0 and 1) : N=50, mean=0.52 (+/-0.139885).
P1: N=25, mean=0.48 (+/-0.199877).
P2: N=25, mean=0.56 (+/-0.198592).
Game Durations: N=50, mean=56.22 (+/-3.692652).
P1: N=25, mean=58.16 (+/-5.167856).
P2: N=25, mean=54.28 (+/-5.269487).

Agent 2 (Example UCT)
Winning score (between 0 and 1) : N=50, mean=0.48 (+/-0.139885).
P1: N=25, mean=0.44 (+/-0.198592).
P2: N=25, mean=0.52 (+/-0.199877).
Game Durations: N=50, mean=56.22 (+/-3.692652).
P1: N=25, mean=54.28 (+/-5.269487).
P2: N=25, mean=58.16 (+/-5.167856).
=====================================================
=====================================================
Completed 60 games.

Agent 1 (EntropySHUCTAnytime)
Winning score (between 0 and 1) : N=60, mean=0.566667 (+/-0.126443).
P1: N=30, mean=0.566667 (+/-0.180353).
P2: N=30, mean=0.566667 (+/-0.180353).
Game Durations: N=60, mean=56.6 (+/-3.633811).
P1: N=30, mean=58.7 (+/-5.012509).
P2: N=30, mean=54.5 (+/-5.237882).

Agent 2 (Example UCT)
Winning score (between 0 and 1) : N=60, mean=0.433333 (+/-0.126443).
P1: N=30, mean=0.433333 (+/-0.180353).
P2: N=30, mean=0.433333 (+/-0.180353).
Game Durations: N=60, mean=56.6 (+/-3.633811).
P1: N=30, mean=54.5 (+/-5.237882).
P2: N=30, mean=58.7 (+/-5.012509).
=====================================================
=====================================================
Completed 70 games.

Agent 1 (EntropySHUCTAnytime)
Winning score (between 0 and 1) : N=70, mean=0.542857 (+/-0.117542).
P1: N=35, mean=0.542857 (+/-0.167447).
P2: N=35, mean=0.542857 (+/-0.167447).
Game Durations: N=70, mean=56.9 (+/-3.249223).
P1: N=35, mean=59.514286 (+/-4.487684).
P2: N=35, mean=54.285714 (+/-4.600776).

Agent 2 (Example UCT)
Winning score (between 0 and 1) : N=70, mean=0.457143 (+/-0.117542).
P1: N=35, mean=0.457143 (+/-0.167447).
P2: N=35, mean=0.457143 (+/-0.167447).
Game Durations: N=70, mean=56.9 (+/-3.249223).
P1: N=35, mean=54.285714 (+/-4.600776).
P2: N=35, mean=59.514286 (+/-4.487684).
=====================================================
=====================================================
Completed 80 games.

Agent 1 (EntropySHUCTAnytime)
Winning score (between 0 and 1) : N=80, mean=0.5625 (+/-0.109392).
P1: N=40, mean=0.575 (+/-0.155147).
P2: N=40, mean=0.55 (+/-0.156136).
Game Durations: N=80, mean=57.2625 (+/-2.969715).
P1: N=40, mean=59.075 (+/-4.101885).
P2: N=40, mean=55.45 (+/-4.272758).

Agent 2 (Example UCT)
Winning score (between 0 and 1) : N=80, mean=0.4375 (+/-0.109392).
P1: N=40, mean=0.45 (+/-0.156136).
P2: N=40, mean=0.425 (+/-0.155147).
Game Durations: N=80, mean=57.2625 (+/-2.969715).
P1: N=40, mean=55.45 (+/-4.272758).
P2: N=40, mean=59.075 (+/-4.101885).
=====================================================
=====================================================
Completed 90 games.

Agent 1 (EntropySHUCTAnytime)
Winning score (between 0 and 1) : N=90, mean=0.533333 (+/-0.103647).
P1: N=45, mean=0.533333 (+/-0.147409).
P2: N=45, mean=0.533333 (+/-0.147409).
Game Durations: N=90, mean=57.611111 (+/-2.795868).
P1: N=45, mean=58.266667 (+/-3.737705).
P2: N=45, mean=56.955556 (+/-4.192534).

Agent 2 (Example UCT)
Winning score (between 0 and 1) : N=90, mean=0.466667 (+/-0.103647).
P1: N=45, mean=0.466667 (+/-0.147409).
P2: N=45, mean=0.466667 (+/-0.147409).
Game Durations: N=90, mean=57.611111 (+/-2.795868).
P1: N=45, mean=56.955556 (+/-4.192534).
P2: N=45, mean=58.266667 (+/-3.737705).
=====================================================
=====================================================
Completed 100 games.

Agent 1 (EntropySHUCTAnytime)
Winning score (between 0 and 1) : N=100, mean=0.51 (+/-0.098472).
P1: N=50, mean=0.52 (+/-0.139885).
P2: N=50, mean=0.5 (+/-0.139997).
Game Durations: N=100, mean=57.79 (+/-2.610501).
P1: N=50, mean=57.84 (+/-3.482913).
P2: N=50, mean=57.74 (+/-3.925041).

Agent 2 (Example UCT)
Winning score (between 0 and 1) : N=100, mean=0.49 (+/-0.098472).
P1: N=50, mean=0.5 (+/-0.139997).
P2: N=50, mean=0.48 (+/-0.139885).
Game Durations: N=100, mean=57.79 (+/-2.610501).
P1: N=50, mean=57.74 (+/-3.925041).
P2: N=50, mean=57.84 (+/-3.482913).
=====================================================
