Warming up...
Finished warming up!
=====================================================
Completed 1 games.

Agent 1 (EntropySHUCTAnytime)
Winning score (between 0 and 1) : N=1, mean=1 (+/-0).
P1: N=0, mean=0 (+/-0).
P2: N=1, mean=1 (+/-0).
Game Durations: N=1, mean=46 (+/-0).
P1: N=0, mean=0 (+/-0).
P2: N=1, mean=46 (+/-0).

Agent 2 (Example UCT)
Winning score (between 0 and 1) : N=1, mean=0 (+/-0).
P1: N=1, mean=0 (+/-0).
P2: N=0, mean=0 (+/-0).
Game Durations: N=1, mean=46 (+/-0).
P1: N=1, mean=46 (+/-0).
P2: N=0, mean=0 (+/-0).
=====================================================
=====================================================
Completed 2 games.

Agent 1 (EntropySHUCTAnytime)
Winning score (between 0 and 1) : N=2, mean=1 (+/-0).
P1: N=1, mean=1 (+/-0).
P2: N=1, mean=1 (+/-0).
Game Durations: N=2, mean=55.5 (+/-18.61962).
P1: N=1, mean=65 (+/-0).
P2: N=1, mean=46 (+/-0).

Agent 2 (Example UCT)
Winning score (between 0 and 1) : N=2, mean=0 (+/-0).
P1: N=1, mean=0 (+/-0).
P2: N=1, mean=0 (+/-0).
Game Durations: N=2, mean=55.5 (+/-18.61962).
P1: N=1, mean=46 (+/-0).
P2: N=1, mean=65 (+/-0).
=====================================================
=====================================================
Completed 3 games.

Agent 1 (EntropySHUCTAnytime)
Winning score (between 0 and 1) : N=3, mean=0.666667 (+/-0.65332).
P1: N=1, mean=1 (+/-0).
P2: N=2, mean=0.5 (+/-0.97998).
Game Durations: N=3, mean=53.333333 (+/-11.558411).
P1: N=1, mean=65 (+/-0).
P2: N=2, mean=47.5 (+/-2.93994).

Agent 2 (Example UCT)
Winning score (between 0 and 1) : N=3, mean=0.333333 (+/-0.65332).
P1: N=2, mean=0.5 (+/-0.97998).
P2: N=1, mean=0 (+/-0).
Game Durations: N=3, mean=53.333333 (+/-11.558411).
P1: N=2, mean=47.5 (+/-2.93994).
P2: N=1, mean=65 (+/-0).
=====================================================
=====================================================
Completed 4 games.

Agent 1 (EntropySHUCTAnytime)
Winning score (between 0 and 1) : N=4, mean=0.5 (+/-0.565792).
P1: N=2, mean=0.5 (+/-0.97998).
P2: N=2, mean=0.5 (+/-0.97998).
Game Durations: N=4, mean=54.5 (+/-8.486876).
P1: N=2, mean=61.5 (+/-6.85986).
P2: N=2, mean=47.5 (+/-2.93994).

Agent 2 (Example UCT)
Winning score (between 0 and 1) : N=4, mean=0.5 (+/-0.565792).
P1: N=2, mean=0.5 (+/-0.97998).
P2: N=2, mean=0.5 (+/-0.97998).
Game Durations: N=4, mean=54.5 (+/-8.486876).
P1: N=2, mean=47.5 (+/-2.93994).
P2: N=2, mean=61.5 (+/-6.85986).
=====================================================
=====================================================
Completed 5 games.

Agent 1 (EntropySHUCTAnytime)
Winning score (between 0 and 1) : N=5, mean=0.4 (+/-0.48009).
P1: N=2, mean=0.5 (+/-0.97998).
P2: N=3, mean=0.333333 (+/-0.65332).
Game Durations: N=5, mean=50.2 (+/-10.688523).
P1: N=2, mean=61.5 (+/-6.85986).
P2: N=3, mean=42.666667 (+/-9.624005).

Agent 2 (Example UCT)
Winning score (between 0 and 1) : N=5, mean=0.6 (+/-0.48009).
P1: N=3, mean=0.666667 (+/-0.65332).
P2: N=2, mean=0.5 (+/-0.97998).
Game Durations: N=5, mean=50.2 (+/-10.688523).
P1: N=3, mean=42.666667 (+/-9.624005).
P2: N=2, mean=61.5 (+/-6.85986).
=====================================================
=====================================================
Completed 10 games.

Agent 1 (EntropySHUCTAnytime)
Winning score (between 0 and 1) : N=10, mean=0.4 (+/-0.32006).
P1: N=5, mean=0.2 (+/-0.391992).
P2: N=5, mean=0.6 (+/-0.48009).
Game Durations: N=10, mean=54.9 (+/-8.654702).
P1: N=5, mean=55 (+/-7.120888).
P2: N=5, mean=54.8 (+/-16.921619).

Agent 2 (Example UCT)
Winning score (between 0 and 1) : N=10, mean=0.6 (+/-0.32006).
P1: N=5, mean=0.4 (+/-0.48009).
P2: N=5, mean=0.8 (+/-0.391992).
Game Durations: N=10, mean=54.9 (+/-8.654702).
P1: N=5, mean=54.8 (+/-16.921619).
P2: N=5, mean=55 (+/-7.120888).
=====================================================
=====================================================
Completed 20 games.

Agent 1 (EntropySHUCTAnytime)
Winning score (between 0 and 1) : N=20, mean=0.45 (+/-0.223696).
P1: N=10, mean=0.3 (+/-0.299389).
P2: N=10, mean=0.6 (+/-0.32006).
Game Durations: N=20, mean=55.85 (+/-5.895805).
P1: N=10, mean=58.3 (+/-5.703375).
P2: N=10, mean=53.4 (+/-10.445768).

Agent 2 (Example UCT)
Winning score (between 0 and 1) : N=20, mean=0.55 (+/-0.223696).
P1: N=10, mean=0.4 (+/-0.32006).
P2: N=10, mean=0.7 (+/-0.299389).
Game Durations: N=20, mean=55.85 (+/-5.895805).
P1: N=10, mean=53.4 (+/-10.445768).
P2: N=10, mean=58.3 (+/-5.703375).
=====================================================
=====================================================
Completed 30 games.

Agent 1 (EntropySHUCTAnytime)
Winning score (between 0 and 1) : N=30, mean=0.466667 (+/-0.181573).
P1: N=15, mean=0.4 (+/-0.256619).
P2: N=15, mean=0.533333 (+/-0.261328).
Game Durations: N=30, mean=57.3 (+/-4.873154).
P1: N=15, mean=58.933333 (+/-4.113323).
P2: N=15, mean=55.666667 (+/-8.944248).

Agent 2 (Example UCT)
Winning score (between 0 and 1) : N=30, mean=0.533333 (+/-0.181573).
P1: N=15, mean=0.466667 (+/-0.261328).
P2: N=15, mean=0.6 (+/-0.256619).
Game Durations: N=30, mean=57.3 (+/-4.873154).
P1: N=15, mean=55.666667 (+/-8.944248).
P2: N=15, mean=58.933333 (+/-4.113323).
=====================================================
=====================================================
Completed 40 games.

Agent 1 (EntropySHUCTAnytime)
Winning score (between 0 and 1) : N=40, mean=0.425 (+/-0.155147).
P1: N=20, mean=0.4 (+/-0.22028).
P2: N=20, mean=0.45 (+/-0.223696).
Game Durations: N=40, mean=57.125 (+/-3.913751).
P1: N=20, mean=58.8 (+/-3.50493).
P2: N=20, mean=55.45 (+/-7.033003).

Agent 2 (Example UCT)
Winning score (between 0 and 1) : N=40, mean=0.575 (+/-0.155147).
P1: N=20, mean=0.55 (+/-0.223696).
P2: N=20, mean=0.6 (+/-0.22028).
Game Durations: N=40, mean=57.125 (+/-3.913751).
P1: N=20, mean=55.45 (+/-7.033003).
P2: N=20, mean=58.8 (+/-3.50493).
=====================================================
=====================================================
Completed 50 games.

Agent 1 (EntropySHUCTAnytime)
Winning score (between 0 and 1) : N=50, mean=0.42 (+/-0.138194).
P1: N=25, mean=0.32 (+/-0.186626).
P2: N=25, mean=0.52 (+/-0.199877).
Game Durations: N=50, mean=57.16 (+/-3.257748).
P1: N=25, mean=58.56 (+/-2.889595).
P2: N=25, mean=55.76 (+/-5.861646).

Agent 2 (Example UCT)
Winning score (between 0 and 1) : N=50, mean=0.58 (+/-0.138194).
P1: N=25, mean=0.48 (+/-0.199877).
P2: N=25, mean=0.68 (+/-0.186626).
Game Durations: N=50, mean=57.16 (+/-3.257748).
P1: N=25, mean=55.76 (+/-5.861646).
P2: N=25, mean=58.56 (+/-2.889595).
=====================================================
=====================================================
Completed 60 games.

Agent 1 (EntropySHUCTAnytime)
Winning score (between 0 and 1) : N=60, mean=0.466667 (+/-0.127299).
P1: N=30, mean=0.366667 (+/-0.175388).
P2: N=30, mean=0.566667 (+/-0.180353).
Game Durations: N=60, mean=58.066667 (+/-2.985128).
P1: N=30, mean=59.166667 (+/-3.095524).
P2: N=30, mean=56.966667 (+/-5.133779).

Agent 2 (Example UCT)
Winning score (between 0 and 1) : N=60, mean=0.533333 (+/-0.127299).
P1: N=30, mean=0.433333 (+/-0.180353).
P2: N=30, mean=0.633333 (+/-0.175388).
Game Durations: N=60, mean=58.066667 (+/-2.985128).
P1: N=30, mean=56.966667 (+/-5.133779).
P2: N=30, mean=59.166667 (+/-3.095524).
=====================================================
=====================================================
Completed 70 games.

Agent 1 (EntropySHUCTAnytime)
Winning score (between 0 and 1) : N=70, mean=0.471429 (+/-0.117783).
P1: N=35, mean=0.4 (+/-0.16467).
P2: N=35, mean=0.542857 (+/-0.167447).
Game Durations: N=70, mean=58.228571 (+/-2.722928).
P1: N=35, mean=58.857143 (+/-2.795162).
P2: N=35, mean=57.6 (+/-4.710762).

Agent 2 (Example UCT)
Winning score (between 0 and 1) : N=70, mean=0.528571 (+/-0.117783).
P1: N=35, mean=0.457143 (+/-0.167447).
P2: N=35, mean=0.6 (+/-0.16467).
Game Durations: N=70, mean=58.228571 (+/-2.722928).
P1: N=35, mean=57.6 (+/-4.710762).
P2: N=35, mean=58.857143 (+/-2.795162).
=====================================================
=====================================================
Completed 80 games.

Agent 1 (EntropySHUCTAnytime)
Winning score (between 0 and 1) : N=80, mean=0.5125 (+/-0.110222).
P1: N=40, mean=0.45 (+/-0.156136).
P2: N=40, mean=0.575 (+/-0.155147).
Game Durations: N=80, mean=57.9375 (+/-2.474597).
P1: N=40, mean=58.85 (+/-2.565621).
P2: N=40, mean=57.025 (+/-4.249954).

Agent 2 (Example UCT)
Winning score (between 0 and 1) : N=80, mean=0.4875 (+/-0.110222).
P1: N=40, mean=0.425 (+/-0.155147).
P2: N=40, mean=0.55 (+/-0.156136).
Game Durations: N=80, mean=57.9375 (+/-2.474597).
P1: N=40, mean=57.025 (+/-4.249954).
P2: N=40, mean=58.85 (+/-2.565621).
=====================================================
=====================================================
Completed 90 games.

Agent 1 (EntropySHUCTAnytime)
Winning score (between 0 and 1) : N=90, mean=0.5 (+/-0.103878).
P1: N=45, mean=0.444444 (+/-0.146823).
P2: N=45, mean=0.555556 (+/-0.146823).
Game Durations: N=90, mean=57.6 (+/-2.302827).
P1: N=45, mean=58 (+/-2.472907).
P2: N=45, mean=57.2 (+/-3.912786).

Agent 2 (Example UCT)
Winning score (between 0 and 1) : N=90, mean=0.5 (+/-0.103878).
P1: N=45, mean=0.444444 (+/-0.146823).
P2: N=45, mean=0.555556 (+/-0.146823).
Game Durations: N=90, mean=57.6 (+/-2.302827).
P1: N=45, mean=57.2 (+/-3.912786).
P2: N=45, mean=58 (+/-2.472907).
=====================================================
=====================================================
Completed 100 games.

Agent 1 (EntropySHUCTAnytime)
Winning score (between 0 and 1) : N=100, mean=0.52 (+/-0.098413).
P1: N=50, mean=0.48 (+/-0.139885).
P2: N=50, mean=0.56 (+/-0.138986).
Game Durations: N=100, mean=57.98 (+/-2.249233).
P1: N=50, mean=57.84 (+/-2.657062).
P2: N=50, mean=58.12 (+/-3.657819).

Agent 2 (Example UCT)
Winning score (between 0 and 1) : N=100, mean=0.48 (+/-0.098413).
P1: N=50, mean=0.44 (+/-0.138986).
P2: N=50, mean=0.52 (+/-0.139885).
Game Durations: N=100, mean=57.98 (+/-2.249233).
P1: N=50, mean=58.12 (+/-3.657819).
P2: N=50, mean=57.84 (+/-2.657062).
=====================================================
