Warming up...
Finished warming up!
=====================================================
Completed 1 games.

Agent 1 (EntropySHUCTAnytime)
Winning score (between 0 and 1) : N=1, mean=1 (+/-0).
P1: N=0, mean=0 (+/-0).
P2: N=1, mean=1 (+/-0).
Game Durations: N=1, mean=70 (+/-0).
P1: N=0, mean=0 (+/-0).
P2: N=1, mean=70 (+/-0).

Agent 2 (Example UCT)
Winning score (between 0 and 1) : N=1, mean=0 (+/-0).
P1: N=1, mean=0 (+/-0).
P2: N=0, mean=0 (+/-0).
Game Durations: N=1, mean=70 (+/-0).
P1: N=1, mean=70 (+/-0).
P2: N=0, mean=0 (+/-0).
=====================================================
=====================================================
Completed 2 games.

Agent 1 (EntropySHUCTAnytime)
Winning score (between 0 and 1) : N=2, mean=0.5 (+/-0.97998).
P1: N=1, mean=0 (+/-0).
P2: N=1, mean=1 (+/-0).
Game Durations: N=2, mean=64 (+/-11.75976).
P1: N=1, mean=58 (+/-0).
P2: N=1, mean=70 (+/-0).

Agent 2 (Example UCT)
Winning score (between 0 and 1) : N=2, mean=0.5 (+/-0.97998).
P1: N=1, mean=0 (+/-0).
P2: N=1, mean=1 (+/-0).
Game Durations: N=2, mean=64 (+/-11.75976).
P1: N=1, mean=70 (+/-0).
P2: N=1, mean=58 (+/-0).
=====================================================
=====================================================
Completed 3 games.

Agent 1 (EntropySHUCTAnytime)
Winning score (between 0 and 1) : N=3, mean=0.333333 (+/-0.65332).
P1: N=1, mean=0 (+/-0).
P2: N=2, mean=0.5 (+/-0.97998).
Game Durations: N=3, mean=61.666667 (+/-8.186076).
P1: N=1, mean=58 (+/-0).
P2: N=2, mean=63.5 (+/-12.73974).

Agent 2 (Example UCT)
Winning score (between 0 and 1) : N=3, mean=0.666667 (+/-0.65332).
P1: N=2, mean=0.5 (+/-0.97998).
P2: N=1, mean=1 (+/-0).
Game Durations: N=3, mean=61.666667 (+/-8.186076).
P1: N=2, mean=63.5 (+/-12.73974).
P2: N=1, mean=58 (+/-0).
=====================================================
=====================================================
Completed 4 games.

Agent 1 (EntropySHUCTAnytime)
Winning score (between 0 and 1) : N=4, mean=0.5 (+/-0.565792).
P1: N=2, mean=0.5 (+/-0.97998).
P2: N=2, mean=0.5 (+/-0.97998).
Game Durations: N=4, mean=66 (+/-10.278117).
P1: N=2, mean=68.5 (+/-20.57958).
P2: N=2, mean=63.5 (+/-12.73974).

Agent 2 (Example UCT)
Winning score (between 0 and 1) : N=4, mean=0.5 (+/-0.565792).
P1: N=2, mean=0.5 (+/-0.97998).
P2: N=2, mean=0.5 (+/-0.97998).
Game Durations: N=4, mean=66 (+/-10.278117).
P1: N=2, mean=63.5 (+/-12.73974).
P2: N=2, mean=68.5 (+/-20.57958).
=====================================================
=====================================================
Completed 5 games.

Agent 1 (EntropySHUCTAnytime)
Winning score (between 0 and 1) : N=5, mean=0.4 (+/-0.48009).
P1: N=2, mean=0.5 (+/-0.97998).
P2: N=3, mean=0.333333 (+/-0.65332).
Game Durations: N=5, mean=63.4 (+/-9.452617).
P1: N=2, mean=68.5 (+/-20.57958).
P2: N=3, mean=60 (+/-10.057734).

Agent 2 (Example UCT)
Winning score (between 0 and 1) : N=5, mean=0.6 (+/-0.48009).
P1: N=3, mean=0.666667 (+/-0.65332).
P2: N=2, mean=0.5 (+/-0.97998).
Game Durations: N=5, mean=63.4 (+/-9.452617).
P1: N=3, mean=60 (+/-10.057734).
P2: N=2, mean=68.5 (+/-20.57958).
=====================================================
=====================================================
Completed 10 games.

Agent 1 (EntropySHUCTAnytime)
Winning score (between 0 and 1) : N=10, mean=0.6 (+/-0.32006).
P1: N=5, mean=0.6 (+/-0.48009).
P2: N=5, mean=0.6 (+/-0.48009).
Game Durations: N=10, mean=56.7 (+/-9.128028).
P1: N=5, mean=53 (+/-15.219692).
P2: N=5, mean=60.4 (+/-10.817133).

Agent 2 (Example UCT)
Winning score (between 0 and 1) : N=10, mean=0.4 (+/-0.32006).
P1: N=5, mean=0.4 (+/-0.48009).
P2: N=5, mean=0.4 (+/-0.48009).
Game Durations: N=10, mean=56.7 (+/-9.128028).
P1: N=5, mean=60.4 (+/-10.817133).
P2: N=5, mean=53 (+/-15.219692).
=====================================================
=====================================================
Completed 20 games.

Agent 1 (EntropySHUCTAnytime)
Winning score (between 0 and 1) : N=20, mean=0.55 (+/-0.223696).
P1: N=10, mean=0.7 (+/-0.299389).
P2: N=10, mean=0.4 (+/-0.32006).
Game Durations: N=20, mean=57.05 (+/-6.167649).
P1: N=10, mean=58.9 (+/-10.101984).
P2: N=10, mean=55.2 (+/-7.459301).

Agent 2 (Example UCT)
Winning score (between 0 and 1) : N=20, mean=0.45 (+/-0.223696).
P1: N=10, mean=0.6 (+/-0.32006).
P2: N=10, mean=0.3 (+/-0.299389).
Game Durations: N=20, mean=57.05 (+/-6.167649).
P1: N=10, mean=55.2 (+/-7.459301).
P2: N=10, mean=58.9 (+/-10.101984).
=====================================================
=====================================================
Completed 30 games.

Agent 1 (EntropySHUCTAnytime)
Winning score (between 0 and 1) : N=30, mean=0.566667 (+/-0.180353).
P1: N=15, mean=0.666667 (+/-0.246932).
P2: N=15, mean=0.466667 (+/-0.261328).
Game Durations: N=30, mean=55.8 (+/-4.571373).
P1: N=15, mean=57.866667 (+/-6.840143).
P2: N=15, mean=53.733333 (+/-6.119126).

Agent 2 (Example UCT)
Winning score (between 0 and 1) : N=30, mean=0.433333 (+/-0.180353).
P1: N=15, mean=0.533333 (+/-0.261328).
P2: N=15, mean=0.333333 (+/-0.246932).
Game Durations: N=30, mean=55.8 (+/-4.571373).
P1: N=15, mean=53.733333 (+/-6.119126).
P2: N=15, mean=57.866667 (+/-6.840143).
=====================================================
=====================================================
Completed 40 games.

Agent 1 (EntropySHUCTAnytime)
Winning score (between 0 and 1) : N=40, mean=0.575 (+/-0.155147).
P1: N=20, mean=0.7 (+/-0.206054).
P2: N=20, mean=0.45 (+/-0.223696).
Game Durations: N=40, mean=56.025 (+/-3.792517).
P1: N=20, mean=58.9 (+/-5.482912).
P2: N=20, mean=53.15 (+/-5.063807).

Agent 2 (Example UCT)
Winning score (between 0 and 1) : N=40, mean=0.425 (+/-0.155147).
P1: N=20, mean=0.55 (+/-0.223696).
P2: N=20, mean=0.3 (+/-0.206054).
Game Durations: N=40, mean=56.025 (+/-3.792517).
P1: N=20, mean=53.15 (+/-5.063807).
P2: N=20, mean=58.9 (+/-5.482912).
=====================================================
=====================================================
Completed 50 games.

Agent 1 (EntropySHUCTAnytime)
Winning score (between 0 and 1) : N=50, mean=0.6 (+/-0.137169).
P1: N=25, mean=0.68 (+/-0.186626).
P2: N=25, mean=0.52 (+/-0.199877).
Game Durations: N=50, mean=56.82 (+/-3.311844).
P1: N=25, mean=59.08 (+/-4.942727).
P2: N=25, mean=54.56 (+/-4.326853).

Agent 2 (Example UCT)
Winning score (between 0 and 1) : N=50, mean=0.4 (+/-0.137169).
P1: N=25, mean=0.48 (+/-0.199877).
P2: N=25, mean=0.32 (+/-0.186626).
Game Durations: N=50, mean=56.82 (+/-3.311844).
P1: N=25, mean=54.56 (+/-4.326853).
P2: N=25, mean=59.08 (+/-4.942727).
=====================================================
=====================================================
Completed 60 games.

Agent 1 (EntropySHUCTAnytime)
Winning score (between 0 and 1) : N=60, mean=0.616667 (+/-0.124061).
P1: N=30, mean=0.7 (+/-0.166785).
P2: N=30, mean=0.533333 (+/-0.181573).
Game Durations: N=60, mean=56.916667 (+/-3.065626).
P1: N=30, mean=58.1 (+/-4.649854).
P2: N=30, mean=55.733333 (+/-4.030915).

Agent 2 (Example UCT)
Winning score (between 0 and 1) : N=60, mean=0.383333 (+/-0.124061).
P1: N=30, mean=0.466667 (+/-0.181573).
P2: N=30, mean=0.3 (+/-0.166785).
Game Durations: N=60, mean=56.916667 (+/-3.065626).
P1: N=30, mean=55.733333 (+/-4.030915).
P2: N=30, mean=58.1 (+/-4.649854).
=====================================================
=====================================================
Completed 70 games.

Agent 1 (EntropySHUCTAnytime)
Winning score (between 0 and 1) : N=70, mean=0.571429 (+/-0.116766).
P1: N=35, mean=0.628571 (+/-0.162414).
P2: N=35, mean=0.514286 (+/-0.167997).
Game Durations: N=70, mean=56.471429 (+/-2.874273).
P1: N=35, mean=58.285714 (+/-4.390384).
P2: N=35, mean=54.657143 (+/-3.675932).

Agent 2 (Example UCT)
Winning score (between 0 and 1) : N=70, mean=0.428571 (+/-0.116766).
P1: N=35, mean=0.485714 (+/-0.167997).
P2: N=35, mean=0.371429 (+/-0.162414).
Game Durations: N=70, mean=56.471429 (+/-2.874273).
P1: N=35, mean=54.657143 (+/-3.675932).
P2: N=35, mean=58.285714 (+/-4.390384).
=====================================================
=====================================================
Completed 80 games.

Agent 1 (EntropySHUCTAnytime)
Winning score (between 0 and 1) : N=80, mean=0.575 (+/-0.109009).
P1: N=40, mean=0.6 (+/-0.153752).
P2: N=40, mean=0.55 (+/-0.156136).
Game Durations: N=80, mean=56.725 (+/-2.599801).
P1: N=40, mean=57.95 (+/-3.944936).
P2: N=40, mean=55.5 (+/-3.39475).

Agent 2 (Example UCT)
Winning score (between 0 and 1) : N=80, mean=0.425 (+/-0.109009).
P1: N=40, mean=0.45 (+/-0.156136).
P2: N=40, mean=0.4 (+/-0.153752).
Game Durations: N=80, mean=56.725 (+/-2.599801).
P1: N=40, mean=55.5 (+/-3.39475).
P2: N=40, mean=57.95 (+/-3.944936).
=====================================================
=====================================================
Completed 90 games.

Agent 1 (EntropySHUCTAnytime)
Winning score (between 0 and 1) : N=90, mean=0.544444 (+/-0.103466).
P1: N=45, mean=0.577778 (+/-0.145939).
P2: N=45, mean=0.511111 (+/-0.147701).
Game Durations: N=90, mean=56.155556 (+/-2.506285).
P1: N=45, mean=57.466667 (+/-3.805707).
P2: N=45, mean=54.844444 (+/-3.260034).

Agent 2 (Example UCT)
Winning score (between 0 and 1) : N=90, mean=0.455556 (+/-0.103466).
P1: N=45, mean=0.488889 (+/-0.147701).
P2: N=45, mean=0.422222 (+/-0.145939).
Game Durations: N=90, mean=56.155556 (+/-2.506285).
P1: N=45, mean=54.844444 (+/-3.260034).
P2: N=45, mean=57.466667 (+/-3.805707).
=====================================================
=====================================================
Completed 100 games.

Agent 1 (EntropySHUCTAnytime)
Winning score (between 0 and 1) : N=100, mean=0.55 (+/-0.097998).
P1: N=50, mean=0.58 (+/-0.138194).
P2: N=50, mean=0.52 (+/-0.139885).
Game Durations: N=100, mean=55.91 (+/-2.355924).
P1: N=50, mean=57.62 (+/-3.561496).
P2: N=50, mean=54.2 (+/-3.047182).

Agent 2 (Example UCT)
Winning score (between 0 and 1) : N=100, mean=0.45 (+/-0.097998).
P1: N=50, mean=0.48 (+/-0.139885).
P2: N=50, mean=0.42 (+/-0.138194).
Game Durations: N=100, mean=55.91 (+/-2.355924).
P1: N=50, mean=54.2 (+/-3.047182).
P2: N=50, mean=57.62 (+/-3.561496).
=====================================================
