Warming up...
Finished warming up!
=====================================================
Completed 1 games.

Agent 1 (RegressionTreeSHUCTAny)
Winning score (between 0 and 1) : N=1, mean=0 (+/-0).
P1: N=1, mean=0 (+/-0).
P2: N=0, mean=0 (+/-0).
Game Durations: N=1, mean=56 (+/-0).
P1: N=1, mean=56 (+/-0).
P2: N=0, mean=0 (+/-0).

Agent 2 (SHUCTAnyTime)
Winning score (between 0 and 1) : N=1, mean=1 (+/-0).
P1: N=0, mean=0 (+/-0).
P2: N=1, mean=1 (+/-0).
Game Durations: N=1, mean=56 (+/-0).
P1: N=0, mean=0 (+/-0).
P2: N=1, mean=56 (+/-0).
=====================================================
=====================================================
Completed 2 games.

Agent 1 (RegressionTreeSHUCTAny)
Winning score (between 0 and 1) : N=2, mean=0 (+/-0).
P1: N=1, mean=0 (+/-0).
P2: N=1, mean=0 (+/-0).
Game Durations: N=2, mean=60.5 (+/-8.81982).
P1: N=1, mean=56 (+/-0).
P2: N=1, mean=65 (+/-0).

Agent 2 (SHUCTAnyTime)
Winning score (between 0 and 1) : N=2, mean=1 (+/-0).
P1: N=1, mean=1 (+/-0).
P2: N=1, mean=1 (+/-0).
Game Durations: N=2, mean=60.5 (+/-8.81982).
P1: N=1, mean=65 (+/-0).
P2: N=1, mean=56 (+/-0).
=====================================================
=====================================================
Completed 3 games.

Agent 1 (RegressionTreeSHUCTAny)
Winning score (between 0 and 1) : N=3, mean=0.333333 (+/-0.65332).
P1: N=2, mean=0.5 (+/-0.97998).
P2: N=1, mean=0 (+/-0).
Game Durations: N=3, mean=64 (+/-8.543268).
P1: N=2, mean=63.5 (+/-14.6997).
P2: N=1, mean=65 (+/-0).

Agent 2 (SHUCTAnyTime)
Winning score (between 0 and 1) : N=3, mean=0.666667 (+/-0.65332).
P1: N=1, mean=1 (+/-0).
P2: N=2, mean=0.5 (+/-0.97998).
Game Durations: N=3, mean=64 (+/-8.543268).
P1: N=1, mean=65 (+/-0).
P2: N=2, mean=63.5 (+/-14.6997).
=====================================================
=====================================================
Completed 4 games.

Agent 1 (RegressionTreeSHUCTAny)
Winning score (between 0 and 1) : N=4, mean=0.25 (+/-0.48999).
P1: N=2, mean=0.5 (+/-0.97998).
P2: N=2, mean=0 (+/-0).
Game Durations: N=4, mean=67.25 (+/-8.778893).
P1: N=2, mean=63.5 (+/-14.6997).
P2: N=2, mean=71 (+/-11.75976).

Agent 2 (SHUCTAnyTime)
Winning score (between 0 and 1) : N=4, mean=0.75 (+/-0.48999).
P1: N=2, mean=1 (+/-0).
P2: N=2, mean=0.5 (+/-0.97998).
Game Durations: N=4, mean=67.25 (+/-8.778893).
P1: N=2, mean=71 (+/-11.75976).
P2: N=2, mean=63.5 (+/-14.6997).
=====================================================
=====================================================
Completed 5 games.

Agent 1 (RegressionTreeSHUCTAny)
Winning score (between 0 and 1) : N=5, mean=0.2 (+/-0.391992).
P1: N=3, mean=0.333333 (+/-0.65332).
P2: N=2, mean=0 (+/-0).
Game Durations: N=5, mean=71.4 (+/-10.601916).
P1: N=3, mean=71.666667 (+/-18.117118).
P2: N=2, mean=71 (+/-11.75976).

Agent 2 (SHUCTAnyTime)
Winning score (between 0 and 1) : N=5, mean=0.8 (+/-0.391992).
P1: N=2, mean=1 (+/-0).
P2: N=3, mean=0.666667 (+/-0.65332).
Game Durations: N=5, mean=71.4 (+/-10.601916).
P1: N=2, mean=71 (+/-11.75976).
P2: N=3, mean=71.666667 (+/-18.117118).
=====================================================
=====================================================
Completed 10 games.

Agent 1 (RegressionTreeSHUCTAny)
Winning score (between 0 and 1) : N=10, mean=0.2 (+/-0.261328).
P1: N=5, mean=0.2 (+/-0.391992).
P2: N=5, mean=0.2 (+/-0.391992).
Game Durations: N=10, mean=61.9 (+/-9.639293).
P1: N=5, mean=63.8 (+/-15.034311).
P2: N=5, mean=60 (+/-13.607261).

Agent 2 (SHUCTAnyTime)
Winning score (between 0 and 1) : N=10, mean=0.8 (+/-0.261328).
P1: N=5, mean=0.8 (+/-0.391992).
P2: N=5, mean=0.8 (+/-0.391992).
Game Durations: N=10, mean=61.9 (+/-9.639293).
P1: N=5, mean=60 (+/-13.607261).
P2: N=5, mean=63.8 (+/-15.034311).
=====================================================
=====================================================
Completed 20 games.

Agent 1 (RegressionTreeSHUCTAny)
Winning score (between 0 and 1) : N=20, mean=0.4 (+/-0.22028).
P1: N=10, mean=0.3 (+/-0.299389).
P2: N=10, mean=0.5 (+/-0.32666).
Game Durations: N=20, mean=59.3 (+/-7.419971).
P1: N=10, mean=53.9 (+/-11.283538).
P2: N=10, mean=64.7 (+/-8.958111).

Agent 2 (SHUCTAnyTime)
Winning score (between 0 and 1) : N=20, mean=0.6 (+/-0.22028).
P1: N=10, mean=0.5 (+/-0.32666).
P2: N=10, mean=0.7 (+/-0.299389).
Game Durations: N=20, mean=59.3 (+/-7.419971).
P1: N=10, mean=64.7 (+/-8.958111).
P2: N=10, mean=53.9 (+/-11.283538).
=====================================================
=====================================================
Completed 30 games.

Agent 1 (RegressionTreeSHUCTAny)
Winning score (between 0 and 1) : N=30, mean=0.433333 (+/-0.180353).
P1: N=15, mean=0.333333 (+/-0.246932).
P2: N=15, mean=0.533333 (+/-0.261328).
Game Durations: N=30, mean=62.933333 (+/-5.811852).
P1: N=15, mean=57.8 (+/-8.840433).
P2: N=15, mean=68.066667 (+/-6.879077).

Agent 2 (SHUCTAnyTime)
Winning score (between 0 and 1) : N=30, mean=0.566667 (+/-0.180353).
P1: N=15, mean=0.466667 (+/-0.261328).
P2: N=15, mean=0.666667 (+/-0.246932).
Game Durations: N=30, mean=62.933333 (+/-5.811852).
P1: N=15, mean=68.066667 (+/-6.879077).
P2: N=15, mean=57.8 (+/-8.840433).
=====================================================
=====================================================
Completed 40 games.

Agent 1 (RegressionTreeSHUCTAny)
Winning score (between 0 and 1) : N=40, mean=0.5 (+/-0.156922).
P1: N=20, mean=0.5 (+/-0.224823).
P2: N=20, mean=0.5 (+/-0.224823).
Game Durations: N=40, mean=62 (+/-4.898392).
P1: N=20, mean=59.7 (+/-7.521458).
P2: N=20, mean=64.3 (+/-6.308033).

Agent 2 (SHUCTAnyTime)
Winning score (between 0 and 1) : N=40, mean=0.5 (+/-0.156922).
P1: N=20, mean=0.5 (+/-0.224823).
P2: N=20, mean=0.5 (+/-0.224823).
Game Durations: N=40, mean=62 (+/-4.898392).
P1: N=20, mean=64.3 (+/-6.308033).
P2: N=20, mean=59.7 (+/-7.521458).
=====================================================
=====================================================
Completed 50 games.

Agent 1 (RegressionTreeSHUCTAny)
Winning score (between 0 and 1) : N=50, mean=0.48 (+/-0.139885).
P1: N=25, mean=0.44 (+/-0.198592).
P2: N=25, mean=0.52 (+/-0.199877).
Game Durations: N=50, mean=59.38 (+/-4.53967).
P1: N=25, mean=58.84 (+/-6.067103).
P2: N=25, mean=59.92 (+/-6.873771).

Agent 2 (SHUCTAnyTime)
Winning score (between 0 and 1) : N=50, mean=0.52 (+/-0.139885).
P1: N=25, mean=0.48 (+/-0.199877).
P2: N=25, mean=0.56 (+/-0.198592).
Game Durations: N=50, mean=59.38 (+/-4.53967).
P1: N=25, mean=59.92 (+/-6.873771).
P2: N=25, mean=58.84 (+/-6.067103).
=====================================================
=====================================================
Completed 60 games.

Agent 1 (RegressionTreeSHUCTAny)
Winning score (between 0 and 1) : N=60, mean=0.466667 (+/-0.127299).
P1: N=30, mean=0.433333 (+/-0.180353).
P2: N=30, mean=0.5 (+/-0.181978).
Game Durations: N=60, mean=58.4 (+/-4.113147).
P1: N=30, mean=57.9 (+/-5.289555).
P2: N=30, mean=58.9 (+/-6.386943).

Agent 2 (SHUCTAnyTime)
Winning score (between 0 and 1) : N=60, mean=0.533333 (+/-0.127299).
P1: N=30, mean=0.5 (+/-0.181978).
P2: N=30, mean=0.566667 (+/-0.180353).
Game Durations: N=60, mean=58.4 (+/-4.113147).
P1: N=30, mean=58.9 (+/-6.386943).
P2: N=30, mean=57.9 (+/-5.289555).
=====================================================
=====================================================
Completed 70 games.

Agent 1 (RegressionTreeSHUCTAny)
Winning score (between 0 and 1) : N=70, mean=0.485714 (+/-0.117928).
P1: N=35, mean=0.485714 (+/-0.167997).
P2: N=35, mean=0.485714 (+/-0.167997).
Game Durations: N=70, mean=57.042857 (+/-3.792341).
P1: N=35, mean=56.428571 (+/-5.037975).
P2: N=35, mean=57.657143 (+/-5.736455).

Agent 2 (SHUCTAnyTime)
Winning score (between 0 and 1) : N=70, mean=0.514286 (+/-0.117928).
P1: N=35, mean=0.514286 (+/-0.167997).
P2: N=35, mean=0.514286 (+/-0.167997).
Game Durations: N=70, mean=57.042857 (+/-3.792341).
P1: N=35, mean=57.657143 (+/-5.736455).
P2: N=35, mean=56.428571 (+/-5.037975).
=====================================================
=====================================================
Completed 80 games.

Agent 1 (RegressionTreeSHUCTAny)
Winning score (between 0 and 1) : N=80, mean=0.5 (+/-0.110256).
P1: N=40, mean=0.525 (+/-0.156726).
P2: N=40, mean=0.475 (+/-0.156726).
Game Durations: N=80, mean=57.925 (+/-3.576587).
P1: N=40, mean=56.875 (+/-4.757201).
P2: N=40, mean=58.975 (+/-5.382913).

Agent 2 (SHUCTAnyTime)
Winning score (between 0 and 1) : N=80, mean=0.5 (+/-0.110256).
P1: N=40, mean=0.525 (+/-0.156726).
P2: N=40, mean=0.475 (+/-0.156726).
Game Durations: N=80, mean=57.925 (+/-3.576587).
P1: N=40, mean=58.975 (+/-5.382913).
P2: N=40, mean=56.875 (+/-4.757201).
=====================================================
=====================================================
Completed 90 games.

Agent 1 (RegressionTreeSHUCTAny)
Winning score (between 0 and 1) : N=90, mean=0.5 (+/-0.103878).
P1: N=45, mean=0.533333 (+/-0.147409).
P2: N=45, mean=0.466667 (+/-0.147409).
Game Durations: N=90, mean=57.511111 (+/-3.341245).
P1: N=45, mean=57.911111 (+/-4.384296).
P2: N=45, mean=57.111111 (+/-5.090495).

Agent 2 (SHUCTAnyTime)
Winning score (between 0 and 1) : N=90, mean=0.5 (+/-0.103878).
P1: N=45, mean=0.533333 (+/-0.147409).
P2: N=45, mean=0.466667 (+/-0.147409).
Game Durations: N=90, mean=57.511111 (+/-3.341245).
P1: N=45, mean=57.111111 (+/-5.090495).
P2: N=45, mean=57.911111 (+/-4.384296).
=====================================================
=====================================================
Completed 100 games.

Agent 1 (RegressionTreeSHUCTAny)
Winning score (between 0 and 1) : N=100, mean=0.49 (+/-0.098472).
P1: N=50, mean=0.5 (+/-0.139997).
P2: N=50, mean=0.48 (+/-0.139885).
Game Durations: N=100, mean=57.79 (+/-3.059437).
P1: N=50, mean=58.66 (+/-4.05967).
P2: N=50, mean=56.92 (+/-4.606851).

Agent 2 (SHUCTAnyTime)
Winning score (between 0 and 1) : N=100, mean=0.51 (+/-0.098472).
P1: N=50, mean=0.52 (+/-0.139885).
P2: N=50, mean=0.5 (+/-0.139997).
Game Durations: N=100, mean=57.79 (+/-3.059437).
P1: N=50, mean=56.92 (+/-4.606851).
P2: N=50, mean=58.66 (+/-4.05967).
=====================================================
