Warming up...
Finished warming up!
=====================================================
Completed 1 games.

Agent 1 (EntropySHUCTAnytime)
Winning score (between 0 and 1) : N=1, mean=1 (+/-0).
P1: N=1, mean=1 (+/-0).
P2: N=0, mean=0 (+/-0).
Game Durations: N=1, mean=178 (+/-0).
P1: N=1, mean=178 (+/-0).
P2: N=0, mean=0 (+/-0).

Agent 2 (Example UCT)
Winning score (between 0 and 1) : N=1, mean=0 (+/-0).
P1: N=0, mean=0 (+/-0).
P2: N=1, mean=0 (+/-0).
Game Durations: N=1, mean=178 (+/-0).
P1: N=0, mean=0 (+/-0).
P2: N=1, mean=178 (+/-0).
=====================================================
=====================================================
Completed 2 games.

Agent 1 (EntropySHUCTAnytime)
Winning score (between 0 and 1) : N=2, mean=0.5 (+/-0.97998).
P1: N=1, mean=1 (+/-0).
P2: N=1, mean=0 (+/-0).
Game Durations: N=2, mean=170 (+/-15.67968).
P1: N=1, mean=178 (+/-0).
P2: N=1, mean=162 (+/-0).

Agent 2 (Example UCT)
Winning score (between 0 and 1) : N=2, mean=0.5 (+/-0.97998).
P1: N=1, mean=1 (+/-0).
P2: N=1, mean=0 (+/-0).
Game Durations: N=2, mean=170 (+/-15.67968).
P1: N=1, mean=162 (+/-0).
P2: N=1, mean=178 (+/-0).
=====================================================
=====================================================
Completed 3 games.

Agent 1 (EntropySHUCTAnytime)
Winning score (between 0 and 1) : N=3, mean=0.333333 (+/-0.65332).
P1: N=2, mean=0.5 (+/-0.97998).
P2: N=1, mean=0 (+/-0).
Game Durations: N=3, mean=165.333333 (+/-12.868912).
P1: N=2, mean=167 (+/-21.55956).
P2: N=1, mean=162 (+/-0).

Agent 2 (Example UCT)
Winning score (between 0 and 1) : N=3, mean=0.666667 (+/-0.65332).
P1: N=1, mean=1 (+/-0).
P2: N=2, mean=0.5 (+/-0.97998).
Game Durations: N=3, mean=165.333333 (+/-12.868912).
P1: N=1, mean=162 (+/-0).
P2: N=2, mean=167 (+/-21.55956).
=====================================================
=====================================================
Completed 4 games.

Agent 1 (EntropySHUCTAnytime)
Winning score (between 0 and 1) : N=4, mean=0.5 (+/-0.565792).
P1: N=2, mean=0.5 (+/-0.97998).
P2: N=2, mean=0.5 (+/-0.97998).
Game Durations: N=4, mean=160 (+/-13.85901).
P1: N=2, mean=167 (+/-21.55956).
P2: N=2, mean=153 (+/-17.63964).

Agent 2 (Example UCT)
Winning score (between 0 and 1) : N=4, mean=0.5 (+/-0.565792).
P1: N=2, mean=0.5 (+/-0.97998).
P2: N=2, mean=0.5 (+/-0.97998).
Game Durations: N=4, mean=160 (+/-13.85901).
P1: N=2, mean=153 (+/-17.63964).
P2: N=2, mean=167 (+/-21.55956).
=====================================================
=====================================================
Completed 5 games.

Agent 1 (EntropySHUCTAnytime)
Winning score (between 0 and 1) : N=5, mean=0.4 (+/-0.48009).
P1: N=3, mean=0.333333 (+/-0.65332).
P2: N=2, mean=0.5 (+/-0.97998).
Game Durations: N=5, mean=159.2 (+/-10.849047).
P1: N=3, mean=163.333333 (+/-14.37304).
P2: N=2, mean=153 (+/-17.63964).

Agent 2 (Example UCT)
Winning score (between 0 and 1) : N=5, mean=0.6 (+/-0.48009).
P1: N=2, mean=0.5 (+/-0.97998).
P2: N=3, mean=0.666667 (+/-0.65332).
Game Durations: N=5, mean=159.2 (+/-10.849047).
P1: N=2, mean=153 (+/-17.63964).
P2: N=3, mean=163.333333 (+/-14.37304).
=====================================================
=====================================================
Completed 10 games.

Agent 1 (EntropySHUCTAnytime)
Winning score (between 0 and 1) : N=10, mean=0.6 (+/-0.32006).
P1: N=5, mean=0.4 (+/-0.48009).
P2: N=5, mean=0.8 (+/-0.391992).
Game Durations: N=10, mean=159.8 (+/-5.648857).
P1: N=5, mean=160.8 (+/-8.641623).
P2: N=5, mean=158.8 (+/-8.185033).

Agent 2 (Example UCT)
Winning score (between 0 and 1) : N=10, mean=0.4 (+/-0.32006).
P1: N=5, mean=0.2 (+/-0.391992).
P2: N=5, mean=0.6 (+/-0.48009).
Game Durations: N=10, mean=159.8 (+/-5.648857).
P1: N=5, mean=158.8 (+/-8.185033).
P2: N=5, mean=160.8 (+/-8.641623).
=====================================================
=====================================================
Completed 20 games.

Agent 1 (EntropySHUCTAnytime)
Winning score (between 0 and 1) : N=20, mean=0.4 (+/-0.22028).
P1: N=10, mean=0.2 (+/-0.261328).
P2: N=10, mean=0.6 (+/-0.32006).
Game Durations: N=20, mean=162.4 (+/-3.946649).
P1: N=10, mean=161.2 (+/-5.936231).
P2: N=10, mean=163.6 (+/-5.412708).

Agent 2 (Example UCT)
Winning score (between 0 and 1) : N=20, mean=0.6 (+/-0.22028).
P1: N=10, mean=0.4 (+/-0.32006).
P2: N=10, mean=0.8 (+/-0.261328).
Game Durations: N=20, mean=162.4 (+/-3.946649).
P1: N=10, mean=163.6 (+/-5.412708).
P2: N=10, mean=161.2 (+/-5.936231).
=====================================================
=====================================================
Completed 30 games.

Agent 1 (EntropySHUCTAnytime)
Winning score (between 0 and 1) : N=30, mean=0.466667 (+/-0.181573).
P1: N=15, mean=0.4 (+/-0.256619).
P2: N=15, mean=0.533333 (+/-0.261328).
Game Durations: N=30, mean=160.6 (+/-3.992023).
P1: N=15, mean=157.6 (+/-6.241466).
P2: N=15, mean=163.6 (+/-4.703904).

Agent 2 (Example UCT)
Winning score (between 0 and 1) : N=30, mean=0.533333 (+/-0.181573).
P1: N=15, mean=0.466667 (+/-0.261328).
P2: N=15, mean=0.6 (+/-0.256619).
Game Durations: N=30, mean=160.6 (+/-3.992023).
P1: N=15, mean=163.6 (+/-4.703904).
P2: N=15, mean=157.6 (+/-6.241466).
=====================================================
=====================================================
Completed 40 games.

Agent 1 (EntropySHUCTAnytime)
Winning score (between 0 and 1) : N=40, mean=0.525 (+/-0.156726).
P1: N=20, mean=0.45 (+/-0.223696).
P2: N=20, mean=0.6 (+/-0.22028).
Game Durations: N=40, mean=159.25 (+/-3.588517).
P1: N=20, mean=158.9 (+/-5.130494).
P2: N=20, mean=159.6 (+/-5.147215).

Agent 2 (Example UCT)
Winning score (between 0 and 1) : N=40, mean=0.475 (+/-0.156726).
P1: N=20, mean=0.4 (+/-0.22028).
P2: N=20, mean=0.55 (+/-0.223696).
Game Durations: N=40, mean=159.25 (+/-3.588517).
P1: N=20, mean=159.6 (+/-5.147215).
P2: N=20, mean=158.9 (+/-5.130494).
=====================================================
=====================================================
Completed 50 games.

Agent 1 (EntropySHUCTAnytime)
Winning score (between 0 and 1) : N=50, mean=0.48 (+/-0.139885).
P1: N=25, mean=0.44 (+/-0.198592).
P2: N=25, mean=0.52 (+/-0.199877).
Game Durations: N=50, mean=157.4 (+/-3.753595).
P1: N=25, mean=156.56 (+/-5.471624).
P2: N=25, mean=158.24 (+/-5.231392).

Agent 2 (Example UCT)
Winning score (between 0 and 1) : N=50, mean=0.52 (+/-0.139885).
P1: N=25, mean=0.48 (+/-0.199877).
P2: N=25, mean=0.56 (+/-0.198592).
Game Durations: N=50, mean=157.4 (+/-3.753595).
P1: N=25, mean=158.24 (+/-5.231392).
P2: N=25, mean=156.56 (+/-5.471624).
=====================================================
=====================================================
Completed 60 games.

Agent 1 (EntropySHUCTAnytime)
Winning score (between 0 and 1) : N=60, mean=0.483333 (+/-0.127512).
P1: N=30, mean=0.466667 (+/-0.181573).
P2: N=30, mean=0.5 (+/-0.181978).
Game Durations: N=60, mean=156.966667 (+/-3.478106).
P1: N=30, mean=157.466667 (+/-4.868243).
P2: N=30, mean=156.466667 (+/-5.045507).

Agent 2 (Example UCT)
Winning score (between 0 and 1) : N=60, mean=0.516667 (+/-0.127512).
P1: N=30, mean=0.5 (+/-0.181978).
P2: N=30, mean=0.533333 (+/-0.181573).
Game Durations: N=60, mean=156.966667 (+/-3.478106).
P1: N=30, mean=156.466667 (+/-5.045507).
P2: N=30, mean=157.466667 (+/-4.868243).
=====================================================
=====================================================
Completed 70 games.

Agent 1 (EntropySHUCTAnytime)
Winning score (between 0 and 1) : N=70, mean=0.5 (+/-0.117976).
P1: N=35, mean=0.485714 (+/-0.167997).
P2: N=35, mean=0.514286 (+/-0.167997).
Game Durations: N=70, mean=156.4 (+/-3.557964).
P1: N=35, mean=157.428571 (+/-5.16141).
P2: N=35, mean=155.371429 (+/-4.949935).

Agent 2 (Example UCT)
Winning score (between 0 and 1) : N=70, mean=0.5 (+/-0.117976).
P1: N=35, mean=0.485714 (+/-0.167997).
P2: N=35, mean=0.514286 (+/-0.167997).
Game Durations: N=70, mean=156.4 (+/-3.557964).
P1: N=35, mean=155.371429 (+/-4.949935).
P2: N=35, mean=157.428571 (+/-5.16141).
=====================================================
=====================================================
Completed 80 games.

Agent 1 (EntropySHUCTAnytime)
Winning score (between 0 and 1) : N=80, mean=0.525 (+/-0.110118).
P1: N=40, mean=0.5 (+/-0.156922).
P2: N=40, mean=0.55 (+/-0.156136).
Game Durations: N=80, mean=155.7 (+/-3.424769).
P1: N=40, mean=157.6 (+/-4.657609).
P2: N=40, mean=153.8 (+/-5.011306).

Agent 2 (Example UCT)
Winning score (between 0 and 1) : N=80, mean=0.475 (+/-0.110118).
P1: N=40, mean=0.45 (+/-0.156136).
P2: N=40, mean=0.5 (+/-0.156922).
Game Durations: N=80, mean=155.7 (+/-3.424769).
P1: N=40, mean=153.8 (+/-5.011306).
P2: N=40, mean=157.6 (+/-4.657609).
=====================================================
=====================================================
Completed 90 games.

Agent 1 (EntropySHUCTAnytime)
Winning score (between 0 and 1) : N=90, mean=0.522222 (+/-0.103775).
P1: N=45, mean=0.511111 (+/-0.147701).
P2: N=45, mean=0.533333 (+/-0.147409).
Game Durations: N=90, mean=156.044444 (+/-3.172897).
P1: N=45, mean=157.022222 (+/-4.216774).
P2: N=45, mean=155.066667 (+/-4.772693).

Agent 2 (Example UCT)
Winning score (between 0 and 1) : N=90, mean=0.477778 (+/-0.103775).
P1: N=45, mean=0.466667 (+/-0.147409).
P2: N=45, mean=0.488889 (+/-0.147701).
Game Durations: N=90, mean=156.044444 (+/-3.172897).
P1: N=45, mean=155.066667 (+/-4.772693).
P2: N=45, mean=157.022222 (+/-4.216774).
=====================================================
=====================================================
Completed 100 games.

Agent 1 (EntropySHUCTAnytime)
Winning score (between 0 and 1) : N=100, mean=0.52 (+/-0.098413).
P1: N=50, mean=0.52 (+/-0.139885).
P2: N=50, mean=0.52 (+/-0.139885).
Game Durations: N=100, mean=156.32 (+/-2.99089).
P1: N=50, mean=157.68 (+/-3.983971).
P2: N=50, mean=154.96 (+/-4.470435).

Agent 2 (Example UCT)
Winning score (between 0 and 1) : N=100, mean=0.48 (+/-0.098413).
P1: N=50, mean=0.48 (+/-0.139885).
P2: N=50, mean=0.48 (+/-0.139885).
Game Durations: N=100, mean=156.32 (+/-2.99089).
P1: N=50, mean=154.96 (+/-4.470435).
P2: N=50, mean=157.68 (+/-3.983971).
=====================================================
