Warming up...
Finished warming up!
=====================================================
Completed 1 games.

Agent 1 (EntropySHUCTAnytime)
Winning score (between 0 and 1) : N=1, mean=1 (+/-0).
P1: N=1, mean=1 (+/-0).
P2: N=0, mean=0 (+/-0).
Game Durations: N=1, mean=158 (+/-0).
P1: N=1, mean=158 (+/-0).
P2: N=0, mean=0 (+/-0).

Agent 2 (Example UCT)
Winning score (between 0 and 1) : N=1, mean=0 (+/-0).
P1: N=0, mean=0 (+/-0).
P2: N=1, mean=0 (+/-0).
Game Durations: N=1, mean=158 (+/-0).
P1: N=0, mean=0 (+/-0).
P2: N=1, mean=158 (+/-0).
=====================================================
=====================================================
Completed 2 games.

Agent 1 (EntropySHUCTAnytime)
Winning score (between 0 and 1) : N=2, mean=1 (+/-0).
P1: N=1, mean=1 (+/-0).
P2: N=1, mean=1 (+/-0).
Game Durations: N=2, mean=151 (+/-13.71972).
P1: N=1, mean=158 (+/-0).
P2: N=1, mean=144 (+/-0).

Agent 2 (Example UCT)
Winning score (between 0 and 1) : N=2, mean=0 (+/-0).
P1: N=1, mean=0 (+/-0).
P2: N=1, mean=0 (+/-0).
Game Durations: N=2, mean=151 (+/-13.71972).
P1: N=1, mean=144 (+/-0).
P2: N=1, mean=158 (+/-0).
=====================================================
=====================================================
Completed 3 games.

Agent 1 (EntropySHUCTAnytime)
Winning score (between 0 and 1) : N=3, mean=1 (+/-0).
P1: N=2, mean=1 (+/-0).
P2: N=1, mean=1 (+/-0).
Game Durations: N=3, mean=153.333333 (+/-9.14648).
P1: N=2, mean=158 (+/-0).
P2: N=1, mean=144 (+/-0).

Agent 2 (Example UCT)
Winning score (between 0 and 1) : N=3, mean=0 (+/-0).
P1: N=1, mean=0 (+/-0).
P2: N=2, mean=0 (+/-0).
Game Durations: N=3, mean=153.333333 (+/-9.14648).
P1: N=1, mean=144 (+/-0).
P2: N=2, mean=158 (+/-0).
=====================================================
=====================================================
Completed 4 games.

Agent 1 (EntropySHUCTAnytime)
Winning score (between 0 and 1) : N=4, mean=0.75 (+/-0.48999).
P1: N=2, mean=1 (+/-0).
P2: N=2, mean=0.5 (+/-0.97998).
Game Durations: N=4, mean=155.5 (+/-7.737085).
P1: N=2, mean=158 (+/-0).
P2: N=2, mean=153 (+/-17.63964).

Agent 2 (Example UCT)
Winning score (between 0 and 1) : N=4, mean=0.25 (+/-0.48999).
P1: N=2, mean=0.5 (+/-0.97998).
P2: N=2, mean=0 (+/-0).
Game Durations: N=4, mean=155.5 (+/-7.737085).
P1: N=2, mean=153 (+/-17.63964).
P2: N=2, mean=158 (+/-0).
=====================================================
=====================================================
Completed 5 games.

Agent 1 (EntropySHUCTAnytime)
Winning score (between 0 and 1) : N=5, mean=0.6 (+/-0.48009).
P1: N=3, mean=0.666667 (+/-0.65332).
P2: N=2, mean=0.5 (+/-0.97998).
Game Durations: N=5, mean=148.4 (+/-15.151391).
P1: N=3, mean=145.333333 (+/-24.82616).
P2: N=2, mean=153 (+/-17.63964).

Agent 2 (Example UCT)
Winning score (between 0 and 1) : N=5, mean=0.4 (+/-0.48009).
P1: N=2, mean=0.5 (+/-0.97998).
P2: N=3, mean=0.333333 (+/-0.65332).
Game Durations: N=5, mean=148.4 (+/-15.151391).
P1: N=2, mean=153 (+/-17.63964).
P2: N=3, mean=145.333333 (+/-24.82616).
=====================================================
=====================================================
Completed 10 games.

Agent 1 (EntropySHUCTAnytime)
Winning score (between 0 and 1) : N=10, mean=0.6 (+/-0.32006).
P1: N=5, mean=0.4 (+/-0.48009).
P2: N=5, mean=0.8 (+/-0.391992).
Game Durations: N=10, mean=152.6 (+/-11.760486).
P1: N=5, mean=156 (+/-19.323257).
P2: N=5, mean=149.2 (+/-15.059841).

Agent 2 (Example UCT)
Winning score (between 0 and 1) : N=10, mean=0.4 (+/-0.32006).
P1: N=5, mean=0.2 (+/-0.391992).
P2: N=5, mean=0.6 (+/-0.48009).
Game Durations: N=10, mean=152.6 (+/-11.760486).
P1: N=5, mean=149.2 (+/-15.059841).
P2: N=5, mean=156 (+/-19.323257).
=====================================================
=====================================================
Completed 20 games.

Agent 1 (EntropySHUCTAnytime)
Winning score (between 0 and 1) : N=20, mean=0.6 (+/-0.22028).
P1: N=10, mean=0.6 (+/-0.32006).
P2: N=10, mean=0.6 (+/-0.32006).
Game Durations: N=20, mean=154.2 (+/-7.086165).
P1: N=10, mean=155.2 (+/-10.191792).
P2: N=10, mean=153.2 (+/-10.357955).

Agent 2 (Example UCT)
Winning score (between 0 and 1) : N=20, mean=0.4 (+/-0.22028).
P1: N=10, mean=0.4 (+/-0.32006).
P2: N=10, mean=0.4 (+/-0.32006).
Game Durations: N=20, mean=154.2 (+/-7.086165).
P1: N=10, mean=153.2 (+/-10.357955).
P2: N=10, mean=155.2 (+/-10.191792).
=====================================================
=====================================================
Completed 30 games.

Agent 1 (EntropySHUCTAnytime)
Winning score (between 0 and 1) : N=30, mean=0.6 (+/-0.178301).
P1: N=15, mean=0.6 (+/-0.256619).
P2: N=15, mean=0.6 (+/-0.256619).
Game Durations: N=30, mean=155.533333 (+/-5.801053).
P1: N=15, mean=153.2 (+/-8.25624).
P2: N=15, mean=157.866667 (+/-8.262146).

Agent 2 (Example UCT)
Winning score (between 0 and 1) : N=30, mean=0.4 (+/-0.178301).
P1: N=15, mean=0.4 (+/-0.256619).
P2: N=15, mean=0.4 (+/-0.256619).
Game Durations: N=30, mean=155.533333 (+/-5.801053).
P1: N=15, mean=157.866667 (+/-8.262146).
P2: N=15, mean=153.2 (+/-8.25624).
=====================================================
=====================================================
Completed 40 games.

Agent 1 (EntropySHUCTAnytime)
Winning score (between 0 and 1) : N=40, mean=0.575 (+/-0.155147).
P1: N=20, mean=0.55 (+/-0.223696).
P2: N=20, mean=0.6 (+/-0.22028).
Game Durations: N=40, mean=155.85 (+/-4.658005).
P1: N=20, mean=155.7 (+/-6.579439).
P2: N=20, mean=156 (+/-6.765636).

Agent 2 (Example UCT)
Winning score (between 0 and 1) : N=40, mean=0.425 (+/-0.155147).
P1: N=20, mean=0.4 (+/-0.22028).
P2: N=20, mean=0.45 (+/-0.223696).
Game Durations: N=40, mean=155.85 (+/-4.658005).
P1: N=20, mean=156 (+/-6.765636).
P2: N=20, mean=155.7 (+/-6.579439).
=====================================================
=====================================================
Completed 50 games.

Agent 1 (EntropySHUCTAnytime)
Winning score (between 0 and 1) : N=50, mean=0.58 (+/-0.138194).
P1: N=25, mean=0.52 (+/-0.199877).
P2: N=25, mean=0.64 (+/-0.192036).
Game Durations: N=50, mean=155.68 (+/-4.4269).
P1: N=25, mean=155.44 (+/-6.665862).
P2: N=25, mean=155.92 (+/-5.964121).

Agent 2 (Example UCT)
Winning score (between 0 and 1) : N=50, mean=0.42 (+/-0.138194).
P1: N=25, mean=0.36 (+/-0.192036).
P2: N=25, mean=0.48 (+/-0.199877).
Game Durations: N=50, mean=155.68 (+/-4.4269).
P1: N=25, mean=155.92 (+/-5.964121).
P2: N=25, mean=155.44 (+/-6.665862).
=====================================================
=====================================================
Completed 60 games.

Agent 1 (EntropySHUCTAnytime)
Winning score (between 0 and 1) : N=60, mean=0.566667 (+/-0.126443).
P1: N=30, mean=0.533333 (+/-0.181573).
P2: N=30, mean=0.6 (+/-0.178301).
Game Durations: N=60, mean=155.866667 (+/-3.952854).
P1: N=30, mean=155.733333 (+/-6.031078).
P2: N=30, mean=156 (+/-5.215284).

Agent 2 (Example UCT)
Winning score (between 0 and 1) : N=60, mean=0.433333 (+/-0.126443).
P1: N=30, mean=0.4 (+/-0.178301).
P2: N=30, mean=0.466667 (+/-0.181573).
Game Durations: N=60, mean=155.866667 (+/-3.952854).
P1: N=30, mean=156 (+/-5.215284).
P2: N=30, mean=155.733333 (+/-6.031078).
=====================================================
=====================================================
Completed 70 games.

Agent 1 (EntropySHUCTAnytime)
Winning score (between 0 and 1) : N=70, mean=0.528571 (+/-0.117783).
P1: N=35, mean=0.514286 (+/-0.167997).
P2: N=35, mean=0.542857 (+/-0.167447).
Game Durations: N=70, mean=155.942857 (+/-3.748985).
P1: N=35, mean=156.342857 (+/-5.650843).
P2: N=35, mean=155.542857 (+/-5.007806).

Agent 2 (Example UCT)
Winning score (between 0 and 1) : N=70, mean=0.471429 (+/-0.117783).
P1: N=35, mean=0.457143 (+/-0.167447).
P2: N=35, mean=0.485714 (+/-0.167997).
Game Durations: N=70, mean=155.942857 (+/-3.748985).
P1: N=35, mean=155.542857 (+/-5.007806).
P2: N=35, mean=156.342857 (+/-5.650843).
=====================================================
=====================================================
Completed 80 games.

Agent 1 (EntropySHUCTAnytime)
Winning score (between 0 and 1) : N=80, mean=0.5125 (+/-0.110222).
P1: N=40, mean=0.5 (+/-0.156922).
P2: N=40, mean=0.525 (+/-0.156726).
Game Durations: N=80, mean=155.425 (+/-3.655589).
P1: N=40, mean=155.7 (+/-5.542804).
P2: N=40, mean=155.15 (+/-4.837462).

Agent 2 (Example UCT)
Winning score (between 0 and 1) : N=80, mean=0.4875 (+/-0.110222).
P1: N=40, mean=0.475 (+/-0.156726).
P2: N=40, mean=0.5 (+/-0.156922).
Game Durations: N=80, mean=155.425 (+/-3.655589).
P1: N=40, mean=155.15 (+/-4.837462).
P2: N=40, mean=155.7 (+/-5.542804).
=====================================================
=====================================================
Completed 90 games.

Agent 1 (EntropySHUCTAnytime)
Winning score (between 0 and 1) : N=90, mean=0.511111 (+/-0.103852).
P1: N=45, mean=0.511111 (+/-0.147701).
P2: N=45, mean=0.511111 (+/-0.147701).
Game Durations: N=90, mean=156.733333 (+/-3.41093).
P1: N=45, mean=156.933333 (+/-5.052307).
P2: N=45, mean=156.533333 (+/-4.640454).

Agent 2 (Example UCT)
Winning score (between 0 and 1) : N=90, mean=0.488889 (+/-0.103852).
P1: N=45, mean=0.488889 (+/-0.147701).
P2: N=45, mean=0.488889 (+/-0.147701).
Game Durations: N=90, mean=156.733333 (+/-3.41093).
P1: N=45, mean=156.533333 (+/-4.640454).
P2: N=45, mean=156.933333 (+/-5.052307).
=====================================================
=====================================================
Completed 100 games.

Agent 1 (EntropySHUCTAnytime)
Winning score (between 0 and 1) : N=100, mean=0.5 (+/-0.098492).
P1: N=50, mean=0.5 (+/-0.139997).
P2: N=50, mean=0.5 (+/-0.139997).
Game Durations: N=100, mean=156.56 (+/-3.19433).
P1: N=50, mean=156.84 (+/-4.730614).
P2: N=50, mean=156.28 (+/-4.340558).

Agent 2 (Example UCT)
Winning score (between 0 and 1) : N=100, mean=0.5 (+/-0.098492).
P1: N=50, mean=0.5 (+/-0.139997).
P2: N=50, mean=0.5 (+/-0.139997).
Game Durations: N=100, mean=156.56 (+/-3.19433).
P1: N=50, mean=156.28 (+/-4.340558).
P2: N=50, mean=156.84 (+/-4.730614).
=====================================================
