Warming up...
Finished warming up!
=====================================================
Completed 1 games.

Agent 1 (EntropySHUCTAnytime)
Winning score (between 0 and 1) : N=1, mean=1 (+/-0).
P1: N=0, mean=0 (+/-0).
P2: N=1, mean=1 (+/-0).
Game Durations: N=1, mean=8 (+/-0).
P1: N=0, mean=0 (+/-0).
P2: N=1, mean=8 (+/-0).

Agent 2 (Example UCT)
Winning score (between 0 and 1) : N=1, mean=0 (+/-0).
P1: N=1, mean=0 (+/-0).
P2: N=0, mean=0 (+/-0).
Game Durations: N=1, mean=8 (+/-0).
P1: N=1, mean=8 (+/-0).
P2: N=0, mean=0 (+/-0).
=====================================================
=====================================================
Completed 2 games.

Agent 1 (EntropySHUCTAnytime)
Winning score (between 0 and 1) : N=2, mean=1 (+/-0).
P1: N=1, mean=1 (+/-0).
P2: N=1, mean=1 (+/-0).
Game Durations: N=2, mean=7.5 (+/-0.97998).
P1: N=1, mean=7 (+/-0).
P2: N=1, mean=8 (+/-0).

Agent 2 (Example UCT)
Winning score (between 0 and 1) : N=2, mean=0 (+/-0).
P1: N=1, mean=0 (+/-0).
P2: N=1, mean=0 (+/-0).
Game Durations: N=2, mean=7.5 (+/-0.97998).
P1: N=1, mean=8 (+/-0).
P2: N=1, mean=7 (+/-0).
=====================================================
=====================================================
Completed 3 games.

Agent 1 (EntropySHUCTAnytime)
Winning score (between 0 and 1) : N=3, mean=1 (+/-0).
P1: N=1, mean=1 (+/-0).
P2: N=2, mean=1 (+/-0).
Game Durations: N=3, mean=8.333333 (+/-1.728522).
P1: N=1, mean=7 (+/-0).
P2: N=2, mean=9 (+/-1.95996).

Agent 2 (Example UCT)
Winning score (between 0 and 1) : N=3, mean=0 (+/-0).
P1: N=2, mean=0 (+/-0).
P2: N=1, mean=0 (+/-0).
Game Durations: N=3, mean=8.333333 (+/-1.728522).
P1: N=2, mean=9 (+/-1.95996).
P2: N=1, mean=7 (+/-0).
=====================================================
=====================================================
Completed 4 games.

Agent 1 (EntropySHUCTAnytime)
Winning score (between 0 and 1) : N=4, mean=1 (+/-0).
P1: N=2, mean=1 (+/-0).
P2: N=2, mean=1 (+/-0).
Game Durations: N=4, mean=9.5 (+/-2.592783).
P1: N=2, mean=10 (+/-5.87988).
P2: N=2, mean=9 (+/-1.95996).

Agent 2 (Example UCT)
Winning score (between 0 and 1) : N=4, mean=0 (+/-0).
P1: N=2, mean=0 (+/-0).
P2: N=2, mean=0 (+/-0).
Game Durations: N=4, mean=9.5 (+/-2.592783).
P1: N=2, mean=9 (+/-1.95996).
P2: N=2, mean=10 (+/-5.87988).
=====================================================
=====================================================
Completed 5 games.

Agent 1 (EntropySHUCTAnytime)
Winning score (between 0 and 1) : N=5, mean=1 (+/-0).
P1: N=2, mean=1 (+/-0).
P2: N=3, mean=1 (+/-0).
Game Durations: N=5, mean=9.2 (+/-2.092665).
P1: N=2, mean=10 (+/-5.87988).
P2: N=3, mean=8.666667 (+/-1.30664).

Agent 2 (Example UCT)
Winning score (between 0 and 1) : N=5, mean=0 (+/-0).
P1: N=3, mean=0 (+/-0).
P2: N=2, mean=0 (+/-0).
Game Durations: N=5, mean=9.2 (+/-2.092665).
P1: N=3, mean=8.666667 (+/-1.30664).
P2: N=2, mean=10 (+/-5.87988).
=====================================================
=====================================================
Completed 10 games.

Agent 1 (EntropySHUCTAnytime)
Winning score (between 0 and 1) : N=10, mean=1 (+/-0).
P1: N=5, mean=1 (+/-0).
P2: N=5, mean=1 (+/-0).
Game Durations: N=10, mean=10.7 (+/-1.491231).
P1: N=5, mean=11 (+/-2.147029).
P2: N=5, mean=10.4 (+/-2.285686).

Agent 2 (Example UCT)
Winning score (between 0 and 1) : N=10, mean=0 (+/-0).
P1: N=5, mean=0 (+/-0).
P2: N=5, mean=0 (+/-0).
Game Durations: N=10, mean=10.7 (+/-1.491231).
P1: N=5, mean=10.4 (+/-2.285686).
P2: N=5, mean=11 (+/-2.147029).
=====================================================
=====================================================
Completed 20 games.

Agent 1 (EntropySHUCTAnytime)
Winning score (between 0 and 1) : N=20, mean=0.95 (+/-0.097998).
P1: N=10, mean=0.9 (+/-0.195996).
P2: N=10, mean=1 (+/-0).
Game Durations: N=20, mean=11.55 (+/-1.648888).
P1: N=10, mean=13.3 (+/-2.646551).
P2: N=10, mean=9.8 (+/-1.364172).

Agent 2 (Example UCT)
Winning score (between 0 and 1) : N=20, mean=0.05 (+/-0.097998).
P1: N=10, mean=0 (+/-0).
P2: N=10, mean=0.1 (+/-0.195996).
Game Durations: N=20, mean=11.55 (+/-1.648888).
P1: N=10, mean=9.8 (+/-1.364172).
P2: N=10, mean=13.3 (+/-2.646551).
=====================================================
=====================================================
Completed 30 games.

Agent 1 (EntropySHUCTAnytime)
Winning score (between 0 and 1) : N=30, mean=0.966667 (+/-0.065332).
P1: N=15, mean=0.933333 (+/-0.130664).
P2: N=15, mean=1 (+/-0).
Game Durations: N=30, mean=11.8 (+/-1.545276).
P1: N=15, mean=13.6 (+/-2.277669).
P2: N=15, mean=10 (+/-1.710793).

Agent 2 (Example UCT)
Winning score (between 0 and 1) : N=30, mean=0.033333 (+/-0.065332).
P1: N=15, mean=0 (+/-0).
P2: N=15, mean=0.066667 (+/-0.130664).
Game Durations: N=30, mean=11.8 (+/-1.545276).
P1: N=15, mean=10 (+/-1.710793).
P2: N=15, mean=13.6 (+/-2.277669).
=====================================================
=====================================================
Completed 40 games.

Agent 1 (EntropySHUCTAnytime)
Winning score (between 0 and 1) : N=40, mean=0.975 (+/-0.048999).
P1: N=20, mean=0.95 (+/-0.097998).
P2: N=20, mean=1 (+/-0).
Game Durations: N=40, mean=11.425 (+/-1.249259).
P1: N=20, mean=12.45 (+/-1.977802).
P2: N=20, mean=10.4 (+/-1.438866).

Agent 2 (Example UCT)
Winning score (between 0 and 1) : N=40, mean=0.025 (+/-0.048999).
P1: N=20, mean=0 (+/-0).
P2: N=20, mean=0.05 (+/-0.097998).
Game Durations: N=40, mean=11.425 (+/-1.249259).
P1: N=20, mean=10.4 (+/-1.438866).
P2: N=20, mean=12.45 (+/-1.977802).
=====================================================
=====================================================
Completed 50 games.

Agent 1 (EntropySHUCTAnytime)
Winning score (between 0 and 1) : N=50, mean=0.98 (+/-0.039199).
P1: N=25, mean=0.96 (+/-0.078398).
P2: N=25, mean=1 (+/-0).
Game Durations: N=50, mean=10.96 (+/-1.078556).
P1: N=25, mean=11.68 (+/-1.784604).
P2: N=25, mean=10.24 (+/-1.182924).

Agent 2 (Example UCT)
Winning score (between 0 and 1) : N=50, mean=0.02 (+/-0.039199).
P1: N=25, mean=0 (+/-0).
P2: N=25, mean=0.04 (+/-0.078398).
Game Durations: N=50, mean=10.96 (+/-1.078556).
P1: N=25, mean=10.24 (+/-1.182924).
P2: N=25, mean=11.68 (+/-1.784604).
=====================================================
=====================================================
Completed 60 games.

Agent 1 (EntropySHUCTAnytime)
Winning score (between 0 and 1) : N=60, mean=0.966667 (+/-0.045804).
P1: N=30, mean=0.966667 (+/-0.065332).
P2: N=30, mean=0.966667 (+/-0.065332).
Game Durations: N=60, mean=12.483333 (+/-2.232508).
P1: N=30, mean=11.3 (+/-1.586862).
P2: N=30, mean=13.666667 (+/-4.170251).

Agent 2 (Example UCT)
Winning score (between 0 and 1) : N=60, mean=0.033333 (+/-0.045804).
P1: N=30, mean=0.033333 (+/-0.065332).
P2: N=30, mean=0.033333 (+/-0.065332).
Game Durations: N=60, mean=12.483333 (+/-2.232508).
P1: N=30, mean=13.666667 (+/-4.170251).
P2: N=30, mean=11.3 (+/-1.586862).
=====================================================
=====================================================
Completed 70 games.

Agent 1 (EntropySHUCTAnytime)
Winning score (between 0 and 1) : N=70, mean=0.957143 (+/-0.047788).
P1: N=35, mean=0.971429 (+/-0.055999).
P2: N=35, mean=0.942857 (+/-0.078021).
Game Durations: N=70, mean=13.185714 (+/-2.16668).
P1: N=35, mean=11.657143 (+/-1.492321).
P2: N=35, mean=14.714286 (+/-4.037221).

Agent 2 (Example UCT)
Winning score (between 0 and 1) : N=70, mean=0.042857 (+/-0.047788).
P1: N=35, mean=0.057143 (+/-0.078021).
P2: N=35, mean=0.028571 (+/-0.055999).
Game Durations: N=70, mean=13.185714 (+/-2.16668).
P1: N=35, mean=14.714286 (+/-4.037221).
P2: N=35, mean=11.657143 (+/-1.492321).
=====================================================
=====================================================
Completed 80 games.

Agent 1 (EntropySHUCTAnytime)
Winning score (between 0 and 1) : N=80, mean=0.95 (+/-0.04806).
P1: N=40, mean=0.975 (+/-0.048999).
P2: N=40, mean=0.925 (+/-0.082664).
Game Durations: N=80, mean=13.2125 (+/-1.965749).
P1: N=40, mean=11.575 (+/-1.35697).
P2: N=40, mean=14.85 (+/-3.644892).

Agent 2 (Example UCT)
Winning score (between 0 and 1) : N=80, mean=0.05 (+/-0.04806).
P1: N=40, mean=0.075 (+/-0.082664).
P2: N=40, mean=0.025 (+/-0.048999).
Game Durations: N=80, mean=13.2125 (+/-1.965749).
P1: N=40, mean=14.85 (+/-3.644892).
P2: N=40, mean=11.575 (+/-1.35697).
=====================================================
=====================================================
Completed 90 games.

Agent 1 (EntropySHUCTAnytime)
Winning score (between 0 and 1) : N=90, mean=0.955556 (+/-0.042814).
P1: N=45, mean=0.977778 (+/-0.043555).
P2: N=45, mean=0.933333 (+/-0.073704).
Game Durations: N=90, mean=13.177778 (+/-1.780075).
P1: N=45, mean=11.6 (+/-1.271115).
P2: N=45, mean=14.755556 (+/-3.281507).

Agent 2 (Example UCT)
Winning score (between 0 and 1) : N=90, mean=0.044444 (+/-0.042814).
P1: N=45, mean=0.066667 (+/-0.073704).
P2: N=45, mean=0.022222 (+/-0.043555).
Game Durations: N=90, mean=13.177778 (+/-1.780075).
P1: N=45, mean=14.755556 (+/-3.281507).
P2: N=45, mean=11.6 (+/-1.271115).
=====================================================
=====================================================
Completed 100 games.

Agent 1 (EntropySHUCTAnytime)
Winning score (between 0 and 1) : N=100, mean=0.96 (+/-0.038601).
P1: N=50, mean=0.98 (+/-0.039199).
P2: N=50, mean=0.94 (+/-0.066495).
Game Durations: N=100, mean=12.83 (+/-1.635806).
P1: N=50, mean=11.46 (+/-1.24616).
P2: N=50, mean=14.2 (+/-2.994237).

Agent 2 (Example UCT)
Winning score (between 0 and 1) : N=100, mean=0.04 (+/-0.038601).
P1: N=50, mean=0.06 (+/-0.066495).
P2: N=50, mean=0.02 (+/-0.039199).
Game Durations: N=100, mean=12.83 (+/-1.635806).
P1: N=50, mean=14.2 (+/-2.994237).
P2: N=50, mean=11.46 (+/-1.24616).
=====================================================
