Warming up...
Finished warming up!
=====================================================
Completed 1 games.

Agent 1 (EntropySHUCTAnytime)
Winning score (between 0 and 1) : N=1, mean=0 (+/-0).
P1: N=0, mean=0 (+/-0).
P2: N=1, mean=0 (+/-0).
Game Durations: N=1, mean=17 (+/-0).
P1: N=0, mean=0 (+/-0).
P2: N=1, mean=17 (+/-0).

Agent 2 (Example UCT)
Winning score (between 0 and 1) : N=1, mean=1 (+/-0).
P1: N=1, mean=1 (+/-0).
P2: N=0, mean=0 (+/-0).
Game Durations: N=1, mean=17 (+/-0).
P1: N=1, mean=17 (+/-0).
P2: N=0, mean=0 (+/-0).
=====================================================
=====================================================
Completed 2 games.

Agent 1 (EntropySHUCTAnytime)
Winning score (between 0 and 1) : N=2, mean=0 (+/-0).
P1: N=1, mean=0 (+/-0).
P2: N=1, mean=0 (+/-0).
Game Durations: N=2, mean=29.5 (+/-24.4995).
P1: N=1, mean=42 (+/-0).
P2: N=1, mean=17 (+/-0).

Agent 2 (Example UCT)
Winning score (between 0 and 1) : N=2, mean=1 (+/-0).
P1: N=1, mean=1 (+/-0).
P2: N=1, mean=1 (+/-0).
Game Durations: N=2, mean=29.5 (+/-24.4995).
P1: N=1, mean=17 (+/-0).
P2: N=1, mean=42 (+/-0).
=====================================================
=====================================================
Completed 3 games.

Agent 1 (EntropySHUCTAnytime)
Winning score (between 0 and 1) : N=3, mean=0.333333 (+/-0.65332).
P1: N=1, mean=0 (+/-0).
P2: N=2, mean=0.5 (+/-0.97998).
Game Durations: N=3, mean=30.333333 (+/-14.238779).
P1: N=1, mean=42 (+/-0).
P2: N=2, mean=24.5 (+/-14.6997).

Agent 2 (Example UCT)
Winning score (between 0 and 1) : N=3, mean=0.666667 (+/-0.65332).
P1: N=2, mean=0.5 (+/-0.97998).
P2: N=1, mean=1 (+/-0).
Game Durations: N=3, mean=30.333333 (+/-14.238779).
P1: N=2, mean=24.5 (+/-14.6997).
P2: N=1, mean=42 (+/-0).
=====================================================
=====================================================
Completed 4 games.

Agent 1 (EntropySHUCTAnytime)
Winning score (between 0 and 1) : N=4, mean=0.5 (+/-0.565792).
P1: N=2, mean=0.5 (+/-0.97998).
P2: N=2, mean=0.5 (+/-0.97998).
Game Durations: N=4, mean=32.5 (+/-10.927253).
P1: N=2, mean=40.5 (+/-2.93994).
P2: N=2, mean=24.5 (+/-14.6997).

Agent 2 (Example UCT)
Winning score (between 0 and 1) : N=4, mean=0.5 (+/-0.565792).
P1: N=2, mean=0.5 (+/-0.97998).
P2: N=2, mean=0.5 (+/-0.97998).
Game Durations: N=4, mean=32.5 (+/-10.927253).
P1: N=2, mean=24.5 (+/-14.6997).
P2: N=2, mean=40.5 (+/-2.93994).
=====================================================
=====================================================
Completed 5 games.

Agent 1 (EntropySHUCTAnytime)
Winning score (between 0 and 1) : N=5, mean=0.6 (+/-0.48009).
P1: N=2, mean=0.5 (+/-0.97998).
P2: N=3, mean=0.666667 (+/-0.65332).
Game Durations: N=5, mean=30.4 (+/-9.41189).
P1: N=2, mean=40.5 (+/-2.93994).
P2: N=3, mean=23.666667 (+/-8.642611).

Agent 2 (Example UCT)
Winning score (between 0 and 1) : N=5, mean=0.4 (+/-0.48009).
P1: N=3, mean=0.333333 (+/-0.65332).
P2: N=2, mean=0.5 (+/-0.97998).
Game Durations: N=5, mean=30.4 (+/-9.41189).
P1: N=3, mean=23.666667 (+/-8.642611).
P2: N=2, mean=40.5 (+/-2.93994).
=====================================================
=====================================================
Completed 10 games.

Agent 1 (EntropySHUCTAnytime)
Winning score (between 0 and 1) : N=10, mean=0.6 (+/-0.32006).
P1: N=5, mean=0.6 (+/-0.48009).
P2: N=5, mean=0.6 (+/-0.48009).
Game Durations: N=10, mean=34.6 (+/-7.916772).
P1: N=5, mean=40 (+/-11.743416).
P2: N=5, mean=29.2 (+/-9.38737).

Agent 2 (Example UCT)
Winning score (between 0 and 1) : N=10, mean=0.4 (+/-0.32006).
P1: N=5, mean=0.4 (+/-0.48009).
P2: N=5, mean=0.4 (+/-0.48009).
Game Durations: N=10, mean=34.6 (+/-7.916772).
P1: N=5, mean=29.2 (+/-9.38737).
P2: N=5, mean=40 (+/-11.743416).
=====================================================
=====================================================
Completed 20 games.

Agent 1 (EntropySHUCTAnytime)
Winning score (between 0 and 1) : N=20, mean=0.65 (+/-0.214467).
P1: N=10, mean=0.7 (+/-0.299389).
P2: N=10, mean=0.6 (+/-0.32006).
Game Durations: N=20, mean=35 (+/-5.993964).
P1: N=10, mean=34.7 (+/-9.431597).
P2: N=10, mean=35.3 (+/-7.915963).

Agent 2 (Example UCT)
Winning score (between 0 and 1) : N=20, mean=0.35 (+/-0.214467).
P1: N=10, mean=0.4 (+/-0.32006).
P2: N=10, mean=0.3 (+/-0.299389).
Game Durations: N=20, mean=35 (+/-5.993964).
P1: N=10, mean=35.3 (+/-7.915963).
P2: N=10, mean=34.7 (+/-9.431597).
=====================================================
=====================================================
Completed 30 games.

Agent 1 (EntropySHUCTAnytime)
Winning score (between 0 and 1) : N=30, mean=0.533333 (+/-0.181573).
P1: N=15, mean=0.666667 (+/-0.246932).
P2: N=15, mean=0.4 (+/-0.256619).
Game Durations: N=30, mean=34.366667 (+/-5.203827).
P1: N=15, mean=33.266667 (+/-7.423904).
P2: N=15, mean=35.466667 (+/-7.510623).

Agent 2 (Example UCT)
Winning score (between 0 and 1) : N=30, mean=0.466667 (+/-0.181573).
P1: N=15, mean=0.6 (+/-0.256619).
P2: N=15, mean=0.333333 (+/-0.246932).
Game Durations: N=30, mean=34.366667 (+/-5.203827).
P1: N=15, mean=35.466667 (+/-7.510623).
P2: N=15, mean=33.266667 (+/-7.423904).
=====================================================
=====================================================
Completed 40 games.

Agent 1 (EntropySHUCTAnytime)
Winning score (between 0 and 1) : N=40, mean=0.525 (+/-0.156726).
P1: N=20, mean=0.7 (+/-0.206054).
P2: N=20, mean=0.35 (+/-0.214467).
Game Durations: N=40, mean=33.925 (+/-4.68638).
P1: N=20, mean=33.1 (+/-6.768474).
P2: N=20, mean=34.75 (+/-6.638748).

Agent 2 (Example UCT)
Winning score (between 0 and 1) : N=40, mean=0.475 (+/-0.156726).
P1: N=20, mean=0.65 (+/-0.214467).
P2: N=20, mean=0.3 (+/-0.206054).
Game Durations: N=40, mean=33.925 (+/-4.68638).
P1: N=20, mean=34.75 (+/-6.638748).
P2: N=20, mean=33.1 (+/-6.768474).
=====================================================
=====================================================
Completed 50 games.

Agent 1 (EntropySHUCTAnytime)
Winning score (between 0 and 1) : N=50, mean=0.5 (+/-0.139997).
P1: N=25, mean=0.72 (+/-0.179633).
P2: N=25, mean=0.28 (+/-0.179633).
Game Durations: N=50, mean=32.38 (+/-4.221471).
P1: N=25, mean=32.52 (+/-6.186689).
P2: N=25, mean=32.24 (+/-5.872558).

Agent 2 (Example UCT)
Winning score (between 0 and 1) : N=50, mean=0.5 (+/-0.139997).
P1: N=25, mean=0.72 (+/-0.179633).
P2: N=25, mean=0.28 (+/-0.179633).
Game Durations: N=50, mean=32.38 (+/-4.221471).
P1: N=25, mean=32.24 (+/-5.872558).
P2: N=25, mean=32.52 (+/-6.186689).
=====================================================
=====================================================
Completed 60 games.

Agent 1 (EntropySHUCTAnytime)
Winning score (between 0 and 1) : N=60, mean=0.516667 (+/-0.127512).
P1: N=30, mean=0.733333 (+/-0.160947).
P2: N=30, mean=0.3 (+/-0.166785).
Game Durations: N=60, mean=32.383333 (+/-4.028886).
P1: N=30, mean=32.333333 (+/-5.704807).
P2: N=30, mean=32.433333 (+/-5.788061).

Agent 2 (Example UCT)
Winning score (between 0 and 1) : N=60, mean=0.483333 (+/-0.127512).
P1: N=30, mean=0.7 (+/-0.166785).
P2: N=30, mean=0.266667 (+/-0.160947).
Game Durations: N=60, mean=32.383333 (+/-4.028886).
P1: N=30, mean=32.433333 (+/-5.788061).
P2: N=30, mean=32.333333 (+/-5.704807).
=====================================================
=====================================================
Completed 70 games.

Agent 1 (EntropySHUCTAnytime)
Winning score (between 0 and 1) : N=70, mean=0.457143 (+/-0.117542).
P1: N=35, mean=0.657143 (+/-0.159549).
P2: N=35, mean=0.257143 (+/-0.146909).
Game Durations: N=70, mean=31.557143 (+/-3.544804).
P1: N=35, mean=31.8 (+/-5.00939).
P2: N=35, mean=31.314286 (+/-5.088651).

Agent 2 (Example UCT)
Winning score (between 0 and 1) : N=70, mean=0.542857 (+/-0.117542).
P1: N=35, mean=0.742857 (+/-0.146909).
P2: N=35, mean=0.342857 (+/-0.159549).
Game Durations: N=70, mean=31.557143 (+/-3.544804).
P1: N=35, mean=31.314286 (+/-5.088651).
P2: N=35, mean=31.8 (+/-5.00939).
=====================================================
=====================================================
Completed 80 games.

Agent 1 (EntropySHUCTAnytime)
Winning score (between 0 and 1) : N=80, mean=0.4625 (+/-0.109946).
P1: N=40, mean=0.65 (+/-0.149694).
P2: N=40, mean=0.275 (+/-0.140136).
Game Durations: N=80, mean=31.5875 (+/-3.357427).
P1: N=40, mean=32.075 (+/-4.748497).
P2: N=40, mean=31.1 (+/-4.803363).

Agent 2 (Example UCT)
Winning score (between 0 and 1) : N=80, mean=0.5375 (+/-0.109946).
P1: N=40, mean=0.725 (+/-0.140136).
P2: N=40, mean=0.35 (+/-0.149694).
Game Durations: N=80, mean=31.5875 (+/-3.357427).
P1: N=40, mean=31.1 (+/-4.803363).
P2: N=40, mean=32.075 (+/-4.748497).
=====================================================
=====================================================
Completed 90 games.

Agent 1 (EntropySHUCTAnytime)
Winning score (between 0 and 1) : N=90, mean=0.488889 (+/-0.103852).
P1: N=45, mean=0.666667 (+/-0.139288).
P2: N=45, mean=0.311111 (+/-0.13679).
Game Durations: N=90, mean=30.344444 (+/-3.100309).
P1: N=45, mean=30.822222 (+/-4.412291).
P2: N=45, mean=29.866667 (+/-4.401863).

Agent 2 (Example UCT)
Winning score (between 0 and 1) : N=90, mean=0.511111 (+/-0.103852).
P1: N=45, mean=0.688889 (+/-0.13679).
P2: N=45, mean=0.333333 (+/-0.139288).
Game Durations: N=90, mean=30.344444 (+/-3.100309).
P1: N=45, mean=29.866667 (+/-4.401863).
P2: N=45, mean=30.822222 (+/-4.412291).
=====================================================
=====================================================
Completed 100 games.

Agent 1 (EntropySHUCTAnytime)
Winning score (between 0 and 1) : N=100, mean=0.49 (+/-0.098472).
P1: N=50, mean=0.66 (+/-0.132636).
P2: N=50, mean=0.32 (+/-0.130611).
Game Durations: N=100, mean=30.53 (+/-2.998221).
P1: N=50, mean=31.96 (+/-4.393666).
P2: N=50, mean=29.1 (+/-4.086478).

Agent 2 (Example UCT)
Winning score (between 0 and 1) : N=100, mean=0.51 (+/-0.098472).
P1: N=50, mean=0.68 (+/-0.130611).
P2: N=50, mean=0.34 (+/-0.132636).
Game Durations: N=100, mean=30.53 (+/-2.998221).
P1: N=50, mean=29.1 (+/-4.086478).
P2: N=50, mean=31.96 (+/-4.393666).
=====================================================
