Warming up...
Finished warming up!
=====================================================
Completed 1 games.

Agent 1 (EntropySHUCTAnytime)
Winning score (between 0 and 1) : N=1, mean=1 (+/-0).
P1: N=0, mean=0 (+/-0).
P2: N=1, mean=1 (+/-0).
Game Durations: N=1, mean=8 (+/-0).
P1: N=0, mean=0 (+/-0).
P2: N=1, mean=8 (+/-0).

Agent 2 (Example UCT)
Winning score (between 0 and 1) : N=1, mean=0 (+/-0).
P1: N=1, mean=0 (+/-0).
P2: N=0, mean=0 (+/-0).
Game Durations: N=1, mean=8 (+/-0).
P1: N=1, mean=8 (+/-0).
P2: N=0, mean=0 (+/-0).
=====================================================
=====================================================
Completed 2 games.

Agent 1 (EntropySHUCTAnytime)
Winning score (between 0 and 1) : N=2, mean=1 (+/-0).
P1: N=1, mean=1 (+/-0).
P2: N=1, mean=1 (+/-0).
Game Durations: N=2, mean=9.5 (+/-2.93994).
P1: N=1, mean=11 (+/-0).
P2: N=1, mean=8 (+/-0).

Agent 2 (Example UCT)
Winning score (between 0 and 1) : N=2, mean=0 (+/-0).
P1: N=1, mean=0 (+/-0).
P2: N=1, mean=0 (+/-0).
Game Durations: N=2, mean=9.5 (+/-2.93994).
P1: N=1, mean=8 (+/-0).
P2: N=1, mean=11 (+/-0).
=====================================================
=====================================================
Completed 3 games.

Agent 1 (EntropySHUCTAnytime)
Winning score (between 0 and 1) : N=3, mean=1 (+/-0).
P1: N=1, mean=1 (+/-0).
P2: N=2, mean=1 (+/-0).
Game Durations: N=3, mean=9 (+/-1.95996).
P1: N=1, mean=11 (+/-0).
P2: N=2, mean=8 (+/-0).

Agent 2 (Example UCT)
Winning score (between 0 and 1) : N=3, mean=0 (+/-0).
P1: N=2, mean=0 (+/-0).
P2: N=1, mean=0 (+/-0).
Game Durations: N=3, mean=9 (+/-1.95996).
P1: N=2, mean=8 (+/-0).
P2: N=1, mean=11 (+/-0).
=====================================================
=====================================================
Completed 4 games.

Agent 1 (EntropySHUCTAnytime)
Winning score (between 0 and 1) : N=4, mean=1 (+/-0).
P1: N=2, mean=1 (+/-0).
P2: N=2, mean=1 (+/-0).
Game Durations: N=4, mean=8.5 (+/-1.697375).
P1: N=2, mean=9 (+/-3.91992).
P2: N=2, mean=8 (+/-0).

Agent 2 (Example UCT)
Winning score (between 0 and 1) : N=4, mean=0 (+/-0).
P1: N=2, mean=0 (+/-0).
P2: N=2, mean=0 (+/-0).
Game Durations: N=4, mean=8.5 (+/-1.697375).
P1: N=2, mean=8 (+/-0).
P2: N=2, mean=9 (+/-3.91992).
=====================================================
=====================================================
Completed 5 games.

Agent 1 (EntropySHUCTAnytime)
Winning score (between 0 and 1) : N=5, mean=1 (+/-0).
P1: N=2, mean=1 (+/-0).
P2: N=3, mean=1 (+/-0).
Game Durations: N=5, mean=10 (+/-3.220543).
P1: N=2, mean=9 (+/-3.91992).
P2: N=3, mean=10.666667 (+/-5.22656).

Agent 2 (Example UCT)
Winning score (between 0 and 1) : N=5, mean=0 (+/-0).
P1: N=3, mean=0 (+/-0).
P2: N=2, mean=0 (+/-0).
Game Durations: N=5, mean=10 (+/-3.220543).
P1: N=3, mean=10.666667 (+/-5.22656).
P2: N=2, mean=9 (+/-3.91992).
=====================================================
=====================================================
Completed 10 games.

Agent 1 (EntropySHUCTAnytime)
Winning score (between 0 and 1) : N=10, mean=1 (+/-0).
P1: N=5, mean=1 (+/-0).
P2: N=5, mean=1 (+/-0).
Game Durations: N=10, mean=12.3 (+/-2.922466).
P1: N=5, mean=13 (+/-4.294057).
P2: N=5, mean=11.6 (+/-4.365038).

Agent 2 (Example UCT)
Winning score (between 0 and 1) : N=10, mean=0 (+/-0).
P1: N=5, mean=0 (+/-0).
P2: N=5, mean=0 (+/-0).
Game Durations: N=10, mean=12.3 (+/-2.922466).
P1: N=5, mean=11.6 (+/-4.365038).
P2: N=5, mean=13 (+/-4.294057).
=====================================================
=====================================================
Completed 20 games.

Agent 1 (EntropySHUCTAnytime)
Winning score (between 0 and 1) : N=20, mean=0.9 (+/-0.134894).
P1: N=10, mean=0.8 (+/-0.261328).
P2: N=10, mean=1 (+/-0).
Game Durations: N=20, mean=15.2 (+/-4.129892).
P1: N=10, mean=18 (+/-7.426039).
P2: N=10, mean=12.4 (+/-3.189915).

Agent 2 (Example UCT)
Winning score (between 0 and 1) : N=20, mean=0.1 (+/-0.134894).
P1: N=10, mean=0 (+/-0).
P2: N=10, mean=0.2 (+/-0.261328).
Game Durations: N=20, mean=15.2 (+/-4.129892).
P1: N=10, mean=12.4 (+/-3.189915).
P2: N=10, mean=18 (+/-7.426039).
=====================================================
=====================================================
Completed 30 games.

Agent 1 (EntropySHUCTAnytime)
Winning score (between 0 and 1) : N=30, mean=0.9 (+/-0.109187).
P1: N=15, mean=0.8 (+/-0.209529).
P2: N=15, mean=1 (+/-0).
Game Durations: N=30, mean=15.266667 (+/-3.03626).
P1: N=15, mean=17.2 (+/-5.079357).
P2: N=15, mean=13.333333 (+/-3.215806).

Agent 2 (Example UCT)
Winning score (between 0 and 1) : N=30, mean=0.1 (+/-0.109187).
P1: N=15, mean=0 (+/-0).
P2: N=15, mean=0.2 (+/-0.209529).
Game Durations: N=30, mean=15.266667 (+/-3.03626).
P1: N=15, mean=13.333333 (+/-3.215806).
P2: N=15, mean=17.2 (+/-5.079357).
=====================================================
=====================================================
Completed 40 games.

Agent 1 (EntropySHUCTAnytime)
Winning score (between 0 and 1) : N=40, mean=0.925 (+/-0.082664).
P1: N=20, mean=0.85 (+/-0.160556).
P2: N=20, mean=1 (+/-0).
Game Durations: N=40, mean=14.725 (+/-2.400438).
P1: N=20, mean=16.25 (+/-4.036493).
P2: N=20, mean=13.2 (+/-2.534024).

Agent 2 (Example UCT)
Winning score (between 0 and 1) : N=40, mean=0.075 (+/-0.082664).
P1: N=20, mean=0 (+/-0).
P2: N=20, mean=0.15 (+/-0.160556).
Game Durations: N=40, mean=14.725 (+/-2.400438).
P1: N=20, mean=13.2 (+/-2.534024).
P2: N=20, mean=16.25 (+/-4.036493).
=====================================================
=====================================================
Completed 50 games.

Agent 1 (EntropySHUCTAnytime)
Winning score (between 0 and 1) : N=50, mean=0.94 (+/-0.066495).
P1: N=25, mean=0.88 (+/-0.130009).
P2: N=25, mean=1 (+/-0).
Game Durations: N=50, mean=14 (+/-2.026045).
P1: N=25, mean=15.04 (+/-3.457316).
P2: N=25, mean=12.96 (+/-2.112397).

Agent 2 (Example UCT)
Winning score (between 0 and 1) : N=50, mean=0.06 (+/-0.066495).
P1: N=25, mean=0 (+/-0).
P2: N=25, mean=0.12 (+/-0.130009).
Game Durations: N=50, mean=14 (+/-2.026045).
P1: N=25, mean=12.96 (+/-2.112397).
P2: N=25, mean=15.04 (+/-3.457316).
=====================================================
=====================================================
Completed 60 games.

Agent 1 (EntropySHUCTAnytime)
Winning score (between 0 and 1) : N=60, mean=0.95 (+/-0.055612).
P1: N=30, mean=0.9 (+/-0.109187).
P2: N=30, mean=1 (+/-0).
Game Durations: N=60, mean=13.85 (+/-1.834602).
P1: N=30, mean=14.966667 (+/-3.166598).
P2: N=30, mean=12.733333 (+/-1.826881).

Agent 2 (Example UCT)
Winning score (between 0 and 1) : N=60, mean=0.05 (+/-0.055612).
P1: N=30, mean=0 (+/-0).
P2: N=30, mean=0.1 (+/-0.109187).
Game Durations: N=60, mean=13.85 (+/-1.834602).
P1: N=30, mean=12.733333 (+/-1.826881).
P2: N=30, mean=14.966667 (+/-3.166598).
=====================================================
=====================================================
Completed 70 games.

Agent 1 (EntropySHUCTAnytime)
Winning score (between 0 and 1) : N=70, mean=0.957143 (+/-0.047788).
P1: N=35, mean=0.914286 (+/-0.094097).
P2: N=35, mean=1 (+/-0).
Game Durations: N=70, mean=14.171429 (+/-1.815872).
P1: N=35, mean=14.628571 (+/-2.784683).
P2: N=35, mean=13.714286 (+/-2.362594).

Agent 2 (Example UCT)
Winning score (between 0 and 1) : N=70, mean=0.042857 (+/-0.047788).
P1: N=35, mean=0 (+/-0).
P2: N=35, mean=0.085714 (+/-0.094097).
Game Durations: N=70, mean=14.171429 (+/-1.815872).
P1: N=35, mean=13.714286 (+/-2.362594).
P2: N=35, mean=14.628571 (+/-2.784683).
=====================================================
=====================================================
Completed 80 games.

Agent 1 (EntropySHUCTAnytime)
Winning score (between 0 and 1) : N=80, mean=0.9625 (+/-0.041894).
P1: N=40, mean=0.925 (+/-0.082664).
P2: N=40, mean=1 (+/-0).
Game Durations: N=80, mean=14.2375 (+/-1.729389).
P1: N=40, mean=14.375 (+/-2.498653).
P2: N=40, mean=14.1 (+/-2.422711).

Agent 2 (Example UCT)
Winning score (between 0 and 1) : N=80, mean=0.0375 (+/-0.041894).
P1: N=40, mean=0 (+/-0).
P2: N=40, mean=0.075 (+/-0.082664).
Game Durations: N=80, mean=14.2375 (+/-1.729389).
P1: N=40, mean=14.1 (+/-2.422711).
P2: N=40, mean=14.375 (+/-2.498653).
=====================================================
=====================================================
Completed 90 games.

Agent 1 (EntropySHUCTAnytime)
Winning score (between 0 and 1) : N=90, mean=0.966667 (+/-0.037293).
P1: N=45, mean=0.933333 (+/-0.073704).
P2: N=45, mean=1 (+/-0).
Game Durations: N=90, mean=14.155556 (+/-1.572461).
P1: N=45, mean=14.266667 (+/-2.286535).
P2: N=45, mean=14.044444 (+/-2.184612).

Agent 2 (Example UCT)
Winning score (between 0 and 1) : N=90, mean=0.033333 (+/-0.037293).
P1: N=45, mean=0 (+/-0).
P2: N=45, mean=0.066667 (+/-0.073704).
Game Durations: N=90, mean=14.155556 (+/-1.572461).
P1: N=45, mean=14.044444 (+/-2.184612).
P2: N=45, mean=14.266667 (+/-2.286535).
=====================================================
=====================================================
Completed 100 games.

Agent 1 (EntropySHUCTAnytime)
Winning score (between 0 and 1) : N=100, mean=0.96 (+/-0.038601).
P1: N=50, mean=0.94 (+/-0.066495).
P2: N=50, mean=0.98 (+/-0.039199).
Game Durations: N=100, mean=14.42 (+/-1.505134).
P1: N=50, mean=14.26 (+/-2.072571).
P2: N=50, mean=14.58 (+/-2.203318).

Agent 2 (Example UCT)
Winning score (between 0 and 1) : N=100, mean=0.04 (+/-0.038601).
P1: N=50, mean=0.02 (+/-0.039199).
P2: N=50, mean=0.06 (+/-0.066495).
Game Durations: N=100, mean=14.42 (+/-1.505134).
P1: N=50, mean=14.58 (+/-2.203318).
P2: N=50, mean=14.26 (+/-2.072571).
=====================================================
