Warming up...
Finished warming up!
=====================================================
Completed 1 games.

Agent 1 (DoubleIterRegressionTreeSHUCTAny)
Winning score (between 0 and 1) : N=1, mean=1 (+/-0).
P1: N=1, mean=1 (+/-0).
P2: N=0, mean=0 (+/-0).
Game Durations: N=1, mean=67 (+/-0).
P1: N=1, mean=67 (+/-0).
P2: N=0, mean=0 (+/-0).

Agent 2 (SHUCTAnyTime)
Winning score (between 0 and 1) : N=1, mean=0 (+/-0).
P1: N=0, mean=0 (+/-0).
P2: N=1, mean=0 (+/-0).
Game Durations: N=1, mean=67 (+/-0).
P1: N=0, mean=0 (+/-0).
P2: N=1, mean=67 (+/-0).
=====================================================
=====================================================
Completed 2 games.

Agent 1 (DoubleIterRegressionTreeSHUCTAny)
Winning score (between 0 and 1) : N=2, mean=1 (+/-0).
P1: N=1, mean=1 (+/-0).
P2: N=1, mean=1 (+/-0).
Game Durations: N=2, mean=66.5 (+/-0.97998).
P1: N=1, mean=67 (+/-0).
P2: N=1, mean=66 (+/-0).

Agent 2 (SHUCTAnyTime)
Winning score (between 0 and 1) : N=2, mean=0 (+/-0).
P1: N=1, mean=0 (+/-0).
P2: N=1, mean=0 (+/-0).
Game Durations: N=2, mean=66.5 (+/-0.97998).
P1: N=1, mean=66 (+/-0).
P2: N=1, mean=67 (+/-0).
=====================================================
=====================================================
Completed 3 games.

Agent 1 (DoubleIterRegressionTreeSHUCTAny)
Winning score (between 0 and 1) : N=3, mean=0.666667 (+/-0.65332).
P1: N=2, mean=0.5 (+/-0.97998).
P2: N=1, mean=1 (+/-0).
Game Durations: N=3, mean=67 (+/-1.131583).
P1: N=2, mean=67.5 (+/-0.97998).
P2: N=1, mean=66 (+/-0).

Agent 2 (SHUCTAnyTime)
Winning score (between 0 and 1) : N=3, mean=0.333333 (+/-0.65332).
P1: N=1, mean=0 (+/-0).
P2: N=2, mean=0.5 (+/-0.97998).
Game Durations: N=3, mean=67 (+/-1.131583).
P1: N=1, mean=66 (+/-0).
P2: N=2, mean=67.5 (+/-0.97998).
=====================================================
=====================================================
Completed 4 games.

Agent 1 (DoubleIterRegressionTreeSHUCTAny)
Winning score (between 0 and 1) : N=4, mean=0.75 (+/-0.48999).
P1: N=2, mean=0.5 (+/-0.97998).
P2: N=2, mean=1 (+/-0).
Game Durations: N=4, mean=67.75 (+/-1.673634).
P1: N=2, mean=67.5 (+/-0.97998).
P2: N=2, mean=68 (+/-3.91992).

Agent 2 (SHUCTAnyTime)
Winning score (between 0 and 1) : N=4, mean=0.25 (+/-0.48999).
P1: N=2, mean=0 (+/-0).
P2: N=2, mean=0.5 (+/-0.97998).
Game Durations: N=4, mean=67.75 (+/-1.673634).
P1: N=2, mean=68 (+/-3.91992).
P2: N=2, mean=67.5 (+/-0.97998).
=====================================================
=====================================================
Completed 5 games.

Agent 1 (DoubleIterRegressionTreeSHUCTAny)
Winning score (between 0 and 1) : N=5, mean=0.8 (+/-0.391992).
P1: N=3, mean=0.666667 (+/-0.65332).
P2: N=2, mean=1 (+/-0).
Game Durations: N=5, mean=67.2 (+/-1.686021).
P1: N=3, mean=66.666667 (+/-1.728522).
P2: N=2, mean=68 (+/-3.91992).

Agent 2 (SHUCTAnyTime)
Winning score (between 0 and 1) : N=5, mean=0.2 (+/-0.391992).
P1: N=2, mean=0 (+/-0).
P2: N=3, mean=0.333333 (+/-0.65332).
Game Durations: N=5, mean=67.2 (+/-1.686021).
P1: N=2, mean=68 (+/-3.91992).
P2: N=3, mean=66.666667 (+/-1.728522).
=====================================================
=====================================================
Completed 10 games.

Agent 1 (DoubleIterRegressionTreeSHUCTAny)
Winning score (between 0 and 1) : N=10, mean=0.8 (+/-0.261328).
P1: N=5, mean=0.6 (+/-0.48009).
P2: N=5, mean=1 (+/-0).
Game Durations: N=10, mean=67.7 (+/-1.133468).
P1: N=5, mean=66.6 (+/-0.999387).
P2: N=5, mean=68.8 (+/-1.567968).

Agent 2 (SHUCTAnyTime)
Winning score (between 0 and 1) : N=10, mean=0.2 (+/-0.261328).
P1: N=5, mean=0 (+/-0).
P2: N=5, mean=0.4 (+/-0.48009).
Game Durations: N=10, mean=67.7 (+/-1.133468).
P1: N=5, mean=68.8 (+/-1.567968).
P2: N=5, mean=66.6 (+/-0.999387).
=====================================================
=====================================================
Completed 20 games.

Agent 1 (DoubleIterRegressionTreeSHUCTAny)
Winning score (between 0 and 1) : N=20, mean=0.65 (+/-0.214467).
P1: N=10, mean=0.5 (+/-0.32666).
P2: N=10, mean=0.8 (+/-0.261328).
Game Durations: N=20, mean=68.25 (+/-1.497226).
P1: N=10, mean=67.1 (+/-2.233743).
P2: N=10, mean=69.4 (+/-1.829296).

Agent 2 (SHUCTAnyTime)
Winning score (between 0 and 1) : N=20, mean=0.35 (+/-0.214467).
P1: N=10, mean=0.2 (+/-0.261328).
P2: N=10, mean=0.5 (+/-0.32666).
Game Durations: N=20, mean=68.25 (+/-1.497226).
P1: N=10, mean=69.4 (+/-1.829296).
P2: N=10, mean=67.1 (+/-2.233743).
=====================================================
=====================================================
Completed 30 games.

Agent 1 (DoubleIterRegressionTreeSHUCTAny)
Winning score (between 0 and 1) : N=30, mean=0.566667 (+/-0.180353).
P1: N=15, mean=0.466667 (+/-0.261328).
P2: N=15, mean=0.666667 (+/-0.246932).
Game Durations: N=30, mean=68.466667 (+/-1.191394).
P1: N=15, mean=68.066667 (+/-2.019413).
P2: N=15, mean=68.866667 (+/-1.309437).

Agent 2 (SHUCTAnyTime)
Winning score (between 0 and 1) : N=30, mean=0.433333 (+/-0.180353).
P1: N=15, mean=0.333333 (+/-0.246932).
P2: N=15, mean=0.533333 (+/-0.261328).
Game Durations: N=30, mean=68.466667 (+/-1.191394).
P1: N=15, mean=68.866667 (+/-1.309437).
P2: N=15, mean=68.066667 (+/-2.019413).
=====================================================
=====================================================
Completed 40 games.

Agent 1 (DoubleIterRegressionTreeSHUCTAny)
Winning score (between 0 and 1) : N=40, mean=0.55 (+/-0.156136).
P1: N=20, mean=0.45 (+/-0.223696).
P2: N=20, mean=0.65 (+/-0.214467).
Game Durations: N=40, mean=68.5 (+/-0.954522).
P1: N=20, mean=68.05 (+/-1.62418).
P2: N=20, mean=68.95 (+/-1.010203).

Agent 2 (SHUCTAnyTime)
Winning score (between 0 and 1) : N=40, mean=0.45 (+/-0.156136).
P1: N=20, mean=0.35 (+/-0.214467).
P2: N=20, mean=0.55 (+/-0.223696).
Game Durations: N=40, mean=68.5 (+/-0.954522).
P1: N=20, mean=68.95 (+/-1.010203).
P2: N=20, mean=68.05 (+/-1.62418).
=====================================================
=====================================================
Completed 50 games.

Agent 1 (DoubleIterRegressionTreeSHUCTAny)
Winning score (between 0 and 1) : N=50, mean=0.52 (+/-0.139885).
P1: N=25, mean=0.4 (+/-0.195996).
P2: N=25, mean=0.64 (+/-0.192036).
Game Durations: N=50, mean=67.9 (+/-0.952392).
P1: N=25, mean=67.28 (+/-1.586317).
P2: N=25, mean=68.52 (+/-1.031667).

Agent 2 (SHUCTAnyTime)
Winning score (between 0 and 1) : N=50, mean=0.48 (+/-0.139885).
P1: N=25, mean=0.36 (+/-0.192036).
P2: N=25, mean=0.6 (+/-0.195996).
Game Durations: N=50, mean=67.9 (+/-0.952392).
P1: N=25, mean=68.52 (+/-1.031667).
P2: N=25, mean=67.28 (+/-1.586317).
=====================================================
=====================================================
Completed 60 games.

Agent 1 (DoubleIterRegressionTreeSHUCTAny)
Winning score (between 0 and 1) : N=60, mean=0.516667 (+/-0.127512).
P1: N=30, mean=0.466667 (+/-0.181573).
P2: N=30, mean=0.566667 (+/-0.180353).
Game Durations: N=60, mean=67.816667 (+/-0.896705).
P1: N=30, mean=67.4 (+/-1.514101).
P2: N=30, mean=68.233333 (+/-0.966064).

Agent 2 (SHUCTAnyTime)
Winning score (between 0 and 1) : N=60, mean=0.483333 (+/-0.127512).
P1: N=30, mean=0.433333 (+/-0.180353).
P2: N=30, mean=0.533333 (+/-0.181573).
Game Durations: N=60, mean=67.816667 (+/-0.896705).
P1: N=30, mean=68.233333 (+/-0.966064).
P2: N=30, mean=67.4 (+/-1.514101).
=====================================================
=====================================================
Completed 70 games.

Agent 1 (DoubleIterRegressionTreeSHUCTAny)
Winning score (between 0 and 1) : N=70, mean=0.557143 (+/-0.117203).
P1: N=35, mean=0.514286 (+/-0.167997).
P2: N=35, mean=0.6 (+/-0.16467).
Game Durations: N=70, mean=67.828571 (+/-0.806557).
P1: N=35, mean=67.485714 (+/-1.321202).
P2: N=35, mean=68.171429 (+/-0.931809).

Agent 2 (SHUCTAnyTime)
Winning score (between 0 and 1) : N=70, mean=0.442857 (+/-0.117203).
P1: N=35, mean=0.4 (+/-0.16467).
P2: N=35, mean=0.485714 (+/-0.167997).
Game Durations: N=70, mean=67.828571 (+/-0.806557).
P1: N=35, mean=68.171429 (+/-0.931809).
P2: N=35, mean=67.485714 (+/-1.321202).
=====================================================
=====================================================
Completed 80 games.

Agent 1 (DoubleIterRegressionTreeSHUCTAny)
Winning score (between 0 and 1) : N=80, mean=0.5625 (+/-0.109392).
P1: N=40, mean=0.55 (+/-0.156136).
P2: N=40, mean=0.575 (+/-0.155147).
Game Durations: N=80, mean=67.7125 (+/-0.760844).
P1: N=40, mean=67.4 (+/-1.270587).
P2: N=40, mean=68.025 (+/-0.843558).

Agent 2 (SHUCTAnyTime)
Winning score (between 0 and 1) : N=80, mean=0.4375 (+/-0.109392).
P1: N=40, mean=0.425 (+/-0.155147).
P2: N=40, mean=0.45 (+/-0.156136).
Game Durations: N=80, mean=67.7125 (+/-0.760844).
P1: N=40, mean=68.025 (+/-0.843558).
P2: N=40, mean=67.4 (+/-1.270587).
=====================================================
=====================================================
Completed 90 games.

Agent 1 (DoubleIterRegressionTreeSHUCTAny)
Winning score (between 0 and 1) : N=90, mean=0.555556 (+/-0.103234).
P1: N=45, mean=0.533333 (+/-0.147409).
P2: N=45, mean=0.577778 (+/-0.145939).
Game Durations: N=90, mean=67.722222 (+/-0.744595).
P1: N=45, mean=67.511111 (+/-1.237429).
P2: N=45, mean=67.933333 (+/-0.838974).

Agent 2 (SHUCTAnyTime)
Winning score (between 0 and 1) : N=90, mean=0.444444 (+/-0.103234).
P1: N=45, mean=0.422222 (+/-0.145939).
P2: N=45, mean=0.466667 (+/-0.147409).
Game Durations: N=90, mean=67.722222 (+/-0.744595).
P1: N=45, mean=67.933333 (+/-0.838974).
P2: N=45, mean=67.511111 (+/-1.237429).
=====================================================
=====================================================
Completed 100 games.

Agent 1 (DoubleIterRegressionTreeSHUCTAny)
Winning score (between 0 and 1) : N=100, mean=0.55 (+/-0.097998).
P1: N=50, mean=0.52 (+/-0.139885).
P2: N=50, mean=0.58 (+/-0.138194).
Game Durations: N=100, mean=67.73 (+/-0.68115).
P1: N=50, mean=67.64 (+/-1.122438).
P2: N=50, mean=67.82 (+/-0.783364).

Agent 2 (SHUCTAnyTime)
Winning score (between 0 and 1) : N=100, mean=0.45 (+/-0.097998).
P1: N=50, mean=0.42 (+/-0.138194).
P2: N=50, mean=0.48 (+/-0.139885).
Game Durations: N=100, mean=67.73 (+/-0.68115).
P1: N=50, mean=67.82 (+/-0.783364).
P2: N=50, mean=67.64 (+/-1.122438).
=====================================================
