Warming up...
Finished warming up!
=====================================================
Completed 1 games.

Agent 1 (EntropySHUCTAnytime)
Winning score (between 0 and 1) : N=1, mean=1 (+/-0).
P1: N=0, mean=0 (+/-0).
P2: N=1, mean=1 (+/-0).
Game Durations: N=1, mean=144 (+/-0).
P1: N=0, mean=0 (+/-0).
P2: N=1, mean=144 (+/-0).

Agent 2 (Example UCT)
Winning score (between 0 and 1) : N=1, mean=0 (+/-0).
P1: N=1, mean=0 (+/-0).
P2: N=0, mean=0 (+/-0).
Game Durations: N=1, mean=144 (+/-0).
P1: N=1, mean=144 (+/-0).
P2: N=0, mean=0 (+/-0).
=====================================================
=====================================================
Completed 2 games.

Agent 1 (EntropySHUCTAnytime)
Winning score (between 0 and 1) : N=2, mean=1 (+/-0).
P1: N=1, mean=1 (+/-0).
P2: N=1, mean=1 (+/-0).
Game Durations: N=2, mean=149 (+/-9.7998).
P1: N=1, mean=154 (+/-0).
P2: N=1, mean=144 (+/-0).

Agent 2 (Example UCT)
Winning score (between 0 and 1) : N=2, mean=0 (+/-0).
P1: N=1, mean=0 (+/-0).
P2: N=1, mean=0 (+/-0).
Game Durations: N=2, mean=149 (+/-9.7998).
P1: N=1, mean=144 (+/-0).
P2: N=1, mean=154 (+/-0).
=====================================================
=====================================================
Completed 3 games.

Agent 1 (EntropySHUCTAnytime)
Winning score (between 0 and 1) : N=3, mean=0.666667 (+/-0.65332).
P1: N=1, mean=1 (+/-0).
P2: N=2, mean=0.5 (+/-0.97998).
Game Durations: N=3, mean=158.666667 (+/-19.773051).
P1: N=1, mean=154 (+/-0).
P2: N=2, mean=161 (+/-33.31932).

Agent 2 (Example UCT)
Winning score (between 0 and 1) : N=3, mean=0.333333 (+/-0.65332).
P1: N=2, mean=0.5 (+/-0.97998).
P2: N=1, mean=0 (+/-0).
Game Durations: N=3, mean=158.666667 (+/-19.773051).
P1: N=2, mean=161 (+/-33.31932).
P2: N=1, mean=154 (+/-0).
=====================================================
=====================================================
Completed 4 games.

Agent 1 (EntropySHUCTAnytime)
Winning score (between 0 and 1) : N=4, mean=0.75 (+/-0.48999).
P1: N=2, mean=1 (+/-0).
P2: N=2, mean=0.5 (+/-0.97998).
Game Durations: N=4, mean=159.5 (+/-14.076734).
P1: N=2, mean=158 (+/-7.83984).
P2: N=2, mean=161 (+/-33.31932).

Agent 2 (Example UCT)
Winning score (between 0 and 1) : N=4, mean=0.25 (+/-0.48999).
P1: N=2, mean=0.5 (+/-0.97998).
P2: N=2, mean=0 (+/-0).
Game Durations: N=4, mean=159.5 (+/-14.076734).
P1: N=2, mean=161 (+/-33.31932).
P2: N=2, mean=158 (+/-7.83984).
=====================================================
=====================================================
Completed 5 games.

Agent 1 (EntropySHUCTAnytime)
Winning score (between 0 and 1) : N=5, mean=0.6 (+/-0.48009).
P1: N=2, mean=1 (+/-0).
P2: N=3, mean=0.333333 (+/-0.65332).
Game Durations: N=5, mean=160.8 (+/-11.197531).
P1: N=2, mean=158 (+/-7.83984).
P2: N=3, mean=162.666667 (+/-19.512296).

Agent 2 (Example UCT)
Winning score (between 0 and 1) : N=5, mean=0.4 (+/-0.48009).
P1: N=3, mean=0.666667 (+/-0.65332).
P2: N=2, mean=0 (+/-0).
Game Durations: N=5, mean=160.8 (+/-11.197531).
P1: N=3, mean=162.666667 (+/-19.512296).
P2: N=2, mean=158 (+/-7.83984).
=====================================================
=====================================================
Completed 10 games.

Agent 1 (EntropySHUCTAnytime)
Winning score (between 0 and 1) : N=10, mean=0.4 (+/-0.32006).
P1: N=5, mean=0.4 (+/-0.48009).
P2: N=5, mean=0.4 (+/-0.48009).
Game Durations: N=10, mean=155.8 (+/-10.718431).
P1: N=5, mean=152.8 (+/-12.677775).
P2: N=5, mean=158.8 (+/-18.411109).

Agent 2 (Example UCT)
Winning score (between 0 and 1) : N=10, mean=0.6 (+/-0.32006).
P1: N=5, mean=0.6 (+/-0.48009).
P2: N=5, mean=0.6 (+/-0.48009).
Game Durations: N=10, mean=155.8 (+/-10.718431).
P1: N=5, mean=158.8 (+/-18.411109).
P2: N=5, mean=152.8 (+/-12.677775).
=====================================================
=====================================================
Completed 20 games.

Agent 1 (EntropySHUCTAnytime)
Winning score (between 0 and 1) : N=20, mean=0.65 (+/-0.214467).
P1: N=10, mean=0.6 (+/-0.32006).
P2: N=10, mean=0.7 (+/-0.299389).
Game Durations: N=20, mean=157.5 (+/-6.722917).
P1: N=10, mean=153.6 (+/-8.741802).
P2: N=10, mean=161.4 (+/-10.071304).

Agent 2 (Example UCT)
Winning score (between 0 and 1) : N=20, mean=0.35 (+/-0.214467).
P1: N=10, mean=0.3 (+/-0.299389).
P2: N=10, mean=0.4 (+/-0.32006).
Game Durations: N=20, mean=157.5 (+/-6.722917).
P1: N=10, mean=161.4 (+/-10.071304).
P2: N=10, mean=153.6 (+/-8.741802).
=====================================================
=====================================================
Completed 30 games.

Agent 1 (EntropySHUCTAnytime)
Winning score (between 0 and 1) : N=30, mean=0.533333 (+/-0.181573).
P1: N=15, mean=0.533333 (+/-0.261328).
P2: N=15, mean=0.533333 (+/-0.261328).
Game Durations: N=30, mean=158.733333 (+/-5.220305).
P1: N=15, mean=156.266667 (+/-7.093778).
P2: N=15, mean=161.2 (+/-7.696669).

Agent 2 (Example UCT)
Winning score (between 0 and 1) : N=30, mean=0.466667 (+/-0.181573).
P1: N=15, mean=0.466667 (+/-0.261328).
P2: N=15, mean=0.466667 (+/-0.261328).
Game Durations: N=30, mean=158.733333 (+/-5.220305).
P1: N=15, mean=161.2 (+/-7.696669).
P2: N=15, mean=156.266667 (+/-7.093778).
=====================================================
=====================================================
Completed 40 games.

Agent 1 (EntropySHUCTAnytime)
Winning score (between 0 and 1) : N=40, mean=0.575 (+/-0.155147).
P1: N=20, mean=0.6 (+/-0.22028).
P2: N=20, mean=0.55 (+/-0.223696).
Game Durations: N=40, mean=158.35 (+/-4.132485).
P1: N=20, mean=156 (+/-5.587198).
P2: N=20, mean=160.7 (+/-6.054542).

Agent 2 (Example UCT)
Winning score (between 0 and 1) : N=40, mean=0.425 (+/-0.155147).
P1: N=20, mean=0.45 (+/-0.223696).
P2: N=20, mean=0.4 (+/-0.22028).
Game Durations: N=40, mean=158.35 (+/-4.132485).
P1: N=20, mean=160.7 (+/-6.054542).
P2: N=20, mean=156 (+/-5.587198).
=====================================================
=====================================================
Completed 50 games.

Agent 1 (EntropySHUCTAnytime)
Winning score (between 0 and 1) : N=50, mean=0.54 (+/-0.139548).
P1: N=25, mean=0.56 (+/-0.198592).
P2: N=25, mean=0.52 (+/-0.199877).
Game Durations: N=50, mean=158.08 (+/-3.811149).
P1: N=25, mean=155.68 (+/-5.242933).
P2: N=25, mean=160.48 (+/-5.47518).

Agent 2 (Example UCT)
Winning score (between 0 and 1) : N=50, mean=0.46 (+/-0.139548).
P1: N=25, mean=0.48 (+/-0.199877).
P2: N=25, mean=0.44 (+/-0.198592).
Game Durations: N=50, mean=158.08 (+/-3.811149).
P1: N=25, mean=160.48 (+/-5.47518).
P2: N=25, mean=155.68 (+/-5.242933).
=====================================================
=====================================================
Completed 60 games.

Agent 1 (EntropySHUCTAnytime)
Winning score (between 0 and 1) : N=60, mean=0.466667 (+/-0.127299).
P1: N=30, mean=0.5 (+/-0.181978).
P2: N=30, mean=0.433333 (+/-0.180353).
Game Durations: N=60, mean=157.4 (+/-3.674495).
P1: N=30, mean=154.6 (+/-4.755251).
P2: N=30, mean=160.2 (+/-5.499943).

Agent 2 (Example UCT)
Winning score (between 0 and 1) : N=60, mean=0.533333 (+/-0.127299).
P1: N=30, mean=0.566667 (+/-0.180353).
P2: N=30, mean=0.5 (+/-0.181978).
Game Durations: N=60, mean=157.4 (+/-3.674495).
P1: N=30, mean=160.2 (+/-5.499943).
P2: N=30, mean=154.6 (+/-4.755251).
=====================================================
=====================================================
Completed 70 games.

Agent 1 (EntropySHUCTAnytime)
Winning score (between 0 and 1) : N=70, mean=0.442857 (+/-0.117203).
P1: N=35, mean=0.514286 (+/-0.167997).
P2: N=35, mean=0.371429 (+/-0.162414).
Game Durations: N=70, mean=157.771429 (+/-3.256319).
P1: N=35, mean=155.657143 (+/-4.253225).
P2: N=35, mean=159.885714 (+/-4.892662).

Agent 2 (Example UCT)
Winning score (between 0 and 1) : N=70, mean=0.557143 (+/-0.117203).
P1: N=35, mean=0.628571 (+/-0.162414).
P2: N=35, mean=0.485714 (+/-0.167997).
Game Durations: N=70, mean=157.771429 (+/-3.256319).
P1: N=35, mean=159.885714 (+/-4.892662).
P2: N=35, mean=155.657143 (+/-4.253225).
=====================================================
=====================================================
Completed 80 games.

Agent 1 (EntropySHUCTAnytime)
Winning score (between 0 and 1) : N=80, mean=0.4375 (+/-0.109392).
P1: N=40, mean=0.5 (+/-0.156922).
P2: N=40, mean=0.375 (+/-0.151939).
Game Durations: N=80, mean=158.675 (+/-3.016227).
P1: N=40, mean=157.2 (+/-3.96191).
P2: N=40, mean=160.15 (+/-4.553211).

Agent 2 (Example UCT)
Winning score (between 0 and 1) : N=80, mean=0.5625 (+/-0.109392).
P1: N=40, mean=0.625 (+/-0.151939).
P2: N=40, mean=0.5 (+/-0.156922).
Game Durations: N=80, mean=158.675 (+/-3.016227).
P1: N=40, mean=160.15 (+/-4.553211).
P2: N=40, mean=157.2 (+/-3.96191).
=====================================================
=====================================================
Completed 90 games.

Agent 1 (EntropySHUCTAnytime)
Winning score (between 0 and 1) : N=90, mean=0.444444 (+/-0.103234).
P1: N=45, mean=0.511111 (+/-0.147701).
P2: N=45, mean=0.377778 (+/-0.143256).
Game Durations: N=90, mean=158.777778 (+/-2.73431).
P1: N=45, mean=157.2 (+/-3.600865).
P2: N=45, mean=160.355556 (+/-4.104236).

Agent 2 (Example UCT)
Winning score (between 0 and 1) : N=90, mean=0.555556 (+/-0.103234).
P1: N=45, mean=0.622222 (+/-0.143256).
P2: N=45, mean=0.488889 (+/-0.147701).
Game Durations: N=90, mean=158.777778 (+/-2.73431).
P1: N=45, mean=160.355556 (+/-4.104236).
P2: N=45, mean=157.2 (+/-3.600865).
=====================================================
=====================================================
Completed 100 games.

Agent 1 (EntropySHUCTAnytime)
Winning score (between 0 and 1) : N=100, mean=0.44 (+/-0.09778).
P1: N=50, mean=0.52 (+/-0.139885).
P2: N=50, mean=0.36 (+/-0.134397).
Game Durations: N=100, mean=158.56 (+/-2.592457).
P1: N=50, mean=157.52 (+/-3.514231).
P2: N=50, mean=159.6 (+/-3.825997).

Agent 2 (Example UCT)
Winning score (between 0 and 1) : N=100, mean=0.56 (+/-0.09778).
P1: N=50, mean=0.64 (+/-0.134397).
P2: N=50, mean=0.48 (+/-0.139885).
Game Durations: N=100, mean=158.56 (+/-2.592457).
P1: N=50, mean=159.6 (+/-3.825997).
P2: N=50, mean=157.52 (+/-3.514231).
=====================================================
