Warming up...
Finished warming up!
=====================================================
Completed 1 games.

Agent 1 (EntropySHUCTAnytime)
Winning score (between 0 and 1) : N=1, mean=1 (+/-0).
P1: N=0, mean=0 (+/-0).
P2: N=1, mean=1 (+/-0).
Game Durations: N=1, mean=176 (+/-0).
P1: N=0, mean=0 (+/-0).
P2: N=1, mean=176 (+/-0).

Agent 2 (Example UCT)
Winning score (between 0 and 1) : N=1, mean=0 (+/-0).
P1: N=1, mean=0 (+/-0).
P2: N=0, mean=0 (+/-0).
Game Durations: N=1, mean=176 (+/-0).
P1: N=1, mean=176 (+/-0).
P2: N=0, mean=0 (+/-0).
=====================================================
=====================================================
Completed 2 games.

Agent 1 (EntropySHUCTAnytime)
Winning score (between 0 and 1) : N=2, mean=0.5 (+/-0.97998).
P1: N=1, mean=0 (+/-0).
P2: N=1, mean=1 (+/-0).
Game Durations: N=2, mean=172 (+/-7.83984).
P1: N=1, mean=168 (+/-0).
P2: N=1, mean=176 (+/-0).

Agent 2 (Example UCT)
Winning score (between 0 and 1) : N=2, mean=0.5 (+/-0.97998).
P1: N=1, mean=0 (+/-0).
P2: N=1, mean=1 (+/-0).
Game Durations: N=2, mean=172 (+/-7.83984).
P1: N=1, mean=176 (+/-0).
P2: N=1, mean=168 (+/-0).
=====================================================
=====================================================
Completed 3 games.

Agent 1 (EntropySHUCTAnytime)
Winning score (between 0 and 1) : N=3, mean=0.666667 (+/-0.65332).
P1: N=1, mean=0 (+/-0).
P2: N=2, mean=1 (+/-0).
Game Durations: N=3, mean=173.333333 (+/-5.22656).
P1: N=1, mean=168 (+/-0).
P2: N=2, mean=176 (+/-0).

Agent 2 (Example UCT)
Winning score (between 0 and 1) : N=3, mean=0.333333 (+/-0.65332).
P1: N=2, mean=0 (+/-0).
P2: N=1, mean=1 (+/-0).
Game Durations: N=3, mean=173.333333 (+/-5.22656).
P1: N=2, mean=176 (+/-0).
P2: N=1, mean=168 (+/-0).
=====================================================
=====================================================
Completed 4 games.

Agent 1 (EntropySHUCTAnytime)
Winning score (between 0 and 1) : N=4, mean=0.5 (+/-0.565792).
P1: N=2, mean=0 (+/-0).
P2: N=2, mean=1 (+/-0).
Game Durations: N=4, mean=174 (+/-3.91992).
P1: N=2, mean=172 (+/-7.83984).
P2: N=2, mean=176 (+/-0).

Agent 2 (Example UCT)
Winning score (between 0 and 1) : N=4, mean=0.5 (+/-0.565792).
P1: N=2, mean=0 (+/-0).
P2: N=2, mean=1 (+/-0).
Game Durations: N=4, mean=174 (+/-3.91992).
P1: N=2, mean=176 (+/-0).
P2: N=2, mean=172 (+/-7.83984).
=====================================================
=====================================================
Completed 5 games.

Agent 1 (EntropySHUCTAnytime)
Winning score (between 0 and 1) : N=5, mean=0.6 (+/-0.48009).
P1: N=2, mean=0 (+/-0).
P2: N=3, mean=1 (+/-0).
Game Durations: N=5, mean=167.2 (+/-13.669228).
P1: N=2, mean=172 (+/-7.83984).
P2: N=3, mean=164 (+/-23.51952).

Agent 2 (Example UCT)
Winning score (between 0 and 1) : N=5, mean=0.4 (+/-0.48009).
P1: N=3, mean=0 (+/-0).
P2: N=2, mean=1 (+/-0).
Game Durations: N=5, mean=167.2 (+/-13.669228).
P1: N=3, mean=164 (+/-23.51952).
P2: N=2, mean=172 (+/-7.83984).
=====================================================
=====================================================
Completed 10 games.

Agent 1 (EntropySHUCTAnytime)
Winning score (between 0 and 1) : N=10, mean=0.6 (+/-0.32006).
P1: N=5, mean=0.2 (+/-0.391992).
P2: N=5, mean=1 (+/-0).
Game Durations: N=10, mean=155 (+/-11.319606).
P1: N=5, mean=154.8 (+/-16.143219).
P2: N=5, mean=155.2 (+/-17.774147).

Agent 2 (Example UCT)
Winning score (between 0 and 1) : N=10, mean=0.4 (+/-0.32006).
P1: N=5, mean=0 (+/-0).
P2: N=5, mean=0.8 (+/-0.391992).
Game Durations: N=10, mean=155 (+/-11.319606).
P1: N=5, mean=155.2 (+/-17.774147).
P2: N=5, mean=154.8 (+/-16.143219).
=====================================================
=====================================================
Completed 20 games.

Agent 1 (EntropySHUCTAnytime)
Winning score (between 0 and 1) : N=20, mean=0.7 (+/-0.206054).
P1: N=10, mean=0.5 (+/-0.32666).
P2: N=10, mean=0.9 (+/-0.195996).
Game Durations: N=20, mean=157.2 (+/-6.797833).
P1: N=10, mean=155.4 (+/-8.824416).
P2: N=10, mean=159 (+/-10.699299).

Agent 2 (Example UCT)
Winning score (between 0 and 1) : N=20, mean=0.3 (+/-0.206054).
P1: N=10, mean=0.1 (+/-0.195996).
P2: N=10, mean=0.5 (+/-0.32666).
Game Durations: N=20, mean=157.2 (+/-6.797833).
P1: N=10, mean=159 (+/-10.699299).
P2: N=10, mean=155.4 (+/-8.824416).
=====================================================
=====================================================
Completed 30 games.

Agent 1 (EntropySHUCTAnytime)
Winning score (between 0 and 1) : N=30, mean=0.666667 (+/-0.17157).
P1: N=15, mean=0.6 (+/-0.256619).
P2: N=15, mean=0.733333 (+/-0.231643).
Game Durations: N=30, mean=160.333333 (+/-5.181592).
P1: N=15, mean=160.933333 (+/-7.165617).
P2: N=15, mean=159.733333 (+/-7.725768).

Agent 2 (Example UCT)
Winning score (between 0 and 1) : N=30, mean=0.333333 (+/-0.17157).
P1: N=15, mean=0.266667 (+/-0.231643).
P2: N=15, mean=0.4 (+/-0.256619).
Game Durations: N=30, mean=160.333333 (+/-5.181592).
P1: N=15, mean=159.733333 (+/-7.725768).
P2: N=15, mean=160.933333 (+/-7.165617).
=====================================================
=====================================================
Completed 40 games.

Agent 1 (EntropySHUCTAnytime)
Winning score (between 0 and 1) : N=40, mean=0.6 (+/-0.153752).
P1: N=20, mean=0.55 (+/-0.223696).
P2: N=20, mean=0.65 (+/-0.214467).
Game Durations: N=40, mean=158.9 (+/-4.395956).
P1: N=20, mean=157.9 (+/-6.6964).
P2: N=20, mean=159.9 (+/-5.838299).

Agent 2 (Example UCT)
Winning score (between 0 and 1) : N=40, mean=0.4 (+/-0.153752).
P1: N=20, mean=0.35 (+/-0.214467).
P2: N=20, mean=0.45 (+/-0.223696).
Game Durations: N=40, mean=158.9 (+/-4.395956).
P1: N=20, mean=159.9 (+/-5.838299).
P2: N=20, mean=157.9 (+/-6.6964).
=====================================================
=====================================================
Completed 50 games.

Agent 1 (EntropySHUCTAnytime)
Winning score (between 0 and 1) : N=50, mean=0.64 (+/-0.134397).
P1: N=25, mean=0.6 (+/-0.195996).
P2: N=25, mean=0.68 (+/-0.186626).
Game Durations: N=50, mean=158.52 (+/-4.016036).
P1: N=25, mean=157.04 (+/-5.497772).
P2: N=25, mean=160 (+/-5.91029).

Agent 2 (Example UCT)
Winning score (between 0 and 1) : N=50, mean=0.36 (+/-0.134397).
P1: N=25, mean=0.32 (+/-0.186626).
P2: N=25, mean=0.4 (+/-0.195996).
Game Durations: N=50, mean=158.52 (+/-4.016036).
P1: N=25, mean=160 (+/-5.91029).
P2: N=25, mean=157.04 (+/-5.497772).
=====================================================
=====================================================
Completed 60 games.

Agent 1 (EntropySHUCTAnytime)
Winning score (between 0 and 1) : N=60, mean=0.633333 (+/-0.122963).
P1: N=30, mean=0.566667 (+/-0.180353).
P2: N=30, mean=0.7 (+/-0.166785).
Game Durations: N=60, mean=158.266667 (+/-3.720474).
P1: N=30, mean=156.333333 (+/-5.036397).
P2: N=30, mean=160.2 (+/-5.474193).

Agent 2 (Example UCT)
Winning score (between 0 and 1) : N=60, mean=0.366667 (+/-0.122963).
P1: N=30, mean=0.3 (+/-0.166785).
P2: N=30, mean=0.433333 (+/-0.180353).
Game Durations: N=60, mean=158.266667 (+/-3.720474).
P1: N=30, mean=160.2 (+/-5.474193).
P2: N=30, mean=156.333333 (+/-5.036397).
=====================================================
=====================================================
Completed 70 games.

Agent 1 (EntropySHUCTAnytime)
Winning score (between 0 and 1) : N=70, mean=0.628571 (+/-0.114009).
P1: N=35, mean=0.542857 (+/-0.167447).
P2: N=35, mean=0.714286 (+/-0.151848).
Game Durations: N=70, mean=157.914286 (+/-3.499213).
P1: N=35, mean=156.628571 (+/-4.798942).
P2: N=35, mean=159.2 (+/-5.127849).

Agent 2 (Example UCT)
Winning score (between 0 and 1) : N=70, mean=0.371429 (+/-0.114009).
P1: N=35, mean=0.285714 (+/-0.151848).
P2: N=35, mean=0.457143 (+/-0.167447).
Game Durations: N=70, mean=157.914286 (+/-3.499213).
P1: N=35, mean=159.2 (+/-5.127849).
P2: N=35, mean=156.628571 (+/-4.798942).
=====================================================
=====================================================
Completed 80 games.

Agent 1 (EntropySHUCTAnytime)
Winning score (between 0 and 1) : N=80, mean=0.625 (+/-0.106755).
P1: N=40, mean=0.525 (+/-0.156726).
P2: N=40, mean=0.725 (+/-0.140136).
Game Durations: N=80, mean=157.5 (+/-3.238986).
P1: N=40, mean=156.65 (+/-4.285763).
P2: N=40, mean=158.35 (+/-4.898166).

Agent 2 (Example UCT)
Winning score (between 0 and 1) : N=80, mean=0.375 (+/-0.106755).
P1: N=40, mean=0.275 (+/-0.140136).
P2: N=40, mean=0.475 (+/-0.156726).
Game Durations: N=80, mean=157.5 (+/-3.238986).
P1: N=40, mean=158.35 (+/-4.898166).
P2: N=40, mean=156.65 (+/-4.285763).
=====================================================
=====================================================
Completed 90 games.

Agent 1 (EntropySHUCTAnytime)
Winning score (between 0 and 1) : N=90, mean=0.611111 (+/-0.10128).
P1: N=45, mean=0.511111 (+/-0.147701).
P2: N=45, mean=0.711111 (+/-0.133923).
Game Durations: N=90, mean=157.333333 (+/-3.031931).
P1: N=45, mean=156.311111 (+/-4.159953).
P2: N=45, mean=158.355556 (+/-4.438537).

Agent 2 (Example UCT)
Winning score (between 0 and 1) : N=90, mean=0.388889 (+/-0.10128).
P1: N=45, mean=0.288889 (+/-0.133923).
P2: N=45, mean=0.488889 (+/-0.147701).
Game Durations: N=90, mean=157.333333 (+/-3.031931).
P1: N=45, mean=158.355556 (+/-4.438537).
P2: N=45, mean=156.311111 (+/-4.159953).
=====================================================
=====================================================
Completed 100 games.

Agent 1 (EntropySHUCTAnytime)
Winning score (between 0 and 1) : N=100, mean=0.61 (+/-0.096079).
P1: N=50, mean=0.52 (+/-0.139885).
P2: N=50, mean=0.7 (+/-0.12831).
Game Durations: N=100, mean=157.18 (+/-2.856786).
P1: N=50, mean=155.52 (+/-3.999996).
P2: N=50, mean=158.84 (+/-4.067676).

Agent 2 (Example UCT)
Winning score (between 0 and 1) : N=100, mean=0.39 (+/-0.096079).
P1: N=50, mean=0.3 (+/-0.12831).
P2: N=50, mean=0.48 (+/-0.139885).
Game Durations: N=100, mean=157.18 (+/-2.856786).
P1: N=50, mean=158.84 (+/-4.067676).
P2: N=50, mean=155.52 (+/-3.999996).
=====================================================
