Warming up...
Finished warming up!
=====================================================
Completed 1 games.

Agent 1 (EntropySHUCTAnytime)
Winning score (between 0 and 1) : N=1, mean=0 (+/-0).
P1: N=1, mean=0 (+/-0).
P2: N=0, mean=0 (+/-0).
Game Durations: N=1, mean=156 (+/-0).
P1: N=1, mean=156 (+/-0).
P2: N=0, mean=0 (+/-0).

Agent 2 (Example UCT)
Winning score (between 0 and 1) : N=1, mean=1 (+/-0).
P1: N=0, mean=0 (+/-0).
P2: N=1, mean=1 (+/-0).
Game Durations: N=1, mean=156 (+/-0).
P1: N=0, mean=0 (+/-0).
P2: N=1, mean=156 (+/-0).
=====================================================
=====================================================
Completed 2 games.

Agent 1 (EntropySHUCTAnytime)
Winning score (between 0 and 1) : N=2, mean=0 (+/-0).
P1: N=1, mean=0 (+/-0).
P2: N=1, mean=0 (+/-0).
Game Durations: N=2, mean=143 (+/-25.47948).
P1: N=1, mean=156 (+/-0).
P2: N=1, mean=130 (+/-0).

Agent 2 (Example UCT)
Winning score (between 0 and 1) : N=2, mean=1 (+/-0).
P1: N=1, mean=1 (+/-0).
P2: N=1, mean=1 (+/-0).
Game Durations: N=2, mean=143 (+/-25.47948).
P1: N=1, mean=130 (+/-0).
P2: N=1, mean=156 (+/-0).
=====================================================
=====================================================
Completed 3 games.

Agent 1 (EntropySHUCTAnytime)
Winning score (between 0 and 1) : N=3, mean=0 (+/-0).
P1: N=2, mean=0 (+/-0).
P2: N=1, mean=0 (+/-0).
Game Durations: N=3, mean=143.333333 (+/-14.725085).
P1: N=2, mean=150 (+/-11.75976).
P2: N=1, mean=130 (+/-0).

Agent 2 (Example UCT)
Winning score (between 0 and 1) : N=3, mean=1 (+/-0).
P1: N=1, mean=1 (+/-0).
P2: N=2, mean=1 (+/-0).
Game Durations: N=3, mean=143.333333 (+/-14.725085).
P1: N=1, mean=130 (+/-0).
P2: N=2, mean=150 (+/-11.75976).
=====================================================
=====================================================
Completed 4 games.

Agent 1 (EntropySHUCTAnytime)
Winning score (between 0 and 1) : N=4, mean=0 (+/-0).
P1: N=2, mean=0 (+/-0).
P2: N=2, mean=0 (+/-0).
Game Durations: N=4, mean=145 (+/-10.912595).
P1: N=2, mean=150 (+/-11.75976).
P2: N=2, mean=140 (+/-19.5996).

Agent 2 (Example UCT)
Winning score (between 0 and 1) : N=4, mean=1 (+/-0).
P1: N=2, mean=1 (+/-0).
P2: N=2, mean=1 (+/-0).
Game Durations: N=4, mean=145 (+/-10.912595).
P1: N=2, mean=140 (+/-19.5996).
P2: N=2, mean=150 (+/-11.75976).
=====================================================
=====================================================
Completed 5 games.

Agent 1 (EntropySHUCTAnytime)
Winning score (between 0 and 1) : N=5, mean=0 (+/-0).
P1: N=3, mean=0 (+/-0).
P2: N=2, mean=0 (+/-0).
Game Durations: N=5, mean=146.4 (+/-8.887073).
P1: N=3, mean=150.666667 (+/-6.914089).
P2: N=2, mean=140 (+/-19.5996).

Agent 2 (Example UCT)
Winning score (between 0 and 1) : N=5, mean=1 (+/-0).
P1: N=2, mean=1 (+/-0).
P2: N=3, mean=1 (+/-0).
Game Durations: N=5, mean=146.4 (+/-8.887073).
P1: N=2, mean=140 (+/-19.5996).
P2: N=3, mean=150.666667 (+/-6.914089).
=====================================================
=====================================================
Completed 10 games.

Agent 1 (EntropySHUCTAnytime)
Winning score (between 0 and 1) : N=10, mean=0.2 (+/-0.261328).
P1: N=5, mean=0.2 (+/-0.391992).
P2: N=5, mean=0.2 (+/-0.391992).
Game Durations: N=10, mean=151.8 (+/-5.914621).
P1: N=5, mean=154 (+/-6.320681).
P2: N=5, mean=149.6 (+/-10.400723).

Agent 2 (Example UCT)
Winning score (between 0 and 1) : N=10, mean=0.8 (+/-0.261328).
P1: N=5, mean=0.8 (+/-0.391992).
P2: N=5, mean=0.8 (+/-0.391992).
Game Durations: N=10, mean=151.8 (+/-5.914621).
P1: N=5, mean=149.6 (+/-10.400723).
P2: N=5, mean=154 (+/-6.320681).
=====================================================
=====================================================
Completed 20 games.

Agent 1 (EntropySHUCTAnytime)
Winning score (between 0 and 1) : N=20, mean=0.4 (+/-0.22028).
P1: N=10, mean=0.4 (+/-0.32006).
P2: N=10, mean=0.4 (+/-0.32006).
Game Durations: N=20, mean=155.6 (+/-5.518748).
P1: N=10, mean=157.2 (+/-7.113692).
P2: N=10, mean=154 (+/-8.706577).

Agent 2 (Example UCT)
Winning score (between 0 and 1) : N=20, mean=0.6 (+/-0.22028).
P1: N=10, mean=0.6 (+/-0.32006).
P2: N=10, mean=0.6 (+/-0.32006).
Game Durations: N=20, mean=155.6 (+/-5.518748).
P1: N=10, mean=154 (+/-8.706577).
P2: N=10, mean=157.2 (+/-7.113692).
=====================================================
=====================================================
Completed 30 games.

Agent 1 (EntropySHUCTAnytime)
Winning score (between 0 and 1) : N=30, mean=0.366667 (+/-0.175388).
P1: N=15, mean=0.333333 (+/-0.246932).
P2: N=15, mean=0.4 (+/-0.256619).
Game Durations: N=30, mean=156.533333 (+/-5.342202).
P1: N=15, mean=155.6 (+/-6.628082).
P2: N=15, mean=157.466667 (+/-8.592089).

Agent 2 (Example UCT)
Winning score (between 0 and 1) : N=30, mean=0.633333 (+/-0.175388).
P1: N=15, mean=0.6 (+/-0.256619).
P2: N=15, mean=0.666667 (+/-0.246932).
Game Durations: N=30, mean=156.533333 (+/-5.342202).
P1: N=15, mean=157.466667 (+/-8.592089).
P2: N=15, mean=155.6 (+/-6.628082).
=====================================================
=====================================================
Completed 40 games.

Agent 1 (EntropySHUCTAnytime)
Winning score (between 0 and 1) : N=40, mean=0.325 (+/-0.146997).
P1: N=20, mean=0.3 (+/-0.206054).
P2: N=20, mean=0.35 (+/-0.214467).
Game Durations: N=40, mean=157.45 (+/-4.493546).
P1: N=20, mean=157 (+/-5.232145).
P2: N=20, mean=157.9 (+/-7.44554).

Agent 2 (Example UCT)
Winning score (between 0 and 1) : N=40, mean=0.675 (+/-0.146997).
P1: N=20, mean=0.65 (+/-0.214467).
P2: N=20, mean=0.7 (+/-0.206054).
Game Durations: N=40, mean=157.45 (+/-4.493546).
P1: N=20, mean=157.9 (+/-7.44554).
P2: N=20, mean=157 (+/-5.232145).
=====================================================
=====================================================
Completed 50 games.

Agent 1 (EntropySHUCTAnytime)
Winning score (between 0 and 1) : N=50, mean=0.3 (+/-0.12831).
P1: N=25, mean=0.24 (+/-0.170865).
P2: N=25, mean=0.36 (+/-0.192036).
Game Durations: N=50, mean=157.12 (+/-4.26351).
P1: N=25, mean=156.16 (+/-5.657555).
P2: N=25, mean=158.08 (+/-6.474714).

Agent 2 (Example UCT)
Winning score (between 0 and 1) : N=50, mean=0.7 (+/-0.12831).
P1: N=25, mean=0.64 (+/-0.192036).
P2: N=25, mean=0.76 (+/-0.170865).
Game Durations: N=50, mean=157.12 (+/-4.26351).
P1: N=25, mean=158.08 (+/-6.474714).
P2: N=25, mean=156.16 (+/-5.657555).
=====================================================
=====================================================
Completed 60 games.

Agent 1 (EntropySHUCTAnytime)
Winning score (between 0 and 1) : N=60, mean=0.35 (+/-0.121706).
P1: N=30, mean=0.3 (+/-0.166785).
P2: N=30, mean=0.4 (+/-0.178301).
Game Durations: N=60, mean=157.1 (+/-3.743687).
P1: N=30, mean=156.466667 (+/-4.950091).
P2: N=30, mean=157.733333 (+/-5.693651).

Agent 2 (Example UCT)
Winning score (between 0 and 1) : N=60, mean=0.65 (+/-0.121706).
P1: N=30, mean=0.6 (+/-0.178301).
P2: N=30, mean=0.7 (+/-0.166785).
Game Durations: N=60, mean=157.1 (+/-3.743687).
P1: N=30, mean=157.733333 (+/-5.693651).
P2: N=30, mean=156.466667 (+/-4.950091).
=====================================================
=====================================================
Completed 70 games.

Agent 1 (EntropySHUCTAnytime)
Winning score (between 0 and 1) : N=70, mean=0.371429 (+/-0.114009).
P1: N=35, mean=0.342857 (+/-0.159549).
P2: N=35, mean=0.4 (+/-0.16467).
Game Durations: N=70, mean=157.971429 (+/-3.589027).
P1: N=35, mean=156.8 (+/-4.951053).
P2: N=35, mean=159.142857 (+/-5.24015).

Agent 2 (Example UCT)
Winning score (between 0 and 1) : N=70, mean=0.628571 (+/-0.114009).
P1: N=35, mean=0.6 (+/-0.16467).
P2: N=35, mean=0.657143 (+/-0.159549).
Game Durations: N=70, mean=157.971429 (+/-3.589027).
P1: N=35, mean=159.142857 (+/-5.24015).
P2: N=35, mean=156.8 (+/-4.951053).
=====================================================
=====================================================
Completed 80 games.

Agent 1 (EntropySHUCTAnytime)
Winning score (between 0 and 1) : N=80, mean=0.35 (+/-0.105178).
P1: N=40, mean=0.325 (+/-0.146997).
P2: N=40, mean=0.375 (+/-0.151939).
Game Durations: N=80, mean=157.2 (+/-3.485636).
P1: N=40, mean=156.65 (+/-4.870943).
P2: N=40, mean=157.75 (+/-5.043413).

Agent 2 (Example UCT)
Winning score (between 0 and 1) : N=80, mean=0.65 (+/-0.105178).
P1: N=40, mean=0.625 (+/-0.151939).
P2: N=40, mean=0.675 (+/-0.146997).
Game Durations: N=80, mean=157.2 (+/-3.485636).
P1: N=40, mean=157.75 (+/-5.043413).
P2: N=40, mean=156.65 (+/-4.870943).
=====================================================
=====================================================
Completed 90 games.

Agent 1 (EntropySHUCTAnytime)
Winning score (between 0 and 1) : N=90, mean=0.322222 (+/-0.09709).
P1: N=45, mean=0.311111 (+/-0.13679).
P2: N=45, mean=0.333333 (+/-0.139288).
Game Durations: N=90, mean=157.555556 (+/-3.215418).
P1: N=45, mean=156.711111 (+/-4.536875).
P2: N=45, mean=158.4 (+/-4.595416).

Agent 2 (Example UCT)
Winning score (between 0 and 1) : N=90, mean=0.677778 (+/-0.09709).
P1: N=45, mean=0.666667 (+/-0.139288).
P2: N=45, mean=0.688889 (+/-0.13679).
Game Durations: N=90, mean=157.555556 (+/-3.215418).
P1: N=45, mean=158.4 (+/-4.595416).
P2: N=45, mean=156.711111 (+/-4.536875).
=====================================================
=====================================================
Completed 100 games.

Agent 1 (EntropySHUCTAnytime)
Winning score (between 0 and 1) : N=100, mean=0.3 (+/-0.090269).
P1: N=50, mean=0.3 (+/-0.12831).
P2: N=50, mean=0.3 (+/-0.12831).
Game Durations: N=100, mean=158.36 (+/-2.978233).
P1: N=50, mean=157.56 (+/-4.25634).
P2: N=50, mean=159.16 (+/-4.198182).

Agent 2 (Example UCT)
Winning score (between 0 and 1) : N=100, mean=0.7 (+/-0.090269).
P1: N=50, mean=0.7 (+/-0.12831).
P2: N=50, mean=0.7 (+/-0.12831).
Game Durations: N=100, mean=158.36 (+/-2.978233).
P1: N=50, mean=159.16 (+/-4.198182).
P2: N=50, mean=157.56 (+/-4.25634).
=====================================================
