Warming up...
Finished warming up!
=====================================================
Completed 1 games.

Agent 1 (RegressionTreeSHUCTAny)
Winning score (between 0 and 1) : N=1, mean=1 (+/-0).
P1: N=0, mean=0 (+/-0).
P2: N=1, mean=1 (+/-0).
Game Durations: N=1, mean=160 (+/-0).
P1: N=0, mean=0 (+/-0).
P2: N=1, mean=160 (+/-0).

Agent 2 (SHUCTAnyTime)
Winning score (between 0 and 1) : N=1, mean=0 (+/-0).
P1: N=1, mean=0 (+/-0).
P2: N=0, mean=0 (+/-0).
Game Durations: N=1, mean=160 (+/-0).
P1: N=1, mean=160 (+/-0).
P2: N=0, mean=0 (+/-0).
=====================================================
=====================================================
Completed 2 games.

Agent 1 (RegressionTreeSHUCTAny)
Winning score (between 0 and 1) : N=2, mean=1 (+/-0).
P1: N=1, mean=1 (+/-0).
P2: N=1, mean=1 (+/-0).
Game Durations: N=2, mean=149 (+/-21.55956).
P1: N=1, mean=138 (+/-0).
P2: N=1, mean=160 (+/-0).

Agent 2 (SHUCTAnyTime)
Winning score (between 0 and 1) : N=2, mean=0 (+/-0).
P1: N=1, mean=0 (+/-0).
P2: N=1, mean=0 (+/-0).
Game Durations: N=2, mean=149 (+/-21.55956).
P1: N=1, mean=160 (+/-0).
P2: N=1, mean=138 (+/-0).
=====================================================
=====================================================
Completed 3 games.

Agent 1 (RegressionTreeSHUCTAny)
Winning score (between 0 and 1) : N=3, mean=0.666667 (+/-0.65332).
P1: N=1, mean=1 (+/-0).
P2: N=2, mean=0.5 (+/-0.97998).
Game Durations: N=3, mean=156 (+/-18.524819).
P1: N=1, mean=138 (+/-0).
P2: N=2, mean=165 (+/-9.7998).

Agent 2 (SHUCTAnyTime)
Winning score (between 0 and 1) : N=3, mean=0.333333 (+/-0.65332).
P1: N=2, mean=0.5 (+/-0.97998).
P2: N=1, mean=0 (+/-0).
Game Durations: N=3, mean=156 (+/-18.524819).
P1: N=2, mean=165 (+/-9.7998).
P2: N=1, mean=138 (+/-0).
=====================================================
=====================================================
Completed 4 games.

Agent 1 (RegressionTreeSHUCTAny)
Winning score (between 0 and 1) : N=4, mean=0.75 (+/-0.48999).
P1: N=2, mean=1 (+/-0).
P2: N=2, mean=0.5 (+/-0.97998).
Game Durations: N=4, mean=158.5 (+/-13.985474).
P1: N=2, mean=152 (+/-27.43944).
P2: N=2, mean=165 (+/-9.7998).

Agent 2 (SHUCTAnyTime)
Winning score (between 0 and 1) : N=4, mean=0.25 (+/-0.48999).
P1: N=2, mean=0.5 (+/-0.97998).
P2: N=2, mean=0 (+/-0).
Game Durations: N=4, mean=158.5 (+/-13.985474).
P1: N=2, mean=165 (+/-9.7998).
P2: N=2, mean=152 (+/-27.43944).
=====================================================
=====================================================
Completed 5 games.

Agent 1 (RegressionTreeSHUCTAny)
Winning score (between 0 and 1) : N=5, mean=0.6 (+/-0.48009).
P1: N=2, mean=1 (+/-0).
P2: N=3, mean=0.333333 (+/-0.65332).
Game Durations: N=5, mean=156.8 (+/-11.333925).
P1: N=2, mean=152 (+/-27.43944).
P2: N=3, mean=160 (+/-11.315834).

Agent 2 (SHUCTAnyTime)
Winning score (between 0 and 1) : N=5, mean=0.4 (+/-0.48009).
P1: N=3, mean=0.666667 (+/-0.65332).
P2: N=2, mean=0 (+/-0).
Game Durations: N=5, mean=156.8 (+/-11.333925).
P1: N=3, mean=160 (+/-11.315834).
P2: N=2, mean=152 (+/-27.43944).
=====================================================
=====================================================
Completed 10 games.

Agent 1 (RegressionTreeSHUCTAny)
Winning score (between 0 and 1) : N=10, mean=0.7 (+/-0.299389).
P1: N=5, mean=0.8 (+/-0.391992).
P2: N=5, mean=0.6 (+/-0.48009).
Game Durations: N=10, mean=158.8 (+/-8.730076).
P1: N=5, mean=160.8 (+/-11.333925).
P2: N=5, mean=156.8 (+/-14.381353).

Agent 2 (SHUCTAnyTime)
Winning score (between 0 and 1) : N=10, mean=0.3 (+/-0.299389).
P1: N=5, mean=0.4 (+/-0.48009).
P2: N=5, mean=0.2 (+/-0.391992).
Game Durations: N=10, mean=158.8 (+/-8.730076).
P1: N=5, mean=156.8 (+/-14.381353).
P2: N=5, mean=160.8 (+/-11.333925).
=====================================================
=====================================================
Completed 20 games.

Agent 1 (RegressionTreeSHUCTAny)
Winning score (between 0 and 1) : N=20, mean=0.65 (+/-0.214467).
P1: N=10, mean=0.7 (+/-0.299389).
P2: N=10, mean=0.6 (+/-0.32006).
Game Durations: N=20, mean=158.5 (+/-7.045963).
P1: N=10, mean=158.2 (+/-8.043003).
P2: N=10, mean=158.8 (+/-12.035282).

Agent 2 (SHUCTAnyTime)
Winning score (between 0 and 1) : N=20, mean=0.35 (+/-0.214467).
P1: N=10, mean=0.4 (+/-0.32006).
P2: N=10, mean=0.3 (+/-0.299389).
Game Durations: N=20, mean=158.5 (+/-7.045963).
P1: N=10, mean=158.8 (+/-12.035282).
P2: N=10, mean=158.2 (+/-8.043003).
=====================================================
=====================================================
Completed 30 games.

Agent 1 (RegressionTreeSHUCTAny)
Winning score (between 0 and 1) : N=30, mean=0.533333 (+/-0.181573).
P1: N=15, mean=0.6 (+/-0.256619).
P2: N=15, mean=0.466667 (+/-0.261328).
Game Durations: N=30, mean=157.4 (+/-5.710429).
P1: N=15, mean=156.133333 (+/-6.291286).
P2: N=15, mean=158.666667 (+/-9.727983).

Agent 2 (SHUCTAnyTime)
Winning score (between 0 and 1) : N=30, mean=0.466667 (+/-0.181573).
P1: N=15, mean=0.533333 (+/-0.261328).
P2: N=15, mean=0.4 (+/-0.256619).
Game Durations: N=30, mean=157.4 (+/-5.710429).
P1: N=15, mean=158.666667 (+/-9.727983).
P2: N=15, mean=156.133333 (+/-6.291286).
=====================================================
=====================================================
Completed 40 games.

Agent 1 (RegressionTreeSHUCTAny)
Winning score (between 0 and 1) : N=40, mean=0.55 (+/-0.156136).
P1: N=20, mean=0.55 (+/-0.223696).
P2: N=20, mean=0.55 (+/-0.223696).
Game Durations: N=40, mean=157.3 (+/-4.804081).
P1: N=20, mean=156.1 (+/-5.879708).
P2: N=20, mean=158.5 (+/-7.719645).

Agent 2 (SHUCTAnyTime)
Winning score (between 0 and 1) : N=40, mean=0.45 (+/-0.156136).
P1: N=20, mean=0.45 (+/-0.223696).
P2: N=20, mean=0.45 (+/-0.223696).
Game Durations: N=40, mean=157.3 (+/-4.804081).
P1: N=20, mean=158.5 (+/-7.719645).
P2: N=20, mean=156.1 (+/-5.879708).
=====================================================
=====================================================
Completed 50 games.

Agent 1 (RegressionTreeSHUCTAny)
Winning score (between 0 and 1) : N=50, mean=0.56 (+/-0.138986).
P1: N=25, mean=0.56 (+/-0.198592).
P2: N=25, mean=0.56 (+/-0.198592).
Game Durations: N=50, mean=156.36 (+/-4.213987).
P1: N=25, mean=156.16 (+/-5.5108).
P2: N=25, mean=156.56 (+/-6.490674).

Agent 2 (SHUCTAnyTime)
Winning score (between 0 and 1) : N=50, mean=0.44 (+/-0.138986).
P1: N=25, mean=0.44 (+/-0.198592).
P2: N=25, mean=0.44 (+/-0.198592).
Game Durations: N=50, mean=156.36 (+/-4.213987).
P1: N=25, mean=156.56 (+/-6.490674).
P2: N=25, mean=156.16 (+/-5.5108).
=====================================================
=====================================================
Completed 60 games.

Agent 1 (RegressionTreeSHUCTAny)
Winning score (between 0 and 1) : N=60, mean=0.55 (+/-0.126943).
P1: N=30, mean=0.533333 (+/-0.181573).
P2: N=30, mean=0.566667 (+/-0.180353).
Game Durations: N=60, mean=157.433333 (+/-3.645786).
P1: N=30, mean=157.733333 (+/-4.80176).
P2: N=30, mean=157.133333 (+/-5.568029).

Agent 2 (SHUCTAnyTime)
Winning score (between 0 and 1) : N=60, mean=0.45 (+/-0.126943).
P1: N=30, mean=0.433333 (+/-0.180353).
P2: N=30, mean=0.466667 (+/-0.181573).
Game Durations: N=60, mean=157.433333 (+/-3.645786).
P1: N=30, mean=157.133333 (+/-5.568029).
P2: N=30, mean=157.733333 (+/-4.80176).
=====================================================
=====================================================
Completed 70 games.

Agent 1 (RegressionTreeSHUCTAny)
Winning score (between 0 and 1) : N=70, mean=0.542857 (+/-0.117542).
P1: N=35, mean=0.571429 (+/-0.166341).
P2: N=35, mean=0.514286 (+/-0.167997).
Game Durations: N=70, mean=157.285714 (+/-3.350212).
P1: N=35, mean=157.028571 (+/-4.694483).
P2: N=35, mean=157.542857 (+/-4.847969).

Agent 2 (SHUCTAnyTime)
Winning score (between 0 and 1) : N=70, mean=0.457143 (+/-0.117542).
P1: N=35, mean=0.485714 (+/-0.167997).
P2: N=35, mean=0.428571 (+/-0.166341).
Game Durations: N=70, mean=157.285714 (+/-3.350212).
P1: N=35, mean=157.542857 (+/-4.847969).
P2: N=35, mean=157.028571 (+/-4.694483).
=====================================================
=====================================================
Completed 80 games.

Agent 1 (RegressionTreeSHUCTAny)
Winning score (between 0 and 1) : N=80, mean=0.525 (+/-0.110118).
P1: N=40, mean=0.575 (+/-0.155147).
P2: N=40, mean=0.475 (+/-0.156726).
Game Durations: N=80, mean=156.9 (+/-3.079214).
P1: N=40, mean=156.25 (+/-4.222787).
P2: N=40, mean=157.55 (+/-4.527394).

Agent 2 (SHUCTAnyTime)
Winning score (between 0 and 1) : N=80, mean=0.475 (+/-0.110118).
P1: N=40, mean=0.525 (+/-0.156726).
P2: N=40, mean=0.425 (+/-0.155147).
Game Durations: N=80, mean=156.9 (+/-3.079214).
P1: N=40, mean=157.55 (+/-4.527394).
P2: N=40, mean=156.25 (+/-4.222787).
=====================================================
=====================================================
Completed 90 games.

Agent 1 (RegressionTreeSHUCTAny)
Winning score (between 0 and 1) : N=90, mean=0.511111 (+/-0.103852).
P1: N=45, mean=0.533333 (+/-0.147409).
P2: N=45, mean=0.488889 (+/-0.147701).
Game Durations: N=90, mean=157.311111 (+/-2.955136).
P1: N=45, mean=157.333333 (+/-4.19533).
P2: N=45, mean=157.288889 (+/-4.210389).

Agent 2 (SHUCTAnyTime)
Winning score (between 0 and 1) : N=90, mean=0.488889 (+/-0.103852).
P1: N=45, mean=0.511111 (+/-0.147701).
P2: N=45, mean=0.466667 (+/-0.147409).
Game Durations: N=90, mean=157.311111 (+/-2.955136).
P1: N=45, mean=157.288889 (+/-4.210389).
P2: N=45, mean=157.333333 (+/-4.19533).
=====================================================
=====================================================
Completed 100 games.

Agent 1 (RegressionTreeSHUCTAny)
Winning score (between 0 and 1) : N=100, mean=0.5 (+/-0.098492).
P1: N=50, mean=0.52 (+/-0.139885).
P2: N=50, mean=0.48 (+/-0.139885).
Game Durations: N=100, mean=157.64 (+/-2.737647).
P1: N=50, mean=157.92 (+/-3.895782).
P2: N=50, mean=157.36 (+/-3.885272).

Agent 2 (SHUCTAnyTime)
Winning score (between 0 and 1) : N=100, mean=0.5 (+/-0.098492).
P1: N=50, mean=0.52 (+/-0.139885).
P2: N=50, mean=0.48 (+/-0.139885).
Game Durations: N=100, mean=157.64 (+/-2.737647).
P1: N=50, mean=157.36 (+/-3.885272).
P2: N=50, mean=157.92 (+/-3.895782).
=====================================================
