Warming up...
Finished warming up!
=====================================================
Completed 1 games.

Agent 1 (EntropySHUCTAnytime)
Winning score (between 0 and 1) : N=1, mean=1 (+/-0).
P1: N=0, mean=0 (+/-0).
P2: N=1, mean=1 (+/-0).
Game Durations: N=1, mean=136 (+/-0).
P1: N=0, mean=0 (+/-0).
P2: N=1, mean=136 (+/-0).

Agent 2 (Example UCT)
Winning score (between 0 and 1) : N=1, mean=0 (+/-0).
P1: N=1, mean=0 (+/-0).
P2: N=0, mean=0 (+/-0).
Game Durations: N=1, mean=136 (+/-0).
P1: N=1, mean=136 (+/-0).
P2: N=0, mean=0 (+/-0).
=====================================================
=====================================================
Completed 2 games.

Agent 1 (EntropySHUCTAnytime)
Winning score (between 0 and 1) : N=2, mean=1 (+/-0).
P1: N=1, mean=1 (+/-0).
P2: N=1, mean=1 (+/-0).
Game Durations: N=2, mean=151 (+/-29.3994).
P1: N=1, mean=166 (+/-0).
P2: N=1, mean=136 (+/-0).

Agent 2 (Example UCT)
Winning score (between 0 and 1) : N=2, mean=0 (+/-0).
P1: N=1, mean=0 (+/-0).
P2: N=1, mean=0 (+/-0).
Game Durations: N=2, mean=151 (+/-29.3994).
P1: N=1, mean=136 (+/-0).
P2: N=1, mean=166 (+/-0).
=====================================================
=====================================================
Completed 3 games.

Agent 1 (EntropySHUCTAnytime)
Winning score (between 0 and 1) : N=3, mean=1 (+/-0).
P1: N=1, mean=1 (+/-0).
P2: N=2, mean=1 (+/-0).
Game Durations: N=3, mean=139.333333 (+/-28.477559).
P1: N=1, mean=166 (+/-0).
P2: N=2, mean=126 (+/-19.5996).

Agent 2 (Example UCT)
Winning score (between 0 and 1) : N=3, mean=0 (+/-0).
P1: N=2, mean=0 (+/-0).
P2: N=1, mean=0 (+/-0).
Game Durations: N=3, mean=139.333333 (+/-28.477559).
P1: N=2, mean=126 (+/-19.5996).
P2: N=1, mean=166 (+/-0).
=====================================================
=====================================================
Completed 4 games.

Agent 1 (EntropySHUCTAnytime)
Winning score (between 0 and 1) : N=4, mean=1 (+/-0).
P1: N=2, mean=1 (+/-0).
P2: N=2, mean=1 (+/-0).
Game Durations: N=4, mean=149 (+/-27.648638).
P1: N=2, mean=172 (+/-11.75976).
P2: N=2, mean=126 (+/-19.5996).

Agent 2 (Example UCT)
Winning score (between 0 and 1) : N=4, mean=0 (+/-0).
P1: N=2, mean=0 (+/-0).
P2: N=2, mean=0 (+/-0).
Game Durations: N=4, mean=149 (+/-27.648638).
P1: N=2, mean=126 (+/-19.5996).
P2: N=2, mean=172 (+/-11.75976).
=====================================================
=====================================================
Completed 5 games.

Agent 1 (EntropySHUCTAnytime)
Winning score (between 0 and 1) : N=5, mean=1 (+/-0).
P1: N=2, mean=1 (+/-0).
P2: N=3, mean=1 (+/-0).
Game Durations: N=5, mean=148.8 (+/-21.42013).
P1: N=2, mean=172 (+/-11.75976).
P2: N=3, mean=133.333333 (+/-18.29296).

Agent 2 (Example UCT)
Winning score (between 0 and 1) : N=5, mean=0 (+/-0).
P1: N=3, mean=0 (+/-0).
P2: N=2, mean=0 (+/-0).
Game Durations: N=5, mean=148.8 (+/-21.42013).
P1: N=3, mean=133.333333 (+/-18.29296).
P2: N=2, mean=172 (+/-11.75976).
=====================================================
=====================================================
Completed 10 games.

Agent 1 (EntropySHUCTAnytime)
Winning score (between 0 and 1) : N=10, mean=1 (+/-0).
P1: N=5, mean=1 (+/-0).
P2: N=5, mean=1 (+/-0).
Game Durations: N=10, mean=147 (+/-12.162987).
P1: N=5, mean=155.6 (+/-19.299387).
P2: N=5, mean=138.4 (+/-12.296309).

Agent 2 (Example UCT)
Winning score (between 0 and 1) : N=10, mean=0 (+/-0).
P1: N=5, mean=0 (+/-0).
P2: N=5, mean=0 (+/-0).
Game Durations: N=10, mean=147 (+/-12.162987).
P1: N=5, mean=138.4 (+/-12.296309).
P2: N=5, mean=155.6 (+/-19.299387).
=====================================================
=====================================================
Completed 20 games.

Agent 1 (EntropySHUCTAnytime)
Winning score (between 0 and 1) : N=20, mean=0.95 (+/-0.097998).
P1: N=10, mean=0.9 (+/-0.195996).
P2: N=10, mean=1 (+/-0).
Game Durations: N=20, mean=146.1 (+/-8.210067).
P1: N=10, mean=154.2 (+/-10.907901).
P2: N=10, mean=138 (+/-10.46944).

Agent 2 (Example UCT)
Winning score (between 0 and 1) : N=20, mean=0.05 (+/-0.097998).
P1: N=10, mean=0 (+/-0).
P2: N=10, mean=0.1 (+/-0.195996).
Game Durations: N=20, mean=146.1 (+/-8.210067).
P1: N=10, mean=138 (+/-10.46944).
P2: N=10, mean=154.2 (+/-10.907901).
=====================================================
=====================================================
Completed 30 games.

Agent 1 (EntropySHUCTAnytime)
Winning score (between 0 and 1) : N=30, mean=0.933333 (+/-0.090786).
P1: N=15, mean=0.933333 (+/-0.130664).
P2: N=15, mean=0.933333 (+/-0.130664).
Game Durations: N=30, mean=146.066667 (+/-6.909362).
P1: N=15, mean=149.6 (+/-10.050092).
P2: N=15, mean=142.533333 (+/-9.482694).

Agent 2 (Example UCT)
Winning score (between 0 and 1) : N=30, mean=0.066667 (+/-0.090786).
P1: N=15, mean=0.066667 (+/-0.130664).
P2: N=15, mean=0.066667 (+/-0.130664).
Game Durations: N=30, mean=146.066667 (+/-6.909362).
P1: N=15, mean=142.533333 (+/-9.482694).
P2: N=15, mean=149.6 (+/-10.050092).
=====================================================
=====================================================
Completed 40 games.

Agent 1 (EntropySHUCTAnytime)
Winning score (between 0 and 1) : N=40, mean=0.925 (+/-0.082664).
P1: N=20, mean=0.95 (+/-0.097998).
P2: N=20, mean=0.9 (+/-0.134894).
Game Durations: N=40, mean=145.55 (+/-6.220919).
P1: N=20, mean=146.1 (+/-8.959014).
P2: N=20, mean=145 (+/-8.859275).

Agent 2 (Example UCT)
Winning score (between 0 and 1) : N=40, mean=0.075 (+/-0.082664).
P1: N=20, mean=0.1 (+/-0.134894).
P2: N=20, mean=0.05 (+/-0.097998).
Game Durations: N=40, mean=145.55 (+/-6.220919).
P1: N=20, mean=145 (+/-8.859275).
P2: N=20, mean=146.1 (+/-8.959014).
=====================================================
=====================================================
Completed 50 games.

Agent 1 (EntropySHUCTAnytime)
Winning score (between 0 and 1) : N=50, mean=0.94 (+/-0.066495).
P1: N=25, mean=0.96 (+/-0.078398).
P2: N=25, mean=0.92 (+/-0.108538).
Game Durations: N=50, mean=144.88 (+/-5.415596).
P1: N=25, mean=146.56 (+/-8.051023).
P2: N=25, mean=143.2 (+/-7.350939).

Agent 2 (Example UCT)
Winning score (between 0 and 1) : N=50, mean=0.06 (+/-0.066495).
P1: N=25, mean=0.08 (+/-0.108538).
P2: N=25, mean=0.04 (+/-0.078398).
Game Durations: N=50, mean=144.88 (+/-5.415596).
P1: N=25, mean=143.2 (+/-7.350939).
P2: N=25, mean=146.56 (+/-8.051023).
=====================================================
=====================================================
Completed 60 games.

Agent 1 (EntropySHUCTAnytime)
Winning score (between 0 and 1) : N=60, mean=0.95 (+/-0.055612).
P1: N=30, mean=0.966667 (+/-0.065332).
P2: N=30, mean=0.933333 (+/-0.090786).
Game Durations: N=60, mean=143.7 (+/-4.713146).
P1: N=30, mean=144.733333 (+/-7.167818).
P2: N=30, mean=142.666667 (+/-6.223059).

Agent 2 (Example UCT)
Winning score (between 0 and 1) : N=60, mean=0.05 (+/-0.055612).
P1: N=30, mean=0.066667 (+/-0.090786).
P2: N=30, mean=0.033333 (+/-0.065332).
Game Durations: N=60, mean=143.7 (+/-4.713146).
P1: N=30, mean=142.666667 (+/-6.223059).
P2: N=30, mean=144.733333 (+/-7.167818).
=====================================================
=====================================================
Completed 70 games.

Agent 1 (EntropySHUCTAnytime)
Winning score (between 0 and 1) : N=70, mean=0.957143 (+/-0.047788).
P1: N=35, mean=0.971429 (+/-0.055999).
P2: N=35, mean=0.942857 (+/-0.078021).
Game Durations: N=70, mean=143.257143 (+/-4.322981).
P1: N=35, mean=144.8 (+/-6.412355).
P2: N=35, mean=141.714286 (+/-5.847714).

Agent 2 (Example UCT)
Winning score (between 0 and 1) : N=70, mean=0.042857 (+/-0.047788).
P1: N=35, mean=0.057143 (+/-0.078021).
P2: N=35, mean=0.028571 (+/-0.055999).
Game Durations: N=70, mean=143.257143 (+/-4.322981).
P1: N=35, mean=141.714286 (+/-5.847714).
P2: N=35, mean=144.8 (+/-6.412355).
=====================================================
=====================================================
Completed 80 games.

Agent 1 (EntropySHUCTAnytime)
Winning score (between 0 and 1) : N=80, mean=0.9375 (+/-0.053378).
P1: N=40, mean=0.95 (+/-0.068401).
P2: N=40, mean=0.925 (+/-0.082664).
Game Durations: N=80, mean=144.475 (+/-4.045819).
P1: N=40, mean=145.8 (+/-5.798574).
P2: N=40, mean=143.15 (+/-5.687241).

Agent 2 (Example UCT)
Winning score (between 0 and 1) : N=80, mean=0.0625 (+/-0.053378).
P1: N=40, mean=0.075 (+/-0.082664).
P2: N=40, mean=0.05 (+/-0.068401).
Game Durations: N=80, mean=144.475 (+/-4.045819).
P1: N=40, mean=143.15 (+/-5.687241).
P2: N=40, mean=145.8 (+/-5.798574).
=====================================================
=====================================================
Completed 90 games.

Agent 1 (EntropySHUCTAnytime)
Winning score (between 0 and 1) : N=90, mean=0.944444 (+/-0.047589).
P1: N=45, mean=0.955556 (+/-0.060892).
P2: N=45, mean=0.933333 (+/-0.073704).
Game Durations: N=90, mean=144 (+/-3.753932).
P1: N=45, mean=144.311111 (+/-5.528121).
P2: N=45, mean=143.688889 (+/-5.141162).

Agent 2 (Example UCT)
Winning score (between 0 and 1) : N=90, mean=0.055556 (+/-0.047589).
P1: N=45, mean=0.066667 (+/-0.073704).
P2: N=45, mean=0.044444 (+/-0.060892).
Game Durations: N=90, mean=144 (+/-3.753932).
P1: N=45, mean=143.688889 (+/-5.141162).
P2: N=45, mean=144.311111 (+/-5.528121).
=====================================================
=====================================================
Completed 100 games.

Agent 1 (EntropySHUCTAnytime)
Winning score (between 0 and 1) : N=100, mean=0.94 (+/-0.046781).
P1: N=50, mean=0.96 (+/-0.054867).
P2: N=50, mean=0.92 (+/-0.075961).
Game Durations: N=100, mean=144.72 (+/-3.517362).
P1: N=50, mean=145.04 (+/-5.119214).
P2: N=50, mean=144.4 (+/-4.875439).

Agent 2 (Example UCT)
Winning score (between 0 and 1) : N=100, mean=0.06 (+/-0.046781).
P1: N=50, mean=0.08 (+/-0.075961).
P2: N=50, mean=0.04 (+/-0.054867).
Game Durations: N=100, mean=144.72 (+/-3.517362).
P1: N=50, mean=144.4 (+/-4.875439).
P2: N=50, mean=145.04 (+/-5.119214).
=====================================================
