Warming up...
Finished warming up!
=====================================================
Completed 1 games.

Agent 1 (EntropySHUCTAnytime)
Winning score (between 0 and 1) : N=1, mean=1 (+/-0).
P1: N=1, mean=1 (+/-0).
P2: N=0, mean=0 (+/-0).
Game Durations: N=1, mean=150 (+/-0).
P1: N=1, mean=150 (+/-0).
P2: N=0, mean=0 (+/-0).

Agent 2 (Example UCT)
Winning score (between 0 and 1) : N=1, mean=0 (+/-0).
P1: N=0, mean=0 (+/-0).
P2: N=1, mean=0 (+/-0).
Game Durations: N=1, mean=150 (+/-0).
P1: N=0, mean=0 (+/-0).
P2: N=1, mean=150 (+/-0).
=====================================================
=====================================================
Completed 2 games.

Agent 1 (EntropySHUCTAnytime)
Winning score (between 0 and 1) : N=2, mean=1 (+/-0).
P1: N=1, mean=1 (+/-0).
P2: N=1, mean=1 (+/-0).
Game Durations: N=2, mean=143 (+/-13.71972).
P1: N=1, mean=150 (+/-0).
P2: N=1, mean=136 (+/-0).

Agent 2 (Example UCT)
Winning score (between 0 and 1) : N=2, mean=0 (+/-0).
P1: N=1, mean=0 (+/-0).
P2: N=1, mean=0 (+/-0).
Game Durations: N=2, mean=143 (+/-13.71972).
P1: N=1, mean=136 (+/-0).
P2: N=1, mean=150 (+/-0).
=====================================================
=====================================================
Completed 3 games.

Agent 1 (EntropySHUCTAnytime)
Winning score (between 0 and 1) : N=3, mean=1 (+/-0).
P1: N=2, mean=1 (+/-0).
P2: N=1, mean=1 (+/-0).
Game Durations: N=3, mean=140 (+/-9.864916).
P1: N=2, mean=142 (+/-15.67968).
P2: N=1, mean=136 (+/-0).

Agent 2 (Example UCT)
Winning score (between 0 and 1) : N=3, mean=0 (+/-0).
P1: N=1, mean=0 (+/-0).
P2: N=2, mean=0 (+/-0).
Game Durations: N=3, mean=140 (+/-9.864916).
P1: N=1, mean=136 (+/-0).
P2: N=2, mean=142 (+/-15.67968).
=====================================================
=====================================================
Completed 4 games.

Agent 1 (EntropySHUCTAnytime)
Winning score (between 0 and 1) : N=4, mean=0.75 (+/-0.48999).
P1: N=2, mean=1 (+/-0).
P2: N=2, mean=0.5 (+/-0.97998).
Game Durations: N=4, mean=149.5 (+/-19.883373).
P1: N=2, mean=142 (+/-15.67968).
P2: N=2, mean=157 (+/-41.15916).

Agent 2 (Example UCT)
Winning score (between 0 and 1) : N=4, mean=0.25 (+/-0.48999).
P1: N=2, mean=0.5 (+/-0.97998).
P2: N=2, mean=0 (+/-0).
Game Durations: N=4, mean=149.5 (+/-19.883373).
P1: N=2, mean=157 (+/-41.15916).
P2: N=2, mean=142 (+/-15.67968).
=====================================================
=====================================================
Completed 5 games.

Agent 1 (EntropySHUCTAnytime)
Winning score (between 0 and 1) : N=5, mean=0.8 (+/-0.391992).
P1: N=3, mean=1 (+/-0).
P2: N=2, mean=0.5 (+/-0.97998).
Game Durations: N=5, mean=144.8 (+/-17.946214).
P1: N=3, mean=136.666667 (+/-13.828178).
P2: N=2, mean=157 (+/-41.15916).

Agent 2 (Example UCT)
Winning score (between 0 and 1) : N=5, mean=0.2 (+/-0.391992).
P1: N=2, mean=0.5 (+/-0.97998).
P2: N=3, mean=0 (+/-0).
Game Durations: N=5, mean=144.8 (+/-17.946214).
P1: N=2, mean=157 (+/-41.15916).
P2: N=3, mean=136.666667 (+/-13.828178).
=====================================================
=====================================================
Completed 10 games.

Agent 1 (EntropySHUCTAnytime)
Winning score (between 0 and 1) : N=10, mean=0.9 (+/-0.195996).
P1: N=5, mean=1 (+/-0).
P2: N=5, mean=0.8 (+/-0.391992).
Game Durations: N=10, mean=138.4 (+/-10.929011).
P1: N=5, mean=136.4 (+/-9.791957).
P2: N=5, mean=140.4 (+/-20.830973).

Agent 2 (Example UCT)
Winning score (between 0 and 1) : N=10, mean=0.1 (+/-0.195996).
P1: N=5, mean=0.2 (+/-0.391992).
P2: N=5, mean=0 (+/-0).
Game Durations: N=10, mean=138.4 (+/-10.929011).
P1: N=5, mean=140.4 (+/-20.830973).
P2: N=5, mean=136.4 (+/-9.791957).
=====================================================
=====================================================
Completed 20 games.

Agent 1 (EntropySHUCTAnytime)
Winning score (between 0 and 1) : N=20, mean=0.9 (+/-0.134894).
P1: N=10, mean=0.9 (+/-0.195996).
P2: N=10, mean=0.9 (+/-0.195996).
Game Durations: N=20, mean=143.6 (+/-7.527235).
P1: N=10, mean=140.6 (+/-9.602693).
P2: N=10, mean=146.6 (+/-11.803958).

Agent 2 (Example UCT)
Winning score (between 0 and 1) : N=20, mean=0.1 (+/-0.134894).
P1: N=10, mean=0.1 (+/-0.195996).
P2: N=10, mean=0.1 (+/-0.195996).
Game Durations: N=20, mean=143.6 (+/-7.527235).
P1: N=10, mean=146.6 (+/-11.803958).
P2: N=10, mean=140.6 (+/-9.602693).
=====================================================
=====================================================
Completed 30 games.

Agent 1 (EntropySHUCTAnytime)
Winning score (between 0 and 1) : N=30, mean=0.933333 (+/-0.090786).
P1: N=15, mean=0.933333 (+/-0.130664).
P2: N=15, mean=0.933333 (+/-0.130664).
Game Durations: N=30, mean=144.6 (+/-5.979364).
P1: N=15, mean=143.2 (+/-9.227189).
P2: N=15, mean=146 (+/-7.86779).

Agent 2 (Example UCT)
Winning score (between 0 and 1) : N=30, mean=0.066667 (+/-0.090786).
P1: N=15, mean=0.066667 (+/-0.130664).
P2: N=15, mean=0.066667 (+/-0.130664).
Game Durations: N=30, mean=144.6 (+/-5.979364).
P1: N=15, mean=146 (+/-7.86779).
P2: N=15, mean=143.2 (+/-9.227189).
=====================================================
=====================================================
Completed 40 games.

Agent 1 (EntropySHUCTAnytime)
Winning score (between 0 and 1) : N=40, mean=0.925 (+/-0.082664).
P1: N=20, mean=0.9 (+/-0.134894).
P2: N=20, mean=0.95 (+/-0.097998).
Game Durations: N=40, mean=144.75 (+/-4.931834).
P1: N=20, mean=143.6 (+/-7.644505).
P2: N=20, mean=145.9 (+/-6.39367).

Agent 2 (Example UCT)
Winning score (between 0 and 1) : N=40, mean=0.075 (+/-0.082664).
P1: N=20, mean=0.05 (+/-0.097998).
P2: N=20, mean=0.1 (+/-0.134894).
Game Durations: N=40, mean=144.75 (+/-4.931834).
P1: N=20, mean=145.9 (+/-6.39367).
P2: N=20, mean=143.6 (+/-7.644505).
=====================================================
=====================================================
Completed 50 games.

Agent 1 (EntropySHUCTAnytime)
Winning score (between 0 and 1) : N=50, mean=0.92 (+/-0.075961).
P1: N=25, mean=0.88 (+/-0.130009).
P2: N=25, mean=0.96 (+/-0.078398).
Game Durations: N=50, mean=144.52 (+/-4.708981).
P1: N=25, mean=141.92 (+/-7.061226).
P2: N=25, mean=147.12 (+/-6.206526).

Agent 2 (Example UCT)
Winning score (between 0 and 1) : N=50, mean=0.08 (+/-0.075961).
P1: N=25, mean=0.04 (+/-0.078398).
P2: N=25, mean=0.12 (+/-0.130009).
Game Durations: N=50, mean=144.52 (+/-4.708981).
P1: N=25, mean=147.12 (+/-6.206526).
P2: N=25, mean=141.92 (+/-7.061226).
=====================================================
=====================================================
Completed 60 games.

Agent 1 (EntropySHUCTAnytime)
Winning score (between 0 and 1) : N=60, mean=0.933333 (+/-0.063649).
P1: N=30, mean=0.9 (+/-0.109187).
P2: N=30, mean=0.966667 (+/-0.065332).
Game Durations: N=60, mean=143.933333 (+/-4.279848).
P1: N=30, mean=141.666667 (+/-6.064225).
P2: N=30, mean=146.2 (+/-6.032884).

Agent 2 (Example UCT)
Winning score (between 0 and 1) : N=60, mean=0.066667 (+/-0.063649).
P1: N=30, mean=0.033333 (+/-0.065332).
P2: N=30, mean=0.1 (+/-0.109187).
Game Durations: N=60, mean=143.933333 (+/-4.279848).
P1: N=30, mean=146.2 (+/-6.032884).
P2: N=30, mean=141.666667 (+/-6.064225).
=====================================================
=====================================================
Completed 70 games.

Agent 1 (EntropySHUCTAnytime)
Winning score (between 0 and 1) : N=70, mean=0.942857 (+/-0.054768).
P1: N=35, mean=0.914286 (+/-0.094097).
P2: N=35, mean=0.971429 (+/-0.055999).
Game Durations: N=70, mean=143 (+/-3.843495).
P1: N=35, mean=141.6 (+/-5.33663).
P2: N=35, mean=144.4 (+/-5.571021).

Agent 2 (Example UCT)
Winning score (between 0 and 1) : N=70, mean=0.057143 (+/-0.054768).
P1: N=35, mean=0.028571 (+/-0.055999).
P2: N=35, mean=0.085714 (+/-0.094097).
Game Durations: N=70, mean=143 (+/-3.843495).
P1: N=35, mean=144.4 (+/-5.571021).
P2: N=35, mean=141.6 (+/-5.33663).
=====================================================
=====================================================
Completed 80 games.

Agent 1 (EntropySHUCTAnytime)
Winning score (between 0 and 1) : N=80, mean=0.95 (+/-0.04806).
P1: N=40, mean=0.925 (+/-0.082664).
P2: N=40, mean=0.975 (+/-0.048999).
Game Durations: N=80, mean=143.1 (+/-3.44233).
P1: N=40, mean=141.85 (+/-4.803748).
P2: N=40, mean=144.35 (+/-4.962098).

Agent 2 (Example UCT)
Winning score (between 0 and 1) : N=80, mean=0.05 (+/-0.04806).
P1: N=40, mean=0.025 (+/-0.048999).
P2: N=40, mean=0.075 (+/-0.082664).
Game Durations: N=80, mean=143.1 (+/-3.44233).
P1: N=40, mean=144.35 (+/-4.962098).
P2: N=40, mean=141.85 (+/-4.803748).
=====================================================
=====================================================
Completed 90 games.

Agent 1 (EntropySHUCTAnytime)
Winning score (between 0 and 1) : N=90, mean=0.944444 (+/-0.047589).
P1: N=45, mean=0.911111 (+/-0.084087).
P2: N=45, mean=0.977778 (+/-0.043555).
Game Durations: N=90, mean=144.844444 (+/-3.356806).
P1: N=45, mean=144.222222 (+/-4.914682).
P2: N=45, mean=145.466667 (+/-4.622021).

Agent 2 (Example UCT)
Winning score (between 0 and 1) : N=90, mean=0.055556 (+/-0.047589).
P1: N=45, mean=0.022222 (+/-0.043555).
P2: N=45, mean=0.088889 (+/-0.084087).
Game Durations: N=90, mean=144.844444 (+/-3.356806).
P1: N=45, mean=145.466667 (+/-4.622021).
P2: N=45, mean=144.222222 (+/-4.914682).
=====================================================
=====================================================
Completed 100 games.

Agent 1 (EntropySHUCTAnytime)
Winning score (between 0 and 1) : N=100, mean=0.94 (+/-0.046781).
P1: N=50, mean=0.9 (+/-0.083998).
P2: N=50, mean=0.98 (+/-0.039199).
Game Durations: N=100, mean=146.08 (+/-3.29377).
P1: N=50, mean=145.8 (+/-4.905257).
P2: N=50, mean=146.36 (+/-4.445745).

Agent 2 (Example UCT)
Winning score (between 0 and 1) : N=100, mean=0.06 (+/-0.046781).
P1: N=50, mean=0.02 (+/-0.039199).
P2: N=50, mean=0.1 (+/-0.083998).
Game Durations: N=100, mean=146.08 (+/-3.29377).
P1: N=50, mean=146.36 (+/-4.445745).
P2: N=50, mean=145.8 (+/-4.905257).
=====================================================
