Warming up...
Finished warming up!
=====================================================
Completed 1 games.

Agent 1 (EntropySHUCTAnytime)
Winning score (between 0 and 1) : N=1, mean=1 (+/-0).
P1: N=1, mean=1 (+/-0).
P2: N=0, mean=0 (+/-0).
Game Durations: N=1, mean=182 (+/-0).
P1: N=1, mean=182 (+/-0).
P2: N=0, mean=0 (+/-0).

Agent 2 (Example UCT)
Winning score (between 0 and 1) : N=1, mean=0 (+/-0).
P1: N=0, mean=0 (+/-0).
P2: N=1, mean=0 (+/-0).
Game Durations: N=1, mean=182 (+/-0).
P1: N=0, mean=0 (+/-0).
P2: N=1, mean=182 (+/-0).
=====================================================
=====================================================
Completed 2 games.

Agent 1 (EntropySHUCTAnytime)
Winning score (between 0 and 1) : N=2, mean=0.5 (+/-0.97998).
P1: N=1, mean=1 (+/-0).
P2: N=1, mean=0 (+/-0).
Game Durations: N=2, mean=168 (+/-27.43944).
P1: N=1, mean=182 (+/-0).
P2: N=1, mean=154 (+/-0).

Agent 2 (Example UCT)
Winning score (between 0 and 1) : N=2, mean=0.5 (+/-0.97998).
P1: N=1, mean=1 (+/-0).
P2: N=1, mean=0 (+/-0).
Game Durations: N=2, mean=168 (+/-27.43944).
P1: N=1, mean=154 (+/-0).
P2: N=1, mean=182 (+/-0).
=====================================================
=====================================================
Completed 3 games.

Agent 1 (EntropySHUCTAnytime)
Winning score (between 0 and 1) : N=3, mean=0.333333 (+/-0.65332).
P1: N=2, mean=0.5 (+/-0.97998).
P2: N=1, mean=0 (+/-0).
Game Durations: N=3, mean=170.666667 (+/-16.682063).
P1: N=2, mean=179 (+/-5.87988).
P2: N=1, mean=154 (+/-0).

Agent 2 (Example UCT)
Winning score (between 0 and 1) : N=3, mean=0.666667 (+/-0.65332).
P1: N=1, mean=1 (+/-0).
P2: N=2, mean=0.5 (+/-0.97998).
Game Durations: N=3, mean=170.666667 (+/-16.682063).
P1: N=1, mean=154 (+/-0).
P2: N=2, mean=179 (+/-5.87988).
=====================================================
=====================================================
Completed 4 games.

Agent 1 (EntropySHUCTAnytime)
Winning score (between 0 and 1) : N=4, mean=0.5 (+/-0.565792).
P1: N=2, mean=0.5 (+/-0.97998).
P2: N=2, mean=0.5 (+/-0.97998).
Game Durations: N=4, mean=171 (+/-11.814078).
P1: N=2, mean=179 (+/-5.87988).
P2: N=2, mean=163 (+/-17.63964).

Agent 2 (Example UCT)
Winning score (between 0 and 1) : N=4, mean=0.5 (+/-0.565792).
P1: N=2, mean=0.5 (+/-0.97998).
P2: N=2, mean=0.5 (+/-0.97998).
Game Durations: N=4, mean=171 (+/-11.814078).
P1: N=2, mean=163 (+/-17.63964).
P2: N=2, mean=179 (+/-5.87988).
=====================================================
=====================================================
Completed 5 games.

Agent 1 (EntropySHUCTAnytime)
Winning score (between 0 and 1) : N=5, mean=0.4 (+/-0.48009).
P1: N=3, mean=0.333333 (+/-0.65332).
P2: N=2, mean=0.5 (+/-0.97998).
Game Durations: N=5, mean=167.2 (+/-11.798894).
P1: N=3, mean=170 (+/-17.96333).
P2: N=2, mean=163 (+/-17.63964).

Agent 2 (Example UCT)
Winning score (between 0 and 1) : N=5, mean=0.6 (+/-0.48009).
P1: N=2, mean=0.5 (+/-0.97998).
P2: N=3, mean=0.666667 (+/-0.65332).
Game Durations: N=5, mean=167.2 (+/-11.798894).
P1: N=2, mean=163 (+/-17.63964).
P2: N=3, mean=170 (+/-17.96333).
=====================================================
=====================================================
Completed 10 games.

Agent 1 (EntropySHUCTAnytime)
Winning score (between 0 and 1) : N=10, mean=0.4 (+/-0.32006).
P1: N=5, mean=0.6 (+/-0.48009).
P2: N=5, mean=0.2 (+/-0.391992).
Game Durations: N=10, mean=163.4 (+/-9.761397).
P1: N=5, mean=166 (+/-13.969442).
P2: N=5, mean=160.8 (+/-14.854376).

Agent 2 (Example UCT)
Winning score (between 0 and 1) : N=10, mean=0.6 (+/-0.32006).
P1: N=5, mean=0.8 (+/-0.391992).
P2: N=5, mean=0.4 (+/-0.48009).
Game Durations: N=10, mean=163.4 (+/-9.761397).
P1: N=5, mean=160.8 (+/-14.854376).
P2: N=5, mean=166 (+/-13.969442).
=====================================================
=====================================================
Completed 20 games.

Agent 1 (EntropySHUCTAnytime)
Winning score (between 0 and 1) : N=20, mean=0.35 (+/-0.214467).
P1: N=10, mean=0.5 (+/-0.32666).
P2: N=10, mean=0.2 (+/-0.261328).
Game Durations: N=20, mean=161.5 (+/-6.440301).
P1: N=10, mean=165.8 (+/-7.119689).
P2: N=10, mean=157.2 (+/-10.423679).

Agent 2 (Example UCT)
Winning score (between 0 and 1) : N=20, mean=0.65 (+/-0.214467).
P1: N=10, mean=0.8 (+/-0.261328).
P2: N=10, mean=0.5 (+/-0.32666).
Game Durations: N=20, mean=161.5 (+/-6.440301).
P1: N=10, mean=157.2 (+/-10.423679).
P2: N=10, mean=165.8 (+/-7.119689).
=====================================================
=====================================================
Completed 30 games.

Agent 1 (EntropySHUCTAnytime)
Winning score (between 0 and 1) : N=30, mean=0.4 (+/-0.178301).
P1: N=15, mean=0.466667 (+/-0.261328).
P2: N=15, mean=0.333333 (+/-0.246932).
Game Durations: N=30, mean=161 (+/-5.488371).
P1: N=15, mean=166 (+/-6.536932).
P2: N=15, mean=156 (+/-8.266868).

Agent 2 (Example UCT)
Winning score (between 0 and 1) : N=30, mean=0.6 (+/-0.178301).
P1: N=15, mean=0.666667 (+/-0.246932).
P2: N=15, mean=0.533333 (+/-0.261328).
Game Durations: N=30, mean=161 (+/-5.488371).
P1: N=15, mean=156 (+/-8.266868).
P2: N=15, mean=166 (+/-6.536932).
=====================================================
=====================================================
Completed 40 games.

Agent 1 (EntropySHUCTAnytime)
Winning score (between 0 and 1) : N=40, mean=0.45 (+/-0.156136).
P1: N=20, mean=0.5 (+/-0.224823).
P2: N=20, mean=0.4 (+/-0.22028).
Game Durations: N=40, mean=159.4 (+/-4.782813).
P1: N=20, mean=164.8 (+/-5.974706).
P2: N=20, mean=154 (+/-6.813282).

Agent 2 (Example UCT)
Winning score (between 0 and 1) : N=40, mean=0.55 (+/-0.156136).
P1: N=20, mean=0.6 (+/-0.22028).
P2: N=20, mean=0.5 (+/-0.224823).
Game Durations: N=40, mean=159.4 (+/-4.782813).
P1: N=20, mean=154 (+/-6.813282).
P2: N=20, mean=164.8 (+/-5.974706).
=====================================================
=====================================================
Completed 50 games.

Agent 1 (EntropySHUCTAnytime)
Winning score (between 0 and 1) : N=50, mean=0.44 (+/-0.138986).
P1: N=25, mean=0.48 (+/-0.199877).
P2: N=25, mean=0.4 (+/-0.195996).
Game Durations: N=50, mean=158.52 (+/-4.346045).
P1: N=25, mean=162.08 (+/-5.780963).
P2: N=25, mean=154.96 (+/-6.296812).

Agent 2 (Example UCT)
Winning score (between 0 and 1) : N=50, mean=0.56 (+/-0.138986).
P1: N=25, mean=0.6 (+/-0.195996).
P2: N=25, mean=0.52 (+/-0.199877).
Game Durations: N=50, mean=158.52 (+/-4.346045).
P1: N=25, mean=154.96 (+/-6.296812).
P2: N=25, mean=162.08 (+/-5.780963).
=====================================================
=====================================================
Completed 60 games.

Agent 1 (EntropySHUCTAnytime)
Winning score (between 0 and 1) : N=60, mean=0.4 (+/-0.125005).
P1: N=30, mean=0.433333 (+/-0.180353).
P2: N=30, mean=0.366667 (+/-0.175388).
Game Durations: N=60, mean=159.8 (+/-3.823164).
P1: N=30, mean=162.466667 (+/-5.11849).
P2: N=30, mean=157.133333 (+/-5.602813).

Agent 2 (Example UCT)
Winning score (between 0 and 1) : N=60, mean=0.6 (+/-0.125005).
P1: N=30, mean=0.633333 (+/-0.175388).
P2: N=30, mean=0.566667 (+/-0.180353).
Game Durations: N=60, mean=159.8 (+/-3.823164).
P1: N=30, mean=157.133333 (+/-5.602813).
P2: N=30, mean=162.466667 (+/-5.11849).
=====================================================
=====================================================
Completed 70 games.

Agent 1 (EntropySHUCTAnytime)
Winning score (between 0 and 1) : N=70, mean=0.414286 (+/-0.116229).
P1: N=35, mean=0.428571 (+/-0.166341).
P2: N=35, mean=0.4 (+/-0.16467).
Game Durations: N=70, mean=160.685714 (+/-3.427055).
P1: N=35, mean=163.828571 (+/-4.549206).
P2: N=35, mean=157.542857 (+/-4.974173).

Agent 2 (Example UCT)
Winning score (between 0 and 1) : N=70, mean=0.585714 (+/-0.116229).
P1: N=35, mean=0.6 (+/-0.16467).
P2: N=35, mean=0.571429 (+/-0.166341).
Game Durations: N=70, mean=160.685714 (+/-3.427055).
P1: N=35, mean=157.542857 (+/-4.974173).
P2: N=35, mean=163.828571 (+/-4.549206).
=====================================================
=====================================================
Completed 80 games.

Agent 1 (EntropySHUCTAnytime)
Winning score (between 0 and 1) : N=80, mean=0.4125 (+/-0.108555).
P1: N=40, mean=0.4 (+/-0.153752).
P2: N=40, mean=0.425 (+/-0.155147).
Game Durations: N=80, mean=160.775 (+/-3.179893).
P1: N=40, mean=164.1 (+/-4.201185).
P2: N=40, mean=157.45 (+/-4.597558).

Agent 2 (Example UCT)
Winning score (between 0 and 1) : N=80, mean=0.5875 (+/-0.108555).
P1: N=40, mean=0.575 (+/-0.155147).
P2: N=40, mean=0.6 (+/-0.153752).
Game Durations: N=80, mean=160.775 (+/-3.179893).
P1: N=40, mean=157.45 (+/-4.597558).
P2: N=40, mean=164.1 (+/-4.201185).
=====================================================
=====================================================
Completed 90 games.

Agent 1 (EntropySHUCTAnytime)
Winning score (between 0 and 1) : N=90, mean=0.411111 (+/-0.102223).
P1: N=45, mean=0.4 (+/-0.144753).
P2: N=45, mean=0.422222 (+/-0.145939).
Game Durations: N=90, mean=161.377778 (+/-2.896443).
P1: N=45, mean=165.066667 (+/-3.828984).
P2: N=45, mean=157.688889 (+/-4.111163).

Agent 2 (Example UCT)
Winning score (between 0 and 1) : N=90, mean=0.588889 (+/-0.102223).
P1: N=45, mean=0.577778 (+/-0.145939).
P2: N=45, mean=0.6 (+/-0.144753).
Game Durations: N=90, mean=161.377778 (+/-2.896443).
P1: N=45, mean=157.688889 (+/-4.111163).
P2: N=45, mean=165.066667 (+/-3.828984).
=====================================================
=====================================================
Completed 100 games.

Agent 1 (EntropySHUCTAnytime)
Winning score (between 0 and 1) : N=100, mean=0.42 (+/-0.097223).
P1: N=50, mean=0.38 (+/-0.135905).
P2: N=50, mean=0.46 (+/-0.139548).
Game Durations: N=100, mean=161.32 (+/-2.693546).
P1: N=50, mean=164.12 (+/-3.631577).
P2: N=50, mean=158.52 (+/-3.859959).

Agent 2 (Example UCT)
Winning score (between 0 and 1) : N=100, mean=0.58 (+/-0.097223).
P1: N=50, mean=0.54 (+/-0.139548).
P2: N=50, mean=0.62 (+/-0.135905).
Game Durations: N=100, mean=161.32 (+/-2.693546).
P1: N=50, mean=158.52 (+/-3.859959).
P2: N=50, mean=164.12 (+/-3.631577).
=====================================================
