Warming up...
Finished warming up!
=====================================================
Completed 1 games.

Agent 1 (DoubleIterRegressionTreeSHUCTAny)
Winning score (between 0 and 1) : N=1, mean=1 (+/-0).
P1: N=0, mean=0 (+/-0).
P2: N=1, mean=1 (+/-0).
Game Durations: N=1, mean=66 (+/-0).
P1: N=0, mean=0 (+/-0).
P2: N=1, mean=66 (+/-0).

Agent 2 (SHUCTAnyTime)
Winning score (between 0 and 1) : N=1, mean=0 (+/-0).
P1: N=1, mean=0 (+/-0).
P2: N=0, mean=0 (+/-0).
Game Durations: N=1, mean=66 (+/-0).
P1: N=1, mean=66 (+/-0).
P2: N=0, mean=0 (+/-0).
=====================================================
=====================================================
Completed 2 games.

Agent 1 (DoubleIterRegressionTreeSHUCTAny)
Winning score (between 0 and 1) : N=2, mean=0.5 (+/-0.97998).
P1: N=1, mean=0 (+/-0).
P2: N=1, mean=1 (+/-0).
Game Durations: N=2, mean=66 (+/-0).
P1: N=1, mean=66 (+/-0).
P2: N=1, mean=66 (+/-0).

Agent 2 (SHUCTAnyTime)
Winning score (between 0 and 1) : N=2, mean=0.5 (+/-0.97998).
P1: N=1, mean=0 (+/-0).
P2: N=1, mean=1 (+/-0).
Game Durations: N=2, mean=66 (+/-0).
P1: N=1, mean=66 (+/-0).
P2: N=1, mean=66 (+/-0).
=====================================================
=====================================================
Completed 3 games.

Agent 1 (DoubleIterRegressionTreeSHUCTAny)
Winning score (between 0 and 1) : N=3, mean=0.666667 (+/-0.65332).
P1: N=1, mean=0 (+/-0).
P2: N=2, mean=1 (+/-0).
Game Durations: N=3, mean=66 (+/-0).
P1: N=1, mean=66 (+/-0).
P2: N=2, mean=66 (+/-0).

Agent 2 (SHUCTAnyTime)
Winning score (between 0 and 1) : N=3, mean=0.333333 (+/-0.65332).
P1: N=2, mean=0 (+/-0).
P2: N=1, mean=1 (+/-0).
Game Durations: N=3, mean=66 (+/-0).
P1: N=2, mean=66 (+/-0).
P2: N=1, mean=66 (+/-0).
=====================================================
=====================================================
Completed 4 games.

Agent 1 (DoubleIterRegressionTreeSHUCTAny)
Winning score (between 0 and 1) : N=4, mean=0.75 (+/-0.48999).
P1: N=2, mean=0.5 (+/-0.97998).
P2: N=2, mean=1 (+/-0).
Game Durations: N=4, mean=67.75 (+/-3.42993).
P1: N=2, mean=69.5 (+/-6.85986).
P2: N=2, mean=66 (+/-0).

Agent 2 (SHUCTAnyTime)
Winning score (between 0 and 1) : N=4, mean=0.25 (+/-0.48999).
P1: N=2, mean=0 (+/-0).
P2: N=2, mean=0.5 (+/-0.97998).
Game Durations: N=4, mean=67.75 (+/-3.42993).
P1: N=2, mean=66 (+/-0).
P2: N=2, mean=69.5 (+/-6.85986).
=====================================================
=====================================================
Completed 5 games.

Agent 1 (DoubleIterRegressionTreeSHUCTAny)
Winning score (between 0 and 1) : N=5, mean=0.8 (+/-0.391992).
P1: N=2, mean=0.5 (+/-0.97998).
P2: N=3, mean=1 (+/-0).
Game Durations: N=5, mean=68.2 (+/-2.799383).
P1: N=2, mean=69.5 (+/-6.85986).
P2: N=3, mean=67.333333 (+/-2.61328).

Agent 2 (SHUCTAnyTime)
Winning score (between 0 and 1) : N=5, mean=0.2 (+/-0.391992).
P1: N=3, mean=0 (+/-0).
P2: N=2, mean=0.5 (+/-0.97998).
Game Durations: N=5, mean=68.2 (+/-2.799383).
P1: N=3, mean=67.333333 (+/-2.61328).
P2: N=2, mean=69.5 (+/-6.85986).
=====================================================
=====================================================
Completed 10 games.

Agent 1 (DoubleIterRegressionTreeSHUCTAny)
Winning score (between 0 and 1) : N=10, mean=0.7 (+/-0.299389).
P1: N=5, mean=0.6 (+/-0.48009).
P2: N=5, mean=0.8 (+/-0.391992).
Game Durations: N=10, mean=69 (+/-2.81762).
P1: N=5, mean=70.6 (+/-4.579769).
P2: N=5, mean=67.4 (+/-3.135936).

Agent 2 (SHUCTAnyTime)
Winning score (between 0 and 1) : N=10, mean=0.3 (+/-0.299389).
P1: N=5, mean=0.2 (+/-0.391992).
P2: N=5, mean=0.4 (+/-0.48009).
Game Durations: N=10, mean=69 (+/-2.81762).
P1: N=5, mean=67.4 (+/-3.135936).
P2: N=5, mean=70.6 (+/-4.579769).
=====================================================
=====================================================
Completed 20 games.

Agent 1 (DoubleIterRegressionTreeSHUCTAny)
Winning score (between 0 and 1) : N=20, mean=0.6 (+/-0.22028).
P1: N=10, mean=0.7 (+/-0.299389).
P2: N=10, mean=0.5 (+/-0.32666).
Game Durations: N=20, mean=69.6 (+/-1.52084).
P1: N=10, mean=70.3 (+/-2.392436).
P2: N=10, mean=68.9 (+/-1.903618).

Agent 2 (SHUCTAnyTime)
Winning score (between 0 and 1) : N=20, mean=0.4 (+/-0.22028).
P1: N=10, mean=0.5 (+/-0.32666).
P2: N=10, mean=0.3 (+/-0.299389).
Game Durations: N=20, mean=69.6 (+/-1.52084).
P1: N=10, mean=68.9 (+/-1.903618).
P2: N=10, mean=70.3 (+/-2.392436).
=====================================================
=====================================================
Completed 30 games.

Agent 1 (DoubleIterRegressionTreeSHUCTAny)
Winning score (between 0 and 1) : N=30, mean=0.5 (+/-0.181978).
P1: N=15, mean=0.6 (+/-0.256619).
P2: N=15, mean=0.4 (+/-0.256619).
Game Durations: N=30, mean=69.933333 (+/-1.107658).
P1: N=15, mean=70.066667 (+/-1.715776).
P2: N=15, mean=69.8 (+/-1.459197).

Agent 2 (SHUCTAnyTime)
Winning score (between 0 and 1) : N=30, mean=0.5 (+/-0.181978).
P1: N=15, mean=0.6 (+/-0.256619).
P2: N=15, mean=0.4 (+/-0.256619).
Game Durations: N=30, mean=69.933333 (+/-1.107658).
P1: N=15, mean=69.8 (+/-1.459197).
P2: N=15, mean=70.066667 (+/-1.715776).
=====================================================
=====================================================
Completed 40 games.

Agent 1 (DoubleIterRegressionTreeSHUCTAny)
Winning score (between 0 and 1) : N=40, mean=0.475 (+/-0.156726).
P1: N=20, mean=0.6 (+/-0.22028).
P2: N=20, mean=0.35 (+/-0.214467).
Game Durations: N=40, mean=70.225 (+/-1.020569).
P1: N=20, mean=70.8 (+/-1.692007).
P2: N=20, mean=69.65 (+/-1.131062).

Agent 2 (SHUCTAnyTime)
Winning score (between 0 and 1) : N=40, mean=0.525 (+/-0.156726).
P1: N=20, mean=0.65 (+/-0.214467).
P2: N=20, mean=0.4 (+/-0.22028).
Game Durations: N=40, mean=70.225 (+/-1.020569).
P1: N=20, mean=69.65 (+/-1.131062).
P2: N=20, mean=70.8 (+/-1.692007).
=====================================================
=====================================================
Completed 50 games.

Agent 1 (DoubleIterRegressionTreeSHUCTAny)
Winning score (between 0 and 1) : N=50, mean=0.52 (+/-0.139885).
P1: N=25, mean=0.6 (+/-0.195996).
P2: N=25, mean=0.44 (+/-0.198592).
Game Durations: N=50, mean=69.9 (+/-0.899911).
P1: N=25, mean=70.44 (+/-1.409174).
P2: N=25, mean=69.36 (+/-1.108028).

Agent 2 (SHUCTAnyTime)
Winning score (between 0 and 1) : N=50, mean=0.48 (+/-0.139885).
P1: N=25, mean=0.56 (+/-0.198592).
P2: N=25, mean=0.4 (+/-0.195996).
Game Durations: N=50, mean=69.9 (+/-0.899911).
P1: N=25, mean=69.36 (+/-1.108028).
P2: N=25, mean=70.44 (+/-1.409174).
=====================================================
=====================================================
Completed 60 games.

Agent 1 (DoubleIterRegressionTreeSHUCTAny)
Winning score (between 0 and 1) : N=60, mean=0.533333 (+/-0.127299).
P1: N=30, mean=0.633333 (+/-0.175388).
P2: N=30, mean=0.433333 (+/-0.180353).
Game Durations: N=60, mean=69.933333 (+/-0.812086).
P1: N=30, mean=70.566667 (+/-1.270141).
P2: N=30, mean=69.3 (+/-0.981781).

Agent 2 (SHUCTAnyTime)
Winning score (between 0 and 1) : N=60, mean=0.466667 (+/-0.127299).
P1: N=30, mean=0.566667 (+/-0.180353).
P2: N=30, mean=0.366667 (+/-0.175388).
Game Durations: N=60, mean=69.933333 (+/-0.812086).
P1: N=30, mean=69.3 (+/-0.981781).
P2: N=30, mean=70.566667 (+/-1.270141).
=====================================================
=====================================================
Completed 70 games.

Agent 1 (DoubleIterRegressionTreeSHUCTAny)
Winning score (between 0 and 1) : N=70, mean=0.542857 (+/-0.117542).
P1: N=35, mean=0.628571 (+/-0.162414).
P2: N=35, mean=0.457143 (+/-0.167447).
Game Durations: N=70, mean=69.842857 (+/-0.732846).
P1: N=35, mean=70.571429 (+/-1.117091).
P2: N=35, mean=69.114286 (+/-0.901114).

Agent 2 (SHUCTAnyTime)
Winning score (between 0 and 1) : N=70, mean=0.457143 (+/-0.117542).
P1: N=35, mean=0.542857 (+/-0.167447).
P2: N=35, mean=0.371429 (+/-0.162414).
Game Durations: N=70, mean=69.842857 (+/-0.732846).
P1: N=35, mean=69.114286 (+/-0.901114).
P2: N=35, mean=70.571429 (+/-1.117091).
=====================================================
=====================================================
Completed 80 games.

Agent 1 (DoubleIterRegressionTreeSHUCTAny)
Winning score (between 0 and 1) : N=80, mean=0.525 (+/-0.110118).
P1: N=40, mean=0.65 (+/-0.149694).
P2: N=40, mean=0.4 (+/-0.153752).
Game Durations: N=80, mean=69.5 (+/-0.685897).
P1: N=40, mean=70.05 (+/-1.075691).
P2: N=40, mean=68.95 (+/-0.830207).

Agent 2 (SHUCTAnyTime)
Winning score (between 0 and 1) : N=80, mean=0.475 (+/-0.110118).
P1: N=40, mean=0.6 (+/-0.153752).
P2: N=40, mean=0.35 (+/-0.149694).
Game Durations: N=80, mean=69.5 (+/-0.685897).
P1: N=40, mean=68.95 (+/-0.830207).
P2: N=40, mean=70.05 (+/-1.075691).
=====================================================
=====================================================
Completed 90 games.

Agent 1 (DoubleIterRegressionTreeSHUCTAny)
Winning score (between 0 and 1) : N=90, mean=0.522222 (+/-0.103775).
P1: N=45, mean=0.644444 (+/-0.141438).
P2: N=45, mean=0.4 (+/-0.144753).
Game Durations: N=90, mean=69.355556 (+/-0.650606).
P1: N=45, mean=69.755556 (+/-1.00279).
P2: N=45, mean=68.955556 (+/-0.823936).

Agent 2 (SHUCTAnyTime)
Winning score (between 0 and 1) : N=90, mean=0.477778 (+/-0.103775).
P1: N=45, mean=0.6 (+/-0.144753).
P2: N=45, mean=0.355556 (+/-0.141438).
Game Durations: N=90, mean=69.355556 (+/-0.650606).
P1: N=45, mean=68.955556 (+/-0.823936).
P2: N=45, mean=69.755556 (+/-1.00279).
=====================================================
