Warming up...
Finished warming up!
=====================================================
Completed 1 games.

Agent 1 (EntropySHUCTAnytime)
Winning score (between 0 and 1) : N=1, mean=0 (+/-0).
P1: N=0, mean=0 (+/-0).
P2: N=1, mean=0 (+/-0).
Game Durations: N=1, mean=55 (+/-0).
P1: N=0, mean=0 (+/-0).
P2: N=1, mean=55 (+/-0).

Agent 2 (SHUCTAnyTime)
Winning score (between 0 and 1) : N=1, mean=1 (+/-0).
P1: N=1, mean=1 (+/-0).
P2: N=0, mean=0 (+/-0).
Game Durations: N=1, mean=55 (+/-0).
P1: N=1, mean=55 (+/-0).
P2: N=0, mean=0 (+/-0).
=====================================================
=====================================================
Completed 2 games.

Agent 1 (EntropySHUCTAnytime)
Winning score (between 0 and 1) : N=2, mean=0 (+/-0).
P1: N=1, mean=0 (+/-0).
P2: N=1, mean=0 (+/-0).
Game Durations: N=2, mean=47.5 (+/-14.6997).
P1: N=1, mean=40 (+/-0).
P2: N=1, mean=55 (+/-0).

Agent 2 (SHUCTAnyTime)
Winning score (between 0 and 1) : N=2, mean=1 (+/-0).
P1: N=1, mean=1 (+/-0).
P2: N=1, mean=1 (+/-0).
Game Durations: N=2, mean=47.5 (+/-14.6997).
P1: N=1, mean=55 (+/-0).
P2: N=1, mean=40 (+/-0).
=====================================================
=====================================================
Completed 3 games.

Agent 1 (EntropySHUCTAnytime)
Winning score (between 0 and 1) : N=3, mean=0.333333 (+/-0.65332).
P1: N=1, mean=0 (+/-0).
P2: N=2, mean=0.5 (+/-0.97998).
Game Durations: N=3, mean=51.666667 (+/-11.777894).
P1: N=1, mean=40 (+/-0).
P2: N=2, mean=57.5 (+/-4.8999).

Agent 2 (SHUCTAnyTime)
Winning score (between 0 and 1) : N=3, mean=0.666667 (+/-0.65332).
P1: N=2, mean=0.5 (+/-0.97998).
P2: N=1, mean=1 (+/-0).
Game Durations: N=3, mean=51.666667 (+/-11.777894).
P1: N=2, mean=57.5 (+/-4.8999).
P2: N=1, mean=40 (+/-0).
=====================================================
=====================================================
Completed 4 games.

Agent 1 (EntropySHUCTAnytime)
Winning score (between 0 and 1) : N=4, mean=0.25 (+/-0.48999).
P1: N=2, mean=0 (+/-0).
P2: N=2, mean=0.5 (+/-0.97998).
Game Durations: N=4, mean=49.75 (+/-9.136266).
P1: N=2, mean=42 (+/-3.91992).
P2: N=2, mean=57.5 (+/-4.8999).

Agent 2 (SHUCTAnyTime)
Winning score (between 0 and 1) : N=4, mean=0.75 (+/-0.48999).
P1: N=2, mean=0.5 (+/-0.97998).
P2: N=2, mean=1 (+/-0).
Game Durations: N=4, mean=49.75 (+/-9.136266).
P1: N=2, mean=57.5 (+/-4.8999).
P2: N=2, mean=42 (+/-3.91992).
=====================================================
=====================================================
Completed 5 games.

Agent 1 (EntropySHUCTAnytime)
Winning score (between 0 and 1) : N=5, mean=0.2 (+/-0.391992).
P1: N=2, mean=0 (+/-0).
P2: N=3, mean=0.333333 (+/-0.65332).
Game Durations: N=5, mean=52.8 (+/-9.263792).
P1: N=2, mean=42 (+/-3.91992).
P2: N=3, mean=60 (+/-5.657917).

Agent 2 (SHUCTAnyTime)
Winning score (between 0 and 1) : N=5, mean=0.8 (+/-0.391992).
P1: N=3, mean=0.666667 (+/-0.65332).
P2: N=2, mean=1 (+/-0).
Game Durations: N=5, mean=52.8 (+/-9.263792).
P1: N=3, mean=60 (+/-5.657917).
P2: N=2, mean=42 (+/-3.91992).
=====================================================
=====================================================
Completed 10 games.

Agent 1 (EntropySHUCTAnytime)
Winning score (between 0 and 1) : N=10, mean=0.5 (+/-0.32666).
P1: N=5, mean=0.6 (+/-0.48009).
P2: N=5, mean=0.4 (+/-0.48009).
Game Durations: N=10, mean=58 (+/-7.996167).
P1: N=5, mean=60.2 (+/-14.893117).
P2: N=5, mean=55.8 (+/-7.524817).

Agent 2 (SHUCTAnyTime)
Winning score (between 0 and 1) : N=10, mean=0.5 (+/-0.32666).
P1: N=5, mean=0.6 (+/-0.48009).
P2: N=5, mean=0.4 (+/-0.48009).
Game Durations: N=10, mean=58 (+/-7.996167).
P1: N=5, mean=55.8 (+/-7.524817).
P2: N=5, mean=60.2 (+/-14.893117).
=====================================================
=====================================================
Completed 20 games.

Agent 1 (EntropySHUCTAnytime)
Winning score (between 0 and 1) : N=20, mean=0.45 (+/-0.223696).
P1: N=10, mean=0.4 (+/-0.32006).
P2: N=10, mean=0.5 (+/-0.32666).
Game Durations: N=20, mean=53.75 (+/-5.063008).
P1: N=10, mean=54.2 (+/-8.841812).
P2: N=10, mean=53.3 (+/-5.466458).

Agent 2 (SHUCTAnyTime)
Winning score (between 0 and 1) : N=20, mean=0.55 (+/-0.223696).
P1: N=10, mean=0.5 (+/-0.32666).
P2: N=10, mean=0.6 (+/-0.32006).
Game Durations: N=20, mean=53.75 (+/-5.063008).
P1: N=10, mean=53.3 (+/-5.466458).
P2: N=10, mean=54.2 (+/-8.841812).
=====================================================
=====================================================
Completed 30 games.

Agent 1 (EntropySHUCTAnytime)
Winning score (between 0 and 1) : N=30, mean=0.466667 (+/-0.181573).
P1: N=15, mean=0.4 (+/-0.256619).
P2: N=15, mean=0.533333 (+/-0.261328).
Game Durations: N=30, mean=54.166667 (+/-3.844954).
P1: N=15, mean=53.2 (+/-6.292255).
P2: N=15, mean=55.133333 (+/-4.597973).

Agent 2 (SHUCTAnyTime)
Winning score (between 0 and 1) : N=30, mean=0.533333 (+/-0.181573).
P1: N=15, mean=0.466667 (+/-0.261328).
P2: N=15, mean=0.6 (+/-0.256619).
Game Durations: N=30, mean=54.166667 (+/-3.844954).
P1: N=15, mean=55.133333 (+/-4.597973).
P2: N=15, mean=53.2 (+/-6.292255).
=====================================================
=====================================================
Completed 40 games.

Agent 1 (EntropySHUCTAnytime)
Winning score (between 0 and 1) : N=40, mean=0.525 (+/-0.156726).
P1: N=20, mean=0.5 (+/-0.224823).
P2: N=20, mean=0.55 (+/-0.223696).
Game Durations: N=40, mean=52.775 (+/-3.677136).
P1: N=20, mean=51 (+/-5.628659).
P2: N=20, mean=54.55 (+/-4.74898).

Agent 2 (SHUCTAnyTime)
Winning score (between 0 and 1) : N=40, mean=0.475 (+/-0.156726).
P1: N=20, mean=0.45 (+/-0.223696).
P2: N=20, mean=0.5 (+/-0.224823).
Game Durations: N=40, mean=52.775 (+/-3.677136).
P1: N=20, mean=54.55 (+/-4.74898).
P2: N=20, mean=51 (+/-5.628659).
=====================================================
=====================================================
Completed 50 games.

Agent 1 (EntropySHUCTAnytime)
Winning score (between 0 and 1) : N=50, mean=0.5 (+/-0.139997).
P1: N=25, mean=0.44 (+/-0.198592).
P2: N=25, mean=0.56 (+/-0.198592).
Game Durations: N=50, mean=54.08 (+/-3.185956).
P1: N=25, mean=52.92 (+/-5.112103).
P2: N=25, mean=55.24 (+/-3.85782).

Agent 2 (SHUCTAnyTime)
Winning score (between 0 and 1) : N=50, mean=0.5 (+/-0.139997).
P1: N=25, mean=0.44 (+/-0.198592).
P2: N=25, mean=0.56 (+/-0.198592).
Game Durations: N=50, mean=54.08 (+/-3.185956).
P1: N=25, mean=55.24 (+/-3.85782).
P2: N=25, mean=52.92 (+/-5.112103).
=====================================================
=====================================================
Completed 60 games.

Agent 1 (EntropySHUCTAnytime)
Winning score (between 0 and 1) : N=60, mean=0.516667 (+/-0.127512).
P1: N=30, mean=0.466667 (+/-0.181573).
P2: N=30, mean=0.566667 (+/-0.180353).
Game Durations: N=60, mean=54.283333 (+/-3.054562).
P1: N=30, mean=51.6 (+/-4.610038).
P2: N=30, mean=56.966667 (+/-3.847709).

Agent 2 (SHUCTAnyTime)
Winning score (between 0 and 1) : N=60, mean=0.483333 (+/-0.127512).
P1: N=30, mean=0.433333 (+/-0.180353).
P2: N=30, mean=0.533333 (+/-0.181573).
Game Durations: N=60, mean=54.283333 (+/-3.054562).
P1: N=30, mean=56.966667 (+/-3.847709).
P2: N=30, mean=51.6 (+/-4.610038).
=====================================================
=====================================================
Completed 70 games.

Agent 1 (EntropySHUCTAnytime)
Winning score (between 0 and 1) : N=70, mean=0.514286 (+/-0.117928).
P1: N=35, mean=0.485714 (+/-0.167997).
P2: N=35, mean=0.542857 (+/-0.167447).
Game Durations: N=70, mean=54.242857 (+/-2.811244).
P1: N=35, mean=51.971429 (+/-4.175511).
P2: N=35, mean=56.514286 (+/-3.671036).

Agent 2 (SHUCTAnyTime)
Winning score (between 0 and 1) : N=70, mean=0.485714 (+/-0.117928).
P1: N=35, mean=0.457143 (+/-0.167447).
P2: N=35, mean=0.514286 (+/-0.167997).
Game Durations: N=70, mean=54.242857 (+/-2.811244).
P1: N=35, mean=56.514286 (+/-3.671036).
P2: N=35, mean=51.971429 (+/-4.175511).
=====================================================
=====================================================
Completed 80 games.

Agent 1 (EntropySHUCTAnytime)
Winning score (between 0 and 1) : N=80, mean=0.475 (+/-0.110118).
P1: N=40, mean=0.45 (+/-0.156136).
P2: N=40, mean=0.5 (+/-0.156922).
Game Durations: N=80, mean=54.325 (+/-2.563259).
P1: N=40, mean=52.2 (+/-3.763652).
P2: N=40, mean=56.45 (+/-3.400512).

Agent 2 (SHUCTAnyTime)
Winning score (between 0 and 1) : N=80, mean=0.525 (+/-0.110118).
P1: N=40, mean=0.5 (+/-0.156922).
P2: N=40, mean=0.55 (+/-0.156136).
Game Durations: N=80, mean=54.325 (+/-2.563259).
P1: N=40, mean=56.45 (+/-3.400512).
P2: N=40, mean=52.2 (+/-3.763652).
=====================================================
=====================================================
Completed 90 games.

Agent 1 (EntropySHUCTAnytime)
Winning score (between 0 and 1) : N=90, mean=0.477778 (+/-0.103775).
P1: N=45, mean=0.466667 (+/-0.147409).
P2: N=45, mean=0.488889 (+/-0.147701).
Game Durations: N=90, mean=54.044444 (+/-2.405323).
P1: N=45, mean=52.822222 (+/-3.538739).
P2: N=45, mean=55.266667 (+/-3.259108).

Agent 2 (SHUCTAnyTime)
Winning score (between 0 and 1) : N=90, mean=0.522222 (+/-0.103775).
P1: N=45, mean=0.511111 (+/-0.147701).
P2: N=45, mean=0.533333 (+/-0.147409).
Game Durations: N=90, mean=54.044444 (+/-2.405323).
P1: N=45, mean=55.266667 (+/-3.259108).
P2: N=45, mean=52.822222 (+/-3.538739).
=====================================================
=====================================================
Completed 100 games.

Agent 1 (EntropySHUCTAnytime)
Winning score (between 0 and 1) : N=100, mean=0.46 (+/-0.098176).
P1: N=50, mean=0.46 (+/-0.139548).
P2: N=50, mean=0.46 (+/-0.139548).
Game Durations: N=100, mean=53.62 (+/-2.294798).
P1: N=50, mean=52.38 (+/-3.306252).
P2: N=50, mean=54.86 (+/-3.179142).

Agent 2 (SHUCTAnyTime)
Winning score (between 0 and 1) : N=100, mean=0.54 (+/-0.098176).
P1: N=50, mean=0.54 (+/-0.139548).
P2: N=50, mean=0.54 (+/-0.139548).
Game Durations: N=100, mean=53.62 (+/-2.294798).
P1: N=50, mean=54.86 (+/-3.179142).
P2: N=50, mean=52.38 (+/-3.306252).
=====================================================
