Warming up...
Finished warming up!
=====================================================
Completed 1 games.

Agent 1 (EntropySHUCTAnytime)
Winning score (between 0 and 1) : N=1, mean=0 (+/-0).
P1: N=0, mean=0 (+/-0).
P2: N=1, mean=0 (+/-0).
Game Durations: N=1, mean=65 (+/-0).
P1: N=0, mean=0 (+/-0).
P2: N=1, mean=65 (+/-0).

Agent 2 (SHUCTAnyTime)
Winning score (between 0 and 1) : N=1, mean=1 (+/-0).
P1: N=1, mean=1 (+/-0).
P2: N=0, mean=0 (+/-0).
Game Durations: N=1, mean=65 (+/-0).
P1: N=1, mean=65 (+/-0).
P2: N=0, mean=0 (+/-0).
=====================================================
=====================================================
Completed 2 games.

Agent 1 (EntropySHUCTAnytime)
Winning score (between 0 and 1) : N=2, mean=0 (+/-0).
P1: N=1, mean=0 (+/-0).
P2: N=1, mean=0 (+/-0).
Game Durations: N=2, mean=62.5 (+/-4.8999).
P1: N=1, mean=60 (+/-0).
P2: N=1, mean=65 (+/-0).

Agent 2 (SHUCTAnyTime)
Winning score (between 0 and 1) : N=2, mean=1 (+/-0).
P1: N=1, mean=1 (+/-0).
P2: N=1, mean=1 (+/-0).
Game Durations: N=2, mean=62.5 (+/-4.8999).
P1: N=1, mean=65 (+/-0).
P2: N=1, mean=60 (+/-0).
=====================================================
=====================================================
Completed 3 games.

Agent 1 (EntropySHUCTAnytime)
Winning score (between 0 and 1) : N=3, mean=0.333333 (+/-0.65332).
P1: N=1, mean=0 (+/-0).
P2: N=2, mean=0.5 (+/-0.97998).
Game Durations: N=3, mean=53 (+/-18.833302).
P1: N=1, mean=60 (+/-0).
P2: N=2, mean=49.5 (+/-30.37938).

Agent 2 (SHUCTAnyTime)
Winning score (between 0 and 1) : N=3, mean=0.666667 (+/-0.65332).
P1: N=2, mean=0.5 (+/-0.97998).
P2: N=1, mean=1 (+/-0).
Game Durations: N=3, mean=53 (+/-18.833302).
P1: N=2, mean=49.5 (+/-30.37938).
P2: N=1, mean=60 (+/-0).
=====================================================
=====================================================
Completed 4 games.

Agent 1 (EntropySHUCTAnytime)
Winning score (between 0 and 1) : N=4, mean=0.25 (+/-0.48999).
P1: N=2, mean=0 (+/-0).
P2: N=2, mean=0.5 (+/-0.97998).
Game Durations: N=4, mean=50.25 (+/-14.366542).
P1: N=2, mean=51 (+/-17.63964).
P2: N=2, mean=49.5 (+/-30.37938).

Agent 2 (SHUCTAnyTime)
Winning score (between 0 and 1) : N=4, mean=0.75 (+/-0.48999).
P1: N=2, mean=0.5 (+/-0.97998).
P2: N=2, mean=1 (+/-0).
Game Durations: N=4, mean=50.25 (+/-14.366542).
P1: N=2, mean=49.5 (+/-30.37938).
P2: N=2, mean=51 (+/-17.63964).
=====================================================
=====================================================
Completed 5 games.

Agent 1 (EntropySHUCTAnytime)
Winning score (between 0 and 1) : N=5, mean=0.2 (+/-0.391992).
P1: N=2, mean=0 (+/-0).
P2: N=3, mean=0.333333 (+/-0.65332).
Game Durations: N=5, mean=54 (+/-13.336372).
P1: N=2, mean=51 (+/-17.63964).
P2: N=3, mean=56 (+/-21.67802).

Agent 2 (SHUCTAnyTime)
Winning score (between 0 and 1) : N=5, mean=0.8 (+/-0.391992).
P1: N=3, mean=0.666667 (+/-0.65332).
P2: N=2, mean=1 (+/-0).
Game Durations: N=5, mean=54 (+/-13.336372).
P1: N=3, mean=56 (+/-21.67802).
P2: N=2, mean=51 (+/-17.63964).
=====================================================
=====================================================
Completed 10 games.

Agent 1 (EntropySHUCTAnytime)
Winning score (between 0 and 1) : N=10, mean=0.3 (+/-0.299389).
P1: N=5, mean=0 (+/-0).
P2: N=5, mean=0.6 (+/-0.48009).
Game Durations: N=10, mean=52 (+/-8.543268).
P1: N=5, mean=50.8 (+/-13.036313).
P2: N=5, mean=53.2 (+/-12.479267).

Agent 2 (SHUCTAnyTime)
Winning score (between 0 and 1) : N=10, mean=0.7 (+/-0.299389).
P1: N=5, mean=0.4 (+/-0.48009).
P2: N=5, mean=1 (+/-0).
Game Durations: N=10, mean=52 (+/-8.543268).
P1: N=5, mean=53.2 (+/-12.479267).
P2: N=5, mean=50.8 (+/-13.036313).
=====================================================
=====================================================
Completed 20 games.

Agent 1 (EntropySHUCTAnytime)
Winning score (between 0 and 1) : N=20, mean=0.3 (+/-0.206054).
P1: N=10, mean=0 (+/-0).
P2: N=10, mean=0.6 (+/-0.32006).
Game Durations: N=20, mean=55.3 (+/-6.261386).
P1: N=10, mean=50.8 (+/-7.865929).
P2: N=10, mean=59.8 (+/-9.293692).

Agent 2 (SHUCTAnyTime)
Winning score (between 0 and 1) : N=20, mean=0.7 (+/-0.206054).
P1: N=10, mean=0.4 (+/-0.32006).
P2: N=10, mean=1 (+/-0).
Game Durations: N=20, mean=55.3 (+/-6.261386).
P1: N=10, mean=59.8 (+/-9.293692).
P2: N=10, mean=50.8 (+/-7.865929).
=====================================================
=====================================================
Completed 30 games.

Agent 1 (EntropySHUCTAnytime)
Winning score (between 0 and 1) : N=30, mean=0.433333 (+/-0.180353).
P1: N=15, mean=0.2 (+/-0.209529).
P2: N=15, mean=0.666667 (+/-0.246932).
Game Durations: N=30, mean=55.266667 (+/-4.872051).
P1: N=15, mean=51 (+/-5.321365).
P2: N=15, mean=59.533333 (+/-7.747993).

Agent 2 (SHUCTAnyTime)
Winning score (between 0 and 1) : N=30, mean=0.566667 (+/-0.180353).
P1: N=15, mean=0.333333 (+/-0.246932).
P2: N=15, mean=0.8 (+/-0.209529).
Game Durations: N=30, mean=55.266667 (+/-4.872051).
P1: N=15, mean=59.533333 (+/-7.747993).
P2: N=15, mean=51 (+/-5.321365).
=====================================================
=====================================================
Completed 40 games.

Agent 1 (EntropySHUCTAnytime)
Winning score (between 0 and 1) : N=40, mean=0.525 (+/-0.156726).
P1: N=20, mean=0.3 (+/-0.206054).
P2: N=20, mean=0.75 (+/-0.194702).
Game Durations: N=40, mean=56.225 (+/-4.428709).
P1: N=20, mean=53.4 (+/-5.704301).
P2: N=20, mean=59.05 (+/-6.689717).

Agent 2 (SHUCTAnyTime)
Winning score (between 0 and 1) : N=40, mean=0.475 (+/-0.156726).
P1: N=20, mean=0.25 (+/-0.194702).
P2: N=20, mean=0.7 (+/-0.206054).
Game Durations: N=40, mean=56.225 (+/-4.428709).
P1: N=20, mean=59.05 (+/-6.689717).
P2: N=20, mean=53.4 (+/-5.704301).
=====================================================
=====================================================
Completed 50 games.

Agent 1 (EntropySHUCTAnytime)
Winning score (between 0 and 1) : N=50, mean=0.56 (+/-0.138986).
P1: N=25, mean=0.36 (+/-0.192036).
P2: N=25, mean=0.76 (+/-0.170865).
Game Durations: N=50, mean=56.18 (+/-3.797486).
P1: N=25, mean=54.12 (+/-5.153763).
P2: N=25, mean=58.24 (+/-5.564676).

Agent 2 (SHUCTAnyTime)
Winning score (between 0 and 1) : N=50, mean=0.44 (+/-0.138986).
P1: N=25, mean=0.24 (+/-0.170865).
P2: N=25, mean=0.64 (+/-0.192036).
Game Durations: N=50, mean=56.18 (+/-3.797486).
P1: N=25, mean=58.24 (+/-5.564676).
P2: N=25, mean=54.12 (+/-5.153763).
=====================================================
=====================================================
Completed 60 games.

Agent 1 (EntropySHUCTAnytime)
Winning score (between 0 and 1) : N=60, mean=0.533333 (+/-0.127299).
P1: N=30, mean=0.333333 (+/-0.17157).
P2: N=30, mean=0.733333 (+/-0.160947).
Game Durations: N=60, mean=55.033333 (+/-3.325956).
P1: N=30, mean=53.933333 (+/-4.474268).
P2: N=30, mean=56.133333 (+/-4.96701).

Agent 2 (SHUCTAnyTime)
Winning score (between 0 and 1) : N=60, mean=0.466667 (+/-0.127299).
P1: N=30, mean=0.266667 (+/-0.160947).
P2: N=30, mean=0.666667 (+/-0.17157).
Game Durations: N=60, mean=55.033333 (+/-3.325956).
P1: N=30, mean=56.133333 (+/-4.96701).
P2: N=30, mean=53.933333 (+/-4.474268).
=====================================================
=====================================================
Completed 70 games.

Agent 1 (EntropySHUCTAnytime)
Winning score (between 0 and 1) : N=70, mean=0.514286 (+/-0.117928).
P1: N=35, mean=0.314286 (+/-0.156042).
P2: N=35, mean=0.714286 (+/-0.151848).
Game Durations: N=70, mean=54.1 (+/-3.102214).
P1: N=35, mean=53 (+/-4.10496).
P2: N=35, mean=55.2 (+/-4.683684).

Agent 2 (SHUCTAnyTime)
Winning score (between 0 and 1) : N=70, mean=0.485714 (+/-0.117928).
P1: N=35, mean=0.285714 (+/-0.151848).
P2: N=35, mean=0.685714 (+/-0.156042).
Game Durations: N=70, mean=54.1 (+/-3.102214).
P1: N=35, mean=55.2 (+/-4.683684).
P2: N=35, mean=53 (+/-4.10496).
=====================================================
=====================================================
Completed 80 games.

Agent 1 (EntropySHUCTAnytime)
Winning score (between 0 and 1) : N=80, mean=0.5125 (+/-0.110222).
P1: N=40, mean=0.325 (+/-0.146997).
P2: N=40, mean=0.7 (+/-0.143822).
Game Durations: N=80, mean=54.7125 (+/-2.801508).
P1: N=40, mean=53.375 (+/-3.634837).
P2: N=40, mean=56.05 (+/-4.269875).

Agent 2 (SHUCTAnyTime)
Winning score (between 0 and 1) : N=80, mean=0.4875 (+/-0.110222).
P1: N=40, mean=0.3 (+/-0.143822).
P2: N=40, mean=0.675 (+/-0.146997).
Game Durations: N=80, mean=54.7125 (+/-2.801508).
P1: N=40, mean=56.05 (+/-4.269875).
P2: N=40, mean=53.375 (+/-3.634837).
=====================================================
=====================================================
Completed 90 games.

Agent 1 (EntropySHUCTAnytime)
Winning score (between 0 and 1) : N=90, mean=0.522222 (+/-0.103775).
P1: N=45, mean=0.333333 (+/-0.139288).
P2: N=45, mean=0.711111 (+/-0.133923).
Game Durations: N=90, mean=54.377778 (+/-2.601431).
P1: N=45, mean=52.422222 (+/-3.417244).
P2: N=45, mean=56.333333 (+/-3.877122).

Agent 2 (SHUCTAnyTime)
Winning score (between 0 and 1) : N=90, mean=0.477778 (+/-0.103775).
P1: N=45, mean=0.288889 (+/-0.133923).
P2: N=45, mean=0.666667 (+/-0.139288).
Game Durations: N=90, mean=54.377778 (+/-2.601431).
P1: N=45, mean=56.333333 (+/-3.877122).
P2: N=45, mean=52.422222 (+/-3.417244).
=====================================================
=====================================================
Completed 100 games.

Agent 1 (EntropySHUCTAnytime)
Winning score (between 0 and 1) : N=100, mean=0.54 (+/-0.098176).
P1: N=50, mean=0.38 (+/-0.135905).
P2: N=50, mean=0.7 (+/-0.12831).
Game Durations: N=100, mean=54.02 (+/-2.504244).
P1: N=50, mean=52.58 (+/-3.288754).
P2: N=50, mean=55.46 (+/-3.768274).

Agent 2 (SHUCTAnyTime)
Winning score (between 0 and 1) : N=100, mean=0.46 (+/-0.098176).
P1: N=50, mean=0.3 (+/-0.12831).
P2: N=50, mean=0.62 (+/-0.135905).
Game Durations: N=100, mean=54.02 (+/-2.504244).
P1: N=50, mean=55.46 (+/-3.768274).
P2: N=50, mean=52.58 (+/-3.288754).
=====================================================
