Warming up...
Finished warming up!
=====================================================
Completed 1 games.

Agent 1 (DoubleIterRegressionTreeSHUCTAny)
Winning score (between 0 and 1) : N=1, mean=0 (+/-0).
P1: N=1, mean=0 (+/-0).
P2: N=0, mean=0 (+/-0).
Game Durations: N=1, mean=168 (+/-0).
P1: N=1, mean=168 (+/-0).
P2: N=0, mean=0 (+/-0).

Agent 2 (SHUCTAnyTime)
Winning score (between 0 and 1) : N=1, mean=1 (+/-0).
P1: N=0, mean=0 (+/-0).
P2: N=1, mean=1 (+/-0).
Game Durations: N=1, mean=168 (+/-0).
P1: N=0, mean=0 (+/-0).
P2: N=1, mean=168 (+/-0).
=====================================================
=====================================================
Completed 2 games.

Agent 1 (DoubleIterRegressionTreeSHUCTAny)
Winning score (between 0 and 1) : N=2, mean=0 (+/-0).
P1: N=1, mean=0 (+/-0).
P2: N=1, mean=0 (+/-0).
Game Durations: N=2, mean=143 (+/-48.999).
P1: N=1, mean=168 (+/-0).
P2: N=1, mean=118 (+/-0).

Agent 2 (SHUCTAnyTime)
Winning score (between 0 and 1) : N=2, mean=1 (+/-0).
P1: N=1, mean=1 (+/-0).
P2: N=1, mean=1 (+/-0).
Game Durations: N=2, mean=143 (+/-48.999).
P1: N=1, mean=118 (+/-0).
P2: N=1, mean=168 (+/-0).
=====================================================
=====================================================
Completed 3 games.

Agent 1 (DoubleIterRegressionTreeSHUCTAny)
Winning score (between 0 and 1) : N=3, mean=0 (+/-0).
P1: N=2, mean=0 (+/-0).
P2: N=1, mean=0 (+/-0).
Game Durations: N=3, mean=148.666667 (+/-30.391671).
P1: N=2, mean=164 (+/-7.83984).
P2: N=1, mean=118 (+/-0).

Agent 2 (SHUCTAnyTime)
Winning score (between 0 and 1) : N=3, mean=1 (+/-0).
P1: N=1, mean=1 (+/-0).
P2: N=2, mean=1 (+/-0).
Game Durations: N=3, mean=148.666667 (+/-30.391671).
P1: N=1, mean=118 (+/-0).
P2: N=2, mean=164 (+/-7.83984).
=====================================================
=====================================================
Completed 4 games.

Agent 1 (DoubleIterRegressionTreeSHUCTAny)
Winning score (between 0 and 1) : N=4, mean=0 (+/-0).
P1: N=2, mean=0 (+/-0).
P2: N=2, mean=0 (+/-0).
Game Durations: N=4, mean=153 (+/-23.107588).
P1: N=2, mean=164 (+/-7.83984).
P2: N=2, mean=142 (+/-47.03904).

Agent 2 (SHUCTAnyTime)
Winning score (between 0 and 1) : N=4, mean=1 (+/-0).
P1: N=2, mean=1 (+/-0).
P2: N=2, mean=1 (+/-0).
Game Durations: N=4, mean=153 (+/-23.107588).
P1: N=2, mean=142 (+/-47.03904).
P2: N=2, mean=164 (+/-7.83984).
=====================================================
=====================================================
Completed 5 games.

Agent 1 (DoubleIterRegressionTreeSHUCTAny)
Winning score (between 0 and 1) : N=5, mean=0 (+/-0).
P1: N=3, mean=0 (+/-0).
P2: N=2, mean=0 (+/-0).
Game Durations: N=5, mean=156.8 (+/-19.386769).
P1: N=3, mean=166.666667 (+/-6.914089).
P2: N=2, mean=142 (+/-47.03904).

Agent 2 (SHUCTAnyTime)
Winning score (between 0 and 1) : N=5, mean=1 (+/-0).
P1: N=2, mean=1 (+/-0).
P2: N=3, mean=1 (+/-0).
Game Durations: N=5, mean=156.8 (+/-19.386769).
P1: N=2, mean=142 (+/-47.03904).
P2: N=3, mean=166.666667 (+/-6.914089).
=====================================================
=====================================================
Completed 10 games.

Agent 1 (DoubleIterRegressionTreeSHUCTAny)
Winning score (between 0 and 1) : N=10, mean=0.2 (+/-0.261328).
P1: N=5, mean=0.2 (+/-0.391992).
P2: N=5, mean=0.2 (+/-0.391992).
Game Durations: N=10, mean=153.4 (+/-10.648114).
P1: N=5, mean=164.4 (+/-5.019947).
P2: N=5, mean=142.4 (+/-15.893813).

Agent 2 (SHUCTAnyTime)
Winning score (between 0 and 1) : N=10, mean=0.8 (+/-0.261328).
P1: N=5, mean=0.8 (+/-0.391992).
P2: N=5, mean=0.8 (+/-0.391992).
Game Durations: N=10, mean=153.4 (+/-10.648114).
P1: N=5, mean=142.4 (+/-15.893813).
P2: N=5, mean=164.4 (+/-5.019947).
=====================================================
=====================================================
Completed 20 games.

Agent 1 (DoubleIterRegressionTreeSHUCTAny)
Winning score (between 0 and 1) : N=20, mean=0.35 (+/-0.214467).
P1: N=10, mean=0.5 (+/-0.32666).
P2: N=10, mean=0.2 (+/-0.261328).
Game Durations: N=20, mean=154.7 (+/-6.909197).
P1: N=10, mean=160.2 (+/-5.914621).
P2: N=10, mean=149.2 (+/-11.863831).

Agent 2 (SHUCTAnyTime)
Winning score (between 0 and 1) : N=20, mean=0.65 (+/-0.214467).
P1: N=10, mean=0.8 (+/-0.261328).
P2: N=10, mean=0.5 (+/-0.32666).
Game Durations: N=20, mean=154.7 (+/-6.909197).
P1: N=10, mean=149.2 (+/-11.863831).
P2: N=10, mean=160.2 (+/-5.914621).
=====================================================
=====================================================
Completed 30 games.

Agent 1 (DoubleIterRegressionTreeSHUCTAny)
Winning score (between 0 and 1) : N=30, mean=0.333333 (+/-0.17157).
P1: N=15, mean=0.333333 (+/-0.246932).
P2: N=15, mean=0.333333 (+/-0.246932).
Game Durations: N=30, mean=154.466667 (+/-5.83142).
P1: N=15, mean=160.933333 (+/-4.88201).
P2: N=15, mean=148 (+/-9.700364).

Agent 2 (SHUCTAnyTime)
Winning score (between 0 and 1) : N=30, mean=0.666667 (+/-0.17157).
P1: N=15, mean=0.666667 (+/-0.246932).
P2: N=15, mean=0.666667 (+/-0.246932).
Game Durations: N=30, mean=154.466667 (+/-5.83142).
P1: N=15, mean=148 (+/-9.700364).
P2: N=15, mean=160.933333 (+/-4.88201).
=====================================================
=====================================================
Completed 40 games.

Agent 1 (DoubleIterRegressionTreeSHUCTAny)
Winning score (between 0 and 1) : N=40, mean=0.425 (+/-0.155147).
P1: N=20, mean=0.45 (+/-0.223696).
P2: N=20, mean=0.4 (+/-0.22028).
Game Durations: N=40, mean=157.15 (+/-4.780109).
P1: N=20, mean=162.1 (+/-4.563184).
P2: N=20, mean=152.2 (+/-7.941817).

Agent 2 (SHUCTAnyTime)
Winning score (between 0 and 1) : N=40, mean=0.575 (+/-0.155147).
P1: N=20, mean=0.6 (+/-0.22028).
P2: N=20, mean=0.55 (+/-0.223696).
Game Durations: N=40, mean=157.15 (+/-4.780109).
P1: N=20, mean=152.2 (+/-7.941817).
P2: N=20, mean=162.1 (+/-4.563184).
=====================================================
=====================================================
Completed 50 games.

Agent 1 (DoubleIterRegressionTreeSHUCTAny)
Winning score (between 0 and 1) : N=50, mean=0.42 (+/-0.138194).
P1: N=25, mean=0.44 (+/-0.198592).
P2: N=25, mean=0.4 (+/-0.195996).
Game Durations: N=50, mean=154.8 (+/-4.695897).
P1: N=25, mean=158.32 (+/-5.930534).
P2: N=25, mean=151.28 (+/-7.134829).

Agent 2 (SHUCTAnyTime)
Winning score (between 0 and 1) : N=50, mean=0.58 (+/-0.138194).
P1: N=25, mean=0.6 (+/-0.195996).
P2: N=25, mean=0.56 (+/-0.198592).
Game Durations: N=50, mean=154.8 (+/-4.695897).
P1: N=25, mean=151.28 (+/-7.134829).
P2: N=25, mean=158.32 (+/-5.930534).
=====================================================
=====================================================
Completed 60 games.

Agent 1 (DoubleIterRegressionTreeSHUCTAny)
Winning score (between 0 and 1) : N=60, mean=0.433333 (+/-0.126443).
P1: N=30, mean=0.366667 (+/-0.175388).
P2: N=30, mean=0.5 (+/-0.181978).
Game Durations: N=60, mean=154.6 (+/-4.433611).
P1: N=30, mean=159 (+/-5.295103).
P2: N=30, mean=150.2 (+/-6.842233).

Agent 2 (SHUCTAnyTime)
Winning score (between 0 and 1) : N=60, mean=0.566667 (+/-0.126443).
P1: N=30, mean=0.5 (+/-0.181978).
P2: N=30, mean=0.633333 (+/-0.175388).
Game Durations: N=60, mean=154.6 (+/-4.433611).
P1: N=30, mean=150.2 (+/-6.842233).
P2: N=30, mean=159 (+/-5.295103).
=====================================================
=====================================================
Completed 70 games.

Agent 1 (DoubleIterRegressionTreeSHUCTAny)
Winning score (between 0 and 1) : N=70, mean=0.457143 (+/-0.117542).
P1: N=35, mean=0.342857 (+/-0.159549).
P2: N=35, mean=0.571429 (+/-0.166341).
Game Durations: N=70, mean=155.171429 (+/-3.892631).
P1: N=35, mean=158.285714 (+/-4.655182).
P2: N=35, mean=152.057143 (+/-6.135089).

Agent 2 (SHUCTAnyTime)
Winning score (between 0 and 1) : N=70, mean=0.542857 (+/-0.117542).
P1: N=35, mean=0.428571 (+/-0.166341).
P2: N=35, mean=0.657143 (+/-0.159549).
Game Durations: N=70, mean=155.171429 (+/-3.892631).
P1: N=35, mean=152.057143 (+/-6.135089).
P2: N=35, mean=158.285714 (+/-4.655182).
=====================================================
=====================================================
Completed 80 games.

Agent 1 (DoubleIterRegressionTreeSHUCTAny)
Winning score (between 0 and 1) : N=80, mean=0.4625 (+/-0.109946).
P1: N=40, mean=0.375 (+/-0.151939).
P2: N=40, mean=0.55 (+/-0.156136).
Game Durations: N=80, mean=156.425 (+/-3.561601).
P1: N=40, mean=158.85 (+/-4.217419).
P2: N=40, mean=154 (+/-5.696088).

Agent 2 (SHUCTAnyTime)
Winning score (between 0 and 1) : N=80, mean=0.5375 (+/-0.109946).
P1: N=40, mean=0.45 (+/-0.156136).
P2: N=40, mean=0.625 (+/-0.151939).
Game Durations: N=80, mean=156.425 (+/-3.561601).
P1: N=40, mean=154 (+/-5.696088).
P2: N=40, mean=158.85 (+/-4.217419).
=====================================================
=====================================================
Completed 90 games.

Agent 1 (DoubleIterRegressionTreeSHUCTAny)
Winning score (between 0 and 1) : N=90, mean=0.455556 (+/-0.103466).
P1: N=45, mean=0.4 (+/-0.144753).
P2: N=45, mean=0.511111 (+/-0.147701).
Game Durations: N=90, mean=156.533333 (+/-3.239207).
P1: N=45, mean=158.755556 (+/-3.916531).
P2: N=45, mean=154.311111 (+/-5.123016).

Agent 2 (SHUCTAnyTime)
Winning score (between 0 and 1) : N=90, mean=0.544444 (+/-0.103466).
P1: N=45, mean=0.488889 (+/-0.147701).
P2: N=45, mean=0.6 (+/-0.144753).
Game Durations: N=90, mean=156.533333 (+/-3.239207).
P1: N=45, mean=154.311111 (+/-5.123016).
P2: N=45, mean=158.755556 (+/-3.916531).
=====================================================
=====================================================
Completed 100 games.

Agent 1 (DoubleIterRegressionTreeSHUCTAny)
Winning score (between 0 and 1) : N=100, mean=0.45 (+/-0.097998).
P1: N=50, mean=0.4 (+/-0.137169).
P2: N=50, mean=0.5 (+/-0.139997).
Game Durations: N=100, mean=156.1 (+/-3.183278).
P1: N=50, mean=158.48 (+/-3.696875).
P2: N=50, mean=153.72 (+/-5.137278).

Agent 2 (SHUCTAnyTime)
Winning score (between 0 and 1) : N=100, mean=0.55 (+/-0.097998).
P1: N=50, mean=0.5 (+/-0.139997).
P2: N=50, mean=0.6 (+/-0.137169).
Game Durations: N=100, mean=156.1 (+/-3.183278).
P1: N=50, mean=153.72 (+/-5.137278).
P2: N=50, mean=158.48 (+/-3.696875).
=====================================================
