Warming up...
Finished warming up!
=====================================================
Completed 1 games.

Agent 1 (EntropySHUCTAnytime)
Winning score (between 0 and 1) : N=1, mean=0 (+/-0).
P1: N=1, mean=0 (+/-0).
P2: N=0, mean=0 (+/-0).
Game Durations: N=1, mean=60 (+/-0).
P1: N=1, mean=60 (+/-0).
P2: N=0, mean=0 (+/-0).

Agent 2 (Example UCT)
Winning score (between 0 and 1) : N=1, mean=1 (+/-0).
P1: N=0, mean=0 (+/-0).
P2: N=1, mean=1 (+/-0).
Game Durations: N=1, mean=60 (+/-0).
P1: N=0, mean=0 (+/-0).
P2: N=1, mean=60 (+/-0).
=====================================================
=====================================================
Completed 2 games.

Agent 1 (EntropySHUCTAnytime)
Winning score (between 0 and 1) : N=2, mean=0 (+/-0).
P1: N=1, mean=0 (+/-0).
P2: N=1, mean=0 (+/-0).
Game Durations: N=2, mean=61.5 (+/-2.93994).
P1: N=1, mean=60 (+/-0).
P2: N=1, mean=63 (+/-0).

Agent 2 (Example UCT)
Winning score (between 0 and 1) : N=2, mean=1 (+/-0).
P1: N=1, mean=1 (+/-0).
P2: N=1, mean=1 (+/-0).
Game Durations: N=2, mean=61.5 (+/-2.93994).
P1: N=1, mean=63 (+/-0).
P2: N=1, mean=60 (+/-0).
=====================================================
=====================================================
Completed 3 games.

Agent 1 (EntropySHUCTAnytime)
Winning score (between 0 and 1) : N=3, mean=0.333333 (+/-0.65332).
P1: N=2, mean=0.5 (+/-0.97998).
P2: N=1, mean=0 (+/-0).
Game Durations: N=3, mean=60.666667 (+/-2.355579).
P1: N=2, mean=59.5 (+/-0.97998).
P2: N=1, mean=63 (+/-0).

Agent 2 (Example UCT)
Winning score (between 0 and 1) : N=3, mean=0.666667 (+/-0.65332).
P1: N=1, mean=1 (+/-0).
P2: N=2, mean=0.5 (+/-0.97998).
Game Durations: N=3, mean=60.666667 (+/-2.355579).
P1: N=1, mean=63 (+/-0).
P2: N=2, mean=59.5 (+/-0.97998).
=====================================================
=====================================================
Completed 4 games.

Agent 1 (EntropySHUCTAnytime)
Winning score (between 0 and 1) : N=4, mean=0.5 (+/-0.565792).
P1: N=2, mean=0.5 (+/-0.97998).
P2: N=2, mean=0.5 (+/-0.97998).
Game Durations: N=4, mean=56.5 (+/-8.334632).
P1: N=2, mean=59.5 (+/-0.97998).
P2: N=2, mean=53.5 (+/-18.61962).

Agent 2 (Example UCT)
Winning score (between 0 and 1) : N=4, mean=0.5 (+/-0.565792).
P1: N=2, mean=0.5 (+/-0.97998).
P2: N=2, mean=0.5 (+/-0.97998).
Game Durations: N=4, mean=56.5 (+/-8.334632).
P1: N=2, mean=53.5 (+/-18.61962).
P2: N=2, mean=59.5 (+/-0.97998).
=====================================================
=====================================================
Completed 5 games.

Agent 1 (EntropySHUCTAnytime)
Winning score (between 0 and 1) : N=5, mean=0.6 (+/-0.48009).
P1: N=3, mean=0.666667 (+/-0.65332).
P2: N=2, mean=0.5 (+/-0.97998).
Game Durations: N=5, mean=58.2 (+/-7.265083).
P1: N=3, mean=61.333333 (+/-3.637532).
P2: N=2, mean=53.5 (+/-18.61962).

Agent 2 (Example UCT)
Winning score (between 0 and 1) : N=5, mean=0.4 (+/-0.48009).
P1: N=2, mean=0.5 (+/-0.97998).
P2: N=3, mean=0.333333 (+/-0.65332).
Game Durations: N=5, mean=58.2 (+/-7.265083).
P1: N=2, mean=53.5 (+/-18.61962).
P2: N=3, mean=61.333333 (+/-3.637532).
=====================================================
=====================================================
Completed 10 games.

Agent 1 (EntropySHUCTAnytime)
Winning score (between 0 and 1) : N=10, mean=0.7 (+/-0.299389).
P1: N=5, mean=0.6 (+/-0.48009).
P2: N=5, mean=0.8 (+/-0.391992).
Game Durations: N=10, mean=58.8 (+/-6.299035).
P1: N=5, mean=57 (+/-7.666426).
P2: N=5, mean=60.6 (+/-10.656128).

Agent 2 (Example UCT)
Winning score (between 0 and 1) : N=10, mean=0.3 (+/-0.299389).
P1: N=5, mean=0.2 (+/-0.391992).
P2: N=5, mean=0.4 (+/-0.48009).
Game Durations: N=10, mean=58.8 (+/-6.299035).
P1: N=5, mean=60.6 (+/-10.656128).
P2: N=5, mean=57 (+/-7.666426).
=====================================================
=====================================================
Completed 20 games.

Agent 1 (EntropySHUCTAnytime)
Winning score (between 0 and 1) : N=20, mean=0.7 (+/-0.206054).
P1: N=10, mean=0.6 (+/-0.32006).
P2: N=10, mean=0.8 (+/-0.261328).
Game Durations: N=20, mean=55.4 (+/-4.926442).
P1: N=10, mean=57 (+/-4.507435).
P2: N=10, mean=53.8 (+/-8.942612).

Agent 2 (Example UCT)
Winning score (between 0 and 1) : N=20, mean=0.3 (+/-0.206054).
P1: N=10, mean=0.2 (+/-0.261328).
P2: N=10, mean=0.4 (+/-0.32006).
Game Durations: N=20, mean=55.4 (+/-4.926442).
P1: N=10, mean=53.8 (+/-8.942612).
P2: N=10, mean=57 (+/-4.507435).
=====================================================
=====================================================
Completed 30 games.

Agent 1 (EntropySHUCTAnytime)
Winning score (between 0 and 1) : N=30, mean=0.633333 (+/-0.175388).
P1: N=15, mean=0.533333 (+/-0.261328).
P2: N=15, mean=0.733333 (+/-0.231643).
Game Durations: N=30, mean=58.666667 (+/-5.720266).
P1: N=15, mean=62.4 (+/-6.704913).
P2: N=15, mean=54.933333 (+/-9.108).

Agent 2 (Example UCT)
Winning score (between 0 and 1) : N=30, mean=0.366667 (+/-0.175388).
P1: N=15, mean=0.266667 (+/-0.231643).
P2: N=15, mean=0.466667 (+/-0.261328).
Game Durations: N=30, mean=58.666667 (+/-5.720266).
P1: N=15, mean=54.933333 (+/-9.108).
P2: N=15, mean=62.4 (+/-6.704913).
=====================================================
=====================================================
Completed 40 games.

Agent 1 (EntropySHUCTAnytime)
Winning score (between 0 and 1) : N=40, mean=0.575 (+/-0.155147).
P1: N=20, mean=0.5 (+/-0.224823).
P2: N=20, mean=0.65 (+/-0.214467).
Game Durations: N=40, mean=59.475 (+/-4.65665).
P1: N=20, mean=62 (+/-5.953349).
P2: N=20, mean=56.95 (+/-7.141408).

Agent 2 (Example UCT)
Winning score (between 0 and 1) : N=40, mean=0.425 (+/-0.155147).
P1: N=20, mean=0.35 (+/-0.214467).
P2: N=20, mean=0.5 (+/-0.224823).
Game Durations: N=40, mean=59.475 (+/-4.65665).
P1: N=20, mean=56.95 (+/-7.141408).
P2: N=20, mean=62 (+/-5.953349).
=====================================================
=====================================================
Completed 50 games.

Agent 1 (EntropySHUCTAnytime)
Winning score (between 0 and 1) : N=50, mean=0.54 (+/-0.139548).
P1: N=25, mean=0.48 (+/-0.199877).
P2: N=25, mean=0.6 (+/-0.195996).
Game Durations: N=50, mean=58.92 (+/-4.151416).
P1: N=25, mean=62.16 (+/-5.386242).
P2: N=25, mean=55.68 (+/-6.164503).

Agent 2 (Example UCT)
Winning score (between 0 and 1) : N=50, mean=0.46 (+/-0.139548).
P1: N=25, mean=0.4 (+/-0.195996).
P2: N=25, mean=0.52 (+/-0.199877).
Game Durations: N=50, mean=58.92 (+/-4.151416).
P1: N=25, mean=55.68 (+/-6.164503).
P2: N=25, mean=62.16 (+/-5.386242).
=====================================================
=====================================================
Completed 60 games.

Agent 1 (EntropySHUCTAnytime)
Winning score (between 0 and 1) : N=60, mean=0.5 (+/-0.127583).
P1: N=30, mean=0.433333 (+/-0.180353).
P2: N=30, mean=0.566667 (+/-0.180353).
Game Durations: N=60, mean=58.6 (+/-3.684228).
P1: N=30, mean=61.433333 (+/-5.086428).
P2: N=30, mean=55.766667 (+/-5.218401).

Agent 2 (Example UCT)
Winning score (between 0 and 1) : N=60, mean=0.5 (+/-0.127583).
P1: N=30, mean=0.433333 (+/-0.180353).
P2: N=30, mean=0.566667 (+/-0.180353).
Game Durations: N=60, mean=58.6 (+/-3.684228).
P1: N=30, mean=55.766667 (+/-5.218401).
P2: N=30, mean=61.433333 (+/-5.086428).
=====================================================
=====================================================
Completed 70 games.

Agent 1 (EntropySHUCTAnytime)
Winning score (between 0 and 1) : N=70, mean=0.457143 (+/-0.117542).
P1: N=35, mean=0.371429 (+/-0.162414).
P2: N=35, mean=0.542857 (+/-0.167447).
Game Durations: N=70, mean=59.157143 (+/-3.385046).
P1: N=35, mean=61.285714 (+/-4.672486).
P2: N=35, mean=57.028571 (+/-4.863355).

Agent 2 (Example UCT)
Winning score (between 0 and 1) : N=70, mean=0.542857 (+/-0.117542).
P1: N=35, mean=0.457143 (+/-0.167447).
P2: N=35, mean=0.628571 (+/-0.162414).
Game Durations: N=70, mean=59.157143 (+/-3.385046).
P1: N=35, mean=57.028571 (+/-4.863355).
P2: N=35, mean=61.285714 (+/-4.672486).
=====================================================
=====================================================
Completed 80 games.

Agent 1 (EntropySHUCTAnytime)
Winning score (between 0 and 1) : N=80, mean=0.45 (+/-0.109704).
P1: N=40, mean=0.35 (+/-0.149694).
P2: N=40, mean=0.55 (+/-0.156136).
Game Durations: N=80, mean=60.175 (+/-3.11282).
P1: N=40, mean=62.3 (+/-4.332422).
P2: N=40, mean=58.05 (+/-4.426741).

Agent 2 (Example UCT)
Winning score (between 0 and 1) : N=80, mean=0.55 (+/-0.109704).
P1: N=40, mean=0.45 (+/-0.156136).
P2: N=40, mean=0.65 (+/-0.149694).
Game Durations: N=80, mean=60.175 (+/-3.11282).
P1: N=40, mean=58.05 (+/-4.426741).
P2: N=40, mean=62.3 (+/-4.332422).
=====================================================
=====================================================
Completed 90 games.

Agent 1 (EntropySHUCTAnytime)
Winning score (between 0 and 1) : N=90, mean=0.444444 (+/-0.103234).
P1: N=45, mean=0.355556 (+/-0.141438).
P2: N=45, mean=0.533333 (+/-0.147409).
Game Durations: N=90, mean=60.188889 (+/-2.863525).
P1: N=45, mean=62.311111 (+/-4.018568).
P2: N=45, mean=58.066667 (+/-4.029454).

Agent 2 (Example UCT)
Winning score (between 0 and 1) : N=90, mean=0.555556 (+/-0.103234).
P1: N=45, mean=0.466667 (+/-0.147409).
P2: N=45, mean=0.644444 (+/-0.141438).
Game Durations: N=90, mean=60.188889 (+/-2.863525).
P1: N=45, mean=58.066667 (+/-4.029454).
P2: N=45, mean=62.311111 (+/-4.018568).
=====================================================
=====================================================
Completed 100 games.

Agent 1 (EntropySHUCTAnytime)
Winning score (between 0 and 1) : N=100, mean=0.45 (+/-0.097998).
P1: N=50, mean=0.38 (+/-0.135905).
P2: N=50, mean=0.52 (+/-0.139885).
Game Durations: N=100, mean=59.55 (+/-2.688715).
P1: N=50, mean=61.9 (+/-3.710849).
P2: N=50, mean=57.2 (+/-3.817792).

Agent 2 (Example UCT)
Winning score (between 0 and 1) : N=100, mean=0.55 (+/-0.097998).
P1: N=50, mean=0.48 (+/-0.139885).
P2: N=50, mean=0.62 (+/-0.135905).
Game Durations: N=100, mean=59.55 (+/-2.688715).
P1: N=50, mean=57.2 (+/-3.817792).
P2: N=50, mean=61.9 (+/-3.710849).
=====================================================
