Warming up...
Finished warming up!
=====================================================
Completed 1 games.

Agent 1 (EntropySHUCTAnytime)
Winning score (between 0 and 1) : N=1, mean=1 (+/-0).
P1: N=0, mean=0 (+/-0).
P2: N=1, mean=1 (+/-0).
Game Durations: N=1, mean=38 (+/-0).
P1: N=0, mean=0 (+/-0).
P2: N=1, mean=38 (+/-0).

Agent 2 (Example UCT)
Winning score (between 0 and 1) : N=1, mean=0 (+/-0).
P1: N=1, mean=0 (+/-0).
P2: N=0, mean=0 (+/-0).
Game Durations: N=1, mean=38 (+/-0).
P1: N=1, mean=38 (+/-0).
P2: N=0, mean=0 (+/-0).
=====================================================
=====================================================
Completed 2 games.

Agent 1 (EntropySHUCTAnytime)
Winning score (between 0 and 1) : N=2, mean=1 (+/-0).
P1: N=1, mean=1 (+/-0).
P2: N=1, mean=1 (+/-0).
Game Durations: N=2, mean=40.5 (+/-4.8999).
P1: N=1, mean=43 (+/-0).
P2: N=1, mean=38 (+/-0).

Agent 2 (Example UCT)
Winning score (between 0 and 1) : N=2, mean=0 (+/-0).
P1: N=1, mean=0 (+/-0).
P2: N=1, mean=0 (+/-0).
Game Durations: N=2, mean=40.5 (+/-4.8999).
P1: N=1, mean=38 (+/-0).
P2: N=1, mean=43 (+/-0).
=====================================================
=====================================================
Completed 3 games.

Agent 1 (EntropySHUCTAnytime)
Winning score (between 0 and 1) : N=3, mean=1 (+/-0).
P1: N=1, mean=1 (+/-0).
P2: N=2, mean=1 (+/-0).
Game Durations: N=3, mean=37.666667 (+/-6.232276).
P1: N=1, mean=43 (+/-0).
P2: N=2, mean=35 (+/-5.87988).

Agent 2 (Example UCT)
Winning score (between 0 and 1) : N=3, mean=0 (+/-0).
P1: N=2, mean=0 (+/-0).
P2: N=1, mean=0 (+/-0).
Game Durations: N=3, mean=37.666667 (+/-6.232276).
P1: N=2, mean=35 (+/-5.87988).
P2: N=1, mean=43 (+/-0).
=====================================================
=====================================================
Completed 4 games.

Agent 1 (EntropySHUCTAnytime)
Winning score (between 0 and 1) : N=4, mean=1 (+/-0).
P1: N=2, mean=1 (+/-0).
P2: N=2, mean=1 (+/-0).
Game Durations: N=4, mean=34.5 (+/-7.611949).
P1: N=2, mean=34 (+/-17.63964).
P2: N=2, mean=35 (+/-5.87988).

Agent 2 (Example UCT)
Winning score (between 0 and 1) : N=4, mean=0 (+/-0).
P1: N=2, mean=0 (+/-0).
P2: N=2, mean=0 (+/-0).
Game Durations: N=4, mean=34.5 (+/-7.611949).
P1: N=2, mean=35 (+/-5.87988).
P2: N=2, mean=34 (+/-17.63964).
=====================================================
=====================================================
Completed 5 games.

Agent 1 (EntropySHUCTAnytime)
Winning score (between 0 and 1) : N=5, mean=1 (+/-0).
P1: N=2, mean=1 (+/-0).
P2: N=3, mean=1 (+/-0).
Game Durations: N=5, mean=38.8 (+/-10.285589).
P1: N=2, mean=34 (+/-17.63964).
P2: N=3, mean=42 (+/-14.133473).

Agent 2 (Example UCT)
Winning score (between 0 and 1) : N=5, mean=0 (+/-0).
P1: N=3, mean=0 (+/-0).
P2: N=2, mean=0 (+/-0).
Game Durations: N=5, mean=38.8 (+/-10.285589).
P1: N=3, mean=42 (+/-14.133473).
P2: N=2, mean=34 (+/-17.63964).
=====================================================
=====================================================
Completed 10 games.

Agent 1 (EntropySHUCTAnytime)
Winning score (between 0 and 1) : N=10, mean=1 (+/-0).
P1: N=5, mean=1 (+/-0).
P2: N=5, mean=1 (+/-0).
Game Durations: N=10, mean=40.3 (+/-8.191549).
P1: N=5, mean=43 (+/-9.440417).
P2: N=5, mean=37.6 (+/-14.100819).

Agent 2 (Example UCT)
Winning score (between 0 and 1) : N=10, mean=0 (+/-0).
P1: N=5, mean=0 (+/-0).
P2: N=5, mean=0 (+/-0).
Game Durations: N=10, mean=40.3 (+/-8.191549).
P1: N=5, mean=37.6 (+/-14.100819).
P2: N=5, mean=43 (+/-9.440417).
=====================================================
=====================================================
Completed 20 games.

Agent 1 (EntropySHUCTAnytime)
Winning score (between 0 and 1) : N=20, mean=1 (+/-0).
P1: N=10, mean=1 (+/-0).
P2: N=10, mean=1 (+/-0).
Game Durations: N=20, mean=42.8 (+/-5.752302).
P1: N=10, mean=41 (+/-5.959195).
P2: N=10, mean=44.6 (+/-10.071304).

Agent 2 (Example UCT)
Winning score (between 0 and 1) : N=20, mean=0 (+/-0).
P1: N=10, mean=0 (+/-0).
P2: N=10, mean=0 (+/-0).
Game Durations: N=20, mean=42.8 (+/-5.752302).
P1: N=10, mean=44.6 (+/-10.071304).
P2: N=10, mean=41 (+/-5.959195).
=====================================================
=====================================================
Completed 30 games.

Agent 1 (EntropySHUCTAnytime)
Winning score (between 0 and 1) : N=30, mean=1 (+/-0).
P1: N=15, mean=1 (+/-0).
P2: N=15, mean=1 (+/-0).
Game Durations: N=30, mean=43.566667 (+/-4.852754).
P1: N=15, mean=42.733333 (+/-5.998358).
P2: N=15, mean=44.4 (+/-7.823022).

Agent 2 (Example UCT)
Winning score (between 0 and 1) : N=30, mean=0 (+/-0).
P1: N=15, mean=0 (+/-0).
P2: N=15, mean=0 (+/-0).
Game Durations: N=30, mean=43.566667 (+/-4.852754).
P1: N=15, mean=44.4 (+/-7.823022).
P2: N=15, mean=42.733333 (+/-5.998358).
=====================================================
=====================================================
Completed 40 games.

Agent 1 (EntropySHUCTAnytime)
Winning score (between 0 and 1) : N=40, mean=0.975 (+/-0.048999).
P1: N=20, mean=1 (+/-0).
P2: N=20, mean=0.95 (+/-0.097998).
Game Durations: N=40, mean=42.625 (+/-4.029385).
P1: N=20, mean=42.2 (+/-4.778953).
P2: N=20, mean=43.05 (+/-6.613728).

Agent 2 (Example UCT)
Winning score (between 0 and 1) : N=40, mean=0.025 (+/-0.048999).
P1: N=20, mean=0.05 (+/-0.097998).
P2: N=20, mean=0 (+/-0).
Game Durations: N=40, mean=42.625 (+/-4.029385).
P1: N=20, mean=43.05 (+/-6.613728).
P2: N=20, mean=42.2 (+/-4.778953).
=====================================================
=====================================================
Completed 50 games.

Agent 1 (EntropySHUCTAnytime)
Winning score (between 0 and 1) : N=50, mean=0.96 (+/-0.054867).
P1: N=25, mean=1 (+/-0).
P2: N=25, mean=0.92 (+/-0.108538).
Game Durations: N=50, mean=43.18 (+/-3.682618).
P1: N=25, mean=42.68 (+/-4.256198).
P2: N=25, mean=43.68 (+/-6.09767).

Agent 2 (Example UCT)
Winning score (between 0 and 1) : N=50, mean=0.04 (+/-0.054867).
P1: N=25, mean=0.08 (+/-0.108538).
P2: N=25, mean=0 (+/-0).
Game Durations: N=50, mean=43.18 (+/-3.682618).
P1: N=25, mean=43.68 (+/-6.09767).
P2: N=25, mean=42.68 (+/-4.256198).
=====================================================
=====================================================
Completed 60 games.

Agent 1 (EntropySHUCTAnytime)
Winning score (between 0 and 1) : N=60, mean=0.9 (+/-0.07655).
P1: N=30, mean=0.966667 (+/-0.065332).
P2: N=30, mean=0.833333 (+/-0.135638).
Game Durations: N=60, mean=43.666667 (+/-3.562475).
P1: N=30, mean=41.966667 (+/-4.177815).
P2: N=30, mean=45.366667 (+/-5.781039).

Agent 2 (Example UCT)
Winning score (between 0 and 1) : N=60, mean=0.1 (+/-0.07655).
P1: N=30, mean=0.166667 (+/-0.135638).
P2: N=30, mean=0.033333 (+/-0.065332).
Game Durations: N=60, mean=43.666667 (+/-3.562475).
P1: N=30, mean=45.366667 (+/-5.781039).
P2: N=30, mean=41.966667 (+/-4.177815).
=====================================================
=====================================================
Completed 70 games.

Agent 1 (EntropySHUCTAnytime)
Winning score (between 0 and 1) : N=70, mean=0.885714 (+/-0.07507).
P1: N=35, mean=0.914286 (+/-0.094097).
P2: N=35, mean=0.857143 (+/-0.117621).
Game Durations: N=70, mean=44.242857 (+/-3.378649).
P1: N=35, mean=42 (+/-3.94782).
P2: N=35, mean=46.485714 (+/-5.441559).

Agent 2 (Example UCT)
Winning score (between 0 and 1) : N=70, mean=0.114286 (+/-0.07507).
P1: N=35, mean=0.142857 (+/-0.117621).
P2: N=35, mean=0.085714 (+/-0.094097).
Game Durations: N=70, mean=44.242857 (+/-3.378649).
P1: N=35, mean=46.485714 (+/-5.441559).
P2: N=35, mean=42 (+/-3.94782).
=====================================================
=====================================================
Completed 80 games.

Agent 1 (EntropySHUCTAnytime)
Winning score (between 0 and 1) : N=80, mean=0.875 (+/-0.072928).
P1: N=40, mean=0.9 (+/-0.094153).
P2: N=40, mean=0.85 (+/-0.112065).
Game Durations: N=80, mean=43.875 (+/-3.134147).
P1: N=40, mean=42.15 (+/-3.554595).
P2: N=40, mean=45.6 (+/-5.15499).

Agent 2 (Example UCT)
Winning score (between 0 and 1) : N=80, mean=0.125 (+/-0.072928).
P1: N=40, mean=0.15 (+/-0.112065).
P2: N=40, mean=0.1 (+/-0.094153).
Game Durations: N=80, mean=43.875 (+/-3.134147).
P1: N=40, mean=45.6 (+/-5.15499).
P2: N=40, mean=42.15 (+/-3.554595).
=====================================================
=====================================================
Completed 90 games.

Agent 1 (EntropySHUCTAnytime)
Winning score (between 0 and 1) : N=90, mean=0.877778 (+/-0.068049).
P1: N=45, mean=0.911111 (+/-0.084087).
P2: N=45, mean=0.844444 (+/-0.10709).
Game Durations: N=90, mean=43.8 (+/-3.025946).
P1: N=45, mean=41.4 (+/-3.350108).
P2: N=45, mean=46.2 (+/-4.981227).

Agent 2 (Example UCT)
Winning score (between 0 and 1) : N=90, mean=0.122222 (+/-0.068049).
P1: N=45, mean=0.155556 (+/-0.10709).
P2: N=45, mean=0.088889 (+/-0.084087).
Game Durations: N=90, mean=43.8 (+/-3.025946).
P1: N=45, mean=46.2 (+/-4.981227).
P2: N=45, mean=41.4 (+/-3.350108).
=====================================================
=====================================================
Completed 100 games.

Agent 1 (EntropySHUCTAnytime)
Winning score (between 0 and 1) : N=100, mean=0.89 (+/-0.061634).
P1: N=50, mean=0.92 (+/-0.075961).
P2: N=50, mean=0.86 (+/-0.097154).
Game Durations: N=100, mean=43.85 (+/-2.801513).
P1: N=50, mean=41.96 (+/-3.2455).
P2: N=50, mean=45.74 (+/-4.541024).

Agent 2 (Example UCT)
Winning score (between 0 and 1) : N=100, mean=0.11 (+/-0.061634).
P1: N=50, mean=0.14 (+/-0.097154).
P2: N=50, mean=0.08 (+/-0.075961).
Game Durations: N=100, mean=43.85 (+/-2.801513).
P1: N=50, mean=45.74 (+/-4.541024).
P2: N=50, mean=41.96 (+/-3.2455).
=====================================================
