Warming up...
Finished warming up!
=====================================================
Completed 1 games.

Agent 1 (EntropySHUCTAnytime)
Winning score (between 0 and 1) : N=1, mean=1 (+/-0).
P1: N=1, mean=1 (+/-0).
P2: N=0, mean=0 (+/-0).
Game Durations: N=1, mean=33 (+/-0).
P1: N=1, mean=33 (+/-0).
P2: N=0, mean=0 (+/-0).

Agent 2 (Example UCT)
Winning score (between 0 and 1) : N=1, mean=0 (+/-0).
P1: N=0, mean=0 (+/-0).
P2: N=1, mean=0 (+/-0).
Game Durations: N=1, mean=33 (+/-0).
P1: N=0, mean=0 (+/-0).
P2: N=1, mean=33 (+/-0).
=====================================================
=====================================================
Completed 2 games.

Agent 1 (EntropySHUCTAnytime)
Winning score (between 0 and 1) : N=2, mean=1 (+/-0).
P1: N=1, mean=1 (+/-0).
P2: N=1, mean=1 (+/-0).
Game Durations: N=2, mean=29.5 (+/-6.85986).
P1: N=1, mean=33 (+/-0).
P2: N=1, mean=26 (+/-0).

Agent 2 (Example UCT)
Winning score (between 0 and 1) : N=2, mean=0 (+/-0).
P1: N=1, mean=0 (+/-0).
P2: N=1, mean=0 (+/-0).
Game Durations: N=2, mean=29.5 (+/-6.85986).
P1: N=1, mean=26 (+/-0).
P2: N=1, mean=33 (+/-0).
=====================================================
=====================================================
Completed 3 games.

Agent 1 (EntropySHUCTAnytime)
Winning score (between 0 and 1) : N=3, mean=1 (+/-0).
P1: N=2, mean=1 (+/-0).
P2: N=1, mean=1 (+/-0).
Game Durations: N=3, mean=42 (+/-24.817562).
P1: N=2, mean=50 (+/-33.31932).
P2: N=1, mean=26 (+/-0).

Agent 2 (Example UCT)
Winning score (between 0 and 1) : N=3, mean=0 (+/-0).
P1: N=1, mean=0 (+/-0).
P2: N=2, mean=0 (+/-0).
Game Durations: N=3, mean=42 (+/-24.817562).
P1: N=1, mean=26 (+/-0).
P2: N=2, mean=50 (+/-33.31932).
=====================================================
=====================================================
Completed 4 games.

Agent 1 (EntropySHUCTAnytime)
Winning score (between 0 and 1) : N=4, mean=1 (+/-0).
P1: N=2, mean=1 (+/-0).
P2: N=2, mean=1 (+/-0).
Game Durations: N=4, mean=46.5 (+/-19.64039).
P1: N=2, mean=50 (+/-33.31932).
P2: N=2, mean=43 (+/-33.31932).

Agent 2 (Example UCT)
Winning score (between 0 and 1) : N=4, mean=0 (+/-0).
P1: N=2, mean=0 (+/-0).
P2: N=2, mean=0 (+/-0).
Game Durations: N=4, mean=46.5 (+/-19.64039).
P1: N=2, mean=43 (+/-33.31932).
P2: N=2, mean=50 (+/-33.31932).
=====================================================
=====================================================
Completed 5 games.

Agent 1 (EntropySHUCTAnytime)
Winning score (between 0 and 1) : N=5, mean=1 (+/-0).
P1: N=3, mean=1 (+/-0).
P2: N=2, mean=1 (+/-0).
Game Durations: N=5, mean=46.6 (+/-15.214643).
P1: N=3, mean=49 (+/-19.336506).
P2: N=2, mean=43 (+/-33.31932).

Agent 2 (Example UCT)
Winning score (between 0 and 1) : N=5, mean=0 (+/-0).
P1: N=2, mean=0 (+/-0).
P2: N=3, mean=0 (+/-0).
Game Durations: N=5, mean=46.6 (+/-15.214643).
P1: N=2, mean=43 (+/-33.31932).
P2: N=3, mean=49 (+/-19.336506).
=====================================================
=====================================================
Completed 10 games.

Agent 1 (EntropySHUCTAnytime)
Winning score (between 0 and 1) : N=10, mean=0.9 (+/-0.195996).
P1: N=5, mean=1 (+/-0).
P2: N=5, mean=0.8 (+/-0.391992).
Game Durations: N=10, mean=47.4 (+/-7.911379).
P1: N=5, mean=50.6 (+/-11.045553).
P2: N=5, mean=44.2 (+/-11.831407).

Agent 2 (Example UCT)
Winning score (between 0 and 1) : N=10, mean=0.1 (+/-0.195996).
P1: N=5, mean=0.2 (+/-0.391992).
P2: N=5, mean=0 (+/-0).
Game Durations: N=10, mean=47.4 (+/-7.911379).
P1: N=5, mean=44.2 (+/-11.831407).
P2: N=5, mean=50.6 (+/-11.045553).
=====================================================
=====================================================
Completed 20 games.

Agent 1 (EntropySHUCTAnytime)
Winning score (between 0 and 1) : N=20, mean=0.95 (+/-0.097998).
P1: N=10, mean=1 (+/-0).
P2: N=10, mean=0.9 (+/-0.195996).
Game Durations: N=20, mean=43.65 (+/-6.636311).
P1: N=10, mean=46.6 (+/-10.417125).
P2: N=10, mean=40.7 (+/-8.366833).

Agent 2 (Example UCT)
Winning score (between 0 and 1) : N=20, mean=0.05 (+/-0.097998).
P1: N=10, mean=0.1 (+/-0.195996).
P2: N=10, mean=0 (+/-0).
Game Durations: N=20, mean=43.65 (+/-6.636311).
P1: N=10, mean=40.7 (+/-8.366833).
P2: N=10, mean=46.6 (+/-10.417125).
=====================================================
=====================================================
Completed 30 games.

Agent 1 (EntropySHUCTAnytime)
Winning score (between 0 and 1) : N=30, mean=0.966667 (+/-0.065332).
P1: N=15, mean=1 (+/-0).
P2: N=15, mean=0.933333 (+/-0.130664).
Game Durations: N=30, mean=45.733333 (+/-5.073608).
P1: N=15, mean=46.866667 (+/-7.881418).
P2: N=15, mean=44.6 (+/-6.619798).

Agent 2 (Example UCT)
Winning score (between 0 and 1) : N=30, mean=0.033333 (+/-0.065332).
P1: N=15, mean=0.066667 (+/-0.130664).
P2: N=15, mean=0 (+/-0).
Game Durations: N=30, mean=45.733333 (+/-5.073608).
P1: N=15, mean=44.6 (+/-6.619798).
P2: N=15, mean=46.866667 (+/-7.881418).
=====================================================
=====================================================
Completed 40 games.

Agent 1 (EntropySHUCTAnytime)
Winning score (between 0 and 1) : N=40, mean=0.925 (+/-0.082664).
P1: N=20, mean=0.95 (+/-0.097998).
P2: N=20, mean=0.9 (+/-0.134894).
Game Durations: N=40, mean=48.575 (+/-4.840687).
P1: N=20, mean=48.85 (+/-6.590454).
P2: N=20, mean=48.3 (+/-7.261603).

Agent 2 (Example UCT)
Winning score (between 0 and 1) : N=40, mean=0.075 (+/-0.082664).
P1: N=20, mean=0.1 (+/-0.134894).
P2: N=20, mean=0.05 (+/-0.097998).
Game Durations: N=40, mean=48.575 (+/-4.840687).
P1: N=20, mean=48.3 (+/-7.261603).
P2: N=20, mean=48.85 (+/-6.590454).
=====================================================
=====================================================
Completed 50 games.

Agent 1 (EntropySHUCTAnytime)
Winning score (between 0 and 1) : N=50, mean=0.94 (+/-0.066495).
P1: N=25, mean=0.96 (+/-0.078398).
P2: N=25, mean=0.92 (+/-0.108538).
Game Durations: N=50, mean=47.16 (+/-4.198555).
P1: N=25, mean=47.36 (+/-6.022831).
P2: N=25, mean=46.96 (+/-5.974375).

Agent 2 (Example UCT)
Winning score (between 0 and 1) : N=50, mean=0.06 (+/-0.066495).
P1: N=25, mean=0.08 (+/-0.108538).
P2: N=25, mean=0.04 (+/-0.078398).
Game Durations: N=50, mean=47.16 (+/-4.198555).
P1: N=25, mean=46.96 (+/-5.974375).
P2: N=25, mean=47.36 (+/-6.022831).
=====================================================
=====================================================
Completed 60 games.

Agent 1 (EntropySHUCTAnytime)
Winning score (between 0 and 1) : N=60, mean=0.95 (+/-0.055612).
P1: N=30, mean=0.966667 (+/-0.065332).
P2: N=30, mean=0.933333 (+/-0.090786).
Game Durations: N=60, mean=46.75 (+/-3.896214).
P1: N=30, mean=48.366667 (+/-5.779511).
P2: N=30, mean=45.133333 (+/-5.26058).

Agent 2 (Example UCT)
Winning score (between 0 and 1) : N=60, mean=0.05 (+/-0.055612).
P1: N=30, mean=0.066667 (+/-0.090786).
P2: N=30, mean=0.033333 (+/-0.065332).
Game Durations: N=60, mean=46.75 (+/-3.896214).
P1: N=30, mean=45.133333 (+/-5.26058).
P2: N=30, mean=48.366667 (+/-5.779511).
=====================================================
=====================================================
Completed 70 games.

Agent 1 (EntropySHUCTAnytime)
Winning score (between 0 and 1) : N=70, mean=0.957143 (+/-0.047788).
P1: N=35, mean=0.971429 (+/-0.055999).
P2: N=35, mean=0.942857 (+/-0.078021).
Game Durations: N=70, mean=46.228571 (+/-3.456777).
P1: N=35, mean=48 (+/-5.096403).
P2: N=35, mean=44.457143 (+/-4.670946).

Agent 2 (Example UCT)
Winning score (between 0 and 1) : N=70, mean=0.042857 (+/-0.047788).
P1: N=35, mean=0.057143 (+/-0.078021).
P2: N=35, mean=0.028571 (+/-0.055999).
Game Durations: N=70, mean=46.228571 (+/-3.456777).
P1: N=35, mean=44.457143 (+/-4.670946).
P2: N=35, mean=48 (+/-5.096403).
=====================================================
=====================================================
Completed 80 games.

Agent 1 (EntropySHUCTAnytime)
Winning score (between 0 and 1) : N=80, mean=0.9625 (+/-0.041894).
P1: N=40, mean=0.975 (+/-0.048999).
P2: N=40, mean=0.95 (+/-0.068401).
Game Durations: N=80, mean=46.0875 (+/-3.306256).
P1: N=40, mean=48.125 (+/-4.716653).
P2: N=40, mean=44.05 (+/-4.606654).

Agent 2 (Example UCT)
Winning score (between 0 and 1) : N=80, mean=0.0375 (+/-0.041894).
P1: N=40, mean=0.05 (+/-0.068401).
P2: N=40, mean=0.025 (+/-0.048999).
Game Durations: N=80, mean=46.0875 (+/-3.306256).
P1: N=40, mean=44.05 (+/-4.606654).
P2: N=40, mean=48.125 (+/-4.716653).
=====================================================
=====================================================
Completed 90 games.

Agent 1 (EntropySHUCTAnytime)
Winning score (between 0 and 1) : N=90, mean=0.944444 (+/-0.047589).
P1: N=45, mean=0.955556 (+/-0.060892).
P2: N=45, mean=0.933333 (+/-0.073704).
Game Durations: N=90, mean=45.911111 (+/-3.081299).
P1: N=45, mean=47.222222 (+/-4.436234).
P2: N=45, mean=44.6 (+/-4.292882).

Agent 2 (Example UCT)
Winning score (between 0 and 1) : N=90, mean=0.055556 (+/-0.047589).
P1: N=45, mean=0.066667 (+/-0.073704).
P2: N=45, mean=0.044444 (+/-0.060892).
Game Durations: N=90, mean=45.911111 (+/-3.081299).
P1: N=45, mean=44.6 (+/-4.292882).
P2: N=45, mean=47.222222 (+/-4.436234).
=====================================================
=====================================================
Completed 100 games.

Agent 1 (EntropySHUCTAnytime)
Winning score (between 0 and 1) : N=100, mean=0.94 (+/-0.046781).
P1: N=50, mean=0.94 (+/-0.066495).
P2: N=50, mean=0.94 (+/-0.066495).
Game Durations: N=100, mean=45.98 (+/-2.940663).
P1: N=50, mean=47.9 (+/-4.246047).
P2: N=50, mean=44.06 (+/-4.041787).

Agent 2 (Example UCT)
Winning score (between 0 and 1) : N=100, mean=0.06 (+/-0.046781).
P1: N=50, mean=0.06 (+/-0.066495).
P2: N=50, mean=0.06 (+/-0.066495).
Game Durations: N=100, mean=45.98 (+/-2.940663).
P1: N=50, mean=44.06 (+/-4.041787).
P2: N=50, mean=47.9 (+/-4.246047).
=====================================================
