Warming up...
Finished warming up!
=====================================================
Completed 1 games.

Agent 1 (DoubleIterRegressionTreeSHUCTAny)
Winning score (between 0 and 1) : N=1, mean=0 (+/-0).
P1: N=1, mean=0 (+/-0).
P2: N=0, mean=0 (+/-0).
Game Durations: N=1, mean=148 (+/-0).
P1: N=1, mean=148 (+/-0).
P2: N=0, mean=0 (+/-0).

Agent 2 (SHUCTAnyTime)
Winning score (between 0 and 1) : N=1, mean=1 (+/-0).
P1: N=0, mean=0 (+/-0).
P2: N=1, mean=1 (+/-0).
Game Durations: N=1, mean=148 (+/-0).
P1: N=0, mean=0 (+/-0).
P2: N=1, mean=148 (+/-0).
=====================================================
=====================================================
Completed 2 games.

Agent 1 (DoubleIterRegressionTreeSHUCTAny)
Winning score (between 0 and 1) : N=2, mean=0 (+/-0).
P1: N=1, mean=0 (+/-0).
P2: N=1, mean=0 (+/-0).
Game Durations: N=2, mean=151 (+/-5.87988).
P1: N=1, mean=148 (+/-0).
P2: N=1, mean=154 (+/-0).

Agent 2 (SHUCTAnyTime)
Winning score (between 0 and 1) : N=2, mean=1 (+/-0).
P1: N=1, mean=1 (+/-0).
P2: N=1, mean=1 (+/-0).
Game Durations: N=2, mean=151 (+/-5.87988).
P1: N=1, mean=154 (+/-0).
P2: N=1, mean=148 (+/-0).
=====================================================
=====================================================
Completed 3 games.

Agent 1 (DoubleIterRegressionTreeSHUCTAny)
Winning score (between 0 and 1) : N=3, mean=0 (+/-0).
P1: N=2, mean=0 (+/-0).
P2: N=1, mean=0 (+/-0).
Game Durations: N=3, mean=159.333333 (+/-16.682063).
P1: N=2, mean=162 (+/-27.43944).
P2: N=1, mean=154 (+/-0).

Agent 2 (SHUCTAnyTime)
Winning score (between 0 and 1) : N=3, mean=1 (+/-0).
P1: N=1, mean=1 (+/-0).
P2: N=2, mean=1 (+/-0).
Game Durations: N=3, mean=159.333333 (+/-16.682063).
P1: N=1, mean=154 (+/-0).
P2: N=2, mean=162 (+/-27.43944).
=====================================================
=====================================================
Completed 4 games.

Agent 1 (DoubleIterRegressionTreeSHUCTAny)
Winning score (between 0 and 1) : N=4, mean=0 (+/-0).
P1: N=2, mean=0 (+/-0).
P2: N=2, mean=0 (+/-0).
Game Durations: N=4, mean=160 (+/-11.868147).
P1: N=2, mean=162 (+/-27.43944).
P2: N=2, mean=158 (+/-7.83984).

Agent 2 (SHUCTAnyTime)
Winning score (between 0 and 1) : N=4, mean=1 (+/-0).
P1: N=2, mean=1 (+/-0).
P2: N=2, mean=1 (+/-0).
Game Durations: N=4, mean=160 (+/-11.868147).
P1: N=2, mean=158 (+/-7.83984).
P2: N=2, mean=162 (+/-27.43944).
=====================================================
=====================================================
Completed 5 games.

Agent 1 (DoubleIterRegressionTreeSHUCTAny)
Winning score (between 0 and 1) : N=5, mean=0 (+/-0).
P1: N=3, mean=0 (+/-0).
P2: N=2, mean=0 (+/-0).
Game Durations: N=5, mean=158.4 (+/-9.713179).
P1: N=3, mean=158.666667 (+/-17.136423).
P2: N=2, mean=158 (+/-7.83984).

Agent 2 (SHUCTAnyTime)
Winning score (between 0 and 1) : N=5, mean=1 (+/-0).
P1: N=2, mean=1 (+/-0).
P2: N=3, mean=1 (+/-0).
Game Durations: N=5, mean=158.4 (+/-9.713179).
P1: N=2, mean=158 (+/-7.83984).
P2: N=3, mean=158.666667 (+/-17.136423).
=====================================================
=====================================================
Completed 10 games.

Agent 1 (DoubleIterRegressionTreeSHUCTAny)
Winning score (between 0 and 1) : N=10, mean=0.3 (+/-0.299389).
P1: N=5, mean=0.2 (+/-0.391992).
P2: N=5, mean=0.4 (+/-0.48009).
Game Durations: N=10, mean=162.8 (+/-5.67148).
P1: N=5, mean=161.2 (+/-10.039894).
P2: N=5, mean=164.4 (+/-6.247324).

Agent 2 (SHUCTAnyTime)
Winning score (between 0 and 1) : N=10, mean=0.7 (+/-0.299389).
P1: N=5, mean=0.6 (+/-0.48009).
P2: N=5, mean=0.8 (+/-0.391992).
Game Durations: N=10, mean=162.8 (+/-5.67148).
P1: N=5, mean=164.4 (+/-6.247324).
P2: N=5, mean=161.2 (+/-10.039894).
=====================================================
=====================================================
Completed 20 games.

Agent 1 (DoubleIterRegressionTreeSHUCTAny)
Winning score (between 0 and 1) : N=20, mean=0.35 (+/-0.214467).
P1: N=10, mean=0.2 (+/-0.261328).
P2: N=10, mean=0.5 (+/-0.32666).
Game Durations: N=20, mean=160.7 (+/-5.589188).
P1: N=10, mean=158 (+/-7.663641).
P2: N=10, mean=163.4 (+/-8.181904).

Agent 2 (SHUCTAnyTime)
Winning score (between 0 and 1) : N=20, mean=0.65 (+/-0.214467).
P1: N=10, mean=0.5 (+/-0.32666).
P2: N=10, mean=0.8 (+/-0.261328).
Game Durations: N=20, mean=160.7 (+/-5.589188).
P1: N=10, mean=163.4 (+/-8.181904).
P2: N=10, mean=158 (+/-7.663641).
=====================================================
=====================================================
Completed 30 games.

Agent 1 (DoubleIterRegressionTreeSHUCTAny)
Winning score (between 0 and 1) : N=30, mean=0.433333 (+/-0.180353).
P1: N=15, mean=0.333333 (+/-0.246932).
P2: N=15, mean=0.533333 (+/-0.261328).
Game Durations: N=30, mean=157.2 (+/-4.874286).
P1: N=15, mean=155.333333 (+/-7.315184).
P2: N=15, mean=159.066667 (+/-6.557793).

Agent 2 (SHUCTAnyTime)
Winning score (between 0 and 1) : N=30, mean=0.566667 (+/-0.180353).
P1: N=15, mean=0.466667 (+/-0.261328).
P2: N=15, mean=0.666667 (+/-0.246932).
Game Durations: N=30, mean=157.2 (+/-4.874286).
P1: N=15, mean=159.066667 (+/-6.557793).
P2: N=15, mean=155.333333 (+/-7.315184).
=====================================================
=====================================================
Completed 40 games.

Agent 1 (DoubleIterRegressionTreeSHUCTAny)
Winning score (between 0 and 1) : N=40, mean=0.475 (+/-0.156726).
P1: N=20, mean=0.35 (+/-0.214467).
P2: N=20, mean=0.6 (+/-0.22028).
Game Durations: N=40, mean=155.15 (+/-4.675945).
P1: N=20, mean=152.5 (+/-7.299648).
P2: N=20, mean=157.8 (+/-5.799558).

Agent 2 (SHUCTAnyTime)
Winning score (between 0 and 1) : N=40, mean=0.525 (+/-0.156726).
P1: N=20, mean=0.4 (+/-0.22028).
P2: N=20, mean=0.65 (+/-0.214467).
Game Durations: N=40, mean=155.15 (+/-4.675945).
P1: N=20, mean=157.8 (+/-5.799558).
P2: N=20, mean=152.5 (+/-7.299648).
=====================================================
=====================================================
Completed 50 games.

Agent 1 (DoubleIterRegressionTreeSHUCTAny)
Winning score (between 0 and 1) : N=50, mean=0.5 (+/-0.139997).
P1: N=25, mean=0.4 (+/-0.195996).
P2: N=25, mean=0.6 (+/-0.195996).
Game Durations: N=50, mean=156.96 (+/-4.07253).
P1: N=25, mean=154.56 (+/-6.435199).
P2: N=25, mean=159.36 (+/-4.94656).

Agent 2 (SHUCTAnyTime)
Winning score (between 0 and 1) : N=50, mean=0.5 (+/-0.139997).
P1: N=25, mean=0.4 (+/-0.195996).
P2: N=25, mean=0.6 (+/-0.195996).
Game Durations: N=50, mean=156.96 (+/-4.07253).
P1: N=25, mean=159.36 (+/-4.94656).
P2: N=25, mean=154.56 (+/-6.435199).
=====================================================
=====================================================
Completed 60 games.

Agent 1 (DoubleIterRegressionTreeSHUCTAny)
Winning score (between 0 and 1) : N=60, mean=0.516667 (+/-0.127512).
P1: N=30, mean=0.466667 (+/-0.181573).
P2: N=30, mean=0.566667 (+/-0.180353).
Game Durations: N=60, mean=155.9 (+/-3.763346).
P1: N=30, mean=154.133333 (+/-5.656929).
P2: N=30, mean=157.666667 (+/-4.979972).

Agent 2 (SHUCTAnyTime)
Winning score (between 0 and 1) : N=60, mean=0.483333 (+/-0.127512).
P1: N=30, mean=0.433333 (+/-0.180353).
P2: N=30, mean=0.533333 (+/-0.181573).
Game Durations: N=60, mean=155.9 (+/-3.763346).
P1: N=30, mean=157.666667 (+/-4.979972).
P2: N=30, mean=154.133333 (+/-5.656929).
=====================================================
=====================================================
Completed 70 games.

Agent 1 (DoubleIterRegressionTreeSHUCTAny)
Winning score (between 0 and 1) : N=70, mean=0.485714 (+/-0.117928).
P1: N=35, mean=0.428571 (+/-0.166341).
P2: N=35, mean=0.542857 (+/-0.167447).
Game Durations: N=70, mean=156.2 (+/-3.49076).
P1: N=35, mean=155.6 (+/-5.063486).
P2: N=35, mean=156.8 (+/-4.872185).

Agent 2 (SHUCTAnyTime)
Winning score (between 0 and 1) : N=70, mean=0.514286 (+/-0.117928).
P1: N=35, mean=0.457143 (+/-0.167447).
P2: N=35, mean=0.571429 (+/-0.166341).
Game Durations: N=70, mean=156.2 (+/-3.49076).
P1: N=35, mean=156.8 (+/-4.872185).
P2: N=35, mean=155.6 (+/-5.063486).
=====================================================
=====================================================
Completed 80 games.

Agent 1 (DoubleIterRegressionTreeSHUCTAny)
Winning score (between 0 and 1) : N=80, mean=0.4625 (+/-0.109946).
P1: N=40, mean=0.45 (+/-0.156136).
P2: N=40, mean=0.475 (+/-0.156726).
Game Durations: N=80, mean=156.675 (+/-3.299554).
P1: N=40, mean=156.6 (+/-4.79926).
P2: N=40, mean=156.75 (+/-4.590483).

Agent 2 (SHUCTAnyTime)
Winning score (between 0 and 1) : N=80, mean=0.5375 (+/-0.109946).
P1: N=40, mean=0.525 (+/-0.156726).
P2: N=40, mean=0.55 (+/-0.156136).
Game Durations: N=80, mean=156.675 (+/-3.299554).
P1: N=40, mean=156.75 (+/-4.590483).
P2: N=40, mean=156.6 (+/-4.79926).
=====================================================
=====================================================
Completed 90 games.

Agent 1 (DoubleIterRegressionTreeSHUCTAny)
Winning score (between 0 and 1) : N=90, mean=0.455556 (+/-0.103466).
P1: N=45, mean=0.422222 (+/-0.145939).
P2: N=45, mean=0.488889 (+/-0.147701).
Game Durations: N=90, mean=157.333333 (+/-3.238141).
P1: N=45, mean=156.133333 (+/-4.772367).
P2: N=45, mean=158.533333 (+/-4.403625).

Agent 2 (SHUCTAnyTime)
Winning score (between 0 and 1) : N=90, mean=0.544444 (+/-0.103466).
P1: N=45, mean=0.511111 (+/-0.147701).
P2: N=45, mean=0.577778 (+/-0.145939).
Game Durations: N=90, mean=157.333333 (+/-3.238141).
P1: N=45, mean=158.533333 (+/-4.403625).
P2: N=45, mean=156.133333 (+/-4.772367).
=====================================================
=====================================================
Completed 100 games.

Agent 1 (DoubleIterRegressionTreeSHUCTAny)
Winning score (between 0 and 1) : N=100, mean=0.48 (+/-0.098413).
P1: N=50, mean=0.46 (+/-0.139548).
P2: N=50, mean=0.5 (+/-0.139997).
Game Durations: N=100, mean=157.44 (+/-3.165532).
P1: N=50, mean=156.28 (+/-4.495296).
P2: N=50, mean=158.6 (+/-4.480259).

Agent 2 (SHUCTAnyTime)
Winning score (between 0 and 1) : N=100, mean=0.52 (+/-0.098413).
P1: N=50, mean=0.5 (+/-0.139997).
P2: N=50, mean=0.54 (+/-0.139548).
Game Durations: N=100, mean=157.44 (+/-3.165532).
P1: N=50, mean=158.6 (+/-4.480259).
P2: N=50, mean=156.28 (+/-4.495296).
=====================================================
