Warming up...
Finished warming up!
=====================================================
Completed 1 games.

Agent 1 (DoubleIterRegressionTreeSHUCTAny)
Winning score (between 0 and 1) : N=1, mean=0 (+/-0).
P1: N=0, mean=0 (+/-0).
P2: N=1, mean=0 (+/-0).
Game Durations: N=1, mean=178 (+/-0).
P1: N=0, mean=0 (+/-0).
P2: N=1, mean=178 (+/-0).

Agent 2 (SHUCTAnyTime)
Winning score (between 0 and 1) : N=1, mean=1 (+/-0).
P1: N=1, mean=1 (+/-0).
P2: N=0, mean=0 (+/-0).
Game Durations: N=1, mean=178 (+/-0).
P1: N=1, mean=178 (+/-0).
P2: N=0, mean=0 (+/-0).
=====================================================
=====================================================
Completed 2 games.

Agent 1 (DoubleIterRegressionTreeSHUCTAny)
Winning score (between 0 and 1) : N=2, mean=0.5 (+/-0.97998).
P1: N=1, mean=1 (+/-0).
P2: N=1, mean=0 (+/-0).
Game Durations: N=2, mean=150 (+/-54.87888).
P1: N=1, mean=122 (+/-0).
P2: N=1, mean=178 (+/-0).

Agent 2 (SHUCTAnyTime)
Winning score (between 0 and 1) : N=2, mean=0.5 (+/-0.97998).
P1: N=1, mean=1 (+/-0).
P2: N=1, mean=0 (+/-0).
Game Durations: N=2, mean=150 (+/-54.87888).
P1: N=1, mean=178 (+/-0).
P2: N=1, mean=122 (+/-0).
=====================================================
=====================================================
Completed 3 games.

Agent 1 (DoubleIterRegressionTreeSHUCTAny)
Winning score (between 0 and 1) : N=3, mean=0.333333 (+/-0.65332).
P1: N=1, mean=1 (+/-0).
P2: N=2, mean=0 (+/-0).
Game Durations: N=3, mean=154 (+/-32.639857).
P1: N=1, mean=122 (+/-0).
P2: N=2, mean=170 (+/-15.67968).

Agent 2 (SHUCTAnyTime)
Winning score (between 0 and 1) : N=3, mean=0.666667 (+/-0.65332).
P1: N=2, mean=1 (+/-0).
P2: N=1, mean=0 (+/-0).
Game Durations: N=3, mean=154 (+/-32.639857).
P1: N=2, mean=170 (+/-15.67968).
P2: N=1, mean=122 (+/-0).
=====================================================
=====================================================
Completed 4 games.

Agent 1 (DoubleIterRegressionTreeSHUCTAny)
Winning score (between 0 and 1) : N=4, mean=0.25 (+/-0.48999).
P1: N=2, mean=0.5 (+/-0.97998).
P2: N=2, mean=0 (+/-0).
Game Durations: N=4, mean=154.5 (+/-23.10066).
P1: N=2, mean=139 (+/-33.31932).
P2: N=2, mean=170 (+/-15.67968).

Agent 2 (SHUCTAnyTime)
Winning score (between 0 and 1) : N=4, mean=0.75 (+/-0.48999).
P1: N=2, mean=1 (+/-0).
P2: N=2, mean=0.5 (+/-0.97998).
Game Durations: N=4, mean=154.5 (+/-23.10066).
P1: N=2, mean=170 (+/-15.67968).
P2: N=2, mean=139 (+/-33.31932).
=====================================================
=====================================================
Completed 5 games.

Agent 1 (DoubleIterRegressionTreeSHUCTAny)
Winning score (between 0 and 1) : N=5, mean=0.4 (+/-0.48009).
P1: N=2, mean=0.5 (+/-0.97998).
P2: N=3, mean=0.333333 (+/-0.65332).
Game Durations: N=5, mean=157.2 (+/-18.659807).
P1: N=2, mean=139 (+/-33.31932).
P2: N=3, mean=169.333333 (+/-9.14648).

Agent 2 (SHUCTAnyTime)
Winning score (between 0 and 1) : N=5, mean=0.6 (+/-0.48009).
P1: N=3, mean=0.666667 (+/-0.65332).
P2: N=2, mean=0.5 (+/-0.97998).
Game Durations: N=5, mean=157.2 (+/-18.659807).
P1: N=3, mean=169.333333 (+/-9.14648).
P2: N=2, mean=139 (+/-33.31932).
=====================================================
=====================================================
Completed 10 games.

Agent 1 (DoubleIterRegressionTreeSHUCTAny)
Winning score (between 0 and 1) : N=10, mean=0.5 (+/-0.32666).
P1: N=5, mean=0.6 (+/-0.48009).
P2: N=5, mean=0.4 (+/-0.48009).
Game Durations: N=10, mean=153.2 (+/-11.348979).
P1: N=5, mean=143.6 (+/-17.238737).
P2: N=5, mean=162.8 (+/-10.266898).

Agent 2 (SHUCTAnyTime)
Winning score (between 0 and 1) : N=10, mean=0.5 (+/-0.32666).
P1: N=5, mean=0.6 (+/-0.48009).
P2: N=5, mean=0.4 (+/-0.48009).
Game Durations: N=10, mean=153.2 (+/-11.348979).
P1: N=5, mean=162.8 (+/-10.266898).
P2: N=5, mean=143.6 (+/-17.238737).
=====================================================
=====================================================
Completed 20 games.

Agent 1 (DoubleIterRegressionTreeSHUCTAny)
Winning score (between 0 and 1) : N=20, mean=0.55 (+/-0.223696).
P1: N=10, mean=0.6 (+/-0.32006).
P2: N=10, mean=0.5 (+/-0.32666).
Game Durations: N=20, mean=154.9 (+/-7.914147).
P1: N=10, mean=147.6 (+/-13.284102).
P2: N=10, mean=162.2 (+/-6.518811).

Agent 2 (SHUCTAnyTime)
Winning score (between 0 and 1) : N=20, mean=0.45 (+/-0.223696).
P1: N=10, mean=0.5 (+/-0.32666).
P2: N=10, mean=0.4 (+/-0.32006).
Game Durations: N=20, mean=154.9 (+/-7.914147).
P1: N=10, mean=162.2 (+/-6.518811).
P2: N=10, mean=147.6 (+/-13.284102).
=====================================================
=====================================================
Completed 30 games.

Agent 1 (DoubleIterRegressionTreeSHUCTAny)
Winning score (between 0 and 1) : N=30, mean=0.633333 (+/-0.175388).
P1: N=15, mean=0.6 (+/-0.256619).
P2: N=15, mean=0.666667 (+/-0.246932).
Game Durations: N=30, mean=153.2 (+/-6.254953).
P1: N=15, mean=148.133333 (+/-10.310753).
P2: N=15, mean=158.266667 (+/-6.456592).

Agent 2 (SHUCTAnyTime)
Winning score (between 0 and 1) : N=30, mean=0.366667 (+/-0.175388).
P1: N=15, mean=0.333333 (+/-0.246932).
P2: N=15, mean=0.4 (+/-0.256619).
Game Durations: N=30, mean=153.2 (+/-6.254953).
P1: N=15, mean=158.266667 (+/-6.456592).
P2: N=15, mean=148.133333 (+/-10.310753).
=====================================================
=====================================================
Completed 40 games.

Agent 1 (DoubleIterRegressionTreeSHUCTAny)
Winning score (between 0 and 1) : N=40, mean=0.575 (+/-0.155147).
P1: N=20, mean=0.55 (+/-0.223696).
P2: N=20, mean=0.6 (+/-0.22028).
Game Durations: N=40, mean=155.55 (+/-5.338107).
P1: N=20, mean=149.5 (+/-8.348771).
P2: N=20, mean=161.6 (+/-5.698982).

Agent 2 (SHUCTAnyTime)
Winning score (between 0 and 1) : N=40, mean=0.425 (+/-0.155147).
P1: N=20, mean=0.4 (+/-0.22028).
P2: N=20, mean=0.45 (+/-0.223696).
Game Durations: N=40, mean=155.55 (+/-5.338107).
P1: N=20, mean=161.6 (+/-5.698982).
P2: N=20, mean=149.5 (+/-8.348771).
=====================================================
=====================================================
Completed 50 games.

Agent 1 (DoubleIterRegressionTreeSHUCTAny)
Winning score (between 0 and 1) : N=50, mean=0.54 (+/-0.139548).
P1: N=25, mean=0.56 (+/-0.198592).
P2: N=25, mean=0.52 (+/-0.199877).
Game Durations: N=50, mean=155.68 (+/-4.533293).
P1: N=25, mean=149.92 (+/-7.017569).
P2: N=25, mean=161.44 (+/-4.903923).

Agent 2 (SHUCTAnyTime)
Winning score (between 0 and 1) : N=50, mean=0.46 (+/-0.139548).
P1: N=25, mean=0.48 (+/-0.199877).
P2: N=25, mean=0.44 (+/-0.198592).
Game Durations: N=50, mean=155.68 (+/-4.533293).
P1: N=25, mean=161.44 (+/-4.903923).
P2: N=25, mean=149.92 (+/-7.017569).
=====================================================
=====================================================
Completed 60 games.

Agent 1 (DoubleIterRegressionTreeSHUCTAny)
Winning score (between 0 and 1) : N=60, mean=0.516667 (+/-0.127512).
P1: N=30, mean=0.566667 (+/-0.180353).
P2: N=30, mean=0.466667 (+/-0.181573).
Game Durations: N=60, mean=155.433333 (+/-3.933287).
P1: N=30, mean=150.733333 (+/-6.039126).
P2: N=30, mean=160.133333 (+/-4.541656).

Agent 2 (SHUCTAnyTime)
Winning score (between 0 and 1) : N=60, mean=0.483333 (+/-0.127512).
P1: N=30, mean=0.533333 (+/-0.181573).
P2: N=30, mean=0.433333 (+/-0.180353).
Game Durations: N=60, mean=155.433333 (+/-3.933287).
P1: N=30, mean=160.133333 (+/-4.541656).
P2: N=30, mean=150.733333 (+/-6.039126).
=====================================================
=====================================================
Completed 70 games.

Agent 1 (DoubleIterRegressionTreeSHUCTAny)
Winning score (between 0 and 1) : N=70, mean=0.557143 (+/-0.117203).
P1: N=35, mean=0.6 (+/-0.16467).
P2: N=35, mean=0.514286 (+/-0.167997).
Game Durations: N=70, mean=155.828571 (+/-3.550035).
P1: N=35, mean=151.028571 (+/-5.296731).
P2: N=35, mean=160.628571 (+/-4.22974).

Agent 2 (SHUCTAnyTime)
Winning score (between 0 and 1) : N=70, mean=0.442857 (+/-0.117203).
P1: N=35, mean=0.485714 (+/-0.167997).
P2: N=35, mean=0.4 (+/-0.16467).
Game Durations: N=70, mean=155.828571 (+/-3.550035).
P1: N=35, mean=160.628571 (+/-4.22974).
P2: N=35, mean=151.028571 (+/-5.296731).
=====================================================
=====================================================
Completed 80 games.

Agent 1 (DoubleIterRegressionTreeSHUCTAny)
Winning score (between 0 and 1) : N=80, mean=0.6 (+/-0.108029).
P1: N=40, mean=0.625 (+/-0.151939).
P2: N=40, mean=0.575 (+/-0.155147).
Game Durations: N=80, mean=156.3 (+/-3.341405).
P1: N=40, mean=152.05 (+/-4.875187).
P2: N=40, mean=160.55 (+/-4.231641).

Agent 2 (SHUCTAnyTime)
Winning score (between 0 and 1) : N=80, mean=0.4 (+/-0.108029).
P1: N=40, mean=0.425 (+/-0.155147).
P2: N=40, mean=0.375 (+/-0.151939).
Game Durations: N=80, mean=156.3 (+/-3.341405).
P1: N=40, mean=160.55 (+/-4.231641).
P2: N=40, mean=152.05 (+/-4.875187).
=====================================================
=====================================================
Completed 90 games.

Agent 1 (DoubleIterRegressionTreeSHUCTAny)
Winning score (between 0 and 1) : N=90, mean=0.577778 (+/-0.102613).
P1: N=45, mean=0.622222 (+/-0.143256).
P2: N=45, mean=0.533333 (+/-0.147409).
Game Durations: N=90, mean=156.6 (+/-3.174392).
P1: N=45, mean=152.444444 (+/-4.800722).
P2: N=45, mean=160.755556 (+/-3.83443).

Agent 2 (SHUCTAnyTime)
Winning score (between 0 and 1) : N=90, mean=0.422222 (+/-0.102613).
P1: N=45, mean=0.466667 (+/-0.147409).
P2: N=45, mean=0.377778 (+/-0.143256).
Game Durations: N=90, mean=156.6 (+/-3.174392).
P1: N=45, mean=160.755556 (+/-3.83443).
P2: N=45, mean=152.444444 (+/-4.800722).
=====================================================
=====================================================
Completed 100 games.

Agent 1 (DoubleIterRegressionTreeSHUCTAny)
Winning score (between 0 and 1) : N=100, mean=0.58 (+/-0.097223).
P1: N=50, mean=0.62 (+/-0.135905).
P2: N=50, mean=0.54 (+/-0.139548).
Game Durations: N=100, mean=156.64 (+/-3.064788).
P1: N=50, mean=152.76 (+/-4.623064).
P2: N=50, mean=160.52 (+/-3.771198).

Agent 2 (SHUCTAnyTime)
Winning score (between 0 and 1) : N=100, mean=0.42 (+/-0.097223).
P1: N=50, mean=0.46 (+/-0.139548).
P2: N=50, mean=0.38 (+/-0.135905).
Game Durations: N=100, mean=156.64 (+/-3.064788).
P1: N=50, mean=160.52 (+/-3.771198).
P2: N=50, mean=152.76 (+/-4.623064).
=====================================================
