Warming up...
Finished warming up!
=====================================================
Completed 1 games.

Agent 1 (DoubleIterRegressionTreeSHUCTAny)
Winning score (between 0 and 1) : N=1, mean=1 (+/-0).
P1: N=0, mean=0 (+/-0).
P2: N=1, mean=1 (+/-0).
Game Durations: N=1, mean=136 (+/-0).
P1: N=0, mean=0 (+/-0).
P2: N=1, mean=136 (+/-0).

Agent 2 (SHUCTAnyTime)
Winning score (between 0 and 1) : N=1, mean=0 (+/-0).
P1: N=1, mean=0 (+/-0).
P2: N=0, mean=0 (+/-0).
Game Durations: N=1, mean=136 (+/-0).
P1: N=1, mean=136 (+/-0).
P2: N=0, mean=0 (+/-0).
=====================================================
=====================================================
Completed 2 games.

Agent 1 (DoubleIterRegressionTreeSHUCTAny)
Winning score (between 0 and 1) : N=2, mean=0.5 (+/-0.97998).
P1: N=1, mean=0 (+/-0).
P2: N=1, mean=1 (+/-0).
Game Durations: N=2, mean=152 (+/-31.35936).
P1: N=1, mean=168 (+/-0).
P2: N=1, mean=136 (+/-0).

Agent 2 (SHUCTAnyTime)
Winning score (between 0 and 1) : N=2, mean=0.5 (+/-0.97998).
P1: N=1, mean=0 (+/-0).
P2: N=1, mean=1 (+/-0).
Game Durations: N=2, mean=152 (+/-31.35936).
P1: N=1, mean=136 (+/-0).
P2: N=1, mean=168 (+/-0).
=====================================================
=====================================================
Completed 3 games.

Agent 1 (DoubleIterRegressionTreeSHUCTAny)
Winning score (between 0 and 1) : N=3, mean=0.333333 (+/-0.65332).
P1: N=1, mean=0 (+/-0).
P2: N=2, mean=0.5 (+/-0.97998).
Game Durations: N=3, mean=148.666667 (+/-19.248009).
P1: N=1, mean=168 (+/-0).
P2: N=2, mean=139 (+/-5.87988).

Agent 2 (SHUCTAnyTime)
Winning score (between 0 and 1) : N=3, mean=0.666667 (+/-0.65332).
P1: N=2, mean=0.5 (+/-0.97998).
P2: N=1, mean=1 (+/-0).
Game Durations: N=3, mean=148.666667 (+/-19.248009).
P1: N=2, mean=139 (+/-5.87988).
P2: N=1, mean=168 (+/-0).
=====================================================
=====================================================
Completed 4 games.

Agent 1 (DoubleIterRegressionTreeSHUCTAny)
Winning score (between 0 and 1) : N=4, mean=0.25 (+/-0.48999).
P1: N=2, mean=0 (+/-0).
P2: N=2, mean=0.5 (+/-0.97998).
Game Durations: N=4, mean=151.5 (+/-14.6997).
P1: N=2, mean=164 (+/-7.83984).
P2: N=2, mean=139 (+/-5.87988).

Agent 2 (SHUCTAnyTime)
Winning score (between 0 and 1) : N=4, mean=0.75 (+/-0.48999).
P1: N=2, mean=0.5 (+/-0.97998).
P2: N=2, mean=1 (+/-0).
Game Durations: N=4, mean=151.5 (+/-14.6997).
P1: N=2, mean=139 (+/-5.87988).
P2: N=2, mean=164 (+/-7.83984).
=====================================================
=====================================================
Completed 5 games.

Agent 1 (DoubleIterRegressionTreeSHUCTAny)
Winning score (between 0 and 1) : N=5, mean=0.2 (+/-0.391992).
P1: N=2, mean=0 (+/-0).
P2: N=3, mean=0.333333 (+/-0.65332).
Game Durations: N=5, mean=152.8 (+/-11.667937).
P1: N=2, mean=164 (+/-7.83984).
P2: N=3, mean=145.333333 (+/-12.868912).

Agent 2 (SHUCTAnyTime)
Winning score (between 0 and 1) : N=5, mean=0.8 (+/-0.391992).
P1: N=3, mean=0.666667 (+/-0.65332).
P2: N=2, mean=1 (+/-0).
Game Durations: N=5, mean=152.8 (+/-11.667937).
P1: N=3, mean=145.333333 (+/-12.868912).
P2: N=2, mean=164 (+/-7.83984).
=====================================================
=====================================================
Completed 10 games.

Agent 1 (DoubleIterRegressionTreeSHUCTAny)
Winning score (between 0 and 1) : N=10, mean=0.3 (+/-0.299389).
P1: N=5, mean=0.2 (+/-0.391992).
P2: N=5, mean=0.4 (+/-0.48009).
Game Durations: N=10, mean=150.8 (+/-11.601904).
P1: N=5, mean=156.4 (+/-18.065686).
P2: N=5, mean=145.2 (+/-14.802565).

Agent 2 (SHUCTAnyTime)
Winning score (between 0 and 1) : N=10, mean=0.7 (+/-0.299389).
P1: N=5, mean=0.6 (+/-0.48009).
P2: N=5, mean=0.8 (+/-0.391992).
Game Durations: N=10, mean=150.8 (+/-11.601904).
P1: N=5, mean=145.2 (+/-14.802565).
P2: N=5, mean=156.4 (+/-18.065686).
=====================================================
=====================================================
Completed 20 games.

Agent 1 (DoubleIterRegressionTreeSHUCTAny)
Winning score (between 0 and 1) : N=20, mean=0.4 (+/-0.22028).
P1: N=10, mean=0.3 (+/-0.299389).
P2: N=10, mean=0.5 (+/-0.32666).
Game Durations: N=20, mean=154.6 (+/-8.049034).
P1: N=10, mean=155 (+/-12.96474).
P2: N=10, mean=154.2 (+/-10.26274).

Agent 2 (SHUCTAnyTime)
Winning score (between 0 and 1) : N=20, mean=0.6 (+/-0.22028).
P1: N=10, mean=0.5 (+/-0.32666).
P2: N=10, mean=0.7 (+/-0.299389).
Game Durations: N=20, mean=154.6 (+/-8.049034).
P1: N=10, mean=154.2 (+/-10.26274).
P2: N=10, mean=155 (+/-12.96474).
=====================================================
=====================================================
Completed 30 games.

Agent 1 (DoubleIterRegressionTreeSHUCTAny)
Winning score (between 0 and 1) : N=30, mean=0.4 (+/-0.178301).
P1: N=15, mean=0.333333 (+/-0.246932).
P2: N=15, mean=0.466667 (+/-0.261328).
Game Durations: N=30, mean=157.266667 (+/-6.149255).
P1: N=15, mean=161.2 (+/-9.676196).
P2: N=15, mean=153.333333 (+/-7.38487).

Agent 2 (SHUCTAnyTime)
Winning score (between 0 and 1) : N=30, mean=0.6 (+/-0.178301).
P1: N=15, mean=0.533333 (+/-0.261328).
P2: N=15, mean=0.666667 (+/-0.246932).
Game Durations: N=30, mean=157.266667 (+/-6.149255).
P1: N=15, mean=153.333333 (+/-7.38487).
P2: N=15, mean=161.2 (+/-9.676196).
=====================================================
=====================================================
Completed 40 games.

Agent 1 (DoubleIterRegressionTreeSHUCTAny)
Winning score (between 0 and 1) : N=40, mean=0.4 (+/-0.153752).
P1: N=20, mean=0.3 (+/-0.206054).
P2: N=20, mean=0.5 (+/-0.224823).
Game Durations: N=40, mean=155.9 (+/-5.02534).
P1: N=20, mean=159.2 (+/-7.563676).
P2: N=20, mean=152.6 (+/-6.485505).

Agent 2 (SHUCTAnyTime)
Winning score (between 0 and 1) : N=40, mean=0.6 (+/-0.153752).
P1: N=20, mean=0.5 (+/-0.224823).
P2: N=20, mean=0.7 (+/-0.206054).
Game Durations: N=40, mean=155.9 (+/-5.02534).
P1: N=20, mean=152.6 (+/-6.485505).
P2: N=20, mean=159.2 (+/-7.563676).
=====================================================
=====================================================
Completed 50 games.

Agent 1 (DoubleIterRegressionTreeSHUCTAny)
Winning score (between 0 and 1) : N=50, mean=0.42 (+/-0.138194).
P1: N=25, mean=0.32 (+/-0.186626).
P2: N=25, mean=0.52 (+/-0.199877).
Game Durations: N=50, mean=154.08 (+/-4.643464).
P1: N=25, mean=155.52 (+/-7.400521).
P2: N=25, mean=152.64 (+/-5.710719).

Agent 2 (SHUCTAnyTime)
Winning score (between 0 and 1) : N=50, mean=0.58 (+/-0.138194).
P1: N=25, mean=0.48 (+/-0.199877).
P2: N=25, mean=0.68 (+/-0.186626).
Game Durations: N=50, mean=154.08 (+/-4.643464).
P1: N=25, mean=152.64 (+/-5.710719).
P2: N=25, mean=155.52 (+/-7.400521).
=====================================================
=====================================================
Completed 60 games.

Agent 1 (DoubleIterRegressionTreeSHUCTAny)
Winning score (between 0 and 1) : N=60, mean=0.416667 (+/-0.125798).
P1: N=30, mean=0.333333 (+/-0.17157).
P2: N=30, mean=0.5 (+/-0.181978).
Game Durations: N=60, mean=153.766667 (+/-4.268805).
P1: N=30, mean=155.333333 (+/-6.208852).
P2: N=30, mean=152.2 (+/-5.911634).

Agent 2 (SHUCTAnyTime)
Winning score (between 0 and 1) : N=60, mean=0.583333 (+/-0.125798).
P1: N=30, mean=0.5 (+/-0.181978).
P2: N=30, mean=0.666667 (+/-0.17157).
Game Durations: N=60, mean=153.766667 (+/-4.268805).
P1: N=30, mean=152.2 (+/-5.911634).
P2: N=30, mean=155.333333 (+/-6.208852).
=====================================================
=====================================================
Completed 70 games.

Agent 1 (DoubleIterRegressionTreeSHUCTAny)
Winning score (between 0 and 1) : N=70, mean=0.414286 (+/-0.116229).
P1: N=35, mean=0.342857 (+/-0.159549).
P2: N=35, mean=0.485714 (+/-0.167997).
Game Durations: N=70, mean=155.257143 (+/-3.933831).
P1: N=35, mean=156 (+/-5.731421).
P2: N=35, mean=154.514286 (+/-5.462283).

Agent 2 (SHUCTAnyTime)
Winning score (between 0 and 1) : N=70, mean=0.585714 (+/-0.116229).
P1: N=35, mean=0.514286 (+/-0.167997).
P2: N=35, mean=0.657143 (+/-0.159549).
Game Durations: N=70, mean=155.257143 (+/-3.933831).
P1: N=35, mean=154.514286 (+/-5.462283).
P2: N=35, mean=156 (+/-5.731421).
=====================================================
=====================================================
Completed 80 games.

Agent 1 (DoubleIterRegressionTreeSHUCTAny)
Winning score (between 0 and 1) : N=80, mean=0.4375 (+/-0.109392).
P1: N=40, mean=0.375 (+/-0.151939).
P2: N=40, mean=0.5 (+/-0.156922).
Game Durations: N=80, mean=155.175 (+/-3.690341).
P1: N=40, mean=155.15 (+/-5.514901).
P2: N=40, mean=155.2 (+/-4.975801).

Agent 2 (SHUCTAnyTime)
Winning score (between 0 and 1) : N=80, mean=0.5625 (+/-0.109392).
P1: N=40, mean=0.5 (+/-0.156922).
P2: N=40, mean=0.625 (+/-0.151939).
Game Durations: N=80, mean=155.175 (+/-3.690341).
P1: N=40, mean=155.2 (+/-4.975801).
P2: N=40, mean=155.15 (+/-5.514901).
=====================================================
=====================================================
Completed 90 games.

Agent 1 (DoubleIterRegressionTreeSHUCTAny)
Winning score (between 0 and 1) : N=90, mean=0.433333 (+/-0.10295).
P1: N=45, mean=0.355556 (+/-0.141438).
P2: N=45, mean=0.511111 (+/-0.147701).
Game Durations: N=90, mean=154.933333 (+/-3.445483).
P1: N=45, mean=155.733333 (+/-5.029214).
P2: N=45, mean=154.133333 (+/-4.756078).

Agent 2 (SHUCTAnyTime)
Winning score (between 0 and 1) : N=90, mean=0.566667 (+/-0.10295).
P1: N=45, mean=0.488889 (+/-0.147701).
P2: N=45, mean=0.644444 (+/-0.141438).
Game Durations: N=90, mean=154.933333 (+/-3.445483).
P1: N=45, mean=154.133333 (+/-4.756078).
P2: N=45, mean=155.733333 (+/-5.029214).
=====================================================
=====================================================
Completed 100 games.

Agent 1 (DoubleIterRegressionTreeSHUCTAny)
Winning score (between 0 and 1) : N=100, mean=0.43 (+/-0.097522).
P1: N=50, mean=0.36 (+/-0.134397).
P2: N=50, mean=0.5 (+/-0.139997).
Game Durations: N=100, mean=154.86 (+/-3.207023).
P1: N=50, mean=155.92 (+/-4.580912).
P2: N=50, mean=153.8 (+/-4.516508).

Agent 2 (SHUCTAnyTime)
Winning score (between 0 and 1) : N=100, mean=0.57 (+/-0.097522).
P1: N=50, mean=0.5 (+/-0.139997).
P2: N=50, mean=0.64 (+/-0.134397).
Game Durations: N=100, mean=154.86 (+/-3.207023).
P1: N=50, mean=153.8 (+/-4.516508).
P2: N=50, mean=155.92 (+/-4.580912).
=====================================================
