Warming up...
Finished warming up!
=====================================================
Completed 1 games.

Agent 1 (EntropySHUCTAnytime)
Winning score (between 0 and 1) : N=1, mean=1 (+/-0).
P1: N=0, mean=0 (+/-0).
P2: N=1, mean=1 (+/-0).
Game Durations: N=1, mean=164 (+/-0).
P1: N=0, mean=0 (+/-0).
P2: N=1, mean=164 (+/-0).

Agent 2 (SHUCTAnyTime)
Winning score (between 0 and 1) : N=1, mean=0 (+/-0).
P1: N=1, mean=0 (+/-0).
P2: N=0, mean=0 (+/-0).
Game Durations: N=1, mean=164 (+/-0).
P1: N=1, mean=164 (+/-0).
P2: N=0, mean=0 (+/-0).
=====================================================
=====================================================
Completed 2 games.

Agent 1 (EntropySHUCTAnytime)
Winning score (between 0 and 1) : N=2, mean=0.5 (+/-0.97998).
P1: N=1, mean=0 (+/-0).
P2: N=1, mean=1 (+/-0).
Game Durations: N=2, mean=164 (+/-0).
P1: N=1, mean=164 (+/-0).
P2: N=1, mean=164 (+/-0).

Agent 2 (SHUCTAnyTime)
Winning score (between 0 and 1) : N=2, mean=0.5 (+/-0.97998).
P1: N=1, mean=0 (+/-0).
P2: N=1, mean=1 (+/-0).
Game Durations: N=2, mean=164 (+/-0).
P1: N=1, mean=164 (+/-0).
P2: N=1, mean=164 (+/-0).
=====================================================
=====================================================
Completed 3 games.

Agent 1 (EntropySHUCTAnytime)
Winning score (between 0 and 1) : N=3, mean=0.333333 (+/-0.65332).
P1: N=1, mean=0 (+/-0).
P2: N=2, mean=0.5 (+/-0.97998).
Game Durations: N=3, mean=162 (+/-3.91992).
P1: N=1, mean=164 (+/-0).
P2: N=2, mean=161 (+/-5.87988).

Agent 2 (SHUCTAnyTime)
Winning score (between 0 and 1) : N=3, mean=0.666667 (+/-0.65332).
P1: N=2, mean=0.5 (+/-0.97998).
P2: N=1, mean=1 (+/-0).
Game Durations: N=3, mean=162 (+/-3.91992).
P1: N=2, mean=161 (+/-5.87988).
P2: N=1, mean=164 (+/-0).
=====================================================
=====================================================
Completed 4 games.

Agent 1 (EntropySHUCTAnytime)
Winning score (between 0 and 1) : N=4, mean=0.25 (+/-0.48999).
P1: N=2, mean=0 (+/-0).
P2: N=2, mean=0.5 (+/-0.97998).
Game Durations: N=4, mean=159.5 (+/-5.629557).
P1: N=2, mean=158 (+/-11.75976).
P2: N=2, mean=161 (+/-5.87988).

Agent 2 (SHUCTAnyTime)
Winning score (between 0 and 1) : N=4, mean=0.75 (+/-0.48999).
P1: N=2, mean=0.5 (+/-0.97998).
P2: N=2, mean=1 (+/-0).
Game Durations: N=4, mean=159.5 (+/-5.629557).
P1: N=2, mean=161 (+/-5.87988).
P2: N=2, mean=158 (+/-11.75976).
=====================================================
=====================================================
Completed 5 games.

Agent 1 (EntropySHUCTAnytime)
Winning score (between 0 and 1) : N=5, mean=0.2 (+/-0.391992).
P1: N=2, mean=0 (+/-0).
P2: N=3, mean=0.333333 (+/-0.65332).
Game Durations: N=5, mean=162.4 (+/-7.163915).
P1: N=2, mean=158 (+/-11.75976).
P2: N=3, mean=165.333333 (+/-9.14648).

Agent 2 (SHUCTAnyTime)
Winning score (between 0 and 1) : N=5, mean=0.8 (+/-0.391992).
P1: N=3, mean=0.666667 (+/-0.65332).
P2: N=2, mean=1 (+/-0).
Game Durations: N=5, mean=162.4 (+/-7.163915).
P1: N=3, mean=165.333333 (+/-9.14648).
P2: N=2, mean=158 (+/-11.75976).
=====================================================
=====================================================
Completed 10 games.

Agent 1 (EntropySHUCTAnytime)
Winning score (between 0 and 1) : N=10, mean=0.2 (+/-0.261328).
P1: N=5, mean=0 (+/-0).
P2: N=5, mean=0.4 (+/-0.48009).
Game Durations: N=10, mean=158.2 (+/-7.095669).
P1: N=5, mean=153.6 (+/-6.369116).
P2: N=5, mean=162.8 (+/-12.056542).

Agent 2 (SHUCTAnyTime)
Winning score (between 0 and 1) : N=10, mean=0.8 (+/-0.261328).
P1: N=5, mean=0.6 (+/-0.48009).
P2: N=5, mean=1 (+/-0).
Game Durations: N=10, mean=158.2 (+/-7.095669).
P1: N=5, mean=162.8 (+/-12.056542).
P2: N=5, mean=153.6 (+/-6.369116).
=====================================================
=====================================================
Completed 20 games.

Agent 1 (EntropySHUCTAnytime)
Winning score (between 0 and 1) : N=20, mean=0.25 (+/-0.194702).
P1: N=10, mean=0.2 (+/-0.261328).
P2: N=10, mean=0.3 (+/-0.299389).
Game Durations: N=20, mean=158.5 (+/-6.05187).
P1: N=10, mean=150.8 (+/-7.90922).
P2: N=10, mean=166.2 (+/-6.43976).

Agent 2 (SHUCTAnyTime)
Winning score (between 0 and 1) : N=20, mean=0.75 (+/-0.194702).
P1: N=10, mean=0.7 (+/-0.299389).
P2: N=10, mean=0.8 (+/-0.261328).
Game Durations: N=20, mean=158.5 (+/-6.05187).
P1: N=10, mean=166.2 (+/-6.43976).
P2: N=10, mean=150.8 (+/-7.90922).
=====================================================
=====================================================
Completed 30 games.

Agent 1 (EntropySHUCTAnytime)
Winning score (between 0 and 1) : N=30, mean=0.366667 (+/-0.175388).
P1: N=15, mean=0.333333 (+/-0.246932).
P2: N=15, mean=0.4 (+/-0.256619).
Game Durations: N=30, mean=157.6 (+/-4.906069).
P1: N=15, mean=153.733333 (+/-6.501765).
P2: N=15, mean=161.466667 (+/-7.017034).

Agent 2 (SHUCTAnyTime)
Winning score (between 0 and 1) : N=30, mean=0.633333 (+/-0.175388).
P1: N=15, mean=0.6 (+/-0.256619).
P2: N=15, mean=0.666667 (+/-0.246932).
Game Durations: N=30, mean=157.6 (+/-4.906069).
P1: N=15, mean=161.466667 (+/-7.017034).
P2: N=15, mean=153.733333 (+/-6.501765).
=====================================================
=====================================================
Completed 40 games.

Agent 1 (EntropySHUCTAnytime)
Winning score (between 0 and 1) : N=40, mean=0.425 (+/-0.155147).
P1: N=20, mean=0.35 (+/-0.214467).
P2: N=20, mean=0.5 (+/-0.224823).
Game Durations: N=40, mean=157.55 (+/-4.059379).
P1: N=20, mean=154.1 (+/-5.399306).
P2: N=20, mean=161 (+/-5.803739).

Agent 2 (SHUCTAnyTime)
Winning score (between 0 and 1) : N=40, mean=0.575 (+/-0.155147).
P1: N=20, mean=0.5 (+/-0.224823).
P2: N=20, mean=0.65 (+/-0.214467).
Game Durations: N=40, mean=157.55 (+/-4.059379).
P1: N=20, mean=161 (+/-5.803739).
P2: N=20, mean=154.1 (+/-5.399306).
=====================================================
=====================================================
Completed 50 games.

Agent 1 (EntropySHUCTAnytime)
Winning score (between 0 and 1) : N=50, mean=0.38 (+/-0.135905).
P1: N=25, mean=0.28 (+/-0.179633).
P2: N=25, mean=0.48 (+/-0.199877).
Game Durations: N=50, mean=155.76 (+/-4.388882).
P1: N=25, mean=152.08 (+/-5.429148).
P2: N=25, mean=159.44 (+/-6.696527).

Agent 2 (SHUCTAnyTime)
Winning score (between 0 and 1) : N=50, mean=0.62 (+/-0.135905).
P1: N=25, mean=0.52 (+/-0.199877).
P2: N=25, mean=0.72 (+/-0.179633).
Game Durations: N=50, mean=155.76 (+/-4.388882).
P1: N=25, mean=159.44 (+/-6.696527).
P2: N=25, mean=152.08 (+/-5.429148).
=====================================================
=====================================================
Completed 60 games.

Agent 1 (EntropySHUCTAnytime)
Winning score (between 0 and 1) : N=60, mean=0.4 (+/-0.125005).
P1: N=30, mean=0.333333 (+/-0.17157).
P2: N=30, mean=0.466667 (+/-0.181573).
Game Durations: N=60, mean=156 (+/-3.810996).
P1: N=30, mean=152.933333 (+/-4.842051).
P2: N=30, mean=159.066667 (+/-5.758425).

Agent 2 (SHUCTAnyTime)
Winning score (between 0 and 1) : N=60, mean=0.6 (+/-0.125005).
P1: N=30, mean=0.533333 (+/-0.181573).
P2: N=30, mean=0.666667 (+/-0.17157).
Game Durations: N=60, mean=156 (+/-3.810996).
P1: N=30, mean=159.066667 (+/-5.758425).
P2: N=30, mean=152.933333 (+/-4.842051).
=====================================================
=====================================================
Completed 70 games.

Agent 1 (EntropySHUCTAnytime)
Winning score (between 0 and 1) : N=70, mean=0.414286 (+/-0.116229).
P1: N=35, mean=0.371429 (+/-0.162414).
P2: N=35, mean=0.457143 (+/-0.167447).
Game Durations: N=70, mean=156.057143 (+/-3.585017).
P1: N=35, mean=152.742857 (+/-4.783619).
P2: N=35, mean=159.371429 (+/-5.176898).

Agent 2 (SHUCTAnyTime)
Winning score (between 0 and 1) : N=70, mean=0.585714 (+/-0.116229).
P1: N=35, mean=0.542857 (+/-0.167447).
P2: N=35, mean=0.628571 (+/-0.162414).
Game Durations: N=70, mean=156.057143 (+/-3.585017).
P1: N=35, mean=159.371429 (+/-5.176898).
P2: N=35, mean=152.742857 (+/-4.783619).
=====================================================
=====================================================
Completed 80 games.

Agent 1 (EntropySHUCTAnytime)
Winning score (between 0 and 1) : N=80, mean=0.4375 (+/-0.109392).
P1: N=40, mean=0.425 (+/-0.155147).
P2: N=40, mean=0.45 (+/-0.156136).
Game Durations: N=80, mean=154.925 (+/-3.377477).
P1: N=40, mean=152.25 (+/-4.425517).
P2: N=40, mean=157.6 (+/-5.021909).

Agent 2 (SHUCTAnyTime)
Winning score (between 0 and 1) : N=80, mean=0.5625 (+/-0.109392).
P1: N=40, mean=0.55 (+/-0.156136).
P2: N=40, mean=0.575 (+/-0.155147).
Game Durations: N=80, mean=154.925 (+/-3.377477).
P1: N=40, mean=157.6 (+/-5.021909).
P2: N=40, mean=152.25 (+/-4.425517).
=====================================================
=====================================================
Completed 90 games.

Agent 1 (EntropySHUCTAnytime)
Winning score (between 0 and 1) : N=90, mean=0.466667 (+/-0.103647).
P1: N=45, mean=0.444444 (+/-0.146823).
P2: N=45, mean=0.488889 (+/-0.147701).
Game Durations: N=90, mean=154.555556 (+/-3.284625).
P1: N=45, mean=151.822222 (+/-4.418443).
P2: N=45, mean=157.288889 (+/-4.776846).

Agent 2 (SHUCTAnyTime)
Winning score (between 0 and 1) : N=90, mean=0.533333 (+/-0.103647).
P1: N=45, mean=0.511111 (+/-0.147701).
P2: N=45, mean=0.555556 (+/-0.146823).
Game Durations: N=90, mean=154.555556 (+/-3.284625).
P1: N=45, mean=157.288889 (+/-4.776846).
P2: N=45, mean=151.822222 (+/-4.418443).
=====================================================
=====================================================
Completed 100 games.

Agent 1 (EntropySHUCTAnytime)
Winning score (between 0 and 1) : N=100, mean=0.49 (+/-0.098472).
P1: N=50, mean=0.44 (+/-0.138986).
P2: N=50, mean=0.54 (+/-0.139548).
Game Durations: N=100, mean=155.42 (+/-3.137072).
P1: N=50, mean=152.64 (+/-4.369978).
P2: N=50, mean=158.2 (+/-4.411132).

Agent 2 (SHUCTAnyTime)
Winning score (between 0 and 1) : N=100, mean=0.51 (+/-0.098472).
P1: N=50, mean=0.46 (+/-0.139548).
P2: N=50, mean=0.56 (+/-0.138986).
Game Durations: N=100, mean=155.42 (+/-3.137072).
P1: N=50, mean=158.2 (+/-4.411132).
P2: N=50, mean=152.64 (+/-4.369978).
=====================================================
