Warming up...
Finished warming up!
=====================================================
Completed 1 games.

Agent 1 (RegressionTreeSHUCTAny)
Winning score (between 0 and 1) : N=1, mean=1 (+/-0).
P1: N=0, mean=0 (+/-0).
P2: N=1, mean=1 (+/-0).
Game Durations: N=1, mean=152 (+/-0).
P1: N=0, mean=0 (+/-0).
P2: N=1, mean=152 (+/-0).

Agent 2 (Example UCT)
Winning score (between 0 and 1) : N=1, mean=0 (+/-0).
P1: N=1, mean=0 (+/-0).
P2: N=0, mean=0 (+/-0).
Game Durations: N=1, mean=152 (+/-0).
P1: N=1, mean=152 (+/-0).
P2: N=0, mean=0 (+/-0).
=====================================================
=====================================================
Completed 2 games.

Agent 1 (RegressionTreeSHUCTAny)
Winning score (between 0 and 1) : N=2, mean=1 (+/-0).
P1: N=1, mean=1 (+/-0).
P2: N=1, mean=1 (+/-0).
Game Durations: N=2, mean=151 (+/-1.95996).
P1: N=1, mean=150 (+/-0).
P2: N=1, mean=152 (+/-0).

Agent 2 (Example UCT)
Winning score (between 0 and 1) : N=2, mean=0 (+/-0).
P1: N=1, mean=0 (+/-0).
P2: N=1, mean=0 (+/-0).
Game Durations: N=2, mean=151 (+/-1.95996).
P1: N=1, mean=152 (+/-0).
P2: N=1, mean=150 (+/-0).
=====================================================
=====================================================
Completed 3 games.

Agent 1 (RegressionTreeSHUCTAny)
Winning score (between 0 and 1) : N=3, mean=1 (+/-0).
P1: N=1, mean=1 (+/-0).
P2: N=2, mean=1 (+/-0).
Game Durations: N=3, mean=151.333333 (+/-1.30664).
P1: N=1, mean=150 (+/-0).
P2: N=2, mean=152 (+/-0).

Agent 2 (Example UCT)
Winning score (between 0 and 1) : N=3, mean=0 (+/-0).
P1: N=2, mean=0 (+/-0).
P2: N=1, mean=0 (+/-0).
Game Durations: N=3, mean=151.333333 (+/-1.30664).
P1: N=2, mean=152 (+/-0).
P2: N=1, mean=150 (+/-0).
=====================================================
=====================================================
Completed 4 games.

Agent 1 (RegressionTreeSHUCTAny)
Winning score (between 0 and 1) : N=4, mean=0.75 (+/-0.48999).
P1: N=2, mean=0.5 (+/-0.97998).
P2: N=2, mean=1 (+/-0).
Game Durations: N=4, mean=152.5 (+/-2.466229).
P1: N=2, mean=153 (+/-5.87988).
P2: N=2, mean=152 (+/-0).

Agent 2 (Example UCT)
Winning score (between 0 and 1) : N=4, mean=0.25 (+/-0.48999).
P1: N=2, mean=0 (+/-0).
P2: N=2, mean=0.5 (+/-0.97998).
Game Durations: N=4, mean=152.5 (+/-2.466229).
P1: N=2, mean=152 (+/-0).
P2: N=2, mean=153 (+/-5.87988).
=====================================================
=====================================================
Completed 5 games.

Agent 1 (RegressionTreeSHUCTAny)
Winning score (between 0 and 1) : N=5, mean=0.6 (+/-0.48009).
P1: N=2, mean=0.5 (+/-0.97998).
P2: N=3, mean=0.666667 (+/-0.65332).
Game Durations: N=5, mean=155.2 (+/-5.626144).
P1: N=2, mean=153 (+/-5.87988).
P2: N=3, mean=156.666667 (+/-9.14648).

Agent 2 (Example UCT)
Winning score (between 0 and 1) : N=5, mean=0.4 (+/-0.48009).
P1: N=3, mean=0.333333 (+/-0.65332).
P2: N=2, mean=0.5 (+/-0.97998).
Game Durations: N=5, mean=155.2 (+/-5.626144).
P1: N=3, mean=156.666667 (+/-9.14648).
P2: N=2, mean=153 (+/-5.87988).
=====================================================
=====================================================
Completed 10 games.

Agent 1 (RegressionTreeSHUCTAny)
Winning score (between 0 and 1) : N=10, mean=0.5 (+/-0.32666).
P1: N=5, mean=0.6 (+/-0.48009).
P2: N=5, mean=0.4 (+/-0.48009).
Game Durations: N=10, mean=152 (+/-6.839608).
P1: N=5, mean=147.6 (+/-10.474331).
P2: N=5, mean=156.4 (+/-7.975857).

Agent 2 (Example UCT)
Winning score (between 0 and 1) : N=10, mean=0.5 (+/-0.32666).
P1: N=5, mean=0.6 (+/-0.48009).
P2: N=5, mean=0.4 (+/-0.48009).
Game Durations: N=10, mean=152 (+/-6.839608).
P1: N=5, mean=156.4 (+/-7.975857).
P2: N=5, mean=147.6 (+/-10.474331).
=====================================================
=====================================================
Completed 20 games.

Agent 1 (RegressionTreeSHUCTAny)
Winning score (between 0 and 1) : N=20, mean=0.4 (+/-0.22028).
P1: N=10, mean=0.5 (+/-0.32666).
P2: N=10, mean=0.3 (+/-0.299389).
Game Durations: N=20, mean=155.6 (+/-6.763245).
P1: N=10, mean=158.6 (+/-9.350468).
P2: N=10, mean=152.6 (+/-9.900331).

Agent 2 (Example UCT)
Winning score (between 0 and 1) : N=20, mean=0.6 (+/-0.22028).
P1: N=10, mean=0.7 (+/-0.299389).
P2: N=10, mean=0.5 (+/-0.32666).
Game Durations: N=20, mean=155.6 (+/-6.763245).
P1: N=10, mean=152.6 (+/-9.900331).
P2: N=10, mean=158.6 (+/-9.350468).
=====================================================
=====================================================
Completed 30 games.

Agent 1 (RegressionTreeSHUCTAny)
Winning score (between 0 and 1) : N=30, mean=0.466667 (+/-0.181573).
P1: N=15, mean=0.6 (+/-0.256619).
P2: N=15, mean=0.333333 (+/-0.246932).
Game Durations: N=30, mean=155.133333 (+/-5.65927).
P1: N=15, mean=158.533333 (+/-8.760754).
P2: N=15, mean=151.733333 (+/-7.042016).

Agent 2 (Example UCT)
Winning score (between 0 and 1) : N=30, mean=0.533333 (+/-0.181573).
P1: N=15, mean=0.666667 (+/-0.246932).
P2: N=15, mean=0.4 (+/-0.256619).
Game Durations: N=30, mean=155.133333 (+/-5.65927).
P1: N=15, mean=151.733333 (+/-7.042016).
P2: N=15, mean=158.533333 (+/-8.760754).
=====================================================
=====================================================
Completed 40 games.

Agent 1 (RegressionTreeSHUCTAny)
Winning score (between 0 and 1) : N=40, mean=0.45 (+/-0.156136).
P1: N=20, mean=0.55 (+/-0.223696).
P2: N=20, mean=0.35 (+/-0.214467).
Game Durations: N=40, mean=153.5 (+/-5.419164).
P1: N=20, mean=157.9 (+/-7.934558).
P2: N=20, mean=149.1 (+/-7.05514).

Agent 2 (Example UCT)
Winning score (between 0 and 1) : N=40, mean=0.55 (+/-0.156136).
P1: N=20, mean=0.65 (+/-0.214467).
P2: N=20, mean=0.45 (+/-0.223696).
Game Durations: N=40, mean=153.5 (+/-5.419164).
P1: N=20, mean=149.1 (+/-7.05514).
P2: N=20, mean=157.9 (+/-7.934558).
=====================================================
=====================================================
Completed 50 games.

Agent 1 (RegressionTreeSHUCTAny)
Winning score (between 0 and 1) : N=50, mean=0.44 (+/-0.138986).
P1: N=25, mean=0.52 (+/-0.199877).
P2: N=25, mean=0.36 (+/-0.192036).
Game Durations: N=50, mean=153.64 (+/-4.735385).
P1: N=25, mean=157.2 (+/-6.774396).
P2: N=25, mean=150.08 (+/-6.450939).

Agent 2 (Example UCT)
Winning score (between 0 and 1) : N=50, mean=0.56 (+/-0.138986).
P1: N=25, mean=0.64 (+/-0.192036).
P2: N=25, mean=0.48 (+/-0.199877).
Game Durations: N=50, mean=153.64 (+/-4.735385).
P1: N=25, mean=150.08 (+/-6.450939).
P2: N=25, mean=157.2 (+/-6.774396).
=====================================================
=====================================================
Completed 60 games.

Agent 1 (RegressionTreeSHUCTAny)
Winning score (between 0 and 1) : N=60, mean=0.45 (+/-0.126943).
P1: N=30, mean=0.5 (+/-0.181978).
P2: N=30, mean=0.4 (+/-0.178301).
Game Durations: N=60, mean=153.633333 (+/-4.260051).
P1: N=30, mean=155.933333 (+/-6.175051).
P2: N=30, mean=151.333333 (+/-5.85756).

Agent 2 (Example UCT)
Winning score (between 0 and 1) : N=60, mean=0.55 (+/-0.126943).
P1: N=30, mean=0.6 (+/-0.178301).
P2: N=30, mean=0.5 (+/-0.181978).
Game Durations: N=60, mean=153.633333 (+/-4.260051).
P1: N=30, mean=151.333333 (+/-5.85756).
P2: N=30, mean=155.933333 (+/-6.175051).
=====================================================
=====================================================
Completed 70 games.

Agent 1 (RegressionTreeSHUCTAny)
Winning score (between 0 and 1) : N=70, mean=0.471429 (+/-0.117783).
P1: N=35, mean=0.485714 (+/-0.167997).
P2: N=35, mean=0.457143 (+/-0.167447).
Game Durations: N=70, mean=154.171429 (+/-3.792663).
P1: N=35, mean=155.6 (+/-5.453901).
P2: N=35, mean=152.742857 (+/-5.308211).

Agent 2 (Example UCT)
Winning score (between 0 and 1) : N=70, mean=0.528571 (+/-0.117783).
P1: N=35, mean=0.542857 (+/-0.167447).
P2: N=35, mean=0.514286 (+/-0.167997).
Game Durations: N=70, mean=154.171429 (+/-3.792663).
P1: N=35, mean=152.742857 (+/-5.308211).
P2: N=35, mean=155.6 (+/-5.453901).
=====================================================
=====================================================
Completed 80 games.

Agent 1 (RegressionTreeSHUCTAny)
Winning score (between 0 and 1) : N=80, mean=0.4625 (+/-0.109946).
P1: N=40, mean=0.5 (+/-0.156922).
P2: N=40, mean=0.425 (+/-0.155147).
Game Durations: N=80, mean=153.525 (+/-3.465801).
P1: N=40, mean=154.1 (+/-5.040996).
P2: N=40, mean=152.95 (+/-4.815217).

Agent 2 (Example UCT)
Winning score (between 0 and 1) : N=80, mean=0.5375 (+/-0.109946).
P1: N=40, mean=0.575 (+/-0.155147).
P2: N=40, mean=0.5 (+/-0.156922).
Game Durations: N=80, mean=153.525 (+/-3.465801).
P1: N=40, mean=152.95 (+/-4.815217).
P2: N=40, mean=154.1 (+/-5.040996).
=====================================================
=====================================================
Completed 90 games.

Agent 1 (RegressionTreeSHUCTAny)
Winning score (between 0 and 1) : N=90, mean=0.477778 (+/-0.103775).
P1: N=45, mean=0.488889 (+/-0.147701).
P2: N=45, mean=0.466667 (+/-0.147409).
Game Durations: N=90, mean=153.022222 (+/-3.268945).
P1: N=45, mean=153.244444 (+/-4.831981).
P2: N=45, mean=152.8 (+/-4.457922).

Agent 2 (Example UCT)
Winning score (between 0 and 1) : N=90, mean=0.522222 (+/-0.103775).
P1: N=45, mean=0.533333 (+/-0.147409).
P2: N=45, mean=0.511111 (+/-0.147701).
Game Durations: N=90, mean=153.022222 (+/-3.268945).
P1: N=45, mean=152.8 (+/-4.457922).
P2: N=45, mean=153.244444 (+/-4.831981).
=====================================================
=====================================================
Completed 100 games.

Agent 1 (RegressionTreeSHUCTAny)
Winning score (between 0 and 1) : N=100, mean=0.46 (+/-0.098176).
P1: N=50, mean=0.48 (+/-0.139885).
P2: N=50, mean=0.44 (+/-0.138986).
Game Durations: N=100, mean=153.28 (+/-3.084798).
P1: N=50, mean=153.28 (+/-4.532463).
P2: N=50, mean=153.28 (+/-4.231913).

Agent 2 (Example UCT)
Winning score (between 0 and 1) : N=100, mean=0.54 (+/-0.098176).
P1: N=50, mean=0.56 (+/-0.138986).
P2: N=50, mean=0.52 (+/-0.139885).
Game Durations: N=100, mean=153.28 (+/-3.084798).
P1: N=50, mean=153.28 (+/-4.231913).
P2: N=50, mean=153.28 (+/-4.532463).
=====================================================
