Warming up...
Finished warming up!
=====================================================
Completed 1 games.

Agent 1 (RegressionTreeSHUCTAny)
Winning score (between 0 and 1) : N=1, mean=1 (+/-0).
P1: N=0, mean=0 (+/-0).
P2: N=1, mean=1 (+/-0).
Game Durations: N=1, mean=152 (+/-0).
P1: N=0, mean=0 (+/-0).
P2: N=1, mean=152 (+/-0).

Agent 2 (Example UCT)
Winning score (between 0 and 1) : N=1, mean=0 (+/-0).
P1: N=1, mean=0 (+/-0).
P2: N=0, mean=0 (+/-0).
Game Durations: N=1, mean=152 (+/-0).
P1: N=1, mean=152 (+/-0).
P2: N=0, mean=0 (+/-0).
=====================================================
=====================================================
Completed 2 games.

Agent 1 (RegressionTreeSHUCTAny)
Winning score (between 0 and 1) : N=2, mean=1 (+/-0).
P1: N=1, mean=1 (+/-0).
P2: N=1, mean=1 (+/-0).
Game Durations: N=2, mean=155 (+/-5.87988).
P1: N=1, mean=158 (+/-0).
P2: N=1, mean=152 (+/-0).

Agent 2 (Example UCT)
Winning score (between 0 and 1) : N=2, mean=0 (+/-0).
P1: N=1, mean=0 (+/-0).
P2: N=1, mean=0 (+/-0).
Game Durations: N=2, mean=155 (+/-5.87988).
P1: N=1, mean=152 (+/-0).
P2: N=1, mean=158 (+/-0).
=====================================================
=====================================================
Completed 3 games.

Agent 1 (RegressionTreeSHUCTAny)
Winning score (between 0 and 1) : N=3, mean=1 (+/-0).
P1: N=1, mean=1 (+/-0).
P2: N=2, mean=1 (+/-0).
Game Durations: N=3, mean=152.666667 (+/-5.695512).
P1: N=1, mean=158 (+/-0).
P2: N=2, mean=150 (+/-3.91992).

Agent 2 (Example UCT)
Winning score (between 0 and 1) : N=3, mean=0 (+/-0).
P1: N=2, mean=0 (+/-0).
P2: N=1, mean=0 (+/-0).
Game Durations: N=3, mean=152.666667 (+/-5.695512).
P1: N=2, mean=150 (+/-3.91992).
P2: N=1, mean=158 (+/-0).
=====================================================
=====================================================
Completed 4 games.

Agent 1 (RegressionTreeSHUCTAny)
Winning score (between 0 and 1) : N=4, mean=0.75 (+/-0.48999).
P1: N=2, mean=0.5 (+/-0.97998).
P2: N=2, mean=1 (+/-0).
Game Durations: N=4, mean=150.5 (+/-5.852595).
P1: N=2, mean=151 (+/-13.71972).
P2: N=2, mean=150 (+/-3.91992).

Agent 2 (Example UCT)
Winning score (between 0 and 1) : N=4, mean=0.25 (+/-0.48999).
P1: N=2, mean=0 (+/-0).
P2: N=2, mean=0.5 (+/-0.97998).
Game Durations: N=4, mean=150.5 (+/-5.852595).
P1: N=2, mean=150 (+/-3.91992).
P2: N=2, mean=151 (+/-13.71972).
=====================================================
=====================================================
Completed 5 games.

Agent 1 (RegressionTreeSHUCTAny)
Winning score (between 0 and 1) : N=5, mean=0.8 (+/-0.391992).
P1: N=2, mean=0.5 (+/-0.97998).
P2: N=3, mean=1 (+/-0).
Game Durations: N=5, mean=147.6 (+/-7.270369).
P1: N=2, mean=151 (+/-13.71972).
P2: N=3, mean=145.333333 (+/-9.422315).

Agent 2 (Example UCT)
Winning score (between 0 and 1) : N=5, mean=0.2 (+/-0.391992).
P1: N=3, mean=0 (+/-0).
P2: N=2, mean=0.5 (+/-0.97998).
Game Durations: N=5, mean=147.6 (+/-7.270369).
P1: N=3, mean=145.333333 (+/-9.422315).
P2: N=2, mean=151 (+/-13.71972).
=====================================================
=====================================================
Completed 10 games.

Agent 1 (RegressionTreeSHUCTAny)
Winning score (between 0 and 1) : N=10, mean=0.5 (+/-0.32666).
P1: N=5, mean=0.4 (+/-0.48009).
P2: N=5, mean=0.6 (+/-0.48009).
Game Durations: N=10, mean=152.8 (+/-8.329766).
P1: N=5, mean=152 (+/-9.358681).
P2: N=5, mean=153.6 (+/-14.947185).

Agent 2 (Example UCT)
Winning score (between 0 and 1) : N=10, mean=0.5 (+/-0.32666).
P1: N=5, mean=0.4 (+/-0.48009).
P2: N=5, mean=0.6 (+/-0.48009).
Game Durations: N=10, mean=152.8 (+/-8.329766).
P1: N=5, mean=153.6 (+/-14.947185).
P2: N=5, mean=152 (+/-9.358681).
=====================================================
=====================================================
Completed 20 games.

Agent 1 (RegressionTreeSHUCTAny)
Winning score (between 0 and 1) : N=20, mean=0.45 (+/-0.223696).
P1: N=10, mean=0.4 (+/-0.32006).
P2: N=10, mean=0.5 (+/-0.32666).
Game Durations: N=20, mean=156.1 (+/-6.207553).
P1: N=10, mean=159.6 (+/-8.623824).
P2: N=10, mean=152.6 (+/-8.824416).

Agent 2 (Example UCT)
Winning score (between 0 and 1) : N=20, mean=0.55 (+/-0.223696).
P1: N=10, mean=0.5 (+/-0.32666).
P2: N=10, mean=0.6 (+/-0.32006).
Game Durations: N=20, mean=156.1 (+/-6.207553).
P1: N=10, mean=152.6 (+/-8.824416).
P2: N=10, mean=159.6 (+/-8.623824).
=====================================================
=====================================================
Completed 30 games.

Agent 1 (RegressionTreeSHUCTAny)
Winning score (between 0 and 1) : N=30, mean=0.466667 (+/-0.181573).
P1: N=15, mean=0.466667 (+/-0.261328).
P2: N=15, mean=0.466667 (+/-0.261328).
Game Durations: N=30, mean=155.266667 (+/-4.8192).
P1: N=15, mean=159.333333 (+/-6.176256).
P2: N=15, mean=151.2 (+/-6.999633).

Agent 2 (Example UCT)
Winning score (between 0 and 1) : N=30, mean=0.533333 (+/-0.181573).
P1: N=15, mean=0.533333 (+/-0.261328).
P2: N=15, mean=0.533333 (+/-0.261328).
Game Durations: N=30, mean=155.266667 (+/-4.8192).
P1: N=15, mean=151.2 (+/-6.999633).
P2: N=15, mean=159.333333 (+/-6.176256).
=====================================================
=====================================================
Completed 40 games.

Agent 1 (RegressionTreeSHUCTAny)
Winning score (between 0 and 1) : N=40, mean=0.525 (+/-0.156726).
P1: N=20, mean=0.5 (+/-0.224823).
P2: N=20, mean=0.55 (+/-0.223696).
Game Durations: N=40, mean=154.95 (+/-4.339663).
P1: N=20, mean=157.4 (+/-6.192063).
P2: N=20, mean=152.5 (+/-6.045185).

Agent 2 (Example UCT)
Winning score (between 0 and 1) : N=40, mean=0.475 (+/-0.156726).
P1: N=20, mean=0.45 (+/-0.223696).
P2: N=20, mean=0.5 (+/-0.224823).
Game Durations: N=40, mean=154.95 (+/-4.339663).
P1: N=20, mean=152.5 (+/-6.045185).
P2: N=20, mean=157.4 (+/-6.192063).
=====================================================
=====================================================
Completed 50 games.

Agent 1 (RegressionTreeSHUCTAny)
Winning score (between 0 and 1) : N=50, mean=0.58 (+/-0.138194).
P1: N=25, mean=0.56 (+/-0.198592).
P2: N=25, mean=0.6 (+/-0.195996).
Game Durations: N=50, mean=154.8 (+/-4.221883).
P1: N=25, mean=156.16 (+/-6.316304).
P2: N=25, mean=153.44 (+/-5.682848).

Agent 2 (Example UCT)
Winning score (between 0 and 1) : N=50, mean=0.42 (+/-0.138194).
P1: N=25, mean=0.4 (+/-0.195996).
P2: N=25, mean=0.44 (+/-0.198592).
Game Durations: N=50, mean=154.8 (+/-4.221883).
P1: N=25, mean=153.44 (+/-5.682848).
P2: N=25, mean=156.16 (+/-6.316304).
=====================================================
=====================================================
Completed 60 games.

Agent 1 (RegressionTreeSHUCTAny)
Winning score (between 0 and 1) : N=60, mean=0.55 (+/-0.126943).
P1: N=30, mean=0.5 (+/-0.181978).
P2: N=30, mean=0.6 (+/-0.178301).
Game Durations: N=60, mean=152.633333 (+/-3.971068).
P1: N=30, mean=153.4 (+/-5.919994).
P2: N=30, mean=151.866667 (+/-5.381729).

Agent 2 (Example UCT)
Winning score (between 0 and 1) : N=60, mean=0.45 (+/-0.126943).
P1: N=30, mean=0.4 (+/-0.178301).
P2: N=30, mean=0.5 (+/-0.181978).
Game Durations: N=60, mean=152.633333 (+/-3.971068).
P1: N=30, mean=151.866667 (+/-5.381729).
P2: N=30, mean=153.4 (+/-5.919994).
=====================================================
=====================================================
Completed 70 games.

Agent 1 (RegressionTreeSHUCTAny)
Winning score (between 0 and 1) : N=70, mean=0.571429 (+/-0.116766).
P1: N=35, mean=0.514286 (+/-0.167997).
P2: N=35, mean=0.628571 (+/-0.162414).
Game Durations: N=70, mean=152.257143 (+/-3.834522).
P1: N=35, mean=154.285714 (+/-5.571816).
P2: N=35, mean=150.228571 (+/-5.263472).

Agent 2 (Example UCT)
Winning score (between 0 and 1) : N=70, mean=0.428571 (+/-0.116766).
P1: N=35, mean=0.371429 (+/-0.162414).
P2: N=35, mean=0.485714 (+/-0.167997).
Game Durations: N=70, mean=152.257143 (+/-3.834522).
P1: N=35, mean=150.228571 (+/-5.263472).
P2: N=35, mean=154.285714 (+/-5.571816).
=====================================================
=====================================================
Completed 80 games.

Agent 1 (RegressionTreeSHUCTAny)
Winning score (between 0 and 1) : N=80, mean=0.5625 (+/-0.109392).
P1: N=40, mean=0.5 (+/-0.156922).
P2: N=40, mean=0.625 (+/-0.151939).
Game Durations: N=80, mean=152.925 (+/-3.582191).
P1: N=40, mean=154.3 (+/-5.332684).
P2: N=40, mean=151.55 (+/-4.814194).

Agent 2 (Example UCT)
Winning score (between 0 and 1) : N=80, mean=0.4375 (+/-0.109392).
P1: N=40, mean=0.375 (+/-0.151939).
P2: N=40, mean=0.5 (+/-0.156922).
Game Durations: N=80, mean=152.925 (+/-3.582191).
P1: N=40, mean=151.55 (+/-4.814194).
P2: N=40, mean=154.3 (+/-5.332684).
=====================================================
=====================================================
Completed 90 games.

Agent 1 (RegressionTreeSHUCTAny)
Winning score (between 0 and 1) : N=90, mean=0.533333 (+/-0.103647).
P1: N=45, mean=0.488889 (+/-0.147701).
P2: N=45, mean=0.577778 (+/-0.145939).
Game Durations: N=90, mean=153.177778 (+/-3.46696).
P1: N=45, mean=153.244444 (+/-5.106832).
P2: N=45, mean=153.111111 (+/-4.748167).

Agent 2 (Example UCT)
Winning score (between 0 and 1) : N=90, mean=0.466667 (+/-0.103647).
P1: N=45, mean=0.422222 (+/-0.145939).
P2: N=45, mean=0.511111 (+/-0.147701).
Game Durations: N=90, mean=153.177778 (+/-3.46696).
P1: N=45, mean=153.111111 (+/-4.748167).
P2: N=45, mean=153.244444 (+/-5.106832).
=====================================================
=====================================================
Completed 100 games.

Agent 1 (RegressionTreeSHUCTAny)
Winning score (between 0 and 1) : N=100, mean=0.53 (+/-0.098314).
P1: N=50, mean=0.48 (+/-0.139885).
P2: N=50, mean=0.58 (+/-0.138194).
Game Durations: N=100, mean=154.5 (+/-3.368992).
P1: N=50, mean=153.6 (+/-4.858688).
P2: N=50, mean=155.4 (+/-4.704237).

Agent 2 (Example UCT)
Winning score (between 0 and 1) : N=100, mean=0.47 (+/-0.098314).
P1: N=50, mean=0.42 (+/-0.138194).
P2: N=50, mean=0.52 (+/-0.139885).
Game Durations: N=100, mean=154.5 (+/-3.368992).
P1: N=50, mean=155.4 (+/-4.704237).
P2: N=50, mean=153.6 (+/-4.858688).
=====================================================
