Warming up...
Finished warming up!
=====================================================
Completed 1 games.

Agent 1 (RegressionTreeSHUCTAny)
Winning score (between 0 and 1) : N=1, mean=1 (+/-0).
P1: N=1, mean=1 (+/-0).
P2: N=0, mean=0 (+/-0).
Game Durations: N=1, mean=75 (+/-0).
P1: N=1, mean=75 (+/-0).
P2: N=0, mean=0 (+/-0).

Agent 2 (SHUCTAnyTime)
Winning score (between 0 and 1) : N=1, mean=0 (+/-0).
P1: N=0, mean=0 (+/-0).
P2: N=1, mean=0 (+/-0).
Game Durations: N=1, mean=75 (+/-0).
P1: N=0, mean=0 (+/-0).
P2: N=1, mean=75 (+/-0).
=====================================================
=====================================================
Completed 2 games.

Agent 1 (RegressionTreeSHUCTAny)
Winning score (between 0 and 1) : N=2, mean=1 (+/-0).
P1: N=1, mean=1 (+/-0).
P2: N=1, mean=1 (+/-0).
Game Durations: N=2, mean=72.5 (+/-4.8999).
P1: N=1, mean=75 (+/-0).
P2: N=1, mean=70 (+/-0).

Agent 2 (SHUCTAnyTime)
Winning score (between 0 and 1) : N=2, mean=0 (+/-0).
P1: N=1, mean=0 (+/-0).
P2: N=1, mean=0 (+/-0).
Game Durations: N=2, mean=72.5 (+/-4.8999).
P1: N=1, mean=70 (+/-0).
P2: N=1, mean=75 (+/-0).
=====================================================
=====================================================
Completed 3 games.

Agent 1 (RegressionTreeSHUCTAny)
Winning score (between 0 and 1) : N=3, mean=0.666667 (+/-0.65332).
P1: N=2, mean=0.5 (+/-0.97998).
P2: N=1, mean=1 (+/-0).
Game Durations: N=3, mean=72.333333 (+/-2.847756).
P1: N=2, mean=73.5 (+/-2.93994).
P2: N=1, mean=70 (+/-0).

Agent 2 (SHUCTAnyTime)
Winning score (between 0 and 1) : N=3, mean=0.333333 (+/-0.65332).
P1: N=1, mean=0 (+/-0).
P2: N=2, mean=0.5 (+/-0.97998).
Game Durations: N=3, mean=72.333333 (+/-2.847756).
P1: N=1, mean=70 (+/-0).
P2: N=2, mean=73.5 (+/-2.93994).
=====================================================
=====================================================
Completed 4 games.

Agent 1 (RegressionTreeSHUCTAny)
Winning score (between 0 and 1) : N=4, mean=0.75 (+/-0.48999).
P1: N=2, mean=0.5 (+/-0.97998).
P2: N=2, mean=1 (+/-0).
Game Durations: N=4, mean=71.75 (+/-2.315602).
P1: N=2, mean=73.5 (+/-2.93994).
P2: N=2, mean=70 (+/-0).

Agent 2 (SHUCTAnyTime)
Winning score (between 0 and 1) : N=4, mean=0.25 (+/-0.48999).
P1: N=2, mean=0 (+/-0).
P2: N=2, mean=0.5 (+/-0.97998).
Game Durations: N=4, mean=71.75 (+/-2.315602).
P1: N=2, mean=70 (+/-0).
P2: N=2, mean=73.5 (+/-2.93994).
=====================================================
=====================================================
Completed 5 games.

Agent 1 (RegressionTreeSHUCTAny)
Winning score (between 0 and 1) : N=5, mean=0.6 (+/-0.48009).
P1: N=3, mean=0.333333 (+/-0.65332).
P2: N=2, mean=1 (+/-0).
Game Durations: N=5, mean=70.2 (+/-3.527928).
P1: N=3, mean=70.333333 (+/-6.434456).
P2: N=2, mean=70 (+/-0).

Agent 2 (SHUCTAnyTime)
Winning score (between 0 and 1) : N=5, mean=0.4 (+/-0.48009).
P1: N=2, mean=0 (+/-0).
P2: N=3, mean=0.666667 (+/-0.65332).
Game Durations: N=5, mean=70.2 (+/-3.527928).
P1: N=2, mean=70 (+/-0).
P2: N=3, mean=70.333333 (+/-6.434456).
=====================================================
=====================================================
Completed 10 games.

Agent 1 (RegressionTreeSHUCTAny)
Winning score (between 0 and 1) : N=10, mean=0.3 (+/-0.299389).
P1: N=5, mean=0.2 (+/-0.391992).
P2: N=5, mean=0.4 (+/-0.48009).
Game Durations: N=10, mean=70.2 (+/-2.061843).
P1: N=5, mean=70.2 (+/-4.311912).
P2: N=5, mean=70.2 (+/-0.73335).

Agent 2 (SHUCTAnyTime)
Winning score (between 0 and 1) : N=10, mean=0.7 (+/-0.299389).
P1: N=5, mean=0.6 (+/-0.48009).
P2: N=5, mean=0.8 (+/-0.391992).
Game Durations: N=10, mean=70.2 (+/-2.061843).
P1: N=5, mean=70.2 (+/-0.73335).
P2: N=5, mean=70.2 (+/-4.311912).
=====================================================
=====================================================
Completed 20 games.

Agent 1 (RegressionTreeSHUCTAny)
Winning score (between 0 and 1) : N=20, mean=0.35 (+/-0.214467).
P1: N=10, mean=0.3 (+/-0.299389).
P2: N=10, mean=0.4 (+/-0.32006).
Game Durations: N=20, mean=69.45 (+/-1.750011).
P1: N=10, mean=70.7 (+/-2.907824).
P2: N=10, mean=68.2 (+/-1.772413).

Agent 2 (SHUCTAnyTime)
Winning score (between 0 and 1) : N=20, mean=0.65 (+/-0.214467).
P1: N=10, mean=0.6 (+/-0.32006).
P2: N=10, mean=0.7 (+/-0.299389).
Game Durations: N=20, mean=69.45 (+/-1.750011).
P1: N=10, mean=68.2 (+/-1.772413).
P2: N=10, mean=70.7 (+/-2.907824).
=====================================================
=====================================================
Completed 30 games.

Agent 1 (RegressionTreeSHUCTAny)
Winning score (between 0 and 1) : N=30, mean=0.366667 (+/-0.175388).
P1: N=15, mean=0.466667 (+/-0.261328).
P2: N=15, mean=0.266667 (+/-0.231643).
Game Durations: N=30, mean=69.733333 (+/-1.380901).
P1: N=15, mean=70.333333 (+/-2.268549).
P2: N=15, mean=69.133333 (+/-1.598776).

Agent 2 (SHUCTAnyTime)
Winning score (between 0 and 1) : N=30, mean=0.633333 (+/-0.175388).
P1: N=15, mean=0.733333 (+/-0.231643).
P2: N=15, mean=0.533333 (+/-0.261328).
Game Durations: N=30, mean=69.733333 (+/-1.380901).
P1: N=15, mean=69.133333 (+/-1.598776).
P2: N=15, mean=70.333333 (+/-2.268549).
=====================================================
=====================================================
Completed 40 games.

Agent 1 (RegressionTreeSHUCTAny)
Winning score (between 0 and 1) : N=40, mean=0.4 (+/-0.153752).
P1: N=20, mean=0.45 (+/-0.223696).
P2: N=20, mean=0.35 (+/-0.214467).
Game Durations: N=40, mean=70.65 (+/-1.264273).
P1: N=20, mean=71.15 (+/-1.966525).
P2: N=20, mean=70.15 (+/-1.610428).

Agent 2 (SHUCTAnyTime)
Winning score (between 0 and 1) : N=40, mean=0.6 (+/-0.153752).
P1: N=20, mean=0.65 (+/-0.214467).
P2: N=20, mean=0.55 (+/-0.223696).
Game Durations: N=40, mean=70.65 (+/-1.264273).
P1: N=20, mean=70.15 (+/-1.610428).
P2: N=20, mean=71.15 (+/-1.966525).
=====================================================
=====================================================
Completed 50 games.

Agent 1 (RegressionTreeSHUCTAny)
Winning score (between 0 and 1) : N=50, mean=0.48 (+/-0.139885).
P1: N=25, mean=0.52 (+/-0.199877).
P2: N=25, mean=0.44 (+/-0.198592).
Game Durations: N=50, mean=70.42 (+/-1.16807).
P1: N=25, mean=71 (+/-1.73099).
P2: N=25, mean=69.84 (+/-1.570742).

Agent 2 (SHUCTAnyTime)
Winning score (between 0 and 1) : N=50, mean=0.52 (+/-0.139885).
P1: N=25, mean=0.56 (+/-0.198592).
P2: N=25, mean=0.48 (+/-0.199877).
Game Durations: N=50, mean=70.42 (+/-1.16807).
P1: N=25, mean=69.84 (+/-1.570742).
P2: N=25, mean=71 (+/-1.73099).
=====================================================
=====================================================
Completed 60 games.

Agent 1 (RegressionTreeSHUCTAny)
Winning score (between 0 and 1) : N=60, mean=0.483333 (+/-0.127512).
P1: N=30, mean=0.5 (+/-0.181978).
P2: N=30, mean=0.466667 (+/-0.181573).
Game Durations: N=60, mean=70.25 (+/-1.041316).
P1: N=30, mean=70.433333 (+/-1.528854).
P2: N=30, mean=70.066667 (+/-1.437304).

Agent 2 (SHUCTAnyTime)
Winning score (between 0 and 1) : N=60, mean=0.516667 (+/-0.127512).
P1: N=30, mean=0.533333 (+/-0.181573).
P2: N=30, mean=0.5 (+/-0.181978).
Game Durations: N=60, mean=70.25 (+/-1.041316).
P1: N=30, mean=70.066667 (+/-1.437304).
P2: N=30, mean=70.433333 (+/-1.528854).
=====================================================
=====================================================
Completed 70 games.

Agent 1 (RegressionTreeSHUCTAny)
Winning score (between 0 and 1) : N=70, mean=0.471429 (+/-0.117783).
P1: N=35, mean=0.485714 (+/-0.167997).
P2: N=35, mean=0.457143 (+/-0.167447).
Game Durations: N=70, mean=70.371429 (+/-0.943107).
P1: N=35, mean=70.371429 (+/-1.34952).
P2: N=35, mean=70.371429 (+/-1.337506).

Agent 2 (SHUCTAnyTime)
Winning score (between 0 and 1) : N=70, mean=0.528571 (+/-0.117783).
P1: N=35, mean=0.542857 (+/-0.167447).
P2: N=35, mean=0.514286 (+/-0.167997).
Game Durations: N=70, mean=70.371429 (+/-0.943107).
P1: N=35, mean=70.371429 (+/-1.337506).
P2: N=35, mean=70.371429 (+/-1.34952).
=====================================================
=====================================================
Completed 80 games.

Agent 1 (RegressionTreeSHUCTAny)
Winning score (between 0 and 1) : N=80, mean=0.475 (+/-0.110118).
P1: N=40, mean=0.5 (+/-0.156922).
P2: N=40, mean=0.45 (+/-0.156136).
Game Durations: N=80, mean=70.325 (+/-0.865899).
P1: N=40, mean=70.45 (+/-1.190854).
P2: N=40, mean=70.2 (+/-1.271362).

Agent 2 (SHUCTAnyTime)
Winning score (between 0 and 1) : N=80, mean=0.525 (+/-0.110118).
P1: N=40, mean=0.55 (+/-0.156136).
P2: N=40, mean=0.5 (+/-0.156922).
Game Durations: N=80, mean=70.325 (+/-0.865899).
P1: N=40, mean=70.2 (+/-1.271362).
P2: N=40, mean=70.45 (+/-1.190854).
=====================================================
=====================================================
Completed 90 games.

Agent 1 (RegressionTreeSHUCTAny)
Winning score (between 0 and 1) : N=90, mean=0.477778 (+/-0.103775).
P1: N=45, mean=0.511111 (+/-0.147701).
P2: N=45, mean=0.444444 (+/-0.146823).
Game Durations: N=90, mean=70.311111 (+/-0.83197).
P1: N=45, mean=70.422222 (+/-1.099388).
P2: N=45, mean=70.2 (+/-1.260694).

Agent 2 (SHUCTAnyTime)
Winning score (between 0 and 1) : N=90, mean=0.522222 (+/-0.103775).
P1: N=45, mean=0.555556 (+/-0.146823).
P2: N=45, mean=0.488889 (+/-0.147701).
Game Durations: N=90, mean=70.311111 (+/-0.83197).
P1: N=45, mean=70.2 (+/-1.260694).
P2: N=45, mean=70.422222 (+/-1.099388).
=====================================================
=====================================================
Completed 100 games.

Agent 1 (RegressionTreeSHUCTAny)
Winning score (between 0 and 1) : N=100, mean=0.52 (+/-0.098413).
P1: N=50, mean=0.56 (+/-0.138986).
P2: N=50, mean=0.48 (+/-0.139885).
Game Durations: N=100, mean=70.34 (+/-0.782607).
P1: N=50, mean=70.36 (+/-1.02458).
P2: N=50, mean=70.32 (+/-1.193761).

Agent 2 (SHUCTAnyTime)
Winning score (between 0 and 1) : N=100, mean=0.48 (+/-0.098413).
P1: N=50, mean=0.52 (+/-0.139885).
P2: N=50, mean=0.44 (+/-0.138986).
Game Durations: N=100, mean=70.34 (+/-0.782607).
P1: N=50, mean=70.32 (+/-1.193761).
P2: N=50, mean=70.36 (+/-1.02458).
=====================================================
