Warming up...
Finished warming up!
=====================================================
Completed 1 games.

Agent 1 (DoubleIterRegressionTreeSHUCTAny)
Winning score (between 0 and 1) : N=1, mean=0 (+/-0).
P1: N=0, mean=0 (+/-0).
P2: N=1, mean=0 (+/-0).
Game Durations: N=1, mean=17 (+/-0).
P1: N=0, mean=0 (+/-0).
P2: N=1, mean=17 (+/-0).

Agent 2 (SHUCTAnyTime)
Winning score (between 0 and 1) : N=1, mean=1 (+/-0).
P1: N=1, mean=1 (+/-0).
P2: N=0, mean=0 (+/-0).
Game Durations: N=1, mean=17 (+/-0).
P1: N=1, mean=17 (+/-0).
P2: N=0, mean=0 (+/-0).
=====================================================
=====================================================
Completed 2 games.

Agent 1 (DoubleIterRegressionTreeSHUCTAny)
Winning score (between 0 and 1) : N=2, mean=0.5 (+/-0.97998).
P1: N=1, mean=1 (+/-0).
P2: N=1, mean=0 (+/-0).
Game Durations: N=2, mean=37.5 (+/-40.17918).
P1: N=1, mean=58 (+/-0).
P2: N=1, mean=17 (+/-0).

Agent 2 (SHUCTAnyTime)
Winning score (between 0 and 1) : N=2, mean=0.5 (+/-0.97998).
P1: N=1, mean=1 (+/-0).
P2: N=1, mean=0 (+/-0).
Game Durations: N=2, mean=37.5 (+/-40.17918).
P1: N=1, mean=17 (+/-0).
P2: N=1, mean=58 (+/-0).
=====================================================
=====================================================
Completed 3 games.

Agent 1 (DoubleIterRegressionTreeSHUCTAny)
Winning score (between 0 and 1) : N=3, mean=0.333333 (+/-0.65332).
P1: N=1, mean=1 (+/-0).
P2: N=2, mean=0 (+/-0).
Game Durations: N=3, mean=32 (+/-25.579793).
P1: N=1, mean=58 (+/-0).
P2: N=2, mean=19 (+/-3.91992).

Agent 2 (SHUCTAnyTime)
Winning score (between 0 and 1) : N=3, mean=0.666667 (+/-0.65332).
P1: N=2, mean=1 (+/-0).
P2: N=1, mean=0 (+/-0).
Game Durations: N=3, mean=32 (+/-25.579793).
P1: N=2, mean=19 (+/-3.91992).
P2: N=1, mean=58 (+/-0).
=====================================================
=====================================================
Completed 4 games.

Agent 1 (DoubleIterRegressionTreeSHUCTAny)
Winning score (between 0 and 1) : N=4, mean=0.25 (+/-0.48999).
P1: N=2, mean=0.5 (+/-0.97998).
P2: N=2, mean=0 (+/-0).
Game Durations: N=4, mean=30.5 (+/-18.325015).
P1: N=2, mean=42 (+/-31.35936).
P2: N=2, mean=19 (+/-3.91992).

Agent 2 (SHUCTAnyTime)
Winning score (between 0 and 1) : N=4, mean=0.75 (+/-0.48999).
P1: N=2, mean=1 (+/-0).
P2: N=2, mean=0.5 (+/-0.97998).
Game Durations: N=4, mean=30.5 (+/-18.325015).
P1: N=2, mean=19 (+/-3.91992).
P2: N=2, mean=42 (+/-31.35936).
=====================================================
=====================================================
Completed 5 games.

Agent 1 (DoubleIterRegressionTreeSHUCTAny)
Winning score (between 0 and 1) : N=5, mean=0.2 (+/-0.391992).
P1: N=2, mean=0.5 (+/-0.97998).
P2: N=3, mean=0 (+/-0).
Game Durations: N=5, mean=33.4 (+/-15.290201).
P1: N=2, mean=42 (+/-31.35936).
P2: N=3, mean=27.666667 (+/-17.136423).

Agent 2 (SHUCTAnyTime)
Winning score (between 0 and 1) : N=5, mean=0.8 (+/-0.391992).
P1: N=3, mean=1 (+/-0).
P2: N=2, mean=0.5 (+/-0.97998).
Game Durations: N=5, mean=33.4 (+/-15.290201).
P1: N=3, mean=27.666667 (+/-17.136423).
P2: N=2, mean=42 (+/-31.35936).
=====================================================
=====================================================
Completed 10 games.

Agent 1 (DoubleIterRegressionTreeSHUCTAny)
Winning score (between 0 and 1) : N=10, mean=0.3 (+/-0.299389).
P1: N=5, mean=0.4 (+/-0.48009).
P2: N=5, mean=0.2 (+/-0.391992).
Game Durations: N=10, mean=36 (+/-9.248575).
P1: N=5, mean=43.2 (+/-13.38525).
P2: N=5, mean=28.8 (+/-10.304246).

Agent 2 (SHUCTAnyTime)
Winning score (between 0 and 1) : N=10, mean=0.7 (+/-0.299389).
P1: N=5, mean=0.8 (+/-0.391992).
P2: N=5, mean=0.6 (+/-0.48009).
Game Durations: N=10, mean=36 (+/-9.248575).
P1: N=5, mean=28.8 (+/-10.304246).
P2: N=5, mean=43.2 (+/-13.38525).
=====================================================
=====================================================
Completed 20 games.

Agent 1 (DoubleIterRegressionTreeSHUCTAny)
Winning score (between 0 and 1) : N=20, mean=0.5 (+/-0.224823).
P1: N=10, mean=0.6 (+/-0.32006).
P2: N=10, mean=0.4 (+/-0.32006).
Game Durations: N=20, mean=31.65 (+/-6.206535).
P1: N=10, mean=35.7 (+/-10.857895).
P2: N=10, mean=27.6 (+/-5.545144).

Agent 2 (SHUCTAnyTime)
Winning score (between 0 and 1) : N=20, mean=0.5 (+/-0.224823).
P1: N=10, mean=0.6 (+/-0.32006).
P2: N=10, mean=0.4 (+/-0.32006).
Game Durations: N=20, mean=31.65 (+/-6.206535).
P1: N=10, mean=27.6 (+/-5.545144).
P2: N=10, mean=35.7 (+/-10.857895).
=====================================================
=====================================================
Completed 30 games.

Agent 1 (DoubleIterRegressionTreeSHUCTAny)
Winning score (between 0 and 1) : N=30, mean=0.5 (+/-0.181978).
P1: N=15, mean=0.666667 (+/-0.246932).
P2: N=15, mean=0.333333 (+/-0.246932).
Game Durations: N=30, mean=31.033333 (+/-4.755143).
P1: N=15, mean=34.2 (+/-7.958408).
P2: N=15, mean=27.866667 (+/-4.983619).

Agent 2 (SHUCTAnyTime)
Winning score (between 0 and 1) : N=30, mean=0.5 (+/-0.181978).
P1: N=15, mean=0.666667 (+/-0.246932).
P2: N=15, mean=0.333333 (+/-0.246932).
Game Durations: N=30, mean=31.033333 (+/-4.755143).
P1: N=15, mean=27.866667 (+/-4.983619).
P2: N=15, mean=34.2 (+/-7.958408).
=====================================================
=====================================================
Completed 40 games.

Agent 1 (DoubleIterRegressionTreeSHUCTAny)
Winning score (between 0 and 1) : N=40, mean=0.5 (+/-0.156922).
P1: N=20, mean=0.6 (+/-0.22028).
P2: N=20, mean=0.4 (+/-0.22028).
Game Durations: N=40, mean=29.775 (+/-3.945896).
P1: N=20, mean=32.35 (+/-6.764552).
P2: N=20, mean=27.2 (+/-3.934335).

Agent 2 (SHUCTAnyTime)
Winning score (between 0 and 1) : N=40, mean=0.5 (+/-0.156922).
P1: N=20, mean=0.6 (+/-0.22028).
P2: N=20, mean=0.4 (+/-0.22028).
Game Durations: N=40, mean=29.775 (+/-3.945896).
P1: N=20, mean=27.2 (+/-3.934335).
P2: N=20, mean=32.35 (+/-6.764552).
=====================================================
=====================================================
Completed 50 games.

Agent 1 (DoubleIterRegressionTreeSHUCTAny)
Winning score (between 0 and 1) : N=50, mean=0.44 (+/-0.138986).
P1: N=25, mean=0.56 (+/-0.198592).
P2: N=25, mean=0.32 (+/-0.186626).
Game Durations: N=50, mean=29.22 (+/-3.627538).
P1: N=25, mean=31.64 (+/-5.650988).
P2: N=25, mean=26.8 (+/-4.463663).

Agent 2 (SHUCTAnyTime)
Winning score (between 0 and 1) : N=50, mean=0.56 (+/-0.138986).
P1: N=25, mean=0.68 (+/-0.186626).
P2: N=25, mean=0.44 (+/-0.198592).
Game Durations: N=50, mean=29.22 (+/-3.627538).
P1: N=25, mean=26.8 (+/-4.463663).
P2: N=25, mean=31.64 (+/-5.650988).
=====================================================
=====================================================
Completed 60 games.

Agent 1 (DoubleIterRegressionTreeSHUCTAny)
Winning score (between 0 and 1) : N=60, mean=0.466667 (+/-0.127299).
P1: N=30, mean=0.566667 (+/-0.180353).
P2: N=30, mean=0.366667 (+/-0.175388).
Game Durations: N=60, mean=29.983333 (+/-3.515816).
P1: N=30, mean=32.066667 (+/-5.461703).
P2: N=30, mean=27.9 (+/-4.395029).

Agent 2 (SHUCTAnyTime)
Winning score (between 0 and 1) : N=60, mean=0.533333 (+/-0.127299).
P1: N=30, mean=0.633333 (+/-0.175388).
P2: N=30, mean=0.433333 (+/-0.180353).
Game Durations: N=60, mean=29.983333 (+/-3.515816).
P1: N=30, mean=27.9 (+/-4.395029).
P2: N=30, mean=32.066667 (+/-5.461703).
=====================================================
=====================================================
Completed 70 games.

Agent 1 (DoubleIterRegressionTreeSHUCTAny)
Winning score (between 0 and 1) : N=70, mean=0.471429 (+/-0.117783).
P1: N=35, mean=0.542857 (+/-0.167447).
P2: N=35, mean=0.4 (+/-0.16467).
Game Durations: N=70, mean=30.6 (+/-3.240705).
P1: N=35, mean=31.971429 (+/-4.985934).
P2: N=35, mean=29.228571 (+/-4.164364).

Agent 2 (SHUCTAnyTime)
Winning score (between 0 and 1) : N=70, mean=0.528571 (+/-0.117783).
P1: N=35, mean=0.6 (+/-0.16467).
P2: N=35, mean=0.457143 (+/-0.167447).
Game Durations: N=70, mean=30.6 (+/-3.240705).
P1: N=35, mean=29.228571 (+/-4.164364).
P2: N=35, mean=31.971429 (+/-4.985934).
=====================================================
=====================================================
Completed 80 games.

Agent 1 (DoubleIterRegressionTreeSHUCTAny)
Winning score (between 0 and 1) : N=80, mean=0.4375 (+/-0.109392).
P1: N=40, mean=0.5 (+/-0.156922).
P2: N=40, mean=0.375 (+/-0.151939).
Game Durations: N=80, mean=31 (+/-3.036557).
P1: N=40, mean=31.75 (+/-4.534894).
P2: N=40, mean=30.25 (+/-4.084054).

Agent 2 (SHUCTAnyTime)
Winning score (between 0 and 1) : N=80, mean=0.5625 (+/-0.109392).
P1: N=40, mean=0.625 (+/-0.151939).
P2: N=40, mean=0.5 (+/-0.156922).
Game Durations: N=80, mean=31 (+/-3.036557).
P1: N=40, mean=30.25 (+/-4.084054).
P2: N=40, mean=31.75 (+/-4.534894).
=====================================================
=====================================================
Completed 90 games.

Agent 1 (DoubleIterRegressionTreeSHUCTAny)
Winning score (between 0 and 1) : N=90, mean=0.466667 (+/-0.103647).
P1: N=45, mean=0.488889 (+/-0.147701).
P2: N=45, mean=0.444444 (+/-0.146823).
Game Durations: N=90, mean=31.211111 (+/-2.819916).
P1: N=45, mean=32.066667 (+/-4.227761).
P2: N=45, mean=30.355556 (+/-3.763958).

Agent 2 (SHUCTAnyTime)
Winning score (between 0 and 1) : N=90, mean=0.533333 (+/-0.103647).
P1: N=45, mean=0.555556 (+/-0.146823).
P2: N=45, mean=0.511111 (+/-0.147701).
Game Durations: N=90, mean=31.211111 (+/-2.819916).
P1: N=45, mean=30.355556 (+/-3.763958).
P2: N=45, mean=32.066667 (+/-4.227761).
=====================================================
=====================================================
Completed 100 games.

Agent 1 (DoubleIterRegressionTreeSHUCTAny)
Winning score (between 0 and 1) : N=100, mean=0.48 (+/-0.098413).
P1: N=50, mean=0.5 (+/-0.139997).
P2: N=50, mean=0.46 (+/-0.139548).
Game Durations: N=100, mean=30.38 (+/-2.608492).
P1: N=50, mean=30.84 (+/-3.944785).
P2: N=50, mean=29.92 (+/-3.449657).

Agent 2 (SHUCTAnyTime)
Winning score (between 0 and 1) : N=100, mean=0.52 (+/-0.098413).
P1: N=50, mean=0.54 (+/-0.139548).
P2: N=50, mean=0.5 (+/-0.139997).
Game Durations: N=100, mean=30.38 (+/-2.608492).
P1: N=50, mean=29.92 (+/-3.449657).
P2: N=50, mean=30.84 (+/-3.944785).
=====================================================
