Warming up...
Finished warming up!
=====================================================
Completed 1 games.

Agent 1 (DoubleIterRegressionTreeSHUCTAny)
Winning score (between 0 and 1) : N=1, mean=0 (+/-0).
P1: N=0, mean=0 (+/-0).
P2: N=1, mean=0 (+/-0).
Game Durations: N=1, mean=23 (+/-0).
P1: N=0, mean=0 (+/-0).
P2: N=1, mean=23 (+/-0).

Agent 2 (SHUCTAnyTime)
Winning score (between 0 and 1) : N=1, mean=1 (+/-0).
P1: N=1, mean=1 (+/-0).
P2: N=0, mean=0 (+/-0).
Game Durations: N=1, mean=23 (+/-0).
P1: N=1, mean=23 (+/-0).
P2: N=0, mean=0 (+/-0).
=====================================================
=====================================================
Completed 2 games.

Agent 1 (DoubleIterRegressionTreeSHUCTAny)
Winning score (between 0 and 1) : N=2, mean=0.5 (+/-0.97998).
P1: N=1, mean=1 (+/-0).
P2: N=1, mean=0 (+/-0).
Game Durations: N=2, mean=20 (+/-5.87988).
P1: N=1, mean=17 (+/-0).
P2: N=1, mean=23 (+/-0).

Agent 2 (SHUCTAnyTime)
Winning score (between 0 and 1) : N=2, mean=0.5 (+/-0.97998).
P1: N=1, mean=1 (+/-0).
P2: N=1, mean=0 (+/-0).
Game Durations: N=2, mean=20 (+/-5.87988).
P1: N=1, mean=23 (+/-0).
P2: N=1, mean=17 (+/-0).
=====================================================
=====================================================
Completed 3 games.

Agent 1 (DoubleIterRegressionTreeSHUCTAny)
Winning score (between 0 and 1) : N=3, mean=0.333333 (+/-0.65332).
P1: N=1, mean=1 (+/-0).
P2: N=2, mean=0 (+/-0).
Game Durations: N=3, mean=20.333333 (+/-3.457044).
P1: N=1, mean=17 (+/-0).
P2: N=2, mean=22 (+/-1.95996).

Agent 2 (SHUCTAnyTime)
Winning score (between 0 and 1) : N=3, mean=0.666667 (+/-0.65332).
P1: N=2, mean=1 (+/-0).
P2: N=1, mean=0 (+/-0).
Game Durations: N=3, mean=20.333333 (+/-3.457044).
P1: N=2, mean=22 (+/-1.95996).
P2: N=1, mean=17 (+/-0).
=====================================================
=====================================================
Completed 4 games.

Agent 1 (DoubleIterRegressionTreeSHUCTAny)
Winning score (between 0 and 1) : N=4, mean=0.5 (+/-0.565792).
P1: N=2, mean=1 (+/-0).
P2: N=2, mean=0 (+/-0).
Game Durations: N=4, mean=20.5 (+/-2.466229).
P1: N=2, mean=19 (+/-3.91992).
P2: N=2, mean=22 (+/-1.95996).

Agent 2 (SHUCTAnyTime)
Winning score (between 0 and 1) : N=4, mean=0.5 (+/-0.565792).
P1: N=2, mean=1 (+/-0).
P2: N=2, mean=0 (+/-0).
Game Durations: N=4, mean=20.5 (+/-2.466229).
P1: N=2, mean=22 (+/-1.95996).
P2: N=2, mean=19 (+/-3.91992).
=====================================================
=====================================================
Completed 5 games.

Agent 1 (DoubleIterRegressionTreeSHUCTAny)
Winning score (between 0 and 1) : N=5, mean=0.6 (+/-0.48009).
P1: N=2, mean=1 (+/-0).
P2: N=3, mean=0.333333 (+/-0.65332).
Game Durations: N=5, mean=22 (+/-3.506083).
P1: N=2, mean=19 (+/-3.91992).
P2: N=3, mean=24 (+/-4.079982).

Agent 2 (SHUCTAnyTime)
Winning score (between 0 and 1) : N=5, mean=0.4 (+/-0.48009).
P1: N=3, mean=0.666667 (+/-0.65332).
P2: N=2, mean=0 (+/-0).
Game Durations: N=5, mean=22 (+/-3.506083).
P1: N=3, mean=24 (+/-4.079982).
P2: N=2, mean=19 (+/-3.91992).
=====================================================
=====================================================
Completed 10 games.

Agent 1 (DoubleIterRegressionTreeSHUCTAny)
Winning score (between 0 and 1) : N=10, mean=0.45 (+/-0.30817).
P1: N=5, mean=0.7 (+/-0.391992).
P2: N=5, mean=0.2 (+/-0.391992).
Game Durations: N=10, mean=32 (+/-9.925305).
P1: N=5, mean=36 (+/-18.386055).
P2: N=5, mean=28 (+/-8.632728).

Agent 2 (SHUCTAnyTime)
Winning score (between 0 and 1) : N=10, mean=0.55 (+/-0.30817).
P1: N=5, mean=0.8 (+/-0.391992).
P2: N=5, mean=0.3 (+/-0.391992).
Game Durations: N=10, mean=32 (+/-9.925305).
P1: N=5, mean=28 (+/-8.632728).
P2: N=5, mean=36 (+/-18.386055).
=====================================================
=====================================================
Completed 20 games.

Agent 1 (DoubleIterRegressionTreeSHUCTAny)
Winning score (between 0 and 1) : N=20, mean=0.525 (+/-0.218842).
P1: N=10, mean=0.75 (+/-0.263362).
P2: N=10, mean=0.3 (+/-0.299389).
Game Durations: N=20, mean=32.45 (+/-7.06026).
P1: N=10, mean=35.5 (+/-11.940752).
P2: N=10, mean=29.4 (+/-7.742324).

Agent 2 (SHUCTAnyTime)
Winning score (between 0 and 1) : N=20, mean=0.475 (+/-0.218842).
P1: N=10, mean=0.7 (+/-0.299389).
P2: N=10, mean=0.25 (+/-0.263362).
Game Durations: N=20, mean=32.45 (+/-7.06026).
P1: N=10, mean=29.4 (+/-7.742324).
P2: N=10, mean=35.5 (+/-11.940752).
=====================================================
=====================================================
Completed 30 games.

Agent 1 (DoubleIterRegressionTreeSHUCTAny)
Winning score (between 0 and 1) : N=30, mean=0.45 (+/-0.177991).
P1: N=15, mean=0.566667 (+/-0.250608).
P2: N=15, mean=0.333333 (+/-0.246932).
Game Durations: N=30, mean=32.633333 (+/-5.605767).
P1: N=15, mean=36.8 (+/-9.109473).
P2: N=15, mean=28.466667 (+/-6.138229).

Agent 2 (SHUCTAnyTime)
Winning score (between 0 and 1) : N=30, mean=0.55 (+/-0.177991).
P1: N=15, mean=0.666667 (+/-0.246932).
P2: N=15, mean=0.433333 (+/-0.250608).
Game Durations: N=30, mean=32.633333 (+/-5.605767).
P1: N=15, mean=28.466667 (+/-6.138229).
P2: N=15, mean=36.8 (+/-9.109473).
=====================================================
=====================================================
Completed 40 games.

Agent 1 (DoubleIterRegressionTreeSHUCTAny)
Winning score (between 0 and 1) : N=40, mean=0.5625 (+/-0.153702).
P1: N=20, mean=0.625 (+/-0.211799).
P2: N=20, mean=0.5 (+/-0.224823).
Game Durations: N=40, mean=30.575 (+/-4.458301).
P1: N=20, mean=34.4 (+/-7.243902).
P2: N=20, mean=26.75 (+/-4.817455).

Agent 2 (SHUCTAnyTime)
Winning score (between 0 and 1) : N=40, mean=0.4375 (+/-0.153702).
P1: N=20, mean=0.5 (+/-0.224823).
P2: N=20, mean=0.375 (+/-0.211799).
Game Durations: N=40, mean=30.575 (+/-4.458301).
P1: N=20, mean=26.75 (+/-4.817455).
P2: N=20, mean=34.4 (+/-7.243902).
=====================================================
=====================================================
Completed 50 games.

Agent 1 (DoubleIterRegressionTreeSHUCTAny)
Winning score (between 0 and 1) : N=50, mean=0.57 (+/-0.137197).
P1: N=25, mean=0.62 (+/-0.190025).
P2: N=25, mean=0.52 (+/-0.199877).
Game Durations: N=50, mean=30.44 (+/-3.74069).
P1: N=25, mean=33.08 (+/-6.04939).
P2: N=25, mean=27.8 (+/-4.279121).

Agent 2 (SHUCTAnyTime)
Winning score (between 0 and 1) : N=50, mean=0.43 (+/-0.137197).
P1: N=25, mean=0.48 (+/-0.199877).
P2: N=25, mean=0.38 (+/-0.190025).
Game Durations: N=50, mean=30.44 (+/-3.74069).
P1: N=25, mean=27.8 (+/-4.279121).
P2: N=25, mean=33.08 (+/-6.04939).
=====================================================
=====================================================
Completed 60 games.

Agent 1 (DoubleIterRegressionTreeSHUCTAny)
Winning score (between 0 and 1) : N=60, mean=0.525 (+/-0.126354).
P1: N=30, mean=0.583333 (+/-0.17633).
P2: N=30, mean=0.466667 (+/-0.181573).
Game Durations: N=60, mean=29.6 (+/-3.283344).
P1: N=30, mean=31.633333 (+/-5.348604).
P2: N=30, mean=27.566667 (+/-3.76324).

Agent 2 (SHUCTAnyTime)
Winning score (between 0 and 1) : N=60, mean=0.475 (+/-0.126354).
P1: N=30, mean=0.533333 (+/-0.181573).
P2: N=30, mean=0.416667 (+/-0.17633).
Game Durations: N=60, mean=29.6 (+/-3.283344).
P1: N=30, mean=27.566667 (+/-3.76324).
P2: N=30, mean=31.633333 (+/-5.348604).
=====================================================
=====================================================
Completed 70 games.

Agent 1 (DoubleIterRegressionTreeSHUCTAny)
Winning score (between 0 and 1) : N=70, mean=0.521429 (+/-0.117021).
P1: N=35, mean=0.585714 (+/-0.163122).
P2: N=35, mean=0.457143 (+/-0.167447).
Game Durations: N=70, mean=30.114286 (+/-3.091786).
P1: N=35, mean=31.971429 (+/-4.869988).
P2: N=35, mean=28.257143 (+/-3.781893).

Agent 2 (SHUCTAnyTime)
Winning score (between 0 and 1) : N=70, mean=0.478571 (+/-0.117021).
P1: N=35, mean=0.542857 (+/-0.167447).
P2: N=35, mean=0.414286 (+/-0.163122).
Game Durations: N=70, mean=30.114286 (+/-3.091786).
P1: N=35, mean=28.257143 (+/-3.781893).
P2: N=35, mean=31.971429 (+/-4.869988).
=====================================================
=====================================================
Completed 80 games.

Agent 1 (DoubleIterRegressionTreeSHUCTAny)
Winning score (between 0 and 1) : N=80, mean=0.51875 (+/-0.109487).
P1: N=40, mean=0.5875 (+/-0.152496).
P2: N=40, mean=0.45 (+/-0.156136).
Game Durations: N=80, mean=29.475 (+/-2.759048).
P1: N=40, mean=30.85 (+/-4.401974).
P2: N=40, mean=28.1 (+/-3.330158).

Agent 2 (SHUCTAnyTime)
Winning score (between 0 and 1) : N=80, mean=0.48125 (+/-0.109487).
P1: N=40, mean=0.55 (+/-0.156136).
P2: N=40, mean=0.4125 (+/-0.152496).
Game Durations: N=80, mean=29.475 (+/-2.759048).
P1: N=40, mean=28.1 (+/-3.330158).
P2: N=40, mean=30.85 (+/-4.401974).
=====================================================
=====================================================
Completed 90 games.

Agent 1 (DoubleIterRegressionTreeSHUCTAny)
Winning score (between 0 and 1) : N=90, mean=0.55 (+/-0.102775).
P1: N=45, mean=0.611111 (+/-0.14235).
P2: N=45, mean=0.488889 (+/-0.147701).
Game Durations: N=90, mean=29.655556 (+/-2.51874).
P1: N=45, mean=30.444444 (+/-4.021818).
P2: N=45, mean=28.866667 (+/-3.062823).

Agent 2 (SHUCTAnyTime)
Winning score (between 0 and 1) : N=90, mean=0.45 (+/-0.102775).
P1: N=45, mean=0.511111 (+/-0.147701).
P2: N=45, mean=0.388889 (+/-0.14235).
Game Durations: N=90, mean=29.655556 (+/-2.51874).
P1: N=45, mean=28.866667 (+/-3.062823).
P2: N=45, mean=30.444444 (+/-4.021818).
=====================================================
=====================================================
Completed 100 games.

Agent 1 (DoubleIterRegressionTreeSHUCTAny)
Winning score (between 0 and 1) : N=100, mean=0.525 (+/-0.097874).
P1: N=50, mean=0.59 (+/-0.13628).
P2: N=50, mean=0.46 (+/-0.139548).
Game Durations: N=100, mean=29.48 (+/-2.40763).
P1: N=50, mean=30.66 (+/-3.847089).
P2: N=50, mean=28.3 (+/-2.899124).

Agent 2 (SHUCTAnyTime)
Winning score (between 0 and 1) : N=100, mean=0.475 (+/-0.097874).
P1: N=50, mean=0.54 (+/-0.139548).
P2: N=50, mean=0.41 (+/-0.13628).
Game Durations: N=100, mean=29.48 (+/-2.40763).
P1: N=50, mean=28.3 (+/-2.899124).
P2: N=50, mean=30.66 (+/-3.847089).
=====================================================
