Warming up...
Finished warming up!
=====================================================
Completed 1 games.

Agent 1 (EntropySHUCTAnytime)
Winning score (between 0 and 1) : N=1, mean=1 (+/-0).
P1: N=1, mean=1 (+/-0).
P2: N=0, mean=0 (+/-0).
Game Durations: N=1, mean=39 (+/-0).
P1: N=1, mean=39 (+/-0).
P2: N=0, mean=0 (+/-0).

Agent 2 (SHUCTAnyTime)
Winning score (between 0 and 1) : N=1, mean=0 (+/-0).
P1: N=0, mean=0 (+/-0).
P2: N=1, mean=0 (+/-0).
Game Durations: N=1, mean=39 (+/-0).
P1: N=0, mean=0 (+/-0).
P2: N=1, mean=39 (+/-0).
=====================================================
=====================================================
Completed 2 games.

Agent 1 (EntropySHUCTAnytime)
Winning score (between 0 and 1) : N=2, mean=1 (+/-0).
P1: N=1, mean=1 (+/-0).
P2: N=1, mean=1 (+/-0).
Game Durations: N=2, mean=48.5 (+/-18.61962).
P1: N=1, mean=39 (+/-0).
P2: N=1, mean=58 (+/-0).

Agent 2 (SHUCTAnyTime)
Winning score (between 0 and 1) : N=2, mean=0 (+/-0).
P1: N=1, mean=0 (+/-0).
P2: N=1, mean=0 (+/-0).
Game Durations: N=2, mean=48.5 (+/-18.61962).
P1: N=1, mean=58 (+/-0).
P2: N=1, mean=39 (+/-0).
=====================================================
=====================================================
Completed 3 games.

Agent 1 (EntropySHUCTAnytime)
Winning score (between 0 and 1) : N=3, mean=1 (+/-0).
P1: N=2, mean=1 (+/-0).
P2: N=1, mean=1 (+/-0).
Game Durations: N=3, mean=52.666667 (+/-13.50019).
P1: N=2, mean=50 (+/-21.55956).
P2: N=1, mean=58 (+/-0).

Agent 2 (SHUCTAnyTime)
Winning score (between 0 and 1) : N=3, mean=0 (+/-0).
P1: N=1, mean=0 (+/-0).
P2: N=2, mean=0 (+/-0).
Game Durations: N=3, mean=52.666667 (+/-13.50019).
P1: N=1, mean=58 (+/-0).
P2: N=2, mean=50 (+/-21.55956).
=====================================================
=====================================================
Completed 4 games.

Agent 1 (EntropySHUCTAnytime)
Winning score (between 0 and 1) : N=4, mean=1 (+/-0).
P1: N=2, mean=1 (+/-0).
P2: N=2, mean=1 (+/-0).
Game Durations: N=4, mean=47.5 (+/-13.916636).
P1: N=2, mean=50 (+/-21.55956).
P2: N=2, mean=45 (+/-25.47948).

Agent 2 (SHUCTAnyTime)
Winning score (between 0 and 1) : N=4, mean=0 (+/-0).
P1: N=2, mean=0 (+/-0).
P2: N=2, mean=0 (+/-0).
Game Durations: N=4, mean=47.5 (+/-13.916636).
P1: N=2, mean=45 (+/-25.47948).
P2: N=2, mean=50 (+/-21.55956).
=====================================================
=====================================================
Completed 5 games.

Agent 1 (EntropySHUCTAnytime)
Winning score (between 0 and 1) : N=5, mean=1 (+/-0).
P1: N=3, mean=1 (+/-0).
P2: N=2, mean=1 (+/-0).
Game Durations: N=5, mean=52.6 (+/-14.701007).
P1: N=3, mean=57.666667 (+/-19.512296).
P2: N=2, mean=45 (+/-25.47948).

Agent 2 (SHUCTAnyTime)
Winning score (between 0 and 1) : N=5, mean=0 (+/-0).
P1: N=2, mean=0 (+/-0).
P2: N=3, mean=0 (+/-0).
Game Durations: N=5, mean=52.6 (+/-14.701007).
P1: N=2, mean=45 (+/-25.47948).
P2: N=3, mean=57.666667 (+/-19.512296).
=====================================================
=====================================================
Completed 10 games.

Agent 1 (EntropySHUCTAnytime)
Winning score (between 0 and 1) : N=10, mean=0.8 (+/-0.261328).
P1: N=5, mean=0.8 (+/-0.391992).
P2: N=5, mean=0.8 (+/-0.391992).
Game Durations: N=10, mean=59.9 (+/-9.910027).
P1: N=5, mean=66.4 (+/-15.352881).
P2: N=5, mean=53.4 (+/-11.1838).

Agent 2 (SHUCTAnyTime)
Winning score (between 0 and 1) : N=10, mean=0.2 (+/-0.261328).
P1: N=5, mean=0.2 (+/-0.391992).
P2: N=5, mean=0.2 (+/-0.391992).
Game Durations: N=10, mean=59.9 (+/-9.910027).
P1: N=5, mean=53.4 (+/-11.1838).
P2: N=5, mean=66.4 (+/-15.352881).
=====================================================
=====================================================
Completed 20 games.

Agent 1 (EntropySHUCTAnytime)
Winning score (between 0 and 1) : N=20, mean=0.6 (+/-0.22028).
P1: N=10, mean=0.7 (+/-0.299389).
P2: N=10, mean=0.5 (+/-0.32666).
Game Durations: N=20, mean=58.4 (+/-6.562979).
P1: N=10, mean=60.1 (+/-8.91704).
P2: N=10, mean=56.7 (+/-9.994088).

Agent 2 (SHUCTAnyTime)
Winning score (between 0 and 1) : N=20, mean=0.4 (+/-0.22028).
P1: N=10, mean=0.5 (+/-0.32666).
P2: N=10, mean=0.3 (+/-0.299389).
Game Durations: N=20, mean=58.4 (+/-6.562979).
P1: N=10, mean=56.7 (+/-9.994088).
P2: N=10, mean=60.1 (+/-8.91704).
=====================================================
=====================================================
Completed 30 games.

Agent 1 (EntropySHUCTAnytime)
Winning score (between 0 and 1) : N=30, mean=0.5 (+/-0.181978).
P1: N=15, mean=0.533333 (+/-0.261328).
P2: N=15, mean=0.466667 (+/-0.261328).
Game Durations: N=30, mean=58.066667 (+/-5.304213).
P1: N=15, mean=60.133333 (+/-6.542154).
P2: N=15, mean=56 (+/-8.450696).

Agent 2 (SHUCTAnyTime)
Winning score (between 0 and 1) : N=30, mean=0.5 (+/-0.181978).
P1: N=15, mean=0.533333 (+/-0.261328).
P2: N=15, mean=0.466667 (+/-0.261328).
Game Durations: N=30, mean=58.066667 (+/-5.304213).
P1: N=15, mean=56 (+/-8.450696).
P2: N=15, mean=60.133333 (+/-6.542154).
=====================================================
=====================================================
Completed 40 games.

Agent 1 (EntropySHUCTAnytime)
Winning score (between 0 and 1) : N=40, mean=0.575 (+/-0.155147).
P1: N=20, mean=0.6 (+/-0.22028).
P2: N=20, mean=0.55 (+/-0.223696).
Game Durations: N=40, mean=58.425 (+/-4.584115).
P1: N=20, mean=59 (+/-6.158668).
P2: N=20, mean=57.85 (+/-6.943023).

Agent 2 (SHUCTAnyTime)
Winning score (between 0 and 1) : N=40, mean=0.425 (+/-0.155147).
P1: N=20, mean=0.45 (+/-0.223696).
P2: N=20, mean=0.4 (+/-0.22028).
Game Durations: N=40, mean=58.425 (+/-4.584115).
P1: N=20, mean=57.85 (+/-6.943023).
P2: N=20, mean=59 (+/-6.158668).
=====================================================
=====================================================
Completed 50 games.

Agent 1 (EntropySHUCTAnytime)
Winning score (between 0 and 1) : N=50, mean=0.54 (+/-0.139548).
P1: N=25, mean=0.56 (+/-0.198592).
P2: N=25, mean=0.52 (+/-0.199877).
Game Durations: N=50, mean=57.76 (+/-4.053466).
P1: N=25, mean=59.76 (+/-5.193315).
P2: N=25, mean=55.76 (+/-6.232221).

Agent 2 (SHUCTAnyTime)
Winning score (between 0 and 1) : N=50, mean=0.46 (+/-0.139548).
P1: N=25, mean=0.48 (+/-0.199877).
P2: N=25, mean=0.44 (+/-0.198592).
Game Durations: N=50, mean=57.76 (+/-4.053466).
P1: N=25, mean=55.76 (+/-6.232221).
P2: N=25, mean=59.76 (+/-5.193315).
=====================================================
=====================================================
Completed 60 games.

Agent 1 (EntropySHUCTAnytime)
Winning score (between 0 and 1) : N=60, mean=0.533333 (+/-0.127299).
P1: N=30, mean=0.533333 (+/-0.181573).
P2: N=30, mean=0.533333 (+/-0.181573).
Game Durations: N=60, mean=58 (+/-3.575044).
P1: N=30, mean=59.266667 (+/-4.399631).
P2: N=30, mean=56.733333 (+/-5.676564).

Agent 2 (SHUCTAnyTime)
Winning score (between 0 and 1) : N=60, mean=0.466667 (+/-0.127299).
P1: N=30, mean=0.466667 (+/-0.181573).
P2: N=30, mean=0.466667 (+/-0.181573).
Game Durations: N=60, mean=58 (+/-3.575044).
P1: N=30, mean=56.733333 (+/-5.676564).
P2: N=30, mean=59.266667 (+/-4.399631).
=====================================================
=====================================================
Completed 70 games.

Agent 1 (EntropySHUCTAnytime)
Winning score (between 0 and 1) : N=70, mean=0.542857 (+/-0.117542).
P1: N=35, mean=0.571429 (+/-0.166341).
P2: N=35, mean=0.514286 (+/-0.167997).
Game Durations: N=70, mean=56.071429 (+/-3.432337).
P1: N=35, mean=57.771429 (+/-4.185241).
P2: N=35, mean=54.371429 (+/-5.444948).

Agent 2 (SHUCTAnyTime)
Winning score (between 0 and 1) : N=70, mean=0.457143 (+/-0.117542).
P1: N=35, mean=0.485714 (+/-0.167997).
P2: N=35, mean=0.428571 (+/-0.166341).
Game Durations: N=70, mean=56.071429 (+/-3.432337).
P1: N=35, mean=54.371429 (+/-5.444948).
P2: N=35, mean=57.771429 (+/-4.185241).
=====================================================
=====================================================
Completed 80 games.

Agent 1 (EntropySHUCTAnytime)
Winning score (between 0 and 1) : N=80, mean=0.55 (+/-0.109704).
P1: N=40, mean=0.55 (+/-0.156136).
P2: N=40, mean=0.55 (+/-0.156136).
Game Durations: N=80, mean=56.25 (+/-3.126988).
P1: N=40, mean=56.8 (+/-3.831092).
P2: N=40, mean=55.7 (+/-4.987664).

Agent 2 (SHUCTAnyTime)
Winning score (between 0 and 1) : N=80, mean=0.45 (+/-0.109704).
P1: N=40, mean=0.45 (+/-0.156136).
P2: N=40, mean=0.45 (+/-0.156136).
Game Durations: N=80, mean=56.25 (+/-3.126988).
P1: N=40, mean=55.7 (+/-4.987664).
P2: N=40, mean=56.8 (+/-3.831092).
=====================================================
=====================================================
Completed 90 games.

Agent 1 (EntropySHUCTAnytime)
Winning score (between 0 and 1) : N=90, mean=0.555556 (+/-0.103234).
P1: N=45, mean=0.533333 (+/-0.147409).
P2: N=45, mean=0.577778 (+/-0.145939).
Game Durations: N=90, mean=55.944444 (+/-3.137245).
P1: N=45, mean=56.222222 (+/-3.83733).
P2: N=45, mean=55.666667 (+/-5.007797).

Agent 2 (SHUCTAnyTime)
Winning score (between 0 and 1) : N=90, mean=0.444444 (+/-0.103234).
P1: N=45, mean=0.422222 (+/-0.145939).
P2: N=45, mean=0.466667 (+/-0.147409).
Game Durations: N=90, mean=55.944444 (+/-3.137245).
P1: N=45, mean=55.666667 (+/-5.007797).
P2: N=45, mean=56.222222 (+/-3.83733).
=====================================================
=====================================================
Completed 100 games.

Agent 1 (EntropySHUCTAnytime)
Winning score (between 0 and 1) : N=100, mean=0.56 (+/-0.09778).
P1: N=50, mean=0.54 (+/-0.139548).
P2: N=50, mean=0.58 (+/-0.138194).
Game Durations: N=100, mean=56.64 (+/-3.064028).
P1: N=50, mean=57.42 (+/-3.832994).
P2: N=50, mean=55.86 (+/-4.811345).

Agent 2 (SHUCTAnyTime)
Winning score (between 0 and 1) : N=100, mean=0.44 (+/-0.09778).
P1: N=50, mean=0.42 (+/-0.138194).
P2: N=50, mean=0.46 (+/-0.139548).
Game Durations: N=100, mean=56.64 (+/-3.064028).
P1: N=50, mean=55.86 (+/-4.811345).
P2: N=50, mean=57.42 (+/-3.832994).
=====================================================
