Warming up...
Finished warming up!
=====================================================
Completed 1 games.

Agent 1 (EntropySHUCTAnytime)
Winning score (between 0 and 1) : N=1, mean=1 (+/-0).
P1: N=0, mean=0 (+/-0).
P2: N=1, mean=1 (+/-0).
Game Durations: N=1, mean=74 (+/-0).
P1: N=0, mean=0 (+/-0).
P2: N=1, mean=74 (+/-0).

Agent 2 (SHUCTAnyTime)
Winning score (between 0 and 1) : N=1, mean=0 (+/-0).
P1: N=1, mean=0 (+/-0).
P2: N=0, mean=0 (+/-0).
Game Durations: N=1, mean=74 (+/-0).
P1: N=1, mean=74 (+/-0).
P2: N=0, mean=0 (+/-0).
=====================================================
=====================================================
Completed 2 games.

Agent 1 (EntropySHUCTAnytime)
Winning score (between 0 and 1) : N=2, mean=0.5 (+/-0.97998).
P1: N=1, mean=0 (+/-0).
P2: N=1, mean=1 (+/-0).
Game Durations: N=2, mean=60 (+/-27.43944).
P1: N=1, mean=46 (+/-0).
P2: N=1, mean=74 (+/-0).

Agent 2 (SHUCTAnyTime)
Winning score (between 0 and 1) : N=2, mean=0.5 (+/-0.97998).
P1: N=1, mean=0 (+/-0).
P2: N=1, mean=1 (+/-0).
Game Durations: N=2, mean=60 (+/-27.43944).
P1: N=1, mean=74 (+/-0).
P2: N=1, mean=46 (+/-0).
=====================================================
=====================================================
Completed 3 games.

Agent 1 (EntropySHUCTAnytime)
Winning score (between 0 and 1) : N=3, mean=0.333333 (+/-0.65332).
P1: N=1, mean=0 (+/-0).
P2: N=2, mean=0.5 (+/-0.97998).
Game Durations: N=3, mean=55.666667 (+/-17.975207).
P1: N=1, mean=46 (+/-0).
P2: N=2, mean=60.5 (+/-26.45946).

Agent 2 (SHUCTAnyTime)
Winning score (between 0 and 1) : N=3, mean=0.666667 (+/-0.65332).
P1: N=2, mean=0.5 (+/-0.97998).
P2: N=1, mean=1 (+/-0).
Game Durations: N=3, mean=55.666667 (+/-17.975207).
P1: N=2, mean=60.5 (+/-26.45946).
P2: N=1, mean=46 (+/-0).
=====================================================
=====================================================
Completed 4 games.

Agent 1 (EntropySHUCTAnytime)
Winning score (between 0 and 1) : N=4, mean=0.25 (+/-0.48999).
P1: N=2, mean=0 (+/-0).
P2: N=2, mean=0.5 (+/-0.97998).
Game Durations: N=4, mean=56.75 (+/-12.88652).
P1: N=2, mean=53 (+/-13.71972).
P2: N=2, mean=60.5 (+/-26.45946).

Agent 2 (SHUCTAnyTime)
Winning score (between 0 and 1) : N=4, mean=0.75 (+/-0.48999).
P1: N=2, mean=0.5 (+/-0.97998).
P2: N=2, mean=1 (+/-0).
Game Durations: N=4, mean=56.75 (+/-12.88652).
P1: N=2, mean=60.5 (+/-26.45946).
P2: N=2, mean=53 (+/-13.71972).
=====================================================
=====================================================
Completed 5 games.

Agent 1 (EntropySHUCTAnytime)
Winning score (between 0 and 1) : N=5, mean=0.4 (+/-0.48009).
P1: N=2, mean=0 (+/-0).
P2: N=3, mean=0.666667 (+/-0.65332).
Game Durations: N=5, mean=55 (+/-10.554708).
P1: N=2, mean=53 (+/-13.71972).
P2: N=3, mean=56.333333 (+/-17.322223).

Agent 2 (SHUCTAnyTime)
Winning score (between 0 and 1) : N=5, mean=0.6 (+/-0.48009).
P1: N=3, mean=0.333333 (+/-0.65332).
P2: N=2, mean=1 (+/-0).
Game Durations: N=5, mean=55 (+/-10.554708).
P1: N=3, mean=56.333333 (+/-17.322223).
P2: N=2, mean=53 (+/-13.71972).
=====================================================
=====================================================
Completed 10 games.

Agent 1 (EntropySHUCTAnytime)
Winning score (between 0 and 1) : N=10, mean=0.5 (+/-0.32666).
P1: N=5, mean=0.4 (+/-0.48009).
P2: N=5, mean=0.6 (+/-0.48009).
Game Durations: N=10, mean=59.4 (+/-6.52143).
P1: N=5, mean=61.2 (+/-9.222231).
P2: N=5, mean=57.6 (+/-10.005399).

Agent 2 (SHUCTAnyTime)
Winning score (between 0 and 1) : N=10, mean=0.5 (+/-0.32666).
P1: N=5, mean=0.4 (+/-0.48009).
P2: N=5, mean=0.6 (+/-0.48009).
Game Durations: N=10, mean=59.4 (+/-6.52143).
P1: N=5, mean=57.6 (+/-10.005399).
P2: N=5, mean=61.2 (+/-9.222231).
=====================================================
=====================================================
Completed 20 games.

Agent 1 (EntropySHUCTAnytime)
Winning score (between 0 and 1) : N=20, mean=0.55 (+/-0.223696).
P1: N=10, mean=0.4 (+/-0.32006).
P2: N=10, mean=0.7 (+/-0.299389).
Game Durations: N=20, mean=59.05 (+/-4.228761).
P1: N=10, mean=61.4 (+/-6.676662).
P2: N=10, mean=56.7 (+/-5.119712).

Agent 2 (SHUCTAnyTime)
Winning score (between 0 and 1) : N=20, mean=0.45 (+/-0.223696).
P1: N=10, mean=0.3 (+/-0.299389).
P2: N=10, mean=0.6 (+/-0.32006).
Game Durations: N=20, mean=59.05 (+/-4.228761).
P1: N=10, mean=56.7 (+/-5.119712).
P2: N=10, mean=61.4 (+/-6.676662).
=====================================================
=====================================================
Completed 30 games.

Agent 1 (EntropySHUCTAnytime)
Winning score (between 0 and 1) : N=30, mean=0.433333 (+/-0.180353).
P1: N=15, mean=0.266667 (+/-0.231643).
P2: N=15, mean=0.6 (+/-0.256619).
Game Durations: N=30, mean=58.8 (+/-3.56032).
P1: N=15, mean=59.066667 (+/-4.90444).
P2: N=15, mean=58.533333 (+/-5.33121).

Agent 2 (SHUCTAnyTime)
Winning score (between 0 and 1) : N=30, mean=0.566667 (+/-0.180353).
P1: N=15, mean=0.4 (+/-0.256619).
P2: N=15, mean=0.733333 (+/-0.231643).
Game Durations: N=30, mean=58.8 (+/-3.56032).
P1: N=15, mean=58.533333 (+/-5.33121).
P2: N=15, mean=59.066667 (+/-4.90444).
=====================================================
=====================================================
Completed 40 games.

Agent 1 (EntropySHUCTAnytime)
Winning score (between 0 and 1) : N=40, mean=0.375 (+/-0.151939).
P1: N=20, mean=0.25 (+/-0.194702).
P2: N=20, mean=0.5 (+/-0.224823).
Game Durations: N=40, mean=58.625 (+/-3.194199).
P1: N=20, mean=58.65 (+/-4.590517).
P2: N=20, mean=58.6 (+/-4.562076).

Agent 2 (SHUCTAnyTime)
Winning score (between 0 and 1) : N=40, mean=0.625 (+/-0.151939).
P1: N=20, mean=0.5 (+/-0.224823).
P2: N=20, mean=0.75 (+/-0.194702).
Game Durations: N=40, mean=58.625 (+/-3.194199).
P1: N=20, mean=58.6 (+/-4.562076).
P2: N=20, mean=58.65 (+/-4.590517).
=====================================================
=====================================================
Completed 50 games.

Agent 1 (EntropySHUCTAnytime)
Winning score (between 0 and 1) : N=50, mean=0.38 (+/-0.135905).
P1: N=25, mean=0.24 (+/-0.170865).
P2: N=25, mean=0.52 (+/-0.199877).
Game Durations: N=50, mean=56.68 (+/-2.857281).
P1: N=25, mean=56.88 (+/-4.107071).
P2: N=25, mean=56.48 (+/-4.056565).

Agent 2 (SHUCTAnyTime)
Winning score (between 0 and 1) : N=50, mean=0.62 (+/-0.135905).
P1: N=25, mean=0.48 (+/-0.199877).
P2: N=25, mean=0.76 (+/-0.170865).
Game Durations: N=50, mean=56.68 (+/-2.857281).
P1: N=25, mean=56.48 (+/-4.056565).
P2: N=25, mean=56.88 (+/-4.107071).
=====================================================
=====================================================
Completed 60 games.

Agent 1 (EntropySHUCTAnytime)
Winning score (between 0 and 1) : N=60, mean=0.383333 (+/-0.124061).
P1: N=30, mean=0.233333 (+/-0.153936).
P2: N=30, mean=0.533333 (+/-0.181573).
Game Durations: N=60, mean=56.483333 (+/-3.064635).
P1: N=30, mean=56.433333 (+/-4.832695).
P2: N=30, mean=56.533333 (+/-3.854874).

Agent 2 (SHUCTAnyTime)
Winning score (between 0 and 1) : N=60, mean=0.616667 (+/-0.124061).
P1: N=30, mean=0.466667 (+/-0.181573).
P2: N=30, mean=0.766667 (+/-0.153936).
Game Durations: N=60, mean=56.483333 (+/-3.064635).
P1: N=30, mean=56.533333 (+/-3.854874).
P2: N=30, mean=56.433333 (+/-4.832695).
=====================================================
=====================================================
Completed 70 games.

Agent 1 (EntropySHUCTAnytime)
Winning score (between 0 and 1) : N=70, mean=0.428571 (+/-0.116766).
P1: N=35, mean=0.314286 (+/-0.156042).
P2: N=35, mean=0.542857 (+/-0.167447).
Game Durations: N=70, mean=56.757143 (+/-2.687136).
P1: N=35, mean=56.257143 (+/-4.218474).
P2: N=35, mean=57.257143 (+/-3.384601).

Agent 2 (SHUCTAnyTime)
Winning score (between 0 and 1) : N=70, mean=0.571429 (+/-0.116766).
P1: N=35, mean=0.457143 (+/-0.167447).
P2: N=35, mean=0.685714 (+/-0.156042).
Game Durations: N=70, mean=56.757143 (+/-2.687136).
P1: N=35, mean=57.257143 (+/-3.384601).
P2: N=35, mean=56.257143 (+/-4.218474).
=====================================================
=====================================================
Completed 80 games.

Agent 1 (EntropySHUCTAnytime)
Winning score (between 0 and 1) : N=80, mean=0.4375 (+/-0.109392).
P1: N=40, mean=0.325 (+/-0.146997).
P2: N=40, mean=0.55 (+/-0.156136).
Game Durations: N=80, mean=56.7875 (+/-2.426315).
P1: N=40, mean=56.325 (+/-3.737513).
P2: N=40, mean=57.25 (+/-3.136682).

Agent 2 (SHUCTAnyTime)
Winning score (between 0 and 1) : N=80, mean=0.5625 (+/-0.109392).
P1: N=40, mean=0.45 (+/-0.156136).
P2: N=40, mean=0.675 (+/-0.146997).
Game Durations: N=80, mean=56.7875 (+/-2.426315).
P1: N=40, mean=57.25 (+/-3.136682).
P2: N=40, mean=56.325 (+/-3.737513).
=====================================================
=====================================================
Completed 90 games.

Agent 1 (EntropySHUCTAnytime)
Winning score (between 0 and 1) : N=90, mean=0.433333 (+/-0.10295).
P1: N=45, mean=0.311111 (+/-0.13679).
P2: N=45, mean=0.555556 (+/-0.146823).
Game Durations: N=90, mean=56.444444 (+/-2.244038).
P1: N=45, mean=56.133333 (+/-3.519669).
P2: N=45, mean=56.755556 (+/-2.822543).

Agent 2 (SHUCTAnyTime)
Winning score (between 0 and 1) : N=90, mean=0.566667 (+/-0.10295).
P1: N=45, mean=0.444444 (+/-0.146823).
P2: N=45, mean=0.688889 (+/-0.13679).
Game Durations: N=90, mean=56.444444 (+/-2.244038).
P1: N=45, mean=56.755556 (+/-2.822543).
P2: N=45, mean=56.133333 (+/-3.519669).
=====================================================
=====================================================
Completed 100 games.

Agent 1 (EntropySHUCTAnytime)
Winning score (between 0 and 1) : N=100, mean=0.45 (+/-0.097998).
P1: N=50, mean=0.34 (+/-0.132636).
P2: N=50, mean=0.56 (+/-0.138986).
Game Durations: N=100, mean=56.21 (+/-2.191266).
P1: N=50, mean=56.18 (+/-3.325073).
P2: N=50, mean=56.24 (+/-2.888998).

Agent 2 (SHUCTAnyTime)
Winning score (between 0 and 1) : N=100, mean=0.55 (+/-0.097998).
P1: N=50, mean=0.44 (+/-0.138986).
P2: N=50, mean=0.66 (+/-0.132636).
Game Durations: N=100, mean=56.21 (+/-2.191266).
P1: N=50, mean=56.24 (+/-2.888998).
P2: N=50, mean=56.18 (+/-3.325073).
=====================================================
