Warming up...
Finished warming up!
=====================================================
Completed 1 games.

Agent 1 (EntropySHUCTAnytime)
Winning score (between 0 and 1) : N=1, mean=1 (+/-0).
P1: N=1, mean=1 (+/-0).
P2: N=0, mean=0 (+/-0).
Game Durations: N=1, mean=47 (+/-0).
P1: N=1, mean=47 (+/-0).
P2: N=0, mean=0 (+/-0).

Agent 2 (SHUCTAnyTime)
Winning score (between 0 and 1) : N=1, mean=0 (+/-0).
P1: N=0, mean=0 (+/-0).
P2: N=1, mean=0 (+/-0).
Game Durations: N=1, mean=47 (+/-0).
P1: N=0, mean=0 (+/-0).
P2: N=1, mean=47 (+/-0).
=====================================================
=====================================================
Completed 2 games.

Agent 1 (EntropySHUCTAnytime)
Winning score (between 0 and 1) : N=2, mean=0.5 (+/-0.97998).
P1: N=1, mean=1 (+/-0).
P2: N=1, mean=0 (+/-0).
Game Durations: N=2, mean=47 (+/-0).
P1: N=1, mean=47 (+/-0).
P2: N=1, mean=47 (+/-0).

Agent 2 (SHUCTAnyTime)
Winning score (between 0 and 1) : N=2, mean=0.5 (+/-0.97998).
P1: N=1, mean=1 (+/-0).
P2: N=1, mean=0 (+/-0).
Game Durations: N=2, mean=47 (+/-0).
P1: N=1, mean=47 (+/-0).
P2: N=1, mean=47 (+/-0).
=====================================================
=====================================================
Completed 3 games.

Agent 1 (EntropySHUCTAnytime)
Winning score (between 0 and 1) : N=3, mean=0.333333 (+/-0.65332).
P1: N=2, mean=0.5 (+/-0.97998).
P2: N=1, mean=0 (+/-0).
Game Durations: N=3, mean=52 (+/-9.7998).
P1: N=2, mean=54.5 (+/-14.6997).
P2: N=1, mean=47 (+/-0).

Agent 2 (SHUCTAnyTime)
Winning score (between 0 and 1) : N=3, mean=0.666667 (+/-0.65332).
P1: N=1, mean=1 (+/-0).
P2: N=2, mean=0.5 (+/-0.97998).
Game Durations: N=3, mean=52 (+/-9.7998).
P1: N=1, mean=47 (+/-0).
P2: N=2, mean=54.5 (+/-14.6997).
=====================================================
=====================================================
Completed 4 games.

Agent 1 (EntropySHUCTAnytime)
Winning score (between 0 and 1) : N=4, mean=0.25 (+/-0.48999).
P1: N=2, mean=0.5 (+/-0.97998).
P2: N=2, mean=0 (+/-0).
Game Durations: N=4, mean=53.75 (+/-7.731912).
P1: N=2, mean=54.5 (+/-14.6997).
P2: N=2, mean=53 (+/-11.75976).

Agent 2 (SHUCTAnyTime)
Winning score (between 0 and 1) : N=4, mean=0.75 (+/-0.48999).
P1: N=2, mean=1 (+/-0).
P2: N=2, mean=0.5 (+/-0.97998).
Game Durations: N=4, mean=53.75 (+/-7.731912).
P1: N=2, mean=53 (+/-11.75976).
P2: N=2, mean=54.5 (+/-14.6997).
=====================================================
=====================================================
Completed 5 games.

Agent 1 (EntropySHUCTAnytime)
Winning score (between 0 and 1) : N=5, mean=0.2 (+/-0.391992).
P1: N=3, mean=0.333333 (+/-0.65332).
P2: N=2, mean=0 (+/-0).
Game Durations: N=5, mean=53.4 (+/-6.028271).
P1: N=3, mean=53.666667 (+/-8.642611).
P2: N=2, mean=53 (+/-11.75976).

Agent 2 (SHUCTAnyTime)
Winning score (between 0 and 1) : N=5, mean=0.8 (+/-0.391992).
P1: N=2, mean=1 (+/-0).
P2: N=3, mean=0.666667 (+/-0.65332).
Game Durations: N=5, mean=53.4 (+/-6.028271).
P1: N=2, mean=53 (+/-11.75976).
P2: N=3, mean=53.666667 (+/-8.642611).
=====================================================
=====================================================
Completed 10 games.

Agent 1 (EntropySHUCTAnytime)
Winning score (between 0 and 1) : N=10, mean=0.4 (+/-0.32006).
P1: N=5, mean=0.4 (+/-0.48009).
P2: N=5, mean=0.4 (+/-0.48009).
Game Durations: N=10, mean=55.1 (+/-5.047505).
P1: N=5, mean=52.8 (+/-5.925436).
P2: N=5, mean=57.4 (+/-8.329254).

Agent 2 (SHUCTAnyTime)
Winning score (between 0 and 1) : N=10, mean=0.6 (+/-0.32006).
P1: N=5, mean=0.6 (+/-0.48009).
P2: N=5, mean=0.6 (+/-0.48009).
Game Durations: N=10, mean=55.1 (+/-5.047505).
P1: N=5, mean=57.4 (+/-8.329254).
P2: N=5, mean=52.8 (+/-5.925436).
=====================================================
=====================================================
Completed 20 games.

Agent 1 (EntropySHUCTAnytime)
Winning score (between 0 and 1) : N=20, mean=0.45 (+/-0.223696).
P1: N=10, mean=0.4 (+/-0.32006).
P2: N=10, mean=0.5 (+/-0.32666).
Game Durations: N=20, mean=57.55 (+/-4.60415).
P1: N=10, mean=55.2 (+/-6.472816).
P2: N=10, mean=59.9 (+/-6.549187).

Agent 2 (SHUCTAnyTime)
Winning score (between 0 and 1) : N=20, mean=0.55 (+/-0.223696).
P1: N=10, mean=0.5 (+/-0.32666).
P2: N=10, mean=0.6 (+/-0.32006).
Game Durations: N=20, mean=57.55 (+/-4.60415).
P1: N=10, mean=59.9 (+/-6.549187).
P2: N=10, mean=55.2 (+/-6.472816).
=====================================================
=====================================================
Completed 30 games.

Agent 1 (EntropySHUCTAnytime)
Winning score (between 0 and 1) : N=30, mean=0.433333 (+/-0.180353).
P1: N=15, mean=0.466667 (+/-0.261328).
P2: N=15, mean=0.4 (+/-0.256619).
Game Durations: N=30, mean=55.866667 (+/-3.844552).
P1: N=15, mean=56.333333 (+/-4.569238).
P2: N=15, mean=55.4 (+/-6.343215).

Agent 2 (SHUCTAnyTime)
Winning score (between 0 and 1) : N=30, mean=0.566667 (+/-0.180353).
P1: N=15, mean=0.6 (+/-0.256619).
P2: N=15, mean=0.533333 (+/-0.261328).
Game Durations: N=30, mean=55.866667 (+/-3.844552).
P1: N=15, mean=55.4 (+/-6.343215).
P2: N=15, mean=56.333333 (+/-4.569238).
=====================================================
=====================================================
Completed 40 games.

Agent 1 (EntropySHUCTAnytime)
Winning score (between 0 and 1) : N=40, mean=0.45 (+/-0.156136).
P1: N=20, mean=0.5 (+/-0.224823).
P2: N=20, mean=0.4 (+/-0.22028).
Game Durations: N=40, mean=55.1 (+/-3.698045).
P1: N=20, mean=54.5 (+/-4.007904).
P2: N=20, mean=55.7 (+/-6.319241).

Agent 2 (SHUCTAnyTime)
Winning score (between 0 and 1) : N=40, mean=0.55 (+/-0.156136).
P1: N=20, mean=0.6 (+/-0.22028).
P2: N=20, mean=0.5 (+/-0.224823).
Game Durations: N=40, mean=55.1 (+/-3.698045).
P1: N=20, mean=55.7 (+/-6.319241).
P2: N=20, mean=54.5 (+/-4.007904).
=====================================================
=====================================================
Completed 50 games.

Agent 1 (EntropySHUCTAnytime)
Winning score (between 0 and 1) : N=50, mean=0.4 (+/-0.137169).
P1: N=25, mean=0.44 (+/-0.198592).
P2: N=25, mean=0.36 (+/-0.192036).
Game Durations: N=50, mean=55.38 (+/-3.240147).
P1: N=25, mean=55.56 (+/-3.829169).
P2: N=25, mean=55.2 (+/-5.310009).

Agent 2 (SHUCTAnyTime)
Winning score (between 0 and 1) : N=50, mean=0.6 (+/-0.137169).
P1: N=25, mean=0.64 (+/-0.192036).
P2: N=25, mean=0.56 (+/-0.198592).
Game Durations: N=50, mean=55.38 (+/-3.240147).
P1: N=25, mean=55.2 (+/-5.310009).
P2: N=25, mean=55.56 (+/-3.829169).
=====================================================
=====================================================
Completed 60 games.

Agent 1 (EntropySHUCTAnytime)
Winning score (between 0 and 1) : N=60, mean=0.45 (+/-0.126943).
P1: N=30, mean=0.466667 (+/-0.181573).
P2: N=30, mean=0.433333 (+/-0.180353).
Game Durations: N=60, mean=56.35 (+/-3.041294).
P1: N=30, mean=57.466667 (+/-3.564452).
P2: N=30, mean=55.233333 (+/-4.959849).

Agent 2 (SHUCTAnyTime)
Winning score (between 0 and 1) : N=60, mean=0.55 (+/-0.126943).
P1: N=30, mean=0.566667 (+/-0.180353).
P2: N=30, mean=0.533333 (+/-0.181573).
Game Durations: N=60, mean=56.35 (+/-3.041294).
P1: N=30, mean=55.233333 (+/-4.959849).
P2: N=30, mean=57.466667 (+/-3.564452).
=====================================================
=====================================================
Completed 70 games.

Agent 1 (EntropySHUCTAnytime)
Winning score (between 0 and 1) : N=70, mean=0.442857 (+/-0.117203).
P1: N=35, mean=0.485714 (+/-0.167997).
P2: N=35, mean=0.4 (+/-0.16467).
Game Durations: N=70, mean=56.885714 (+/-2.763049).
P1: N=35, mean=58.085714 (+/-3.467543).
P2: N=35, mean=55.685714 (+/-4.317128).

Agent 2 (SHUCTAnyTime)
Winning score (between 0 and 1) : N=70, mean=0.557143 (+/-0.117203).
P1: N=35, mean=0.6 (+/-0.16467).
P2: N=35, mean=0.514286 (+/-0.167997).
Game Durations: N=70, mean=56.885714 (+/-2.763049).
P1: N=35, mean=55.685714 (+/-4.317128).
P2: N=35, mean=58.085714 (+/-3.467543).
=====================================================
=====================================================
Completed 80 games.

Agent 1 (EntropySHUCTAnytime)
Winning score (between 0 and 1) : N=80, mean=0.4625 (+/-0.109946).
P1: N=40, mean=0.5 (+/-0.156922).
P2: N=40, mean=0.425 (+/-0.155147).
Game Durations: N=80, mean=56.3875 (+/-2.545822).
P1: N=40, mean=57.7 (+/-3.308198).
P2: N=40, mean=55.075 (+/-3.869585).

Agent 2 (SHUCTAnyTime)
Winning score (between 0 and 1) : N=80, mean=0.5375 (+/-0.109946).
P1: N=40, mean=0.575 (+/-0.155147).
P2: N=40, mean=0.5 (+/-0.156922).
Game Durations: N=80, mean=56.3875 (+/-2.545822).
P1: N=40, mean=55.075 (+/-3.869585).
P2: N=40, mean=57.7 (+/-3.308198).
=====================================================
=====================================================
Completed 90 games.

Agent 1 (EntropySHUCTAnytime)
Winning score (between 0 and 1) : N=90, mean=0.455556 (+/-0.103466).
P1: N=45, mean=0.488889 (+/-0.147701).
P2: N=45, mean=0.422222 (+/-0.145939).
Game Durations: N=90, mean=56.111111 (+/-2.466267).
P1: N=45, mean=57.511111 (+/-3.23774).
P2: N=45, mean=54.711111 (+/-3.712299).

Agent 2 (SHUCTAnyTime)
Winning score (between 0 and 1) : N=90, mean=0.544444 (+/-0.103466).
P1: N=45, mean=0.577778 (+/-0.145939).
P2: N=45, mean=0.511111 (+/-0.147701).
Game Durations: N=90, mean=56.111111 (+/-2.466267).
P1: N=45, mean=54.711111 (+/-3.712299).
P2: N=45, mean=57.511111 (+/-3.23774).
=====================================================
=====================================================
Completed 100 games.

Agent 1 (EntropySHUCTAnytime)
Winning score (between 0 and 1) : N=100, mean=0.46 (+/-0.098176).
P1: N=50, mean=0.48 (+/-0.139885).
P2: N=50, mean=0.44 (+/-0.138986).
Game Durations: N=100, mean=56.18 (+/-2.319789).
P1: N=50, mean=57.44 (+/-3.092719).
P2: N=50, mean=54.92 (+/-3.454199).

Agent 2 (SHUCTAnyTime)
Winning score (between 0 and 1) : N=100, mean=0.54 (+/-0.098176).
P1: N=50, mean=0.56 (+/-0.138986).
P2: N=50, mean=0.52 (+/-0.139885).
Game Durations: N=100, mean=56.18 (+/-2.319789).
P1: N=50, mean=54.92 (+/-3.454199).
P2: N=50, mean=57.44 (+/-3.092719).
=====================================================
