Warming up...
Finished warming up!
=====================================================
Completed 1 games.

Agent 1 (EntropySHUCTAnytime)
Winning score (between 0 and 1) : N=1, mean=1 (+/-0).
P1: N=0, mean=0 (+/-0).
P2: N=1, mean=1 (+/-0).
Game Durations: N=1, mean=22 (+/-0).
P1: N=0, mean=0 (+/-0).
P2: N=1, mean=22 (+/-0).

Agent 2 (Example UCT)
Winning score (between 0 and 1) : N=1, mean=0 (+/-0).
P1: N=1, mean=0 (+/-0).
P2: N=0, mean=0 (+/-0).
Game Durations: N=1, mean=22 (+/-0).
P1: N=1, mean=22 (+/-0).
P2: N=0, mean=0 (+/-0).
=====================================================
=====================================================
Completed 2 games.

Agent 1 (EntropySHUCTAnytime)
Winning score (between 0 and 1) : N=2, mean=1 (+/-0).
P1: N=1, mean=1 (+/-0).
P2: N=1, mean=1 (+/-0).
Game Durations: N=2, mean=17.5 (+/-8.81982).
P1: N=1, mean=13 (+/-0).
P2: N=1, mean=22 (+/-0).

Agent 2 (Example UCT)
Winning score (between 0 and 1) : N=2, mean=0 (+/-0).
P1: N=1, mean=0 (+/-0).
P2: N=1, mean=0 (+/-0).
Game Durations: N=2, mean=17.5 (+/-8.81982).
P1: N=1, mean=22 (+/-0).
P2: N=1, mean=13 (+/-0).
=====================================================
=====================================================
Completed 3 games.

Agent 1 (EntropySHUCTAnytime)
Winning score (between 0 and 1) : N=3, mean=1 (+/-0).
P1: N=1, mean=1 (+/-0).
P2: N=2, mean=1 (+/-0).
Game Durations: N=3, mean=17 (+/-5.185567).
P1: N=1, mean=13 (+/-0).
P2: N=2, mean=19 (+/-5.87988).

Agent 2 (Example UCT)
Winning score (between 0 and 1) : N=3, mean=0 (+/-0).
P1: N=2, mean=0 (+/-0).
P2: N=1, mean=0 (+/-0).
Game Durations: N=3, mean=17 (+/-5.185567).
P1: N=2, mean=19 (+/-5.87988).
P2: N=1, mean=13 (+/-0).
=====================================================
=====================================================
Completed 4 games.

Agent 1 (EntropySHUCTAnytime)
Winning score (between 0 and 1) : N=4, mean=1 (+/-0).
P1: N=2, mean=1 (+/-0).
P2: N=2, mean=1 (+/-0).
Game Durations: N=4, mean=15.5 (+/-4.699819).
P1: N=2, mean=12 (+/-1.95996).
P2: N=2, mean=19 (+/-5.87988).

Agent 2 (Example UCT)
Winning score (between 0 and 1) : N=4, mean=0 (+/-0).
P1: N=2, mean=0 (+/-0).
P2: N=2, mean=0 (+/-0).
Game Durations: N=4, mean=15.5 (+/-4.699819).
P1: N=2, mean=19 (+/-5.87988).
P2: N=2, mean=12 (+/-1.95996).
=====================================================
=====================================================
Completed 5 games.

Agent 1 (EntropySHUCTAnytime)
Winning score (between 0 and 1) : N=5, mean=1 (+/-0).
P1: N=2, mean=1 (+/-0).
P2: N=3, mean=1 (+/-0).
Game Durations: N=5, mean=14 (+/-4.67934).
P1: N=2, mean=12 (+/-1.95996).
P2: N=3, mean=15.333333 (+/-7.947981).

Agent 2 (Example UCT)
Winning score (between 0 and 1) : N=5, mean=0 (+/-0).
P1: N=3, mean=0 (+/-0).
P2: N=2, mean=0 (+/-0).
Game Durations: N=5, mean=14 (+/-4.67934).
P1: N=3, mean=15.333333 (+/-7.947981).
P2: N=2, mean=12 (+/-1.95996).
=====================================================
=====================================================
Completed 10 games.

Agent 1 (EntropySHUCTAnytime)
Winning score (between 0 and 1) : N=10, mean=0.6 (+/-0.32006).
P1: N=5, mean=0.6 (+/-0.48009).
P2: N=5, mean=0.6 (+/-0.48009).
Game Durations: N=10, mean=14.9 (+/-4.944989).
P1: N=5, mean=16.6 (+/-8.690384).
P2: N=5, mean=13.2 (+/-5.381866).

Agent 2 (Example UCT)
Winning score (between 0 and 1) : N=10, mean=0.4 (+/-0.32006).
P1: N=5, mean=0.4 (+/-0.48009).
P2: N=5, mean=0.4 (+/-0.48009).
Game Durations: N=10, mean=14.9 (+/-4.944989).
P1: N=5, mean=13.2 (+/-5.381866).
P2: N=5, mean=16.6 (+/-8.690384).
=====================================================
=====================================================
Completed 20 games.

Agent 1 (EntropySHUCTAnytime)
Winning score (between 0 and 1) : N=20, mean=0.55 (+/-0.223696).
P1: N=10, mean=0.6 (+/-0.32006).
P2: N=10, mean=0.5 (+/-0.32666).
Game Durations: N=20, mean=15.25 (+/-2.644417).
P1: N=10, mean=15.2 (+/-4.448337).
P2: N=10, mean=15.3 (+/-3.120244).

Agent 2 (Example UCT)
Winning score (between 0 and 1) : N=20, mean=0.45 (+/-0.223696).
P1: N=10, mean=0.5 (+/-0.32666).
P2: N=10, mean=0.4 (+/-0.32006).
Game Durations: N=20, mean=15.25 (+/-2.644417).
P1: N=10, mean=15.3 (+/-3.120244).
P2: N=10, mean=15.2 (+/-4.448337).
=====================================================
=====================================================
Completed 30 games.

Agent 1 (EntropySHUCTAnytime)
Winning score (between 0 and 1) : N=30, mean=0.5 (+/-0.181978).
P1: N=15, mean=0.6 (+/-0.256619).
P2: N=15, mean=0.4 (+/-0.256619).
Game Durations: N=30, mean=15.733333 (+/-2.171431).
P1: N=15, mean=16.2 (+/-3.609936).
P2: N=15, mean=15.266667 (+/-2.526439).

Agent 2 (Example UCT)
Winning score (between 0 and 1) : N=30, mean=0.5 (+/-0.181978).
P1: N=15, mean=0.6 (+/-0.256619).
P2: N=15, mean=0.4 (+/-0.256619).
Game Durations: N=30, mean=15.733333 (+/-2.171431).
P1: N=15, mean=15.266667 (+/-2.526439).
P2: N=15, mean=16.2 (+/-3.609936).
=====================================================
=====================================================
Completed 40 games.

Agent 1 (EntropySHUCTAnytime)
Winning score (between 0 and 1) : N=40, mean=0.475 (+/-0.156726).
P1: N=20, mean=0.6 (+/-0.22028).
P2: N=20, mean=0.35 (+/-0.214467).
Game Durations: N=40, mean=15.225 (+/-1.849405).
P1: N=20, mean=15.6 (+/-2.922351).
P2: N=20, mean=14.85 (+/-2.333288).

Agent 2 (Example UCT)
Winning score (between 0 and 1) : N=40, mean=0.525 (+/-0.156726).
P1: N=20, mean=0.65 (+/-0.214467).
P2: N=20, mean=0.4 (+/-0.22028).
Game Durations: N=40, mean=15.225 (+/-1.849405).
P1: N=20, mean=14.85 (+/-2.333288).
P2: N=20, mean=15.6 (+/-2.922351).
=====================================================
=====================================================
Completed 50 games.

Agent 1 (EntropySHUCTAnytime)
Winning score (between 0 and 1) : N=50, mean=0.52 (+/-0.139885).
P1: N=25, mean=0.68 (+/-0.186626).
P2: N=25, mean=0.36 (+/-0.192036).
Game Durations: N=50, mean=15.54 (+/-1.557141).
P1: N=25, mean=15.64 (+/-2.471105).
P2: N=25, mean=15.44 (+/-1.947113).

Agent 2 (Example UCT)
Winning score (between 0 and 1) : N=50, mean=0.48 (+/-0.139885).
P1: N=25, mean=0.64 (+/-0.192036).
P2: N=25, mean=0.32 (+/-0.186626).
Game Durations: N=50, mean=15.54 (+/-1.557141).
P1: N=25, mean=15.44 (+/-1.947113).
P2: N=25, mean=15.64 (+/-2.471105).
=====================================================
=====================================================
Completed 60 games.

Agent 1 (EntropySHUCTAnytime)
Winning score (between 0 and 1) : N=60, mean=0.516667 (+/-0.127512).
P1: N=30, mean=0.666667 (+/-0.17157).
P2: N=30, mean=0.366667 (+/-0.175388).
Game Durations: N=60, mean=16.15 (+/-1.501522).
P1: N=30, mean=16.333333 (+/-2.451114).
P2: N=30, mean=15.966667 (+/-1.776767).

Agent 2 (Example UCT)
Winning score (between 0 and 1) : N=60, mean=0.483333 (+/-0.127512).
P1: N=30, mean=0.633333 (+/-0.175388).
P2: N=30, mean=0.333333 (+/-0.17157).
Game Durations: N=60, mean=16.15 (+/-1.501522).
P1: N=30, mean=15.966667 (+/-1.776767).
P2: N=30, mean=16.333333 (+/-2.451114).
=====================================================
=====================================================
Completed 70 games.

Agent 1 (EntropySHUCTAnytime)
Winning score (between 0 and 1) : N=70, mean=0.514286 (+/-0.117928).
P1: N=35, mean=0.628571 (+/-0.162414).
P2: N=35, mean=0.4 (+/-0.16467).
Game Durations: N=70, mean=16.1 (+/-1.359042).
P1: N=35, mean=16.571429 (+/-2.231497).
P2: N=35, mean=15.628571 (+/-1.570613).

Agent 2 (Example UCT)
Winning score (between 0 and 1) : N=70, mean=0.485714 (+/-0.117928).
P1: N=35, mean=0.6 (+/-0.16467).
P2: N=35, mean=0.371429 (+/-0.162414).
Game Durations: N=70, mean=16.1 (+/-1.359042).
P1: N=35, mean=15.628571 (+/-1.570613).
P2: N=35, mean=16.571429 (+/-2.231497).
=====================================================
=====================================================
Completed 80 games.

Agent 1 (EntropySHUCTAnytime)
Winning score (between 0 and 1) : N=80, mean=0.4875 (+/-0.110222).
P1: N=40, mean=0.6 (+/-0.153752).
P2: N=40, mean=0.375 (+/-0.151939).
Game Durations: N=80, mean=15.9625 (+/-1.234893).
P1: N=40, mean=16.3 (+/-2.034189).
P2: N=40, mean=15.625 (+/-1.420451).

Agent 2 (Example UCT)
Winning score (between 0 and 1) : N=80, mean=0.5125 (+/-0.110222).
P1: N=40, mean=0.625 (+/-0.151939).
P2: N=40, mean=0.4 (+/-0.153752).
Game Durations: N=80, mean=15.9625 (+/-1.234893).
P1: N=40, mean=15.625 (+/-1.420451).
P2: N=40, mean=16.3 (+/-2.034189).
=====================================================
=====================================================
Completed 90 games.

Agent 1 (EntropySHUCTAnytime)
Winning score (between 0 and 1) : N=90, mean=0.5 (+/-0.103878).
P1: N=45, mean=0.6 (+/-0.144753).
P2: N=45, mean=0.4 (+/-0.144753).
Game Durations: N=90, mean=15.777778 (+/-1.136564).
P1: N=45, mean=16.2 (+/-1.816738).
P2: N=45, mean=15.355556 (+/-1.376286).

Agent 2 (Example UCT)
Winning score (between 0 and 1) : N=90, mean=0.5 (+/-0.103878).
P1: N=45, mean=0.6 (+/-0.144753).
P2: N=45, mean=0.4 (+/-0.144753).
Game Durations: N=90, mean=15.777778 (+/-1.136564).
P1: N=45, mean=15.355556 (+/-1.376286).
P2: N=45, mean=16.2 (+/-1.816738).
=====================================================
=====================================================
Completed 100 games.

Agent 1 (EntropySHUCTAnytime)
Winning score (between 0 and 1) : N=100, mean=0.48 (+/-0.098413).
P1: N=50, mean=0.58 (+/-0.138194).
P2: N=50, mean=0.38 (+/-0.135905).
Game Durations: N=100, mean=15.88 (+/-1.044302).
P1: N=50, mean=16.3 (+/-1.670841).
P2: N=50, mean=15.46 (+/-1.259925).

Agent 2 (Example UCT)
Winning score (between 0 and 1) : N=100, mean=0.52 (+/-0.098413).
P1: N=50, mean=0.62 (+/-0.135905).
P2: N=50, mean=0.42 (+/-0.138194).
Game Durations: N=100, mean=15.88 (+/-1.044302).
P1: N=50, mean=15.46 (+/-1.259925).
P2: N=50, mean=16.3 (+/-1.670841).
=====================================================
