Warming up...
Finished warming up!
=====================================================
Completed 1 games.

Agent 1 (EntropySHUCTAnytime)
Winning score (between 0 and 1) : N=1, mean=1 (+/-0).
P1: N=0, mean=0 (+/-0).
P2: N=1, mean=1 (+/-0).
Game Durations: N=1, mean=10 (+/-0).
P1: N=0, mean=0 (+/-0).
P2: N=1, mean=10 (+/-0).

Agent 2 (Example UCT)
Winning score (between 0 and 1) : N=1, mean=0 (+/-0).
P1: N=1, mean=0 (+/-0).
P2: N=0, mean=0 (+/-0).
Game Durations: N=1, mean=10 (+/-0).
P1: N=1, mean=10 (+/-0).
P2: N=0, mean=0 (+/-0).
=====================================================
=====================================================
Completed 2 games.

Agent 1 (EntropySHUCTAnytime)
Winning score (between 0 and 1) : N=2, mean=1 (+/-0).
P1: N=1, mean=1 (+/-0).
P2: N=1, mean=1 (+/-0).
Game Durations: N=2, mean=14.5 (+/-8.81982).
P1: N=1, mean=19 (+/-0).
P2: N=1, mean=10 (+/-0).

Agent 2 (Example UCT)
Winning score (between 0 and 1) : N=2, mean=0 (+/-0).
P1: N=1, mean=0 (+/-0).
P2: N=1, mean=0 (+/-0).
Game Durations: N=2, mean=14.5 (+/-8.81982).
P1: N=1, mean=10 (+/-0).
P2: N=1, mean=19 (+/-0).
=====================================================
=====================================================
Completed 3 games.

Agent 1 (EntropySHUCTAnytime)
Winning score (between 0 and 1) : N=3, mean=1 (+/-0).
P1: N=1, mean=1 (+/-0).
P2: N=2, mean=1 (+/-0).
Game Durations: N=3, mean=15 (+/-5.185567).
P1: N=1, mean=19 (+/-0).
P2: N=2, mean=13 (+/-5.87988).

Agent 2 (Example UCT)
Winning score (between 0 and 1) : N=3, mean=0 (+/-0).
P1: N=2, mean=0 (+/-0).
P2: N=1, mean=0 (+/-0).
Game Durations: N=3, mean=15 (+/-5.185567).
P1: N=2, mean=13 (+/-5.87988).
P2: N=1, mean=19 (+/-0).
=====================================================
=====================================================
Completed 4 games.

Agent 1 (EntropySHUCTAnytime)
Winning score (between 0 and 1) : N=4, mean=1 (+/-0).
P1: N=2, mean=1 (+/-0).
P2: N=2, mean=1 (+/-0).
Game Durations: N=4, mean=14.5 (+/-3.795446).
P1: N=2, mean=16 (+/-5.87988).
P2: N=2, mean=13 (+/-5.87988).

Agent 2 (Example UCT)
Winning score (between 0 and 1) : N=4, mean=0 (+/-0).
P1: N=2, mean=0 (+/-0).
P2: N=2, mean=0 (+/-0).
Game Durations: N=4, mean=14.5 (+/-3.795446).
P1: N=2, mean=13 (+/-5.87988).
P2: N=2, mean=16 (+/-5.87988).
=====================================================
=====================================================
Completed 5 games.

Agent 1 (EntropySHUCTAnytime)
Winning score (between 0 and 1) : N=5, mean=0.8 (+/-0.391992).
P1: N=2, mean=1 (+/-0).
P2: N=3, mean=0.666667 (+/-0.65332).
Game Durations: N=5, mean=14.6 (+/-2.946466).
P1: N=2, mean=16 (+/-5.87988).
P2: N=3, mean=13.666667 (+/-3.637532).

Agent 2 (Example UCT)
Winning score (between 0 and 1) : N=5, mean=0.2 (+/-0.391992).
P1: N=3, mean=0.333333 (+/-0.65332).
P2: N=2, mean=0 (+/-0).
Game Durations: N=5, mean=14.6 (+/-2.946466).
P1: N=3, mean=13.666667 (+/-3.637532).
P2: N=2, mean=16 (+/-5.87988).
=====================================================
=====================================================
Completed 10 games.

Agent 1 (EntropySHUCTAnytime)
Winning score (between 0 and 1) : N=10, mean=0.7 (+/-0.299389).
P1: N=5, mean=0.8 (+/-0.391992).
P2: N=5, mean=0.6 (+/-0.48009).
Game Durations: N=10, mean=14.6 (+/-2.285686).
P1: N=5, mean=15.2 (+/-2.658619).
P2: N=5, mean=14 (+/-3.968617).

Agent 2 (Example UCT)
Winning score (between 0 and 1) : N=10, mean=0.3 (+/-0.299389).
P1: N=5, mean=0.4 (+/-0.48009).
P2: N=5, mean=0.2 (+/-0.391992).
Game Durations: N=10, mean=14.6 (+/-2.285686).
P1: N=5, mean=14 (+/-3.968617).
P2: N=5, mean=15.2 (+/-2.658619).
=====================================================
=====================================================
Completed 20 games.

Agent 1 (EntropySHUCTAnytime)
Winning score (between 0 and 1) : N=20, mean=0.6 (+/-0.22028).
P1: N=10, mean=0.7 (+/-0.299389).
P2: N=10, mean=0.5 (+/-0.32666).
Game Durations: N=20, mean=15 (+/-1.787306).
P1: N=10, mean=15.7 (+/-2.356485).
P2: N=10, mean=14.3 (+/-2.74161).

Agent 2 (Example UCT)
Winning score (between 0 and 1) : N=20, mean=0.4 (+/-0.22028).
P1: N=10, mean=0.5 (+/-0.32666).
P2: N=10, mean=0.3 (+/-0.299389).
Game Durations: N=20, mean=15 (+/-1.787306).
P1: N=10, mean=14.3 (+/-2.74161).
P2: N=10, mean=15.7 (+/-2.356485).
=====================================================
=====================================================
Completed 30 games.

Agent 1 (EntropySHUCTAnytime)
Winning score (between 0 and 1) : N=30, mean=0.6 (+/-0.178301).
P1: N=15, mean=0.733333 (+/-0.231643).
P2: N=15, mean=0.466667 (+/-0.261328).
Game Durations: N=30, mean=15.166667 (+/-1.657452).
P1: N=15, mean=15 (+/-2.214139).
P2: N=15, mean=15.333333 (+/-2.542318).

Agent 2 (Example UCT)
Winning score (between 0 and 1) : N=30, mean=0.4 (+/-0.178301).
P1: N=15, mean=0.533333 (+/-0.261328).
P2: N=15, mean=0.266667 (+/-0.231643).
Game Durations: N=30, mean=15.166667 (+/-1.657452).
P1: N=15, mean=15.333333 (+/-2.542318).
P2: N=15, mean=15 (+/-2.214139).
=====================================================
=====================================================
Completed 40 games.

Agent 1 (EntropySHUCTAnytime)
Winning score (between 0 and 1) : N=40, mean=0.6 (+/-0.153752).
P1: N=20, mean=0.75 (+/-0.194702).
P2: N=20, mean=0.45 (+/-0.223696).
Game Durations: N=40, mean=15.3 (+/-1.315156).
P1: N=20, mean=14.85 (+/-1.659887).
P2: N=20, mean=15.75 (+/-2.064824).

Agent 2 (Example UCT)
Winning score (between 0 and 1) : N=40, mean=0.4 (+/-0.153752).
P1: N=20, mean=0.55 (+/-0.223696).
P2: N=20, mean=0.25 (+/-0.194702).
Game Durations: N=40, mean=15.3 (+/-1.315156).
P1: N=20, mean=15.75 (+/-2.064824).
P2: N=20, mean=14.85 (+/-1.659887).
=====================================================
=====================================================
Completed 50 games.

Agent 1 (EntropySHUCTAnytime)
Winning score (between 0 and 1) : N=50, mean=0.6 (+/-0.137169).
P1: N=25, mean=0.76 (+/-0.170865).
P2: N=25, mean=0.44 (+/-0.198592).
Game Durations: N=50, mean=14.82 (+/-1.200637).
P1: N=25, mean=14.12 (+/-1.523735).
P2: N=25, mean=15.52 (+/-1.845973).

Agent 2 (Example UCT)
Winning score (between 0 and 1) : N=50, mean=0.4 (+/-0.137169).
P1: N=25, mean=0.56 (+/-0.198592).
P2: N=25, mean=0.24 (+/-0.170865).
Game Durations: N=50, mean=14.82 (+/-1.200637).
P1: N=25, mean=15.52 (+/-1.845973).
P2: N=25, mean=14.12 (+/-1.523735).
=====================================================
=====================================================
Completed 60 games.

Agent 1 (EntropySHUCTAnytime)
Winning score (between 0 and 1) : N=60, mean=0.6 (+/-0.125005).
P1: N=30, mean=0.733333 (+/-0.160947).
P2: N=30, mean=0.466667 (+/-0.181573).
Game Durations: N=60, mean=15.266667 (+/-1.186693).
P1: N=30, mean=15.2 (+/-1.75153).
P2: N=30, mean=15.333333 (+/-1.631271).

Agent 2 (Example UCT)
Winning score (between 0 and 1) : N=60, mean=0.4 (+/-0.125005).
P1: N=30, mean=0.533333 (+/-0.181573).
P2: N=30, mean=0.266667 (+/-0.160947).
Game Durations: N=60, mean=15.266667 (+/-1.186693).
P1: N=30, mean=15.333333 (+/-1.631271).
P2: N=30, mean=15.2 (+/-1.75153).
=====================================================
=====================================================
Completed 70 games.

Agent 1 (EntropySHUCTAnytime)
Winning score (between 0 and 1) : N=70, mean=0.585714 (+/-0.116229).
P1: N=35, mean=0.714286 (+/-0.151848).
P2: N=35, mean=0.457143 (+/-0.167447).
Game Durations: N=70, mean=15.085714 (+/-1.114404).
P1: N=35, mean=15.114286 (+/-1.616567).
P2: N=35, mean=15.057143 (+/-1.557936).

Agent 2 (Example UCT)
Winning score (between 0 and 1) : N=70, mean=0.414286 (+/-0.116229).
P1: N=35, mean=0.542857 (+/-0.167447).
P2: N=35, mean=0.285714 (+/-0.151848).
Game Durations: N=70, mean=15.085714 (+/-1.114404).
P1: N=35, mean=15.057143 (+/-1.557936).
P2: N=35, mean=15.114286 (+/-1.616567).
=====================================================
=====================================================
Completed 80 games.

Agent 1 (EntropySHUCTAnytime)
Winning score (between 0 and 1) : N=80, mean=0.5625 (+/-0.109392).
P1: N=40, mean=0.7 (+/-0.143822).
P2: N=40, mean=0.425 (+/-0.155147).
Game Durations: N=80, mean=15.4125 (+/-1.058515).
P1: N=40, mean=15.15 (+/-1.467958).
P2: N=40, mean=15.675 (+/-1.53974).

Agent 2 (Example UCT)
Winning score (between 0 and 1) : N=80, mean=0.4375 (+/-0.109392).
P1: N=40, mean=0.575 (+/-0.155147).
P2: N=40, mean=0.3 (+/-0.143822).
Game Durations: N=80, mean=15.4125 (+/-1.058515).
P1: N=40, mean=15.675 (+/-1.53974).
P2: N=40, mean=15.15 (+/-1.467958).
=====================================================
=====================================================
Completed 90 games.

Agent 1 (EntropySHUCTAnytime)
Winning score (between 0 and 1) : N=90, mean=0.533333 (+/-0.103647).
P1: N=45, mean=0.688889 (+/-0.13679).
P2: N=45, mean=0.377778 (+/-0.143256).
Game Durations: N=90, mean=15.277778 (+/-0.976439).
P1: N=45, mean=14.955556 (+/-1.374593).
P2: N=45, mean=15.6 (+/-1.396222).

Agent 2 (Example UCT)
Winning score (between 0 and 1) : N=90, mean=0.466667 (+/-0.103647).
P1: N=45, mean=0.622222 (+/-0.143256).
P2: N=45, mean=0.311111 (+/-0.13679).
Game Durations: N=90, mean=15.277778 (+/-0.976439).
P1: N=45, mean=15.6 (+/-1.396222).
P2: N=45, mean=14.955556 (+/-1.374593).
=====================================================
=====================================================
Completed 100 games.

Agent 1 (EntropySHUCTAnytime)
Winning score (between 0 and 1) : N=100, mean=0.53 (+/-0.098314).
P1: N=50, mean=0.68 (+/-0.130611).
P2: N=50, mean=0.38 (+/-0.135905).
Game Durations: N=100, mean=15.27 (+/-0.923873).
P1: N=50, mean=14.76 (+/-1.287438).
P2: N=50, mean=15.78 (+/-1.32315).

Agent 2 (Example UCT)
Winning score (between 0 and 1) : N=100, mean=0.47 (+/-0.098314).
P1: N=50, mean=0.62 (+/-0.135905).
P2: N=50, mean=0.32 (+/-0.130611).
Game Durations: N=100, mean=15.27 (+/-0.923873).
P1: N=50, mean=15.78 (+/-1.32315).
P2: N=50, mean=14.76 (+/-1.287438).
=====================================================
