Warming up...
Finished warming up!
=====================================================
Completed 1 games.

Agent 1 (EntropySHUCTAnytime)
Winning score (between 0 and 1) : N=1, mean=1 (+/-0).
P1: N=0, mean=0 (+/-0).
P2: N=1, mean=1 (+/-0).
Game Durations: N=1, mean=12 (+/-0).
P1: N=0, mean=0 (+/-0).
P2: N=1, mean=12 (+/-0).

Agent 2 (Example UCT)
Winning score (between 0 and 1) : N=1, mean=0 (+/-0).
P1: N=1, mean=0 (+/-0).
P2: N=0, mean=0 (+/-0).
Game Durations: N=1, mean=12 (+/-0).
P1: N=1, mean=12 (+/-0).
P2: N=0, mean=0 (+/-0).
=====================================================
=====================================================
Completed 2 games.

Agent 1 (EntropySHUCTAnytime)
Winning score (between 0 and 1) : N=2, mean=0.5 (+/-0.97998).
P1: N=1, mean=0 (+/-0).
P2: N=1, mean=1 (+/-0).
Game Durations: N=2, mean=16 (+/-7.83984).
P1: N=1, mean=20 (+/-0).
P2: N=1, mean=12 (+/-0).

Agent 2 (Example UCT)
Winning score (between 0 and 1) : N=2, mean=0.5 (+/-0.97998).
P1: N=1, mean=0 (+/-0).
P2: N=1, mean=1 (+/-0).
Game Durations: N=2, mean=16 (+/-7.83984).
P1: N=1, mean=12 (+/-0).
P2: N=1, mean=20 (+/-0).
=====================================================
=====================================================
Completed 3 games.

Agent 1 (EntropySHUCTAnytime)
Winning score (between 0 and 1) : N=3, mean=0.666667 (+/-0.65332).
P1: N=1, mean=0 (+/-0).
P2: N=2, mean=1 (+/-0).
Game Durations: N=3, mean=14 (+/-5.987777).
P1: N=1, mean=20 (+/-0).
P2: N=2, mean=11 (+/-1.95996).

Agent 2 (Example UCT)
Winning score (between 0 and 1) : N=3, mean=0.333333 (+/-0.65332).
P1: N=2, mean=0 (+/-0).
P2: N=1, mean=1 (+/-0).
Game Durations: N=3, mean=14 (+/-5.987777).
P1: N=2, mean=11 (+/-1.95996).
P2: N=1, mean=20 (+/-0).
=====================================================
=====================================================
Completed 4 games.

Agent 1 (EntropySHUCTAnytime)
Winning score (between 0 and 1) : N=4, mean=0.5 (+/-0.565792).
P1: N=2, mean=0 (+/-0).
P2: N=2, mean=1 (+/-0).
Game Durations: N=4, mean=13.5 (+/-4.345929).
P1: N=2, mean=16 (+/-7.83984).
P2: N=2, mean=11 (+/-1.95996).

Agent 2 (Example UCT)
Winning score (between 0 and 1) : N=4, mean=0.5 (+/-0.565792).
P1: N=2, mean=0 (+/-0).
P2: N=2, mean=1 (+/-0).
Game Durations: N=4, mean=13.5 (+/-4.345929).
P1: N=2, mean=11 (+/-1.95996).
P2: N=2, mean=16 (+/-7.83984).
=====================================================
=====================================================
Completed 5 games.

Agent 1 (EntropySHUCTAnytime)
Winning score (between 0 and 1) : N=5, mean=0.6 (+/-0.48009).
P1: N=2, mean=0 (+/-0).
P2: N=3, mean=1 (+/-0).
Game Durations: N=5, mean=14.4 (+/-3.800503).
P1: N=2, mean=16 (+/-7.83984).
P2: N=3, mean=13.333333 (+/-4.711158).

Agent 2 (Example UCT)
Winning score (between 0 and 1) : N=5, mean=0.4 (+/-0.48009).
P1: N=3, mean=0 (+/-0).
P2: N=2, mean=1 (+/-0).
Game Durations: N=5, mean=14.4 (+/-3.800503).
P1: N=3, mean=13.333333 (+/-4.711158).
P2: N=2, mean=16 (+/-7.83984).
=====================================================
=====================================================
Completed 10 games.

Agent 1 (EntropySHUCTAnytime)
Winning score (between 0 and 1) : N=10, mean=0.5 (+/-0.32666).
P1: N=5, mean=0.4 (+/-0.48009).
P2: N=5, mean=0.6 (+/-0.48009).
Game Durations: N=10, mean=13.2 (+/-2.387972).
P1: N=5, mean=13.2 (+/-3.581958).
P2: N=5, mean=13.2 (+/-3.581958).

Agent 2 (Example UCT)
Winning score (between 0 and 1) : N=10, mean=0.5 (+/-0.32666).
P1: N=5, mean=0.4 (+/-0.48009).
P2: N=5, mean=0.6 (+/-0.48009).
Game Durations: N=10, mean=13.2 (+/-2.387972).
P1: N=5, mean=13.2 (+/-3.581958).
P2: N=5, mean=13.2 (+/-3.581958).
=====================================================
=====================================================
Completed 20 games.

Agent 1 (EntropySHUCTAnytime)
Winning score (between 0 and 1) : N=20, mean=0.6 (+/-0.22028).
P1: N=10, mean=0.6 (+/-0.32006).
P2: N=10, mean=0.6 (+/-0.32006).
Game Durations: N=20, mean=15 (+/-1.923517).
P1: N=10, mean=14.2 (+/-2.658619).
P2: N=10, mean=15.8 (+/-2.829713).

Agent 2 (Example UCT)
Winning score (between 0 and 1) : N=20, mean=0.4 (+/-0.22028).
P1: N=10, mean=0.4 (+/-0.32006).
P2: N=10, mean=0.4 (+/-0.32006).
Game Durations: N=20, mean=15 (+/-1.923517).
P1: N=10, mean=15.8 (+/-2.829713).
P2: N=10, mean=14.2 (+/-2.658619).
=====================================================
=====================================================
Completed 30 games.

Agent 1 (EntropySHUCTAnytime)
Winning score (between 0 and 1) : N=30, mean=0.533333 (+/-0.181573).
P1: N=15, mean=0.533333 (+/-0.261328).
P2: N=15, mean=0.533333 (+/-0.261328).
Game Durations: N=30, mean=15.5 (+/-1.648548).
P1: N=15, mean=16 (+/-2.537517).
P2: N=15, mean=15 (+/-2.164001).

Agent 2 (Example UCT)
Winning score (between 0 and 1) : N=30, mean=0.466667 (+/-0.181573).
P1: N=15, mean=0.466667 (+/-0.261328).
P2: N=15, mean=0.466667 (+/-0.261328).
Game Durations: N=30, mean=15.5 (+/-1.648548).
P1: N=15, mean=15 (+/-2.164001).
P2: N=15, mean=16 (+/-2.537517).
=====================================================
=====================================================
Completed 40 games.

Agent 1 (EntropySHUCTAnytime)
Winning score (between 0 and 1) : N=40, mean=0.525 (+/-0.156726).
P1: N=20, mean=0.6 (+/-0.22028).
P2: N=20, mean=0.45 (+/-0.223696).
Game Durations: N=40, mean=15.575 (+/-1.572183).
P1: N=20, mean=14.9 (+/-2.108546).
P2: N=20, mean=16.25 (+/-2.348834).

Agent 2 (Example UCT)
Winning score (between 0 and 1) : N=40, mean=0.475 (+/-0.156726).
P1: N=20, mean=0.55 (+/-0.223696).
P2: N=20, mean=0.4 (+/-0.22028).
Game Durations: N=40, mean=15.575 (+/-1.572183).
P1: N=20, mean=16.25 (+/-2.348834).
P2: N=20, mean=14.9 (+/-2.108546).
=====================================================
=====================================================
Completed 50 games.

Agent 1 (EntropySHUCTAnytime)
Winning score (between 0 and 1) : N=50, mean=0.48 (+/-0.139885).
P1: N=25, mean=0.56 (+/-0.198592).
P2: N=25, mean=0.4 (+/-0.195996).
Game Durations: N=50, mean=15.34 (+/-1.402892).
P1: N=25, mean=14.56 (+/-1.863096).
P2: N=25, mean=16.12 (+/-2.090583).

Agent 2 (Example UCT)
Winning score (between 0 and 1) : N=50, mean=0.52 (+/-0.139885).
P1: N=25, mean=0.6 (+/-0.195996).
P2: N=25, mean=0.44 (+/-0.198592).
Game Durations: N=50, mean=15.34 (+/-1.402892).
P1: N=25, mean=16.12 (+/-2.090583).
P2: N=25, mean=14.56 (+/-1.863096).
=====================================================
=====================================================
Completed 60 games.

Agent 1 (EntropySHUCTAnytime)
Winning score (between 0 and 1) : N=60, mean=0.5 (+/-0.127583).
P1: N=30, mean=0.6 (+/-0.178301).
P2: N=30, mean=0.4 (+/-0.178301).
Game Durations: N=60, mean=15.666667 (+/-1.274691).
P1: N=30, mean=15.2 (+/-1.854388).
P2: N=30, mean=16.133333 (+/-1.764923).

Agent 2 (Example UCT)
Winning score (between 0 and 1) : N=60, mean=0.5 (+/-0.127583).
P1: N=30, mean=0.6 (+/-0.178301).
P2: N=30, mean=0.4 (+/-0.178301).
Game Durations: N=60, mean=15.666667 (+/-1.274691).
P1: N=30, mean=16.133333 (+/-1.764923).
P2: N=30, mean=15.2 (+/-1.854388).
=====================================================
=====================================================
Completed 70 games.

Agent 1 (EntropySHUCTAnytime)
Winning score (between 0 and 1) : N=70, mean=0.514286 (+/-0.117928).
P1: N=35, mean=0.6 (+/-0.16467).
P2: N=35, mean=0.428571 (+/-0.166341).
Game Durations: N=70, mean=15.385714 (+/-1.133194).
P1: N=35, mean=14.942857 (+/-1.644622).
P2: N=35, mean=15.828571 (+/-1.569379).

Agent 2 (Example UCT)
Winning score (between 0 and 1) : N=70, mean=0.485714 (+/-0.117928).
P1: N=35, mean=0.571429 (+/-0.166341).
P2: N=35, mean=0.4 (+/-0.16467).
Game Durations: N=70, mean=15.385714 (+/-1.133194).
P1: N=35, mean=15.828571 (+/-1.569379).
P2: N=35, mean=14.942857 (+/-1.644622).
=====================================================
=====================================================
Completed 80 games.

Agent 1 (EntropySHUCTAnytime)
Winning score (between 0 and 1) : N=80, mean=0.5125 (+/-0.110222).
P1: N=40, mean=0.575 (+/-0.155147).
P2: N=40, mean=0.45 (+/-0.156136).
Game Durations: N=80, mean=15.2625 (+/-1.024105).
P1: N=40, mean=15.075 (+/-1.462644).
P2: N=40, mean=15.45 (+/-1.450068).

Agent 2 (Example UCT)
Winning score (between 0 and 1) : N=80, mean=0.4875 (+/-0.110222).
P1: N=40, mean=0.55 (+/-0.156136).
P2: N=40, mean=0.425 (+/-0.155147).
Game Durations: N=80, mean=15.2625 (+/-1.024105).
P1: N=40, mean=15.45 (+/-1.450068).
P2: N=40, mean=15.075 (+/-1.462644).
=====================================================
=====================================================
Completed 90 games.

Agent 1 (EntropySHUCTAnytime)
Winning score (between 0 and 1) : N=90, mean=0.522222 (+/-0.103775).
P1: N=45, mean=0.6 (+/-0.144753).
P2: N=45, mean=0.444444 (+/-0.146823).
Game Durations: N=90, mean=15.288889 (+/-0.941032).
P1: N=45, mean=15.088889 (+/-1.35736).
P2: N=45, mean=15.488889 (+/-1.316436).

Agent 2 (Example UCT)
Winning score (between 0 and 1) : N=90, mean=0.477778 (+/-0.103775).
P1: N=45, mean=0.555556 (+/-0.146823).
P2: N=45, mean=0.4 (+/-0.144753).
Game Durations: N=90, mean=15.288889 (+/-0.941032).
P1: N=45, mean=15.488889 (+/-1.316436).
P2: N=45, mean=15.088889 (+/-1.35736).
=====================================================
=====================================================
Completed 100 games.

Agent 1 (EntropySHUCTAnytime)
Winning score (between 0 and 1) : N=100, mean=0.52 (+/-0.098413).
P1: N=50, mean=0.62 (+/-0.135905).
P2: N=50, mean=0.42 (+/-0.138194).
Game Durations: N=100, mean=15.12 (+/-0.864611).
P1: N=50, mean=14.82 (+/-1.253036).
P2: N=50, mean=15.42 (+/-1.198546).

Agent 2 (Example UCT)
Winning score (between 0 and 1) : N=100, mean=0.48 (+/-0.098413).
P1: N=50, mean=0.58 (+/-0.138194).
P2: N=50, mean=0.38 (+/-0.135905).
Game Durations: N=100, mean=15.12 (+/-0.864611).
P1: N=50, mean=15.42 (+/-1.198546).
P2: N=50, mean=14.82 (+/-1.253036).
=====================================================
