Warming up...
Finished warming up!
=====================================================
Completed 1 games.

Agent 1 (EntropySHUCTAnytime)
Winning score (between 0 and 1) : N=1, mean=1 (+/-0).
P1: N=1, mean=1 (+/-0).
P2: N=0, mean=0 (+/-0).
Game Durations: N=1, mean=15 (+/-0).
P1: N=1, mean=15 (+/-0).
P2: N=0, mean=0 (+/-0).

Agent 2 (Example UCT)
Winning score (between 0 and 1) : N=1, mean=0 (+/-0).
P1: N=0, mean=0 (+/-0).
P2: N=1, mean=0 (+/-0).
Game Durations: N=1, mean=15 (+/-0).
P1: N=0, mean=0 (+/-0).
P2: N=1, mean=15 (+/-0).
=====================================================
=====================================================
Completed 2 games.

Agent 1 (EntropySHUCTAnytime)
Winning score (between 0 and 1) : N=2, mean=0.5 (+/-0.97998).
P1: N=1, mean=1 (+/-0).
P2: N=1, mean=0 (+/-0).
Game Durations: N=2, mean=14 (+/-1.95996).
P1: N=1, mean=15 (+/-0).
P2: N=1, mean=13 (+/-0).

Agent 2 (Example UCT)
Winning score (between 0 and 1) : N=2, mean=0.5 (+/-0.97998).
P1: N=1, mean=1 (+/-0).
P2: N=1, mean=0 (+/-0).
Game Durations: N=2, mean=14 (+/-1.95996).
P1: N=1, mean=13 (+/-0).
P2: N=1, mean=15 (+/-0).
=====================================================
=====================================================
Completed 3 games.

Agent 1 (EntropySHUCTAnytime)
Winning score (between 0 and 1) : N=3, mean=0.333333 (+/-0.65332).
P1: N=2, mean=0.5 (+/-0.97998).
P2: N=1, mean=0 (+/-0).
Game Durations: N=3, mean=16.666667 (+/-5.347655).
P1: N=2, mean=18.5 (+/-6.85986).
P2: N=1, mean=13 (+/-0).

Agent 2 (Example UCT)
Winning score (between 0 and 1) : N=3, mean=0.666667 (+/-0.65332).
P1: N=1, mean=1 (+/-0).
P2: N=2, mean=0.5 (+/-0.97998).
Game Durations: N=3, mean=16.666667 (+/-5.347655).
P1: N=1, mean=13 (+/-0).
P2: N=2, mean=18.5 (+/-6.85986).
=====================================================
=====================================================
Completed 4 games.

Agent 1 (EntropySHUCTAnytime)
Winning score (between 0 and 1) : N=4, mean=0.5 (+/-0.565792).
P1: N=2, mean=0.5 (+/-0.97998).
P2: N=2, mean=0.5 (+/-0.97998).
Game Durations: N=4, mean=15.5 (+/-4.418975).
P1: N=2, mean=18.5 (+/-6.85986).
P2: N=2, mean=12.5 (+/-0.97998).

Agent 2 (Example UCT)
Winning score (between 0 and 1) : N=4, mean=0.5 (+/-0.565792).
P1: N=2, mean=0.5 (+/-0.97998).
P2: N=2, mean=0.5 (+/-0.97998).
Game Durations: N=4, mean=15.5 (+/-4.418975).
P1: N=2, mean=12.5 (+/-0.97998).
P2: N=2, mean=18.5 (+/-6.85986).
=====================================================
=====================================================
Completed 5 games.

Agent 1 (EntropySHUCTAnytime)
Winning score (between 0 and 1) : N=5, mean=0.6 (+/-0.48009).
P1: N=3, mean=0.666667 (+/-0.65332).
P2: N=2, mean=0.5 (+/-0.97998).
Game Durations: N=5, mean=15.4 (+/-3.42853).
P1: N=3, mean=17.333333 (+/-4.57324).
P2: N=2, mean=12.5 (+/-0.97998).

Agent 2 (Example UCT)
Winning score (between 0 and 1) : N=5, mean=0.4 (+/-0.48009).
P1: N=2, mean=0.5 (+/-0.97998).
P2: N=3, mean=0.333333 (+/-0.65332).
Game Durations: N=5, mean=15.4 (+/-3.42853).
P1: N=2, mean=12.5 (+/-0.97998).
P2: N=3, mean=17.333333 (+/-4.57324).
=====================================================
=====================================================
Completed 10 games.

Agent 1 (EntropySHUCTAnytime)
Winning score (between 0 and 1) : N=10, mean=0.4 (+/-0.32006).
P1: N=5, mean=0.6 (+/-0.48009).
P2: N=5, mean=0.2 (+/-0.391992).
Game Durations: N=10, mean=14.3 (+/-1.917024).
P1: N=5, mean=15.4 (+/-3.42853).
P2: N=5, mean=13.2 (+/-1.567968).

Agent 2 (Example UCT)
Winning score (between 0 and 1) : N=10, mean=0.6 (+/-0.32006).
P1: N=5, mean=0.8 (+/-0.391992).
P2: N=5, mean=0.4 (+/-0.48009).
Game Durations: N=10, mean=14.3 (+/-1.917024).
P1: N=5, mean=13.2 (+/-1.567968).
P2: N=5, mean=15.4 (+/-3.42853).
=====================================================
=====================================================
Completed 20 games.

Agent 1 (EntropySHUCTAnytime)
Winning score (between 0 and 1) : N=20, mean=0.5 (+/-0.224823).
P1: N=10, mean=0.6 (+/-0.32006).
P2: N=10, mean=0.4 (+/-0.32006).
Game Durations: N=20, mean=13.7 (+/-1.164747).
P1: N=10, mean=14.6 (+/-1.875381).
P2: N=10, mean=12.8 (+/-1.232682).

Agent 2 (Example UCT)
Winning score (between 0 and 1) : N=20, mean=0.5 (+/-0.224823).
P1: N=10, mean=0.6 (+/-0.32006).
P2: N=10, mean=0.4 (+/-0.32006).
Game Durations: N=20, mean=13.7 (+/-1.164747).
P1: N=10, mean=12.8 (+/-1.232682).
P2: N=10, mean=14.6 (+/-1.875381).
=====================================================
=====================================================
Completed 30 games.

Agent 1 (EntropySHUCTAnytime)
Winning score (between 0 and 1) : N=30, mean=0.466667 (+/-0.181573).
P1: N=15, mean=0.466667 (+/-0.261328).
P2: N=15, mean=0.466667 (+/-0.261328).
Game Durations: N=30, mean=15.7 (+/-1.691904).
P1: N=15, mean=16.866667 (+/-2.887307).
P2: N=15, mean=14.533333 (+/-1.666012).

Agent 2 (Example UCT)
Winning score (between 0 and 1) : N=30, mean=0.533333 (+/-0.181573).
P1: N=15, mean=0.533333 (+/-0.261328).
P2: N=15, mean=0.533333 (+/-0.261328).
Game Durations: N=30, mean=15.7 (+/-1.691904).
P1: N=15, mean=14.533333 (+/-1.666012).
P2: N=15, mean=16.866667 (+/-2.887307).
=====================================================
=====================================================
Completed 40 games.

Agent 1 (EntropySHUCTAnytime)
Winning score (between 0 and 1) : N=40, mean=0.45 (+/-0.156136).
P1: N=20, mean=0.5 (+/-0.224823).
P2: N=20, mean=0.4 (+/-0.22028).
Game Durations: N=40, mean=15.45 (+/-1.419172).
P1: N=20, mean=16 (+/-2.366521).
P2: N=20, mean=14.9 (+/-1.59545).

Agent 2 (Example UCT)
Winning score (between 0 and 1) : N=40, mean=0.55 (+/-0.156136).
P1: N=20, mean=0.6 (+/-0.22028).
P2: N=20, mean=0.5 (+/-0.224823).
Game Durations: N=40, mean=15.45 (+/-1.419172).
P1: N=20, mean=14.9 (+/-1.59545).
P2: N=20, mean=16 (+/-2.366521).
=====================================================
=====================================================
Completed 50 games.

Agent 1 (EntropySHUCTAnytime)
Winning score (between 0 and 1) : N=50, mean=0.46 (+/-0.139548).
P1: N=25, mean=0.56 (+/-0.198592).
P2: N=25, mean=0.36 (+/-0.192036).
Game Durations: N=50, mean=15.08 (+/-1.366923).
P1: N=25, mean=16.24 (+/-2.206675).
P2: N=25, mean=13.92 (+/-1.526254).

Agent 2 (Example UCT)
Winning score (between 0 and 1) : N=50, mean=0.54 (+/-0.139548).
P1: N=25, mean=0.64 (+/-0.192036).
P2: N=25, mean=0.44 (+/-0.198592).
Game Durations: N=50, mean=15.08 (+/-1.366923).
P1: N=25, mean=13.92 (+/-1.526254).
P2: N=25, mean=16.24 (+/-2.206675).
=====================================================
=====================================================
Completed 60 games.

Agent 1 (EntropySHUCTAnytime)
Winning score (between 0 and 1) : N=60, mean=0.483333 (+/-0.127512).
P1: N=30, mean=0.566667 (+/-0.180353).
P2: N=30, mean=0.4 (+/-0.178301).
Game Durations: N=60, mean=14.916667 (+/-1.250302).
P1: N=30, mean=15.9 (+/-2.072416).
P2: N=30, mean=13.933333 (+/-1.345268).

Agent 2 (Example UCT)
Winning score (between 0 and 1) : N=60, mean=0.516667 (+/-0.127512).
P1: N=30, mean=0.6 (+/-0.178301).
P2: N=30, mean=0.433333 (+/-0.180353).
Game Durations: N=60, mean=14.916667 (+/-1.250302).
P1: N=30, mean=13.933333 (+/-1.345268).
P2: N=30, mean=15.9 (+/-2.072416).
=====================================================
=====================================================
Completed 70 games.

Agent 1 (EntropySHUCTAnytime)
Winning score (between 0 and 1) : N=70, mean=0.485714 (+/-0.117928).
P1: N=35, mean=0.542857 (+/-0.167447).
P2: N=35, mean=0.428571 (+/-0.166341).
Game Durations: N=70, mean=15.071429 (+/-1.152698).
P1: N=35, mean=15.971429 (+/-1.866288).
P2: N=35, mean=14.171429 (+/-1.314132).

Agent 2 (Example UCT)
Winning score (between 0 and 1) : N=70, mean=0.514286 (+/-0.117928).
P1: N=35, mean=0.571429 (+/-0.166341).
P2: N=35, mean=0.457143 (+/-0.167447).
Game Durations: N=70, mean=15.071429 (+/-1.152698).
P1: N=35, mean=14.171429 (+/-1.314132).
P2: N=35, mean=15.971429 (+/-1.866288).
=====================================================
=====================================================
Completed 80 games.

Agent 1 (EntropySHUCTAnytime)
Winning score (between 0 and 1) : N=80, mean=0.4875 (+/-0.110222).
P1: N=40, mean=0.525 (+/-0.156726).
P2: N=40, mean=0.45 (+/-0.156136).
Game Durations: N=80, mean=15.4125 (+/-1.203611).
P1: N=40, mean=16.525 (+/-1.946075).
P2: N=40, mean=14.3 (+/-1.355722).

Agent 2 (Example UCT)
Winning score (between 0 and 1) : N=80, mean=0.5125 (+/-0.110222).
P1: N=40, mean=0.55 (+/-0.156136).
P2: N=40, mean=0.475 (+/-0.156726).
Game Durations: N=80, mean=15.4125 (+/-1.203611).
P1: N=40, mean=14.3 (+/-1.355722).
P2: N=40, mean=16.525 (+/-1.946075).
=====================================================
=====================================================
Completed 90 games.

Agent 1 (EntropySHUCTAnytime)
Winning score (between 0 and 1) : N=90, mean=0.488889 (+/-0.103852).
P1: N=45, mean=0.555556 (+/-0.146823).
P2: N=45, mean=0.422222 (+/-0.145939).
Game Durations: N=90, mean=15.477778 (+/-1.093752).
P1: N=45, mean=16.422222 (+/-1.749151).
P2: N=45, mean=14.533333 (+/-1.274469).

Agent 2 (Example UCT)
Winning score (between 0 and 1) : N=90, mean=0.511111 (+/-0.103852).
P1: N=45, mean=0.577778 (+/-0.145939).
P2: N=45, mean=0.444444 (+/-0.146823).
Game Durations: N=90, mean=15.477778 (+/-1.093752).
P1: N=45, mean=14.533333 (+/-1.274469).
P2: N=45, mean=16.422222 (+/-1.749151).
=====================================================
=====================================================
Completed 100 games.

Agent 1 (EntropySHUCTAnytime)
Winning score (between 0 and 1) : N=100, mean=0.5 (+/-0.098492).
P1: N=50, mean=0.56 (+/-0.138986).
P2: N=50, mean=0.44 (+/-0.138986).
Game Durations: N=100, mean=15.54 (+/-1.026365).
P1: N=50, mean=16.24 (+/-1.594306).
P2: N=50, mean=14.84 (+/-1.279865).

Agent 2 (Example UCT)
Winning score (between 0 and 1) : N=100, mean=0.5 (+/-0.098492).
P1: N=50, mean=0.56 (+/-0.138986).
P2: N=50, mean=0.44 (+/-0.138986).
Game Durations: N=100, mean=15.54 (+/-1.026365).
P1: N=50, mean=14.84 (+/-1.279865).
P2: N=50, mean=16.24 (+/-1.594306).
=====================================================
