Warming up...
Finished warming up!
=====================================================
Completed 1 games.

Agent 1 (EntropySHUCTAnytime)
Winning score (between 0 and 1) : N=1, mean=1 (+/-0).
P1: N=0, mean=0 (+/-0).
P2: N=1, mean=1 (+/-0).
Game Durations: N=1, mean=132 (+/-0).
P1: N=0, mean=0 (+/-0).
P2: N=1, mean=132 (+/-0).

Agent 2 (Example UCT)
Winning score (between 0 and 1) : N=1, mean=0 (+/-0).
P1: N=1, mean=0 (+/-0).
P2: N=0, mean=0 (+/-0).
Game Durations: N=1, mean=132 (+/-0).
P1: N=1, mean=132 (+/-0).
P2: N=0, mean=0 (+/-0).
=====================================================
=====================================================
Completed 2 games.

Agent 1 (EntropySHUCTAnytime)
Winning score (between 0 and 1) : N=2, mean=1 (+/-0).
P1: N=1, mean=1 (+/-0).
P2: N=1, mean=1 (+/-0).
Game Durations: N=2, mean=129 (+/-5.87988).
P1: N=1, mean=126 (+/-0).
P2: N=1, mean=132 (+/-0).

Agent 2 (Example UCT)
Winning score (between 0 and 1) : N=2, mean=0 (+/-0).
P1: N=1, mean=0 (+/-0).
P2: N=1, mean=0 (+/-0).
Game Durations: N=2, mean=129 (+/-5.87988).
P1: N=1, mean=132 (+/-0).
P2: N=1, mean=126 (+/-0).
=====================================================
=====================================================
Completed 3 games.

Agent 1 (EntropySHUCTAnytime)
Winning score (between 0 and 1) : N=3, mean=1 (+/-0).
P1: N=1, mean=1 (+/-0).
P2: N=2, mean=1 (+/-0).
Game Durations: N=3, mean=120.666667 (+/-16.682063).
P1: N=1, mean=126 (+/-0).
P2: N=2, mean=118 (+/-27.43944).

Agent 2 (Example UCT)
Winning score (between 0 and 1) : N=3, mean=0 (+/-0).
P1: N=2, mean=0 (+/-0).
P2: N=1, mean=0 (+/-0).
Game Durations: N=3, mean=120.666667 (+/-16.682063).
P1: N=2, mean=118 (+/-27.43944).
P2: N=1, mean=126 (+/-0).
=====================================================
=====================================================
Completed 4 games.

Agent 1 (EntropySHUCTAnytime)
Winning score (between 0 and 1) : N=4, mean=1 (+/-0).
P1: N=2, mean=1 (+/-0).
P2: N=2, mean=1 (+/-0).
Game Durations: N=4, mean=121 (+/-11.814078).
P1: N=2, mean=124 (+/-3.91992).
P2: N=2, mean=118 (+/-27.43944).

Agent 2 (Example UCT)
Winning score (between 0 and 1) : N=4, mean=0 (+/-0).
P1: N=2, mean=0 (+/-0).
P2: N=2, mean=0 (+/-0).
Game Durations: N=4, mean=121 (+/-11.814078).
P1: N=2, mean=118 (+/-27.43944).
P2: N=2, mean=124 (+/-3.91992).
=====================================================
=====================================================
Completed 5 games.

Agent 1 (EntropySHUCTAnytime)
Winning score (between 0 and 1) : N=5, mean=1 (+/-0).
P1: N=2, mean=1 (+/-0).
P2: N=3, mean=1 (+/-0).
Game Durations: N=5, mean=120.8 (+/-9.159537).
P1: N=2, mean=124 (+/-3.91992).
P2: N=3, mean=118.666667 (+/-15.895962).

Agent 2 (Example UCT)
Winning score (between 0 and 1) : N=5, mean=0 (+/-0).
P1: N=3, mean=0 (+/-0).
P2: N=2, mean=0 (+/-0).
Game Durations: N=5, mean=120.8 (+/-9.159537).
P1: N=3, mean=118.666667 (+/-15.895962).
P2: N=2, mean=124 (+/-3.91992).
=====================================================
=====================================================
Completed 10 games.

Agent 1 (EntropySHUCTAnytime)
Winning score (between 0 and 1) : N=10, mean=1 (+/-0).
P1: N=5, mean=1 (+/-0).
P2: N=5, mean=1 (+/-0).
Game Durations: N=10, mean=115 (+/-8.206906).
P1: N=5, mean=109.2 (+/-12.494649).
P2: N=5, mean=120.8 (+/-9.075271).

Agent 2 (Example UCT)
Winning score (between 0 and 1) : N=10, mean=0 (+/-0).
P1: N=5, mean=0 (+/-0).
P2: N=5, mean=0 (+/-0).
Game Durations: N=10, mean=115 (+/-8.206906).
P1: N=5, mean=120.8 (+/-9.075271).
P2: N=5, mean=109.2 (+/-12.494649).
=====================================================
=====================================================
Completed 20 games.

Agent 1 (EntropySHUCTAnytime)
Winning score (between 0 and 1) : N=20, mean=1 (+/-0).
P1: N=10, mean=1 (+/-0).
P2: N=10, mean=1 (+/-0).
Game Durations: N=20, mean=115.4 (+/-6.908173).
P1: N=10, mean=112 (+/-11.406002).
P2: N=10, mean=118.8 (+/-7.844194).

Agent 2 (Example UCT)
Winning score (between 0 and 1) : N=20, mean=0 (+/-0).
P1: N=10, mean=0 (+/-0).
P2: N=10, mean=0 (+/-0).
Game Durations: N=20, mean=115.4 (+/-6.908173).
P1: N=10, mean=118.8 (+/-7.844194).
P2: N=10, mean=112 (+/-11.406002).
=====================================================
=====================================================
Completed 30 games.

Agent 1 (EntropySHUCTAnytime)
Winning score (between 0 and 1) : N=30, mean=1 (+/-0).
P1: N=15, mean=1 (+/-0).
P2: N=15, mean=1 (+/-0).
Game Durations: N=30, mean=114.866667 (+/-5.65927).
P1: N=15, mean=111.066667 (+/-9.002957).
P2: N=15, mean=118.666667 (+/-6.611134).

Agent 2 (Example UCT)
Winning score (between 0 and 1) : N=30, mean=0 (+/-0).
P1: N=15, mean=0 (+/-0).
P2: N=15, mean=0 (+/-0).
Game Durations: N=30, mean=114.866667 (+/-5.65927).
P1: N=15, mean=118.666667 (+/-6.611134).
P2: N=15, mean=111.066667 (+/-9.002957).
=====================================================
=====================================================
Completed 40 games.

Agent 1 (EntropySHUCTAnytime)
Winning score (between 0 and 1) : N=40, mean=1 (+/-0).
P1: N=20, mean=1 (+/-0).
P2: N=20, mean=1 (+/-0).
Game Durations: N=40, mean=114.6 (+/-5.51903).
P1: N=20, mean=109.8 (+/-8.819935).
P2: N=20, mean=119.4 (+/-6.159325).

Agent 2 (Example UCT)
Winning score (between 0 and 1) : N=40, mean=0 (+/-0).
P1: N=20, mean=0 (+/-0).
P2: N=20, mean=0 (+/-0).
Game Durations: N=40, mean=114.6 (+/-5.51903).
P1: N=20, mean=119.4 (+/-6.159325).
P2: N=20, mean=109.8 (+/-8.819935).
=====================================================
=====================================================
Completed 50 games.

Agent 1 (EntropySHUCTAnytime)
Winning score (between 0 and 1) : N=50, mean=1 (+/-0).
P1: N=25, mean=1 (+/-0).
P2: N=25, mean=1 (+/-0).
Game Durations: N=50, mean=116.04 (+/-4.867058).
P1: N=25, mean=111.6 (+/-7.382227).
P2: N=25, mean=120.48 (+/-5.993249).

Agent 2 (Example UCT)
Winning score (between 0 and 1) : N=50, mean=0 (+/-0).
P1: N=25, mean=0 (+/-0).
P2: N=25, mean=0 (+/-0).
Game Durations: N=50, mean=116.04 (+/-4.867058).
P1: N=25, mean=120.48 (+/-5.993249).
P2: N=25, mean=111.6 (+/-7.382227).
=====================================================
=====================================================
Completed 60 games.

Agent 1 (EntropySHUCTAnytime)
Winning score (between 0 and 1) : N=60, mean=1 (+/-0).
P1: N=30, mean=1 (+/-0).
P2: N=30, mean=1 (+/-0).
Game Durations: N=60, mean=118.333333 (+/-4.568492).
P1: N=30, mean=114.933333 (+/-7.158572).
P2: N=30, mean=121.733333 (+/-5.533187).

Agent 2 (Example UCT)
Winning score (between 0 and 1) : N=60, mean=0 (+/-0).
P1: N=30, mean=0 (+/-0).
P2: N=30, mean=0 (+/-0).
Game Durations: N=60, mean=118.333333 (+/-4.568492).
P1: N=30, mean=121.733333 (+/-5.533187).
P2: N=30, mean=114.933333 (+/-7.158572).
=====================================================
=====================================================
Completed 70 games.

Agent 1 (EntropySHUCTAnytime)
Winning score (between 0 and 1) : N=70, mean=1 (+/-0).
P1: N=35, mean=1 (+/-0).
P2: N=35, mean=1 (+/-0).
Game Durations: N=70, mean=119.742857 (+/-4.378371).
P1: N=35, mean=116.742857 (+/-7.163529).
P2: N=35, mean=122.742857 (+/-4.945536).

Agent 2 (Example UCT)
Winning score (between 0 and 1) : N=70, mean=0 (+/-0).
P1: N=35, mean=0 (+/-0).
P2: N=35, mean=0 (+/-0).
Game Durations: N=70, mean=119.742857 (+/-4.378371).
P1: N=35, mean=122.742857 (+/-4.945536).
P2: N=35, mean=116.742857 (+/-7.163529).
=====================================================
=====================================================
Completed 80 games.

Agent 1 (EntropySHUCTAnytime)
Winning score (between 0 and 1) : N=80, mean=1 (+/-0).
P1: N=40, mean=1 (+/-0).
P2: N=40, mean=1 (+/-0).
Game Durations: N=80, mean=120.1 (+/-4.006966).
P1: N=40, mean=117.7 (+/-6.452621).
P2: N=40, mean=122.5 (+/-4.719687).

Agent 2 (Example UCT)
Winning score (between 0 and 1) : N=80, mean=0 (+/-0).
P1: N=40, mean=0 (+/-0).
P2: N=40, mean=0 (+/-0).
Game Durations: N=80, mean=120.1 (+/-4.006966).
P1: N=40, mean=122.5 (+/-4.719687).
P2: N=40, mean=117.7 (+/-6.452621).
=====================================================
=====================================================
Completed 90 games.

Agent 1 (EntropySHUCTAnytime)
Winning score (between 0 and 1) : N=90, mean=1 (+/-0).
P1: N=45, mean=1 (+/-0).
P2: N=45, mean=1 (+/-0).
Game Durations: N=90, mean=121.355556 (+/-3.819198).
P1: N=45, mean=119.333333 (+/-6.08803).
P2: N=45, mean=123.377778 (+/-4.607596).

Agent 2 (Example UCT)
Winning score (between 0 and 1) : N=90, mean=0 (+/-0).
P1: N=45, mean=0 (+/-0).
P2: N=45, mean=0 (+/-0).
Game Durations: N=90, mean=121.355556 (+/-3.819198).
P1: N=45, mean=123.377778 (+/-4.607596).
P2: N=45, mean=119.333333 (+/-6.08803).
=====================================================
=====================================================
Completed 100 games.

Agent 1 (EntropySHUCTAnytime)
Winning score (between 0 and 1) : N=100, mean=1 (+/-0).
P1: N=50, mean=1 (+/-0).
P2: N=50, mean=1 (+/-0).
Game Durations: N=100, mean=121.2 (+/-3.648822).
P1: N=50, mean=119.44 (+/-5.612237).
P2: N=50, mean=122.96 (+/-4.670775).

Agent 2 (Example UCT)
Winning score (between 0 and 1) : N=100, mean=0 (+/-0).
P1: N=50, mean=0 (+/-0).
P2: N=50, mean=0 (+/-0).
Game Durations: N=100, mean=121.2 (+/-3.648822).
P1: N=50, mean=122.96 (+/-4.670775).
P2: N=50, mean=119.44 (+/-5.612237).
=====================================================
