Warming up...
Finished warming up!
=====================================================
Completed 1 games.

Agent 1 (RegressionTreeSHUCTAny)
Winning score (between 0 and 1) : N=1, mean=1 (+/-0).
P1: N=0, mean=0 (+/-0).
P2: N=1, mean=1 (+/-0).
Game Durations: N=1, mean=176 (+/-0).
P1: N=0, mean=0 (+/-0).
P2: N=1, mean=176 (+/-0).

Agent 2 (SHUCTAnyTime)
Winning score (between 0 and 1) : N=1, mean=0 (+/-0).
P1: N=1, mean=0 (+/-0).
P2: N=0, mean=0 (+/-0).
Game Durations: N=1, mean=176 (+/-0).
P1: N=1, mean=176 (+/-0).
P2: N=0, mean=0 (+/-0).
=====================================================
=====================================================
Completed 2 games.

Agent 1 (RegressionTreeSHUCTAny)
Winning score (between 0 and 1) : N=2, mean=1 (+/-0).
P1: N=1, mean=1 (+/-0).
P2: N=1, mean=1 (+/-0).
Game Durations: N=2, mean=173 (+/-5.87988).
P1: N=1, mean=170 (+/-0).
P2: N=1, mean=176 (+/-0).

Agent 2 (SHUCTAnyTime)
Winning score (between 0 and 1) : N=2, mean=0 (+/-0).
P1: N=1, mean=0 (+/-0).
P2: N=1, mean=0 (+/-0).
Game Durations: N=2, mean=173 (+/-5.87988).
P1: N=1, mean=176 (+/-0).
P2: N=1, mean=170 (+/-0).
=====================================================
=====================================================
Completed 3 games.

Agent 1 (RegressionTreeSHUCTAny)
Winning score (between 0 and 1) : N=3, mean=0.666667 (+/-0.65332).
P1: N=1, mean=1 (+/-0).
P2: N=2, mean=0.5 (+/-0.97998).
Game Durations: N=3, mean=157.333333 (+/-30.893126).
P1: N=1, mean=170 (+/-0).
P2: N=2, mean=151 (+/-48.999).

Agent 2 (SHUCTAnyTime)
Winning score (between 0 and 1) : N=3, mean=0.333333 (+/-0.65332).
P1: N=2, mean=0.5 (+/-0.97998).
P2: N=1, mean=0 (+/-0).
Game Durations: N=3, mean=157.333333 (+/-30.893126).
P1: N=2, mean=151 (+/-48.999).
P2: N=1, mean=170 (+/-0).
=====================================================
=====================================================
Completed 4 games.

Agent 1 (RegressionTreeSHUCTAny)
Winning score (between 0 and 1) : N=4, mean=0.5 (+/-0.565792).
P1: N=2, mean=0.5 (+/-0.97998).
P2: N=2, mean=0.5 (+/-0.97998).
Game Durations: N=4, mean=157 (+/-21.854506).
P1: N=2, mean=163 (+/-13.71972).
P2: N=2, mean=151 (+/-48.999).

Agent 2 (SHUCTAnyTime)
Winning score (between 0 and 1) : N=4, mean=0.5 (+/-0.565792).
P1: N=2, mean=0.5 (+/-0.97998).
P2: N=2, mean=0.5 (+/-0.97998).
Game Durations: N=4, mean=157 (+/-21.854506).
P1: N=2, mean=151 (+/-48.999).
P2: N=2, mean=163 (+/-13.71972).
=====================================================
=====================================================
Completed 5 games.

Agent 1 (RegressionTreeSHUCTAny)
Winning score (between 0 and 1) : N=5, mean=0.6 (+/-0.48009).
P1: N=2, mean=0.5 (+/-0.97998).
P2: N=3, mean=0.666667 (+/-0.65332).
Game Durations: N=5, mean=151.2 (+/-20.391121).
P1: N=2, mean=163 (+/-13.71972).
P2: N=3, mean=143.333333 (+/-32.032673).

Agent 2 (SHUCTAnyTime)
Winning score (between 0 and 1) : N=5, mean=0.4 (+/-0.48009).
P1: N=3, mean=0.333333 (+/-0.65332).
P2: N=2, mean=0.5 (+/-0.97998).
Game Durations: N=5, mean=151.2 (+/-20.391121).
P1: N=3, mean=143.333333 (+/-32.032673).
P2: N=2, mean=163 (+/-13.71972).
=====================================================
=====================================================
Completed 10 games.

Agent 1 (RegressionTreeSHUCTAny)
Winning score (between 0 and 1) : N=10, mean=0.4 (+/-0.32006).
P1: N=5, mean=0.2 (+/-0.391992).
P2: N=5, mean=0.6 (+/-0.48009).
Game Durations: N=10, mean=153.8 (+/-12.081298).
P1: N=5, mean=153.2 (+/-12.977244).
P2: N=5, mean=154.4 (+/-22.084149).

Agent 2 (SHUCTAnyTime)
Winning score (between 0 and 1) : N=10, mean=0.6 (+/-0.32006).
P1: N=5, mean=0.4 (+/-0.48009).
P2: N=5, mean=0.8 (+/-0.391992).
Game Durations: N=10, mean=153.8 (+/-12.081298).
P1: N=5, mean=154.4 (+/-22.084149).
P2: N=5, mean=153.2 (+/-12.977244).
=====================================================
=====================================================
Completed 20 games.

Agent 1 (RegressionTreeSHUCTAny)
Winning score (between 0 and 1) : N=20, mean=0.3 (+/-0.206054).
P1: N=10, mean=0.1 (+/-0.195996).
P2: N=10, mean=0.5 (+/-0.32666).
Game Durations: N=20, mean=153.4 (+/-8.820851).
P1: N=10, mean=156.6 (+/-11.210484).
P2: N=10, mean=150.2 (+/-13.932116).

Agent 2 (SHUCTAnyTime)
Winning score (between 0 and 1) : N=20, mean=0.7 (+/-0.206054).
P1: N=10, mean=0.5 (+/-0.32666).
P2: N=10, mean=0.9 (+/-0.195996).
Game Durations: N=20, mean=153.4 (+/-8.820851).
P1: N=10, mean=150.2 (+/-13.932116).
P2: N=10, mean=156.6 (+/-11.210484).
=====================================================
=====================================================
Completed 30 games.

Agent 1 (RegressionTreeSHUCTAny)
Winning score (between 0 and 1) : N=30, mean=0.433333 (+/-0.180353).
P1: N=15, mean=0.2 (+/-0.209529).
P2: N=15, mean=0.666667 (+/-0.246932).
Game Durations: N=30, mean=152.933333 (+/-6.646836).
P1: N=15, mean=155.6 (+/-8.899415).
P2: N=15, mean=150.266667 (+/-9.996558).

Agent 2 (SHUCTAnyTime)
Winning score (between 0 and 1) : N=30, mean=0.566667 (+/-0.180353).
P1: N=15, mean=0.333333 (+/-0.246932).
P2: N=15, mean=0.8 (+/-0.209529).
Game Durations: N=30, mean=152.933333 (+/-6.646836).
P1: N=15, mean=150.266667 (+/-9.996558).
P2: N=15, mean=155.6 (+/-8.899415).
=====================================================
=====================================================
Completed 40 games.

Agent 1 (RegressionTreeSHUCTAny)
Winning score (between 0 and 1) : N=40, mean=0.425 (+/-0.155147).
P1: N=20, mean=0.25 (+/-0.194702).
P2: N=20, mean=0.6 (+/-0.22028).
Game Durations: N=40, mean=153.25 (+/-5.939362).
P1: N=20, mean=156.3 (+/-8.054935).
P2: N=20, mean=150.2 (+/-8.72776).

Agent 2 (SHUCTAnyTime)
Winning score (between 0 and 1) : N=40, mean=0.575 (+/-0.155147).
P1: N=20, mean=0.4 (+/-0.22028).
P2: N=20, mean=0.75 (+/-0.194702).
Game Durations: N=40, mean=153.25 (+/-5.939362).
P1: N=20, mean=150.2 (+/-8.72776).
P2: N=20, mean=156.3 (+/-8.054935).
=====================================================
=====================================================
Completed 50 games.

Agent 1 (RegressionTreeSHUCTAny)
Winning score (between 0 and 1) : N=50, mean=0.46 (+/-0.139548).
P1: N=25, mean=0.32 (+/-0.186626).
P2: N=25, mean=0.6 (+/-0.195996).
Game Durations: N=50, mean=153.36 (+/-5.094899).
P1: N=25, mean=156.32 (+/-6.907962).
P2: N=25, mean=150.4 (+/-7.447848).

Agent 2 (SHUCTAnyTime)
Winning score (between 0 and 1) : N=50, mean=0.54 (+/-0.139548).
P1: N=25, mean=0.4 (+/-0.195996).
P2: N=25, mean=0.68 (+/-0.186626).
Game Durations: N=50, mean=153.36 (+/-5.094899).
P1: N=25, mean=150.4 (+/-7.447848).
P2: N=25, mean=156.32 (+/-6.907962).
=====================================================
=====================================================
Completed 60 games.

Agent 1 (RegressionTreeSHUCTAny)
Winning score (between 0 and 1) : N=60, mean=0.45 (+/-0.126943).
P1: N=30, mean=0.333333 (+/-0.17157).
P2: N=30, mean=0.566667 (+/-0.180353).
Game Durations: N=60, mean=153.633333 (+/-4.641378).
P1: N=30, mean=156.533333 (+/-6.031664).
P2: N=30, mean=150.733333 (+/-7.003303).

Agent 2 (SHUCTAnyTime)
Winning score (between 0 and 1) : N=60, mean=0.55 (+/-0.126943).
P1: N=30, mean=0.433333 (+/-0.180353).
P2: N=30, mean=0.666667 (+/-0.17157).
Game Durations: N=60, mean=153.633333 (+/-4.641378).
P1: N=30, mean=150.733333 (+/-7.003303).
P2: N=30, mean=156.533333 (+/-6.031664).
=====================================================
=====================================================
Completed 70 games.

Agent 1 (RegressionTreeSHUCTAny)
Winning score (between 0 and 1) : N=70, mean=0.442857 (+/-0.117203).
P1: N=35, mean=0.342857 (+/-0.159549).
P2: N=35, mean=0.542857 (+/-0.167447).
Game Durations: N=70, mean=153.142857 (+/-4.337234).
P1: N=35, mean=154.628571 (+/-5.873335).
P2: N=35, mean=151.657143 (+/-6.431026).

Agent 2 (SHUCTAnyTime)
Winning score (between 0 and 1) : N=70, mean=0.557143 (+/-0.117203).
P1: N=35, mean=0.457143 (+/-0.167447).
P2: N=35, mean=0.657143 (+/-0.159549).
Game Durations: N=70, mean=153.142857 (+/-4.337234).
P1: N=35, mean=151.657143 (+/-6.431026).
P2: N=35, mean=154.628571 (+/-5.873335).
=====================================================
=====================================================
Completed 80 games.

Agent 1 (RegressionTreeSHUCTAny)
Winning score (between 0 and 1) : N=80, mean=0.4375 (+/-0.109392).
P1: N=40, mean=0.35 (+/-0.149694).
P2: N=40, mean=0.525 (+/-0.156726).
Game Durations: N=80, mean=153.575 (+/-4.077813).
P1: N=40, mean=154.3 (+/-5.480255).
P2: N=40, mean=152.85 (+/-6.101658).

Agent 2 (SHUCTAnyTime)
Winning score (between 0 and 1) : N=80, mean=0.5625 (+/-0.109392).
P1: N=40, mean=0.475 (+/-0.156726).
P2: N=40, mean=0.65 (+/-0.149694).
Game Durations: N=80, mean=153.575 (+/-4.077813).
P1: N=40, mean=152.85 (+/-6.101658).
P2: N=40, mean=154.3 (+/-5.480255).
=====================================================
=====================================================
Completed 90 games.

Agent 1 (RegressionTreeSHUCTAny)
Winning score (between 0 and 1) : N=90, mean=0.433333 (+/-0.10295).
P1: N=45, mean=0.377778 (+/-0.143256).
P2: N=45, mean=0.488889 (+/-0.147701).
Game Durations: N=90, mean=152.533333 (+/-3.810636).
P1: N=45, mean=153.288889 (+/-5.123319).
P2: N=45, mean=151.777778 (+/-5.691726).

Agent 2 (SHUCTAnyTime)
Winning score (between 0 and 1) : N=90, mean=0.566667 (+/-0.10295).
P1: N=45, mean=0.511111 (+/-0.147701).
P2: N=45, mean=0.622222 (+/-0.143256).
Game Durations: N=90, mean=152.533333 (+/-3.810636).
P1: N=45, mean=151.777778 (+/-5.691726).
P2: N=45, mean=153.288889 (+/-5.123319).
=====================================================
=====================================================
Completed 100 games.

Agent 1 (RegressionTreeSHUCTAny)
Winning score (between 0 and 1) : N=100, mean=0.42 (+/-0.097223).
P1: N=50, mean=0.38 (+/-0.135905).
P2: N=50, mean=0.46 (+/-0.139548).
Game Durations: N=100, mean=153.24 (+/-3.609811).
P1: N=50, mean=154.12 (+/-4.899065).
P2: N=50, mean=152.36 (+/-5.341587).

Agent 2 (SHUCTAnyTime)
Winning score (between 0 and 1) : N=100, mean=0.58 (+/-0.097223).
P1: N=50, mean=0.54 (+/-0.139548).
P2: N=50, mean=0.62 (+/-0.135905).
Game Durations: N=100, mean=153.24 (+/-3.609811).
P1: N=50, mean=152.36 (+/-5.341587).
P2: N=50, mean=154.12 (+/-4.899065).
=====================================================
