Warming up...
Finished warming up!
=====================================================
Completed 1 games.

Agent 1 (EntropySHUCTAnytime)
Winning score (between 0 and 1) : N=1, mean=0 (+/-0).
P1: N=0, mean=0 (+/-0).
P2: N=1, mean=0 (+/-0).
Game Durations: N=1, mean=43 (+/-0).
P1: N=0, mean=0 (+/-0).
P2: N=1, mean=43 (+/-0).

Agent 2 (Example UCT)
Winning score (between 0 and 1) : N=1, mean=1 (+/-0).
P1: N=1, mean=1 (+/-0).
P2: N=0, mean=0 (+/-0).
Game Durations: N=1, mean=43 (+/-0).
P1: N=1, mean=43 (+/-0).
P2: N=0, mean=0 (+/-0).
=====================================================
=====================================================
Completed 2 games.

Agent 1 (EntropySHUCTAnytime)
Winning score (between 0 and 1) : N=2, mean=0.5 (+/-0.97998).
P1: N=1, mean=1 (+/-0).
P2: N=1, mean=0 (+/-0).
Game Durations: N=2, mean=40 (+/-5.87988).
P1: N=1, mean=37 (+/-0).
P2: N=1, mean=43 (+/-0).

Agent 2 (Example UCT)
Winning score (between 0 and 1) : N=2, mean=0.5 (+/-0.97998).
P1: N=1, mean=1 (+/-0).
P2: N=1, mean=0 (+/-0).
Game Durations: N=2, mean=40 (+/-5.87988).
P1: N=1, mean=43 (+/-0).
P2: N=1, mean=37 (+/-0).
=====================================================
=====================================================
Completed 3 games.

Agent 1 (EntropySHUCTAnytime)
Winning score (between 0 and 1) : N=3, mean=0.666667 (+/-0.65332).
P1: N=1, mean=1 (+/-0).
P2: N=2, mean=0.5 (+/-0.97998).
Game Durations: N=3, mean=40 (+/-3.39475).
P1: N=1, mean=37 (+/-0).
P2: N=2, mean=41.5 (+/-2.93994).

Agent 2 (Example UCT)
Winning score (between 0 and 1) : N=3, mean=0.333333 (+/-0.65332).
P1: N=2, mean=0.5 (+/-0.97998).
P2: N=1, mean=0 (+/-0).
Game Durations: N=3, mean=40 (+/-3.39475).
P1: N=2, mean=41.5 (+/-2.93994).
P2: N=1, mean=37 (+/-0).
=====================================================
=====================================================
Completed 4 games.

Agent 1 (EntropySHUCTAnytime)
Winning score (between 0 and 1) : N=4, mean=0.75 (+/-0.48999).
P1: N=2, mean=1 (+/-0).
P2: N=2, mean=0.5 (+/-0.97998).
Game Durations: N=4, mean=34.75 (+/-10.566075).
P1: N=2, mean=28 (+/-17.63964).
P2: N=2, mean=41.5 (+/-2.93994).

Agent 2 (Example UCT)
Winning score (between 0 and 1) : N=4, mean=0.25 (+/-0.48999).
P1: N=2, mean=0.5 (+/-0.97998).
P2: N=2, mean=0 (+/-0).
Game Durations: N=4, mean=34.75 (+/-10.566075).
P1: N=2, mean=41.5 (+/-2.93994).
P2: N=2, mean=28 (+/-17.63964).
=====================================================
=====================================================
Completed 5 games.

Agent 1 (EntropySHUCTAnytime)
Winning score (between 0 and 1) : N=5, mean=0.6 (+/-0.48009).
P1: N=2, mean=1 (+/-0).
P2: N=3, mean=0.333333 (+/-0.65332).
Game Durations: N=5, mean=35.6 (+/-8.352282).
P1: N=2, mean=28 (+/-17.63964).
P2: N=3, mean=40.666667 (+/-2.355579).

Agent 2 (Example UCT)
Winning score (between 0 and 1) : N=5, mean=0.4 (+/-0.48009).
P1: N=3, mean=0.666667 (+/-0.65332).
P2: N=2, mean=0 (+/-0).
Game Durations: N=5, mean=35.6 (+/-8.352282).
P1: N=3, mean=40.666667 (+/-2.355579).
P2: N=2, mean=28 (+/-17.63964).
=====================================================
=====================================================
Completed 10 games.

Agent 1 (EntropySHUCTAnytime)
Winning score (between 0 and 1) : N=10, mean=0.6 (+/-0.32006).
P1: N=5, mean=0.8 (+/-0.391992).
P2: N=5, mean=0.4 (+/-0.48009).
Game Durations: N=10, mean=28.3 (+/-6.630796).
P1: N=5, mean=23.6 (+/-7.830034).
P2: N=5, mean=33 (+/-9.701307).

Agent 2 (Example UCT)
Winning score (between 0 and 1) : N=10, mean=0.4 (+/-0.32006).
P1: N=5, mean=0.6 (+/-0.48009).
P2: N=5, mean=0.2 (+/-0.391992).
Game Durations: N=10, mean=28.3 (+/-6.630796).
P1: N=5, mean=33 (+/-9.701307).
P2: N=5, mean=23.6 (+/-7.830034).
=====================================================
=====================================================
Completed 20 games.

Agent 1 (EntropySHUCTAnytime)
Winning score (between 0 and 1) : N=20, mean=0.4 (+/-0.22028).
P1: N=10, mean=0.4 (+/-0.32006).
P2: N=10, mean=0.4 (+/-0.32006).
Game Durations: N=20, mean=28.7 (+/-4.711849).
P1: N=10, mean=27.2 (+/-7.31485).
P2: N=10, mean=30.2 (+/-6.189668).

Agent 2 (Example UCT)
Winning score (between 0 and 1) : N=20, mean=0.6 (+/-0.22028).
P1: N=10, mean=0.6 (+/-0.32006).
P2: N=10, mean=0.6 (+/-0.32006).
Game Durations: N=20, mean=28.7 (+/-4.711849).
P1: N=10, mean=30.2 (+/-6.189668).
P2: N=10, mean=27.2 (+/-7.31485).
=====================================================
=====================================================
Completed 30 games.

Agent 1 (EntropySHUCTAnytime)
Winning score (between 0 and 1) : N=30, mean=0.366667 (+/-0.175388).
P1: N=15, mean=0.333333 (+/-0.246932).
P2: N=15, mean=0.4 (+/-0.256619).
Game Durations: N=30, mean=30.133333 (+/-4.442377).
P1: N=15, mean=25.666667 (+/-5.073832).
P2: N=15, mean=34.6 (+/-6.713093).

Agent 2 (Example UCT)
Winning score (between 0 and 1) : N=30, mean=0.633333 (+/-0.175388).
P1: N=15, mean=0.6 (+/-0.256619).
P2: N=15, mean=0.666667 (+/-0.246932).
Game Durations: N=30, mean=30.133333 (+/-4.442377).
P1: N=15, mean=34.6 (+/-6.713093).
P2: N=15, mean=25.666667 (+/-5.073832).
=====================================================
=====================================================
Completed 40 games.

Agent 1 (EntropySHUCTAnytime)
Winning score (between 0 and 1) : N=40, mean=0.425 (+/-0.155147).
P1: N=20, mean=0.45 (+/-0.223696).
P2: N=20, mean=0.4 (+/-0.22028).
Game Durations: N=40, mean=29.325 (+/-3.650183).
P1: N=20, mean=26.45 (+/-4.474991).
P2: N=20, mean=32.2 (+/-5.597321).

Agent 2 (Example UCT)
Winning score (between 0 and 1) : N=40, mean=0.575 (+/-0.155147).
P1: N=20, mean=0.6 (+/-0.22028).
P2: N=20, mean=0.55 (+/-0.223696).
Game Durations: N=40, mean=29.325 (+/-3.650183).
P1: N=20, mean=32.2 (+/-5.597321).
P2: N=20, mean=26.45 (+/-4.474991).
=====================================================
=====================================================
Completed 50 games.

Agent 1 (EntropySHUCTAnytime)
Winning score (between 0 and 1) : N=50, mean=0.39 (+/-0.135124).
P1: N=25, mean=0.4 (+/-0.195996).
P2: N=25, mean=0.38 (+/-0.190025).
Game Durations: N=50, mean=29.68 (+/-3.307461).
P1: N=25, mean=25.76 (+/-3.7158).
P2: N=25, mean=33.6 (+/-5.093383).

Agent 2 (Example UCT)
Winning score (between 0 and 1) : N=50, mean=0.61 (+/-0.135124).
P1: N=25, mean=0.62 (+/-0.190025).
P2: N=25, mean=0.6 (+/-0.195996).
Game Durations: N=50, mean=29.68 (+/-3.307461).
P1: N=25, mean=33.6 (+/-5.093383).
P2: N=25, mean=25.76 (+/-3.7158).
=====================================================
=====================================================
Completed 60 games.

Agent 1 (EntropySHUCTAnytime)
Winning score (between 0 and 1) : N=60, mean=0.441667 (+/-0.125636).
P1: N=30, mean=0.433333 (+/-0.180353).
P2: N=30, mean=0.45 (+/-0.177991).
Game Durations: N=60, mean=30.883333 (+/-3.082499).
P1: N=30, mean=28.333333 (+/-4.239556).
P2: N=30, mean=33.433333 (+/-4.354995).

Agent 2 (Example UCT)
Winning score (between 0 and 1) : N=60, mean=0.558333 (+/-0.125636).
P1: N=30, mean=0.55 (+/-0.177991).
P2: N=30, mean=0.566667 (+/-0.180353).
Game Durations: N=60, mean=30.883333 (+/-3.082499).
P1: N=30, mean=33.433333 (+/-4.354995).
P2: N=30, mean=28.333333 (+/-4.239556).
=====================================================
=====================================================
Completed 70 games.

Agent 1 (EntropySHUCTAnytime)
Winning score (between 0 and 1) : N=70, mean=0.45 (+/-0.116534).
P1: N=35, mean=0.457143 (+/-0.167447).
P2: N=35, mean=0.442857 (+/-0.164529).
Game Durations: N=70, mean=31.1 (+/-2.959461).
P1: N=35, mean=28.028571 (+/-3.907123).
P2: N=35, mean=34.171429 (+/-4.260462).

Agent 2 (Example UCT)
Winning score (between 0 and 1) : N=70, mean=0.55 (+/-0.116534).
P1: N=35, mean=0.557143 (+/-0.164529).
P2: N=35, mean=0.542857 (+/-0.167447).
Game Durations: N=70, mean=31.1 (+/-2.959461).
P1: N=35, mean=34.171429 (+/-4.260462).
P2: N=35, mean=28.028571 (+/-3.907123).
=====================================================
=====================================================
Completed 80 games.

Agent 1 (EntropySHUCTAnytime)
Winning score (between 0 and 1) : N=80, mean=0.44375 (+/-0.108861).
P1: N=40, mean=0.45 (+/-0.156136).
P2: N=40, mean=0.4375 (+/-0.153702).
Game Durations: N=80, mean=31.175 (+/-2.787061).
P1: N=40, mean=27.925 (+/-3.602651).
P2: N=40, mean=34.425 (+/-4.05084).

Agent 2 (Example UCT)
Winning score (between 0 and 1) : N=80, mean=0.55625 (+/-0.108861).
P1: N=40, mean=0.5625 (+/-0.153702).
P2: N=40, mean=0.55 (+/-0.156136).
Game Durations: N=80, mean=31.175 (+/-2.787061).
P1: N=40, mean=34.425 (+/-4.05084).
P2: N=40, mean=27.925 (+/-3.602651).
=====================================================
=====================================================
Completed 90 games.

Agent 1 (EntropySHUCTAnytime)
Winning score (between 0 and 1) : N=90, mean=0.461111 (+/-0.102983).
P1: N=45, mean=0.466667 (+/-0.147409).
P2: N=45, mean=0.455556 (+/-0.145495).
Game Durations: N=90, mean=30.455556 (+/-2.566274).
P1: N=45, mean=27.688889 (+/-3.253998).
P2: N=45, mean=33.222222 (+/-3.836319).

Agent 2 (Example UCT)
Winning score (between 0 and 1) : N=90, mean=0.538889 (+/-0.102983).
P1: N=45, mean=0.544444 (+/-0.145495).
P2: N=45, mean=0.533333 (+/-0.147409).
Game Durations: N=90, mean=30.455556 (+/-2.566274).
P1: N=45, mean=33.222222 (+/-3.836319).
P2: N=45, mean=27.688889 (+/-3.253998).
=====================================================
=====================================================
Completed 100 games.

Agent 1 (EntropySHUCTAnytime)
Winning score (between 0 and 1) : N=100, mean=0.415 (+/-0.096557).
P1: N=50, mean=0.42 (+/-0.138194).
P2: N=50, mean=0.41 (+/-0.13628).
Game Durations: N=100, mean=30.77 (+/-2.403335).
P1: N=50, mean=28.7 (+/-3.225286).
P2: N=50, mean=32.84 (+/-3.502217).

Agent 2 (Example UCT)
Winning score (between 0 and 1) : N=100, mean=0.585 (+/-0.096557).
P1: N=50, mean=0.59 (+/-0.13628).
P2: N=50, mean=0.58 (+/-0.138194).
Game Durations: N=100, mean=30.77 (+/-2.403335).
P1: N=50, mean=32.84 (+/-3.502217).
P2: N=50, mean=28.7 (+/-3.225286).
=====================================================
