Warming up...
Finished warming up!
=====================================================
Completed 1 games.

Agent 1 (EntropySHUCTAnytime)
Winning score (between 0 and 1) : N=1, mean=1 (+/-0).
P1: N=1, mean=1 (+/-0).
P2: N=0, mean=0 (+/-0).
Game Durations: N=1, mean=134 (+/-0).
P1: N=1, mean=134 (+/-0).
P2: N=0, mean=0 (+/-0).

Agent 2 (SHUCTAnyTime)
Winning score (between 0 and 1) : N=1, mean=0 (+/-0).
P1: N=0, mean=0 (+/-0).
P2: N=1, mean=0 (+/-0).
Game Durations: N=1, mean=134 (+/-0).
P1: N=0, mean=0 (+/-0).
P2: N=1, mean=134 (+/-0).
=====================================================
=====================================================
Completed 2 games.

Agent 1 (EntropySHUCTAnytime)
Winning score (between 0 and 1) : N=2, mean=1 (+/-0).
P1: N=1, mean=1 (+/-0).
P2: N=1, mean=1 (+/-0).
Game Durations: N=2, mean=143 (+/-17.63964).
P1: N=1, mean=134 (+/-0).
P2: N=1, mean=152 (+/-0).

Agent 2 (SHUCTAnyTime)
Winning score (between 0 and 1) : N=2, mean=0 (+/-0).
P1: N=1, mean=0 (+/-0).
P2: N=1, mean=0 (+/-0).
Game Durations: N=2, mean=143 (+/-17.63964).
P1: N=1, mean=152 (+/-0).
P2: N=1, mean=134 (+/-0).
=====================================================
=====================================================
Completed 3 games.

Agent 1 (EntropySHUCTAnytime)
Winning score (between 0 and 1) : N=3, mean=1 (+/-0).
P1: N=2, mean=1 (+/-0).
P2: N=1, mean=1 (+/-0).
Game Durations: N=3, mean=144 (+/-10.371133).
P1: N=2, mean=140 (+/-11.75976).
P2: N=1, mean=152 (+/-0).

Agent 2 (SHUCTAnyTime)
Winning score (between 0 and 1) : N=3, mean=0 (+/-0).
P1: N=1, mean=0 (+/-0).
P2: N=2, mean=0 (+/-0).
Game Durations: N=3, mean=144 (+/-10.371133).
P1: N=1, mean=152 (+/-0).
P2: N=2, mean=140 (+/-11.75976).
=====================================================
=====================================================
Completed 4 games.

Agent 1 (EntropySHUCTAnytime)
Winning score (between 0 and 1) : N=4, mean=1 (+/-0).
P1: N=2, mean=1 (+/-0).
P2: N=2, mean=1 (+/-0).
Game Durations: N=4, mean=144 (+/-7.333499).
P1: N=2, mean=140 (+/-11.75976).
P2: N=2, mean=148 (+/-7.83984).

Agent 2 (SHUCTAnyTime)
Winning score (between 0 and 1) : N=4, mean=0 (+/-0).
P1: N=2, mean=0 (+/-0).
P2: N=2, mean=0 (+/-0).
Game Durations: N=4, mean=144 (+/-7.333499).
P1: N=2, mean=148 (+/-7.83984).
P2: N=2, mean=140 (+/-11.75976).
=====================================================
=====================================================
Completed 5 games.

Agent 1 (EntropySHUCTAnytime)
Winning score (between 0 and 1) : N=5, mean=1 (+/-0).
P1: N=3, mean=1 (+/-0).
P2: N=2, mean=1 (+/-0).
Game Durations: N=5, mean=151.6 (+/-15.942079).
P1: N=3, mean=154 (+/-28.266945).
P2: N=2, mean=148 (+/-7.83984).

Agent 2 (SHUCTAnyTime)
Winning score (between 0 and 1) : N=5, mean=0 (+/-0).
P1: N=2, mean=0 (+/-0).
P2: N=3, mean=0 (+/-0).
Game Durations: N=5, mean=151.6 (+/-15.942079).
P1: N=2, mean=148 (+/-7.83984).
P2: N=3, mean=154 (+/-28.266945).
=====================================================
=====================================================
Completed 10 games.

Agent 1 (EntropySHUCTAnytime)
Winning score (between 0 and 1) : N=10, mean=0.7 (+/-0.299389).
P1: N=5, mean=0.6 (+/-0.48009).
P2: N=5, mean=0.8 (+/-0.391992).
Game Durations: N=10, mean=154.8 (+/-10.191792).
P1: N=5, mean=158.8 (+/-17.643995).
P2: N=5, mean=150.8 (+/-11.197531).

Agent 2 (SHUCTAnyTime)
Winning score (between 0 and 1) : N=10, mean=0.3 (+/-0.299389).
P1: N=5, mean=0.2 (+/-0.391992).
P2: N=5, mean=0.4 (+/-0.48009).
Game Durations: N=10, mean=154.8 (+/-10.191792).
P1: N=5, mean=150.8 (+/-11.197531).
P2: N=5, mean=158.8 (+/-17.643995).
=====================================================
=====================================================
Completed 20 games.

Agent 1 (EntropySHUCTAnytime)
Winning score (between 0 and 1) : N=20, mean=0.6 (+/-0.22028).
P1: N=10, mean=0.6 (+/-0.32006).
P2: N=10, mean=0.6 (+/-0.32006).
Game Durations: N=20, mean=155.2 (+/-7.190957).
P1: N=10, mean=158.4 (+/-12.530126).
P2: N=10, mean=152 (+/-7.251558).

Agent 2 (SHUCTAnyTime)
Winning score (between 0 and 1) : N=20, mean=0.4 (+/-0.22028).
P1: N=10, mean=0.4 (+/-0.32006).
P2: N=10, mean=0.4 (+/-0.32006).
Game Durations: N=20, mean=155.2 (+/-7.190957).
P1: N=10, mean=152 (+/-7.251558).
P2: N=10, mean=158.4 (+/-12.530126).
=====================================================
=====================================================
Completed 30 games.

Agent 1 (EntropySHUCTAnytime)
Winning score (between 0 and 1) : N=30, mean=0.566667 (+/-0.180353).
P1: N=15, mean=0.666667 (+/-0.246932).
P2: N=15, mean=0.466667 (+/-0.261328).
Game Durations: N=30, mean=155.6 (+/-6.102886).
P1: N=15, mean=156.533333 (+/-9.949603).
P2: N=15, mean=154.666667 (+/-7.404659).

Agent 2 (SHUCTAnyTime)
Winning score (between 0 and 1) : N=30, mean=0.433333 (+/-0.180353).
P1: N=15, mean=0.533333 (+/-0.261328).
P2: N=15, mean=0.333333 (+/-0.246932).
Game Durations: N=30, mean=155.6 (+/-6.102886).
P1: N=15, mean=154.666667 (+/-7.404659).
P2: N=15, mean=156.533333 (+/-9.949603).
=====================================================
=====================================================
Completed 40 games.

Agent 1 (EntropySHUCTAnytime)
Winning score (between 0 and 1) : N=40, mean=0.55 (+/-0.156136).
P1: N=20, mean=0.6 (+/-0.22028).
P2: N=20, mean=0.5 (+/-0.224823).
Game Durations: N=40, mean=157 (+/-4.946417).
P1: N=20, mean=158.6 (+/-7.731291).
P2: N=20, mean=155.4 (+/-6.295682).

Agent 2 (SHUCTAnyTime)
Winning score (between 0 and 1) : N=40, mean=0.45 (+/-0.156136).
P1: N=20, mean=0.5 (+/-0.224823).
P2: N=20, mean=0.4 (+/-0.22028).
Game Durations: N=40, mean=157 (+/-4.946417).
P1: N=20, mean=155.4 (+/-6.295682).
P2: N=20, mean=158.6 (+/-7.731291).
=====================================================
=====================================================
Completed 50 games.

Agent 1 (EntropySHUCTAnytime)
Winning score (between 0 and 1) : N=50, mean=0.52 (+/-0.139885).
P1: N=25, mean=0.56 (+/-0.198592).
P2: N=25, mean=0.48 (+/-0.199877).
Game Durations: N=50, mean=157.72 (+/-4.347777).
P1: N=25, mean=159.04 (+/-6.850034).
P2: N=25, mean=156.4 (+/-5.450428).

Agent 2 (SHUCTAnyTime)
Winning score (between 0 and 1) : N=50, mean=0.48 (+/-0.139885).
P1: N=25, mean=0.52 (+/-0.199877).
P2: N=25, mean=0.44 (+/-0.198592).
Game Durations: N=50, mean=157.72 (+/-4.347777).
P1: N=25, mean=156.4 (+/-5.450428).
P2: N=25, mean=159.04 (+/-6.850034).
=====================================================
=====================================================
Completed 60 games.

Agent 1 (EntropySHUCTAnytime)
Winning score (between 0 and 1) : N=60, mean=0.483333 (+/-0.127512).
P1: N=30, mean=0.5 (+/-0.181978).
P2: N=30, mean=0.466667 (+/-0.181573).
Game Durations: N=60, mean=158.7 (+/-3.753414).
P1: N=30, mean=159.666667 (+/-5.910837).
P2: N=30, mean=157.733333 (+/-4.705155).

Agent 2 (SHUCTAnyTime)
Winning score (between 0 and 1) : N=60, mean=0.516667 (+/-0.127512).
P1: N=30, mean=0.533333 (+/-0.181573).
P2: N=30, mean=0.5 (+/-0.181978).
Game Durations: N=60, mean=158.7 (+/-3.753414).
P1: N=30, mean=157.733333 (+/-4.705155).
P2: N=30, mean=159.666667 (+/-5.910837).
=====================================================
=====================================================
Completed 70 games.

Agent 1 (EntropySHUCTAnytime)
Winning score (between 0 and 1) : N=70, mean=0.5 (+/-0.117976).
P1: N=35, mean=0.542857 (+/-0.167447).
P2: N=35, mean=0.457143 (+/-0.167447).
Game Durations: N=70, mean=159.885714 (+/-3.607058).
P1: N=35, mean=161.428571 (+/-5.540276).
P2: N=35, mean=158.342857 (+/-4.645027).

Agent 2 (SHUCTAnyTime)
Winning score (between 0 and 1) : N=70, mean=0.5 (+/-0.117976).
P1: N=35, mean=0.542857 (+/-0.167447).
P2: N=35, mean=0.457143 (+/-0.167447).
Game Durations: N=70, mean=159.885714 (+/-3.607058).
P1: N=35, mean=158.342857 (+/-4.645027).
P2: N=35, mean=161.428571 (+/-5.540276).
=====================================================
=====================================================
Completed 80 games.

Agent 1 (EntropySHUCTAnytime)
Winning score (between 0 and 1) : N=80, mean=0.5 (+/-0.110256).
P1: N=40, mean=0.525 (+/-0.156726).
P2: N=40, mean=0.475 (+/-0.156726).
Game Durations: N=80, mean=159.6 (+/-3.305779).
P1: N=40, mean=160.15 (+/-5.165369).
P2: N=40, mean=159.05 (+/-4.187182).

Agent 2 (SHUCTAnyTime)
Winning score (between 0 and 1) : N=80, mean=0.5 (+/-0.110256).
P1: N=40, mean=0.525 (+/-0.156726).
P2: N=40, mean=0.475 (+/-0.156726).
Game Durations: N=80, mean=159.6 (+/-3.305779).
P1: N=40, mean=159.05 (+/-4.187182).
P2: N=40, mean=160.15 (+/-5.165369).
=====================================================
=====================================================
Completed 90 games.

Agent 1 (EntropySHUCTAnytime)
Winning score (between 0 and 1) : N=90, mean=0.511111 (+/-0.103852).
P1: N=45, mean=0.511111 (+/-0.147701).
P2: N=45, mean=0.511111 (+/-0.147701).
Game Durations: N=90, mean=159.355556 (+/-3.187284).
P1: N=45, mean=160.222222 (+/-4.954001).
P2: N=45, mean=158.488889 (+/-4.052606).

Agent 2 (SHUCTAnyTime)
Winning score (between 0 and 1) : N=90, mean=0.488889 (+/-0.103852).
P1: N=45, mean=0.488889 (+/-0.147701).
P2: N=45, mean=0.488889 (+/-0.147701).
Game Durations: N=90, mean=159.355556 (+/-3.187284).
P1: N=45, mean=158.488889 (+/-4.052606).
P2: N=45, mean=160.222222 (+/-4.954001).
=====================================================
=====================================================
Completed 100 games.

Agent 1 (EntropySHUCTAnytime)
Winning score (between 0 and 1) : N=100, mean=0.51 (+/-0.098472).
P1: N=50, mean=0.52 (+/-0.139885).
P2: N=50, mean=0.5 (+/-0.139997).
Game Durations: N=100, mean=159.06 (+/-3.060011).
P1: N=50, mean=159.6 (+/-4.615067).
P2: N=50, mean=158.52 (+/-4.061072).

Agent 2 (SHUCTAnyTime)
Winning score (between 0 and 1) : N=100, mean=0.49 (+/-0.098472).
P1: N=50, mean=0.5 (+/-0.139997).
P2: N=50, mean=0.48 (+/-0.139885).
Game Durations: N=100, mean=159.06 (+/-3.060011).
P1: N=50, mean=158.52 (+/-4.061072).
P2: N=50, mean=159.6 (+/-4.615067).
=====================================================
