Warming up...
Finished warming up!
=====================================================
Completed 1 games.

Agent 1 (EntropySHUCTAnytime)
Winning score (between 0 and 1) : N=1, mean=1 (+/-0).
P1: N=0, mean=0 (+/-0).
P2: N=1, mean=1 (+/-0).
Game Durations: N=1, mean=64 (+/-0).
P1: N=0, mean=0 (+/-0).
P2: N=1, mean=64 (+/-0).

Agent 2 (Example UCT)
Winning score (between 0 and 1) : N=1, mean=0 (+/-0).
P1: N=1, mean=0 (+/-0).
P2: N=0, mean=0 (+/-0).
Game Durations: N=1, mean=64 (+/-0).
P1: N=1, mean=64 (+/-0).
P2: N=0, mean=0 (+/-0).
=====================================================
=====================================================
Completed 2 games.

Agent 1 (EntropySHUCTAnytime)
Winning score (between 0 and 1) : N=2, mean=0.5 (+/-0.97998).
P1: N=1, mean=0 (+/-0).
P2: N=1, mean=1 (+/-0).
Game Durations: N=2, mean=64 (+/-0).
P1: N=1, mean=64 (+/-0).
P2: N=1, mean=64 (+/-0).

Agent 2 (Example UCT)
Winning score (between 0 and 1) : N=2, mean=0.5 (+/-0.97998).
P1: N=1, mean=0 (+/-0).
P2: N=1, mean=1 (+/-0).
Game Durations: N=2, mean=64 (+/-0).
P1: N=1, mean=64 (+/-0).
P2: N=1, mean=64 (+/-0).
=====================================================
=====================================================
Completed 3 games.

Agent 1 (EntropySHUCTAnytime)
Winning score (between 0 and 1) : N=3, mean=0.333333 (+/-0.65332).
P1: N=1, mean=0 (+/-0).
P2: N=2, mean=0.5 (+/-0.97998).
Game Durations: N=3, mean=65.666667 (+/-3.2666).
P1: N=1, mean=64 (+/-0).
P2: N=2, mean=66.5 (+/-4.8999).

Agent 2 (Example UCT)
Winning score (between 0 and 1) : N=3, mean=0.666667 (+/-0.65332).
P1: N=2, mean=0.5 (+/-0.97998).
P2: N=1, mean=1 (+/-0).
Game Durations: N=3, mean=65.666667 (+/-3.2666).
P1: N=2, mean=66.5 (+/-4.8999).
P2: N=1, mean=64 (+/-0).
=====================================================
=====================================================
Completed 4 games.

Agent 1 (EntropySHUCTAnytime)
Winning score (between 0 and 1) : N=4, mean=0.5 (+/-0.565792).
P1: N=2, mean=0.5 (+/-0.97998).
P2: N=2, mean=0.5 (+/-0.97998).
Game Durations: N=4, mean=66.5 (+/-2.828959).
P1: N=2, mean=66.5 (+/-4.8999).
P2: N=2, mean=66.5 (+/-4.8999).

Agent 2 (Example UCT)
Winning score (between 0 and 1) : N=4, mean=0.5 (+/-0.565792).
P1: N=2, mean=0.5 (+/-0.97998).
P2: N=2, mean=0.5 (+/-0.97998).
Game Durations: N=4, mean=66.5 (+/-2.828959).
P1: N=2, mean=66.5 (+/-4.8999).
P2: N=2, mean=66.5 (+/-4.8999).
=====================================================
=====================================================
Completed 5 games.

Agent 1 (EntropySHUCTAnytime)
Winning score (between 0 and 1) : N=5, mean=0.6 (+/-0.48009).
P1: N=2, mean=0.5 (+/-0.97998).
P2: N=3, mean=0.666667 (+/-0.65332).
Game Durations: N=5, mean=67.2 (+/-2.585365).
P1: N=2, mean=66.5 (+/-4.8999).
P2: N=3, mean=67.666667 (+/-3.637532).

Agent 2 (Example UCT)
Winning score (between 0 and 1) : N=5, mean=0.4 (+/-0.48009).
P1: N=3, mean=0.333333 (+/-0.65332).
P2: N=2, mean=0.5 (+/-0.97998).
Game Durations: N=5, mean=67.2 (+/-2.585365).
P1: N=3, mean=67.666667 (+/-3.637532).
P2: N=2, mean=66.5 (+/-4.8999).
=====================================================
=====================================================
Completed 10 games.

Agent 1 (EntropySHUCTAnytime)
Winning score (between 0 and 1) : N=10, mean=0.8 (+/-0.261328).
P1: N=5, mean=0.8 (+/-0.391992).
P2: N=5, mean=0.8 (+/-0.391992).
Game Durations: N=10, mean=68.1 (+/-1.947946).
P1: N=5, mean=68.4 (+/-2.600181).
P2: N=5, mean=67.8 (+/-3.184558).

Agent 2 (Example UCT)
Winning score (between 0 and 1) : N=10, mean=0.2 (+/-0.261328).
P1: N=5, mean=0.2 (+/-0.391992).
P2: N=5, mean=0.2 (+/-0.391992).
Game Durations: N=10, mean=68.1 (+/-1.947946).
P1: N=5, mean=67.8 (+/-3.184558).
P2: N=5, mean=68.4 (+/-2.600181).
=====================================================
=====================================================
Completed 20 games.

Agent 1 (EntropySHUCTAnytime)
Winning score (between 0 and 1) : N=20, mean=0.75 (+/-0.194702).
P1: N=10, mean=0.7 (+/-0.299389).
P2: N=10, mean=0.8 (+/-0.261328).
Game Durations: N=20, mean=68.05 (+/-1.227088).
P1: N=10, mean=68.1 (+/-1.881062).
P2: N=10, mean=68 (+/-1.678409).

Agent 2 (Example UCT)
Winning score (between 0 and 1) : N=20, mean=0.25 (+/-0.194702).
P1: N=10, mean=0.2 (+/-0.261328).
P2: N=10, mean=0.3 (+/-0.299389).
Game Durations: N=20, mean=68.05 (+/-1.227088).
P1: N=10, mean=68 (+/-1.678409).
P2: N=10, mean=68.1 (+/-1.881062).
=====================================================
=====================================================
Completed 30 games.

Agent 1 (EntropySHUCTAnytime)
Winning score (between 0 and 1) : N=30, mean=0.733333 (+/-0.160947).
P1: N=15, mean=0.733333 (+/-0.231643).
P2: N=15, mean=0.733333 (+/-0.231643).
Game Durations: N=30, mean=68.166667 (+/-0.935412).
P1: N=15, mean=68.333333 (+/-1.489799).
P2: N=15, mean=68 (+/-1.179083).

Agent 2 (Example UCT)
Winning score (between 0 and 1) : N=30, mean=0.266667 (+/-0.160947).
P1: N=15, mean=0.266667 (+/-0.231643).
P2: N=15, mean=0.266667 (+/-0.231643).
Game Durations: N=30, mean=68.166667 (+/-0.935412).
P1: N=15, mean=68 (+/-1.179083).
P2: N=15, mean=68.333333 (+/-1.489799).
=====================================================
=====================================================
Completed 40 games.

Agent 1 (EntropySHUCTAnytime)
Winning score (between 0 and 1) : N=40, mean=0.725 (+/-0.140136).
P1: N=20, mean=0.75 (+/-0.194702).
P2: N=20, mean=0.7 (+/-0.206054).
Game Durations: N=40, mean=68.675 (+/-1.108249).
P1: N=20, mean=68.55 (+/-1.856525).
P2: N=20, mean=68.8 (+/-1.260613).

Agent 2 (Example UCT)
Winning score (between 0 and 1) : N=40, mean=0.275 (+/-0.140136).
P1: N=20, mean=0.3 (+/-0.206054).
P2: N=20, mean=0.25 (+/-0.194702).
Game Durations: N=40, mean=68.675 (+/-1.108249).
P1: N=20, mean=68.8 (+/-1.260613).
P2: N=20, mean=68.55 (+/-1.856525).
=====================================================
=====================================================
Completed 50 games.

Agent 1 (EntropySHUCTAnytime)
Winning score (between 0 and 1) : N=50, mean=0.72 (+/-0.125717).
P1: N=25, mean=0.8 (+/-0.16003).
P2: N=25, mean=0.64 (+/-0.192036).
Game Durations: N=50, mean=69.1 (+/-1.048017).
P1: N=25, mean=68.72 (+/-1.60637).
P2: N=25, mean=69.48 (+/-1.363171).

Agent 2 (Example UCT)
Winning score (between 0 and 1) : N=50, mean=0.28 (+/-0.125717).
P1: N=25, mean=0.36 (+/-0.192036).
P2: N=25, mean=0.2 (+/-0.16003).
Game Durations: N=50, mean=69.1 (+/-1.048017).
P1: N=25, mean=69.48 (+/-1.363171).
P2: N=25, mean=68.72 (+/-1.60637).
=====================================================
=====================================================
Completed 60 games.

Agent 1 (EntropySHUCTAnytime)
Winning score (between 0 and 1) : N=60, mean=0.733333 (+/-0.112838).
P1: N=30, mean=0.766667 (+/-0.153936).
P2: N=30, mean=0.7 (+/-0.166785).
Game Durations: N=60, mean=69.233333 (+/-0.950602).
P1: N=30, mean=68.9 (+/-1.453849).
P2: N=30, mean=69.566667 (+/-1.238459).

Agent 2 (Example UCT)
Winning score (between 0 and 1) : N=60, mean=0.266667 (+/-0.112838).
P1: N=30, mean=0.3 (+/-0.166785).
P2: N=30, mean=0.233333 (+/-0.153936).
Game Durations: N=60, mean=69.233333 (+/-0.950602).
P1: N=30, mean=69.566667 (+/-1.238459).
P2: N=30, mean=68.9 (+/-1.453849).
=====================================================
=====================================================
Completed 70 games.

Agent 1 (EntropySHUCTAnytime)
Winning score (between 0 and 1) : N=70, mean=0.728571 (+/-0.104927).
P1: N=35, mean=0.771429 (+/-0.141145).
P2: N=35, mean=0.685714 (+/-0.156042).
Game Durations: N=70, mean=69.371429 (+/-0.843385).
P1: N=35, mean=69 (+/-1.285608).
P2: N=35, mean=69.742857 (+/-1.096845).

Agent 2 (Example UCT)
Winning score (between 0 and 1) : N=70, mean=0.271429 (+/-0.104927).
P1: N=35, mean=0.314286 (+/-0.156042).
P2: N=35, mean=0.228571 (+/-0.141145).
Game Durations: N=70, mean=69.371429 (+/-0.843385).
P1: N=35, mean=69.742857 (+/-1.096845).
P2: N=35, mean=69 (+/-1.285608).
=====================================================
=====================================================
Completed 80 games.

Agent 1 (EntropySHUCTAnytime)
Winning score (between 0 and 1) : N=80, mean=0.7 (+/-0.101052).
P1: N=40, mean=0.75 (+/-0.135899).
P2: N=40, mean=0.65 (+/-0.149694).
Game Durations: N=80, mean=69.55 (+/-0.78111).
P1: N=40, mean=69.3 (+/-1.185154).
P2: N=40, mean=69.8 (+/-1.027093).

Agent 2 (Example UCT)
Winning score (between 0 and 1) : N=80, mean=0.3 (+/-0.101052).
P1: N=40, mean=0.35 (+/-0.149694).
P2: N=40, mean=0.25 (+/-0.135899).
Game Durations: N=80, mean=69.55 (+/-0.78111).
P1: N=40, mean=69.8 (+/-1.027093).
P2: N=40, mean=69.3 (+/-1.185154).
=====================================================
=====================================================
Completed 90 games.

Agent 1 (EntropySHUCTAnytime)
Winning score (between 0 and 1) : N=90, mean=0.688889 (+/-0.09618).
P1: N=45, mean=0.755556 (+/-0.126983).
P2: N=45, mean=0.622222 (+/-0.143256).
Game Durations: N=90, mean=69.366667 (+/-0.76331).
P1: N=45, mean=69.2 (+/-1.118824).
P2: N=45, mean=69.533333 (+/-1.049017).

Agent 2 (Example UCT)
Winning score (between 0 and 1) : N=90, mean=0.311111 (+/-0.09618).
P1: N=45, mean=0.377778 (+/-0.143256).
P2: N=45, mean=0.244444 (+/-0.126983).
Game Durations: N=90, mean=69.366667 (+/-0.76331).
P1: N=45, mean=69.533333 (+/-1.049017).
P2: N=45, mean=69.2 (+/-1.118824).
=====================================================
=====================================================
Completed 100 games.

Agent 1 (EntropySHUCTAnytime)
Winning score (between 0 and 1) : N=100, mean=0.7 (+/-0.090269).
P1: N=50, mean=0.74 (+/-0.122815).
P2: N=50, mean=0.66 (+/-0.132636).
Game Durations: N=100, mean=69.36 (+/-0.726717).
P1: N=50, mean=69.1 (+/-1.042015).
P2: N=50, mean=69.62 (+/-1.018641).

Agent 2 (Example UCT)
Winning score (between 0 and 1) : N=100, mean=0.3 (+/-0.090269).
P1: N=50, mean=0.34 (+/-0.132636).
P2: N=50, mean=0.26 (+/-0.122815).
Game Durations: N=100, mean=69.36 (+/-0.726717).
P1: N=50, mean=69.62 (+/-1.018641).
P2: N=50, mean=69.1 (+/-1.042015).
=====================================================
