Warming up...
Finished warming up!
=====================================================
Completed 1 games.

Agent 1 (EntropySHUCTAnytime)
Winning score (between 0 and 1) : N=1, mean=1 (+/-0).
P1: N=1, mean=1 (+/-0).
P2: N=0, mean=0 (+/-0).
Game Durations: N=1, mean=71 (+/-0).
P1: N=1, mean=71 (+/-0).
P2: N=0, mean=0 (+/-0).

Agent 2 (Example UCT)
Winning score (between 0 and 1) : N=1, mean=0 (+/-0).
P1: N=0, mean=0 (+/-0).
P2: N=1, mean=0 (+/-0).
Game Durations: N=1, mean=71 (+/-0).
P1: N=0, mean=0 (+/-0).
P2: N=1, mean=71 (+/-0).
=====================================================
=====================================================
Completed 2 games.

Agent 1 (EntropySHUCTAnytime)
Winning score (between 0 and 1) : N=2, mean=1 (+/-0).
P1: N=1, mean=1 (+/-0).
P2: N=1, mean=1 (+/-0).
Game Durations: N=2, mean=67.5 (+/-6.85986).
P1: N=1, mean=71 (+/-0).
P2: N=1, mean=64 (+/-0).

Agent 2 (Example UCT)
Winning score (between 0 and 1) : N=2, mean=0 (+/-0).
P1: N=1, mean=0 (+/-0).
P2: N=1, mean=0 (+/-0).
Game Durations: N=2, mean=67.5 (+/-6.85986).
P1: N=1, mean=64 (+/-0).
P2: N=1, mean=71 (+/-0).
=====================================================
=====================================================
Completed 3 games.

Agent 1 (EntropySHUCTAnytime)
Winning score (between 0 and 1) : N=3, mean=1 (+/-0).
P1: N=2, mean=1 (+/-0).
P2: N=1, mean=1 (+/-0).
Game Durations: N=3, mean=68 (+/-4.079982).
P1: N=2, mean=70 (+/-1.95996).
P2: N=1, mean=64 (+/-0).

Agent 2 (Example UCT)
Winning score (between 0 and 1) : N=3, mean=0 (+/-0).
P1: N=1, mean=0 (+/-0).
P2: N=2, mean=0 (+/-0).
Game Durations: N=3, mean=68 (+/-4.079982).
P1: N=1, mean=64 (+/-0).
P2: N=2, mean=70 (+/-1.95996).
=====================================================
=====================================================
Completed 4 games.

Agent 1 (EntropySHUCTAnytime)
Winning score (between 0 and 1) : N=4, mean=1 (+/-0).
P1: N=2, mean=1 (+/-0).
P2: N=2, mean=1 (+/-0).
Game Durations: N=4, mean=69 (+/-3.487774).
P1: N=2, mean=70 (+/-1.95996).
P2: N=2, mean=68 (+/-7.83984).

Agent 2 (Example UCT)
Winning score (between 0 and 1) : N=4, mean=0 (+/-0).
P1: N=2, mean=0 (+/-0).
P2: N=2, mean=0 (+/-0).
Game Durations: N=4, mean=69 (+/-3.487774).
P1: N=2, mean=68 (+/-7.83984).
P2: N=2, mean=70 (+/-1.95996).
=====================================================
=====================================================
Completed 5 games.

Agent 1 (EntropySHUCTAnytime)
Winning score (between 0 and 1) : N=5, mean=1 (+/-0).
P1: N=3, mean=1 (+/-0).
P2: N=2, mean=1 (+/-0).
Game Durations: N=5, mean=70.6 (+/-4.139183).
P1: N=3, mean=72.333333 (+/-4.711158).
P2: N=2, mean=68 (+/-7.83984).

Agent 2 (Example UCT)
Winning score (between 0 and 1) : N=5, mean=0 (+/-0).
P1: N=2, mean=0 (+/-0).
P2: N=3, mean=0 (+/-0).
Game Durations: N=5, mean=70.6 (+/-4.139183).
P1: N=2, mean=68 (+/-7.83984).
P2: N=3, mean=72.333333 (+/-4.711158).
=====================================================
=====================================================
Completed 10 games.

Agent 1 (EntropySHUCTAnytime)
Winning score (between 0 and 1) : N=10, mean=1 (+/-0).
P1: N=5, mean=1 (+/-0).
P2: N=5, mean=1 (+/-0).
Game Durations: N=10, mean=68.9 (+/-2.48691).
P1: N=5, mean=69.4 (+/-4.537635).
P2: N=5, mean=68.4 (+/-2.600181).

Agent 2 (Example UCT)
Winning score (between 0 and 1) : N=10, mean=0 (+/-0).
P1: N=5, mean=0 (+/-0).
P2: N=5, mean=0 (+/-0).
Game Durations: N=10, mean=68.9 (+/-2.48691).
P1: N=5, mean=68.4 (+/-2.600181).
P2: N=5, mean=69.4 (+/-4.537635).
=====================================================
=====================================================
Completed 20 games.

Agent 1 (EntropySHUCTAnytime)
Winning score (between 0 and 1) : N=20, mean=0.9 (+/-0.134894).
P1: N=10, mean=0.9 (+/-0.195996).
P2: N=10, mean=0.9 (+/-0.195996).
Game Durations: N=20, mean=68.8 (+/-1.535393).
P1: N=10, mean=69.9 (+/-2.55464).
P2: N=10, mean=67.7 (+/-1.547417).

Agent 2 (Example UCT)
Winning score (between 0 and 1) : N=20, mean=0.1 (+/-0.134894).
P1: N=10, mean=0.1 (+/-0.195996).
P2: N=10, mean=0.1 (+/-0.195996).
Game Durations: N=20, mean=68.8 (+/-1.535393).
P1: N=10, mean=67.7 (+/-1.547417).
P2: N=10, mean=69.9 (+/-2.55464).
=====================================================
=====================================================
Completed 30 games.

Agent 1 (EntropySHUCTAnytime)
Winning score (between 0 and 1) : N=30, mean=0.9 (+/-0.109187).
P1: N=15, mean=0.933333 (+/-0.130664).
P2: N=15, mean=0.866667 (+/-0.178065).
Game Durations: N=30, mean=68.266667 (+/-1.27101).
P1: N=15, mean=69.333333 (+/-1.909535).
P2: N=15, mean=67.2 (+/-1.556258).

Agent 2 (Example UCT)
Winning score (between 0 and 1) : N=30, mean=0.1 (+/-0.109187).
P1: N=15, mean=0.133333 (+/-0.178065).
P2: N=15, mean=0.066667 (+/-0.130664).
Game Durations: N=30, mean=68.266667 (+/-1.27101).
P1: N=15, mean=67.2 (+/-1.556258).
P2: N=15, mean=69.333333 (+/-1.909535).
=====================================================
=====================================================
Completed 40 games.

Agent 1 (EntropySHUCTAnytime)
Winning score (between 0 and 1) : N=40, mean=0.925 (+/-0.082664).
P1: N=20, mean=0.95 (+/-0.097998).
P2: N=20, mean=0.9 (+/-0.134894).
Game Durations: N=40, mean=68.525 (+/-1.116219).
P1: N=20, mean=69.45 (+/-1.573599).
P2: N=20, mean=67.6 (+/-1.514178).

Agent 2 (Example UCT)
Winning score (between 0 and 1) : N=40, mean=0.075 (+/-0.082664).
P1: N=20, mean=0.1 (+/-0.134894).
P2: N=20, mean=0.05 (+/-0.097998).
Game Durations: N=40, mean=68.525 (+/-1.116219).
P1: N=20, mean=67.6 (+/-1.514178).
P2: N=20, mean=69.45 (+/-1.573599).
=====================================================
=====================================================
Completed 50 games.

Agent 1 (EntropySHUCTAnytime)
Winning score (between 0 and 1) : N=50, mean=0.94 (+/-0.066495).
P1: N=25, mean=0.96 (+/-0.078398).
P2: N=25, mean=0.92 (+/-0.108538).
Game Durations: N=50, mean=68.72 (+/-0.937107).
P1: N=25, mean=69.28 (+/-1.28782).
P2: N=25, mean=68.16 (+/-1.351662).

Agent 2 (Example UCT)
Winning score (between 0 and 1) : N=50, mean=0.06 (+/-0.066495).
P1: N=25, mean=0.08 (+/-0.108538).
P2: N=25, mean=0.04 (+/-0.078398).
Game Durations: N=50, mean=68.72 (+/-0.937107).
P1: N=25, mean=68.16 (+/-1.351662).
P2: N=25, mean=69.28 (+/-1.28782).
=====================================================
=====================================================
Completed 60 games.

Agent 1 (EntropySHUCTAnytime)
Winning score (between 0 and 1) : N=60, mean=0.95 (+/-0.055612).
P1: N=30, mean=0.966667 (+/-0.065332).
P2: N=30, mean=0.933333 (+/-0.090786).
Game Durations: N=60, mean=68.683333 (+/-0.914678).
P1: N=30, mean=69.1 (+/-1.323484).
P2: N=30, mean=68.266667 (+/-1.267531).

Agent 2 (Example UCT)
Winning score (between 0 and 1) : N=60, mean=0.05 (+/-0.055612).
P1: N=30, mean=0.066667 (+/-0.090786).
P2: N=30, mean=0.033333 (+/-0.065332).
Game Durations: N=60, mean=68.683333 (+/-0.914678).
P1: N=30, mean=68.266667 (+/-1.267531).
P2: N=30, mean=69.1 (+/-1.323484).
=====================================================
=====================================================
Completed 70 games.

Agent 1 (EntropySHUCTAnytime)
Winning score (between 0 and 1) : N=70, mean=0.957143 (+/-0.047788).
P1: N=35, mean=0.971429 (+/-0.055999).
P2: N=35, mean=0.942857 (+/-0.078021).
Game Durations: N=70, mean=68.714286 (+/-0.817499).
P1: N=35, mean=69.085714 (+/-1.143045).
P2: N=35, mean=68.342857 (+/-1.17252).

Agent 2 (Example UCT)
Winning score (between 0 and 1) : N=70, mean=0.042857 (+/-0.047788).
P1: N=35, mean=0.057143 (+/-0.078021).
P2: N=35, mean=0.028571 (+/-0.055999).
Game Durations: N=70, mean=68.714286 (+/-0.817499).
P1: N=35, mean=68.342857 (+/-1.17252).
P2: N=35, mean=69.085714 (+/-1.143045).
=====================================================
=====================================================
Completed 80 games.

Agent 1 (EntropySHUCTAnytime)
Winning score (between 0 and 1) : N=80, mean=0.95 (+/-0.04806).
P1: N=40, mean=0.95 (+/-0.068401).
P2: N=40, mean=0.95 (+/-0.068401).
Game Durations: N=80, mean=68.75 (+/-0.735915).
P1: N=40, mean=69.2 (+/-1.012605).
P2: N=40, mean=68.3 (+/-1.062447).

Agent 2 (Example UCT)
Winning score (between 0 and 1) : N=80, mean=0.05 (+/-0.04806).
P1: N=40, mean=0.05 (+/-0.068401).
P2: N=40, mean=0.05 (+/-0.068401).
Game Durations: N=80, mean=68.75 (+/-0.735915).
P1: N=40, mean=68.3 (+/-1.062447).
P2: N=40, mean=69.2 (+/-1.012605).
=====================================================
=====================================================
Completed 90 games.

Agent 1 (EntropySHUCTAnytime)
Winning score (between 0 and 1) : N=90, mean=0.955556 (+/-0.042814).
P1: N=45, mean=0.955556 (+/-0.060892).
P2: N=45, mean=0.955556 (+/-0.060892).
Game Durations: N=90, mean=68.833333 (+/-0.673738).
P1: N=45, mean=69.266667 (+/-0.94757).
P2: N=45, mean=68.4 (+/-0.951656).

Agent 2 (Example UCT)
Winning score (between 0 and 1) : N=90, mean=0.044444 (+/-0.042814).
P1: N=45, mean=0.044444 (+/-0.060892).
P2: N=45, mean=0.044444 (+/-0.060892).
Game Durations: N=90, mean=68.833333 (+/-0.673738).
P1: N=45, mean=68.4 (+/-0.951656).
P2: N=45, mean=69.266667 (+/-0.94757).
=====================================================
=====================================================
Completed 100 games.

Agent 1 (EntropySHUCTAnytime)
Winning score (between 0 and 1) : N=100, mean=0.95 (+/-0.042932).
P1: N=50, mean=0.96 (+/-0.054867).
P2: N=50, mean=0.94 (+/-0.066495).
Game Durations: N=100, mean=68.87 (+/-0.630134).
P1: N=50, mean=69.28 (+/-0.890787).
P2: N=50, mean=68.46 (+/-0.885791).

Agent 2 (Example UCT)
Winning score (between 0 and 1) : N=100, mean=0.05 (+/-0.042932).
P1: N=50, mean=0.06 (+/-0.066495).
P2: N=50, mean=0.04 (+/-0.054867).
Game Durations: N=100, mean=68.87 (+/-0.630134).
P1: N=50, mean=68.46 (+/-0.885791).
P2: N=50, mean=69.28 (+/-0.890787).
=====================================================
