Warming up...
Finished warming up!
=====================================================
Completed 1 games.

Agent 1 (RegressionTreeSHUCTAny)
Winning score (between 0 and 1) : N=1, mean=0 (+/-0).
P1: N=1, mean=0 (+/-0).
P2: N=0, mean=0 (+/-0).
Game Durations: N=1, mean=68 (+/-0).
P1: N=1, mean=68 (+/-0).
P2: N=0, mean=0 (+/-0).

Agent 2 (SHUCTAnyTime)
Winning score (between 0 and 1) : N=1, mean=1 (+/-0).
P1: N=0, mean=0 (+/-0).
P2: N=1, mean=1 (+/-0).
Game Durations: N=1, mean=68 (+/-0).
P1: N=0, mean=0 (+/-0).
P2: N=1, mean=68 (+/-0).
=====================================================
=====================================================
Completed 2 games.

Agent 1 (RegressionTreeSHUCTAny)
Winning score (between 0 and 1) : N=2, mean=0 (+/-0).
P1: N=1, mean=0 (+/-0).
P2: N=1, mean=0 (+/-0).
Game Durations: N=2, mean=46.5 (+/-42.13914).
P1: N=1, mean=68 (+/-0).
P2: N=1, mean=25 (+/-0).

Agent 2 (SHUCTAnyTime)
Winning score (between 0 and 1) : N=2, mean=1 (+/-0).
P1: N=1, mean=1 (+/-0).
P2: N=1, mean=1 (+/-0).
Game Durations: N=2, mean=46.5 (+/-42.13914).
P1: N=1, mean=25 (+/-0).
P2: N=1, mean=68 (+/-0).
=====================================================
=====================================================
Completed 3 games.

Agent 1 (RegressionTreeSHUCTAny)
Winning score (between 0 and 1) : N=3, mean=0 (+/-0).
P1: N=2, mean=0 (+/-0).
P2: N=1, mean=0 (+/-0).
Game Durations: N=3, mean=54.333333 (+/-28.768344).
P1: N=2, mean=69 (+/-1.95996).
P2: N=1, mean=25 (+/-0).

Agent 2 (SHUCTAnyTime)
Winning score (between 0 and 1) : N=3, mean=1 (+/-0).
P1: N=1, mean=1 (+/-0).
P2: N=2, mean=1 (+/-0).
Game Durations: N=3, mean=54.333333 (+/-28.768344).
P1: N=1, mean=25 (+/-0).
P2: N=2, mean=69 (+/-1.95996).
=====================================================
=====================================================
Completed 4 games.

Agent 1 (RegressionTreeSHUCTAny)
Winning score (between 0 and 1) : N=4, mean=0 (+/-0).
P1: N=2, mean=0 (+/-0).
P2: N=2, mean=0 (+/-0).
Game Durations: N=4, mean=57 (+/-21.002993).
P1: N=2, mean=69 (+/-1.95996).
P2: N=2, mean=45 (+/-39.1992).

Agent 2 (SHUCTAnyTime)
Winning score (between 0 and 1) : N=4, mean=1 (+/-0).
P1: N=2, mean=1 (+/-0).
P2: N=2, mean=1 (+/-0).
Game Durations: N=4, mean=57 (+/-21.002993).
P1: N=2, mean=45 (+/-39.1992).
P2: N=2, mean=69 (+/-1.95996).
=====================================================
=====================================================
Completed 5 games.

Agent 1 (RegressionTreeSHUCTAny)
Winning score (between 0 and 1) : N=5, mean=0 (+/-0).
P1: N=3, mean=0 (+/-0).
P2: N=2, mean=0 (+/-0).
Game Durations: N=5, mean=58.4 (+/-16.498626).
P1: N=3, mean=67.333333 (+/-3.457044).
P2: N=2, mean=45 (+/-39.1992).

Agent 2 (SHUCTAnyTime)
Winning score (between 0 and 1) : N=5, mean=1 (+/-0).
P1: N=2, mean=1 (+/-0).
P2: N=3, mean=1 (+/-0).
Game Durations: N=5, mean=58.4 (+/-16.498626).
P1: N=2, mean=45 (+/-39.1992).
P2: N=3, mean=67.333333 (+/-3.457044).
=====================================================
=====================================================
Completed 10 games.

Agent 1 (RegressionTreeSHUCTAny)
Winning score (between 0 and 1) : N=10, mean=0.3 (+/-0.299389).
P1: N=5, mean=0.2 (+/-0.391992).
P2: N=5, mean=0.4 (+/-0.48009).
Game Durations: N=10, mean=53.8 (+/-8.705596).
P1: N=5, mean=61.4 (+/-8.398148).
P2: N=5, mean=46.2 (+/-12.632243).

Agent 2 (SHUCTAnyTime)
Winning score (between 0 and 1) : N=10, mean=0.7 (+/-0.299389).
P1: N=5, mean=0.6 (+/-0.48009).
P2: N=5, mean=0.8 (+/-0.391992).
Game Durations: N=10, mean=53.8 (+/-8.705596).
P1: N=5, mean=46.2 (+/-12.632243).
P2: N=5, mean=61.4 (+/-8.398148).
=====================================================
=====================================================
Completed 20 games.

Agent 1 (RegressionTreeSHUCTAny)
Winning score (between 0 and 1) : N=20, mean=0.4 (+/-0.22028).
P1: N=10, mean=0.4 (+/-0.32006).
P2: N=10, mean=0.4 (+/-0.32006).
Game Durations: N=20, mean=57 (+/-5.54178).
P1: N=10, mean=60.8 (+/-6.629186).
P2: N=10, mean=53.2 (+/-8.567215).

Agent 2 (SHUCTAnyTime)
Winning score (between 0 and 1) : N=20, mean=0.6 (+/-0.22028).
P1: N=10, mean=0.6 (+/-0.32006).
P2: N=10, mean=0.6 (+/-0.32006).
Game Durations: N=20, mean=57 (+/-5.54178).
P1: N=10, mean=53.2 (+/-8.567215).
P2: N=10, mean=60.8 (+/-6.629186).
=====================================================
=====================================================
Completed 30 games.

Agent 1 (RegressionTreeSHUCTAny)
Winning score (between 0 and 1) : N=30, mean=0.366667 (+/-0.175388).
P1: N=15, mean=0.466667 (+/-0.261328).
P2: N=15, mean=0.266667 (+/-0.231643).
Game Durations: N=30, mean=57.4 (+/-5.165603).
P1: N=15, mean=60.066667 (+/-6.932056).
P2: N=15, mean=54.733333 (+/-7.654406).

Agent 2 (SHUCTAnyTime)
Winning score (between 0 and 1) : N=30, mean=0.633333 (+/-0.175388).
P1: N=15, mean=0.733333 (+/-0.231643).
P2: N=15, mean=0.533333 (+/-0.261328).
Game Durations: N=30, mean=57.4 (+/-5.165603).
P1: N=15, mean=54.733333 (+/-7.654406).
P2: N=15, mean=60.066667 (+/-6.932056).
=====================================================
=====================================================
Completed 40 games.

Agent 1 (RegressionTreeSHUCTAny)
Winning score (between 0 and 1) : N=40, mean=0.4 (+/-0.153752).
P1: N=20, mean=0.5 (+/-0.224823).
P2: N=20, mean=0.3 (+/-0.206054).
Game Durations: N=40, mean=56.15 (+/-4.581247).
P1: N=20, mean=58.2 (+/-6.410566).
P2: N=20, mean=54.1 (+/-6.585275).

Agent 2 (SHUCTAnyTime)
Winning score (between 0 and 1) : N=40, mean=0.6 (+/-0.153752).
P1: N=20, mean=0.7 (+/-0.206054).
P2: N=20, mean=0.5 (+/-0.224823).
Game Durations: N=40, mean=56.15 (+/-4.581247).
P1: N=20, mean=54.1 (+/-6.585275).
P2: N=20, mean=58.2 (+/-6.410566).
=====================================================
=====================================================
Completed 50 games.

Agent 1 (RegressionTreeSHUCTAny)
Winning score (between 0 and 1) : N=50, mean=0.4 (+/-0.137169).
P1: N=25, mean=0.48 (+/-0.199877).
P2: N=25, mean=0.32 (+/-0.186626).
Game Durations: N=50, mean=55.98 (+/-4.34866).
P1: N=25, mean=57.52 (+/-5.819816).
P2: N=25, mean=54.44 (+/-6.526088).

Agent 2 (SHUCTAnyTime)
Winning score (between 0 and 1) : N=50, mean=0.6 (+/-0.137169).
P1: N=25, mean=0.68 (+/-0.186626).
P2: N=25, mean=0.52 (+/-0.199877).
Game Durations: N=50, mean=55.98 (+/-4.34866).
P1: N=25, mean=54.44 (+/-6.526088).
P2: N=25, mean=57.52 (+/-5.819816).
=====================================================
=====================================================
Completed 60 games.

Agent 1 (RegressionTreeSHUCTAny)
Winning score (between 0 and 1) : N=60, mean=0.4 (+/-0.125005).
P1: N=30, mean=0.433333 (+/-0.180353).
P2: N=30, mean=0.366667 (+/-0.175388).
Game Durations: N=60, mean=56.566667 (+/-4.172649).
P1: N=30, mean=59.166667 (+/-5.723931).
P2: N=30, mean=53.966667 (+/-6.024156).

Agent 2 (SHUCTAnyTime)
Winning score (between 0 and 1) : N=60, mean=0.6 (+/-0.125005).
P1: N=30, mean=0.633333 (+/-0.175388).
P2: N=30, mean=0.566667 (+/-0.180353).
Game Durations: N=60, mean=56.566667 (+/-4.172649).
P1: N=30, mean=53.966667 (+/-6.024156).
P2: N=30, mean=59.166667 (+/-5.723931).
=====================================================
=====================================================
Completed 70 games.

Agent 1 (RegressionTreeSHUCTAny)
Winning score (between 0 and 1) : N=70, mean=0.385714 (+/-0.114853).
P1: N=35, mean=0.428571 (+/-0.166341).
P2: N=35, mean=0.342857 (+/-0.159549).
Game Durations: N=70, mean=58.257143 (+/-4.025363).
P1: N=35, mean=61.571429 (+/-5.763035).
P2: N=35, mean=54.942857 (+/-5.483853).

Agent 2 (SHUCTAnyTime)
Winning score (between 0 and 1) : N=70, mean=0.614286 (+/-0.114853).
P1: N=35, mean=0.657143 (+/-0.159549).
P2: N=35, mean=0.571429 (+/-0.166341).
Game Durations: N=70, mean=58.257143 (+/-4.025363).
P1: N=35, mean=54.942857 (+/-5.483853).
P2: N=35, mean=61.571429 (+/-5.763035).
=====================================================
=====================================================
Completed 80 games.

Agent 1 (RegressionTreeSHUCTAny)
Winning score (between 0 and 1) : N=80, mean=0.425 (+/-0.109009).
P1: N=40, mean=0.45 (+/-0.156136).
P2: N=40, mean=0.4 (+/-0.153752).
Game Durations: N=80, mean=58.2 (+/-3.718011).
P1: N=40, mean=62.3 (+/-5.271845).
P2: N=40, mean=54.1 (+/-4.989935).

Agent 2 (SHUCTAnyTime)
Winning score (between 0 and 1) : N=80, mean=0.575 (+/-0.109009).
P1: N=40, mean=0.6 (+/-0.153752).
P2: N=40, mean=0.55 (+/-0.156136).
Game Durations: N=80, mean=58.2 (+/-3.718011).
P1: N=40, mean=54.1 (+/-4.989935).
P2: N=40, mean=62.3 (+/-5.271845).
=====================================================
=====================================================
Completed 90 games.

Agent 1 (RegressionTreeSHUCTAny)
Winning score (between 0 and 1) : N=90, mean=0.433333 (+/-0.10295).
P1: N=45, mean=0.444444 (+/-0.146823).
P2: N=45, mean=0.422222 (+/-0.145939).
Game Durations: N=90, mean=58.466667 (+/-3.362129).
P1: N=45, mean=62.044444 (+/-4.699594).
P2: N=45, mean=54.888889 (+/-4.626897).

Agent 2 (SHUCTAnyTime)
Winning score (between 0 and 1) : N=90, mean=0.566667 (+/-0.10295).
P1: N=45, mean=0.577778 (+/-0.145939).
P2: N=45, mean=0.555556 (+/-0.146823).
Game Durations: N=90, mean=58.466667 (+/-3.362129).
P1: N=45, mean=54.888889 (+/-4.626897).
P2: N=45, mean=62.044444 (+/-4.699594).
=====================================================
=====================================================
Completed 100 games.

Agent 1 (RegressionTreeSHUCTAny)
Winning score (between 0 and 1) : N=100, mean=0.42 (+/-0.097223).
P1: N=50, mean=0.42 (+/-0.138194).
P2: N=50, mean=0.42 (+/-0.138194).
Game Durations: N=100, mean=58.86 (+/-3.059276).
P1: N=50, mean=61.98 (+/-4.253883).
P2: N=50, mean=55.74 (+/-4.265779).

Agent 2 (SHUCTAnyTime)
Winning score (between 0 and 1) : N=100, mean=0.58 (+/-0.097223).
P1: N=50, mean=0.58 (+/-0.138194).
P2: N=50, mean=0.58 (+/-0.138194).
Game Durations: N=100, mean=58.86 (+/-3.059276).
P1: N=50, mean=55.74 (+/-4.265779).
P2: N=50, mean=61.98 (+/-4.253883).
=====================================================
