Warming up...
Finished warming up!
=====================================================
Completed 1 games.

Agent 1 (RegressionTreeSHUCTAny)
Winning score (between 0 and 1) : N=1, mean=0 (+/-0).
P1: N=0, mean=0 (+/-0).
P2: N=1, mean=0 (+/-0).
Game Durations: N=1, mean=61 (+/-0).
P1: N=0, mean=0 (+/-0).
P2: N=1, mean=61 (+/-0).

Agent 2 (SHUCTAnyTime)
Winning score (between 0 and 1) : N=1, mean=1 (+/-0).
P1: N=1, mean=1 (+/-0).
P2: N=0, mean=0 (+/-0).
Game Durations: N=1, mean=61 (+/-0).
P1: N=1, mean=61 (+/-0).
P2: N=0, mean=0 (+/-0).
=====================================================
=====================================================
Completed 2 games.

Agent 1 (RegressionTreeSHUCTAny)
Winning score (between 0 and 1) : N=2, mean=0 (+/-0).
P1: N=1, mean=0 (+/-0).
P2: N=1, mean=0 (+/-0).
Game Durations: N=2, mean=65.5 (+/-8.81982).
P1: N=1, mean=70 (+/-0).
P2: N=1, mean=61 (+/-0).

Agent 2 (SHUCTAnyTime)
Winning score (between 0 and 1) : N=2, mean=1 (+/-0).
P1: N=1, mean=1 (+/-0).
P2: N=1, mean=1 (+/-0).
Game Durations: N=2, mean=65.5 (+/-8.81982).
P1: N=1, mean=61 (+/-0).
P2: N=1, mean=70 (+/-0).
=====================================================
=====================================================
Completed 3 games.

Agent 1 (RegressionTreeSHUCTAny)
Winning score (between 0 and 1) : N=3, mean=0 (+/-0).
P1: N=1, mean=0 (+/-0).
P2: N=2, mean=0 (+/-0).
Game Durations: N=3, mean=68 (+/-7.066736).
P1: N=1, mean=70 (+/-0).
P2: N=2, mean=67 (+/-11.75976).

Agent 2 (SHUCTAnyTime)
Winning score (between 0 and 1) : N=3, mean=1 (+/-0).
P1: N=2, mean=1 (+/-0).
P2: N=1, mean=1 (+/-0).
Game Durations: N=3, mean=68 (+/-7.066736).
P1: N=2, mean=67 (+/-11.75976).
P2: N=1, mean=70 (+/-0).
=====================================================
=====================================================
Completed 4 games.

Agent 1 (RegressionTreeSHUCTAny)
Winning score (between 0 and 1) : N=4, mean=0 (+/-0).
P1: N=2, mean=0 (+/-0).
P2: N=2, mean=0 (+/-0).
Game Durations: N=4, mean=68 (+/-4.996937).
P1: N=2, mean=69 (+/-1.95996).
P2: N=2, mean=67 (+/-11.75976).

Agent 2 (SHUCTAnyTime)
Winning score (between 0 and 1) : N=4, mean=1 (+/-0).
P1: N=2, mean=1 (+/-0).
P2: N=2, mean=1 (+/-0).
Game Durations: N=4, mean=68 (+/-4.996937).
P1: N=2, mean=67 (+/-11.75976).
P2: N=2, mean=69 (+/-1.95996).
=====================================================
=====================================================
Completed 5 games.

Agent 1 (RegressionTreeSHUCTAny)
Winning score (between 0 and 1) : N=5, mean=0 (+/-0).
P1: N=2, mean=0 (+/-0).
P2: N=3, mean=0 (+/-0).
Game Durations: N=5, mean=68.6 (+/-4.045312).
P1: N=2, mean=69 (+/-1.95996).
P2: N=3, mean=68.333333 (+/-7.275064).

Agent 2 (SHUCTAnyTime)
Winning score (between 0 and 1) : N=5, mean=1 (+/-0).
P1: N=3, mean=1 (+/-0).
P2: N=2, mean=1 (+/-0).
Game Durations: N=5, mean=68.6 (+/-4.045312).
P1: N=3, mean=68.333333 (+/-7.275064).
P2: N=2, mean=69 (+/-1.95996).
=====================================================
=====================================================
Completed 10 games.

Agent 1 (RegressionTreeSHUCTAny)
Winning score (between 0 and 1) : N=10, mean=0.2 (+/-0.261328).
P1: N=5, mean=0.4 (+/-0.48009).
P2: N=5, mean=0 (+/-0).
Game Durations: N=10, mean=70.1 (+/-3.166412).
P1: N=5, mean=70 (+/-4.249092).
P2: N=5, mean=70.2 (+/-5.200362).

Agent 2 (SHUCTAnyTime)
Winning score (between 0 and 1) : N=10, mean=0.8 (+/-0.261328).
P1: N=5, mean=1 (+/-0).
P2: N=5, mean=0.6 (+/-0.48009).
Game Durations: N=10, mean=70.1 (+/-3.166412).
P1: N=5, mean=70.2 (+/-5.200362).
P2: N=5, mean=70 (+/-4.249092).
=====================================================
=====================================================
Completed 20 games.

Agent 1 (RegressionTreeSHUCTAny)
Winning score (between 0 and 1) : N=20, mean=0.4 (+/-0.22028).
P1: N=10, mean=0.5 (+/-0.32666).
P2: N=10, mean=0.3 (+/-0.299389).
Game Durations: N=20, mean=69.8 (+/-1.785042).
P1: N=10, mean=69.7 (+/-2.26411).
P2: N=10, mean=69.9 (+/-2.884243).

Agent 2 (SHUCTAnyTime)
Winning score (between 0 and 1) : N=20, mean=0.6 (+/-0.22028).
P1: N=10, mean=0.7 (+/-0.299389).
P2: N=10, mean=0.5 (+/-0.32666).
Game Durations: N=20, mean=69.8 (+/-1.785042).
P1: N=10, mean=69.9 (+/-2.884243).
P2: N=10, mean=69.7 (+/-2.26411).
=====================================================
=====================================================
Completed 30 games.

Agent 1 (RegressionTreeSHUCTAny)
Winning score (between 0 and 1) : N=30, mean=0.5 (+/-0.181978).
P1: N=15, mean=0.533333 (+/-0.261328).
P2: N=15, mean=0.466667 (+/-0.261328).
Game Durations: N=30, mean=68.866667 (+/-1.754888).
P1: N=15, mean=68.533333 (+/-2.463384).
P2: N=15, mean=69.2 (+/-2.57473).

Agent 2 (SHUCTAnyTime)
Winning score (between 0 and 1) : N=30, mean=0.5 (+/-0.181978).
P1: N=15, mean=0.533333 (+/-0.261328).
P2: N=15, mean=0.466667 (+/-0.261328).
Game Durations: N=30, mean=68.866667 (+/-1.754888).
P1: N=15, mean=69.2 (+/-2.57473).
P2: N=15, mean=68.533333 (+/-2.463384).
=====================================================
=====================================================
Completed 40 games.

Agent 1 (RegressionTreeSHUCTAny)
Winning score (between 0 and 1) : N=40, mean=0.5 (+/-0.156922).
P1: N=20, mean=0.55 (+/-0.223696).
P2: N=20, mean=0.45 (+/-0.223696).
Game Durations: N=40, mean=69.9 (+/-1.638017).
P1: N=20, mean=70.25 (+/-2.383016).
P2: N=20, mean=69.55 (+/-2.299246).

Agent 2 (SHUCTAnyTime)
Winning score (between 0 and 1) : N=40, mean=0.5 (+/-0.156922).
P1: N=20, mean=0.55 (+/-0.223696).
P2: N=20, mean=0.45 (+/-0.223696).
Game Durations: N=40, mean=69.9 (+/-1.638017).
P1: N=20, mean=69.55 (+/-2.299246).
P2: N=20, mean=70.25 (+/-2.383016).
=====================================================
=====================================================
Completed 50 games.

Agent 1 (RegressionTreeSHUCTAny)
Winning score (between 0 and 1) : N=50, mean=0.46 (+/-0.139548).
P1: N=25, mean=0.52 (+/-0.199877).
P2: N=25, mean=0.4 (+/-0.195996).
Game Durations: N=50, mean=69.6 (+/-1.412237).
P1: N=25, mean=70.2 (+/-2.030554).
P2: N=25, mean=69 (+/-1.976226).

Agent 2 (SHUCTAnyTime)
Winning score (between 0 and 1) : N=50, mean=0.54 (+/-0.139548).
P1: N=25, mean=0.6 (+/-0.195996).
P2: N=25, mean=0.48 (+/-0.199877).
Game Durations: N=50, mean=69.6 (+/-1.412237).
P1: N=25, mean=69 (+/-1.976226).
P2: N=25, mean=70.2 (+/-2.030554).
=====================================================
=====================================================
Completed 60 games.

Agent 1 (RegressionTreeSHUCTAny)
Winning score (between 0 and 1) : N=60, mean=0.466667 (+/-0.127299).
P1: N=30, mean=0.5 (+/-0.181978).
P2: N=30, mean=0.433333 (+/-0.180353).
Game Durations: N=60, mean=69.4 (+/-1.208739).
P1: N=30, mean=70.1 (+/-1.715745).
P2: N=30, mean=68.7 (+/-1.694511).

Agent 2 (SHUCTAnyTime)
Winning score (between 0 and 1) : N=60, mean=0.533333 (+/-0.127299).
P1: N=30, mean=0.566667 (+/-0.180353).
P2: N=30, mean=0.5 (+/-0.181978).
Game Durations: N=60, mean=69.4 (+/-1.208739).
P1: N=30, mean=68.7 (+/-1.694511).
P2: N=30, mean=70.1 (+/-1.715745).
=====================================================
=====================================================
Completed 70 games.

Agent 1 (RegressionTreeSHUCTAny)
Winning score (between 0 and 1) : N=70, mean=0.471429 (+/-0.117783).
P1: N=35, mean=0.457143 (+/-0.167447).
P2: N=35, mean=0.485714 (+/-0.167997).
Game Durations: N=70, mean=69.428571 (+/-1.102081).
P1: N=35, mean=69.885714 (+/-1.519818).
P2: N=35, mean=68.971429 (+/-1.603966).

Agent 2 (SHUCTAnyTime)
Winning score (between 0 and 1) : N=70, mean=0.528571 (+/-0.117783).
P1: N=35, mean=0.514286 (+/-0.167997).
P2: N=35, mean=0.542857 (+/-0.167447).
Game Durations: N=70, mean=69.428571 (+/-1.102081).
P1: N=35, mean=68.971429 (+/-1.603966).
P2: N=35, mean=69.885714 (+/-1.519818).
=====================================================
=====================================================
Completed 80 games.

Agent 1 (RegressionTreeSHUCTAny)
Winning score (between 0 and 1) : N=80, mean=0.475 (+/-0.110118).
P1: N=40, mean=0.475 (+/-0.156726).
P2: N=40, mean=0.475 (+/-0.156726).
Game Durations: N=80, mean=69.625 (+/-1.016738).
P1: N=40, mean=69.825 (+/-1.412105).
P2: N=40, mean=69.425 (+/-1.478551).

Agent 2 (SHUCTAnyTime)
Winning score (between 0 and 1) : N=80, mean=0.525 (+/-0.110118).
P1: N=40, mean=0.525 (+/-0.156726).
P2: N=40, mean=0.525 (+/-0.156726).
Game Durations: N=80, mean=69.625 (+/-1.016738).
P1: N=40, mean=69.425 (+/-1.478551).
P2: N=40, mean=69.825 (+/-1.412105).
=====================================================
=====================================================
Completed 90 games.

Agent 1 (RegressionTreeSHUCTAny)
Winning score (between 0 and 1) : N=90, mean=0.455556 (+/-0.103466).
P1: N=45, mean=0.466667 (+/-0.147409).
P2: N=45, mean=0.444444 (+/-0.146823).
Game Durations: N=90, mean=69.777778 (+/-0.930543).
P1: N=45, mean=69.933333 (+/-1.298298).
P2: N=45, mean=69.622222 (+/-1.34655).

Agent 2 (SHUCTAnyTime)
Winning score (between 0 and 1) : N=90, mean=0.544444 (+/-0.103466).
P1: N=45, mean=0.555556 (+/-0.146823).
P2: N=45, mean=0.533333 (+/-0.147409).
Game Durations: N=90, mean=69.777778 (+/-0.930543).
P1: N=45, mean=69.622222 (+/-1.34655).
P2: N=45, mean=69.933333 (+/-1.298298).
=====================================================
=====================================================
Completed 100 games.

Agent 1 (RegressionTreeSHUCTAny)
Winning score (between 0 and 1) : N=100, mean=0.44 (+/-0.09778).
P1: N=50, mean=0.44 (+/-0.138986).
P2: N=50, mean=0.44 (+/-0.138986).
Game Durations: N=100, mean=69.72 (+/-0.859119).
P1: N=50, mean=69.96 (+/-1.173253).
P2: N=50, mean=69.48 (+/-1.26369).

Agent 2 (SHUCTAnyTime)
Winning score (between 0 and 1) : N=100, mean=0.56 (+/-0.09778).
P1: N=50, mean=0.56 (+/-0.138986).
P2: N=50, mean=0.56 (+/-0.138986).
Game Durations: N=100, mean=69.72 (+/-0.859119).
P1: N=50, mean=69.48 (+/-1.26369).
P2: N=50, mean=69.96 (+/-1.173253).
=====================================================
