Warming up...
Finished warming up!
=====================================================
Completed 1 games.

Agent 1 (EntropySHUCTAnytime)
Winning score (between 0 and 1) : N=1, mean=1 (+/-0).
P1: N=1, mean=1 (+/-0).
P2: N=0, mean=0 (+/-0).
Game Durations: N=1, mean=41 (+/-0).
P1: N=1, mean=41 (+/-0).
P2: N=0, mean=0 (+/-0).

Agent 2 (SHUCTAnyTime)
Winning score (between 0 and 1) : N=1, mean=0 (+/-0).
P1: N=0, mean=0 (+/-0).
P2: N=1, mean=0 (+/-0).
Game Durations: N=1, mean=41 (+/-0).
P1: N=0, mean=0 (+/-0).
P2: N=1, mean=41 (+/-0).
=====================================================
=====================================================
Completed 2 games.

Agent 1 (EntropySHUCTAnytime)
Winning score (between 0 and 1) : N=2, mean=0.5 (+/-0.97998).
P1: N=1, mean=1 (+/-0).
P2: N=1, mean=0 (+/-0).
Game Durations: N=2, mean=43 (+/-3.91992).
P1: N=1, mean=41 (+/-0).
P2: N=1, mean=45 (+/-0).

Agent 2 (SHUCTAnyTime)
Winning score (between 0 and 1) : N=2, mean=0.5 (+/-0.97998).
P1: N=1, mean=1 (+/-0).
P2: N=1, mean=0 (+/-0).
Game Durations: N=2, mean=43 (+/-3.91992).
P1: N=1, mean=45 (+/-0).
P2: N=1, mean=41 (+/-0).
=====================================================
=====================================================
Completed 3 games.

Agent 1 (EntropySHUCTAnytime)
Winning score (between 0 and 1) : N=3, mean=0.333333 (+/-0.65332).
P1: N=2, mean=0.5 (+/-0.97998).
P2: N=1, mean=0 (+/-0).
Game Durations: N=3, mean=38.666667 (+/-8.789522).
P1: N=2, mean=35.5 (+/-10.77978).
P2: N=1, mean=45 (+/-0).

Agent 2 (SHUCTAnyTime)
Winning score (between 0 and 1) : N=3, mean=0.666667 (+/-0.65332).
P1: N=1, mean=1 (+/-0).
P2: N=2, mean=0.5 (+/-0.97998).
Game Durations: N=3, mean=38.666667 (+/-8.789522).
P1: N=1, mean=45 (+/-0).
P2: N=2, mean=35.5 (+/-10.77978).
=====================================================
=====================================================
Completed 4 games.

Agent 1 (EntropySHUCTAnytime)
Winning score (between 0 and 1) : N=4, mean=0.25 (+/-0.48999).
P1: N=2, mean=0.5 (+/-0.97998).
P2: N=2, mean=0 (+/-0).
Game Durations: N=4, mean=38.75 (+/-6.217276).
P1: N=2, mean=35.5 (+/-10.77978).
P2: N=2, mean=42 (+/-5.87988).

Agent 2 (SHUCTAnyTime)
Winning score (between 0 and 1) : N=4, mean=0.75 (+/-0.48999).
P1: N=2, mean=1 (+/-0).
P2: N=2, mean=0.5 (+/-0.97998).
Game Durations: N=4, mean=38.75 (+/-6.217276).
P1: N=2, mean=42 (+/-5.87988).
P2: N=2, mean=35.5 (+/-10.77978).
=====================================================
=====================================================
Completed 5 games.

Agent 1 (EntropySHUCTAnytime)
Winning score (between 0 and 1) : N=5, mean=0.4 (+/-0.48009).
P1: N=3, mean=0.666667 (+/-0.65332).
P2: N=2, mean=0 (+/-0).
Game Durations: N=5, mean=38 (+/-5.035228).
P1: N=3, mean=35.333333 (+/-6.232276).
P2: N=2, mean=42 (+/-5.87988).

Agent 2 (SHUCTAnyTime)
Winning score (between 0 and 1) : N=5, mean=0.6 (+/-0.48009).
P1: N=2, mean=1 (+/-0).
P2: N=3, mean=0.333333 (+/-0.65332).
Game Durations: N=5, mean=38 (+/-5.035228).
P1: N=2, mean=42 (+/-5.87988).
P2: N=3, mean=35.333333 (+/-6.232276).
=====================================================
=====================================================
Completed 10 games.

Agent 1 (EntropySHUCTAnytime)
Winning score (between 0 and 1) : N=10, mean=0.3 (+/-0.299389).
P1: N=5, mean=0.6 (+/-0.48009).
P2: N=5, mean=0 (+/-0).
Game Durations: N=10, mean=38.5 (+/-6.599826).
P1: N=5, mean=34.6 (+/-4.495107).
P2: N=5, mean=42.4 (+/-12.107414).

Agent 2 (SHUCTAnyTime)
Winning score (between 0 and 1) : N=10, mean=0.7 (+/-0.299389).
P1: N=5, mean=1 (+/-0).
P2: N=5, mean=0.4 (+/-0.48009).
Game Durations: N=10, mean=38.5 (+/-6.599826).
P1: N=5, mean=42.4 (+/-12.107414).
P2: N=5, mean=34.6 (+/-4.495107).
=====================================================
=====================================================
Completed 20 games.

Agent 1 (EntropySHUCTAnytime)
Winning score (between 0 and 1) : N=20, mean=0.35 (+/-0.214467).
P1: N=10, mean=0.5 (+/-0.32666).
P2: N=10, mean=0.2 (+/-0.261328).
Game Durations: N=20, mean=31.2 (+/-5.462038).
P1: N=10, mean=27.5 (+/-5.397309).
P2: N=10, mean=34.9 (+/-9.227552).

Agent 2 (SHUCTAnyTime)
Winning score (between 0 and 1) : N=20, mean=0.65 (+/-0.214467).
P1: N=10, mean=0.8 (+/-0.261328).
P2: N=10, mean=0.5 (+/-0.32666).
Game Durations: N=20, mean=31.2 (+/-5.462038).
P1: N=10, mean=34.9 (+/-9.227552).
P2: N=10, mean=27.5 (+/-5.397309).
=====================================================
=====================================================
Completed 30 games.

Agent 1 (EntropySHUCTAnytime)
Winning score (between 0 and 1) : N=30, mean=0.45 (+/-0.177991).
P1: N=15, mean=0.6 (+/-0.256619).
P2: N=15, mean=0.3 (+/-0.230323).
Game Durations: N=30, mean=31.8 (+/-5.078363).
P1: N=15, mean=28.733333 (+/-4.870756).
P2: N=15, mean=34.866667 (+/-8.82939).

Agent 2 (SHUCTAnyTime)
Winning score (between 0 and 1) : N=30, mean=0.55 (+/-0.177991).
P1: N=15, mean=0.7 (+/-0.230323).
P2: N=15, mean=0.4 (+/-0.256619).
Game Durations: N=30, mean=31.8 (+/-5.078363).
P1: N=15, mean=34.866667 (+/-8.82939).
P2: N=15, mean=28.733333 (+/-4.870756).
=====================================================
=====================================================
Completed 40 games.

Agent 1 (EntropySHUCTAnytime)
Winning score (between 0 and 1) : N=40, mean=0.425 (+/-0.151127).
P1: N=20, mean=0.55 (+/-0.223696).
P2: N=20, mean=0.3 (+/-0.1934).
Game Durations: N=40, mean=30 (+/-4.497955).
P1: N=20, mean=26.75 (+/-3.991159).
P2: N=20, mean=33.25 (+/-7.928153).

Agent 2 (SHUCTAnyTime)
Winning score (between 0 and 1) : N=40, mean=0.575 (+/-0.151127).
P1: N=20, mean=0.7 (+/-0.1934).
P2: N=20, mean=0.45 (+/-0.223696).
Game Durations: N=40, mean=30 (+/-4.497955).
P1: N=20, mean=33.25 (+/-7.928153).
P2: N=20, mean=26.75 (+/-3.991159).
=====================================================
=====================================================
Completed 50 games.

Agent 1 (EntropySHUCTAnytime)
Winning score (between 0 and 1) : N=50, mean=0.48 (+/-0.137054).
P1: N=25, mean=0.64 (+/-0.192036).
P2: N=25, mean=0.32 (+/-0.177842).
Game Durations: N=50, mean=30.82 (+/-3.918596).
P1: N=25, mean=27.6 (+/-3.439716).
P2: N=25, mean=34.04 (+/-6.89568).

Agent 2 (SHUCTAnyTime)
Winning score (between 0 and 1) : N=50, mean=0.52 (+/-0.137054).
P1: N=25, mean=0.68 (+/-0.177842).
P2: N=25, mean=0.36 (+/-0.192036).
Game Durations: N=50, mean=30.82 (+/-3.918596).
P1: N=25, mean=34.04 (+/-6.89568).
P2: N=25, mean=27.6 (+/-3.439716).
=====================================================
=====================================================
Completed 60 games.

Agent 1 (EntropySHUCTAnytime)
Winning score (between 0 and 1) : N=60, mean=0.466667 (+/-0.125149).
P1: N=30, mean=0.633333 (+/-0.175388).
P2: N=30, mean=0.3 (+/-0.16003).
Game Durations: N=60, mean=30.966667 (+/-3.706184).
P1: N=30, mean=28.933333 (+/-3.834432).
P2: N=30, mean=33 (+/-6.331848).

Agent 2 (SHUCTAnyTime)
Winning score (between 0 and 1) : N=60, mean=0.533333 (+/-0.125149).
P1: N=30, mean=0.7 (+/-0.16003).
P2: N=30, mean=0.366667 (+/-0.175388).
Game Durations: N=60, mean=30.966667 (+/-3.706184).
P1: N=30, mean=33 (+/-6.331848).
P2: N=30, mean=28.933333 (+/-3.834432).
=====================================================
=====================================================
Completed 70 games.

Agent 1 (EntropySHUCTAnytime)
Winning score (between 0 and 1) : N=70, mean=0.442857 (+/-0.115494).
P1: N=35, mean=0.571429 (+/-0.166341).
P2: N=35, mean=0.314286 (+/-0.150782).
Game Durations: N=70, mean=31.442857 (+/-3.372098).
P1: N=35, mean=30.285714 (+/-3.869836).
P2: N=35, mean=32.6 (+/-5.556516).

Agent 2 (SHUCTAnyTime)
Winning score (between 0 and 1) : N=70, mean=0.557143 (+/-0.115494).
P1: N=35, mean=0.685714 (+/-0.150782).
P2: N=35, mean=0.428571 (+/-0.166341).
Game Durations: N=70, mean=31.442857 (+/-3.372098).
P1: N=35, mean=32.6 (+/-5.556516).
P2: N=35, mean=30.285714 (+/-3.869836).
=====================================================
=====================================================
Completed 80 games.

Agent 1 (EntropySHUCTAnytime)
Winning score (between 0 and 1) : N=80, mean=0.44375 (+/-0.107456).
P1: N=40, mean=0.5625 (+/-0.153702).
P2: N=40, mean=0.325 (+/-0.142748).
Game Durations: N=80, mean=31.7375 (+/-3.180613).
P1: N=40, mean=31.275 (+/-4.032623).
P2: N=40, mean=32.2 (+/-4.967876).

Agent 2 (SHUCTAnyTime)
Winning score (between 0 and 1) : N=80, mean=0.55625 (+/-0.107456).
P1: N=40, mean=0.675 (+/-0.142748).
P2: N=40, mean=0.4375 (+/-0.153702).
Game Durations: N=80, mean=31.7375 (+/-3.180613).
P1: N=40, mean=32.2 (+/-4.967876).
P2: N=40, mean=31.275 (+/-4.032623).
=====================================================
=====================================================
Completed 90 games.

Agent 1 (EntropySHUCTAnytime)
Winning score (between 0 and 1) : N=90, mean=0.405556 (+/-0.100229).
P1: N=45, mean=0.522222 (+/-0.145939).
P2: N=45, mean=0.288889 (+/-0.130251).
Game Durations: N=90, mean=32 (+/-2.949508).
P1: N=45, mean=32.111111 (+/-3.817222).
P2: N=45, mean=31.888889 (+/-4.540979).

Agent 2 (SHUCTAnyTime)
Winning score (between 0 and 1) : N=90, mean=0.594444 (+/-0.100229).
P1: N=45, mean=0.711111 (+/-0.130251).
P2: N=45, mean=0.477778 (+/-0.145939).
Game Durations: N=90, mean=32 (+/-2.949508).
P1: N=45, mean=31.888889 (+/-4.540979).
P2: N=45, mean=32.111111 (+/-3.817222).
=====================================================
=====================================================
Completed 100 games.

Agent 1 (EntropySHUCTAnytime)
Winning score (between 0 and 1) : N=100, mean=0.395 (+/-0.094772).
P1: N=50, mean=0.51 (+/-0.138562).
P2: N=50, mean=0.28 (+/-0.122559).
Game Durations: N=100, mean=31.32 (+/-2.765057).
P1: N=50, mean=31.22 (+/-3.658097).
P2: N=50, mean=31.42 (+/-4.184614).

Agent 2 (SHUCTAnyTime)
Winning score (between 0 and 1) : N=100, mean=0.605 (+/-0.094772).
P1: N=50, mean=0.72 (+/-0.122559).
P2: N=50, mean=0.49 (+/-0.138562).
Game Durations: N=100, mean=31.32 (+/-2.765057).
P1: N=50, mean=31.42 (+/-4.184614).
P2: N=50, mean=31.22 (+/-3.658097).
=====================================================
