Warming up...
Finished warming up!
=====================================================
Completed 1 games.

Agent 1 (EntropySHUCTAnytime)
Winning score (between 0 and 1) : N=1, mean=1 (+/-0).
P1: N=1, mean=1 (+/-0).
P2: N=0, mean=0 (+/-0).
Game Durations: N=1, mean=29 (+/-0).
P1: N=1, mean=29 (+/-0).
P2: N=0, mean=0 (+/-0).

Agent 2 (SHUCTAnyTime)
Winning score (between 0 and 1) : N=1, mean=0 (+/-0).
P1: N=0, mean=0 (+/-0).
P2: N=1, mean=0 (+/-0).
Game Durations: N=1, mean=29 (+/-0).
P1: N=0, mean=0 (+/-0).
P2: N=1, mean=29 (+/-0).
=====================================================
=====================================================
Completed 2 games.

Agent 1 (EntropySHUCTAnytime)
Winning score (between 0 and 1) : N=2, mean=1 (+/-0).
P1: N=1, mean=1 (+/-0).
P2: N=1, mean=1 (+/-0).
Game Durations: N=2, mean=29.5 (+/-0.97998).
P1: N=1, mean=29 (+/-0).
P2: N=1, mean=30 (+/-0).

Agent 2 (SHUCTAnyTime)
Winning score (between 0 and 1) : N=2, mean=0 (+/-0).
P1: N=1, mean=0 (+/-0).
P2: N=1, mean=0 (+/-0).
Game Durations: N=2, mean=29.5 (+/-0.97998).
P1: N=1, mean=30 (+/-0).
P2: N=1, mean=29 (+/-0).
=====================================================
=====================================================
Completed 3 games.

Agent 1 (EntropySHUCTAnytime)
Winning score (between 0 and 1) : N=3, mean=1 (+/-0).
P1: N=2, mean=1 (+/-0).
P2: N=1, mean=1 (+/-0).
Game Durations: N=3, mean=34 (+/-8.837949).
P1: N=2, mean=36 (+/-13.71972).
P2: N=1, mean=30 (+/-0).

Agent 2 (SHUCTAnyTime)
Winning score (between 0 and 1) : N=3, mean=0 (+/-0).
P1: N=1, mean=0 (+/-0).
P2: N=2, mean=0 (+/-0).
Game Durations: N=3, mean=34 (+/-8.837949).
P1: N=1, mean=30 (+/-0).
P2: N=2, mean=36 (+/-13.71972).
=====================================================
=====================================================
Completed 4 games.

Agent 1 (EntropySHUCTAnytime)
Winning score (between 0 and 1) : N=4, mean=0.75 (+/-0.48999).
P1: N=2, mean=1 (+/-0).
P2: N=2, mean=0.5 (+/-0.97998).
Game Durations: N=4, mean=30.25 (+/-9.647537).
P1: N=2, mean=36 (+/-13.71972).
P2: N=2, mean=24.5 (+/-10.77978).

Agent 2 (SHUCTAnyTime)
Winning score (between 0 and 1) : N=4, mean=0.25 (+/-0.48999).
P1: N=2, mean=0.5 (+/-0.97998).
P2: N=2, mean=0 (+/-0).
Game Durations: N=4, mean=30.25 (+/-9.647537).
P1: N=2, mean=24.5 (+/-10.77978).
P2: N=2, mean=36 (+/-13.71972).
=====================================================
=====================================================
Completed 5 games.

Agent 1 (EntropySHUCTAnytime)
Winning score (between 0 and 1) : N=5, mean=0.6 (+/-0.48009).
P1: N=3, mean=0.666667 (+/-0.65332).
P2: N=2, mean=0.5 (+/-0.97998).
Game Durations: N=5, mean=33.4 (+/-9.693384).
P1: N=3, mean=39.333333 (+/-10.26773).
P2: N=2, mean=24.5 (+/-10.77978).

Agent 2 (SHUCTAnyTime)
Winning score (between 0 and 1) : N=5, mean=0.4 (+/-0.48009).
P1: N=2, mean=0.5 (+/-0.97998).
P2: N=3, mean=0.333333 (+/-0.65332).
Game Durations: N=5, mean=33.4 (+/-9.693384).
P1: N=2, mean=24.5 (+/-10.77978).
P2: N=3, mean=39.333333 (+/-10.26773).
=====================================================
=====================================================
Completed 10 games.

Agent 1 (EntropySHUCTAnytime)
Winning score (between 0 and 1) : N=10, mean=0.6 (+/-0.32006).
P1: N=5, mean=0.6 (+/-0.48009).
P2: N=5, mean=0.6 (+/-0.48009).
Game Durations: N=10, mean=35 (+/-7.204316).
P1: N=5, mean=33.8 (+/-8.839398).
P2: N=5, mean=36.2 (+/-12.355523).

Agent 2 (SHUCTAnyTime)
Winning score (between 0 and 1) : N=10, mean=0.4 (+/-0.32006).
P1: N=5, mean=0.4 (+/-0.48009).
P2: N=5, mean=0.4 (+/-0.48009).
Game Durations: N=10, mean=35 (+/-7.204316).
P1: N=5, mean=36.2 (+/-12.355523).
P2: N=5, mean=33.8 (+/-8.839398).
=====================================================
=====================================================
Completed 20 games.

Agent 1 (EntropySHUCTAnytime)
Winning score (between 0 and 1) : N=20, mean=0.5 (+/-0.224823).
P1: N=10, mean=0.5 (+/-0.32666).
P2: N=10, mean=0.5 (+/-0.32666).
Game Durations: N=20, mean=35.6 (+/-5.558901).
P1: N=10, mean=37.7 (+/-6.802376).
P2: N=10, mean=33.5 (+/-8.968587).

Agent 2 (SHUCTAnyTime)
Winning score (between 0 and 1) : N=20, mean=0.5 (+/-0.224823).
P1: N=10, mean=0.5 (+/-0.32666).
P2: N=10, mean=0.5 (+/-0.32666).
Game Durations: N=20, mean=35.6 (+/-5.558901).
P1: N=10, mean=33.5 (+/-8.968587).
P2: N=10, mean=37.7 (+/-6.802376).
=====================================================
=====================================================
Completed 30 games.

Agent 1 (EntropySHUCTAnytime)
Winning score (between 0 and 1) : N=30, mean=0.433333 (+/-0.180353).
P1: N=15, mean=0.4 (+/-0.256619).
P2: N=15, mean=0.466667 (+/-0.261328).
Game Durations: N=30, mean=34.766667 (+/-4.566815).
P1: N=15, mean=33.466667 (+/-6.159054).
P2: N=15, mean=36.066667 (+/-6.895014).

Agent 2 (SHUCTAnyTime)
Winning score (between 0 and 1) : N=30, mean=0.566667 (+/-0.180353).
P1: N=15, mean=0.533333 (+/-0.261328).
P2: N=15, mean=0.6 (+/-0.256619).
Game Durations: N=30, mean=34.766667 (+/-4.566815).
P1: N=15, mean=36.066667 (+/-6.895014).
P2: N=15, mean=33.466667 (+/-6.159054).
=====================================================
=====================================================
Completed 40 games.

Agent 1 (EntropySHUCTAnytime)
Winning score (between 0 and 1) : N=40, mean=0.475 (+/-0.156726).
P1: N=20, mean=0.4 (+/-0.22028).
P2: N=20, mean=0.55 (+/-0.223696).
Game Durations: N=40, mean=36.875 (+/-4.010089).
P1: N=20, mean=34.45 (+/-5.345822).
P2: N=20, mean=39.3 (+/-5.921169).

Agent 2 (SHUCTAnyTime)
Winning score (between 0 and 1) : N=40, mean=0.525 (+/-0.156726).
P1: N=20, mean=0.45 (+/-0.223696).
P2: N=20, mean=0.6 (+/-0.22028).
Game Durations: N=40, mean=36.875 (+/-4.010089).
P1: N=20, mean=39.3 (+/-5.921169).
P2: N=20, mean=34.45 (+/-5.345822).
=====================================================
=====================================================
Completed 50 games.

Agent 1 (EntropySHUCTAnytime)
Winning score (between 0 and 1) : N=50, mean=0.46 (+/-0.139548).
P1: N=25, mean=0.44 (+/-0.198592).
P2: N=25, mean=0.48 (+/-0.199877).
Game Durations: N=50, mean=35.78 (+/-3.747445).
P1: N=25, mean=33.36 (+/-4.576804).
P2: N=25, mean=38.2 (+/-5.875523).

Agent 2 (SHUCTAnyTime)
Winning score (between 0 and 1) : N=50, mean=0.54 (+/-0.139548).
P1: N=25, mean=0.52 (+/-0.199877).
P2: N=25, mean=0.56 (+/-0.198592).
Game Durations: N=50, mean=35.78 (+/-3.747445).
P1: N=25, mean=38.2 (+/-5.875523).
P2: N=25, mean=33.36 (+/-4.576804).
=====================================================
=====================================================
Completed 60 games.

Agent 1 (EntropySHUCTAnytime)
Winning score (between 0 and 1) : N=60, mean=0.5 (+/-0.127583).
P1: N=30, mean=0.466667 (+/-0.181573).
P2: N=30, mean=0.533333 (+/-0.181573).
Game Durations: N=60, mean=35.783333 (+/-3.430078).
P1: N=30, mean=34.433333 (+/-4.627326).
P2: N=30, mean=37.133333 (+/-5.096878).

Agent 2 (SHUCTAnyTime)
Winning score (between 0 and 1) : N=60, mean=0.5 (+/-0.127583).
P1: N=30, mean=0.466667 (+/-0.181573).
P2: N=30, mean=0.533333 (+/-0.181573).
Game Durations: N=60, mean=35.783333 (+/-3.430078).
P1: N=30, mean=37.133333 (+/-5.096878).
P2: N=30, mean=34.433333 (+/-4.627326).
=====================================================
=====================================================
Completed 70 games.

Agent 1 (EntropySHUCTAnytime)
Winning score (between 0 and 1) : N=70, mean=0.485714 (+/-0.117928).
P1: N=35, mean=0.457143 (+/-0.167447).
P2: N=35, mean=0.514286 (+/-0.167997).
Game Durations: N=70, mean=35.2 (+/-3.216861).
P1: N=35, mean=34.457143 (+/-4.239085).
P2: N=35, mean=35.942857 (+/-4.889475).

Agent 2 (SHUCTAnyTime)
Winning score (between 0 and 1) : N=70, mean=0.514286 (+/-0.117928).
P1: N=35, mean=0.485714 (+/-0.167997).
P2: N=35, mean=0.542857 (+/-0.167447).
Game Durations: N=70, mean=35.2 (+/-3.216861).
P1: N=35, mean=35.942857 (+/-4.889475).
P2: N=35, mean=34.457143 (+/-4.239085).
=====================================================
=====================================================
Completed 80 games.

Agent 1 (EntropySHUCTAnytime)
Winning score (between 0 and 1) : N=80, mean=0.4875 (+/-0.110222).
P1: N=40, mean=0.475 (+/-0.156726).
P2: N=40, mean=0.5 (+/-0.156922).
Game Durations: N=80, mean=34.675 (+/-2.942993).
P1: N=40, mean=34.675 (+/-3.882926).
P2: N=40, mean=34.675 (+/-4.473465).

Agent 2 (SHUCTAnyTime)
Winning score (between 0 and 1) : N=80, mean=0.5125 (+/-0.110222).
P1: N=40, mean=0.5 (+/-0.156922).
P2: N=40, mean=0.525 (+/-0.156726).
Game Durations: N=80, mean=34.675 (+/-2.942993).
P1: N=40, mean=34.675 (+/-4.473465).
P2: N=40, mean=34.675 (+/-3.882926).
=====================================================
=====================================================
Completed 90 games.

Agent 1 (EntropySHUCTAnytime)
Winning score (between 0 and 1) : N=90, mean=0.488889 (+/-0.103852).
P1: N=45, mean=0.466667 (+/-0.147409).
P2: N=45, mean=0.511111 (+/-0.147701).
Game Durations: N=90, mean=33.688889 (+/-2.767411).
P1: N=45, mean=34.066667 (+/-3.715318).
P2: N=45, mean=33.311111 (+/-4.141724).

Agent 2 (SHUCTAnyTime)
Winning score (between 0 and 1) : N=90, mean=0.511111 (+/-0.103852).
P1: N=45, mean=0.488889 (+/-0.147701).
P2: N=45, mean=0.533333 (+/-0.147409).
Game Durations: N=90, mean=33.688889 (+/-2.767411).
P1: N=45, mean=33.311111 (+/-4.141724).
P2: N=45, mean=34.066667 (+/-3.715318).
=====================================================
=====================================================
Completed 100 games.

Agent 1 (EntropySHUCTAnytime)
Winning score (between 0 and 1) : N=100, mean=0.52 (+/-0.098413).
P1: N=50, mean=0.52 (+/-0.139885).
P2: N=50, mean=0.52 (+/-0.139885).
Game Durations: N=100, mean=32.49 (+/-2.679046).
P1: N=50, mean=32.36 (+/-3.670707).
P2: N=50, mean=32.62 (+/-3.940223).

Agent 2 (SHUCTAnyTime)
Winning score (between 0 and 1) : N=100, mean=0.48 (+/-0.098413).
P1: N=50, mean=0.48 (+/-0.139885).
P2: N=50, mean=0.48 (+/-0.139885).
Game Durations: N=100, mean=32.49 (+/-2.679046).
P1: N=50, mean=32.62 (+/-3.940223).
P2: N=50, mean=32.36 (+/-3.670707).
=====================================================
