Warming up...
Finished warming up!
=====================================================
Completed 1 games.

Agent 1 (EntropySHUCTAnytime)
Winning score (between 0 and 1) : N=1, mean=1 (+/-0).
P1: N=1, mean=1 (+/-0).
P2: N=0, mean=0 (+/-0).
Game Durations: N=1, mean=138 (+/-0).
P1: N=1, mean=138 (+/-0).
P2: N=0, mean=0 (+/-0).

Agent 2 (SHUCTAnyTime)
Winning score (between 0 and 1) : N=1, mean=0 (+/-0).
P1: N=0, mean=0 (+/-0).
P2: N=1, mean=0 (+/-0).
Game Durations: N=1, mean=138 (+/-0).
P1: N=0, mean=0 (+/-0).
P2: N=1, mean=138 (+/-0).
=====================================================
=====================================================
Completed 2 games.

Agent 1 (EntropySHUCTAnytime)
Winning score (between 0 and 1) : N=2, mean=0.5 (+/-0.97998).
P1: N=1, mean=1 (+/-0).
P2: N=1, mean=0 (+/-0).
Game Durations: N=2, mean=150 (+/-23.51952).
P1: N=1, mean=138 (+/-0).
P2: N=1, mean=162 (+/-0).

Agent 2 (SHUCTAnyTime)
Winning score (between 0 and 1) : N=2, mean=0.5 (+/-0.97998).
P1: N=1, mean=1 (+/-0).
P2: N=1, mean=0 (+/-0).
Game Durations: N=2, mean=150 (+/-23.51952).
P1: N=1, mean=162 (+/-0).
P2: N=1, mean=138 (+/-0).
=====================================================
=====================================================
Completed 3 games.

Agent 1 (EntropySHUCTAnytime)
Winning score (between 0 and 1) : N=3, mean=0.333333 (+/-0.65332).
P1: N=2, mean=0.5 (+/-0.97998).
P2: N=1, mean=0 (+/-0).
Game Durations: N=3, mean=146.666667 (+/-15.068908).
P1: N=2, mean=139 (+/-1.95996).
P2: N=1, mean=162 (+/-0).

Agent 2 (SHUCTAnyTime)
Winning score (between 0 and 1) : N=3, mean=0.666667 (+/-0.65332).
P1: N=1, mean=1 (+/-0).
P2: N=2, mean=0.5 (+/-0.97998).
Game Durations: N=3, mean=146.666667 (+/-15.068908).
P1: N=1, mean=162 (+/-0).
P2: N=2, mean=139 (+/-1.95996).
=====================================================
=====================================================
Completed 4 games.

Agent 1 (EntropySHUCTAnytime)
Winning score (between 0 and 1) : N=4, mean=0.25 (+/-0.48999).
P1: N=2, mean=0.5 (+/-0.97998).
P2: N=2, mean=0 (+/-0).
Game Durations: N=4, mean=154.5 (+/-18.688264).
P1: N=2, mean=139 (+/-1.95996).
P2: N=2, mean=170 (+/-15.67968).

Agent 2 (SHUCTAnyTime)
Winning score (between 0 and 1) : N=4, mean=0.75 (+/-0.48999).
P1: N=2, mean=1 (+/-0).
P2: N=2, mean=0.5 (+/-0.97998).
Game Durations: N=4, mean=154.5 (+/-18.688264).
P1: N=2, mean=170 (+/-15.67968).
P2: N=2, mean=139 (+/-1.95996).
=====================================================
=====================================================
Completed 5 games.

Agent 1 (EntropySHUCTAnytime)
Winning score (between 0 and 1) : N=5, mean=0.4 (+/-0.48009).
P1: N=3, mean=0.666667 (+/-0.65332).
P2: N=2, mean=0 (+/-0).
Game Durations: N=5, mean=157.6 (+/-15.699267).
P1: N=3, mean=149.333333 (+/-20.284508).
P2: N=2, mean=170 (+/-15.67968).

Agent 2 (SHUCTAnyTime)
Winning score (between 0 and 1) : N=5, mean=0.6 (+/-0.48009).
P1: N=2, mean=1 (+/-0).
P2: N=3, mean=0.333333 (+/-0.65332).
Game Durations: N=5, mean=157.6 (+/-15.699267).
P1: N=2, mean=170 (+/-15.67968).
P2: N=3, mean=149.333333 (+/-20.284508).
=====================================================
=====================================================
Completed 10 games.

Agent 1 (EntropySHUCTAnytime)
Winning score (between 0 and 1) : N=10, mean=0.5 (+/-0.32666).
P1: N=5, mean=0.4 (+/-0.48009).
P2: N=5, mean=0.6 (+/-0.48009).
Game Durations: N=10, mean=161.6 (+/-8.800199).
P1: N=5, mean=156.8 (+/-15.11077).
P2: N=5, mean=166.4 (+/-8.712458).

Agent 2 (SHUCTAnyTime)
Winning score (between 0 and 1) : N=10, mean=0.5 (+/-0.32666).
P1: N=5, mean=0.4 (+/-0.48009).
P2: N=5, mean=0.6 (+/-0.48009).
Game Durations: N=10, mean=161.6 (+/-8.800199).
P1: N=5, mean=166.4 (+/-8.712458).
P2: N=5, mean=156.8 (+/-15.11077).
=====================================================
=====================================================
Completed 20 games.

Agent 1 (EntropySHUCTAnytime)
Winning score (between 0 and 1) : N=20, mean=0.35 (+/-0.214467).
P1: N=10, mean=0.3 (+/-0.299389).
P2: N=10, mean=0.4 (+/-0.32006).
Game Durations: N=20, mean=160.5 (+/-7.182377).
P1: N=10, mean=156.2 (+/-11.352739).
P2: N=10, mean=164.8 (+/-8.552256).

Agent 2 (SHUCTAnyTime)
Winning score (between 0 and 1) : N=20, mean=0.65 (+/-0.214467).
P1: N=10, mean=0.6 (+/-0.32006).
P2: N=10, mean=0.7 (+/-0.299389).
Game Durations: N=20, mean=160.5 (+/-7.182377).
P1: N=10, mean=164.8 (+/-8.552256).
P2: N=10, mean=156.2 (+/-11.352739).
=====================================================
=====================================================
Completed 30 games.

Agent 1 (EntropySHUCTAnytime)
Winning score (between 0 and 1) : N=30, mean=0.433333 (+/-0.180353).
P1: N=15, mean=0.4 (+/-0.256619).
P2: N=15, mean=0.466667 (+/-0.261328).
Game Durations: N=30, mean=158.666667 (+/-5.493464).
P1: N=15, mean=155.733333 (+/-8.068587).
P2: N=15, mean=161.6 (+/-7.429651).

Agent 2 (SHUCTAnyTime)
Winning score (between 0 and 1) : N=30, mean=0.566667 (+/-0.180353).
P1: N=15, mean=0.533333 (+/-0.261328).
P2: N=15, mean=0.6 (+/-0.256619).
Game Durations: N=30, mean=158.666667 (+/-5.493464).
P1: N=15, mean=161.6 (+/-7.429651).
P2: N=15, mean=155.733333 (+/-8.068587).
=====================================================
=====================================================
Completed 40 games.

Agent 1 (EntropySHUCTAnytime)
Winning score (between 0 and 1) : N=40, mean=0.475 (+/-0.156726).
P1: N=20, mean=0.4 (+/-0.22028).
P2: N=20, mean=0.55 (+/-0.223696).
Game Durations: N=40, mean=159.05 (+/-4.910417).
P1: N=20, mean=156.8 (+/-6.412143).
P2: N=20, mean=161.3 (+/-7.471563).

Agent 2 (SHUCTAnyTime)
Winning score (between 0 and 1) : N=40, mean=0.525 (+/-0.156726).
P1: N=20, mean=0.45 (+/-0.223696).
P2: N=20, mean=0.6 (+/-0.22028).
Game Durations: N=40, mean=159.05 (+/-4.910417).
P1: N=20, mean=161.3 (+/-7.471563).
P2: N=20, mean=156.8 (+/-6.412143).
=====================================================
=====================================================
Completed 50 games.

Agent 1 (EntropySHUCTAnytime)
Winning score (between 0 and 1) : N=50, mean=0.5 (+/-0.139997).
P1: N=25, mean=0.44 (+/-0.198592).
P2: N=25, mean=0.56 (+/-0.198592).
Game Durations: N=50, mean=157.76 (+/-4.391739).
P1: N=25, mean=155.92 (+/-5.641962).
P2: N=25, mean=159.6 (+/-6.770615).

Agent 2 (SHUCTAnyTime)
Winning score (between 0 and 1) : N=50, mean=0.5 (+/-0.139997).
P1: N=25, mean=0.44 (+/-0.198592).
P2: N=25, mean=0.56 (+/-0.198592).
Game Durations: N=50, mean=157.76 (+/-4.391739).
P1: N=25, mean=159.6 (+/-6.770615).
P2: N=25, mean=155.92 (+/-5.641962).
=====================================================
=====================================================
Completed 60 games.

Agent 1 (EntropySHUCTAnytime)
Winning score (between 0 and 1) : N=60, mean=0.516667 (+/-0.127512).
P1: N=30, mean=0.4 (+/-0.178301).
P2: N=30, mean=0.633333 (+/-0.175388).
Game Durations: N=60, mean=156.1 (+/-3.996056).
P1: N=30, mean=154.933333 (+/-4.921644).
P2: N=30, mean=157.266667 (+/-6.355467).

Agent 2 (SHUCTAnyTime)
Winning score (between 0 and 1) : N=60, mean=0.483333 (+/-0.127512).
P1: N=30, mean=0.366667 (+/-0.175388).
P2: N=30, mean=0.6 (+/-0.178301).
Game Durations: N=60, mean=156.1 (+/-3.996056).
P1: N=30, mean=157.266667 (+/-6.355467).
P2: N=30, mean=154.933333 (+/-4.921644).
=====================================================
=====================================================
Completed 70 games.

Agent 1 (EntropySHUCTAnytime)
Winning score (between 0 and 1) : N=70, mean=0.514286 (+/-0.117928).
P1: N=35, mean=0.457143 (+/-0.167447).
P2: N=35, mean=0.571429 (+/-0.166341).
Game Durations: N=70, mean=154.942857 (+/-3.741127).
P1: N=35, mean=153.485714 (+/-4.680631).
P2: N=35, mean=156.4 (+/-5.866799).

Agent 2 (SHUCTAnyTime)
Winning score (between 0 and 1) : N=70, mean=0.485714 (+/-0.117928).
P1: N=35, mean=0.428571 (+/-0.166341).
P2: N=35, mean=0.542857 (+/-0.167447).
Game Durations: N=70, mean=154.942857 (+/-3.741127).
P1: N=35, mean=156.4 (+/-5.866799).
P2: N=35, mean=153.485714 (+/-4.680631).
=====================================================
=====================================================
Completed 80 games.

Agent 1 (EntropySHUCTAnytime)
Winning score (between 0 and 1) : N=80, mean=0.525 (+/-0.110118).
P1: N=40, mean=0.475 (+/-0.156726).
P2: N=40, mean=0.575 (+/-0.155147).
Game Durations: N=80, mean=155.35 (+/-3.437294).
P1: N=40, mean=153.65 (+/-4.316678).
P2: N=40, mean=157.05 (+/-5.353768).

Agent 2 (SHUCTAnyTime)
Winning score (between 0 and 1) : N=80, mean=0.475 (+/-0.110118).
P1: N=40, mean=0.425 (+/-0.155147).
P2: N=40, mean=0.525 (+/-0.156726).
Game Durations: N=80, mean=155.35 (+/-3.437294).
P1: N=40, mean=157.05 (+/-5.353768).
P2: N=40, mean=153.65 (+/-4.316678).
=====================================================
=====================================================
Completed 90 games.

Agent 1 (EntropySHUCTAnytime)
Winning score (between 0 and 1) : N=90, mean=0.5 (+/-0.103878).
P1: N=45, mean=0.466667 (+/-0.147409).
P2: N=45, mean=0.533333 (+/-0.147409).
Game Durations: N=90, mean=156.177778 (+/-3.150245).
P1: N=45, mean=154.622222 (+/-4.059621).
P2: N=45, mean=157.733333 (+/-4.821226).

Agent 2 (SHUCTAnyTime)
Winning score (between 0 and 1) : N=90, mean=0.5 (+/-0.103878).
P1: N=45, mean=0.466667 (+/-0.147409).
P2: N=45, mean=0.533333 (+/-0.147409).
Game Durations: N=90, mean=156.177778 (+/-3.150245).
P1: N=45, mean=157.733333 (+/-4.821226).
P2: N=45, mean=154.622222 (+/-4.059621).
=====================================================
=====================================================
Completed 100 games.

Agent 1 (EntropySHUCTAnytime)
Winning score (between 0 and 1) : N=100, mean=0.49 (+/-0.098472).
P1: N=50, mean=0.44 (+/-0.138986).
P2: N=50, mean=0.54 (+/-0.139548).
Game Durations: N=100, mean=156.06 (+/-2.889931).
P1: N=50, mean=154.16 (+/-3.761256).
P2: N=50, mean=157.96 (+/-4.362868).

Agent 2 (SHUCTAnyTime)
Winning score (between 0 and 1) : N=100, mean=0.51 (+/-0.098472).
P1: N=50, mean=0.46 (+/-0.139548).
P2: N=50, mean=0.56 (+/-0.138986).
Game Durations: N=100, mean=156.06 (+/-2.889931).
P1: N=50, mean=157.96 (+/-4.362868).
P2: N=50, mean=154.16 (+/-3.761256).
=====================================================
