Warming up...
Finished warming up!
=====================================================
Completed 1 games.

Agent 1 (RegressionTreeSHUCTAny)
Winning score (between 0 and 1) : N=1, mean=1 (+/-0).
P1: N=1, mean=1 (+/-0).
P2: N=0, mean=0 (+/-0).
Game Durations: N=1, mean=17 (+/-0).
P1: N=1, mean=17 (+/-0).
P2: N=0, mean=0 (+/-0).

Agent 2 (SHUCTAnyTime)
Winning score (between 0 and 1) : N=1, mean=0 (+/-0).
P1: N=0, mean=0 (+/-0).
P2: N=1, mean=0 (+/-0).
Game Durations: N=1, mean=17 (+/-0).
P1: N=0, mean=0 (+/-0).
P2: N=1, mean=17 (+/-0).
=====================================================
=====================================================
Completed 2 games.

Agent 1 (RegressionTreeSHUCTAny)
Winning score (between 0 and 1) : N=2, mean=0.5 (+/-0.97998).
P1: N=1, mean=1 (+/-0).
P2: N=1, mean=0 (+/-0).
Game Durations: N=2, mean=25 (+/-15.67968).
P1: N=1, mean=17 (+/-0).
P2: N=1, mean=33 (+/-0).

Agent 2 (SHUCTAnyTime)
Winning score (between 0 and 1) : N=2, mean=0.5 (+/-0.97998).
P1: N=1, mean=1 (+/-0).
P2: N=1, mean=0 (+/-0).
Game Durations: N=2, mean=25 (+/-15.67968).
P1: N=1, mean=33 (+/-0).
P2: N=1, mean=17 (+/-0).
=====================================================
=====================================================
Completed 3 games.

Agent 1 (RegressionTreeSHUCTAny)
Winning score (between 0 and 1) : N=3, mean=0.333333 (+/-0.65332).
P1: N=2, mean=0.5 (+/-0.97998).
P2: N=1, mean=0 (+/-0).
Game Durations: N=3, mean=37 (+/-25.20156).
P1: N=2, mean=39 (+/-43.11912).
P2: N=1, mean=33 (+/-0).

Agent 2 (SHUCTAnyTime)
Winning score (between 0 and 1) : N=3, mean=0.666667 (+/-0.65332).
P1: N=1, mean=1 (+/-0).
P2: N=2, mean=0.5 (+/-0.97998).
Game Durations: N=3, mean=37 (+/-25.20156).
P1: N=1, mean=33 (+/-0).
P2: N=2, mean=39 (+/-43.11912).
=====================================================
=====================================================
Completed 4 games.

Agent 1 (RegressionTreeSHUCTAny)
Winning score (between 0 and 1) : N=4, mean=0.5 (+/-0.565792).
P1: N=2, mean=0.5 (+/-0.97998).
P2: N=2, mean=0.5 (+/-0.97998).
Game Durations: N=4, mean=33.75 (+/-18.924443).
P1: N=2, mean=39 (+/-43.11912).
P2: N=2, mean=28.5 (+/-8.81982).

Agent 2 (SHUCTAnyTime)
Winning score (between 0 and 1) : N=4, mean=0.5 (+/-0.565792).
P1: N=2, mean=0.5 (+/-0.97998).
P2: N=2, mean=0.5 (+/-0.97998).
Game Durations: N=4, mean=33.75 (+/-18.924443).
P1: N=2, mean=28.5 (+/-8.81982).
P2: N=2, mean=39 (+/-43.11912).
=====================================================
=====================================================
Completed 5 games.

Agent 1 (RegressionTreeSHUCTAny)
Winning score (between 0 and 1) : N=5, mean=0.4 (+/-0.48009).
P1: N=3, mean=0.333333 (+/-0.65332).
P2: N=2, mean=0.5 (+/-0.97998).
Game Durations: N=5, mean=34.6 (+/-14.753175).
P1: N=3, mean=38.666667 (+/-24.903407).
P2: N=2, mean=28.5 (+/-8.81982).

Agent 2 (SHUCTAnyTime)
Winning score (between 0 and 1) : N=5, mean=0.6 (+/-0.48009).
P1: N=2, mean=0.5 (+/-0.97998).
P2: N=3, mean=0.666667 (+/-0.65332).
Game Durations: N=5, mean=34.6 (+/-14.753175).
P1: N=2, mean=28.5 (+/-8.81982).
P2: N=3, mean=38.666667 (+/-24.903407).
=====================================================
=====================================================
Completed 10 games.

Agent 1 (RegressionTreeSHUCTAny)
Winning score (between 0 and 1) : N=10, mean=0.3 (+/-0.299389).
P1: N=5, mean=0.4 (+/-0.48009).
P2: N=5, mean=0.2 (+/-0.391992).
Game Durations: N=10, mean=33.4 (+/-10.787498).
P1: N=5, mean=29.4 (+/-18.055051).
P2: N=5, mean=37.4 (+/-12.920879).

Agent 2 (SHUCTAnyTime)
Winning score (between 0 and 1) : N=10, mean=0.7 (+/-0.299389).
P1: N=5, mean=0.8 (+/-0.391992).
P2: N=5, mean=0.6 (+/-0.48009).
Game Durations: N=10, mean=33.4 (+/-10.787498).
P1: N=5, mean=37.4 (+/-12.920879).
P2: N=5, mean=29.4 (+/-18.055051).
=====================================================
=====================================================
Completed 20 games.

Agent 1 (RegressionTreeSHUCTAny)
Winning score (between 0 and 1) : N=20, mean=0.5 (+/-0.224823).
P1: N=10, mean=0.5 (+/-0.32666).
P2: N=10, mean=0.5 (+/-0.32666).
Game Durations: N=20, mean=32.15 (+/-6.745097).
P1: N=10, mean=29.5 (+/-11.500102).
P2: N=10, mean=34.8 (+/-7.338154).

Agent 2 (SHUCTAnyTime)
Winning score (between 0 and 1) : N=20, mean=0.5 (+/-0.224823).
P1: N=10, mean=0.5 (+/-0.32666).
P2: N=10, mean=0.5 (+/-0.32666).
Game Durations: N=20, mean=32.15 (+/-6.745097).
P1: N=10, mean=34.8 (+/-7.338154).
P2: N=10, mean=29.5 (+/-11.500102).
=====================================================
=====================================================
Completed 30 games.

Agent 1 (RegressionTreeSHUCTAny)
Winning score (between 0 and 1) : N=30, mean=0.5 (+/-0.181978).
P1: N=15, mean=0.4 (+/-0.256619).
P2: N=15, mean=0.6 (+/-0.256619).
Game Durations: N=30, mean=30.3 (+/-4.725024).
P1: N=15, mean=29.733333 (+/-7.694926).
P2: N=15, mean=30.866667 (+/-5.753669).

Agent 2 (SHUCTAnyTime)
Winning score (between 0 and 1) : N=30, mean=0.5 (+/-0.181978).
P1: N=15, mean=0.4 (+/-0.256619).
P2: N=15, mean=0.6 (+/-0.256619).
Game Durations: N=30, mean=30.3 (+/-4.725024).
P1: N=15, mean=30.866667 (+/-5.753669).
P2: N=15, mean=29.733333 (+/-7.694926).
=====================================================
=====================================================
Completed 40 games.

Agent 1 (RegressionTreeSHUCTAny)
Winning score (between 0 and 1) : N=40, mean=0.5 (+/-0.156922).
P1: N=20, mean=0.45 (+/-0.223696).
P2: N=20, mean=0.55 (+/-0.223696).
Game Durations: N=40, mean=31.075 (+/-4.018799).
P1: N=20, mean=29.15 (+/-5.888942).
P2: N=20, mean=33 (+/-5.488625).

Agent 2 (SHUCTAnyTime)
Winning score (between 0 and 1) : N=40, mean=0.5 (+/-0.156922).
P1: N=20, mean=0.45 (+/-0.223696).
P2: N=20, mean=0.55 (+/-0.223696).
Game Durations: N=40, mean=31.075 (+/-4.018799).
P1: N=20, mean=33 (+/-5.488625).
P2: N=20, mean=29.15 (+/-5.888942).
=====================================================
=====================================================
Completed 50 games.

Agent 1 (RegressionTreeSHUCTAny)
Winning score (between 0 and 1) : N=50, mean=0.47 (+/-0.138335).
P1: N=25, mean=0.46 (+/-0.195342).
P2: N=25, mean=0.48 (+/-0.199877).
Game Durations: N=50, mean=32.22 (+/-3.841656).
P1: N=25, mean=30.56 (+/-5.678339).
P2: N=25, mean=33.88 (+/-5.209366).

Agent 2 (SHUCTAnyTime)
Winning score (between 0 and 1) : N=50, mean=0.53 (+/-0.138335).
P1: N=25, mean=0.52 (+/-0.199877).
P2: N=25, mean=0.54 (+/-0.195342).
Game Durations: N=50, mean=32.22 (+/-3.841656).
P1: N=25, mean=33.88 (+/-5.209366).
P2: N=25, mean=30.56 (+/-5.678339).
=====================================================
=====================================================
Completed 60 games.

Agent 1 (RegressionTreeSHUCTAny)
Winning score (between 0 and 1) : N=60, mean=0.475 (+/-0.126354).
P1: N=30, mean=0.483333 (+/-0.178816).
P2: N=30, mean=0.466667 (+/-0.181573).
Game Durations: N=60, mean=32.033333 (+/-3.479041).
P1: N=30, mean=30.166667 (+/-5.059795).
P2: N=30, mean=33.9 (+/-4.767075).

Agent 2 (SHUCTAnyTime)
Winning score (between 0 and 1) : N=60, mean=0.525 (+/-0.126354).
P1: N=30, mean=0.533333 (+/-0.181573).
P2: N=30, mean=0.516667 (+/-0.178816).
Game Durations: N=60, mean=32.033333 (+/-3.479041).
P1: N=30, mean=33.9 (+/-4.767075).
P2: N=30, mean=30.166667 (+/-5.059795).
=====================================================
=====================================================
Completed 70 games.

Agent 1 (RegressionTreeSHUCTAny)
Winning score (between 0 and 1) : N=70, mean=0.492857 (+/-0.117118).
P1: N=35, mean=0.5 (+/-0.165647).
P2: N=35, mean=0.485714 (+/-0.167997).
Game Durations: N=70, mean=31.828571 (+/-3.235688).
P1: N=35, mean=29.2 (+/-4.427161).
P2: N=35, mean=34.457143 (+/-4.618823).

Agent 2 (SHUCTAnyTime)
Winning score (between 0 and 1) : N=70, mean=0.507143 (+/-0.117118).
P1: N=35, mean=0.514286 (+/-0.167997).
P2: N=35, mean=0.5 (+/-0.165647).
Game Durations: N=70, mean=31.828571 (+/-3.235688).
P1: N=35, mean=34.457143 (+/-4.618823).
P2: N=35, mean=29.2 (+/-4.427161).
=====================================================
=====================================================
Completed 80 games.

Agent 1 (RegressionTreeSHUCTAny)
Winning score (between 0 and 1) : N=80, mean=0.5125 (+/-0.108835).
P1: N=40, mean=0.5375 (+/-0.154501).
P2: N=40, mean=0.4875 (+/-0.154899).
Game Durations: N=80, mean=31.9625 (+/-2.988424).
P1: N=40, mean=29.45 (+/-3.894047).
P2: N=40, mean=34.475 (+/-4.446743).

Agent 2 (SHUCTAnyTime)
Winning score (between 0 and 1) : N=80, mean=0.4875 (+/-0.108835).
P1: N=40, mean=0.5125 (+/-0.154899).
P2: N=40, mean=0.4625 (+/-0.154501).
Game Durations: N=80, mean=31.9625 (+/-2.988424).
P1: N=40, mean=34.475 (+/-4.446743).
P2: N=40, mean=29.45 (+/-3.894047).
=====================================================
=====================================================
Completed 90 games.

Agent 1 (RegressionTreeSHUCTAny)
Winning score (between 0 and 1) : N=90, mean=0.488889 (+/-0.102691).
P1: N=45, mean=0.522222 (+/-0.145939).
P2: N=45, mean=0.455556 (+/-0.145495).
Game Durations: N=90, mean=31.144444 (+/-2.740579).
P1: N=45, mean=28.844444 (+/-3.545677).
P2: N=45, mean=33.444444 (+/-4.109621).

Agent 2 (SHUCTAnyTime)
Winning score (between 0 and 1) : N=90, mean=0.511111 (+/-0.102691).
P1: N=45, mean=0.544444 (+/-0.145495).
P2: N=45, mean=0.477778 (+/-0.145939).
Game Durations: N=90, mean=31.144444 (+/-2.740579).
P1: N=45, mean=33.444444 (+/-4.109621).
P2: N=45, mean=28.844444 (+/-3.545677).
=====================================================
=====================================================
Completed 100 games.

Agent 1 (RegressionTreeSHUCTAny)
Winning score (between 0 and 1) : N=100, mean=0.46 (+/-0.097183).
P1: N=50, mean=0.51 (+/-0.138562).
P2: N=50, mean=0.41 (+/-0.13628).
Game Durations: N=100, mean=30.3 (+/-2.565099).
P1: N=50, mean=28.64 (+/-3.299069).
P2: N=50, mean=31.96 (+/-3.907886).

Agent 2 (SHUCTAnyTime)
Winning score (between 0 and 1) : N=100, mean=0.54 (+/-0.097183).
P1: N=50, mean=0.59 (+/-0.13628).
P2: N=50, mean=0.49 (+/-0.138562).
Game Durations: N=100, mean=30.3 (+/-2.565099).
P1: N=50, mean=31.96 (+/-3.907886).
P2: N=50, mean=28.64 (+/-3.299069).
=====================================================
