Warming up...
Finished warming up!
=====================================================
Completed 1 games.

Agent 1 (EntropySHUCTAnytime)
Winning score (between 0 and 1) : N=1, mean=0 (+/-0).
P1: N=0, mean=0 (+/-0).
P2: N=1, mean=0 (+/-0).
Game Durations: N=1, mean=65 (+/-0).
P1: N=0, mean=0 (+/-0).
P2: N=1, mean=65 (+/-0).

Agent 2 (Example UCT)
Winning score (between 0 and 1) : N=1, mean=1 (+/-0).
P1: N=1, mean=1 (+/-0).
P2: N=0, mean=0 (+/-0).
Game Durations: N=1, mean=65 (+/-0).
P1: N=1, mean=65 (+/-0).
P2: N=0, mean=0 (+/-0).
=====================================================
=====================================================
Completed 2 games.

Agent 1 (EntropySHUCTAnytime)
Winning score (between 0 and 1) : N=2, mean=0 (+/-0).
P1: N=1, mean=0 (+/-0).
P2: N=1, mean=0 (+/-0).
Game Durations: N=2, mean=66.5 (+/-2.93994).
P1: N=1, mean=68 (+/-0).
P2: N=1, mean=65 (+/-0).

Agent 2 (Example UCT)
Winning score (between 0 and 1) : N=2, mean=1 (+/-0).
P1: N=1, mean=1 (+/-0).
P2: N=1, mean=1 (+/-0).
Game Durations: N=2, mean=66.5 (+/-2.93994).
P1: N=1, mean=65 (+/-0).
P2: N=1, mean=68 (+/-0).
=====================================================
=====================================================
Completed 3 games.

Agent 1 (EntropySHUCTAnytime)
Winning score (between 0 and 1) : N=3, mean=0 (+/-0).
P1: N=1, mean=0 (+/-0).
P2: N=2, mean=0 (+/-0).
Game Durations: N=3, mean=66.666667 (+/-1.728522).
P1: N=1, mean=68 (+/-0).
P2: N=2, mean=66 (+/-1.95996).

Agent 2 (Example UCT)
Winning score (between 0 and 1) : N=3, mean=1 (+/-0).
P1: N=2, mean=1 (+/-0).
P2: N=1, mean=1 (+/-0).
Game Durations: N=3, mean=66.666667 (+/-1.728522).
P1: N=2, mean=66 (+/-1.95996).
P2: N=1, mean=68 (+/-0).
=====================================================
=====================================================
Completed 4 games.

Agent 1 (EntropySHUCTAnytime)
Winning score (between 0 and 1) : N=4, mean=0.25 (+/-0.48999).
P1: N=2, mean=0.5 (+/-0.97998).
P2: N=2, mean=0 (+/-0).
Game Durations: N=4, mean=66.75 (+/-1.233114).
P1: N=2, mean=67.5 (+/-0.97998).
P2: N=2, mean=66 (+/-1.95996).

Agent 2 (Example UCT)
Winning score (between 0 and 1) : N=4, mean=0.75 (+/-0.48999).
P1: N=2, mean=1 (+/-0).
P2: N=2, mean=0.5 (+/-0.97998).
Game Durations: N=4, mean=66.75 (+/-1.233114).
P1: N=2, mean=66 (+/-1.95996).
P2: N=2, mean=67.5 (+/-0.97998).
=====================================================
=====================================================
Completed 5 games.

Agent 1 (EntropySHUCTAnytime)
Winning score (between 0 and 1) : N=5, mean=0.4 (+/-0.48009).
P1: N=2, mean=0.5 (+/-0.97998).
P2: N=3, mean=0.333333 (+/-0.65332).
Game Durations: N=5, mean=67.4 (+/-1.592279).
P1: N=2, mean=67.5 (+/-0.97998).
P2: N=3, mean=67.333333 (+/-2.847756).

Agent 2 (Example UCT)
Winning score (between 0 and 1) : N=5, mean=0.6 (+/-0.48009).
P1: N=3, mean=0.666667 (+/-0.65332).
P2: N=2, mean=0.5 (+/-0.97998).
Game Durations: N=5, mean=67.4 (+/-1.592279).
P1: N=3, mean=67.333333 (+/-2.847756).
P2: N=2, mean=67.5 (+/-0.97998).
=====================================================
=====================================================
Completed 10 games.

Agent 1 (EntropySHUCTAnytime)
Winning score (between 0 and 1) : N=10, mean=0.4 (+/-0.32006).
P1: N=5, mean=0.6 (+/-0.48009).
P2: N=5, mean=0.2 (+/-0.391992).
Game Durations: N=10, mean=69.1 (+/-2.363719).
P1: N=5, mean=70.6 (+/-3.85071).
P2: N=5, mean=67.6 (+/-2.447989).

Agent 2 (Example UCT)
Winning score (between 0 and 1) : N=10, mean=0.6 (+/-0.32006).
P1: N=5, mean=0.8 (+/-0.391992).
P2: N=5, mean=0.4 (+/-0.48009).
Game Durations: N=10, mean=69.1 (+/-2.363719).
P1: N=5, mean=67.6 (+/-2.447989).
P2: N=5, mean=70.6 (+/-3.85071).
=====================================================
=====================================================
Completed 20 games.

Agent 1 (EntropySHUCTAnytime)
Winning score (between 0 and 1) : N=20, mean=0.4 (+/-0.22028).
P1: N=10, mean=0.4 (+/-0.32006).
P2: N=10, mean=0.4 (+/-0.32006).
Game Durations: N=20, mean=69.3 (+/-1.60933).
P1: N=10, mean=71.2 (+/-2.123039).
P2: N=10, mean=67.4 (+/-1.829296).

Agent 2 (Example UCT)
Winning score (between 0 and 1) : N=20, mean=0.6 (+/-0.22028).
P1: N=10, mean=0.6 (+/-0.32006).
P2: N=10, mean=0.6 (+/-0.32006).
Game Durations: N=20, mean=69.3 (+/-1.60933).
P1: N=10, mean=67.4 (+/-1.829296).
P2: N=10, mean=71.2 (+/-2.123039).
=====================================================
=====================================================
Completed 30 games.

Agent 1 (EntropySHUCTAnytime)
Winning score (between 0 and 1) : N=30, mean=0.433333 (+/-0.180353).
P1: N=15, mean=0.4 (+/-0.256619).
P2: N=15, mean=0.466667 (+/-0.261328).
Game Durations: N=30, mean=69.466667 (+/-1.114811).
P1: N=15, mean=70.8 (+/-1.459197).
P2: N=15, mean=68.133333 (+/-1.429647).

Agent 2 (Example UCT)
Winning score (between 0 and 1) : N=30, mean=0.566667 (+/-0.180353).
P1: N=15, mean=0.533333 (+/-0.261328).
P2: N=15, mean=0.6 (+/-0.256619).
Game Durations: N=30, mean=69.466667 (+/-1.114811).
P1: N=15, mean=68.133333 (+/-1.429647).
P2: N=15, mean=70.8 (+/-1.459197).
=====================================================
=====================================================
Completed 40 games.

Agent 1 (EntropySHUCTAnytime)
Winning score (between 0 and 1) : N=40, mean=0.475 (+/-0.156726).
P1: N=20, mean=0.45 (+/-0.223696).
P2: N=20, mean=0.5 (+/-0.224823).
Game Durations: N=40, mean=68.975 (+/-1.088294).
P1: N=20, mean=70.25 (+/-1.490458).
P2: N=20, mean=67.7 (+/-1.408332).

Agent 2 (Example UCT)
Winning score (between 0 and 1) : N=40, mean=0.525 (+/-0.156726).
P1: N=20, mean=0.5 (+/-0.224823).
P2: N=20, mean=0.55 (+/-0.223696).
Game Durations: N=40, mean=68.975 (+/-1.088294).
P1: N=20, mean=67.7 (+/-1.408332).
P2: N=20, mean=70.25 (+/-1.490458).
=====================================================
=====================================================
Completed 50 games.

Agent 1 (EntropySHUCTAnytime)
Winning score (between 0 and 1) : N=50, mean=0.46 (+/-0.139548).
P1: N=25, mean=0.44 (+/-0.198592).
P2: N=25, mean=0.48 (+/-0.199877).
Game Durations: N=50, mean=68.96 (+/-0.938645).
P1: N=25, mean=70.2 (+/-1.234412).
P2: N=25, mean=67.72 (+/-1.257637).

Agent 2 (Example UCT)
Winning score (between 0 and 1) : N=50, mean=0.54 (+/-0.139548).
P1: N=25, mean=0.52 (+/-0.199877).
P2: N=25, mean=0.56 (+/-0.198592).
Game Durations: N=50, mean=68.96 (+/-0.938645).
P1: N=25, mean=67.72 (+/-1.257637).
P2: N=25, mean=70.2 (+/-1.234412).
=====================================================
=====================================================
Completed 60 games.

Agent 1 (EntropySHUCTAnytime)
Winning score (between 0 and 1) : N=60, mean=0.433333 (+/-0.126443).
P1: N=30, mean=0.4 (+/-0.178301).
P2: N=30, mean=0.466667 (+/-0.181573).
Game Durations: N=60, mean=68.8 (+/-0.852419).
P1: N=30, mean=70 (+/-1.111902).
P2: N=30, mean=67.6 (+/-1.15705).

Agent 2 (Example UCT)
Winning score (between 0 and 1) : N=60, mean=0.566667 (+/-0.126443).
P1: N=30, mean=0.533333 (+/-0.181573).
P2: N=30, mean=0.6 (+/-0.178301).
Game Durations: N=60, mean=68.8 (+/-0.852419).
P1: N=30, mean=67.6 (+/-1.15705).
P2: N=30, mean=70 (+/-1.111902).
=====================================================
=====================================================
Completed 70 games.

Agent 1 (EntropySHUCTAnytime)
Winning score (between 0 and 1) : N=70, mean=0.442857 (+/-0.117203).
P1: N=35, mean=0.428571 (+/-0.166341).
P2: N=35, mean=0.457143 (+/-0.167447).
Game Durations: N=70, mean=68.771429 (+/-0.875769).
P1: N=35, mean=69.685714 (+/-1.083307).
P2: N=35, mean=67.857143 (+/-1.323085).

Agent 2 (Example UCT)
Winning score (between 0 and 1) : N=70, mean=0.557143 (+/-0.117203).
P1: N=35, mean=0.542857 (+/-0.167447).
P2: N=35, mean=0.571429 (+/-0.166341).
Game Durations: N=70, mean=68.771429 (+/-0.875769).
P1: N=35, mean=67.857143 (+/-1.323085).
P2: N=35, mean=69.685714 (+/-1.083307).
=====================================================
=====================================================
Completed 80 games.

Agent 1 (EntropySHUCTAnytime)
Winning score (between 0 and 1) : N=80, mean=0.4125 (+/-0.108555).
P1: N=40, mean=0.375 (+/-0.151939).
P2: N=40, mean=0.45 (+/-0.156136).
Game Durations: N=80, mean=68.5125 (+/-0.798117).
P1: N=40, mean=69.275 (+/-1.028979).
P2: N=40, mean=67.75 (+/-1.186296).

Agent 2 (Example UCT)
Winning score (between 0 and 1) : N=80, mean=0.5875 (+/-0.108555).
P1: N=40, mean=0.55 (+/-0.156136).
P2: N=40, mean=0.625 (+/-0.151939).
Game Durations: N=80, mean=68.5125 (+/-0.798117).
P1: N=40, mean=67.75 (+/-1.186296).
P2: N=40, mean=69.275 (+/-1.028979).
=====================================================
=====================================================
Completed 90 games.

Agent 1 (EntropySHUCTAnytime)
Winning score (between 0 and 1) : N=90, mean=0.4 (+/-0.101779).
P1: N=45, mean=0.377778 (+/-0.143256).
P2: N=45, mean=0.422222 (+/-0.145939).
Game Durations: N=90, mean=68.611111 (+/-0.772829).
P1: N=45, mean=69.444444 (+/-0.9958).
P2: N=45, mean=67.777778 (+/-1.141635).

Agent 2 (Example UCT)
Winning score (between 0 and 1) : N=90, mean=0.6 (+/-0.101779).
P1: N=45, mean=0.577778 (+/-0.145939).
P2: N=45, mean=0.622222 (+/-0.143256).
Game Durations: N=90, mean=68.611111 (+/-0.772829).
P1: N=45, mean=67.777778 (+/-1.141635).
P2: N=45, mean=69.444444 (+/-0.9958).
=====================================================
=====================================================
Completed 100 games.

Agent 1 (EntropySHUCTAnytime)
Winning score (between 0 and 1) : N=100, mean=0.41 (+/-0.096883).
P1: N=50, mean=0.38 (+/-0.135905).
P2: N=50, mean=0.44 (+/-0.138986).
Game Durations: N=100, mean=68.53 (+/-0.726148).
P1: N=50, mean=69.3 (+/-0.991116).
P2: N=50, mean=67.76 (+/-1.027331).

Agent 2 (Example UCT)
Winning score (between 0 and 1) : N=100, mean=0.59 (+/-0.096883).
P1: N=50, mean=0.56 (+/-0.138986).
P2: N=50, mean=0.62 (+/-0.135905).
Game Durations: N=100, mean=68.53 (+/-0.726148).
P1: N=50, mean=67.76 (+/-1.027331).
P2: N=50, mean=69.3 (+/-0.991116).
=====================================================
