Warming up...
Finished warming up!
=====================================================
Completed 1 games.

Agent 1 (EntropySHUCTAnytime)
Winning score (between 0 and 1) : N=1, mean=1 (+/-0).
P1: N=1, mean=1 (+/-0).
P2: N=0, mean=0 (+/-0).
Game Durations: N=1, mean=67 (+/-0).
P1: N=1, mean=67 (+/-0).
P2: N=0, mean=0 (+/-0).

Agent 2 (Example UCT)
Winning score (between 0 and 1) : N=1, mean=0 (+/-0).
P1: N=0, mean=0 (+/-0).
P2: N=1, mean=0 (+/-0).
Game Durations: N=1, mean=67 (+/-0).
P1: N=0, mean=0 (+/-0).
P2: N=1, mean=67 (+/-0).
=====================================================
=====================================================
Completed 2 games.

Agent 1 (EntropySHUCTAnytime)
Winning score (between 0 and 1) : N=2, mean=1 (+/-0).
P1: N=1, mean=1 (+/-0).
P2: N=1, mean=1 (+/-0).
Game Durations: N=2, mean=65.5 (+/-2.93994).
P1: N=1, mean=67 (+/-0).
P2: N=1, mean=64 (+/-0).

Agent 2 (Example UCT)
Winning score (between 0 and 1) : N=2, mean=0 (+/-0).
P1: N=1, mean=0 (+/-0).
P2: N=1, mean=0 (+/-0).
Game Durations: N=2, mean=65.5 (+/-2.93994).
P1: N=1, mean=64 (+/-0).
P2: N=1, mean=67 (+/-0).
=====================================================
=====================================================
Completed 3 games.

Agent 1 (EntropySHUCTAnytime)
Winning score (between 0 and 1) : N=3, mean=0.666667 (+/-0.65332).
P1: N=2, mean=0.5 (+/-0.97998).
P2: N=1, mean=1 (+/-0).
Game Durations: N=3, mean=66.333333 (+/-2.355579).
P1: N=2, mean=67.5 (+/-0.97998).
P2: N=1, mean=64 (+/-0).

Agent 2 (Example UCT)
Winning score (between 0 and 1) : N=3, mean=0.333333 (+/-0.65332).
P1: N=1, mean=0 (+/-0).
P2: N=2, mean=0.5 (+/-0.97998).
Game Durations: N=3, mean=66.333333 (+/-2.355579).
P1: N=1, mean=64 (+/-0).
P2: N=2, mean=67.5 (+/-0.97998).
=====================================================
=====================================================
Completed 4 games.

Agent 1 (EntropySHUCTAnytime)
Winning score (between 0 and 1) : N=4, mean=0.75 (+/-0.48999).
P1: N=2, mean=0.5 (+/-0.97998).
P2: N=2, mean=1 (+/-0).
Game Durations: N=4, mean=66.25 (+/-1.673634).
P1: N=2, mean=67.5 (+/-0.97998).
P2: N=2, mean=65 (+/-1.95996).

Agent 2 (Example UCT)
Winning score (between 0 and 1) : N=4, mean=0.25 (+/-0.48999).
P1: N=2, mean=0 (+/-0).
P2: N=2, mean=0.5 (+/-0.97998).
Game Durations: N=4, mean=66.25 (+/-1.673634).
P1: N=2, mean=65 (+/-1.95996).
P2: N=2, mean=67.5 (+/-0.97998).
=====================================================
=====================================================
Completed 5 games.

Agent 1 (EntropySHUCTAnytime)
Winning score (between 0 and 1) : N=5, mean=0.6 (+/-0.48009).
P1: N=3, mean=0.333333 (+/-0.65332).
P2: N=2, mean=1 (+/-0).
Game Durations: N=5, mean=65.4 (+/-2.110942).
P1: N=3, mean=65.666667 (+/-3.637532).
P2: N=2, mean=65 (+/-1.95996).

Agent 2 (Example UCT)
Winning score (between 0 and 1) : N=5, mean=0.4 (+/-0.48009).
P1: N=2, mean=0 (+/-0).
P2: N=3, mean=0.666667 (+/-0.65332).
Game Durations: N=5, mean=65.4 (+/-2.110942).
P1: N=2, mean=65 (+/-1.95996).
P2: N=3, mean=65.666667 (+/-3.637532).
=====================================================
=====================================================
Completed 10 games.

Agent 1 (EntropySHUCTAnytime)
Winning score (between 0 and 1) : N=10, mean=0.7 (+/-0.299389).
P1: N=5, mean=0.4 (+/-0.48009).
P2: N=5, mean=1 (+/-0).
Game Durations: N=10, mean=66.8 (+/-2.259392).
P1: N=5, mean=68.4 (+/-3.94921).
P2: N=5, mean=65.2 (+/-1.567968).

Agent 2 (Example UCT)
Winning score (between 0 and 1) : N=10, mean=0.3 (+/-0.299389).
P1: N=5, mean=0 (+/-0).
P2: N=5, mean=0.6 (+/-0.48009).
Game Durations: N=10, mean=66.8 (+/-2.259392).
P1: N=5, mean=65.2 (+/-1.567968).
P2: N=5, mean=68.4 (+/-3.94921).
=====================================================
=====================================================
Completed 20 games.

Agent 1 (EntropySHUCTAnytime)
Winning score (between 0 and 1) : N=20, mean=0.7 (+/-0.206054).
P1: N=10, mean=0.5 (+/-0.32666).
P2: N=10, mean=0.9 (+/-0.195996).
Game Durations: N=20, mean=67.4 (+/-1.473576).
P1: N=10, mean=68.5 (+/-2.28662).
P2: N=10, mean=66.3 (+/-1.704902).

Agent 2 (Example UCT)
Winning score (between 0 and 1) : N=20, mean=0.3 (+/-0.206054).
P1: N=10, mean=0.1 (+/-0.195996).
P2: N=10, mean=0.5 (+/-0.32666).
Game Durations: N=20, mean=67.4 (+/-1.473576).
P1: N=10, mean=66.3 (+/-1.704902).
P2: N=10, mean=68.5 (+/-2.28662).
=====================================================
=====================================================
Completed 30 games.

Agent 1 (EntropySHUCTAnytime)
Winning score (between 0 and 1) : N=30, mean=0.6 (+/-0.178301).
P1: N=15, mean=0.466667 (+/-0.261328).
P2: N=15, mean=0.733333 (+/-0.231643).
Game Durations: N=30, mean=67.833333 (+/-1.31254).
P1: N=15, mean=68.2 (+/-1.723577).
P2: N=15, mean=67.466667 (+/-2.023033).

Agent 2 (Example UCT)
Winning score (between 0 and 1) : N=30, mean=0.4 (+/-0.178301).
P1: N=15, mean=0.266667 (+/-0.231643).
P2: N=15, mean=0.533333 (+/-0.261328).
Game Durations: N=30, mean=67.833333 (+/-1.31254).
P1: N=15, mean=67.466667 (+/-2.023033).
P2: N=15, mean=68.2 (+/-1.723577).
=====================================================
=====================================================
Completed 40 games.

Agent 1 (EntropySHUCTAnytime)
Winning score (between 0 and 1) : N=40, mean=0.575 (+/-0.155147).
P1: N=20, mean=0.4 (+/-0.22028).
P2: N=20, mean=0.75 (+/-0.194702).
Game Durations: N=40, mean=67.825 (+/-1.050062).
P1: N=20, mean=68.1 (+/-1.377854).
P2: N=20, mean=67.55 (+/-1.611683).

Agent 2 (Example UCT)
Winning score (between 0 and 1) : N=40, mean=0.425 (+/-0.155147).
P1: N=20, mean=0.25 (+/-0.194702).
P2: N=20, mean=0.6 (+/-0.22028).
Game Durations: N=40, mean=67.825 (+/-1.050062).
P1: N=20, mean=67.55 (+/-1.611683).
P2: N=20, mean=68.1 (+/-1.377854).
=====================================================
=====================================================
Completed 50 games.

Agent 1 (EntropySHUCTAnytime)
Winning score (between 0 and 1) : N=50, mean=0.54 (+/-0.139548).
P1: N=25, mean=0.44 (+/-0.198592).
P2: N=25, mean=0.64 (+/-0.192036).
Game Durations: N=50, mean=67.88 (+/-1.016715).
P1: N=25, mean=68.36 (+/-1.376072).
P2: N=25, mean=67.4 (+/-1.501215).

Agent 2 (Example UCT)
Winning score (between 0 and 1) : N=50, mean=0.46 (+/-0.139548).
P1: N=25, mean=0.36 (+/-0.192036).
P2: N=25, mean=0.56 (+/-0.198592).
Game Durations: N=50, mean=67.88 (+/-1.016715).
P1: N=25, mean=67.4 (+/-1.501215).
P2: N=25, mean=68.36 (+/-1.376072).
=====================================================
=====================================================
Completed 60 games.

Agent 1 (EntropySHUCTAnytime)
Winning score (between 0 and 1) : N=60, mean=0.516667 (+/-0.127512).
P1: N=30, mean=0.433333 (+/-0.180353).
P2: N=30, mean=0.6 (+/-0.178301).
Game Durations: N=60, mean=68.116667 (+/-0.881572).
P1: N=30, mean=68.433333 (+/-1.149713).
P2: N=30, mean=67.8 (+/-1.346799).

Agent 2 (Example UCT)
Winning score (between 0 and 1) : N=60, mean=0.483333 (+/-0.127512).
P1: N=30, mean=0.4 (+/-0.178301).
P2: N=30, mean=0.566667 (+/-0.180353).
Game Durations: N=60, mean=68.116667 (+/-0.881572).
P1: N=30, mean=67.8 (+/-1.346799).
P2: N=30, mean=68.433333 (+/-1.149713).
=====================================================
=====================================================
Completed 70 games.

Agent 1 (EntropySHUCTAnytime)
Winning score (between 0 and 1) : N=70, mean=0.528571 (+/-0.117783).
P1: N=35, mean=0.428571 (+/-0.166341).
P2: N=35, mean=0.628571 (+/-0.162414).
Game Durations: N=70, mean=68 (+/-0.862803).
P1: N=35, mean=68.428571 (+/-1.165182).
P2: N=35, mean=67.571429 (+/-1.273716).

Agent 2 (Example UCT)
Winning score (between 0 and 1) : N=70, mean=0.471429 (+/-0.117783).
P1: N=35, mean=0.371429 (+/-0.162414).
P2: N=35, mean=0.571429 (+/-0.166341).
Game Durations: N=70, mean=68 (+/-0.862803).
P1: N=35, mean=67.571429 (+/-1.273716).
P2: N=35, mean=68.428571 (+/-1.165182).
=====================================================
=====================================================
Completed 80 games.

Agent 1 (EntropySHUCTAnytime)
Winning score (between 0 and 1) : N=80, mean=0.5375 (+/-0.109946).
P1: N=40, mean=0.45 (+/-0.156136).
P2: N=40, mean=0.625 (+/-0.151939).
Game Durations: N=80, mean=68.4375 (+/-0.825704).
P1: N=40, mean=68.8 (+/-1.12766).
P2: N=40, mean=68.075 (+/-1.210211).

Agent 2 (Example UCT)
Winning score (between 0 and 1) : N=80, mean=0.4625 (+/-0.109946).
P1: N=40, mean=0.375 (+/-0.151939).
P2: N=40, mean=0.55 (+/-0.156136).
Game Durations: N=80, mean=68.4375 (+/-0.825704).
P1: N=40, mean=68.075 (+/-1.210211).
P2: N=40, mean=68.8 (+/-1.12766).
=====================================================
=====================================================
Completed 90 games.

Agent 1 (EntropySHUCTAnytime)
Winning score (between 0 and 1) : N=90, mean=0.488889 (+/-0.103852).
P1: N=45, mean=0.422222 (+/-0.145939).
P2: N=45, mean=0.555556 (+/-0.146823).
Game Durations: N=90, mean=68.277778 (+/-0.777366).
P1: N=45, mean=68.911111 (+/-1.025113).
P2: N=45, mean=67.644444 (+/-1.150551).

Agent 2 (Example UCT)
Winning score (between 0 and 1) : N=90, mean=0.511111 (+/-0.103852).
P1: N=45, mean=0.444444 (+/-0.146823).
P2: N=45, mean=0.577778 (+/-0.145939).
Game Durations: N=90, mean=68.277778 (+/-0.777366).
P1: N=45, mean=67.644444 (+/-1.150551).
P2: N=45, mean=68.911111 (+/-1.025113).
=====================================================
=====================================================
Completed 100 games.

Agent 1 (EntropySHUCTAnytime)
Winning score (between 0 and 1) : N=100, mean=0.48 (+/-0.098413).
P1: N=50, mean=0.44 (+/-0.138986).
P2: N=50, mean=0.52 (+/-0.139885).
Game Durations: N=100, mean=68.48 (+/-0.734661).
P1: N=50, mean=69.16 (+/-0.994449).
P2: N=50, mean=67.8 (+/-1.058067).

Agent 2 (Example UCT)
Winning score (between 0 and 1) : N=100, mean=0.52 (+/-0.098413).
P1: N=50, mean=0.48 (+/-0.139885).
P2: N=50, mean=0.56 (+/-0.138986).
Game Durations: N=100, mean=68.48 (+/-0.734661).
P1: N=50, mean=67.8 (+/-1.058067).
P2: N=50, mean=69.16 (+/-0.994449).
=====================================================
