Warming up...
Finished warming up!
=====================================================
Completed 1 games.

Agent 1 (EntropySHUCTAnytime)
Winning score (between 0 and 1) : N=1, mean=1 (+/-0).
P1: N=1, mean=1 (+/-0).
P2: N=0, mean=0 (+/-0).
Game Durations: N=1, mean=71 (+/-0).
P1: N=1, mean=71 (+/-0).
P2: N=0, mean=0 (+/-0).

Agent 2 (Example UCT)
Winning score (between 0 and 1) : N=1, mean=0 (+/-0).
P1: N=0, mean=0 (+/-0).
P2: N=1, mean=0 (+/-0).
Game Durations: N=1, mean=71 (+/-0).
P1: N=0, mean=0 (+/-0).
P2: N=1, mean=71 (+/-0).
=====================================================
=====================================================
Completed 2 games.

Agent 1 (EntropySHUCTAnytime)
Winning score (between 0 and 1) : N=2, mean=1 (+/-0).
P1: N=1, mean=1 (+/-0).
P2: N=1, mean=1 (+/-0).
Game Durations: N=2, mean=67.5 (+/-6.85986).
P1: N=1, mean=71 (+/-0).
P2: N=1, mean=64 (+/-0).

Agent 2 (Example UCT)
Winning score (between 0 and 1) : N=2, mean=0 (+/-0).
P1: N=1, mean=0 (+/-0).
P2: N=1, mean=0 (+/-0).
Game Durations: N=2, mean=67.5 (+/-6.85986).
P1: N=1, mean=64 (+/-0).
P2: N=1, mean=71 (+/-0).
=====================================================
=====================================================
Completed 3 games.

Agent 1 (EntropySHUCTAnytime)
Winning score (between 0 and 1) : N=3, mean=1 (+/-0).
P1: N=2, mean=1 (+/-0).
P2: N=1, mean=1 (+/-0).
Game Durations: N=3, mean=68 (+/-4.079982).
P1: N=2, mean=70 (+/-1.95996).
P2: N=1, mean=64 (+/-0).

Agent 2 (Example UCT)
Winning score (between 0 and 1) : N=3, mean=0 (+/-0).
P1: N=1, mean=0 (+/-0).
P2: N=2, mean=0 (+/-0).
Game Durations: N=3, mean=68 (+/-4.079982).
P1: N=1, mean=64 (+/-0).
P2: N=2, mean=70 (+/-1.95996).
=====================================================
=====================================================
Completed 4 games.

Agent 1 (EntropySHUCTAnytime)
Winning score (between 0 and 1) : N=4, mean=1 (+/-0).
P1: N=2, mean=1 (+/-0).
P2: N=2, mean=1 (+/-0).
Game Durations: N=4, mean=68.5 (+/-3.046882).
P1: N=2, mean=70 (+/-1.95996).
P2: N=2, mean=67 (+/-5.87988).

Agent 2 (Example UCT)
Winning score (between 0 and 1) : N=4, mean=0 (+/-0).
P1: N=2, mean=0 (+/-0).
P2: N=2, mean=0 (+/-0).
Game Durations: N=4, mean=68.5 (+/-3.046882).
P1: N=2, mean=67 (+/-5.87988).
P2: N=2, mean=70 (+/-1.95996).
=====================================================
=====================================================
Completed 5 games.

Agent 1 (EntropySHUCTAnytime)
Winning score (between 0 and 1) : N=5, mean=1 (+/-0).
P1: N=3, mean=1 (+/-0).
P2: N=2, mean=1 (+/-0).
Game Durations: N=5, mean=68.6 (+/-2.368229).
P1: N=3, mean=69.666667 (+/-1.30664).
P2: N=2, mean=67 (+/-5.87988).

Agent 2 (Example UCT)
Winning score (between 0 and 1) : N=5, mean=0 (+/-0).
P1: N=2, mean=0 (+/-0).
P2: N=3, mean=0 (+/-0).
Game Durations: N=5, mean=68.6 (+/-2.368229).
P1: N=2, mean=67 (+/-5.87988).
P2: N=3, mean=69.666667 (+/-1.30664).
=====================================================
=====================================================
Completed 10 games.

Agent 1 (EntropySHUCTAnytime)
Winning score (between 0 and 1) : N=10, mean=0.9 (+/-0.195996).
P1: N=5, mean=1 (+/-0).
P2: N=5, mean=0.8 (+/-0.391992).
Game Durations: N=10, mean=67.8 (+/-1.621498).
P1: N=5, mean=68.2 (+/-2.658619).
P2: N=5, mean=67.4 (+/-2.110942).

Agent 2 (Example UCT)
Winning score (between 0 and 1) : N=10, mean=0.1 (+/-0.195996).
P1: N=5, mean=0.2 (+/-0.391992).
P2: N=5, mean=0 (+/-0).
Game Durations: N=10, mean=67.8 (+/-1.621498).
P1: N=5, mean=67.4 (+/-2.110942).
P2: N=5, mean=68.2 (+/-2.658619).
=====================================================
=====================================================
Completed 20 games.

Agent 1 (EntropySHUCTAnytime)
Winning score (between 0 and 1) : N=20, mean=0.6 (+/-0.22028).
P1: N=10, mean=0.7 (+/-0.299389).
P2: N=10, mean=0.5 (+/-0.32666).
Game Durations: N=20, mean=67.9 (+/-1.317853).
P1: N=10, mean=69.1 (+/-1.787997).
P2: N=10, mean=66.7 (+/-1.704902).

Agent 2 (Example UCT)
Winning score (between 0 and 1) : N=20, mean=0.4 (+/-0.22028).
P1: N=10, mean=0.5 (+/-0.32666).
P2: N=10, mean=0.3 (+/-0.299389).
Game Durations: N=20, mean=67.9 (+/-1.317853).
P1: N=10, mean=66.7 (+/-1.704902).
P2: N=10, mean=69.1 (+/-1.787997).
=====================================================
=====================================================
Completed 30 games.

Agent 1 (EntropySHUCTAnytime)
Winning score (between 0 and 1) : N=30, mean=0.533333 (+/-0.181573).
P1: N=15, mean=0.6 (+/-0.256619).
P2: N=15, mean=0.466667 (+/-0.261328).
Game Durations: N=30, mean=67.9 (+/-1.081097).
P1: N=15, mean=68.733333 (+/-1.559389).
P2: N=15, mean=67.066667 (+/-1.42452).

Agent 2 (Example UCT)
Winning score (between 0 and 1) : N=30, mean=0.466667 (+/-0.181573).
P1: N=15, mean=0.533333 (+/-0.261328).
P2: N=15, mean=0.4 (+/-0.256619).
Game Durations: N=30, mean=67.9 (+/-1.081097).
P1: N=15, mean=67.066667 (+/-1.42452).
P2: N=15, mean=68.733333 (+/-1.559389).
=====================================================
=====================================================
Completed 40 games.

Agent 1 (EntropySHUCTAnytime)
Winning score (between 0 and 1) : N=40, mean=0.5 (+/-0.156922).
P1: N=20, mean=0.6 (+/-0.22028).
P2: N=20, mean=0.4 (+/-0.22028).
Game Durations: N=40, mean=68.05 (+/-0.99234).
P1: N=20, mean=68.2 (+/-1.31555).
P2: N=20, mean=67.9 (+/-1.517512).

Agent 2 (Example UCT)
Winning score (between 0 and 1) : N=40, mean=0.5 (+/-0.156922).
P1: N=20, mean=0.6 (+/-0.22028).
P2: N=20, mean=0.4 (+/-0.22028).
Game Durations: N=40, mean=68.05 (+/-0.99234).
P1: N=20, mean=67.9 (+/-1.517512).
P2: N=20, mean=68.2 (+/-1.31555).
=====================================================
=====================================================
Completed 50 games.

Agent 1 (EntropySHUCTAnytime)
Winning score (between 0 and 1) : N=50, mean=0.46 (+/-0.139548).
P1: N=25, mean=0.56 (+/-0.198592).
P2: N=25, mean=0.36 (+/-0.192036).
Game Durations: N=50, mean=68.28 (+/-0.955335).
P1: N=25, mean=68.08 (+/-1.223576).
P2: N=25, mean=68.48 (+/-1.488882).

Agent 2 (Example UCT)
Winning score (between 0 and 1) : N=50, mean=0.54 (+/-0.139548).
P1: N=25, mean=0.64 (+/-0.192036).
P2: N=25, mean=0.44 (+/-0.198592).
Game Durations: N=50, mean=68.28 (+/-0.955335).
P1: N=25, mean=68.48 (+/-1.488882).
P2: N=25, mean=68.08 (+/-1.223576).
=====================================================
=====================================================
Completed 60 games.

Agent 1 (EntropySHUCTAnytime)
Winning score (between 0 and 1) : N=60, mean=0.5 (+/-0.127583).
P1: N=30, mean=0.6 (+/-0.178301).
P2: N=30, mean=0.4 (+/-0.178301).
Game Durations: N=60, mean=68.2 (+/-0.913857).
P1: N=30, mean=68.266667 (+/-1.260545).
P2: N=30, mean=68.133333 (+/-1.344612).

Agent 2 (Example UCT)
Winning score (between 0 and 1) : N=60, mean=0.5 (+/-0.127583).
P1: N=30, mean=0.6 (+/-0.178301).
P2: N=30, mean=0.4 (+/-0.178301).
Game Durations: N=60, mean=68.2 (+/-0.913857).
P1: N=30, mean=68.133333 (+/-1.344612).
P2: N=30, mean=68.266667 (+/-1.260545).
=====================================================
=====================================================
Completed 70 games.

Agent 1 (EntropySHUCTAnytime)
Winning score (between 0 and 1) : N=70, mean=0.485714 (+/-0.117928).
P1: N=35, mean=0.542857 (+/-0.167447).
P2: N=35, mean=0.428571 (+/-0.166341).
Game Durations: N=70, mean=68.157143 (+/-0.835296).
P1: N=35, mean=68.371429 (+/-1.14506).
P2: N=35, mean=67.942857 (+/-1.228977).

Agent 2 (Example UCT)
Winning score (between 0 and 1) : N=70, mean=0.514286 (+/-0.117928).
P1: N=35, mean=0.571429 (+/-0.166341).
P2: N=35, mean=0.457143 (+/-0.167447).
Game Durations: N=70, mean=68.157143 (+/-0.835296).
P1: N=35, mean=67.942857 (+/-1.228977).
P2: N=35, mean=68.371429 (+/-1.14506).
=====================================================
=====================================================
Completed 80 games.

Agent 1 (EntropySHUCTAnytime)
Winning score (between 0 and 1) : N=80, mean=0.4875 (+/-0.110222).
P1: N=40, mean=0.525 (+/-0.156726).
P2: N=40, mean=0.45 (+/-0.156136).
Game Durations: N=80, mean=68.2625 (+/-0.804753).
P1: N=40, mean=68.275 (+/-1.120623).
P2: N=40, mean=68.25 (+/-1.169572).

Agent 2 (Example UCT)
Winning score (between 0 and 1) : N=80, mean=0.5125 (+/-0.110222).
P1: N=40, mean=0.55 (+/-0.156136).
P2: N=40, mean=0.475 (+/-0.156726).
Game Durations: N=80, mean=68.2625 (+/-0.804753).
P1: N=40, mean=68.25 (+/-1.169572).
P2: N=40, mean=68.275 (+/-1.120623).
=====================================================
=====================================================
Completed 90 games.

Agent 1 (EntropySHUCTAnytime)
Winning score (between 0 and 1) : N=90, mean=0.511111 (+/-0.103852).
P1: N=45, mean=0.533333 (+/-0.147409).
P2: N=45, mean=0.488889 (+/-0.147701).
Game Durations: N=90, mean=68.144444 (+/-0.765263).
P1: N=45, mean=68.222222 (+/-1.09124).
P2: N=45, mean=68.066667 (+/-1.085019).

Agent 2 (Example UCT)
Winning score (between 0 and 1) : N=90, mean=0.488889 (+/-0.103852).
P1: N=45, mean=0.511111 (+/-0.147701).
P2: N=45, mean=0.466667 (+/-0.147409).
Game Durations: N=90, mean=68.144444 (+/-0.765263).
P1: N=45, mean=68.066667 (+/-1.085019).
P2: N=45, mean=68.222222 (+/-1.09124).
=====================================================
=====================================================
Completed 100 games.

Agent 1 (EntropySHUCTAnytime)
Winning score (between 0 and 1) : N=100, mean=0.5 (+/-0.098492).
P1: N=50, mean=0.5 (+/-0.139997).
P2: N=50, mean=0.5 (+/-0.139997).
Game Durations: N=100, mean=68 (+/-0.742813).
P1: N=50, mean=67.94 (+/-1.063108).
P2: N=50, mean=68.06 (+/-1.048256).

Agent 2 (Example UCT)
Winning score (between 0 and 1) : N=100, mean=0.5 (+/-0.098492).
P1: N=50, mean=0.5 (+/-0.139997).
P2: N=50, mean=0.5 (+/-0.139997).
Game Durations: N=100, mean=68 (+/-0.742813).
P1: N=50, mean=68.06 (+/-1.048256).
P2: N=50, mean=67.94 (+/-1.063108).
=====================================================
