Warming up...
Finished warming up!
=====================================================
Completed 1 games.

Agent 1 (RegressionTreeSHUCTAny)
Winning score (between 0 and 1) : N=1, mean=1 (+/-0).
P1: N=1, mean=1 (+/-0).
P2: N=0, mean=0 (+/-0).
Game Durations: N=1, mean=33 (+/-0).
P1: N=1, mean=33 (+/-0).
P2: N=0, mean=0 (+/-0).

Agent 2 (SHUCTAnyTime)
Winning score (between 0 and 1) : N=1, mean=0 (+/-0).
P1: N=0, mean=0 (+/-0).
P2: N=1, mean=0 (+/-0).
Game Durations: N=1, mean=33 (+/-0).
P1: N=0, mean=0 (+/-0).
P2: N=1, mean=33 (+/-0).
=====================================================
=====================================================
Completed 2 games.

Agent 1 (RegressionTreeSHUCTAny)
Winning score (between 0 and 1) : N=2, mean=1 (+/-0).
P1: N=1, mean=1 (+/-0).
P2: N=1, mean=1 (+/-0).
Game Durations: N=2, mean=49.5 (+/-32.33934).
P1: N=1, mean=33 (+/-0).
P2: N=1, mean=66 (+/-0).

Agent 2 (SHUCTAnyTime)
Winning score (between 0 and 1) : N=2, mean=0 (+/-0).
P1: N=1, mean=0 (+/-0).
P2: N=1, mean=0 (+/-0).
Game Durations: N=2, mean=49.5 (+/-32.33934).
P1: N=1, mean=66 (+/-0).
P2: N=1, mean=33 (+/-0).
=====================================================
=====================================================
Completed 3 games.

Agent 1 (RegressionTreeSHUCTAny)
Winning score (between 0 and 1) : N=3, mean=1 (+/-0).
P1: N=2, mean=1 (+/-0).
P2: N=1, mean=1 (+/-0).
Game Durations: N=3, mean=51.333333 (+/-19.013745).
P1: N=2, mean=44 (+/-21.55956).
P2: N=1, mean=66 (+/-0).

Agent 2 (SHUCTAnyTime)
Winning score (between 0 and 1) : N=3, mean=0 (+/-0).
P1: N=1, mean=0 (+/-0).
P2: N=2, mean=0 (+/-0).
Game Durations: N=3, mean=51.333333 (+/-19.013745).
P1: N=1, mean=66 (+/-0).
P2: N=2, mean=44 (+/-21.55956).
=====================================================
=====================================================
Completed 4 games.

Agent 1 (RegressionTreeSHUCTAny)
Winning score (between 0 and 1) : N=4, mean=1 (+/-0).
P1: N=2, mean=1 (+/-0).
P2: N=2, mean=1 (+/-0).
Game Durations: N=4, mean=56 (+/-16.260976).
P1: N=2, mean=44 (+/-21.55956).
P2: N=2, mean=68 (+/-3.91992).

Agent 2 (SHUCTAnyTime)
Winning score (between 0 and 1) : N=4, mean=0 (+/-0).
P1: N=2, mean=0 (+/-0).
P2: N=2, mean=0 (+/-0).
Game Durations: N=4, mean=56 (+/-16.260976).
P1: N=2, mean=68 (+/-3.91992).
P2: N=2, mean=44 (+/-21.55956).
=====================================================
=====================================================
Completed 5 games.

Agent 1 (RegressionTreeSHUCTAny)
Winning score (between 0 and 1) : N=5, mean=1 (+/-0).
P1: N=3, mean=1 (+/-0).
P2: N=2, mean=1 (+/-0).
Game Durations: N=5, mean=52.2 (+/-14.63291).
P1: N=3, mean=41.666667 (+/-13.260948).
P2: N=2, mean=68 (+/-3.91992).

Agent 2 (SHUCTAnyTime)
Winning score (between 0 and 1) : N=5, mean=0 (+/-0).
P1: N=2, mean=0 (+/-0).
P2: N=3, mean=0 (+/-0).
Game Durations: N=5, mean=52.2 (+/-14.63291).
P1: N=2, mean=68 (+/-3.91992).
P2: N=3, mean=41.666667 (+/-13.260948).
=====================================================
=====================================================
Completed 10 games.

Agent 1 (RegressionTreeSHUCTAny)
Winning score (between 0 and 1) : N=10, mean=0.9 (+/-0.195996).
P1: N=5, mean=0.8 (+/-0.391992).
P2: N=5, mean=1 (+/-0).
Game Durations: N=10, mean=53.6 (+/-8.643599).
P1: N=5, mean=46.4 (+/-9.226396).
P2: N=5, mean=60.8 (+/-12.308798).

Agent 2 (SHUCTAnyTime)
Winning score (between 0 and 1) : N=10, mean=0.1 (+/-0.195996).
P1: N=5, mean=0 (+/-0).
P2: N=5, mean=0.2 (+/-0.391992).
Game Durations: N=10, mean=53.6 (+/-8.643599).
P1: N=5, mean=60.8 (+/-12.308798).
P2: N=5, mean=46.4 (+/-9.226396).
=====================================================
=====================================================
Completed 20 games.

Agent 1 (RegressionTreeSHUCTAny)
Winning score (between 0 and 1) : N=20, mean=0.75 (+/-0.194702).
P1: N=10, mean=0.7 (+/-0.299389).
P2: N=10, mean=0.8 (+/-0.261328).
Game Durations: N=20, mean=54.65 (+/-6.191859).
P1: N=10, mean=50.5 (+/-5.859883).
P2: N=10, mean=58.8 (+/-10.622429).

Agent 2 (SHUCTAnyTime)
Winning score (between 0 and 1) : N=20, mean=0.25 (+/-0.194702).
P1: N=10, mean=0.2 (+/-0.261328).
P2: N=10, mean=0.3 (+/-0.299389).
Game Durations: N=20, mean=54.65 (+/-6.191859).
P1: N=10, mean=58.8 (+/-10.622429).
P2: N=10, mean=50.5 (+/-5.859883).
=====================================================
=====================================================
Completed 30 games.

Agent 1 (RegressionTreeSHUCTAny)
Winning score (between 0 and 1) : N=30, mean=0.7 (+/-0.166785).
P1: N=15, mean=0.666667 (+/-0.246932).
P2: N=15, mean=0.733333 (+/-0.231643).
Game Durations: N=30, mean=53.933333 (+/-4.491996).
P1: N=15, mean=51.733333 (+/-5.011437).
P2: N=15, mean=56.133333 (+/-7.471552).

Agent 2 (SHUCTAnyTime)
Winning score (between 0 and 1) : N=30, mean=0.3 (+/-0.166785).
P1: N=15, mean=0.266667 (+/-0.231643).
P2: N=15, mean=0.333333 (+/-0.246932).
Game Durations: N=30, mean=53.933333 (+/-4.491996).
P1: N=15, mean=56.133333 (+/-7.471552).
P2: N=15, mean=51.733333 (+/-5.011437).
=====================================================
=====================================================
Completed 40 games.

Agent 1 (RegressionTreeSHUCTAny)
Winning score (between 0 and 1) : N=40, mean=0.675 (+/-0.146997).
P1: N=20, mean=0.7 (+/-0.206054).
P2: N=20, mean=0.65 (+/-0.214467).
Game Durations: N=40, mean=52.625 (+/-3.669896).
P1: N=20, mean=52.6 (+/-4.025271).
P2: N=20, mean=52.65 (+/-6.251975).

Agent 2 (SHUCTAnyTime)
Winning score (between 0 and 1) : N=40, mean=0.325 (+/-0.146997).
P1: N=20, mean=0.35 (+/-0.214467).
P2: N=20, mean=0.3 (+/-0.206054).
Game Durations: N=40, mean=52.625 (+/-3.669896).
P1: N=20, mean=52.65 (+/-6.251975).
P2: N=20, mean=52.6 (+/-4.025271).
=====================================================
=====================================================
Completed 50 games.

Agent 1 (RegressionTreeSHUCTAny)
Winning score (between 0 and 1) : N=50, mean=0.72 (+/-0.125717).
P1: N=25, mean=0.72 (+/-0.179633).
P2: N=25, mean=0.72 (+/-0.179633).
Game Durations: N=50, mean=53.94 (+/-3.397248).
P1: N=25, mean=54.8 (+/-4.283608).
P2: N=25, mean=53.08 (+/-5.342368).

Agent 2 (SHUCTAnyTime)
Winning score (between 0 and 1) : N=50, mean=0.28 (+/-0.125717).
P1: N=25, mean=0.28 (+/-0.179633).
P2: N=25, mean=0.28 (+/-0.179633).
Game Durations: N=50, mean=53.94 (+/-3.397248).
P1: N=25, mean=53.08 (+/-5.342368).
P2: N=25, mean=54.8 (+/-4.283608).
=====================================================
=====================================================
Completed 60 games.

Agent 1 (RegressionTreeSHUCTAny)
Winning score (between 0 and 1) : N=60, mean=0.7 (+/-0.116931).
P1: N=30, mean=0.733333 (+/-0.160947).
P2: N=30, mean=0.666667 (+/-0.17157).
Game Durations: N=60, mean=53.666667 (+/-3.081293).
P1: N=30, mean=53.933333 (+/-3.927722).
P2: N=30, mean=53.4 (+/-4.815228).

Agent 2 (SHUCTAnyTime)
Winning score (between 0 and 1) : N=60, mean=0.3 (+/-0.116931).
P1: N=30, mean=0.333333 (+/-0.17157).
P2: N=30, mean=0.266667 (+/-0.160947).
Game Durations: N=60, mean=53.666667 (+/-3.081293).
P1: N=30, mean=53.4 (+/-4.815228).
P2: N=30, mean=53.933333 (+/-3.927722).
=====================================================
=====================================================
Completed 70 games.

Agent 1 (RegressionTreeSHUCTAny)
Winning score (between 0 and 1) : N=70, mean=0.7 (+/-0.108127).
P1: N=35, mean=0.771429 (+/-0.141145).
P2: N=35, mean=0.628571 (+/-0.162414).
Game Durations: N=70, mean=53.742857 (+/-2.790586).
P1: N=35, mean=53.342857 (+/-3.522565).
P2: N=35, mean=54.142857 (+/-4.37755).

Agent 2 (SHUCTAnyTime)
Winning score (between 0 and 1) : N=70, mean=0.3 (+/-0.108127).
P1: N=35, mean=0.371429 (+/-0.162414).
P2: N=35, mean=0.228571 (+/-0.141145).
Game Durations: N=70, mean=53.742857 (+/-2.790586).
P1: N=35, mean=54.142857 (+/-4.37755).
P2: N=35, mean=53.342857 (+/-3.522565).
=====================================================
=====================================================
Completed 80 games.

Agent 1 (RegressionTreeSHUCTAny)
Winning score (between 0 and 1) : N=80, mean=0.6625 (+/-0.104271).
P1: N=40, mean=0.725 (+/-0.140136).
P2: N=40, mean=0.6 (+/-0.153752).
Game Durations: N=80, mean=54.0125 (+/-2.55797).
P1: N=40, mean=53.375 (+/-3.202668).
P2: N=40, mean=54.65 (+/-4.021349).

Agent 2 (SHUCTAnyTime)
Winning score (between 0 and 1) : N=80, mean=0.3375 (+/-0.104271).
P1: N=40, mean=0.4 (+/-0.153752).
P2: N=40, mean=0.275 (+/-0.140136).
Game Durations: N=80, mean=54.0125 (+/-2.55797).
P1: N=40, mean=54.65 (+/-4.021349).
P2: N=40, mean=53.375 (+/-3.202668).
=====================================================
=====================================================
Completed 90 games.

Agent 1 (RegressionTreeSHUCTAny)
Winning score (between 0 and 1) : N=90, mean=0.644444 (+/-0.099449).
P1: N=45, mean=0.688889 (+/-0.13679).
P2: N=45, mean=0.6 (+/-0.144753).
Game Durations: N=90, mean=53.833333 (+/-2.419109).
P1: N=45, mean=53.622222 (+/-3.176438).
P2: N=45, mean=54.044444 (+/-3.684672).

Agent 2 (SHUCTAnyTime)
Winning score (between 0 and 1) : N=90, mean=0.355556 (+/-0.099449).
P1: N=45, mean=0.4 (+/-0.144753).
P2: N=45, mean=0.311111 (+/-0.13679).
Game Durations: N=90, mean=53.833333 (+/-2.419109).
P1: N=45, mean=54.044444 (+/-3.684672).
P2: N=45, mean=53.622222 (+/-3.176438).
=====================================================
=====================================================
Completed 100 games.

Agent 1 (RegressionTreeSHUCTAny)
Winning score (between 0 and 1) : N=100, mean=0.62 (+/-0.095613).
P1: N=50, mean=0.66 (+/-0.132636).
P2: N=50, mean=0.58 (+/-0.138194).
Game Durations: N=100, mean=54.58 (+/-2.286057).
P1: N=50, mean=54.3 (+/-2.993845).
P2: N=50, mean=54.86 (+/-3.484556).

Agent 2 (SHUCTAnyTime)
Winning score (between 0 and 1) : N=100, mean=0.38 (+/-0.095613).
P1: N=50, mean=0.42 (+/-0.138194).
P2: N=50, mean=0.34 (+/-0.132636).
Game Durations: N=100, mean=54.58 (+/-2.286057).
P1: N=50, mean=54.86 (+/-3.484556).
P2: N=50, mean=54.3 (+/-2.993845).
=====================================================
