Warming up...
Finished warming up!
=====================================================
Completed 1 games.

Agent 1 (EntropySHUCTAnytime)
Winning score (between 0 and 1) : N=1, mean=0 (+/-0).
P1: N=0, mean=0 (+/-0).
P2: N=1, mean=0 (+/-0).
Game Durations: N=1, mean=178 (+/-0).
P1: N=0, mean=0 (+/-0).
P2: N=1, mean=178 (+/-0).

Agent 2 (SHUCTAnyTime)
Winning score (between 0 and 1) : N=1, mean=1 (+/-0).
P1: N=1, mean=1 (+/-0).
P2: N=0, mean=0 (+/-0).
Game Durations: N=1, mean=178 (+/-0).
P1: N=1, mean=178 (+/-0).
P2: N=0, mean=0 (+/-0).
=====================================================
=====================================================
Completed 2 games.

Agent 1 (EntropySHUCTAnytime)
Winning score (between 0 and 1) : N=2, mean=0 (+/-0).
P1: N=1, mean=0 (+/-0).
P2: N=1, mean=0 (+/-0).
Game Durations: N=2, mean=165 (+/-25.47948).
P1: N=1, mean=152 (+/-0).
P2: N=1, mean=178 (+/-0).

Agent 2 (SHUCTAnyTime)
Winning score (between 0 and 1) : N=2, mean=1 (+/-0).
P1: N=1, mean=1 (+/-0).
P2: N=1, mean=1 (+/-0).
Game Durations: N=2, mean=165 (+/-25.47948).
P1: N=1, mean=178 (+/-0).
P2: N=1, mean=152 (+/-0).
=====================================================
=====================================================
Completed 3 games.

Agent 1 (EntropySHUCTAnytime)
Winning score (between 0 and 1) : N=3, mean=0.333333 (+/-0.65332).
P1: N=1, mean=0 (+/-0).
P2: N=2, mean=0.5 (+/-0.97998).
Game Durations: N=3, mean=168.666667 (+/-16.372152).
P1: N=1, mean=152 (+/-0).
P2: N=2, mean=177 (+/-1.95996).

Agent 2 (SHUCTAnyTime)
Winning score (between 0 and 1) : N=3, mean=0.666667 (+/-0.65332).
P1: N=2, mean=0.5 (+/-0.97998).
P2: N=1, mean=1 (+/-0).
Game Durations: N=3, mean=168.666667 (+/-16.372152).
P1: N=2, mean=177 (+/-1.95996).
P2: N=1, mean=152 (+/-0).
=====================================================
=====================================================
Completed 4 games.

Agent 1 (EntropySHUCTAnytime)
Winning score (between 0 and 1) : N=4, mean=0.5 (+/-0.565792).
P1: N=2, mean=0.5 (+/-0.97998).
P2: N=2, mean=0.5 (+/-0.97998).
Game Durations: N=4, mean=170 (+/-11.868147).
P1: N=2, mean=163 (+/-21.55956).
P2: N=2, mean=177 (+/-1.95996).

Agent 2 (SHUCTAnyTime)
Winning score (between 0 and 1) : N=4, mean=0.5 (+/-0.565792).
P1: N=2, mean=0.5 (+/-0.97998).
P2: N=2, mean=0.5 (+/-0.97998).
Game Durations: N=4, mean=170 (+/-11.868147).
P1: N=2, mean=177 (+/-1.95996).
P2: N=2, mean=163 (+/-21.55956).
=====================================================
=====================================================
Completed 5 games.

Agent 1 (EntropySHUCTAnytime)
Winning score (between 0 and 1) : N=5, mean=0.4 (+/-0.48009).
P1: N=2, mean=0.5 (+/-0.97998).
P2: N=3, mean=0.333333 (+/-0.65332).
Game Durations: N=5, mean=165.2 (+/-13.153654).
P1: N=2, mean=163 (+/-21.55956).
P2: N=3, mean=166.666667 (+/-20.284508).

Agent 2 (SHUCTAnyTime)
Winning score (between 0 and 1) : N=5, mean=0.6 (+/-0.48009).
P1: N=3, mean=0.666667 (+/-0.65332).
P2: N=2, mean=0.5 (+/-0.97998).
Game Durations: N=5, mean=165.2 (+/-13.153654).
P1: N=3, mean=166.666667 (+/-20.284508).
P2: N=2, mean=163 (+/-21.55956).
=====================================================
=====================================================
Completed 10 games.

Agent 1 (EntropySHUCTAnytime)
Winning score (between 0 and 1) : N=10, mean=0.4 (+/-0.32006).
P1: N=5, mean=0.4 (+/-0.48009).
P2: N=5, mean=0.4 (+/-0.48009).
Game Durations: N=10, mean=159.8 (+/-12.010431).
P1: N=5, mean=152 (+/-20.179023).
P2: N=5, mean=167.6 (+/-11.1838).

Agent 2 (SHUCTAnyTime)
Winning score (between 0 and 1) : N=10, mean=0.6 (+/-0.32006).
P1: N=5, mean=0.6 (+/-0.48009).
P2: N=5, mean=0.6 (+/-0.48009).
Game Durations: N=10, mean=159.8 (+/-12.010431).
P1: N=5, mean=167.6 (+/-11.1838).
P2: N=5, mean=152 (+/-20.179023).
=====================================================
=====================================================
Completed 20 games.

Agent 1 (EntropySHUCTAnytime)
Winning score (between 0 and 1) : N=20, mean=0.25 (+/-0.194702).
P1: N=10, mean=0.3 (+/-0.299389).
P2: N=10, mean=0.2 (+/-0.261328).
Game Durations: N=20, mean=156.9 (+/-7.336117).
P1: N=10, mean=149 (+/-11.484318).
P2: N=10, mean=164.8 (+/-6.48599).

Agent 2 (SHUCTAnyTime)
Winning score (between 0 and 1) : N=20, mean=0.75 (+/-0.194702).
P1: N=10, mean=0.8 (+/-0.261328).
P2: N=10, mean=0.7 (+/-0.299389).
Game Durations: N=20, mean=156.9 (+/-7.336117).
P1: N=10, mean=164.8 (+/-6.48599).
P2: N=10, mean=149 (+/-11.484318).
=====================================================
=====================================================
Completed 30 games.

Agent 1 (EntropySHUCTAnytime)
Winning score (between 0 and 1) : N=30, mean=0.333333 (+/-0.17157).
P1: N=15, mean=0.333333 (+/-0.246932).
P2: N=15, mean=0.333333 (+/-0.246932).
Game Durations: N=30, mean=155.4 (+/-5.991168).
P1: N=15, mean=147.6 (+/-8.538556).
P2: N=15, mean=163.2 (+/-6.51226).

Agent 2 (SHUCTAnyTime)
Winning score (between 0 and 1) : N=30, mean=0.666667 (+/-0.17157).
P1: N=15, mean=0.666667 (+/-0.246932).
P2: N=15, mean=0.666667 (+/-0.246932).
Game Durations: N=30, mean=155.4 (+/-5.991168).
P1: N=15, mean=163.2 (+/-6.51226).
P2: N=15, mean=147.6 (+/-8.538556).
=====================================================
=====================================================
Completed 40 games.

Agent 1 (EntropySHUCTAnytime)
Winning score (between 0 and 1) : N=40, mean=0.35 (+/-0.149694).
P1: N=20, mean=0.25 (+/-0.194702).
P2: N=20, mean=0.45 (+/-0.223696).
Game Durations: N=40, mean=156.4 (+/-4.695521).
P1: N=20, mean=150.1 (+/-6.82203).
P2: N=20, mean=162.7 (+/-5.284245).

Agent 2 (SHUCTAnyTime)
Winning score (between 0 and 1) : N=40, mean=0.65 (+/-0.149694).
P1: N=20, mean=0.55 (+/-0.223696).
P2: N=20, mean=0.75 (+/-0.194702).
Game Durations: N=40, mean=156.4 (+/-4.695521).
P1: N=20, mean=162.7 (+/-5.284245).
P2: N=20, mean=150.1 (+/-6.82203).
=====================================================
=====================================================
Completed 50 games.

Agent 1 (EntropySHUCTAnytime)
Winning score (between 0 and 1) : N=50, mean=0.38 (+/-0.135905).
P1: N=25, mean=0.36 (+/-0.192036).
P2: N=25, mean=0.4 (+/-0.195996).
Game Durations: N=50, mean=156.32 (+/-4.198585).
P1: N=25, mean=149.84 (+/-5.813829).
P2: N=25, mean=162.8 (+/-4.973821).

Agent 2 (SHUCTAnyTime)
Winning score (between 0 and 1) : N=50, mean=0.62 (+/-0.135905).
P1: N=25, mean=0.6 (+/-0.195996).
P2: N=25, mean=0.64 (+/-0.192036).
Game Durations: N=50, mean=156.32 (+/-4.198585).
P1: N=25, mean=162.8 (+/-4.973821).
P2: N=25, mean=149.84 (+/-5.813829).
=====================================================
=====================================================
Completed 60 games.

Agent 1 (EntropySHUCTAnytime)
Winning score (between 0 and 1) : N=60, mean=0.4 (+/-0.125005).
P1: N=30, mean=0.433333 (+/-0.180353).
P2: N=30, mean=0.366667 (+/-0.175388).
Game Durations: N=60, mean=156.6 (+/-3.93903).
P1: N=30, mean=150.866667 (+/-5.605964).
P2: N=30, mean=162.333333 (+/-4.795687).

Agent 2 (SHUCTAnyTime)
Winning score (between 0 and 1) : N=60, mean=0.6 (+/-0.125005).
P1: N=30, mean=0.633333 (+/-0.175388).
P2: N=30, mean=0.566667 (+/-0.180353).
Game Durations: N=60, mean=156.6 (+/-3.93903).
P1: N=30, mean=162.333333 (+/-4.795687).
P2: N=30, mean=150.866667 (+/-5.605964).
=====================================================
=====================================================
Completed 70 games.

Agent 1 (EntropySHUCTAnytime)
Winning score (between 0 and 1) : N=70, mean=0.428571 (+/-0.116766).
P1: N=35, mean=0.457143 (+/-0.167447).
P2: N=35, mean=0.4 (+/-0.16467).
Game Durations: N=70, mean=157.457143 (+/-3.584973).
P1: N=35, mean=152.114286 (+/-5.315156).
P2: N=35, mean=162.8 (+/-4.178845).

Agent 2 (SHUCTAnyTime)
Winning score (between 0 and 1) : N=70, mean=0.571429 (+/-0.116766).
P1: N=35, mean=0.6 (+/-0.16467).
P2: N=35, mean=0.542857 (+/-0.167447).
Game Durations: N=70, mean=157.457143 (+/-3.584973).
P1: N=35, mean=162.8 (+/-4.178845).
P2: N=35, mean=152.114286 (+/-5.315156).
=====================================================
=====================================================
Completed 80 games.

Agent 1 (EntropySHUCTAnytime)
Winning score (between 0 and 1) : N=80, mean=0.45 (+/-0.109704).
P1: N=40, mean=0.45 (+/-0.156136).
P2: N=40, mean=0.45 (+/-0.156136).
Game Durations: N=80, mean=158.45 (+/-3.325267).
P1: N=40, mean=154.6 (+/-5.105551).
P2: N=40, mean=162.3 (+/-3.976179).

Agent 2 (SHUCTAnyTime)
Winning score (between 0 and 1) : N=80, mean=0.55 (+/-0.109704).
P1: N=40, mean=0.55 (+/-0.156136).
P2: N=40, mean=0.55 (+/-0.156136).
Game Durations: N=80, mean=158.45 (+/-3.325267).
P1: N=40, mean=162.3 (+/-3.976179).
P2: N=40, mean=154.6 (+/-5.105551).
=====================================================
=====================================================
Completed 90 games.

Agent 1 (EntropySHUCTAnytime)
Winning score (between 0 and 1) : N=90, mean=0.466667 (+/-0.103647).
P1: N=45, mean=0.466667 (+/-0.147409).
P2: N=45, mean=0.466667 (+/-0.147409).
Game Durations: N=90, mean=157.266667 (+/-3.243735).
P1: N=45, mean=154.977778 (+/-4.639153).
P2: N=45, mean=159.555556 (+/-4.486534).

Agent 2 (SHUCTAnyTime)
Winning score (between 0 and 1) : N=90, mean=0.533333 (+/-0.103647).
P1: N=45, mean=0.533333 (+/-0.147409).
P2: N=45, mean=0.533333 (+/-0.147409).
Game Durations: N=90, mean=157.266667 (+/-3.243735).
P1: N=45, mean=159.555556 (+/-4.486534).
P2: N=45, mean=154.977778 (+/-4.639153).
=====================================================
=====================================================
Completed 100 games.

Agent 1 (EntropySHUCTAnytime)
Winning score (between 0 and 1) : N=100, mean=0.49 (+/-0.098472).
P1: N=50, mean=0.48 (+/-0.139885).
P2: N=50, mean=0.5 (+/-0.139997).
Game Durations: N=100, mean=157.06 (+/-3.003699).
P1: N=50, mean=154.48 (+/-4.337017).
P2: N=50, mean=159.64 (+/-4.074763).

Agent 2 (SHUCTAnyTime)
Winning score (between 0 and 1) : N=100, mean=0.51 (+/-0.098472).
P1: N=50, mean=0.5 (+/-0.139997).
P2: N=50, mean=0.52 (+/-0.139885).
Game Durations: N=100, mean=157.06 (+/-3.003699).
P1: N=50, mean=159.64 (+/-4.074763).
P2: N=50, mean=154.48 (+/-4.337017).
=====================================================
