Warming up...
Finished warming up!
=====================================================
Completed 1 games.

Agent 1 (EntropySHUCTAnytime)
Winning score (between 0 and 1) : N=1, mean=1 (+/-0).
P1: N=0, mean=0 (+/-0).
P2: N=1, mean=1 (+/-0).
Game Durations: N=1, mean=66 (+/-0).
P1: N=0, mean=0 (+/-0).
P2: N=1, mean=66 (+/-0).

Agent 2 (Example UCT)
Winning score (between 0 and 1) : N=1, mean=0 (+/-0).
P1: N=1, mean=0 (+/-0).
P2: N=0, mean=0 (+/-0).
Game Durations: N=1, mean=66 (+/-0).
P1: N=1, mean=66 (+/-0).
P2: N=0, mean=0 (+/-0).
=====================================================
=====================================================
Completed 2 games.

Agent 1 (EntropySHUCTAnytime)
Winning score (between 0 and 1) : N=2, mean=1 (+/-0).
P1: N=1, mean=1 (+/-0).
P2: N=1, mean=1 (+/-0).
Game Durations: N=2, mean=48.5 (+/-34.2993).
P1: N=1, mean=31 (+/-0).
P2: N=1, mean=66 (+/-0).

Agent 2 (Example UCT)
Winning score (between 0 and 1) : N=2, mean=0 (+/-0).
P1: N=1, mean=0 (+/-0).
P2: N=1, mean=0 (+/-0).
Game Durations: N=2, mean=48.5 (+/-34.2993).
P1: N=1, mean=66 (+/-0).
P2: N=1, mean=31 (+/-0).
=====================================================
=====================================================
Completed 3 games.

Agent 1 (EntropySHUCTAnytime)
Winning score (between 0 and 1) : N=3, mean=1 (+/-0).
P1: N=1, mean=1 (+/-0).
P2: N=2, mean=1 (+/-0).
Game Durations: N=3, mean=50.333333 (+/-20.126074).
P1: N=1, mean=31 (+/-0).
P2: N=2, mean=60 (+/-11.75976).

Agent 2 (Example UCT)
Winning score (between 0 and 1) : N=3, mean=0 (+/-0).
P1: N=2, mean=0 (+/-0).
P2: N=1, mean=0 (+/-0).
Game Durations: N=3, mean=50.333333 (+/-20.126074).
P1: N=2, mean=60 (+/-11.75976).
P2: N=1, mean=31 (+/-0).
=====================================================
=====================================================
Completed 4 games.

Agent 1 (EntropySHUCTAnytime)
Winning score (between 0 and 1) : N=4, mean=1 (+/-0).
P1: N=2, mean=1 (+/-0).
P2: N=2, mean=1 (+/-0).
Game Durations: N=4, mean=49 (+/-14.469231).
P1: N=2, mean=38 (+/-13.71972).
P2: N=2, mean=60 (+/-11.75976).

Agent 2 (Example UCT)
Winning score (between 0 and 1) : N=4, mean=0 (+/-0).
P1: N=2, mean=0 (+/-0).
P2: N=2, mean=0 (+/-0).
Game Durations: N=4, mean=49 (+/-14.469231).
P1: N=2, mean=60 (+/-11.75976).
P2: N=2, mean=38 (+/-13.71972).
=====================================================
=====================================================
Completed 5 games.

Agent 1 (EntropySHUCTAnytime)
Winning score (between 0 and 1) : N=5, mean=1 (+/-0).
P1: N=2, mean=1 (+/-0).
P2: N=3, mean=1 (+/-0).
Game Durations: N=5, mean=51.2 (+/-12.008654).
P1: N=2, mean=38 (+/-13.71972).
P2: N=3, mean=60 (+/-6.789501).

Agent 2 (Example UCT)
Winning score (between 0 and 1) : N=5, mean=0 (+/-0).
P1: N=3, mean=0 (+/-0).
P2: N=2, mean=0 (+/-0).
Game Durations: N=5, mean=51.2 (+/-12.008654).
P1: N=3, mean=60 (+/-6.789501).
P2: N=2, mean=38 (+/-13.71972).
=====================================================
=====================================================
Completed 10 games.

Agent 1 (EntropySHUCTAnytime)
Winning score (between 0 and 1) : N=10, mean=0.8 (+/-0.261328).
P1: N=5, mean=1 (+/-0).
P2: N=5, mean=0.6 (+/-0.48009).
Game Durations: N=10, mean=50.7 (+/-8.721516).
P1: N=5, mean=45.4 (+/-13.657982).
P2: N=5, mean=56 (+/-10.089512).

Agent 2 (Example UCT)
Winning score (between 0 and 1) : N=10, mean=0.2 (+/-0.261328).
P1: N=5, mean=0.4 (+/-0.48009).
P2: N=5, mean=0 (+/-0).
Game Durations: N=10, mean=50.7 (+/-8.721516).
P1: N=5, mean=56 (+/-10.089512).
P2: N=5, mean=45.4 (+/-13.657982).
=====================================================
=====================================================
Completed 20 games.

Agent 1 (EntropySHUCTAnytime)
Winning score (between 0 and 1) : N=20, mean=0.7 (+/-0.206054).
P1: N=10, mean=0.8 (+/-0.261328).
P2: N=10, mean=0.6 (+/-0.32006).
Game Durations: N=20, mean=56.3 (+/-5.501686).
P1: N=10, mean=52.6 (+/-9.193956).
P2: N=10, mean=60 (+/-5.620071).

Agent 2 (Example UCT)
Winning score (between 0 and 1) : N=20, mean=0.3 (+/-0.206054).
P1: N=10, mean=0.4 (+/-0.32006).
P2: N=10, mean=0.2 (+/-0.261328).
Game Durations: N=20, mean=56.3 (+/-5.501686).
P1: N=10, mean=60 (+/-5.620071).
P2: N=10, mean=52.6 (+/-9.193956).
=====================================================
=====================================================
Completed 30 games.

Agent 1 (EntropySHUCTAnytime)
Winning score (between 0 and 1) : N=30, mean=0.566667 (+/-0.180353).
P1: N=15, mean=0.666667 (+/-0.246932).
P2: N=15, mean=0.466667 (+/-0.261328).
Game Durations: N=30, mean=59.266667 (+/-5.447943).
P1: N=15, mean=60.8 (+/-8.865228).
P2: N=15, mean=57.733333 (+/-6.56337).

Agent 2 (Example UCT)
Winning score (between 0 and 1) : N=30, mean=0.433333 (+/-0.180353).
P1: N=15, mean=0.533333 (+/-0.261328).
P2: N=15, mean=0.333333 (+/-0.246932).
Game Durations: N=30, mean=59.266667 (+/-5.447943).
P1: N=15, mean=57.733333 (+/-6.56337).
P2: N=15, mean=60.8 (+/-8.865228).
=====================================================
=====================================================
Completed 40 games.

Agent 1 (EntropySHUCTAnytime)
Winning score (between 0 and 1) : N=40, mean=0.625 (+/-0.151939).
P1: N=20, mean=0.65 (+/-0.214467).
P2: N=20, mean=0.6 (+/-0.22028).
Game Durations: N=40, mean=58.375 (+/-4.991853).
P1: N=20, mean=59.45 (+/-8.209544).
P2: N=20, mean=57.3 (+/-5.868005).

Agent 2 (Example UCT)
Winning score (between 0 and 1) : N=40, mean=0.375 (+/-0.151939).
P1: N=20, mean=0.4 (+/-0.22028).
P2: N=20, mean=0.35 (+/-0.214467).
Game Durations: N=40, mean=58.375 (+/-4.991853).
P1: N=20, mean=57.3 (+/-5.868005).
P2: N=20, mean=59.45 (+/-8.209544).
=====================================================
=====================================================
Completed 50 games.

Agent 1 (EntropySHUCTAnytime)
Winning score (between 0 and 1) : N=50, mean=0.6 (+/-0.137169).
P1: N=25, mean=0.6 (+/-0.195996).
P2: N=25, mean=0.6 (+/-0.195996).
Game Durations: N=50, mean=57.46 (+/-4.605275).
P1: N=25, mean=59.56 (+/-7.360583).
P2: N=25, mean=55.36 (+/-5.568816).

Agent 2 (Example UCT)
Winning score (between 0 and 1) : N=50, mean=0.4 (+/-0.137169).
P1: N=25, mean=0.4 (+/-0.195996).
P2: N=25, mean=0.4 (+/-0.195996).
Game Durations: N=50, mean=57.46 (+/-4.605275).
P1: N=25, mean=55.36 (+/-5.568816).
P2: N=25, mean=59.56 (+/-7.360583).
=====================================================
=====================================================
Completed 60 games.

Agent 1 (EntropySHUCTAnytime)
Winning score (between 0 and 1) : N=60, mean=0.566667 (+/-0.126443).
P1: N=30, mean=0.566667 (+/-0.180353).
P2: N=30, mean=0.566667 (+/-0.180353).
Game Durations: N=60, mean=57 (+/-4.192531).
P1: N=30, mean=58.566667 (+/-6.735754).
P2: N=30, mean=55.433333 (+/-5.049837).

Agent 2 (Example UCT)
Winning score (between 0 and 1) : N=60, mean=0.433333 (+/-0.126443).
P1: N=30, mean=0.433333 (+/-0.180353).
P2: N=30, mean=0.433333 (+/-0.180353).
Game Durations: N=60, mean=57 (+/-4.192531).
P1: N=30, mean=55.433333 (+/-5.049837).
P2: N=30, mean=58.566667 (+/-6.735754).
=====================================================
=====================================================
Completed 70 games.

Agent 1 (EntropySHUCTAnytime)
Winning score (between 0 and 1) : N=70, mean=0.571429 (+/-0.116766).
P1: N=35, mean=0.571429 (+/-0.166341).
P2: N=35, mean=0.571429 (+/-0.166341).
Game Durations: N=70, mean=56.557143 (+/-4.032855).
P1: N=35, mean=57.257143 (+/-6.180383).
P2: N=35, mean=55.857143 (+/-5.263507).

Agent 2 (Example UCT)
Winning score (between 0 and 1) : N=70, mean=0.428571 (+/-0.116766).
P1: N=35, mean=0.428571 (+/-0.166341).
P2: N=35, mean=0.428571 (+/-0.166341).
Game Durations: N=70, mean=56.557143 (+/-4.032855).
P1: N=35, mean=55.857143 (+/-5.263507).
P2: N=35, mean=57.257143 (+/-6.180383).
=====================================================
=====================================================
Completed 80 games.

Agent 1 (EntropySHUCTAnytime)
Winning score (between 0 and 1) : N=80, mean=0.6 (+/-0.108029).
P1: N=40, mean=0.625 (+/-0.151939).
P2: N=40, mean=0.575 (+/-0.155147).
Game Durations: N=80, mean=57.125 (+/-3.66648).
P1: N=40, mean=58.325 (+/-5.611764).
P2: N=40, mean=55.925 (+/-4.762995).

Agent 2 (Example UCT)
Winning score (between 0 and 1) : N=80, mean=0.4 (+/-0.108029).
P1: N=40, mean=0.425 (+/-0.155147).
P2: N=40, mean=0.375 (+/-0.151939).
Game Durations: N=80, mean=57.125 (+/-3.66648).
P1: N=40, mean=55.925 (+/-4.762995).
P2: N=40, mean=58.325 (+/-5.611764).
=====================================================
=====================================================
Completed 90 games.

Agent 1 (EntropySHUCTAnytime)
Winning score (between 0 and 1) : N=90, mean=0.577778 (+/-0.102613).
P1: N=45, mean=0.577778 (+/-0.145939).
P2: N=45, mean=0.577778 (+/-0.145939).
Game Durations: N=90, mean=56.922222 (+/-3.431176).
P1: N=45, mean=58.577778 (+/-5.303022).
P2: N=45, mean=55.266667 (+/-4.361926).

Agent 2 (Example UCT)
Winning score (between 0 and 1) : N=90, mean=0.422222 (+/-0.102613).
P1: N=45, mean=0.422222 (+/-0.145939).
P2: N=45, mean=0.422222 (+/-0.145939).
Game Durations: N=90, mean=56.922222 (+/-3.431176).
P1: N=45, mean=55.266667 (+/-4.361926).
P2: N=45, mean=58.577778 (+/-5.303022).
=====================================================
=====================================================
Completed 100 games.

Agent 1 (EntropySHUCTAnytime)
Winning score (between 0 and 1) : N=100, mean=0.59 (+/-0.096883).
P1: N=50, mean=0.58 (+/-0.138194).
P2: N=50, mean=0.6 (+/-0.137169).
Game Durations: N=100, mean=56.99 (+/-3.255355).
P1: N=50, mean=59.1 (+/-5.001877).
P2: N=50, mean=54.88 (+/-4.135826).

Agent 2 (Example UCT)
Winning score (between 0 and 1) : N=100, mean=0.41 (+/-0.096883).
P1: N=50, mean=0.4 (+/-0.137169).
P2: N=50, mean=0.42 (+/-0.138194).
Game Durations: N=100, mean=56.99 (+/-3.255355).
P1: N=50, mean=54.88 (+/-4.135826).
P2: N=50, mean=59.1 (+/-5.001877).
=====================================================
