Warming up...
Finished warming up!
=====================================================
Completed 1 games.

Agent 1 (EntropySHUCTAnytime)
Winning score (between 0 and 1) : N=1, mean=0 (+/-0).
P1: N=0, mean=0 (+/-0).
P2: N=1, mean=0 (+/-0).
Game Durations: N=1, mean=77 (+/-0).
P1: N=0, mean=0 (+/-0).
P2: N=1, mean=77 (+/-0).

Agent 2 (Example UCT)
Winning score (between 0 and 1) : N=1, mean=1 (+/-0).
P1: N=1, mean=1 (+/-0).
P2: N=0, mean=0 (+/-0).
Game Durations: N=1, mean=77 (+/-0).
P1: N=1, mean=77 (+/-0).
P2: N=0, mean=0 (+/-0).
=====================================================
=====================================================
Completed 2 games.

Agent 1 (EntropySHUCTAnytime)
Winning score (between 0 and 1) : N=2, mean=0.5 (+/-0.97998).
P1: N=1, mean=1 (+/-0).
P2: N=1, mean=0 (+/-0).
Game Durations: N=2, mean=69 (+/-15.67968).
P1: N=1, mean=61 (+/-0).
P2: N=1, mean=77 (+/-0).

Agent 2 (Example UCT)
Winning score (between 0 and 1) : N=2, mean=0.5 (+/-0.97998).
P1: N=1, mean=1 (+/-0).
P2: N=1, mean=0 (+/-0).
Game Durations: N=2, mean=69 (+/-15.67968).
P1: N=1, mean=77 (+/-0).
P2: N=1, mean=61 (+/-0).
=====================================================
=====================================================
Completed 3 games.

Agent 1 (EntropySHUCTAnytime)
Winning score (between 0 and 1) : N=3, mean=0.666667 (+/-0.65332).
P1: N=1, mean=1 (+/-0).
P2: N=2, mean=0.5 (+/-0.97998).
Game Durations: N=3, mean=66 (+/-10.794618).
P1: N=1, mean=61 (+/-0).
P2: N=2, mean=68.5 (+/-16.65966).

Agent 2 (Example UCT)
Winning score (between 0 and 1) : N=3, mean=0.333333 (+/-0.65332).
P1: N=2, mean=0.5 (+/-0.97998).
P2: N=1, mean=0 (+/-0).
Game Durations: N=3, mean=66 (+/-10.794618).
P1: N=2, mean=68.5 (+/-16.65966).
P2: N=1, mean=61 (+/-0).
=====================================================
=====================================================
Completed 4 games.

Agent 1 (EntropySHUCTAnytime)
Winning score (between 0 and 1) : N=4, mean=0.5 (+/-0.565792).
P1: N=2, mean=0.5 (+/-0.97998).
P2: N=2, mean=0.5 (+/-0.97998).
Game Durations: N=4, mean=63.5 (+/-9.070331).
P1: N=2, mean=58.5 (+/-4.8999).
P2: N=2, mean=68.5 (+/-16.65966).

Agent 2 (Example UCT)
Winning score (between 0 and 1) : N=4, mean=0.5 (+/-0.565792).
P1: N=2, mean=0.5 (+/-0.97998).
P2: N=2, mean=0.5 (+/-0.97998).
Game Durations: N=4, mean=63.5 (+/-9.070331).
P1: N=2, mean=68.5 (+/-16.65966).
P2: N=2, mean=58.5 (+/-4.8999).
=====================================================
=====================================================
Completed 5 games.

Agent 1 (EntropySHUCTAnytime)
Winning score (between 0 and 1) : N=5, mean=0.4 (+/-0.48009).
P1: N=2, mean=0.5 (+/-0.97998).
P2: N=3, mean=0.333333 (+/-0.65332).
Game Durations: N=5, mean=65.8 (+/-8.347681).
P1: N=2, mean=58.5 (+/-4.8999).
P2: N=3, mean=70.666667 (+/-10.51419).

Agent 2 (Example UCT)
Winning score (between 0 and 1) : N=5, mean=0.6 (+/-0.48009).
P1: N=3, mean=0.666667 (+/-0.65332).
P2: N=2, mean=0.5 (+/-0.97998).
Game Durations: N=5, mean=65.8 (+/-8.347681).
P1: N=3, mean=70.666667 (+/-10.51419).
P2: N=2, mean=58.5 (+/-4.8999).
=====================================================
=====================================================
Completed 10 games.

Agent 1 (EntropySHUCTAnytime)
Winning score (between 0 and 1) : N=10, mean=0.5 (+/-0.32666).
P1: N=5, mean=0.6 (+/-0.48009).
P2: N=5, mean=0.4 (+/-0.48009).
Game Durations: N=10, mean=65 (+/-7.072774).
P1: N=5, mean=64.6 (+/-12.217957).
P2: N=5, mean=65.4 (+/-8.690384).

Agent 2 (Example UCT)
Winning score (between 0 and 1) : N=10, mean=0.5 (+/-0.32666).
P1: N=5, mean=0.6 (+/-0.48009).
P2: N=5, mean=0.4 (+/-0.48009).
Game Durations: N=10, mean=65 (+/-7.072774).
P1: N=5, mean=65.4 (+/-8.690384).
P2: N=5, mean=64.6 (+/-12.217957).
=====================================================
=====================================================
Completed 20 games.

Agent 1 (EntropySHUCTAnytime)
Winning score (between 0 and 1) : N=20, mean=0.65 (+/-0.214467).
P1: N=10, mean=0.8 (+/-0.261328).
P2: N=10, mean=0.5 (+/-0.32666).
Game Durations: N=20, mean=61.35 (+/-5.904371).
P1: N=10, mean=61 (+/-9.216213).
P2: N=10, mean=61.7 (+/-7.883545).

Agent 2 (Example UCT)
Winning score (between 0 and 1) : N=20, mean=0.35 (+/-0.214467).
P1: N=10, mean=0.5 (+/-0.32666).
P2: N=10, mean=0.2 (+/-0.261328).
Game Durations: N=20, mean=61.35 (+/-5.904371).
P1: N=10, mean=61.7 (+/-7.883545).
P2: N=10, mean=61 (+/-9.216213).
=====================================================
=====================================================
Completed 30 games.

Agent 1 (EntropySHUCTAnytime)
Winning score (between 0 and 1) : N=30, mean=0.666667 (+/-0.17157).
P1: N=15, mean=0.733333 (+/-0.231643).
P2: N=15, mean=0.6 (+/-0.256619).
Game Durations: N=30, mean=60.3 (+/-5.228095).
P1: N=15, mean=60.866667 (+/-8.806571).
P2: N=15, mean=59.733333 (+/-5.958581).

Agent 2 (Example UCT)
Winning score (between 0 and 1) : N=30, mean=0.333333 (+/-0.17157).
P1: N=15, mean=0.4 (+/-0.256619).
P2: N=15, mean=0.266667 (+/-0.231643).
Game Durations: N=30, mean=60.3 (+/-5.228095).
P1: N=15, mean=59.733333 (+/-5.958581).
P2: N=15, mean=60.866667 (+/-8.806571).
=====================================================
=====================================================
Completed 40 games.

Agent 1 (EntropySHUCTAnytime)
Winning score (between 0 and 1) : N=40, mean=0.625 (+/-0.151939).
P1: N=20, mean=0.75 (+/-0.194702).
P2: N=20, mean=0.5 (+/-0.224823).
Game Durations: N=40, mean=58.275 (+/-4.638636).
P1: N=20, mean=59.55 (+/-7.428651).
P2: N=20, mean=57 (+/-5.700046).

Agent 2 (Example UCT)
Winning score (between 0 and 1) : N=40, mean=0.375 (+/-0.151939).
P1: N=20, mean=0.5 (+/-0.224823).
P2: N=20, mean=0.25 (+/-0.194702).
Game Durations: N=40, mean=58.275 (+/-4.638636).
P1: N=20, mean=57 (+/-5.700046).
P2: N=20, mean=59.55 (+/-7.428651).
=====================================================
=====================================================
Completed 50 games.

Agent 1 (EntropySHUCTAnytime)
Winning score (between 0 and 1) : N=50, mean=0.62 (+/-0.135905).
P1: N=25, mean=0.72 (+/-0.179633).
P2: N=25, mean=0.52 (+/-0.199877).
Game Durations: N=50, mean=57.88 (+/-4.018143).
P1: N=25, mean=58.64 (+/-6.39708).
P2: N=25, mean=57.12 (+/-4.981949).

Agent 2 (Example UCT)
Winning score (between 0 and 1) : N=50, mean=0.38 (+/-0.135905).
P1: N=25, mean=0.48 (+/-0.199877).
P2: N=25, mean=0.28 (+/-0.179633).
Game Durations: N=50, mean=57.88 (+/-4.018143).
P1: N=25, mean=57.12 (+/-4.981949).
P2: N=25, mean=58.64 (+/-6.39708).
=====================================================
=====================================================
Completed 60 games.

Agent 1 (EntropySHUCTAnytime)
Winning score (between 0 and 1) : N=60, mean=0.583333 (+/-0.125798).
P1: N=30, mean=0.666667 (+/-0.17157).
P2: N=30, mean=0.5 (+/-0.181978).
Game Durations: N=60, mean=57.05 (+/-3.650563).
P1: N=30, mean=57.066667 (+/-5.648492).
P2: N=30, mean=57.033333 (+/-4.724401).

Agent 2 (Example UCT)
Winning score (between 0 and 1) : N=60, mean=0.416667 (+/-0.125798).
P1: N=30, mean=0.5 (+/-0.181978).
P2: N=30, mean=0.333333 (+/-0.17157).
Game Durations: N=60, mean=57.05 (+/-3.650563).
P1: N=30, mean=57.033333 (+/-4.724401).
P2: N=30, mean=57.066667 (+/-5.648492).
=====================================================
=====================================================
Completed 70 games.

Agent 1 (EntropySHUCTAnytime)
Winning score (between 0 and 1) : N=70, mean=0.6 (+/-0.115592).
P1: N=35, mean=0.657143 (+/-0.159549).
P2: N=35, mean=0.542857 (+/-0.167447).
Game Durations: N=70, mean=57.128571 (+/-3.514901).
P1: N=35, mean=58.657143 (+/-5.492088).
P2: N=35, mean=55.6 (+/-4.410651).

Agent 2 (Example UCT)
Winning score (between 0 and 1) : N=70, mean=0.4 (+/-0.115592).
P1: N=35, mean=0.457143 (+/-0.167447).
P2: N=35, mean=0.342857 (+/-0.159549).
Game Durations: N=70, mean=57.128571 (+/-3.514901).
P1: N=35, mean=55.6 (+/-4.410651).
P2: N=35, mean=58.657143 (+/-5.492088).
=====================================================
=====================================================
Completed 80 games.

Agent 1 (EntropySHUCTAnytime)
Winning score (between 0 and 1) : N=80, mean=0.5625 (+/-0.109392).
P1: N=40, mean=0.6 (+/-0.153752).
P2: N=40, mean=0.525 (+/-0.156726).
Game Durations: N=80, mean=58.3625 (+/-3.275606).
P1: N=40, mean=59.25 (+/-5.067767).
P2: N=40, mean=57.475 (+/-4.19895).

Agent 2 (Example UCT)
Winning score (between 0 and 1) : N=80, mean=0.4375 (+/-0.109392).
P1: N=40, mean=0.475 (+/-0.156726).
P2: N=40, mean=0.4 (+/-0.153752).
Game Durations: N=80, mean=58.3625 (+/-3.275606).
P1: N=40, mean=57.475 (+/-4.19895).
P2: N=40, mean=59.25 (+/-5.067767).
=====================================================
=====================================================
Completed 90 games.

Agent 1 (EntropySHUCTAnytime)
Winning score (between 0 and 1) : N=90, mean=0.555556 (+/-0.103234).
P1: N=45, mean=0.555556 (+/-0.146823).
P2: N=45, mean=0.555556 (+/-0.146823).
Game Durations: N=90, mean=57.277778 (+/-3.033043).
P1: N=45, mean=58.066667 (+/-4.677433).
P2: N=45, mean=56.488889 (+/-3.902371).

Agent 2 (Example UCT)
Winning score (between 0 and 1) : N=90, mean=0.444444 (+/-0.103234).
P1: N=45, mean=0.444444 (+/-0.146823).
P2: N=45, mean=0.444444 (+/-0.146823).
Game Durations: N=90, mean=57.277778 (+/-3.033043).
P1: N=45, mean=56.488889 (+/-3.902371).
P2: N=45, mean=58.066667 (+/-4.677433).
=====================================================
=====================================================
Completed 100 games.

Agent 1 (EntropySHUCTAnytime)
Winning score (between 0 and 1) : N=100, mean=0.55 (+/-0.097998).
P1: N=50, mean=0.56 (+/-0.138986).
P2: N=50, mean=0.54 (+/-0.139548).
Game Durations: N=100, mean=56.89 (+/-2.955262).
P1: N=50, mean=58.48 (+/-4.405171).
P2: N=50, mean=55.3 (+/-3.935588).

Agent 2 (Example UCT)
Winning score (between 0 and 1) : N=100, mean=0.45 (+/-0.097998).
P1: N=50, mean=0.46 (+/-0.139548).
P2: N=50, mean=0.44 (+/-0.138986).
Game Durations: N=100, mean=56.89 (+/-2.955262).
P1: N=50, mean=55.3 (+/-3.935588).
P2: N=50, mean=58.48 (+/-4.405171).
=====================================================
