Warming up...
Finished warming up!
=====================================================
Completed 1 games.

Agent 1 (EntropySHUCTAnytime)
Winning score (between 0 and 1) : N=1, mean=0 (+/-0).
P1: N=0, mean=0 (+/-0).
P2: N=1, mean=0 (+/-0).
Game Durations: N=1, mean=37 (+/-0).
P1: N=0, mean=0 (+/-0).
P2: N=1, mean=37 (+/-0).

Agent 2 (Example UCT)
Winning score (between 0 and 1) : N=1, mean=1 (+/-0).
P1: N=1, mean=1 (+/-0).
P2: N=0, mean=0 (+/-0).
Game Durations: N=1, mean=37 (+/-0).
P1: N=1, mean=37 (+/-0).
P2: N=0, mean=0 (+/-0).
=====================================================
=====================================================
Completed 2 games.

Agent 1 (EntropySHUCTAnytime)
Winning score (between 0 and 1) : N=2, mean=0.5 (+/-0.97998).
P1: N=1, mean=1 (+/-0).
P2: N=1, mean=0 (+/-0).
Game Durations: N=2, mean=35 (+/-3.91992).
P1: N=1, mean=33 (+/-0).
P2: N=1, mean=37 (+/-0).

Agent 2 (Example UCT)
Winning score (between 0 and 1) : N=2, mean=0.5 (+/-0.97998).
P1: N=1, mean=1 (+/-0).
P2: N=1, mean=0 (+/-0).
Game Durations: N=2, mean=35 (+/-3.91992).
P1: N=1, mean=37 (+/-0).
P2: N=1, mean=33 (+/-0).
=====================================================
=====================================================
Completed 3 games.

Agent 1 (EntropySHUCTAnytime)
Winning score (between 0 and 1) : N=3, mean=0.333333 (+/-0.65332).
P1: N=1, mean=1 (+/-0).
P2: N=2, mean=0 (+/-0).
Game Durations: N=3, mean=37.666667 (+/-5.695512).
P1: N=1, mean=33 (+/-0).
P2: N=2, mean=40 (+/-5.87988).

Agent 2 (Example UCT)
Winning score (between 0 and 1) : N=3, mean=0.666667 (+/-0.65332).
P1: N=2, mean=1 (+/-0).
P2: N=1, mean=0 (+/-0).
Game Durations: N=3, mean=37.666667 (+/-5.695512).
P1: N=2, mean=40 (+/-5.87988).
P2: N=1, mean=33 (+/-0).
=====================================================
=====================================================
Completed 4 games.

Agent 1 (EntropySHUCTAnytime)
Winning score (between 0 and 1) : N=4, mean=0.5 (+/-0.565792).
P1: N=2, mean=1 (+/-0).
P2: N=2, mean=0 (+/-0).
Game Durations: N=4, mean=38 (+/-4.079982).
P1: N=2, mean=36 (+/-5.87988).
P2: N=2, mean=40 (+/-5.87988).

Agent 2 (Example UCT)
Winning score (between 0 and 1) : N=4, mean=0.5 (+/-0.565792).
P1: N=2, mean=1 (+/-0).
P2: N=2, mean=0 (+/-0).
Game Durations: N=4, mean=38 (+/-4.079982).
P1: N=2, mean=40 (+/-5.87988).
P2: N=2, mean=36 (+/-5.87988).
=====================================================
=====================================================
Completed 5 games.

Agent 1 (EntropySHUCTAnytime)
Winning score (between 0 and 1) : N=5, mean=0.4 (+/-0.48009).
P1: N=2, mean=1 (+/-0).
P2: N=3, mean=0 (+/-0).
Game Durations: N=5, mean=40.2 (+/-5.346058).
P1: N=2, mean=36 (+/-5.87988).
P2: N=3, mean=43 (+/-6.789501).

Agent 2 (Example UCT)
Winning score (between 0 and 1) : N=5, mean=0.6 (+/-0.48009).
P1: N=3, mean=1 (+/-0).
P2: N=2, mean=0 (+/-0).
Game Durations: N=5, mean=40.2 (+/-5.346058).
P1: N=3, mean=43 (+/-6.789501).
P2: N=2, mean=36 (+/-5.87988).
=====================================================
=====================================================
Completed 10 games.

Agent 1 (EntropySHUCTAnytime)
Winning score (between 0 and 1) : N=10, mean=0.6 (+/-0.32006).
P1: N=5, mean=0.8 (+/-0.391992).
P2: N=5, mean=0.4 (+/-0.48009).
Game Durations: N=10, mean=49.1 (+/-9.94013).
P1: N=5, mean=49.6 (+/-18.815616).
P2: N=5, mean=48.6 (+/-9.493169).

Agent 2 (Example UCT)
Winning score (between 0 and 1) : N=10, mean=0.4 (+/-0.32006).
P1: N=5, mean=0.6 (+/-0.48009).
P2: N=5, mean=0.2 (+/-0.391992).
Game Durations: N=10, mean=49.1 (+/-9.94013).
P1: N=5, mean=48.6 (+/-9.493169).
P2: N=5, mean=49.6 (+/-18.815616).
=====================================================
=====================================================
Completed 20 games.

Agent 1 (EntropySHUCTAnytime)
Winning score (between 0 and 1) : N=20, mean=0.7 (+/-0.206054).
P1: N=10, mean=0.8 (+/-0.261328).
P2: N=10, mean=0.6 (+/-0.32006).
Game Durations: N=20, mean=46.3 (+/-7.304632).
P1: N=10, mean=45.6 (+/-11.756856).
P2: N=10, mean=47 (+/-9.308377).

Agent 2 (Example UCT)
Winning score (between 0 and 1) : N=20, mean=0.3 (+/-0.206054).
P1: N=10, mean=0.4 (+/-0.32006).
P2: N=10, mean=0.2 (+/-0.261328).
Game Durations: N=20, mean=46.3 (+/-7.304632).
P1: N=10, mean=47 (+/-9.308377).
P2: N=10, mean=45.6 (+/-11.756856).
=====================================================
=====================================================
Completed 30 games.

Agent 1 (EntropySHUCTAnytime)
Winning score (between 0 and 1) : N=30, mean=0.766667 (+/-0.153936).
P1: N=15, mean=0.8 (+/-0.209529).
P2: N=15, mean=0.733333 (+/-0.231643).
Game Durations: N=30, mean=45.733333 (+/-5.232977).
P1: N=15, mean=45.866667 (+/-7.778624).
P2: N=15, mean=45.6 (+/-7.275399).

Agent 2 (Example UCT)
Winning score (between 0 and 1) : N=30, mean=0.233333 (+/-0.153936).
P1: N=15, mean=0.266667 (+/-0.231643).
P2: N=15, mean=0.2 (+/-0.209529).
Game Durations: N=30, mean=45.733333 (+/-5.232977).
P1: N=15, mean=45.6 (+/-7.275399).
P2: N=15, mean=45.866667 (+/-7.778624).
=====================================================
=====================================================
Completed 40 games.

Agent 1 (EntropySHUCTAnytime)
Winning score (between 0 and 1) : N=40, mean=0.8 (+/-0.125538).
P1: N=20, mean=0.85 (+/-0.160556).
P2: N=20, mean=0.75 (+/-0.194702).
Game Durations: N=40, mean=46.25 (+/-4.239664).
P1: N=20, mean=46.65 (+/-6.21142).
P2: N=20, mean=45.85 (+/-5.928293).

Agent 2 (Example UCT)
Winning score (between 0 and 1) : N=40, mean=0.2 (+/-0.125538).
P1: N=20, mean=0.25 (+/-0.194702).
P2: N=20, mean=0.15 (+/-0.160556).
Game Durations: N=40, mean=46.25 (+/-4.239664).
P1: N=20, mean=45.85 (+/-5.928293).
P2: N=20, mean=46.65 (+/-6.21142).
=====================================================
=====================================================
Completed 50 games.

Agent 1 (EntropySHUCTAnytime)
Winning score (between 0 and 1) : N=50, mean=0.76 (+/-0.119581).
P1: N=25, mean=0.76 (+/-0.170865).
P2: N=25, mean=0.76 (+/-0.170865).
Game Durations: N=50, mean=47.02 (+/-3.866148).
P1: N=25, mean=49 (+/-5.963133).
P2: N=25, mean=45.04 (+/-4.921386).

Agent 2 (Example UCT)
Winning score (between 0 and 1) : N=50, mean=0.24 (+/-0.119581).
P1: N=25, mean=0.24 (+/-0.170865).
P2: N=25, mean=0.24 (+/-0.170865).
Game Durations: N=50, mean=47.02 (+/-3.866148).
P1: N=25, mean=45.04 (+/-4.921386).
P2: N=25, mean=49 (+/-5.963133).
=====================================================
=====================================================
Completed 60 games.

Agent 1 (EntropySHUCTAnytime)
Winning score (between 0 and 1) : N=60, mean=0.716667 (+/-0.114982).
P1: N=30, mean=0.733333 (+/-0.160947).
P2: N=30, mean=0.7 (+/-0.166785).
Game Durations: N=60, mean=47.116667 (+/-3.668848).
P1: N=30, mean=48.666667 (+/-5.578804).
P2: N=30, mean=45.566667 (+/-4.79693).

Agent 2 (Example UCT)
Winning score (between 0 and 1) : N=60, mean=0.283333 (+/-0.114982).
P1: N=30, mean=0.3 (+/-0.166785).
P2: N=30, mean=0.266667 (+/-0.160947).
Game Durations: N=60, mean=47.116667 (+/-3.668848).
P1: N=30, mean=45.566667 (+/-4.79693).
P2: N=30, mean=48.666667 (+/-5.578804).
=====================================================
=====================================================
Completed 70 games.

Agent 1 (EntropySHUCTAnytime)
Winning score (between 0 and 1) : N=70, mean=0.7 (+/-0.108127).
P1: N=35, mean=0.685714 (+/-0.156042).
P2: N=35, mean=0.714286 (+/-0.151848).
Game Durations: N=70, mean=46.942857 (+/-3.516476).
P1: N=35, mean=49.828571 (+/-5.325904).
P2: N=35, mean=44.057143 (+/-4.465742).

Agent 2 (Example UCT)
Winning score (between 0 and 1) : N=70, mean=0.3 (+/-0.108127).
P1: N=35, mean=0.285714 (+/-0.151848).
P2: N=35, mean=0.314286 (+/-0.156042).
Game Durations: N=70, mean=46.942857 (+/-3.516476).
P1: N=35, mean=44.057143 (+/-4.465742).
P2: N=35, mean=49.828571 (+/-5.325904).
=====================================================
=====================================================
Completed 80 games.

Agent 1 (EntropySHUCTAnytime)
Winning score (between 0 and 1) : N=80, mean=0.6375 (+/-0.106005).
P1: N=40, mean=0.6 (+/-0.153752).
P2: N=40, mean=0.675 (+/-0.146997).
Game Durations: N=80, mean=49.2375 (+/-3.521866).
P1: N=40, mean=51.45 (+/-4.958325).
P2: N=40, mean=47.025 (+/-4.970001).

Agent 2 (Example UCT)
Winning score (between 0 and 1) : N=80, mean=0.3625 (+/-0.106005).
P1: N=40, mean=0.325 (+/-0.146997).
P2: N=40, mean=0.4 (+/-0.153752).
Game Durations: N=80, mean=49.2375 (+/-3.521866).
P1: N=40, mean=47.025 (+/-4.970001).
P2: N=40, mean=51.45 (+/-4.958325).
=====================================================
=====================================================
Completed 90 games.

Agent 1 (EntropySHUCTAnytime)
Winning score (between 0 and 1) : N=90, mean=0.655556 (+/-0.098723).
P1: N=45, mean=0.6 (+/-0.144753).
P2: N=45, mean=0.711111 (+/-0.133923).
Game Durations: N=90, mean=49.6 (+/-3.306843).
P1: N=45, mean=51.222222 (+/-4.470216).
P2: N=45, mean=47.977778 (+/-4.87807).

Agent 2 (Example UCT)
Winning score (between 0 and 1) : N=90, mean=0.344444 (+/-0.098723).
P1: N=45, mean=0.288889 (+/-0.133923).
P2: N=45, mean=0.4 (+/-0.144753).
Game Durations: N=90, mean=49.6 (+/-3.306843).
P1: N=45, mean=47.977778 (+/-4.87807).
P2: N=45, mean=51.222222 (+/-4.470216).
=====================================================
=====================================================
Completed 100 games.

Agent 1 (EntropySHUCTAnytime)
Winning score (between 0 and 1) : N=100, mean=0.67 (+/-0.092624).
P1: N=50, mean=0.6 (+/-0.137169).
P2: N=50, mean=0.74 (+/-0.122815).
Game Durations: N=100, mean=49.25 (+/-3.128178).
P1: N=50, mean=51.2 (+/-4.153364).
P2: N=50, mean=47.3 (+/-4.657762).

Agent 2 (Example UCT)
Winning score (between 0 and 1) : N=100, mean=0.33 (+/-0.092624).
P1: N=50, mean=0.26 (+/-0.122815).
P2: N=50, mean=0.4 (+/-0.137169).
Game Durations: N=100, mean=49.25 (+/-3.128178).
P1: N=50, mean=47.3 (+/-4.657762).
P2: N=50, mean=51.2 (+/-4.153364).
=====================================================
