Warming up...
Finished warming up!
=====================================================
Completed 1 games.

Agent 1 (EntropySHUCTAnytime)
Winning score (between 0 and 1) : N=1, mean=0 (+/-0).
P1: N=1, mean=0 (+/-0).
P2: N=0, mean=0 (+/-0).
Game Durations: N=1, mean=60 (+/-0).
P1: N=1, mean=60 (+/-0).
P2: N=0, mean=0 (+/-0).

Agent 2 (Example UCT)
Winning score (between 0 and 1) : N=1, mean=1 (+/-0).
P1: N=0, mean=0 (+/-0).
P2: N=1, mean=1 (+/-0).
Game Durations: N=1, mean=60 (+/-0).
P1: N=0, mean=0 (+/-0).
P2: N=1, mean=60 (+/-0).
=====================================================
=====================================================
Completed 2 games.

Agent 1 (EntropySHUCTAnytime)
Winning score (between 0 and 1) : N=2, mean=0.5 (+/-0.97998).
P1: N=1, mean=0 (+/-0).
P2: N=1, mean=1 (+/-0).
Game Durations: N=2, mean=59 (+/-1.95996).
P1: N=1, mean=60 (+/-0).
P2: N=1, mean=58 (+/-0).

Agent 2 (Example UCT)
Winning score (between 0 and 1) : N=2, mean=0.5 (+/-0.97998).
P1: N=1, mean=0 (+/-0).
P2: N=1, mean=1 (+/-0).
Game Durations: N=2, mean=59 (+/-1.95996).
P1: N=1, mean=58 (+/-0).
P2: N=1, mean=60 (+/-0).
=====================================================
=====================================================
Completed 3 games.

Agent 1 (EntropySHUCTAnytime)
Winning score (between 0 and 1) : N=3, mean=0.333333 (+/-0.65332).
P1: N=2, mean=0 (+/-0).
P2: N=1, mean=1 (+/-0).
Game Durations: N=3, mean=54.666667 (+/-8.568211).
P1: N=2, mean=53 (+/-13.71972).
P2: N=1, mean=58 (+/-0).

Agent 2 (Example UCT)
Winning score (between 0 and 1) : N=3, mean=0.666667 (+/-0.65332).
P1: N=1, mean=0 (+/-0).
P2: N=2, mean=1 (+/-0).
Game Durations: N=3, mean=54.666667 (+/-8.568211).
P1: N=1, mean=58 (+/-0).
P2: N=2, mean=53 (+/-13.71972).
=====================================================
=====================================================
Completed 4 games.

Agent 1 (EntropySHUCTAnytime)
Winning score (between 0 and 1) : N=4, mean=0.5 (+/-0.565792).
P1: N=2, mean=0 (+/-0).
P2: N=2, mean=1 (+/-0).
Game Durations: N=4, mean=55.5 (+/-6.274934).
P1: N=2, mean=53 (+/-13.71972).
P2: N=2, mean=58 (+/-0).

Agent 2 (Example UCT)
Winning score (between 0 and 1) : N=4, mean=0.5 (+/-0.565792).
P1: N=2, mean=0 (+/-0).
P2: N=2, mean=1 (+/-0).
Game Durations: N=4, mean=55.5 (+/-6.274934).
P1: N=2, mean=58 (+/-0).
P2: N=2, mean=53 (+/-13.71972).
=====================================================
=====================================================
Completed 5 games.

Agent 1 (EntropySHUCTAnytime)
Winning score (between 0 and 1) : N=5, mean=0.6 (+/-0.48009).
P1: N=3, mean=0.333333 (+/-0.65332).
P2: N=2, mean=1 (+/-0).
Game Durations: N=5, mean=60.2 (+/-10.415486).
P1: N=3, mean=61.666667 (+/-18.742429).
P2: N=2, mean=58 (+/-0).

Agent 2 (Example UCT)
Winning score (between 0 and 1) : N=5, mean=0.4 (+/-0.48009).
P1: N=2, mean=0 (+/-0).
P2: N=3, mean=0.666667 (+/-0.65332).
Game Durations: N=5, mean=60.2 (+/-10.415486).
P1: N=2, mean=58 (+/-0).
P2: N=3, mean=61.666667 (+/-18.742429).
=====================================================
=====================================================
Completed 10 games.

Agent 1 (EntropySHUCTAnytime)
Winning score (between 0 and 1) : N=10, mean=0.4 (+/-0.32006).
P1: N=5, mean=0.2 (+/-0.391992).
P2: N=5, mean=0.6 (+/-0.48009).
Game Durations: N=10, mean=57.5 (+/-8.013496).
P1: N=5, mean=55.4 (+/-13.657982).
P2: N=5, mean=59.6 (+/-9.693384).

Agent 2 (Example UCT)
Winning score (between 0 and 1) : N=10, mean=0.6 (+/-0.32006).
P1: N=5, mean=0.4 (+/-0.48009).
P2: N=5, mean=0.8 (+/-0.391992).
Game Durations: N=10, mean=57.5 (+/-8.013496).
P1: N=5, mean=59.6 (+/-9.693384).
P2: N=5, mean=55.4 (+/-13.657982).
=====================================================
=====================================================
Completed 20 games.

Agent 1 (EntropySHUCTAnytime)
Winning score (between 0 and 1) : N=20, mean=0.45 (+/-0.223696).
P1: N=10, mean=0.3 (+/-0.299389).
P2: N=10, mean=0.6 (+/-0.32006).
Game Durations: N=20, mean=60.85 (+/-5.887225).
P1: N=10, mean=59.7 (+/-7.46645).
P2: N=10, mean=62 (+/-9.458485).

Agent 2 (Example UCT)
Winning score (between 0 and 1) : N=20, mean=0.55 (+/-0.223696).
P1: N=10, mean=0.4 (+/-0.32006).
P2: N=10, mean=0.7 (+/-0.299389).
Game Durations: N=20, mean=60.85 (+/-5.887225).
P1: N=10, mean=62 (+/-9.458485).
P2: N=10, mean=59.7 (+/-7.46645).
=====================================================
=====================================================
Completed 30 games.

Agent 1 (EntropySHUCTAnytime)
Winning score (between 0 and 1) : N=30, mean=0.4 (+/-0.178301).
P1: N=15, mean=0.266667 (+/-0.231643).
P2: N=15, mean=0.533333 (+/-0.261328).
Game Durations: N=30, mean=59.966667 (+/-4.94362).
P1: N=15, mean=57.2 (+/-7.20567).
P2: N=15, mean=62.733333 (+/-6.717633).

Agent 2 (Example UCT)
Winning score (between 0 and 1) : N=30, mean=0.6 (+/-0.178301).
P1: N=15, mean=0.466667 (+/-0.261328).
P2: N=15, mean=0.733333 (+/-0.231643).
Game Durations: N=30, mean=59.966667 (+/-4.94362).
P1: N=15, mean=62.733333 (+/-6.717633).
P2: N=15, mean=57.2 (+/-7.20567).
=====================================================
=====================================================
Completed 40 games.

Agent 1 (EntropySHUCTAnytime)
Winning score (between 0 and 1) : N=40, mean=0.375 (+/-0.151939).
P1: N=20, mean=0.25 (+/-0.194702).
P2: N=20, mean=0.5 (+/-0.224823).
Game Durations: N=40, mean=60.925 (+/-4.117464).
P1: N=20, mean=58.85 (+/-5.788522).
P2: N=20, mean=63 (+/-5.860938).

Agent 2 (Example UCT)
Winning score (between 0 and 1) : N=40, mean=0.625 (+/-0.151939).
P1: N=20, mean=0.5 (+/-0.224823).
P2: N=20, mean=0.75 (+/-0.194702).
Game Durations: N=40, mean=60.925 (+/-4.117464).
P1: N=20, mean=63 (+/-5.860938).
P2: N=20, mean=58.85 (+/-5.788522).
=====================================================
=====================================================
Completed 50 games.

Agent 1 (EntropySHUCTAnytime)
Winning score (between 0 and 1) : N=50, mean=0.42 (+/-0.138194).
P1: N=25, mean=0.36 (+/-0.192036).
P2: N=25, mean=0.48 (+/-0.199877).
Game Durations: N=50, mean=61.52 (+/-3.625354).
P1: N=25, mean=59.08 (+/-4.698347).
P2: N=25, mean=63.96 (+/-5.448642).

Agent 2 (Example UCT)
Winning score (between 0 and 1) : N=50, mean=0.58 (+/-0.138194).
P1: N=25, mean=0.52 (+/-0.199877).
P2: N=25, mean=0.64 (+/-0.192036).
Game Durations: N=50, mean=61.52 (+/-3.625354).
P1: N=25, mean=63.96 (+/-5.448642).
P2: N=25, mean=59.08 (+/-4.698347).
=====================================================
=====================================================
Completed 60 games.

Agent 1 (EntropySHUCTAnytime)
Winning score (between 0 and 1) : N=60, mean=0.45 (+/-0.126943).
P1: N=30, mean=0.4 (+/-0.178301).
P2: N=30, mean=0.5 (+/-0.181978).
Game Durations: N=60, mean=60.616667 (+/-3.386458).
P1: N=30, mean=58.333333 (+/-4.819566).
P2: N=30, mean=62.9 (+/-4.696154).

Agent 2 (Example UCT)
Winning score (between 0 and 1) : N=60, mean=0.55 (+/-0.126943).
P1: N=30, mean=0.5 (+/-0.181978).
P2: N=30, mean=0.6 (+/-0.178301).
Game Durations: N=60, mean=60.616667 (+/-3.386458).
P1: N=30, mean=62.9 (+/-4.696154).
P2: N=30, mean=58.333333 (+/-4.819566).
=====================================================
=====================================================
Completed 70 games.

Agent 1 (EntropySHUCTAnytime)
Winning score (between 0 and 1) : N=70, mean=0.442857 (+/-0.117203).
P1: N=35, mean=0.4 (+/-0.16467).
P2: N=35, mean=0.485714 (+/-0.167997).
Game Durations: N=70, mean=60.571429 (+/-3.119706).
P1: N=35, mean=58.971429 (+/-4.499978).
P2: N=35, mean=62.171429 (+/-4.321399).

Agent 2 (Example UCT)
Winning score (between 0 and 1) : N=70, mean=0.557143 (+/-0.117203).
P1: N=35, mean=0.514286 (+/-0.167997).
P2: N=35, mean=0.6 (+/-0.16467).
Game Durations: N=70, mean=60.571429 (+/-3.119706).
P1: N=35, mean=62.171429 (+/-4.321399).
P2: N=35, mean=58.971429 (+/-4.499978).
=====================================================
=====================================================
Completed 80 games.

Agent 1 (EntropySHUCTAnytime)
Winning score (between 0 and 1) : N=80, mean=0.425 (+/-0.109009).
P1: N=40, mean=0.4 (+/-0.153752).
P2: N=40, mean=0.45 (+/-0.156136).
Game Durations: N=80, mean=60.95 (+/-3.12998).
P1: N=40, mean=60.3 (+/-4.708822).
P2: N=40, mean=61.6 (+/-4.175315).

Agent 2 (Example UCT)
Winning score (between 0 and 1) : N=80, mean=0.575 (+/-0.109009).
P1: N=40, mean=0.55 (+/-0.156136).
P2: N=40, mean=0.6 (+/-0.153752).
Game Durations: N=80, mean=60.95 (+/-3.12998).
P1: N=40, mean=61.6 (+/-4.175315).
P2: N=40, mean=60.3 (+/-4.708822).
=====================================================
=====================================================
Completed 90 games.

Agent 1 (EntropySHUCTAnytime)
Winning score (between 0 and 1) : N=90, mean=0.4 (+/-0.101779).
P1: N=45, mean=0.355556 (+/-0.141438).
P2: N=45, mean=0.444444 (+/-0.146823).
Game Durations: N=90, mean=60.944444 (+/-2.920482).
P1: N=45, mean=59.422222 (+/-4.418092).
P2: N=45, mean=62.466667 (+/-3.81843).

Agent 2 (Example UCT)
Winning score (between 0 and 1) : N=90, mean=0.6 (+/-0.101779).
P1: N=45, mean=0.555556 (+/-0.146823).
P2: N=45, mean=0.644444 (+/-0.141438).
Game Durations: N=90, mean=60.944444 (+/-2.920482).
P1: N=45, mean=62.466667 (+/-3.81843).
P2: N=45, mean=59.422222 (+/-4.418092).
=====================================================
=====================================================
Completed 100 games.

Agent 1 (EntropySHUCTAnytime)
Winning score (between 0 and 1) : N=100, mean=0.4 (+/-0.096502).
P1: N=50, mean=0.36 (+/-0.134397).
P2: N=50, mean=0.44 (+/-0.138986).
Game Durations: N=100, mean=60.38 (+/-2.840085).
P1: N=50, mean=59.36 (+/-4.346594).
P2: N=50, mean=61.4 (+/-3.679342).

Agent 2 (Example UCT)
Winning score (between 0 and 1) : N=100, mean=0.6 (+/-0.096502).
P1: N=50, mean=0.56 (+/-0.138986).
P2: N=50, mean=0.64 (+/-0.134397).
Game Durations: N=100, mean=60.38 (+/-2.840085).
P1: N=50, mean=61.4 (+/-3.679342).
P2: N=50, mean=59.36 (+/-4.346594).
=====================================================
