Warming up...
Finished warming up!
=====================================================
Completed 1 games.

Agent 1 (EntropySHUCTAnytime)
Winning score (between 0 and 1) : N=1, mean=1 (+/-0).
P1: N=0, mean=0 (+/-0).
P2: N=1, mean=1 (+/-0).
Game Durations: N=1, mean=58 (+/-0).
P1: N=0, mean=0 (+/-0).
P2: N=1, mean=58 (+/-0).

Agent 2 (Example UCT)
Winning score (between 0 and 1) : N=1, mean=0 (+/-0).
P1: N=1, mean=0 (+/-0).
P2: N=0, mean=0 (+/-0).
Game Durations: N=1, mean=58 (+/-0).
P1: N=1, mean=58 (+/-0).
P2: N=0, mean=0 (+/-0).
=====================================================
=====================================================
Completed 2 games.

Agent 1 (EntropySHUCTAnytime)
Winning score (between 0 and 1) : N=2, mean=1 (+/-0).
P1: N=1, mean=1 (+/-0).
P2: N=1, mean=1 (+/-0).
Game Durations: N=2, mean=67.5 (+/-18.61962).
P1: N=1, mean=77 (+/-0).
P2: N=1, mean=58 (+/-0).

Agent 2 (Example UCT)
Winning score (between 0 and 1) : N=2, mean=0 (+/-0).
P1: N=1, mean=0 (+/-0).
P2: N=1, mean=0 (+/-0).
Game Durations: N=2, mean=67.5 (+/-18.61962).
P1: N=1, mean=58 (+/-0).
P2: N=1, mean=77 (+/-0).
=====================================================
=====================================================
Completed 3 games.

Agent 1 (EntropySHUCTAnytime)
Winning score (between 0 and 1) : N=3, mean=0.666667 (+/-0.65332).
P1: N=1, mean=1 (+/-0).
P2: N=2, mean=0.5 (+/-0.97998).
Game Durations: N=3, mean=64.666667 (+/-12.099656).
P1: N=1, mean=77 (+/-0).
P2: N=2, mean=58.5 (+/-0.97998).

Agent 2 (Example UCT)
Winning score (between 0 and 1) : N=3, mean=0.333333 (+/-0.65332).
P1: N=2, mean=0.5 (+/-0.97998).
P2: N=1, mean=0 (+/-0).
Game Durations: N=3, mean=64.666667 (+/-12.099656).
P1: N=2, mean=58.5 (+/-0.97998).
P2: N=1, mean=77 (+/-0).
=====================================================
=====================================================
Completed 4 games.

Agent 1 (EntropySHUCTAnytime)
Winning score (between 0 and 1) : N=4, mean=0.5 (+/-0.565792).
P1: N=2, mean=0.5 (+/-0.97998).
P2: N=2, mean=0.5 (+/-0.97998).
Game Durations: N=4, mean=67.5 (+/-10.199955).
P1: N=2, mean=76.5 (+/-0.97998).
P2: N=2, mean=58.5 (+/-0.97998).

Agent 2 (Example UCT)
Winning score (between 0 and 1) : N=4, mean=0.5 (+/-0.565792).
P1: N=2, mean=0.5 (+/-0.97998).
P2: N=2, mean=0.5 (+/-0.97998).
Game Durations: N=4, mean=67.5 (+/-10.199955).
P1: N=2, mean=58.5 (+/-0.97998).
P2: N=2, mean=76.5 (+/-0.97998).
=====================================================
=====================================================
Completed 5 games.

Agent 1 (EntropySHUCTAnytime)
Winning score (between 0 and 1) : N=5, mean=0.6 (+/-0.48009).
P1: N=2, mean=0.5 (+/-0.97998).
P2: N=3, mean=0.666667 (+/-0.65332).
Game Durations: N=5, mean=67.6 (+/-7.903282).
P1: N=2, mean=76.5 (+/-0.97998).
P2: N=3, mean=61.666667 (+/-6.232276).

Agent 2 (Example UCT)
Winning score (between 0 and 1) : N=5, mean=0.4 (+/-0.48009).
P1: N=3, mean=0.333333 (+/-0.65332).
P2: N=2, mean=0.5 (+/-0.97998).
Game Durations: N=5, mean=67.6 (+/-7.903282).
P1: N=3, mean=61.666667 (+/-6.232276).
P2: N=2, mean=76.5 (+/-0.97998).
=====================================================
=====================================================
Completed 10 games.

Agent 1 (EntropySHUCTAnytime)
Winning score (between 0 and 1) : N=10, mean=0.6 (+/-0.32006).
P1: N=5, mean=0.6 (+/-0.48009).
P2: N=5, mean=0.6 (+/-0.48009).
Game Durations: N=10, mean=54.9 (+/-13.511094).
P1: N=5, mean=55.4 (+/-21.041976).
P2: N=5, mean=54.4 (+/-19.448098).

Agent 2 (Example UCT)
Winning score (between 0 and 1) : N=10, mean=0.4 (+/-0.32006).
P1: N=5, mean=0.4 (+/-0.48009).
P2: N=5, mean=0.4 (+/-0.48009).
Game Durations: N=10, mean=54.9 (+/-13.511094).
P1: N=5, mean=54.4 (+/-19.448098).
P2: N=5, mean=55.4 (+/-21.041976).
=====================================================
=====================================================
Completed 20 games.

Agent 1 (EntropySHUCTAnytime)
Winning score (between 0 and 1) : N=20, mean=0.5 (+/-0.224823).
P1: N=10, mean=0.5 (+/-0.32666).
P2: N=10, mean=0.5 (+/-0.32666).
Game Durations: N=20, mean=58.4 (+/-8.935852).
P1: N=10, mean=55.7 (+/-12.74242).
P2: N=10, mean=61.1 (+/-12.98267).

Agent 2 (Example UCT)
Winning score (between 0 and 1) : N=20, mean=0.5 (+/-0.224823).
P1: N=10, mean=0.5 (+/-0.32666).
P2: N=10, mean=0.5 (+/-0.32666).
Game Durations: N=20, mean=58.4 (+/-8.935852).
P1: N=10, mean=61.1 (+/-12.98267).
P2: N=10, mean=55.7 (+/-12.74242).
=====================================================
=====================================================
Completed 30 games.

Agent 1 (EntropySHUCTAnytime)
Winning score (between 0 and 1) : N=30, mean=0.533333 (+/-0.181573).
P1: N=15, mean=0.466667 (+/-0.261328).
P2: N=15, mean=0.6 (+/-0.256619).
Game Durations: N=30, mean=55.566667 (+/-6.874606).
P1: N=15, mean=54.6 (+/-9.492205).
P2: N=15, mean=56.533333 (+/-10.255608).

Agent 2 (Example UCT)
Winning score (between 0 and 1) : N=30, mean=0.466667 (+/-0.181573).
P1: N=15, mean=0.4 (+/-0.256619).
P2: N=15, mean=0.533333 (+/-0.261328).
Game Durations: N=30, mean=55.566667 (+/-6.874606).
P1: N=15, mean=56.533333 (+/-10.255608).
P2: N=15, mean=54.6 (+/-9.492205).
=====================================================
=====================================================
Completed 40 games.

Agent 1 (EntropySHUCTAnytime)
Winning score (between 0 and 1) : N=40, mean=0.475 (+/-0.156726).
P1: N=20, mean=0.45 (+/-0.223696).
P2: N=20, mean=0.5 (+/-0.224823).
Game Durations: N=40, mean=56.475 (+/-6.04222).
P1: N=20, mean=55.55 (+/-8.72414).
P2: N=20, mean=57.4 (+/-8.568552).

Agent 2 (Example UCT)
Winning score (between 0 and 1) : N=40, mean=0.525 (+/-0.156726).
P1: N=20, mean=0.5 (+/-0.224823).
P2: N=20, mean=0.55 (+/-0.223696).
Game Durations: N=40, mean=56.475 (+/-6.04222).
P1: N=20, mean=57.4 (+/-8.568552).
P2: N=20, mean=55.55 (+/-8.72414).
=====================================================
=====================================================
Completed 50 games.

Agent 1 (EntropySHUCTAnytime)
Winning score (between 0 and 1) : N=50, mean=0.48 (+/-0.139885).
P1: N=25, mean=0.44 (+/-0.198592).
P2: N=25, mean=0.52 (+/-0.199877).
Game Durations: N=50, mean=57.34 (+/-5.109297).
P1: N=25, mean=57.48 (+/-7.331857).
P2: N=25, mean=57.2 (+/-7.268607).

Agent 2 (Example UCT)
Winning score (between 0 and 1) : N=50, mean=0.52 (+/-0.139885).
P1: N=25, mean=0.48 (+/-0.199877).
P2: N=25, mean=0.56 (+/-0.198592).
Game Durations: N=50, mean=57.34 (+/-5.109297).
P1: N=25, mean=57.2 (+/-7.268607).
P2: N=25, mean=57.48 (+/-7.331857).
=====================================================
=====================================================
Completed 60 games.

Agent 1 (EntropySHUCTAnytime)
Winning score (between 0 and 1) : N=60, mean=0.5 (+/-0.127583).
P1: N=30, mean=0.433333 (+/-0.180353).
P2: N=30, mean=0.566667 (+/-0.180353).
Game Durations: N=60, mean=56.966667 (+/-4.383833).
P1: N=30, mean=57.7 (+/-6.251246).
P2: N=30, mean=56.233333 (+/-6.243141).

Agent 2 (Example UCT)
Winning score (between 0 and 1) : N=60, mean=0.5 (+/-0.127583).
P1: N=30, mean=0.433333 (+/-0.180353).
P2: N=30, mean=0.566667 (+/-0.180353).
Game Durations: N=60, mean=56.966667 (+/-4.383833).
P1: N=30, mean=56.233333 (+/-6.243141).
P2: N=30, mean=57.7 (+/-6.251246).
=====================================================
=====================================================
Completed 70 games.

Agent 1 (EntropySHUCTAnytime)
Winning score (between 0 and 1) : N=70, mean=0.442857 (+/-0.117203).
P1: N=35, mean=0.371429 (+/-0.162414).
P2: N=35, mean=0.514286 (+/-0.167997).
Game Durations: N=70, mean=56.714286 (+/-4.038473).
P1: N=35, mean=57.628571 (+/-5.928587).
P2: N=35, mean=55.8 (+/-5.555122).

Agent 2 (Example UCT)
Winning score (between 0 and 1) : N=70, mean=0.557143 (+/-0.117203).
P1: N=35, mean=0.485714 (+/-0.167997).
P2: N=35, mean=0.628571 (+/-0.162414).
Game Durations: N=70, mean=56.714286 (+/-4.038473).
P1: N=35, mean=55.8 (+/-5.555122).
P2: N=35, mean=57.628571 (+/-5.928587).
=====================================================
=====================================================
Completed 80 games.

Agent 1 (EntropySHUCTAnytime)
Winning score (between 0 and 1) : N=80, mean=0.425 (+/-0.109009).
P1: N=40, mean=0.375 (+/-0.151939).
P2: N=40, mean=0.475 (+/-0.156726).
Game Durations: N=80, mean=56.95 (+/-3.729518).
P1: N=40, mean=58.025 (+/-5.512193).
P2: N=40, mean=55.875 (+/-5.073322).

Agent 2 (Example UCT)
Winning score (between 0 and 1) : N=80, mean=0.575 (+/-0.109009).
P1: N=40, mean=0.525 (+/-0.156726).
P2: N=40, mean=0.625 (+/-0.151939).
Game Durations: N=80, mean=56.95 (+/-3.729518).
P1: N=40, mean=55.875 (+/-5.073322).
P2: N=40, mean=58.025 (+/-5.512193).
=====================================================
=====================================================
Completed 90 games.

Agent 1 (EntropySHUCTAnytime)
Winning score (between 0 and 1) : N=90, mean=0.422222 (+/-0.102613).
P1: N=45, mean=0.355556 (+/-0.141438).
P2: N=45, mean=0.488889 (+/-0.147701).
Game Durations: N=90, mean=57.055556 (+/-3.518285).
P1: N=45, mean=58.311111 (+/-5.045168).
P2: N=45, mean=55.8 (+/-4.934267).

Agent 2 (Example UCT)
Winning score (between 0 and 1) : N=90, mean=0.577778 (+/-0.102613).
P1: N=45, mean=0.511111 (+/-0.147701).
P2: N=45, mean=0.644444 (+/-0.141438).
Game Durations: N=90, mean=57.055556 (+/-3.518285).
P1: N=45, mean=55.8 (+/-4.934267).
P2: N=45, mean=58.311111 (+/-5.045168).
=====================================================
=====================================================
Completed 100 games.

Agent 1 (EntropySHUCTAnytime)
Winning score (between 0 and 1) : N=100, mean=0.43 (+/-0.097522).
P1: N=50, mean=0.36 (+/-0.134397).
P2: N=50, mean=0.5 (+/-0.139997).
Game Durations: N=100, mean=57.25 (+/-3.233094).
P1: N=50, mean=58.96 (+/-4.667752).
P2: N=50, mean=55.54 (+/-4.471224).

Agent 2 (Example UCT)
Winning score (between 0 and 1) : N=100, mean=0.57 (+/-0.097522).
P1: N=50, mean=0.5 (+/-0.139997).
P2: N=50, mean=0.64 (+/-0.134397).
Game Durations: N=100, mean=57.25 (+/-3.233094).
P1: N=50, mean=55.54 (+/-4.471224).
P2: N=50, mean=58.96 (+/-4.667752).
=====================================================
