Warming up...
Finished warming up!
=====================================================
Completed 1 games.

Agent 1 (EntropySHUCTAnytime)
Winning score (between 0 and 1) : N=1, mean=0 (+/-0).
P1: N=0, mean=0 (+/-0).
P2: N=1, mean=0 (+/-0).
Game Durations: N=1, mean=35 (+/-0).
P1: N=0, mean=0 (+/-0).
P2: N=1, mean=35 (+/-0).

Agent 2 (Example UCT)
Winning score (between 0 and 1) : N=1, mean=1 (+/-0).
P1: N=1, mean=1 (+/-0).
P2: N=0, mean=0 (+/-0).
Game Durations: N=1, mean=35 (+/-0).
P1: N=1, mean=35 (+/-0).
P2: N=0, mean=0 (+/-0).
=====================================================
=====================================================
Completed 2 games.

Agent 1 (EntropySHUCTAnytime)
Winning score (between 0 and 1) : N=2, mean=0 (+/-0).
P1: N=1, mean=0 (+/-0).
P2: N=1, mean=0 (+/-0).
Game Durations: N=2, mean=45.5 (+/-20.57958).
P1: N=1, mean=56 (+/-0).
P2: N=1, mean=35 (+/-0).

Agent 2 (Example UCT)
Winning score (between 0 and 1) : N=2, mean=1 (+/-0).
P1: N=1, mean=1 (+/-0).
P2: N=1, mean=1 (+/-0).
Game Durations: N=2, mean=45.5 (+/-20.57958).
P1: N=1, mean=35 (+/-0).
P2: N=1, mean=56 (+/-0).
=====================================================
=====================================================
Completed 3 games.

Agent 1 (EntropySHUCTAnytime)
Winning score (between 0 and 1) : N=3, mean=0.333333 (+/-0.65332).
P1: N=1, mean=0 (+/-0).
P2: N=2, mean=0.5 (+/-0.97998).
Game Durations: N=3, mean=49 (+/-13.71972).
P1: N=1, mean=56 (+/-0).
P2: N=2, mean=45.5 (+/-20.57958).

Agent 2 (Example UCT)
Winning score (between 0 and 1) : N=3, mean=0.666667 (+/-0.65332).
P1: N=2, mean=0.5 (+/-0.97998).
P2: N=1, mean=1 (+/-0).
Game Durations: N=3, mean=49 (+/-13.71972).
P1: N=2, mean=45.5 (+/-20.57958).
P2: N=1, mean=56 (+/-0).
=====================================================
=====================================================
Completed 4 games.

Agent 1 (EntropySHUCTAnytime)
Winning score (between 0 and 1) : N=4, mean=0.25 (+/-0.48999).
P1: N=2, mean=0 (+/-0).
P2: N=2, mean=0.5 (+/-0.97998).
Game Durations: N=4, mean=50.75 (+/-10.28979).
P1: N=2, mean=56 (+/-0).
P2: N=2, mean=45.5 (+/-20.57958).

Agent 2 (Example UCT)
Winning score (between 0 and 1) : N=4, mean=0.75 (+/-0.48999).
P1: N=2, mean=0.5 (+/-0.97998).
P2: N=2, mean=1 (+/-0).
Game Durations: N=4, mean=50.75 (+/-10.28979).
P1: N=2, mean=45.5 (+/-20.57958).
P2: N=2, mean=56 (+/-0).
=====================================================
=====================================================
Completed 5 games.

Agent 1 (EntropySHUCTAnytime)
Winning score (between 0 and 1) : N=5, mean=0.2 (+/-0.391992).
P1: N=2, mean=0 (+/-0).
P2: N=3, mean=0.333333 (+/-0.65332).
Game Durations: N=5, mean=53.2 (+/-9.305167).
P1: N=2, mean=56 (+/-0).
P2: N=3, mean=51.333333 (+/-16.489051).

Agent 2 (Example UCT)
Winning score (between 0 and 1) : N=5, mean=0.8 (+/-0.391992).
P1: N=3, mean=0.666667 (+/-0.65332).
P2: N=2, mean=1 (+/-0).
Game Durations: N=5, mean=53.2 (+/-9.305167).
P1: N=3, mean=51.333333 (+/-16.489051).
P2: N=2, mean=56 (+/-0).
=====================================================
=====================================================
Completed 10 games.

Agent 1 (EntropySHUCTAnytime)
Winning score (between 0 and 1) : N=10, mean=0.2 (+/-0.261328).
P1: N=5, mean=0 (+/-0).
P2: N=5, mean=0.4 (+/-0.48009).
Game Durations: N=10, mean=59.5 (+/-6.828679).
P1: N=5, mean=60.8 (+/-7.499249).
P2: N=5, mean=58.2 (+/-12.261896).

Agent 2 (Example UCT)
Winning score (between 0 and 1) : N=10, mean=0.8 (+/-0.261328).
P1: N=5, mean=0.6 (+/-0.48009).
P2: N=5, mean=1 (+/-0).
Game Durations: N=10, mean=59.5 (+/-6.828679).
P1: N=5, mean=58.2 (+/-12.261896).
P2: N=5, mean=60.8 (+/-7.499249).
=====================================================
=====================================================
Completed 20 games.

Agent 1 (EntropySHUCTAnytime)
Winning score (between 0 and 1) : N=20, mean=0.35 (+/-0.214467).
P1: N=10, mean=0.3 (+/-0.299389).
P2: N=10, mean=0.4 (+/-0.32006).
Game Durations: N=20, mean=65.35 (+/-6.063176).
P1: N=10, mean=68.9 (+/-7.749212).
P2: N=10, mean=61.8 (+/-9.187454).

Agent 2 (Example UCT)
Winning score (between 0 and 1) : N=20, mean=0.65 (+/-0.214467).
P1: N=10, mean=0.6 (+/-0.32006).
P2: N=10, mean=0.7 (+/-0.299389).
Game Durations: N=20, mean=65.35 (+/-6.063176).
P1: N=10, mean=61.8 (+/-9.187454).
P2: N=10, mean=68.9 (+/-7.749212).
=====================================================
=====================================================
Completed 30 games.

Agent 1 (EntropySHUCTAnytime)
Winning score (between 0 and 1) : N=30, mean=0.433333 (+/-0.180353).
P1: N=15, mean=0.4 (+/-0.256619).
P2: N=15, mean=0.466667 (+/-0.261328).
Game Durations: N=30, mean=63.933333 (+/-4.579608).
P1: N=15, mean=65.733333 (+/-6.258051).
P2: N=15, mean=62.133333 (+/-6.778355).

Agent 2 (Example UCT)
Winning score (between 0 and 1) : N=30, mean=0.566667 (+/-0.180353).
P1: N=15, mean=0.533333 (+/-0.261328).
P2: N=15, mean=0.6 (+/-0.256619).
Game Durations: N=30, mean=63.933333 (+/-4.579608).
P1: N=15, mean=62.133333 (+/-6.778355).
P2: N=15, mean=65.733333 (+/-6.258051).
=====================================================
=====================================================
Completed 40 games.

Agent 1 (EntropySHUCTAnytime)
Winning score (between 0 and 1) : N=40, mean=0.4 (+/-0.153752).
P1: N=20, mean=0.35 (+/-0.214467).
P2: N=20, mean=0.45 (+/-0.223696).
Game Durations: N=40, mean=63.95 (+/-3.832859).
P1: N=20, mean=64.55 (+/-5.511554).
P2: N=20, mean=63.35 (+/-5.457733).

Agent 2 (Example UCT)
Winning score (between 0 and 1) : N=40, mean=0.6 (+/-0.153752).
P1: N=20, mean=0.55 (+/-0.223696).
P2: N=20, mean=0.65 (+/-0.214467).
Game Durations: N=40, mean=63.95 (+/-3.832859).
P1: N=20, mean=63.35 (+/-5.457733).
P2: N=20, mean=64.55 (+/-5.511554).
=====================================================
=====================================================
Completed 50 games.

Agent 1 (EntropySHUCTAnytime)
Winning score (between 0 and 1) : N=50, mean=0.34 (+/-0.132636).
P1: N=25, mean=0.28 (+/-0.179633).
P2: N=25, mean=0.4 (+/-0.195996).
Game Durations: N=50, mean=61.56 (+/-3.7163).
P1: N=25, mean=61 (+/-5.710854).
P2: N=25, mean=62.12 (+/-4.86623).

Agent 2 (Example UCT)
Winning score (between 0 and 1) : N=50, mean=0.66 (+/-0.132636).
P1: N=25, mean=0.6 (+/-0.195996).
P2: N=25, mean=0.72 (+/-0.179633).
Game Durations: N=50, mean=61.56 (+/-3.7163).
P1: N=25, mean=62.12 (+/-4.86623).
P2: N=25, mean=61 (+/-5.710854).
=====================================================
=====================================================
Completed 60 games.

Agent 1 (EntropySHUCTAnytime)
Winning score (between 0 and 1) : N=60, mean=0.35 (+/-0.121706).
P1: N=30, mean=0.3 (+/-0.166785).
P2: N=30, mean=0.4 (+/-0.178301).
Game Durations: N=60, mean=60.85 (+/-3.484919).
P1: N=30, mean=59.966667 (+/-5.286327).
P2: N=30, mean=61.733333 (+/-4.611315).

Agent 2 (Example UCT)
Winning score (between 0 and 1) : N=60, mean=0.65 (+/-0.121706).
P1: N=30, mean=0.6 (+/-0.178301).
P2: N=30, mean=0.7 (+/-0.166785).
Game Durations: N=60, mean=60.85 (+/-3.484919).
P1: N=30, mean=61.733333 (+/-4.611315).
P2: N=30, mean=59.966667 (+/-5.286327).
=====================================================
=====================================================
Completed 70 games.

Agent 1 (EntropySHUCTAnytime)
Winning score (between 0 and 1) : N=70, mean=0.371429 (+/-0.114009).
P1: N=35, mean=0.285714 (+/-0.151848).
P2: N=35, mean=0.457143 (+/-0.167447).
Game Durations: N=70, mean=61.442857 (+/-3.289238).
P1: N=35, mean=59.828571 (+/-4.916826).
P2: N=35, mean=63.057143 (+/-4.375927).

Agent 2 (Example UCT)
Winning score (between 0 and 1) : N=70, mean=0.628571 (+/-0.114009).
P1: N=35, mean=0.542857 (+/-0.167447).
P2: N=35, mean=0.714286 (+/-0.151848).
Game Durations: N=70, mean=61.442857 (+/-3.289238).
P1: N=35, mean=63.057143 (+/-4.375927).
P2: N=35, mean=59.828571 (+/-4.916826).
=====================================================
=====================================================
Completed 80 games.

Agent 1 (EntropySHUCTAnytime)
Winning score (between 0 and 1) : N=80, mean=0.375 (+/-0.106755).
P1: N=40, mean=0.3 (+/-0.143822).
P2: N=40, mean=0.45 (+/-0.156136).
Game Durations: N=80, mean=61.225 (+/-3.315212).
P1: N=40, mean=60 (+/-4.922463).
P2: N=40, mean=62.45 (+/-4.472123).

Agent 2 (Example UCT)
Winning score (between 0 and 1) : N=80, mean=0.625 (+/-0.106755).
P1: N=40, mean=0.55 (+/-0.156136).
P2: N=40, mean=0.7 (+/-0.143822).
Game Durations: N=80, mean=61.225 (+/-3.315212).
P1: N=40, mean=62.45 (+/-4.472123).
P2: N=40, mean=60 (+/-4.922463).
=====================================================
=====================================================
Completed 90 games.

Agent 1 (EntropySHUCTAnytime)
Winning score (between 0 and 1) : N=90, mean=0.377778 (+/-0.100726).
P1: N=45, mean=0.333333 (+/-0.139288).
P2: N=45, mean=0.422222 (+/-0.145939).
Game Durations: N=90, mean=60.877778 (+/-3.051141).
P1: N=45, mean=58.866667 (+/-4.567552).
P2: N=45, mean=62.888889 (+/-4.011514).

Agent 2 (Example UCT)
Winning score (between 0 and 1) : N=90, mean=0.622222 (+/-0.100726).
P1: N=45, mean=0.577778 (+/-0.145939).
P2: N=45, mean=0.666667 (+/-0.139288).
Game Durations: N=90, mean=60.877778 (+/-3.051141).
P1: N=45, mean=62.888889 (+/-4.011514).
P2: N=45, mean=58.866667 (+/-4.567552).
=====================================================
=====================================================
Completed 100 games.

Agent 1 (EntropySHUCTAnytime)
Winning score (between 0 and 1) : N=100, mean=0.39 (+/-0.096079).
P1: N=50, mean=0.36 (+/-0.134397).
P2: N=50, mean=0.42 (+/-0.138194).
Game Durations: N=100, mean=59.83 (+/-2.928111).
P1: N=50, mean=58.12 (+/-4.397476).
P2: N=50, mean=61.54 (+/-3.853442).

Agent 2 (Example UCT)
Winning score (between 0 and 1) : N=100, mean=0.61 (+/-0.096079).
P1: N=50, mean=0.58 (+/-0.138194).
P2: N=50, mean=0.64 (+/-0.134397).
Game Durations: N=100, mean=59.83 (+/-2.928111).
P1: N=50, mean=61.54 (+/-3.853442).
P2: N=50, mean=58.12 (+/-4.397476).
=====================================================
