Warming up...
Finished warming up!
=====================================================
Completed 1 games.

Agent 1 (DoubleIterRegressionTreeSHUCTAny)
Winning score (between 0 and 1) : N=1, mean=1 (+/-0).
P1: N=1, mean=1 (+/-0).
P2: N=0, mean=0 (+/-0).
Game Durations: N=1, mean=19 (+/-0).
P1: N=1, mean=19 (+/-0).
P2: N=0, mean=0 (+/-0).

Agent 2 (SHUCTAnyTime)
Winning score (between 0 and 1) : N=1, mean=0 (+/-0).
P1: N=0, mean=0 (+/-0).
P2: N=1, mean=0 (+/-0).
Game Durations: N=1, mean=19 (+/-0).
P1: N=0, mean=0 (+/-0).
P2: N=1, mean=19 (+/-0).
=====================================================
=====================================================
Completed 2 games.

Agent 1 (DoubleIterRegressionTreeSHUCTAny)
Winning score (between 0 and 1) : N=2, mean=1 (+/-0).
P1: N=1, mean=1 (+/-0).
P2: N=1, mean=1 (+/-0).
Game Durations: N=2, mean=22.5 (+/-6.85986).
P1: N=1, mean=19 (+/-0).
P2: N=1, mean=26 (+/-0).

Agent 2 (SHUCTAnyTime)
Winning score (between 0 and 1) : N=2, mean=0 (+/-0).
P1: N=1, mean=0 (+/-0).
P2: N=1, mean=0 (+/-0).
Game Durations: N=2, mean=22.5 (+/-6.85986).
P1: N=1, mean=26 (+/-0).
P2: N=1, mean=19 (+/-0).
=====================================================
=====================================================
Completed 3 games.

Agent 1 (DoubleIterRegressionTreeSHUCTAny)
Winning score (between 0 and 1) : N=3, mean=1 (+/-0).
P1: N=2, mean=1 (+/-0).
P2: N=1, mean=1 (+/-0).
Game Durations: N=3, mean=33 (+/-20.957218).
P1: N=2, mean=36.5 (+/-34.2993).
P2: N=1, mean=26 (+/-0).

Agent 2 (SHUCTAnyTime)
Winning score (between 0 and 1) : N=3, mean=0 (+/-0).
P1: N=1, mean=0 (+/-0).
P2: N=2, mean=0 (+/-0).
Game Durations: N=3, mean=33 (+/-20.957218).
P1: N=1, mean=26 (+/-0).
P2: N=2, mean=36.5 (+/-34.2993).
=====================================================
=====================================================
Completed 4 games.

Agent 1 (DoubleIterRegressionTreeSHUCTAny)
Winning score (between 0 and 1) : N=4, mean=0.75 (+/-0.48999).
P1: N=2, mean=1 (+/-0).
P2: N=2, mean=0.5 (+/-0.97998).
Game Durations: N=4, mean=29 (+/-16.765011).
P1: N=2, mean=36.5 (+/-34.2993).
P2: N=2, mean=21.5 (+/-8.81982).

Agent 2 (SHUCTAnyTime)
Winning score (between 0 and 1) : N=4, mean=0.25 (+/-0.48999).
P1: N=2, mean=0.5 (+/-0.97998).
P2: N=2, mean=0 (+/-0).
Game Durations: N=4, mean=29 (+/-16.765011).
P1: N=2, mean=21.5 (+/-8.81982).
P2: N=2, mean=36.5 (+/-34.2993).
=====================================================
=====================================================
Completed 5 games.

Agent 1 (DoubleIterRegressionTreeSHUCTAny)
Winning score (between 0 and 1) : N=5, mean=0.8 (+/-0.391992).
P1: N=3, mean=1 (+/-0).
P2: N=2, mean=0.5 (+/-0.97998).
Game Durations: N=5, mean=28.2 (+/-13.080439).
P1: N=3, mean=32.666667 (+/-21.180066).
P2: N=2, mean=21.5 (+/-8.81982).

Agent 2 (SHUCTAnyTime)
Winning score (between 0 and 1) : N=5, mean=0.2 (+/-0.391992).
P1: N=2, mean=0.5 (+/-0.97998).
P2: N=3, mean=0 (+/-0).
Game Durations: N=5, mean=28.2 (+/-13.080439).
P1: N=2, mean=21.5 (+/-8.81982).
P2: N=3, mean=32.666667 (+/-21.180066).
=====================================================
=====================================================
Completed 10 games.

Agent 1 (DoubleIterRegressionTreeSHUCTAny)
Winning score (between 0 and 1) : N=10, mean=0.7 (+/-0.299389).
P1: N=5, mean=1 (+/-0).
P2: N=5, mean=0.4 (+/-0.48009).
Game Durations: N=10, mean=31.2 (+/-10.295958).
P1: N=5, mean=38.2 (+/-15.148855).
P2: N=5, mean=24.2 (+/-12.386575).

Agent 2 (SHUCTAnyTime)
Winning score (between 0 and 1) : N=10, mean=0.3 (+/-0.299389).
P1: N=5, mean=0.6 (+/-0.48009).
P2: N=5, mean=0 (+/-0).
Game Durations: N=10, mean=31.2 (+/-10.295958).
P1: N=5, mean=24.2 (+/-12.386575).
P2: N=5, mean=38.2 (+/-15.148855).
=====================================================
=====================================================
Completed 20 games.

Agent 1 (DoubleIterRegressionTreeSHUCTAny)
Winning score (between 0 and 1) : N=20, mean=0.65 (+/-0.214467).
P1: N=10, mean=0.9 (+/-0.195996).
P2: N=10, mean=0.4 (+/-0.32006).
Game Durations: N=20, mean=27.25 (+/-5.963317).
P1: N=10, mean=28.5 (+/-9.638408).
P2: N=10, mean=26 (+/-7.477589).

Agent 2 (SHUCTAnyTime)
Winning score (between 0 and 1) : N=20, mean=0.35 (+/-0.214467).
P1: N=10, mean=0.6 (+/-0.32006).
P2: N=10, mean=0.1 (+/-0.195996).
Game Durations: N=20, mean=27.25 (+/-5.963317).
P1: N=10, mean=26 (+/-7.477589).
P2: N=10, mean=28.5 (+/-9.638408).
=====================================================
=====================================================
Completed 30 games.

Agent 1 (DoubleIterRegressionTreeSHUCTAny)
Winning score (between 0 and 1) : N=30, mean=0.5 (+/-0.181978).
P1: N=15, mean=0.733333 (+/-0.231643).
P2: N=15, mean=0.266667 (+/-0.231643).
Game Durations: N=30, mean=26.866667 (+/-4.408454).
P1: N=15, mean=28.2 (+/-6.902261).
P2: N=15, mean=25.533333 (+/-5.647778).

Agent 2 (SHUCTAnyTime)
Winning score (between 0 and 1) : N=30, mean=0.5 (+/-0.181978).
P1: N=15, mean=0.733333 (+/-0.231643).
P2: N=15, mean=0.266667 (+/-0.231643).
Game Durations: N=30, mean=26.866667 (+/-4.408454).
P1: N=15, mean=25.533333 (+/-5.647778).
P2: N=15, mean=28.2 (+/-6.902261).
=====================================================
=====================================================
Completed 40 games.

Agent 1 (DoubleIterRegressionTreeSHUCTAny)
Winning score (between 0 and 1) : N=40, mean=0.4 (+/-0.153752).
P1: N=20, mean=0.6 (+/-0.22028).
P2: N=20, mean=0.2 (+/-0.179858).
Game Durations: N=40, mean=27.975 (+/-3.992426).
P1: N=20, mean=28.2 (+/-5.551986).
P2: N=20, mean=27.75 (+/-5.881384).

Agent 2 (SHUCTAnyTime)
Winning score (between 0 and 1) : N=40, mean=0.6 (+/-0.153752).
P1: N=20, mean=0.8 (+/-0.179858).
P2: N=20, mean=0.4 (+/-0.22028).
Game Durations: N=40, mean=27.975 (+/-3.992426).
P1: N=20, mean=27.75 (+/-5.881384).
P2: N=20, mean=28.2 (+/-5.551986).
=====================================================
=====================================================
Completed 50 games.

Agent 1 (DoubleIterRegressionTreeSHUCTAny)
Winning score (between 0 and 1) : N=50, mean=0.49 (+/-0.138562).
P1: N=25, mean=0.68 (+/-0.186626).
P2: N=25, mean=0.3 (+/-0.178919).
Game Durations: N=50, mean=28.08 (+/-3.569829).
P1: N=25, mean=27.88 (+/-4.508362).
P2: N=25, mean=28.28 (+/-5.630148).

Agent 2 (SHUCTAnyTime)
Winning score (between 0 and 1) : N=50, mean=0.51 (+/-0.138562).
P1: N=25, mean=0.7 (+/-0.178919).
P2: N=25, mean=0.32 (+/-0.186626).
Game Durations: N=50, mean=28.08 (+/-3.569829).
P1: N=25, mean=28.28 (+/-5.630148).
P2: N=25, mean=27.88 (+/-4.508362).
=====================================================
=====================================================
Completed 60 games.

Agent 1 (DoubleIterRegressionTreeSHUCTAny)
Winning score (between 0 and 1) : N=60, mean=0.483333 (+/-0.125366).
P1: N=30, mean=0.683333 (+/-0.166011).
P2: N=30, mean=0.283333 (+/-0.160604).
Game Durations: N=60, mean=30.166667 (+/-3.815881).
P1: N=30, mean=29.266667 (+/-4.974294).
P2: N=30, mean=31.066667 (+/-5.85575).

Agent 2 (SHUCTAnyTime)
Winning score (between 0 and 1) : N=60, mean=0.516667 (+/-0.125366).
P1: N=30, mean=0.716667 (+/-0.160604).
P2: N=30, mean=0.316667 (+/-0.166011).
Game Durations: N=60, mean=30.166667 (+/-3.815881).
P1: N=30, mean=31.066667 (+/-5.85575).
P2: N=30, mean=29.266667 (+/-4.974294).
=====================================================
=====================================================
Completed 70 games.

Agent 1 (DoubleIterRegressionTreeSHUCTAny)
Winning score (between 0 and 1) : N=70, mean=0.457143 (+/-0.115838).
P1: N=35, mean=0.642857 (+/-0.158534).
P2: N=35, mean=0.271429 (+/-0.146752).
Game Durations: N=70, mean=31.642857 (+/-3.540628).
P1: N=35, mean=30.2 (+/-4.722807).
P2: N=35, mean=33.085714 (+/-5.301534).

Agent 2 (SHUCTAnyTime)
Winning score (between 0 and 1) : N=70, mean=0.542857 (+/-0.115838).
P1: N=35, mean=0.728571 (+/-0.146752).
P2: N=35, mean=0.357143 (+/-0.158534).
Game Durations: N=70, mean=31.642857 (+/-3.540628).
P1: N=35, mean=33.085714 (+/-5.301534).
P2: N=35, mean=30.2 (+/-4.722807).
=====================================================
=====================================================
Completed 80 games.

Agent 1 (DoubleIterRegressionTreeSHUCTAny)
Winning score (between 0 and 1) : N=80, mean=0.46875 (+/-0.10795).
P1: N=40, mean=0.65 (+/-0.145524).
P2: N=40, mean=0.2875 (+/-0.139861).
Game Durations: N=80, mean=31.875 (+/-3.334116).
P1: N=40, mean=30.875 (+/-4.594471).
P2: N=40, mean=32.875 (+/-4.871265).

Agent 2 (SHUCTAnyTime)
Winning score (between 0 and 1) : N=80, mean=0.53125 (+/-0.10795).
P1: N=40, mean=0.7125 (+/-0.139861).
P2: N=40, mean=0.35 (+/-0.145524).
Game Durations: N=80, mean=31.875 (+/-3.334116).
P1: N=40, mean=32.875 (+/-4.871265).
P2: N=40, mean=30.875 (+/-4.594471).
=====================================================
=====================================================
Completed 90 games.

Agent 1 (DoubleIterRegressionTreeSHUCTAny)
Winning score (between 0 and 1) : N=90, mean=0.438889 (+/-0.101339).
P1: N=45, mean=0.622222 (+/-0.139829).
P2: N=45, mean=0.255556 (+/-0.126983).
Game Durations: N=90, mean=31.488889 (+/-3.11606).
P1: N=45, mean=31.288889 (+/-4.35312).
P2: N=45, mean=31.688889 (+/-4.508219).

Agent 2 (SHUCTAnyTime)
Winning score (between 0 and 1) : N=90, mean=0.561111 (+/-0.101339).
P1: N=45, mean=0.744444 (+/-0.126983).
P2: N=45, mean=0.377778 (+/-0.139829).
Game Durations: N=90, mean=31.488889 (+/-3.11606).
P1: N=45, mean=31.688889 (+/-4.508219).
P2: N=45, mean=31.288889 (+/-4.35312).
=====================================================
=====================================================
Completed 100 games.

Agent 1 (DoubleIterRegressionTreeSHUCTAny)
Winning score (between 0 and 1) : N=100, mean=0.47 (+/-0.096321).
P1: N=50, mean=0.62 (+/-0.13299).
P2: N=50, mean=0.32 (+/-0.127574).
Game Durations: N=100, mean=31.61 (+/-3.000865).
P1: N=50, mean=30.82 (+/-4.101965).
P2: N=50, mean=32.4 (+/-4.411843).

Agent 2 (SHUCTAnyTime)
Winning score (between 0 and 1) : N=100, mean=0.53 (+/-0.096321).
P1: N=50, mean=0.68 (+/-0.127574).
P2: N=50, mean=0.38 (+/-0.13299).
Game Durations: N=100, mean=31.61 (+/-3.000865).
P1: N=50, mean=32.4 (+/-4.411843).
P2: N=50, mean=30.82 (+/-4.101965).
=====================================================
