Warming up...
Finished warming up!
=====================================================
Completed 1 games.

Agent 1 (RegressionTreeSHUCTAny)
Winning score (between 0 and 1) : N=1, mean=0 (+/-0).
P1: N=0, mean=0 (+/-0).
P2: N=1, mean=0 (+/-0).
Game Durations: N=1, mean=71 (+/-0).
P1: N=0, mean=0 (+/-0).
P2: N=1, mean=71 (+/-0).

Agent 2 (SHUCTAnyTime)
Winning score (between 0 and 1) : N=1, mean=1 (+/-0).
P1: N=1, mean=1 (+/-0).
P2: N=0, mean=0 (+/-0).
Game Durations: N=1, mean=71 (+/-0).
P1: N=1, mean=71 (+/-0).
P2: N=0, mean=0 (+/-0).
=====================================================
=====================================================
Completed 2 games.

Agent 1 (RegressionTreeSHUCTAny)
Winning score (between 0 and 1) : N=2, mean=0 (+/-0).
P1: N=1, mean=0 (+/-0).
P2: N=1, mean=0 (+/-0).
Game Durations: N=2, mean=72.5 (+/-2.93994).
P1: N=1, mean=74 (+/-0).
P2: N=1, mean=71 (+/-0).

Agent 2 (SHUCTAnyTime)
Winning score (between 0 and 1) : N=2, mean=1 (+/-0).
P1: N=1, mean=1 (+/-0).
P2: N=1, mean=1 (+/-0).
Game Durations: N=2, mean=72.5 (+/-2.93994).
P1: N=1, mean=71 (+/-0).
P2: N=1, mean=74 (+/-0).
=====================================================
=====================================================
Completed 3 games.

Agent 1 (RegressionTreeSHUCTAny)
Winning score (between 0 and 1) : N=3, mean=0 (+/-0).
P1: N=1, mean=0 (+/-0).
P2: N=2, mean=0 (+/-0).
Game Durations: N=3, mean=70.666667 (+/-3.97399).
P1: N=1, mean=74 (+/-0).
P2: N=2, mean=69 (+/-3.91992).

Agent 2 (SHUCTAnyTime)
Winning score (between 0 and 1) : N=3, mean=1 (+/-0).
P1: N=2, mean=1 (+/-0).
P2: N=1, mean=1 (+/-0).
Game Durations: N=3, mean=70.666667 (+/-3.97399).
P1: N=2, mean=69 (+/-3.91992).
P2: N=1, mean=74 (+/-0).
=====================================================
=====================================================
Completed 4 games.

Agent 1 (RegressionTreeSHUCTAny)
Winning score (between 0 and 1) : N=4, mean=0.25 (+/-0.48999).
P1: N=2, mean=0.5 (+/-0.97998).
P2: N=2, mean=0 (+/-0).
Game Durations: N=4, mean=70.25 (+/-2.926298).
P1: N=2, mean=71.5 (+/-4.8999).
P2: N=2, mean=69 (+/-3.91992).

Agent 2 (SHUCTAnyTime)
Winning score (between 0 and 1) : N=4, mean=0.75 (+/-0.48999).
P1: N=2, mean=1 (+/-0).
P2: N=2, mean=0.5 (+/-0.97998).
Game Durations: N=4, mean=70.25 (+/-2.926298).
P1: N=2, mean=69 (+/-3.91992).
P2: N=2, mean=71.5 (+/-4.8999).
=====================================================
=====================================================
Completed 5 games.

Agent 1 (RegressionTreeSHUCTAny)
Winning score (between 0 and 1) : N=5, mean=0.2 (+/-0.391992).
P1: N=2, mean=0.5 (+/-0.97998).
P2: N=3, mean=0 (+/-0).
Game Durations: N=5, mean=71.2 (+/-2.9334).
P1: N=2, mean=71.5 (+/-4.8999).
P2: N=3, mean=71 (+/-4.526334).

Agent 2 (SHUCTAnyTime)
Winning score (between 0 and 1) : N=5, mean=0.8 (+/-0.391992).
P1: N=3, mean=1 (+/-0).
P2: N=2, mean=0.5 (+/-0.97998).
Game Durations: N=5, mean=71.2 (+/-2.9334).
P1: N=3, mean=71 (+/-4.526334).
P2: N=2, mean=71.5 (+/-4.8999).
=====================================================
=====================================================
Completed 10 games.

Agent 1 (RegressionTreeSHUCTAny)
Winning score (between 0 and 1) : N=10, mean=0.4 (+/-0.32006).
P1: N=5, mean=0.4 (+/-0.48009).
P2: N=5, mean=0.4 (+/-0.48009).
Game Durations: N=10, mean=69.5 (+/-2.132067).
P1: N=5, mean=68.8 (+/-3.473058).
P2: N=5, mean=70.2 (+/-2.729908).

Agent 2 (SHUCTAnyTime)
Winning score (between 0 and 1) : N=10, mean=0.6 (+/-0.32006).
P1: N=5, mean=0.6 (+/-0.48009).
P2: N=5, mean=0.6 (+/-0.48009).
Game Durations: N=10, mean=69.5 (+/-2.132067).
P1: N=5, mean=70.2 (+/-2.729908).
P2: N=5, mean=68.8 (+/-3.473058).
=====================================================
=====================================================
Completed 20 games.

Agent 1 (RegressionTreeSHUCTAny)
Winning score (between 0 and 1) : N=20, mean=0.45 (+/-0.223696).
P1: N=10, mean=0.5 (+/-0.32666).
P2: N=10, mean=0.4 (+/-0.32006).
Game Durations: N=20, mean=69.75 (+/-2.287786).
P1: N=10, mean=69.9 (+/-2.62062).
P2: N=10, mean=69.6 (+/-3.900271).

Agent 2 (SHUCTAnyTime)
Winning score (between 0 and 1) : N=20, mean=0.55 (+/-0.223696).
P1: N=10, mean=0.6 (+/-0.32006).
P2: N=10, mean=0.5 (+/-0.32666).
Game Durations: N=20, mean=69.75 (+/-2.287786).
P1: N=10, mean=69.6 (+/-3.900271).
P2: N=10, mean=69.9 (+/-2.62062).
=====================================================
=====================================================
Completed 30 games.

Agent 1 (RegressionTreeSHUCTAny)
Winning score (between 0 and 1) : N=30, mean=0.5 (+/-0.181978).
P1: N=15, mean=0.466667 (+/-0.261328).
P2: N=15, mean=0.533333 (+/-0.261328).
Game Durations: N=30, mean=69.8 (+/-1.644928).
P1: N=15, mean=69.8 (+/-2.123039).
P2: N=15, mean=69.8 (+/-2.5889).

Agent 2 (SHUCTAnyTime)
Winning score (between 0 and 1) : N=30, mean=0.5 (+/-0.181978).
P1: N=15, mean=0.466667 (+/-0.261328).
P2: N=15, mean=0.533333 (+/-0.261328).
Game Durations: N=30, mean=69.8 (+/-1.644928).
P1: N=15, mean=69.8 (+/-2.5889).
P2: N=15, mean=69.8 (+/-2.123039).
=====================================================
=====================================================
Completed 40 games.

Agent 1 (RegressionTreeSHUCTAny)
Winning score (between 0 and 1) : N=40, mean=0.5 (+/-0.156922).
P1: N=20, mean=0.5 (+/-0.224823).
P2: N=20, mean=0.5 (+/-0.224823).
Game Durations: N=40, mean=69.4 (+/-1.535596).
P1: N=20, mean=69.1 (+/-2.331663).
P2: N=20, mean=69.7 (+/-2.051193).

Agent 2 (SHUCTAnyTime)
Winning score (between 0 and 1) : N=40, mean=0.5 (+/-0.156922).
P1: N=20, mean=0.5 (+/-0.224823).
P2: N=20, mean=0.5 (+/-0.224823).
Game Durations: N=40, mean=69.4 (+/-1.535596).
P1: N=20, mean=69.7 (+/-2.051193).
P2: N=20, mean=69.1 (+/-2.331663).
=====================================================
=====================================================
Completed 50 games.

Agent 1 (RegressionTreeSHUCTAny)
Winning score (between 0 and 1) : N=50, mean=0.46 (+/-0.139548).
P1: N=25, mean=0.44 (+/-0.198592).
P2: N=25, mean=0.48 (+/-0.199877).
Game Durations: N=50, mean=69.52 (+/-1.301585).
P1: N=25, mean=69.32 (+/-2.004277).
P2: N=25, mean=69.72 (+/-1.699335).

Agent 2 (SHUCTAnyTime)
Winning score (between 0 and 1) : N=50, mean=0.54 (+/-0.139548).
P1: N=25, mean=0.52 (+/-0.199877).
P2: N=25, mean=0.56 (+/-0.198592).
Game Durations: N=50, mean=69.52 (+/-1.301585).
P1: N=25, mean=69.72 (+/-1.699335).
P2: N=25, mean=69.32 (+/-2.004277).
=====================================================
=====================================================
Completed 60 games.

Agent 1 (RegressionTreeSHUCTAny)
Winning score (between 0 and 1) : N=60, mean=0.5 (+/-0.127583).
P1: N=30, mean=0.5 (+/-0.181978).
P2: N=30, mean=0.5 (+/-0.181978).
Game Durations: N=60, mean=69.6 (+/-1.243259).
P1: N=30, mean=69.3 (+/-1.953529).
P2: N=30, mean=69.9 (+/-1.565008).

Agent 2 (SHUCTAnyTime)
Winning score (between 0 and 1) : N=60, mean=0.5 (+/-0.127583).
P1: N=30, mean=0.5 (+/-0.181978).
P2: N=30, mean=0.5 (+/-0.181978).
Game Durations: N=60, mean=69.6 (+/-1.243259).
P1: N=30, mean=69.9 (+/-1.565008).
P2: N=30, mean=69.3 (+/-1.953529).
=====================================================
=====================================================
Completed 70 games.

Agent 1 (RegressionTreeSHUCTAny)
Winning score (between 0 and 1) : N=70, mean=0.542857 (+/-0.117542).
P1: N=35, mean=0.542857 (+/-0.167447).
P2: N=35, mean=0.542857 (+/-0.167447).
Game Durations: N=70, mean=69.471429 (+/-1.109382).
P1: N=35, mean=69.057143 (+/-1.734423).
P2: N=35, mean=69.885714 (+/-1.395815).

Agent 2 (SHUCTAnyTime)
Winning score (between 0 and 1) : N=70, mean=0.457143 (+/-0.117542).
P1: N=35, mean=0.457143 (+/-0.167447).
P2: N=35, mean=0.457143 (+/-0.167447).
Game Durations: N=70, mean=69.471429 (+/-1.109382).
P1: N=35, mean=69.885714 (+/-1.395815).
P2: N=35, mean=69.057143 (+/-1.734423).
=====================================================
=====================================================
Completed 80 games.

Agent 1 (RegressionTreeSHUCTAny)
Winning score (between 0 and 1) : N=80, mean=0.55 (+/-0.109704).
P1: N=40, mean=0.55 (+/-0.156136).
P2: N=40, mean=0.55 (+/-0.156136).
Game Durations: N=80, mean=69.625 (+/-1.010742).
P1: N=40, mean=69.4 (+/-1.562619).
P2: N=40, mean=69.85 (+/-1.298859).

Agent 2 (SHUCTAnyTime)
Winning score (between 0 and 1) : N=80, mean=0.45 (+/-0.109704).
P1: N=40, mean=0.45 (+/-0.156136).
P2: N=40, mean=0.45 (+/-0.156136).
Game Durations: N=80, mean=69.625 (+/-1.010742).
P1: N=40, mean=69.85 (+/-1.298859).
P2: N=40, mean=69.4 (+/-1.562619).
=====================================================
=====================================================
Completed 90 games.

Agent 1 (RegressionTreeSHUCTAny)
Winning score (between 0 and 1) : N=90, mean=0.544444 (+/-0.103466).
P1: N=45, mean=0.555556 (+/-0.146823).
P2: N=45, mean=0.533333 (+/-0.147409).
Game Durations: N=90, mean=70 (+/-0.940907).
P1: N=45, mean=69.888889 (+/-1.471747).
P2: N=45, mean=70.111111 (+/-1.188811).

Agent 2 (SHUCTAnyTime)
Winning score (between 0 and 1) : N=90, mean=0.455556 (+/-0.103466).
P1: N=45, mean=0.466667 (+/-0.147409).
P2: N=45, mean=0.444444 (+/-0.146823).
Game Durations: N=90, mean=70 (+/-0.940907).
P1: N=45, mean=70.111111 (+/-1.188811).
P2: N=45, mean=69.888889 (+/-1.471747).
=====================================================
