Warming up...
Finished warming up!
=====================================================
Completed 1 games.

Agent 1 (RegressionTreeSHUCTAny)
Winning score (between 0 and 1) : N=1, mean=1 (+/-0).
P1: N=0, mean=0 (+/-0).
P2: N=1, mean=1 (+/-0).
Game Durations: N=1, mean=54 (+/-0).
P1: N=0, mean=0 (+/-0).
P2: N=1, mean=54 (+/-0).

Agent 2 (SHUCTAnyTime)
Winning score (between 0 and 1) : N=1, mean=0 (+/-0).
P1: N=1, mean=0 (+/-0).
P2: N=0, mean=0 (+/-0).
Game Durations: N=1, mean=54 (+/-0).
P1: N=1, mean=54 (+/-0).
P2: N=0, mean=0 (+/-0).
=====================================================
=====================================================
Completed 2 games.

Agent 1 (RegressionTreeSHUCTAny)
Winning score (between 0 and 1) : N=2, mean=0.5 (+/-0.97998).
P1: N=1, mean=0 (+/-0).
P2: N=1, mean=1 (+/-0).
Game Durations: N=2, mean=55 (+/-1.95996).
P1: N=1, mean=56 (+/-0).
P2: N=1, mean=54 (+/-0).

Agent 2 (SHUCTAnyTime)
Winning score (between 0 and 1) : N=2, mean=0.5 (+/-0.97998).
P1: N=1, mean=0 (+/-0).
P2: N=1, mean=1 (+/-0).
Game Durations: N=2, mean=55 (+/-1.95996).
P1: N=1, mean=54 (+/-0).
P2: N=1, mean=56 (+/-0).
=====================================================
=====================================================
Completed 3 games.

Agent 1 (RegressionTreeSHUCTAny)
Winning score (between 0 and 1) : N=3, mean=0.333333 (+/-0.65332).
P1: N=1, mean=0 (+/-0).
P2: N=2, mean=0.5 (+/-0.97998).
Game Durations: N=3, mean=58.333333 (+/-6.630474).
P1: N=1, mean=56 (+/-0).
P2: N=2, mean=59.5 (+/-10.77978).

Agent 2 (SHUCTAnyTime)
Winning score (between 0 and 1) : N=3, mean=0.666667 (+/-0.65332).
P1: N=2, mean=0.5 (+/-0.97998).
P2: N=1, mean=1 (+/-0).
Game Durations: N=3, mean=58.333333 (+/-6.630474).
P1: N=2, mean=59.5 (+/-10.77978).
P2: N=1, mean=56 (+/-0).
=====================================================
=====================================================
Completed 4 games.

Agent 1 (RegressionTreeSHUCTAny)
Winning score (between 0 and 1) : N=4, mean=0.25 (+/-0.48999).
P1: N=2, mean=0 (+/-0).
P2: N=2, mean=0.5 (+/-0.97998).
Game Durations: N=4, mean=57.25 (+/-5.146839).
P1: N=2, mean=55 (+/-1.95996).
P2: N=2, mean=59.5 (+/-10.77978).

Agent 2 (SHUCTAnyTime)
Winning score (between 0 and 1) : N=4, mean=0.75 (+/-0.48999).
P1: N=2, mean=0.5 (+/-0.97998).
P2: N=2, mean=1 (+/-0).
Game Durations: N=4, mean=57.25 (+/-5.146839).
P1: N=2, mean=59.5 (+/-10.77978).
P2: N=2, mean=55 (+/-1.95996).
=====================================================
=====================================================
Completed 5 games.

Agent 1 (RegressionTreeSHUCTAny)
Winning score (between 0 and 1) : N=5, mean=0.2 (+/-0.391992).
P1: N=2, mean=0 (+/-0).
P2: N=3, mean=0.333333 (+/-0.65332).
Game Durations: N=5, mean=52 (+/-11.035114).
P1: N=2, mean=55 (+/-1.95996).
P2: N=3, mean=50 (+/-19.632239).

Agent 2 (SHUCTAnyTime)
Winning score (between 0 and 1) : N=5, mean=0.8 (+/-0.391992).
P1: N=3, mean=0.666667 (+/-0.65332).
P2: N=2, mean=1 (+/-0).
Game Durations: N=5, mean=52 (+/-11.035114).
P1: N=3, mean=50 (+/-19.632239).
P2: N=2, mean=55 (+/-1.95996).
=====================================================
=====================================================
Completed 10 games.

Agent 1 (RegressionTreeSHUCTAny)
Winning score (between 0 and 1) : N=10, mean=0.5 (+/-0.32666).
P1: N=5, mean=0.6 (+/-0.48009).
P2: N=5, mean=0.4 (+/-0.48009).
Game Durations: N=10, mean=52.6 (+/-7.592017).
P1: N=5, mean=51 (+/-9.858423).
P2: N=5, mean=54.2 (+/-12.540681).

Agent 2 (SHUCTAnyTime)
Winning score (between 0 and 1) : N=10, mean=0.5 (+/-0.32666).
P1: N=5, mean=0.6 (+/-0.48009).
P2: N=5, mean=0.4 (+/-0.48009).
Game Durations: N=10, mean=52.6 (+/-7.592017).
P1: N=5, mean=54.2 (+/-12.540681).
P2: N=5, mean=51 (+/-9.858423).
=====================================================
=====================================================
Completed 20 games.

Agent 1 (RegressionTreeSHUCTAny)
Winning score (between 0 and 1) : N=20, mean=0.4 (+/-0.22028).
P1: N=10, mean=0.4 (+/-0.32006).
P2: N=10, mean=0.4 (+/-0.32006).
Game Durations: N=20, mean=53.1 (+/-4.943854).
P1: N=10, mean=53 (+/-6.681774).
P2: N=10, mean=53.2 (+/-7.651379).

Agent 2 (SHUCTAnyTime)
Winning score (between 0 and 1) : N=20, mean=0.6 (+/-0.22028).
P1: N=10, mean=0.6 (+/-0.32006).
P2: N=10, mean=0.6 (+/-0.32006).
Game Durations: N=20, mean=53.1 (+/-4.943854).
P1: N=10, mean=53.2 (+/-7.651379).
P2: N=10, mean=53 (+/-6.681774).
=====================================================
=====================================================
Completed 30 games.

Agent 1 (RegressionTreeSHUCTAny)
Winning score (between 0 and 1) : N=30, mean=0.433333 (+/-0.180353).
P1: N=15, mean=0.333333 (+/-0.246932).
P2: N=15, mean=0.533333 (+/-0.261328).
Game Durations: N=30, mean=55.266667 (+/-4.14327).
P1: N=15, mean=55.933333 (+/-5.21184).
P2: N=15, mean=54.6 (+/-6.611502).

Agent 2 (SHUCTAnyTime)
Winning score (between 0 and 1) : N=30, mean=0.566667 (+/-0.180353).
P1: N=15, mean=0.466667 (+/-0.261328).
P2: N=15, mean=0.666667 (+/-0.246932).
Game Durations: N=30, mean=55.266667 (+/-4.14327).
P1: N=15, mean=54.6 (+/-6.611502).
P2: N=15, mean=55.933333 (+/-5.21184).
=====================================================
=====================================================
Completed 40 games.

Agent 1 (RegressionTreeSHUCTAny)
Winning score (between 0 and 1) : N=40, mean=0.425 (+/-0.155147).
P1: N=20, mean=0.35 (+/-0.214467).
P2: N=20, mean=0.5 (+/-0.224823).
Game Durations: N=40, mean=54.925 (+/-3.483103).
P1: N=20, mean=55.15 (+/-4.479055).
P2: N=20, mean=54.7 (+/-5.451849).

Agent 2 (SHUCTAnyTime)
Winning score (between 0 and 1) : N=40, mean=0.575 (+/-0.155147).
P1: N=20, mean=0.5 (+/-0.224823).
P2: N=20, mean=0.65 (+/-0.214467).
Game Durations: N=40, mean=54.925 (+/-3.483103).
P1: N=20, mean=54.7 (+/-5.451849).
P2: N=20, mean=55.15 (+/-4.479055).
=====================================================
=====================================================
Completed 50 games.

Agent 1 (RegressionTreeSHUCTAny)
Winning score (between 0 and 1) : N=50, mean=0.44 (+/-0.138986).
P1: N=25, mean=0.36 (+/-0.192036).
P2: N=25, mean=0.52 (+/-0.199877).
Game Durations: N=50, mean=54.78 (+/-3.235014).
P1: N=25, mean=55.24 (+/-3.938301).
P2: N=25, mean=54.32 (+/-5.211086).

Agent 2 (SHUCTAnyTime)
Winning score (between 0 and 1) : N=50, mean=0.56 (+/-0.138986).
P1: N=25, mean=0.48 (+/-0.199877).
P2: N=25, mean=0.64 (+/-0.192036).
Game Durations: N=50, mean=54.78 (+/-3.235014).
P1: N=25, mean=54.32 (+/-5.211086).
P2: N=25, mean=55.24 (+/-3.938301).
=====================================================
=====================================================
Completed 60 games.

Agent 1 (RegressionTreeSHUCTAny)
Winning score (between 0 and 1) : N=60, mean=0.466667 (+/-0.127299).
P1: N=30, mean=0.366667 (+/-0.175388).
P2: N=30, mean=0.566667 (+/-0.180353).
Game Durations: N=60, mean=55.066667 (+/-2.798246).
P1: N=30, mean=54.566667 (+/-3.4511).
P2: N=30, mean=55.566667 (+/-4.459193).

Agent 2 (SHUCTAnyTime)
Winning score (between 0 and 1) : N=60, mean=0.533333 (+/-0.127299).
P1: N=30, mean=0.433333 (+/-0.180353).
P2: N=30, mean=0.633333 (+/-0.175388).
Game Durations: N=60, mean=55.066667 (+/-2.798246).
P1: N=30, mean=55.566667 (+/-4.459193).
P2: N=30, mean=54.566667 (+/-3.4511).
=====================================================
=====================================================
Completed 70 games.

Agent 1 (RegressionTreeSHUCTAny)
Winning score (between 0 and 1) : N=70, mean=0.485714 (+/-0.117928).
P1: N=35, mean=0.4 (+/-0.16467).
P2: N=35, mean=0.571429 (+/-0.166341).
Game Durations: N=70, mean=54.728571 (+/-2.621359).
P1: N=35, mean=54.457143 (+/-3.393174).
P2: N=35, mean=55 (+/-4.044753).

Agent 2 (SHUCTAnyTime)
Winning score (between 0 and 1) : N=70, mean=0.514286 (+/-0.117928).
P1: N=35, mean=0.428571 (+/-0.166341).
P2: N=35, mean=0.6 (+/-0.16467).
Game Durations: N=70, mean=54.728571 (+/-2.621359).
P1: N=35, mean=55 (+/-4.044753).
P2: N=35, mean=54.457143 (+/-3.393174).
=====================================================
=====================================================
Completed 80 games.

Agent 1 (RegressionTreeSHUCTAny)
Winning score (between 0 and 1) : N=80, mean=0.5 (+/-0.110256).
P1: N=40, mean=0.425 (+/-0.155147).
P2: N=40, mean=0.575 (+/-0.155147).
Game Durations: N=80, mean=55.075 (+/-2.470032).
P1: N=40, mean=54.225 (+/-3.166169).
P2: N=40, mean=55.925 (+/-3.814465).

Agent 2 (SHUCTAnyTime)
Winning score (between 0 and 1) : N=80, mean=0.5 (+/-0.110256).
P1: N=40, mean=0.425 (+/-0.155147).
P2: N=40, mean=0.575 (+/-0.155147).
Game Durations: N=80, mean=55.075 (+/-2.470032).
P1: N=40, mean=55.925 (+/-3.814465).
P2: N=40, mean=54.225 (+/-3.166169).
=====================================================
=====================================================
Completed 90 games.

Agent 1 (RegressionTreeSHUCTAny)
Winning score (between 0 and 1) : N=90, mean=0.5 (+/-0.103878).
P1: N=45, mean=0.4 (+/-0.144753).
P2: N=45, mean=0.6 (+/-0.144753).
Game Durations: N=90, mean=55.244444 (+/-2.296469).
P1: N=45, mean=55.066667 (+/-2.972688).
P2: N=45, mean=55.422222 (+/-3.53446).

Agent 2 (SHUCTAnyTime)
Winning score (between 0 and 1) : N=90, mean=0.5 (+/-0.103878).
P1: N=45, mean=0.4 (+/-0.144753).
P2: N=45, mean=0.6 (+/-0.144753).
Game Durations: N=90, mean=55.244444 (+/-2.296469).
P1: N=45, mean=55.422222 (+/-3.53446).
P2: N=45, mean=55.066667 (+/-2.972688).
=====================================================
=====================================================
Completed 100 games.

Agent 1 (RegressionTreeSHUCTAny)
Winning score (between 0 and 1) : N=100, mean=0.51 (+/-0.098472).
P1: N=50, mean=0.4 (+/-0.137169).
P2: N=50, mean=0.62 (+/-0.135905).
Game Durations: N=100, mean=55.41 (+/-2.134358).
P1: N=50, mean=54.88 (+/-2.786831).
P2: N=50, mean=55.94 (+/-3.255364).

Agent 2 (SHUCTAnyTime)
Winning score (between 0 and 1) : N=100, mean=0.49 (+/-0.098472).
P1: N=50, mean=0.38 (+/-0.135905).
P2: N=50, mean=0.6 (+/-0.137169).
Game Durations: N=100, mean=55.41 (+/-2.134358).
P1: N=50, mean=55.94 (+/-3.255364).
P2: N=50, mean=54.88 (+/-2.786831).
=====================================================
