Warming up...
Finished warming up!
=====================================================
Completed 1 games.

Agent 1 (EntropySHUCTAnytime)
Winning score (between 0 and 1) : N=1, mean=0 (+/-0).
P1: N=1, mean=0 (+/-0).
P2: N=0, mean=0 (+/-0).
Game Durations: N=1, mean=68 (+/-0).
P1: N=1, mean=68 (+/-0).
P2: N=0, mean=0 (+/-0).

Agent 2 (Example UCT)
Winning score (between 0 and 1) : N=1, mean=1 (+/-0).
P1: N=0, mean=0 (+/-0).
P2: N=1, mean=1 (+/-0).
Game Durations: N=1, mean=68 (+/-0).
P1: N=0, mean=0 (+/-0).
P2: N=1, mean=68 (+/-0).
=====================================================
=====================================================
Completed 2 games.

Agent 1 (EntropySHUCTAnytime)
Winning score (between 0 and 1) : N=2, mean=0 (+/-0).
P1: N=1, mean=0 (+/-0).
P2: N=1, mean=0 (+/-0).
Game Durations: N=2, mean=67.5 (+/-0.97998).
P1: N=1, mean=68 (+/-0).
P2: N=1, mean=67 (+/-0).

Agent 2 (Example UCT)
Winning score (between 0 and 1) : N=2, mean=1 (+/-0).
P1: N=1, mean=1 (+/-0).
P2: N=1, mean=1 (+/-0).
Game Durations: N=2, mean=67.5 (+/-0.97998).
P1: N=1, mean=67 (+/-0).
P2: N=1, mean=68 (+/-0).
=====================================================
=====================================================
Completed 3 games.

Agent 1 (EntropySHUCTAnytime)
Winning score (between 0 and 1) : N=3, mean=0.333333 (+/-0.65332).
P1: N=2, mean=0.5 (+/-0.97998).
P2: N=1, mean=0 (+/-0).
Game Durations: N=3, mean=67.333333 (+/-0.65332).
P1: N=2, mean=67.5 (+/-0.97998).
P2: N=1, mean=67 (+/-0).

Agent 2 (Example UCT)
Winning score (between 0 and 1) : N=3, mean=0.666667 (+/-0.65332).
P1: N=1, mean=1 (+/-0).
P2: N=2, mean=0.5 (+/-0.97998).
Game Durations: N=3, mean=67.333333 (+/-0.65332).
P1: N=1, mean=67 (+/-0).
P2: N=2, mean=67.5 (+/-0.97998).
=====================================================
=====================================================
Completed 4 games.

Agent 1 (EntropySHUCTAnytime)
Winning score (between 0 and 1) : N=4, mean=0.25 (+/-0.48999).
P1: N=2, mean=0.5 (+/-0.97998).
P2: N=2, mean=0 (+/-0).
Game Durations: N=4, mean=66.25 (+/-2.172964).
P1: N=2, mean=67.5 (+/-0.97998).
P2: N=2, mean=65 (+/-3.91992).

Agent 2 (Example UCT)
Winning score (between 0 and 1) : N=4, mean=0.75 (+/-0.48999).
P1: N=2, mean=1 (+/-0).
P2: N=2, mean=0.5 (+/-0.97998).
Game Durations: N=4, mean=66.25 (+/-2.172964).
P1: N=2, mean=65 (+/-3.91992).
P2: N=2, mean=67.5 (+/-0.97998).
=====================================================
=====================================================
Completed 5 games.

Agent 1 (EntropySHUCTAnytime)
Winning score (between 0 and 1) : N=5, mean=0.2 (+/-0.391992).
P1: N=3, mean=0.333333 (+/-0.65332).
P2: N=2, mean=0 (+/-0).
Game Durations: N=5, mean=66.2 (+/-1.686021).
P1: N=3, mean=67 (+/-1.131583).
P2: N=2, mean=65 (+/-3.91992).

Agent 2 (Example UCT)
Winning score (between 0 and 1) : N=5, mean=0.8 (+/-0.391992).
P1: N=2, mean=1 (+/-0).
P2: N=3, mean=0.666667 (+/-0.65332).
Game Durations: N=5, mean=66.2 (+/-1.686021).
P1: N=2, mean=65 (+/-3.91992).
P2: N=3, mean=67 (+/-1.131583).
=====================================================
=====================================================
Completed 10 games.

Agent 1 (EntropySHUCTAnytime)
Winning score (between 0 and 1) : N=10, mean=0.4 (+/-0.32006).
P1: N=5, mean=0.6 (+/-0.48009).
P2: N=5, mean=0.2 (+/-0.391992).
Game Durations: N=10, mean=66.5 (+/-1.759118).
P1: N=5, mean=68.2 (+/-1.686021).
P2: N=5, mean=64.8 (+/-2.351952).

Agent 2 (Example UCT)
Winning score (between 0 and 1) : N=10, mean=0.6 (+/-0.32006).
P1: N=5, mean=0.8 (+/-0.391992).
P2: N=5, mean=0.4 (+/-0.48009).
Game Durations: N=10, mean=66.5 (+/-1.759118).
P1: N=5, mean=64.8 (+/-2.351952).
P2: N=5, mean=68.2 (+/-1.686021).
=====================================================
=====================================================
Completed 20 games.

Agent 1 (EntropySHUCTAnytime)
Winning score (between 0 and 1) : N=20, mean=0.3 (+/-0.206054).
P1: N=10, mean=0.4 (+/-0.32006).
P2: N=10, mean=0.2 (+/-0.261328).
Game Durations: N=20, mean=68 (+/-1.764537).
P1: N=10, mean=70 (+/-2.409325).
P2: N=10, mean=66 (+/-1.981618).

Agent 2 (Example UCT)
Winning score (between 0 and 1) : N=20, mean=0.7 (+/-0.206054).
P1: N=10, mean=0.8 (+/-0.261328).
P2: N=10, mean=0.6 (+/-0.32006).
Game Durations: N=20, mean=68 (+/-1.764537).
P1: N=10, mean=66 (+/-1.981618).
P2: N=10, mean=70 (+/-2.409325).
=====================================================
=====================================================
Completed 30 games.

Agent 1 (EntropySHUCTAnytime)
Winning score (between 0 and 1) : N=30, mean=0.333333 (+/-0.17157).
P1: N=15, mean=0.4 (+/-0.256619).
P2: N=15, mean=0.266667 (+/-0.231643).
Game Durations: N=30, mean=67.7 (+/-1.447152).
P1: N=15, mean=69.333333 (+/-2.178044).
P2: N=15, mean=66.066667 (+/-1.571076).

Agent 2 (Example UCT)
Winning score (between 0 and 1) : N=30, mean=0.666667 (+/-0.17157).
P1: N=15, mean=0.733333 (+/-0.231643).
P2: N=15, mean=0.6 (+/-0.256619).
Game Durations: N=30, mean=67.7 (+/-1.447152).
P1: N=15, mean=66.066667 (+/-1.571076).
P2: N=15, mean=69.333333 (+/-2.178044).
=====================================================
=====================================================
Completed 40 games.

Agent 1 (EntropySHUCTAnytime)
Winning score (between 0 and 1) : N=40, mean=0.35 (+/-0.149694).
P1: N=20, mean=0.4 (+/-0.22028).
P2: N=20, mean=0.3 (+/-0.206054).
Game Durations: N=40, mean=68.2 (+/-1.263591).
P1: N=20, mean=70 (+/-1.886369).
P2: N=20, mean=66.4 (+/-1.298534).

Agent 2 (Example UCT)
Winning score (between 0 and 1) : N=40, mean=0.65 (+/-0.149694).
P1: N=20, mean=0.7 (+/-0.206054).
P2: N=20, mean=0.6 (+/-0.22028).
Game Durations: N=40, mean=68.2 (+/-1.263591).
P1: N=20, mean=66.4 (+/-1.298534).
P2: N=20, mean=70 (+/-1.886369).
=====================================================
=====================================================
Completed 50 games.

Agent 1 (EntropySHUCTAnytime)
Winning score (between 0 and 1) : N=50, mean=0.38 (+/-0.135905).
P1: N=25, mean=0.4 (+/-0.195996).
P2: N=25, mean=0.36 (+/-0.192036).
Game Durations: N=50, mean=68.28 (+/-1.075761).
P1: N=25, mean=69.6 (+/-1.596295).
P2: N=25, mean=66.96 (+/-1.272616).

Agent 2 (Example UCT)
Winning score (between 0 and 1) : N=50, mean=0.62 (+/-0.135905).
P1: N=25, mean=0.64 (+/-0.192036).
P2: N=25, mean=0.6 (+/-0.195996).
Game Durations: N=50, mean=68.28 (+/-1.075761).
P1: N=25, mean=66.96 (+/-1.272616).
P2: N=25, mean=69.6 (+/-1.596295).
=====================================================
=====================================================
Completed 60 games.

Agent 1 (EntropySHUCTAnytime)
Winning score (between 0 and 1) : N=60, mean=0.416667 (+/-0.125798).
P1: N=30, mean=0.433333 (+/-0.180353).
P2: N=30, mean=0.4 (+/-0.178301).
Game Durations: N=60, mean=68.45 (+/-0.976569).
P1: N=30, mean=69.833333 (+/-1.425428).
P2: N=30, mean=67.066667 (+/-1.158321).

Agent 2 (Example UCT)
Winning score (between 0 and 1) : N=60, mean=0.583333 (+/-0.125798).
P1: N=30, mean=0.6 (+/-0.178301).
P2: N=30, mean=0.566667 (+/-0.180353).
Game Durations: N=60, mean=68.45 (+/-0.976569).
P1: N=30, mean=67.066667 (+/-1.158321).
P2: N=30, mean=69.833333 (+/-1.425428).
=====================================================
=====================================================
Completed 70 games.

Agent 1 (EntropySHUCTAnytime)
Winning score (between 0 and 1) : N=70, mean=0.442857 (+/-0.117203).
P1: N=35, mean=0.457143 (+/-0.167447).
P2: N=35, mean=0.428571 (+/-0.166341).
Game Durations: N=70, mean=68.742857 (+/-0.913562).
P1: N=35, mean=69.942857 (+/-1.339573).
P2: N=35, mean=67.542857 (+/-1.125891).

Agent 2 (Example UCT)
Winning score (between 0 and 1) : N=70, mean=0.557143 (+/-0.117203).
P1: N=35, mean=0.571429 (+/-0.166341).
P2: N=35, mean=0.542857 (+/-0.167447).
Game Durations: N=70, mean=68.742857 (+/-0.913562).
P1: N=35, mean=67.542857 (+/-1.125891).
P2: N=35, mean=69.942857 (+/-1.339573).
=====================================================
=====================================================
Completed 80 games.

Agent 1 (EntropySHUCTAnytime)
Winning score (between 0 and 1) : N=80, mean=0.4625 (+/-0.109946).
P1: N=40, mean=0.475 (+/-0.156726).
P2: N=40, mean=0.45 (+/-0.156136).
Game Durations: N=80, mean=68.6125 (+/-0.834965).
P1: N=40, mean=69.575 (+/-1.255158).
P2: N=40, mean=67.65 (+/-1.032711).

Agent 2 (Example UCT)
Winning score (between 0 and 1) : N=80, mean=0.5375 (+/-0.109946).
P1: N=40, mean=0.55 (+/-0.156136).
P2: N=40, mean=0.525 (+/-0.156726).
Game Durations: N=80, mean=68.6125 (+/-0.834965).
P1: N=40, mean=67.65 (+/-1.032711).
P2: N=40, mean=69.575 (+/-1.255158).
=====================================================
=====================================================
Completed 90 games.

Agent 1 (EntropySHUCTAnytime)
Winning score (between 0 and 1) : N=90, mean=0.455556 (+/-0.103466).
P1: N=45, mean=0.444444 (+/-0.146823).
P2: N=45, mean=0.466667 (+/-0.147409).
Game Durations: N=90, mean=68.555556 (+/-0.796914).
P1: N=45, mean=69.511111 (+/-1.142881).
P2: N=45, mean=67.6 (+/-1.050496).

Agent 2 (Example UCT)
Winning score (between 0 and 1) : N=90, mean=0.544444 (+/-0.103466).
P1: N=45, mean=0.533333 (+/-0.147409).
P2: N=45, mean=0.555556 (+/-0.146823).
Game Durations: N=90, mean=68.555556 (+/-0.796914).
P1: N=45, mean=67.6 (+/-1.050496).
P2: N=45, mean=69.511111 (+/-1.142881).
=====================================================
=====================================================
Completed 100 games.

Agent 1 (EntropySHUCTAnytime)
Winning score (between 0 and 1) : N=100, mean=0.46 (+/-0.098176).
P1: N=50, mean=0.44 (+/-0.138986).
P2: N=50, mean=0.48 (+/-0.139885).
Game Durations: N=100, mean=68.44 (+/-0.737213).
P1: N=50, mean=69.2 (+/-1.072784).
P2: N=50, mean=67.68 (+/-0.97708).

Agent 2 (Example UCT)
Winning score (between 0 and 1) : N=100, mean=0.54 (+/-0.098176).
P1: N=50, mean=0.52 (+/-0.139885).
P2: N=50, mean=0.56 (+/-0.138986).
Game Durations: N=100, mean=68.44 (+/-0.737213).
P1: N=50, mean=67.68 (+/-0.97708).
P2: N=50, mean=69.2 (+/-1.072784).
=====================================================
