Warming up...
Finished warming up!
=====================================================
Completed 1 games.

Agent 1 (EntropySHUCTAnytime)
Winning score (between 0 and 1) : N=1, mean=1 (+/-0).
P1: N=0, mean=0 (+/-0).
P2: N=1, mean=1 (+/-0).
Game Durations: N=1, mean=72 (+/-0).
P1: N=0, mean=0 (+/-0).
P2: N=1, mean=72 (+/-0).

Agent 2 (SHUCTAnyTime)
Winning score (between 0 and 1) : N=1, mean=0 (+/-0).
P1: N=1, mean=0 (+/-0).
P2: N=0, mean=0 (+/-0).
Game Durations: N=1, mean=72 (+/-0).
P1: N=1, mean=72 (+/-0).
P2: N=0, mean=0 (+/-0).
=====================================================
=====================================================
Completed 2 games.

Agent 1 (EntropySHUCTAnytime)
Winning score (between 0 and 1) : N=2, mean=0.5 (+/-0.97998).
P1: N=1, mean=0 (+/-0).
P2: N=1, mean=1 (+/-0).
Game Durations: N=2, mean=69 (+/-5.87988).
P1: N=1, mean=66 (+/-0).
P2: N=1, mean=72 (+/-0).

Agent 2 (SHUCTAnyTime)
Winning score (between 0 and 1) : N=2, mean=0.5 (+/-0.97998).
P1: N=1, mean=0 (+/-0).
P2: N=1, mean=1 (+/-0).
Game Durations: N=2, mean=69 (+/-5.87988).
P1: N=1, mean=72 (+/-0).
P2: N=1, mean=66 (+/-0).
=====================================================
=====================================================
Completed 3 games.

Agent 1 (EntropySHUCTAnytime)
Winning score (between 0 and 1) : N=3, mean=0.333333 (+/-0.65332).
P1: N=1, mean=0 (+/-0).
P2: N=2, mean=0.5 (+/-0.97998).
Game Durations: N=3, mean=69 (+/-3.39475).
P1: N=1, mean=66 (+/-0).
P2: N=2, mean=70.5 (+/-2.93994).

Agent 2 (SHUCTAnyTime)
Winning score (between 0 and 1) : N=3, mean=0.666667 (+/-0.65332).
P1: N=2, mean=0.5 (+/-0.97998).
P2: N=1, mean=1 (+/-0).
Game Durations: N=3, mean=69 (+/-3.39475).
P1: N=2, mean=70.5 (+/-2.93994).
P2: N=1, mean=66 (+/-0).
=====================================================
=====================================================
Completed 4 games.

Agent 1 (EntropySHUCTAnytime)
Winning score (between 0 and 1) : N=4, mean=0.5 (+/-0.565792).
P1: N=2, mean=0.5 (+/-0.97998).
P2: N=2, mean=0.5 (+/-0.97998).
Game Durations: N=4, mean=69 (+/-2.400451).
P1: N=2, mean=67.5 (+/-2.93994).
P2: N=2, mean=70.5 (+/-2.93994).

Agent 2 (SHUCTAnyTime)
Winning score (between 0 and 1) : N=4, mean=0.5 (+/-0.565792).
P1: N=2, mean=0.5 (+/-0.97998).
P2: N=2, mean=0.5 (+/-0.97998).
Game Durations: N=4, mean=69 (+/-2.400451).
P1: N=2, mean=70.5 (+/-2.93994).
P2: N=2, mean=67.5 (+/-2.93994).
=====================================================
=====================================================
Completed 5 games.

Agent 1 (EntropySHUCTAnytime)
Winning score (between 0 and 1) : N=5, mean=0.6 (+/-0.48009).
P1: N=2, mean=0.5 (+/-0.97998).
P2: N=3, mean=0.666667 (+/-0.65332).
Game Durations: N=5, mean=68 (+/-2.701618).
P1: N=2, mean=67.5 (+/-2.93994).
P2: N=3, mean=68.333333 (+/-4.57324).

Agent 2 (SHUCTAnyTime)
Winning score (between 0 and 1) : N=5, mean=0.4 (+/-0.48009).
P1: N=3, mean=0.333333 (+/-0.65332).
P2: N=2, mean=0.5 (+/-0.97998).
Game Durations: N=5, mean=68 (+/-2.701618).
P1: N=3, mean=68.333333 (+/-4.57324).
P2: N=2, mean=67.5 (+/-2.93994).
=====================================================
=====================================================
Completed 10 games.

Agent 1 (EntropySHUCTAnytime)
Winning score (between 0 and 1) : N=10, mean=0.5 (+/-0.32666).
P1: N=5, mean=0.4 (+/-0.48009).
P2: N=5, mean=0.6 (+/-0.48009).
Game Durations: N=10, mean=68.2 (+/-1.843243).
P1: N=5, mean=69.2 (+/-2.268818).
P2: N=5, mean=67.2 (+/-2.867174).

Agent 2 (SHUCTAnyTime)
Winning score (between 0 and 1) : N=10, mean=0.5 (+/-0.32666).
P1: N=5, mean=0.4 (+/-0.48009).
P2: N=5, mean=0.6 (+/-0.48009).
Game Durations: N=10, mean=68.2 (+/-1.843243).
P1: N=5, mean=67.2 (+/-2.867174).
P2: N=5, mean=69.2 (+/-2.268818).
=====================================================
=====================================================
Completed 20 games.

Agent 1 (EntropySHUCTAnytime)
Winning score (between 0 and 1) : N=20, mean=0.55 (+/-0.223696).
P1: N=10, mean=0.4 (+/-0.32006).
P2: N=10, mean=0.7 (+/-0.299389).
Game Durations: N=20, mean=69.45 (+/-1.573599).
P1: N=10, mean=69.8 (+/-2.061843).
P2: N=10, mean=69.1 (+/-2.469688).

Agent 2 (SHUCTAnyTime)
Winning score (between 0 and 1) : N=20, mean=0.45 (+/-0.223696).
P1: N=10, mean=0.3 (+/-0.299389).
P2: N=10, mean=0.6 (+/-0.32006).
Game Durations: N=20, mean=69.45 (+/-1.573599).
P1: N=10, mean=69.1 (+/-2.469688).
P2: N=10, mean=69.8 (+/-2.061843).
=====================================================
=====================================================
Completed 30 games.

Agent 1 (EntropySHUCTAnytime)
Winning score (between 0 and 1) : N=30, mean=0.566667 (+/-0.180353).
P1: N=15, mean=0.4 (+/-0.256619).
P2: N=15, mean=0.733333 (+/-0.231643).
Game Durations: N=30, mean=69.066667 (+/-1.225016).
P1: N=15, mean=69.866667 (+/-1.564074).
P2: N=15, mean=68.266667 (+/-1.849187).

Agent 2 (SHUCTAnyTime)
Winning score (between 0 and 1) : N=30, mean=0.433333 (+/-0.180353).
P1: N=15, mean=0.266667 (+/-0.231643).
P2: N=15, mean=0.6 (+/-0.256619).
Game Durations: N=30, mean=69.066667 (+/-1.225016).
P1: N=15, mean=68.266667 (+/-1.849187).
P2: N=15, mean=69.866667 (+/-1.564074).
=====================================================
=====================================================
Completed 40 games.

Agent 1 (EntropySHUCTAnytime)
Winning score (between 0 and 1) : N=40, mean=0.575 (+/-0.155147).
P1: N=20, mean=0.55 (+/-0.223696).
P2: N=20, mean=0.6 (+/-0.22028).
Game Durations: N=40, mean=68.525 (+/-1.259272).
P1: N=20, mean=68.45 (+/-1.851072).
P2: N=20, mean=68.6 (+/-1.755347).

Agent 2 (SHUCTAnyTime)
Winning score (between 0 and 1) : N=40, mean=0.425 (+/-0.155147).
P1: N=20, mean=0.4 (+/-0.22028).
P2: N=20, mean=0.45 (+/-0.223696).
Game Durations: N=40, mean=68.525 (+/-1.259272).
P1: N=20, mean=68.6 (+/-1.755347).
P2: N=20, mean=68.45 (+/-1.851072).
=====================================================
=====================================================
Completed 50 games.

Agent 1 (EntropySHUCTAnytime)
Winning score (between 0 and 1) : N=50, mean=0.58 (+/-0.138194).
P1: N=25, mean=0.52 (+/-0.199877).
P2: N=25, mean=0.64 (+/-0.192036).
Game Durations: N=50, mean=69 (+/-1.163914).
P1: N=25, mean=68.6 (+/-1.55978).
P2: N=25, mean=69.4 (+/-1.745722).

Agent 2 (SHUCTAnyTime)
Winning score (between 0 and 1) : N=50, mean=0.42 (+/-0.138194).
P1: N=25, mean=0.36 (+/-0.192036).
P2: N=25, mean=0.48 (+/-0.199877).
Game Durations: N=50, mean=69 (+/-1.163914).
P1: N=25, mean=69.4 (+/-1.745722).
P2: N=25, mean=68.6 (+/-1.55978).
=====================================================
=====================================================
Completed 60 games.

Agent 1 (EntropySHUCTAnytime)
Winning score (between 0 and 1) : N=60, mean=0.55 (+/-0.126943).
P1: N=30, mean=0.466667 (+/-0.181573).
P2: N=30, mean=0.633333 (+/-0.175388).
Game Durations: N=60, mean=69.116667 (+/-1.170326).
P1: N=30, mean=68.666667 (+/-1.407504).
P2: N=30, mean=69.566667 (+/-1.881062).

Agent 2 (SHUCTAnyTime)
Winning score (between 0 and 1) : N=60, mean=0.45 (+/-0.126943).
P1: N=30, mean=0.366667 (+/-0.175388).
P2: N=30, mean=0.533333 (+/-0.181573).
Game Durations: N=60, mean=69.116667 (+/-1.170326).
P1: N=30, mean=69.566667 (+/-1.881062).
P2: N=30, mean=68.666667 (+/-1.407504).
=====================================================
=====================================================
Completed 70 games.

Agent 1 (EntropySHUCTAnytime)
Winning score (between 0 and 1) : N=70, mean=0.542857 (+/-0.117542).
P1: N=35, mean=0.457143 (+/-0.167447).
P2: N=35, mean=0.628571 (+/-0.162414).
Game Durations: N=70, mean=69.128571 (+/-1.023).
P1: N=35, mean=68.8 (+/-1.272484).
P2: N=35, mean=69.457143 (+/-1.613712).

Agent 2 (SHUCTAnyTime)
Winning score (between 0 and 1) : N=70, mean=0.457143 (+/-0.117542).
P1: N=35, mean=0.371429 (+/-0.162414).
P2: N=35, mean=0.542857 (+/-0.167447).
Game Durations: N=70, mean=69.128571 (+/-1.023).
P1: N=35, mean=69.457143 (+/-1.613712).
P2: N=35, mean=68.8 (+/-1.272484).
=====================================================
=====================================================
Completed 80 games.

Agent 1 (EntropySHUCTAnytime)
Winning score (between 0 and 1) : N=80, mean=0.55 (+/-0.109704).
P1: N=40, mean=0.45 (+/-0.156136).
P2: N=40, mean=0.65 (+/-0.149694).
Game Durations: N=80, mean=69.375 (+/-0.946135).
P1: N=40, mean=69.1 (+/-1.209015).
P2: N=40, mean=69.65 (+/-1.46628).

Agent 2 (SHUCTAnyTime)
Winning score (between 0 and 1) : N=80, mean=0.45 (+/-0.109704).
P1: N=40, mean=0.35 (+/-0.149694).
P2: N=40, mean=0.55 (+/-0.156136).
Game Durations: N=80, mean=69.375 (+/-0.946135).
P1: N=40, mean=69.65 (+/-1.46628).
P2: N=40, mean=69.1 (+/-1.209015).
=====================================================
=====================================================
Completed 90 games.

Agent 1 (EntropySHUCTAnytime)
Winning score (between 0 and 1) : N=90, mean=0.511111 (+/-0.103852).
P1: N=45, mean=0.444444 (+/-0.146823).
P2: N=45, mean=0.577778 (+/-0.145939).
Game Durations: N=90, mean=69.455556 (+/-0.891258).
P1: N=45, mean=69.111111 (+/-1.104201).
P2: N=45, mean=69.8 (+/-1.404811).

Agent 2 (SHUCTAnyTime)
Winning score (between 0 and 1) : N=90, mean=0.488889 (+/-0.103852).
P1: N=45, mean=0.422222 (+/-0.145939).
P2: N=45, mean=0.555556 (+/-0.146823).
Game Durations: N=90, mean=69.455556 (+/-0.891258).
P1: N=45, mean=69.8 (+/-1.404811).
P2: N=45, mean=69.111111 (+/-1.104201).
=====================================================
=====================================================
Completed 100 games.

Agent 1 (EntropySHUCTAnytime)
Winning score (between 0 and 1) : N=100, mean=0.51 (+/-0.098472).
P1: N=50, mean=0.48 (+/-0.139885).
P2: N=50, mean=0.54 (+/-0.139548).
Game Durations: N=100, mean=69.37 (+/-0.839276).
P1: N=50, mean=69.28 (+/-1.043203).
P2: N=50, mean=69.46 (+/-1.325423).

Agent 2 (SHUCTAnyTime)
Winning score (between 0 and 1) : N=100, mean=0.49 (+/-0.098472).
P1: N=50, mean=0.46 (+/-0.139548).
P2: N=50, mean=0.52 (+/-0.139885).
Game Durations: N=100, mean=69.37 (+/-0.839276).
P1: N=50, mean=69.46 (+/-1.325423).
P2: N=50, mean=69.28 (+/-1.043203).
=====================================================
