Warming up...
Finished warming up!
=====================================================
Completed 1 games.

Agent 1 (DoubleIterRegressionTreeSHUCTAny)
Winning score (between 0 and 1) : N=1, mean=1 (+/-0).
P1: N=0, mean=0 (+/-0).
P2: N=1, mean=1 (+/-0).
Game Durations: N=1, mean=168 (+/-0).
P1: N=0, mean=0 (+/-0).
P2: N=1, mean=168 (+/-0).

Agent 2 (SHUCTAnyTime)
Winning score (between 0 and 1) : N=1, mean=0 (+/-0).
P1: N=1, mean=0 (+/-0).
P2: N=0, mean=0 (+/-0).
Game Durations: N=1, mean=168 (+/-0).
P1: N=1, mean=168 (+/-0).
P2: N=0, mean=0 (+/-0).
=====================================================
=====================================================
Completed 2 games.

Agent 1 (DoubleIterRegressionTreeSHUCTAny)
Winning score (between 0 and 1) : N=2, mean=1 (+/-0).
P1: N=1, mean=1 (+/-0).
P2: N=1, mean=1 (+/-0).
Game Durations: N=2, mean=169 (+/-1.95996).
P1: N=1, mean=170 (+/-0).
P2: N=1, mean=168 (+/-0).

Agent 2 (SHUCTAnyTime)
Winning score (between 0 and 1) : N=2, mean=0 (+/-0).
P1: N=1, mean=0 (+/-0).
P2: N=1, mean=0 (+/-0).
Game Durations: N=2, mean=169 (+/-1.95996).
P1: N=1, mean=168 (+/-0).
P2: N=1, mean=170 (+/-0).
=====================================================
=====================================================
Completed 3 games.

Agent 1 (DoubleIterRegressionTreeSHUCTAny)
Winning score (between 0 and 1) : N=3, mean=0.666667 (+/-0.65332).
P1: N=1, mean=1 (+/-0).
P2: N=2, mean=0.5 (+/-0.97998).
Game Durations: N=3, mean=162.666667 (+/-12.464551).
P1: N=1, mean=170 (+/-0).
P2: N=2, mean=159 (+/-17.63964).

Agent 2 (SHUCTAnyTime)
Winning score (between 0 and 1) : N=3, mean=0.333333 (+/-0.65332).
P1: N=2, mean=0.5 (+/-0.97998).
P2: N=1, mean=0 (+/-0).
Game Durations: N=3, mean=162.666667 (+/-12.464551).
P1: N=2, mean=159 (+/-17.63964).
P2: N=1, mean=170 (+/-0).
=====================================================
=====================================================
Completed 4 games.

Agent 1 (DoubleIterRegressionTreeSHUCTAny)
Winning score (between 0 and 1) : N=4, mean=0.75 (+/-0.48999).
P1: N=2, mean=1 (+/-0).
P2: N=2, mean=0.5 (+/-0.97998).
Game Durations: N=4, mean=161.5 (+/-9.105556).
P1: N=2, mean=164 (+/-11.75976).
P2: N=2, mean=159 (+/-17.63964).

Agent 2 (SHUCTAnyTime)
Winning score (between 0 and 1) : N=4, mean=0.25 (+/-0.48999).
P1: N=2, mean=0.5 (+/-0.97998).
P2: N=2, mean=0 (+/-0).
Game Durations: N=4, mean=161.5 (+/-9.105556).
P1: N=2, mean=159 (+/-17.63964).
P2: N=2, mean=164 (+/-11.75976).
=====================================================
=====================================================
Completed 5 games.

Agent 1 (DoubleIterRegressionTreeSHUCTAny)
Winning score (between 0 and 1) : N=5, mean=0.8 (+/-0.391992).
P1: N=2, mean=1 (+/-0).
P2: N=3, mean=0.666667 (+/-0.65332).
Game Durations: N=5, mean=161.2 (+/-7.0776).
P1: N=2, mean=164 (+/-11.75976).
P2: N=3, mean=159.333333 (+/-10.205185).

Agent 2 (SHUCTAnyTime)
Winning score (between 0 and 1) : N=5, mean=0.2 (+/-0.391992).
P1: N=3, mean=0.333333 (+/-0.65332).
P2: N=2, mean=0 (+/-0).
Game Durations: N=5, mean=161.2 (+/-7.0776).
P1: N=3, mean=159.333333 (+/-10.205185).
P2: N=2, mean=164 (+/-11.75976).
=====================================================
=====================================================
Completed 10 games.

Agent 1 (DoubleIterRegressionTreeSHUCTAny)
Winning score (between 0 and 1) : N=10, mean=0.7 (+/-0.299389).
P1: N=5, mean=0.8 (+/-0.391992).
P2: N=5, mean=0.6 (+/-0.48009).
Game Durations: N=10, mean=159.2 (+/-8.512236).
P1: N=5, mean=153.6 (+/-13.141967).
P2: N=5, mean=164.8 (+/-9.649693).

Agent 2 (SHUCTAnyTime)
Winning score (between 0 and 1) : N=10, mean=0.3 (+/-0.299389).
P1: N=5, mean=0.4 (+/-0.48009).
P2: N=5, mean=0.2 (+/-0.391992).
Game Durations: N=10, mean=159.2 (+/-8.512236).
P1: N=5, mean=164.8 (+/-9.649693).
P2: N=5, mean=153.6 (+/-13.141967).
=====================================================
=====================================================
Completed 20 games.

Agent 1 (DoubleIterRegressionTreeSHUCTAny)
Winning score (between 0 and 1) : N=20, mean=0.65 (+/-0.214467).
P1: N=10, mean=0.6 (+/-0.32006).
P2: N=10, mean=0.7 (+/-0.299389).
Game Durations: N=20, mean=156.9 (+/-7.461815).
P1: N=10, mean=152 (+/-12.491916).
P2: N=10, mean=161.8 (+/-7.651379).

Agent 2 (SHUCTAnyTime)
Winning score (between 0 and 1) : N=20, mean=0.35 (+/-0.214467).
P1: N=10, mean=0.3 (+/-0.299389).
P2: N=10, mean=0.4 (+/-0.32006).
Game Durations: N=20, mean=156.9 (+/-7.461815).
P1: N=10, mean=161.8 (+/-7.651379).
P2: N=10, mean=152 (+/-12.491916).
=====================================================
=====================================================
Completed 30 games.

Agent 1 (DoubleIterRegressionTreeSHUCTAny)
Winning score (between 0 and 1) : N=30, mean=0.6 (+/-0.178301).
P1: N=15, mean=0.6 (+/-0.256619).
P2: N=15, mean=0.6 (+/-0.256619).
Game Durations: N=30, mean=155.4 (+/-5.369299).
P1: N=15, mean=151.6 (+/-8.657696).
P2: N=15, mean=159.2 (+/-6.046148).

Agent 2 (SHUCTAnyTime)
Winning score (between 0 and 1) : N=30, mean=0.4 (+/-0.178301).
P1: N=15, mean=0.4 (+/-0.256619).
P2: N=15, mean=0.4 (+/-0.256619).
Game Durations: N=30, mean=155.4 (+/-5.369299).
P1: N=15, mean=159.2 (+/-6.046148).
P2: N=15, mean=151.6 (+/-8.657696).
=====================================================
=====================================================
Completed 40 games.

Agent 1 (DoubleIterRegressionTreeSHUCTAny)
Winning score (between 0 and 1) : N=40, mean=0.475 (+/-0.156726).
P1: N=20, mean=0.5 (+/-0.224823).
P2: N=20, mean=0.45 (+/-0.223696).
Game Durations: N=40, mean=152.95 (+/-4.800876).
P1: N=20, mean=151 (+/-7.29757).
P2: N=20, mean=154.9 (+/-6.310917).

Agent 2 (SHUCTAnyTime)
Winning score (between 0 and 1) : N=40, mean=0.525 (+/-0.156726).
P1: N=20, mean=0.55 (+/-0.223696).
P2: N=20, mean=0.5 (+/-0.224823).
Game Durations: N=40, mean=152.95 (+/-4.800876).
P1: N=20, mean=154.9 (+/-6.310917).
P2: N=20, mean=151 (+/-7.29757).
=====================================================
=====================================================
Completed 50 games.

Agent 1 (DoubleIterRegressionTreeSHUCTAny)
Winning score (between 0 and 1) : N=50, mean=0.46 (+/-0.139548).
P1: N=25, mean=0.44 (+/-0.198592).
P2: N=25, mean=0.48 (+/-0.199877).
Game Durations: N=50, mean=152.16 (+/-4.499242).
P1: N=25, mean=151.12 (+/-6.119262).
P2: N=25, mean=153.2 (+/-6.698362).

Agent 2 (SHUCTAnyTime)
Winning score (between 0 and 1) : N=50, mean=0.54 (+/-0.139548).
P1: N=25, mean=0.52 (+/-0.199877).
P2: N=25, mean=0.56 (+/-0.198592).
Game Durations: N=50, mean=152.16 (+/-4.499242).
P1: N=25, mean=153.2 (+/-6.698362).
P2: N=25, mean=151.12 (+/-6.119262).
=====================================================
=====================================================
Completed 60 games.

Agent 1 (DoubleIterRegressionTreeSHUCTAny)
Winning score (between 0 and 1) : N=60, mean=0.466667 (+/-0.127299).
P1: N=30, mean=0.466667 (+/-0.181573).
P2: N=30, mean=0.466667 (+/-0.181573).
Game Durations: N=60, mean=150.2 (+/-4.350994).
P1: N=30, mean=148.666667 (+/-6.530496).
P2: N=30, mean=151.733333 (+/-5.810332).

Agent 2 (SHUCTAnyTime)
Winning score (between 0 and 1) : N=60, mean=0.533333 (+/-0.127299).
P1: N=30, mean=0.533333 (+/-0.181573).
P2: N=30, mean=0.533333 (+/-0.181573).
Game Durations: N=60, mean=150.2 (+/-4.350994).
P1: N=30, mean=151.733333 (+/-5.810332).
P2: N=30, mean=148.666667 (+/-6.530496).
=====================================================
=====================================================
Completed 70 games.

Agent 1 (DoubleIterRegressionTreeSHUCTAny)
Winning score (between 0 and 1) : N=70, mean=0.457143 (+/-0.117542).
P1: N=35, mean=0.457143 (+/-0.167447).
P2: N=35, mean=0.457143 (+/-0.167447).
Game Durations: N=70, mean=149.685714 (+/-3.953566).
P1: N=35, mean=149.257143 (+/-5.906908).
P2: N=35, mean=150.114286 (+/-5.339395).

Agent 2 (SHUCTAnyTime)
Winning score (between 0 and 1) : N=70, mean=0.542857 (+/-0.117542).
P1: N=35, mean=0.542857 (+/-0.167447).
P2: N=35, mean=0.542857 (+/-0.167447).
Game Durations: N=70, mean=149.685714 (+/-3.953566).
P1: N=35, mean=150.114286 (+/-5.339395).
P2: N=35, mean=149.257143 (+/-5.906908).
=====================================================
=====================================================
Completed 80 games.

Agent 1 (DoubleIterRegressionTreeSHUCTAny)
Winning score (between 0 and 1) : N=80, mean=0.4375 (+/-0.109392).
P1: N=40, mean=0.45 (+/-0.156136).
P2: N=40, mean=0.425 (+/-0.155147).
Game Durations: N=80, mean=150.125 (+/-3.589243).
P1: N=40, mean=150.6 (+/-5.441746).
P2: N=40, mean=149.65 (+/-4.747025).

Agent 2 (SHUCTAnyTime)
Winning score (between 0 and 1) : N=80, mean=0.5625 (+/-0.109392).
P1: N=40, mean=0.575 (+/-0.155147).
P2: N=40, mean=0.55 (+/-0.156136).
Game Durations: N=80, mean=150.125 (+/-3.589243).
P1: N=40, mean=149.65 (+/-4.747025).
P2: N=40, mean=150.6 (+/-5.441746).
=====================================================
=====================================================
Completed 90 games.

Agent 1 (DoubleIterRegressionTreeSHUCTAny)
Winning score (between 0 and 1) : N=90, mean=0.455556 (+/-0.103466).
P1: N=45, mean=0.444444 (+/-0.146823).
P2: N=45, mean=0.466667 (+/-0.147409).
Game Durations: N=90, mean=150.622222 (+/-3.355473).
P1: N=45, mean=151.111111 (+/-4.979521).
P2: N=45, mean=150.133333 (+/-4.550956).

Agent 2 (SHUCTAnyTime)
Winning score (between 0 and 1) : N=90, mean=0.544444 (+/-0.103466).
P1: N=45, mean=0.533333 (+/-0.147409).
P2: N=45, mean=0.555556 (+/-0.146823).
Game Durations: N=90, mean=150.622222 (+/-3.355473).
P1: N=45, mean=150.133333 (+/-4.550956).
P2: N=45, mean=151.111111 (+/-4.979521).
=====================================================
=====================================================
Completed 100 games.

Agent 1 (DoubleIterRegressionTreeSHUCTAny)
Winning score (between 0 and 1) : N=100, mean=0.44 (+/-0.09778).
P1: N=50, mean=0.44 (+/-0.138986).
P2: N=50, mean=0.44 (+/-0.138986).
Game Durations: N=100, mean=151.08 (+/-3.166679).
P1: N=50, mean=151.92 (+/-4.739714).
P2: N=50, mean=150.24 (+/-4.236179).

Agent 2 (SHUCTAnyTime)
Winning score (between 0 and 1) : N=100, mean=0.56 (+/-0.09778).
P1: N=50, mean=0.56 (+/-0.138986).
P2: N=50, mean=0.56 (+/-0.138986).
Game Durations: N=100, mean=151.08 (+/-3.166679).
P1: N=50, mean=150.24 (+/-4.236179).
P2: N=50, mean=151.92 (+/-4.739714).
=====================================================
