Warming up...
Finished warming up!
=====================================================
Completed 1 games.

Agent 1 (EntropySHUCTAnytime)
Winning score (between 0 and 1) : N=1, mean=1 (+/-0).
P1: N=0, mean=0 (+/-0).
P2: N=1, mean=1 (+/-0).
Game Durations: N=1, mean=74 (+/-0).
P1: N=0, mean=0 (+/-0).
P2: N=1, mean=74 (+/-0).

Agent 2 (Example UCT)
Winning score (between 0 and 1) : N=1, mean=0 (+/-0).
P1: N=1, mean=0 (+/-0).
P2: N=0, mean=0 (+/-0).
Game Durations: N=1, mean=74 (+/-0).
P1: N=1, mean=74 (+/-0).
P2: N=0, mean=0 (+/-0).
=====================================================
=====================================================
Completed 2 games.

Agent 1 (EntropySHUCTAnytime)
Winning score (between 0 and 1) : N=2, mean=1 (+/-0).
P1: N=1, mean=1 (+/-0).
P2: N=1, mean=1 (+/-0).
Game Durations: N=2, mean=70.5 (+/-6.85986).
P1: N=1, mean=67 (+/-0).
P2: N=1, mean=74 (+/-0).

Agent 2 (Example UCT)
Winning score (between 0 and 1) : N=2, mean=0 (+/-0).
P1: N=1, mean=0 (+/-0).
P2: N=1, mean=0 (+/-0).
Game Durations: N=2, mean=70.5 (+/-6.85986).
P1: N=1, mean=74 (+/-0).
P2: N=1, mean=67 (+/-0).
=====================================================
=====================================================
Completed 3 games.

Agent 1 (EntropySHUCTAnytime)
Winning score (between 0 and 1) : N=3, mean=0.666667 (+/-0.65332).
P1: N=1, mean=1 (+/-0).
P2: N=2, mean=0.5 (+/-0.97998).
Game Durations: N=3, mean=69.333333 (+/-4.57324).
P1: N=1, mean=67 (+/-0).
P2: N=2, mean=70.5 (+/-6.85986).

Agent 2 (Example UCT)
Winning score (between 0 and 1) : N=3, mean=0.333333 (+/-0.65332).
P1: N=2, mean=0.5 (+/-0.97998).
P2: N=1, mean=0 (+/-0).
Game Durations: N=3, mean=69.333333 (+/-4.57324).
P1: N=2, mean=70.5 (+/-6.85986).
P2: N=1, mean=67 (+/-0).
=====================================================
=====================================================
Completed 4 games.

Agent 1 (EntropySHUCTAnytime)
Winning score (between 0 and 1) : N=4, mean=0.75 (+/-0.48999).
P1: N=2, mean=1 (+/-0).
P2: N=2, mean=0.5 (+/-0.97998).
Game Durations: N=4, mean=69.25 (+/-3.237891).
P1: N=2, mean=68 (+/-1.95996).
P2: N=2, mean=70.5 (+/-6.85986).

Agent 2 (Example UCT)
Winning score (between 0 and 1) : N=4, mean=0.25 (+/-0.48999).
P1: N=2, mean=0.5 (+/-0.97998).
P2: N=2, mean=0 (+/-0).
Game Durations: N=4, mean=69.25 (+/-3.237891).
P1: N=2, mean=70.5 (+/-6.85986).
P2: N=2, mean=68 (+/-1.95996).
=====================================================
=====================================================
Completed 5 games.

Agent 1 (EntropySHUCTAnytime)
Winning score (between 0 and 1) : N=5, mean=0.8 (+/-0.391992).
P1: N=2, mean=1 (+/-0).
P2: N=3, mean=0.666667 (+/-0.65332).
Game Durations: N=5, mean=69 (+/-2.555475).
P1: N=2, mean=68 (+/-1.95996).
P2: N=3, mean=69.666667 (+/-4.284106).

Agent 2 (Example UCT)
Winning score (between 0 and 1) : N=5, mean=0.2 (+/-0.391992).
P1: N=3, mean=0.333333 (+/-0.65332).
P2: N=2, mean=0 (+/-0).
Game Durations: N=5, mean=69 (+/-2.555475).
P1: N=3, mean=69.666667 (+/-4.284106).
P2: N=2, mean=68 (+/-1.95996).
=====================================================
=====================================================
Completed 10 games.

Agent 1 (EntropySHUCTAnytime)
Winning score (between 0 and 1) : N=10, mean=0.7 (+/-0.299389).
P1: N=5, mean=0.8 (+/-0.391992).
P2: N=5, mean=0.6 (+/-0.48009).
Game Durations: N=10, mean=70 (+/-2.355579).
P1: N=5, mean=70.8 (+/-3.635184).
P2: N=5, mean=69.2 (+/-3.244311).

Agent 2 (Example UCT)
Winning score (between 0 and 1) : N=10, mean=0.3 (+/-0.299389).
P1: N=5, mean=0.4 (+/-0.48009).
P2: N=5, mean=0.2 (+/-0.391992).
Game Durations: N=10, mean=70 (+/-2.355579).
P1: N=5, mean=69.2 (+/-3.244311).
P2: N=5, mean=70.8 (+/-3.635184).
=====================================================
=====================================================
Completed 20 games.

Agent 1 (EntropySHUCTAnytime)
Winning score (between 0 and 1) : N=20, mean=0.65 (+/-0.214467).
P1: N=10, mean=0.5 (+/-0.32666).
P2: N=10, mean=0.8 (+/-0.261328).
Game Durations: N=20, mean=69.05 (+/-1.920756).
P1: N=10, mean=69.7 (+/-3.008821).
P2: N=10, mean=68.4 (+/-2.482616).

Agent 2 (Example UCT)
Winning score (between 0 and 1) : N=20, mean=0.35 (+/-0.214467).
P1: N=10, mean=0.2 (+/-0.261328).
P2: N=10, mean=0.5 (+/-0.32666).
Game Durations: N=20, mean=69.05 (+/-1.920756).
P1: N=10, mean=68.4 (+/-2.482616).
P2: N=10, mean=69.7 (+/-3.008821).
=====================================================
=====================================================
Completed 30 games.

Agent 1 (EntropySHUCTAnytime)
Winning score (between 0 and 1) : N=30, mean=0.566667 (+/-0.180353).
P1: N=15, mean=0.533333 (+/-0.261328).
P2: N=15, mean=0.6 (+/-0.256619).
Game Durations: N=30, mean=69.6 (+/-1.383031).
P1: N=15, mean=70.4 (+/-2.170753).
P2: N=15, mean=68.8 (+/-1.691437).

Agent 2 (Example UCT)
Winning score (between 0 and 1) : N=30, mean=0.433333 (+/-0.180353).
P1: N=15, mean=0.4 (+/-0.256619).
P2: N=15, mean=0.466667 (+/-0.261328).
Game Durations: N=30, mean=69.6 (+/-1.383031).
P1: N=15, mean=68.8 (+/-1.691437).
P2: N=15, mean=70.4 (+/-2.170753).
=====================================================
=====================================================
Completed 40 games.

Agent 1 (EntropySHUCTAnytime)
Winning score (between 0 and 1) : N=40, mean=0.5 (+/-0.156922).
P1: N=20, mean=0.45 (+/-0.223696).
P2: N=20, mean=0.55 (+/-0.223696).
Game Durations: N=40, mean=69.55 (+/-1.146608).
P1: N=20, mean=70.35 (+/-1.794503).
P2: N=20, mean=68.75 (+/-1.384989).

Agent 2 (Example UCT)
Winning score (between 0 and 1) : N=40, mean=0.5 (+/-0.156922).
P1: N=20, mean=0.45 (+/-0.223696).
P2: N=20, mean=0.55 (+/-0.223696).
Game Durations: N=40, mean=69.55 (+/-1.146608).
P1: N=20, mean=68.75 (+/-1.384989).
P2: N=20, mean=70.35 (+/-1.794503).
=====================================================
=====================================================
Completed 50 games.

Agent 1 (EntropySHUCTAnytime)
Winning score (between 0 and 1) : N=50, mean=0.52 (+/-0.139885).
P1: N=25, mean=0.48 (+/-0.199877).
P2: N=25, mean=0.56 (+/-0.198592).
Game Durations: N=50, mean=69.74 (+/-1.141896).
P1: N=25, mean=70.56 (+/-1.616541).
P2: N=25, mean=68.92 (+/-1.579846).

Agent 2 (Example UCT)
Winning score (between 0 and 1) : N=50, mean=0.48 (+/-0.139885).
P1: N=25, mean=0.44 (+/-0.198592).
P2: N=25, mean=0.52 (+/-0.199877).
Game Durations: N=50, mean=69.74 (+/-1.141896).
P1: N=25, mean=68.92 (+/-1.579846).
P2: N=25, mean=70.56 (+/-1.616541).
=====================================================
=====================================================
Completed 60 games.

Agent 1 (EntropySHUCTAnytime)
Winning score (between 0 and 1) : N=60, mean=0.55 (+/-0.126943).
P1: N=30, mean=0.533333 (+/-0.181573).
P2: N=30, mean=0.566667 (+/-0.180353).
Game Durations: N=60, mean=69.983333 (+/-1.066915).
P1: N=30, mean=71.333333 (+/-1.495715).
P2: N=30, mean=68.633333 (+/-1.382658).

Agent 2 (Example UCT)
Winning score (between 0 and 1) : N=60, mean=0.45 (+/-0.126943).
P1: N=30, mean=0.433333 (+/-0.180353).
P2: N=30, mean=0.466667 (+/-0.181573).
Game Durations: N=60, mean=69.983333 (+/-1.066915).
P1: N=30, mean=68.633333 (+/-1.382658).
P2: N=30, mean=71.333333 (+/-1.495715).
=====================================================
=====================================================
Completed 70 games.

Agent 1 (EntropySHUCTAnytime)
Winning score (between 0 and 1) : N=70, mean=0.514286 (+/-0.117928).
P1: N=35, mean=0.485714 (+/-0.167997).
P2: N=35, mean=0.542857 (+/-0.167447).
Game Durations: N=70, mean=69.9 (+/-0.994801).
P1: N=35, mean=71.285714 (+/-1.357832).
P2: N=35, mean=68.514286 (+/-1.318756).

Agent 2 (Example UCT)
Winning score (between 0 and 1) : N=70, mean=0.485714 (+/-0.117928).
P1: N=35, mean=0.457143 (+/-0.167447).
P2: N=35, mean=0.514286 (+/-0.167997).
Game Durations: N=70, mean=69.9 (+/-0.994801).
P1: N=35, mean=68.514286 (+/-1.318756).
P2: N=35, mean=71.285714 (+/-1.357832).
=====================================================
=====================================================
Completed 80 games.

Agent 1 (EntropySHUCTAnytime)
Winning score (between 0 and 1) : N=80, mean=0.5375 (+/-0.109946).
P1: N=40, mean=0.525 (+/-0.156726).
P2: N=40, mean=0.55 (+/-0.156136).
Game Durations: N=80, mean=69.8375 (+/-0.933243).
P1: N=40, mean=70.825 (+/-1.318312).
P2: N=40, mean=68.85 (+/-1.264273).

Agent 2 (Example UCT)
Winning score (between 0 and 1) : N=80, mean=0.4625 (+/-0.109946).
P1: N=40, mean=0.45 (+/-0.156136).
P2: N=40, mean=0.475 (+/-0.156726).
Game Durations: N=80, mean=69.8375 (+/-0.933243).
P1: N=40, mean=68.85 (+/-1.264273).
P2: N=40, mean=70.825 (+/-1.318312).
=====================================================
=====================================================
Completed 90 games.

Agent 1 (EntropySHUCTAnytime)
Winning score (between 0 and 1) : N=90, mean=0.533333 (+/-0.103647).
P1: N=45, mean=0.488889 (+/-0.147701).
P2: N=45, mean=0.577778 (+/-0.145939).
Game Durations: N=90, mean=69.855556 (+/-0.874637).
P1: N=45, mean=70.711111 (+/-1.223237).
P2: N=45, mean=69 (+/-1.212688).

Agent 2 (Example UCT)
Winning score (between 0 and 1) : N=90, mean=0.466667 (+/-0.103647).
P1: N=45, mean=0.422222 (+/-0.145939).
P2: N=45, mean=0.511111 (+/-0.147701).
Game Durations: N=90, mean=69.855556 (+/-0.874637).
P1: N=45, mean=69 (+/-1.212688).
P2: N=45, mean=70.711111 (+/-1.223237).
=====================================================
=====================================================
Completed 100 games.

Agent 1 (EntropySHUCTAnytime)
Winning score (between 0 and 1) : N=100, mean=0.52 (+/-0.098413).
P1: N=50, mean=0.48 (+/-0.139885).
P2: N=50, mean=0.56 (+/-0.138986).
Game Durations: N=100, mean=69.82 (+/-0.795472).
P1: N=50, mean=70.64 (+/-1.108381).
P2: N=50, mean=69 (+/-1.105889).

Agent 2 (Example UCT)
Winning score (between 0 and 1) : N=100, mean=0.48 (+/-0.098413).
P1: N=50, mean=0.44 (+/-0.138986).
P2: N=50, mean=0.52 (+/-0.139885).
Game Durations: N=100, mean=69.82 (+/-0.795472).
P1: N=50, mean=69 (+/-1.105889).
P2: N=50, mean=70.64 (+/-1.108381).
=====================================================
