Warming up...
Finished warming up!
=====================================================
Completed 1 games.

Agent 1 (EntropySHUCTAnytime)
Winning score (between 0 and 1) : N=1, mean=1 (+/-0).
P1: N=1, mean=1 (+/-0).
P2: N=0, mean=0 (+/-0).
Game Durations: N=1, mean=73 (+/-0).
P1: N=1, mean=73 (+/-0).
P2: N=0, mean=0 (+/-0).

Agent 2 (Example UCT)
Winning score (between 0 and 1) : N=1, mean=0 (+/-0).
P1: N=0, mean=0 (+/-0).
P2: N=1, mean=0 (+/-0).
Game Durations: N=1, mean=73 (+/-0).
P1: N=0, mean=0 (+/-0).
P2: N=1, mean=73 (+/-0).
=====================================================
=====================================================
Completed 2 games.

Agent 1 (EntropySHUCTAnytime)
Winning score (between 0 and 1) : N=2, mean=1 (+/-0).
P1: N=1, mean=1 (+/-0).
P2: N=1, mean=1 (+/-0).
Game Durations: N=2, mean=72.5 (+/-0.97998).
P1: N=1, mean=73 (+/-0).
P2: N=1, mean=72 (+/-0).

Agent 2 (Example UCT)
Winning score (between 0 and 1) : N=2, mean=0 (+/-0).
P1: N=1, mean=0 (+/-0).
P2: N=1, mean=0 (+/-0).
Game Durations: N=2, mean=72.5 (+/-0.97998).
P1: N=1, mean=72 (+/-0).
P2: N=1, mean=73 (+/-0).
=====================================================
=====================================================
Completed 3 games.

Agent 1 (EntropySHUCTAnytime)
Winning score (between 0 and 1) : N=3, mean=1 (+/-0).
P1: N=2, mean=1 (+/-0).
P2: N=1, mean=1 (+/-0).
Game Durations: N=3, mean=72.666667 (+/-0.65332).
P1: N=2, mean=73 (+/-0).
P2: N=1, mean=72 (+/-0).

Agent 2 (Example UCT)
Winning score (between 0 and 1) : N=3, mean=0 (+/-0).
P1: N=1, mean=0 (+/-0).
P2: N=2, mean=0 (+/-0).
Game Durations: N=3, mean=72.666667 (+/-0.65332).
P1: N=1, mean=72 (+/-0).
P2: N=2, mean=73 (+/-0).
=====================================================
=====================================================
Completed 4 games.

Agent 1 (EntropySHUCTAnytime)
Winning score (between 0 and 1) : N=4, mean=1 (+/-0).
P1: N=2, mean=1 (+/-0).
P2: N=2, mean=1 (+/-0).
Game Durations: N=4, mean=72.5 (+/-0.565792).
P1: N=2, mean=73 (+/-0).
P2: N=2, mean=72 (+/-0).

Agent 2 (Example UCT)
Winning score (between 0 and 1) : N=4, mean=0 (+/-0).
P1: N=2, mean=0 (+/-0).
P2: N=2, mean=0 (+/-0).
Game Durations: N=4, mean=72.5 (+/-0.565792).
P1: N=2, mean=72 (+/-0).
P2: N=2, mean=73 (+/-0).
=====================================================
=====================================================
Completed 5 games.

Agent 1 (EntropySHUCTAnytime)
Winning score (between 0 and 1) : N=5, mean=1 (+/-0).
P1: N=3, mean=1 (+/-0).
P2: N=2, mean=1 (+/-0).
Game Durations: N=5, mean=73.8 (+/-2.585365).
P1: N=3, mean=75 (+/-3.91992).
P2: N=2, mean=72 (+/-0).

Agent 2 (Example UCT)
Winning score (between 0 and 1) : N=5, mean=0 (+/-0).
P1: N=2, mean=0 (+/-0).
P2: N=3, mean=0 (+/-0).
Game Durations: N=5, mean=73.8 (+/-2.585365).
P1: N=2, mean=72 (+/-0).
P2: N=3, mean=75 (+/-3.91992).
=====================================================
=====================================================
Completed 10 games.

Agent 1 (EntropySHUCTAnytime)
Winning score (between 0 and 1) : N=10, mean=0.6 (+/-0.32006).
P1: N=5, mean=0.8 (+/-0.391992).
P2: N=5, mean=0.4 (+/-0.48009).
Game Durations: N=10, mean=71.3 (+/-2.167802).
P1: N=5, mean=72.8 (+/-3.417307).
P2: N=5, mean=69.8 (+/-2.268818).

Agent 2 (Example UCT)
Winning score (between 0 and 1) : N=10, mean=0.4 (+/-0.32006).
P1: N=5, mean=0.6 (+/-0.48009).
P2: N=5, mean=0.2 (+/-0.391992).
Game Durations: N=10, mean=71.3 (+/-2.167802).
P1: N=5, mean=69.8 (+/-2.268818).
P2: N=5, mean=72.8 (+/-3.417307).
=====================================================
=====================================================
Completed 20 games.

Agent 1 (EntropySHUCTAnytime)
Winning score (between 0 and 1) : N=20, mean=0.55 (+/-0.223696).
P1: N=10, mean=0.6 (+/-0.32006).
P2: N=10, mean=0.5 (+/-0.32666).
Game Durations: N=20, mean=70.65 (+/-1.472718).
P1: N=10, mean=70.8 (+/-2.333734).
P2: N=10, mean=70.5 (+/-1.921472).

Agent 2 (Example UCT)
Winning score (between 0 and 1) : N=20, mean=0.45 (+/-0.223696).
P1: N=10, mean=0.5 (+/-0.32666).
P2: N=10, mean=0.4 (+/-0.32006).
Game Durations: N=20, mean=70.65 (+/-1.472718).
P1: N=10, mean=70.5 (+/-1.921472).
P2: N=10, mean=70.8 (+/-2.333734).
=====================================================
=====================================================
Completed 30 games.

Agent 1 (EntropySHUCTAnytime)
Winning score (between 0 and 1) : N=30, mean=0.566667 (+/-0.180353).
P1: N=15, mean=0.666667 (+/-0.246932).
P2: N=15, mean=0.466667 (+/-0.261328).
Game Durations: N=30, mean=69.6 (+/-1.402055).
P1: N=15, mean=70.4 (+/-1.891568).
P2: N=15, mean=68.8 (+/-2.052952).

Agent 2 (Example UCT)
Winning score (between 0 and 1) : N=30, mean=0.433333 (+/-0.180353).
P1: N=15, mean=0.533333 (+/-0.261328).
P2: N=15, mean=0.333333 (+/-0.246932).
Game Durations: N=30, mean=69.6 (+/-1.402055).
P1: N=15, mean=68.8 (+/-2.052952).
P2: N=15, mean=70.4 (+/-1.891568).
=====================================================
=====================================================
Completed 40 games.

Agent 1 (EntropySHUCTAnytime)
Winning score (between 0 and 1) : N=40, mean=0.625 (+/-0.151939).
P1: N=20, mean=0.7 (+/-0.206054).
P2: N=20, mean=0.55 (+/-0.223696).
Game Durations: N=40, mean=69.475 (+/-1.223567).
P1: N=20, mean=69.7 (+/-1.694991).
P2: N=20, mean=69.25 (+/-1.803494).

Agent 2 (Example UCT)
Winning score (between 0 and 1) : N=40, mean=0.375 (+/-0.151939).
P1: N=20, mean=0.45 (+/-0.223696).
P2: N=20, mean=0.3 (+/-0.206054).
Game Durations: N=40, mean=69.475 (+/-1.223567).
P1: N=20, mean=69.25 (+/-1.803494).
P2: N=20, mean=69.7 (+/-1.694991).
=====================================================
=====================================================
Completed 50 games.

Agent 1 (EntropySHUCTAnytime)
Winning score (between 0 and 1) : N=50, mean=0.56 (+/-0.138986).
P1: N=25, mean=0.6 (+/-0.195996).
P2: N=25, mean=0.52 (+/-0.199877).
Game Durations: N=50, mean=69.54 (+/-1.074551).
P1: N=25, mean=69.56 (+/-1.390881).
P2: N=25, mean=69.52 (+/-1.667387).

Agent 2 (Example UCT)
Winning score (between 0 and 1) : N=50, mean=0.44 (+/-0.138986).
P1: N=25, mean=0.48 (+/-0.199877).
P2: N=25, mean=0.4 (+/-0.195996).
Game Durations: N=50, mean=69.54 (+/-1.074551).
P1: N=25, mean=69.52 (+/-1.667387).
P2: N=25, mean=69.56 (+/-1.390881).
=====================================================
=====================================================
Completed 60 games.

Agent 1 (EntropySHUCTAnytime)
Winning score (between 0 and 1) : N=60, mean=0.533333 (+/-0.127299).
P1: N=30, mean=0.566667 (+/-0.180353).
P2: N=30, mean=0.5 (+/-0.181978).
Game Durations: N=60, mean=69.6 (+/-0.985171).
P1: N=30, mean=69.7 (+/-1.36552).
P2: N=30, mean=69.5 (+/-1.442874).

Agent 2 (Example UCT)
Winning score (between 0 and 1) : N=60, mean=0.466667 (+/-0.127299).
P1: N=30, mean=0.5 (+/-0.181978).
P2: N=30, mean=0.433333 (+/-0.180353).
Game Durations: N=60, mean=69.6 (+/-0.985171).
P1: N=30, mean=69.5 (+/-1.442874).
P2: N=30, mean=69.7 (+/-1.36552).
=====================================================
=====================================================
Completed 70 games.

Agent 1 (EntropySHUCTAnytime)
Winning score (between 0 and 1) : N=70, mean=0.528571 (+/-0.117783).
P1: N=35, mean=0.6 (+/-0.16467).
P2: N=35, mean=0.457143 (+/-0.167447).
Game Durations: N=70, mean=69.4 (+/-0.912442).
P1: N=35, mean=69.285714 (+/-1.289548).
P2: N=35, mean=69.514286 (+/-1.308928).

Agent 2 (Example UCT)
Winning score (between 0 and 1) : N=70, mean=0.471429 (+/-0.117783).
P1: N=35, mean=0.542857 (+/-0.167447).
P2: N=35, mean=0.4 (+/-0.16467).
Game Durations: N=70, mean=69.4 (+/-0.912442).
P1: N=35, mean=69.514286 (+/-1.308928).
P2: N=35, mean=69.285714 (+/-1.289548).
=====================================================
=====================================================
Completed 80 games.

Agent 1 (EntropySHUCTAnytime)
Winning score (between 0 and 1) : N=80, mean=0.525 (+/-0.110118).
P1: N=40, mean=0.575 (+/-0.155147).
P2: N=40, mean=0.475 (+/-0.156726).
Game Durations: N=80, mean=69.4 (+/-0.858018).
P1: N=40, mean=69.225 (+/-1.246496).
P2: N=40, mean=69.575 (+/-1.192791).

Agent 2 (Example UCT)
Winning score (between 0 and 1) : N=80, mean=0.475 (+/-0.110118).
P1: N=40, mean=0.525 (+/-0.156726).
P2: N=40, mean=0.425 (+/-0.155147).
Game Durations: N=80, mean=69.4 (+/-0.858018).
P1: N=40, mean=69.575 (+/-1.192791).
P2: N=40, mean=69.225 (+/-1.246496).
=====================================================
=====================================================
Completed 90 games.

Agent 1 (EntropySHUCTAnytime)
Winning score (between 0 and 1) : N=90, mean=0.511111 (+/-0.103852).
P1: N=45, mean=0.577778 (+/-0.145939).
P2: N=45, mean=0.444444 (+/-0.146823).
Game Durations: N=90, mean=69.566667 (+/-0.805854).
P1: N=45, mean=69.466667 (+/-1.163036).
P2: N=45, mean=69.666667 (+/-1.128149).

Agent 2 (Example UCT)
Winning score (between 0 and 1) : N=90, mean=0.488889 (+/-0.103852).
P1: N=45, mean=0.555556 (+/-0.146823).
P2: N=45, mean=0.422222 (+/-0.145939).
Game Durations: N=90, mean=69.566667 (+/-0.805854).
P1: N=45, mean=69.666667 (+/-1.128149).
P2: N=45, mean=69.466667 (+/-1.163036).
=====================================================
=====================================================
Completed 100 games.

Agent 1 (EntropySHUCTAnytime)
Winning score (between 0 and 1) : N=100, mean=0.51 (+/-0.098472).
P1: N=50, mean=0.56 (+/-0.138986).
P2: N=50, mean=0.46 (+/-0.139548).
Game Durations: N=100, mean=69.99 (+/-0.782743).
P1: N=50, mean=69.96 (+/-1.142102).
P2: N=50, mean=70.02 (+/-1.082228).

Agent 2 (Example UCT)
Winning score (between 0 and 1) : N=100, mean=0.49 (+/-0.098472).
P1: N=50, mean=0.54 (+/-0.139548).
P2: N=50, mean=0.44 (+/-0.138986).
Game Durations: N=100, mean=69.99 (+/-0.782743).
P1: N=50, mean=70.02 (+/-1.082228).
P2: N=50, mean=69.96 (+/-1.142102).
=====================================================
