Warming up...
Finished warming up!
=====================================================
Completed 1 games.

Agent 1 (EntropySHUCTAnytime)
Winning score (between 0 and 1) : N=1, mean=0 (+/-0).
P1: N=1, mean=0 (+/-0).
P2: N=0, mean=0 (+/-0).
Game Durations: N=1, mean=70 (+/-0).
P1: N=1, mean=70 (+/-0).
P2: N=0, mean=0 (+/-0).

Agent 2 (Example UCT)
Winning score (between 0 and 1) : N=1, mean=1 (+/-0).
P1: N=0, mean=0 (+/-0).
P2: N=1, mean=1 (+/-0).
Game Durations: N=1, mean=70 (+/-0).
P1: N=0, mean=0 (+/-0).
P2: N=1, mean=70 (+/-0).
=====================================================
=====================================================
Completed 2 games.

Agent 1 (EntropySHUCTAnytime)
Winning score (between 0 and 1) : N=2, mean=0 (+/-0).
P1: N=1, mean=0 (+/-0).
P2: N=1, mean=0 (+/-0).
Game Durations: N=2, mean=70.5 (+/-0.97998).
P1: N=1, mean=70 (+/-0).
P2: N=1, mean=71 (+/-0).

Agent 2 (Example UCT)
Winning score (between 0 and 1) : N=2, mean=1 (+/-0).
P1: N=1, mean=1 (+/-0).
P2: N=1, mean=1 (+/-0).
Game Durations: N=2, mean=70.5 (+/-0.97998).
P1: N=1, mean=71 (+/-0).
P2: N=1, mean=70 (+/-0).
=====================================================
=====================================================
Completed 3 games.

Agent 1 (EntropySHUCTAnytime)
Winning score (between 0 and 1) : N=3, mean=0 (+/-0).
P1: N=2, mean=0 (+/-0).
P2: N=1, mean=0 (+/-0).
Game Durations: N=3, mean=70.333333 (+/-0.65332).
P1: N=2, mean=70 (+/-0).
P2: N=1, mean=71 (+/-0).

Agent 2 (Example UCT)
Winning score (between 0 and 1) : N=3, mean=1 (+/-0).
P1: N=1, mean=1 (+/-0).
P2: N=2, mean=1 (+/-0).
Game Durations: N=3, mean=70.333333 (+/-0.65332).
P1: N=1, mean=71 (+/-0).
P2: N=2, mean=70 (+/-0).
=====================================================
=====================================================
Completed 4 games.

Agent 1 (EntropySHUCTAnytime)
Winning score (between 0 and 1) : N=4, mean=0 (+/-0).
P1: N=2, mean=0 (+/-0).
P2: N=2, mean=0 (+/-0).
Game Durations: N=4, mean=70.5 (+/-0.565792).
P1: N=2, mean=70 (+/-0).
P2: N=2, mean=71 (+/-0).

Agent 2 (Example UCT)
Winning score (between 0 and 1) : N=4, mean=1 (+/-0).
P1: N=2, mean=1 (+/-0).
P2: N=2, mean=1 (+/-0).
Game Durations: N=4, mean=70.5 (+/-0.565792).
P1: N=2, mean=71 (+/-0).
P2: N=2, mean=70 (+/-0).
=====================================================
=====================================================
Completed 5 games.

Agent 1 (EntropySHUCTAnytime)
Winning score (between 0 and 1) : N=5, mean=0.2 (+/-0.391992).
P1: N=3, mean=0.333333 (+/-0.65332).
P2: N=2, mean=0 (+/-0).
Game Durations: N=5, mean=71 (+/-1.073514).
P1: N=3, mean=71 (+/-1.95996).
P2: N=2, mean=71 (+/-0).

Agent 2 (Example UCT)
Winning score (between 0 and 1) : N=5, mean=0.8 (+/-0.391992).
P1: N=2, mean=1 (+/-0).
P2: N=3, mean=0.666667 (+/-0.65332).
Game Durations: N=5, mean=71 (+/-1.073514).
P1: N=2, mean=71 (+/-0).
P2: N=3, mean=71 (+/-1.95996).
=====================================================
=====================================================
Completed 10 games.

Agent 1 (EntropySHUCTAnytime)
Winning score (between 0 and 1) : N=10, mean=0.3 (+/-0.299389).
P1: N=5, mean=0.4 (+/-0.48009).
P2: N=5, mean=0.2 (+/-0.391992).
Game Durations: N=10, mean=68.6 (+/-2.090624).
P1: N=5, mean=69.6 (+/-2.946466).
P2: N=5, mean=67.6 (+/-3.010948).

Agent 2 (Example UCT)
Winning score (between 0 and 1) : N=10, mean=0.7 (+/-0.299389).
P1: N=5, mean=0.8 (+/-0.391992).
P2: N=5, mean=0.6 (+/-0.48009).
Game Durations: N=10, mean=68.6 (+/-2.090624).
P1: N=5, mean=67.6 (+/-3.010948).
P2: N=5, mean=69.6 (+/-2.946466).
=====================================================
=====================================================
Completed 20 games.

Agent 1 (EntropySHUCTAnytime)
Winning score (between 0 and 1) : N=20, mean=0.5 (+/-0.224823).
P1: N=10, mean=0.5 (+/-0.32666).
P2: N=10, mean=0.5 (+/-0.32666).
Game Durations: N=20, mean=69 (+/-1.198118).
P1: N=10, mean=69.5 (+/-1.58017).
P2: N=10, mean=68.5 (+/-1.830462).

Agent 2 (Example UCT)
Winning score (between 0 and 1) : N=20, mean=0.5 (+/-0.224823).
P1: N=10, mean=0.5 (+/-0.32666).
P2: N=10, mean=0.5 (+/-0.32666).
Game Durations: N=20, mean=69 (+/-1.198118).
P1: N=10, mean=68.5 (+/-1.830462).
P2: N=10, mean=69.5 (+/-1.58017).
=====================================================
=====================================================
Completed 30 games.

Agent 1 (EntropySHUCTAnytime)
Winning score (between 0 and 1) : N=30, mean=0.466667 (+/-0.181573).
P1: N=15, mean=0.4 (+/-0.256619).
P2: N=15, mean=0.533333 (+/-0.261328).
Game Durations: N=30, mean=69.366667 (+/-1.382658).
P1: N=15, mean=70.266667 (+/-1.799047).
P2: N=15, mean=68.466667 (+/-2.058884).

Agent 2 (Example UCT)
Winning score (between 0 and 1) : N=30, mean=0.533333 (+/-0.181573).
P1: N=15, mean=0.466667 (+/-0.261328).
P2: N=15, mean=0.6 (+/-0.256619).
Game Durations: N=30, mean=69.366667 (+/-1.382658).
P1: N=15, mean=68.466667 (+/-2.058884).
P2: N=15, mean=70.266667 (+/-1.799047).
=====================================================
=====================================================
Completed 40 games.

Agent 1 (EntropySHUCTAnytime)
Winning score (between 0 and 1) : N=40, mean=0.475 (+/-0.156726).
P1: N=20, mean=0.45 (+/-0.223696).
P2: N=20, mean=0.5 (+/-0.224823).
Game Durations: N=40, mean=69.775 (+/-1.220545).
P1: N=20, mean=70.95 (+/-1.726751).
P2: N=20, mean=68.6 (+/-1.604926).

Agent 2 (Example UCT)
Winning score (between 0 and 1) : N=40, mean=0.525 (+/-0.156726).
P1: N=20, mean=0.5 (+/-0.224823).
P2: N=20, mean=0.55 (+/-0.223696).
Game Durations: N=40, mean=69.775 (+/-1.220545).
P1: N=20, mean=68.6 (+/-1.604926).
P2: N=20, mean=70.95 (+/-1.726751).
=====================================================
=====================================================
Completed 50 games.

Agent 1 (EntropySHUCTAnytime)
Winning score (between 0 and 1) : N=50, mean=0.52 (+/-0.139885).
P1: N=25, mean=0.52 (+/-0.199877).
P2: N=25, mean=0.52 (+/-0.199877).
Game Durations: N=50, mean=69.7 (+/-1.062872).
P1: N=25, mean=70.68 (+/-1.495746).
P2: N=25, mean=68.72 (+/-1.438135).

Agent 2 (Example UCT)
Winning score (between 0 and 1) : N=50, mean=0.48 (+/-0.139885).
P1: N=25, mean=0.48 (+/-0.199877).
P2: N=25, mean=0.48 (+/-0.199877).
Game Durations: N=50, mean=69.7 (+/-1.062872).
P1: N=25, mean=68.72 (+/-1.438135).
P2: N=25, mean=70.68 (+/-1.495746).
=====================================================
=====================================================
Completed 60 games.

Agent 1 (EntropySHUCTAnytime)
Winning score (between 0 and 1) : N=60, mean=0.5 (+/-0.127583).
P1: N=30, mean=0.533333 (+/-0.181573).
P2: N=30, mean=0.466667 (+/-0.181573).
Game Durations: N=60, mean=69.533333 (+/-0.944992).
P1: N=30, mean=70.066667 (+/-1.348546).
P2: N=30, mean=69 (+/-1.318972).

Agent 2 (Example UCT)
Winning score (between 0 and 1) : N=60, mean=0.5 (+/-0.127583).
P1: N=30, mean=0.533333 (+/-0.181573).
P2: N=30, mean=0.466667 (+/-0.181573).
Game Durations: N=60, mean=69.533333 (+/-0.944992).
P1: N=30, mean=69 (+/-1.318972).
P2: N=30, mean=70.066667 (+/-1.348546).
=====================================================
=====================================================
Completed 70 games.

Agent 1 (EntropySHUCTAnytime)
Winning score (between 0 and 1) : N=70, mean=0.514286 (+/-0.117928).
P1: N=35, mean=0.514286 (+/-0.167997).
P2: N=35, mean=0.514286 (+/-0.167997).
Game Durations: N=70, mean=69.7 (+/-0.902759).
P1: N=35, mean=69.828571 (+/-1.251215).
P2: N=35, mean=69.571429 (+/-1.318546).

Agent 2 (Example UCT)
Winning score (between 0 and 1) : N=70, mean=0.485714 (+/-0.117928).
P1: N=35, mean=0.485714 (+/-0.167997).
P2: N=35, mean=0.485714 (+/-0.167997).
Game Durations: N=70, mean=69.7 (+/-0.902759).
P1: N=35, mean=69.571429 (+/-1.318546).
P2: N=35, mean=69.828571 (+/-1.251215).
=====================================================
=====================================================
Completed 80 games.

Agent 1 (EntropySHUCTAnytime)
Winning score (between 0 and 1) : N=80, mean=0.5 (+/-0.110256).
P1: N=40, mean=0.475 (+/-0.156726).
P2: N=40, mean=0.525 (+/-0.156726).
Game Durations: N=80, mean=69.725 (+/-0.828006).
P1: N=40, mean=69.775 (+/-1.191965).
P2: N=40, mean=69.675 (+/-1.164587).

Agent 2 (Example UCT)
Winning score (between 0 and 1) : N=80, mean=0.5 (+/-0.110256).
P1: N=40, mean=0.475 (+/-0.156726).
P2: N=40, mean=0.525 (+/-0.156726).
Game Durations: N=80, mean=69.725 (+/-0.828006).
P1: N=40, mean=69.675 (+/-1.164587).
P2: N=40, mean=69.775 (+/-1.191965).
=====================================================
=====================================================
Completed 90 games.

Agent 1 (EntropySHUCTAnytime)
Winning score (between 0 and 1) : N=90, mean=0.477778 (+/-0.103775).
P1: N=45, mean=0.488889 (+/-0.147701).
P2: N=45, mean=0.466667 (+/-0.147409).
Game Durations: N=90, mean=69.888889 (+/-0.784989).
P1: N=45, mean=70.133333 (+/-1.139443).
P2: N=45, mean=69.644444 (+/-1.088154).

Agent 2 (Example UCT)
Winning score (between 0 and 1) : N=90, mean=0.522222 (+/-0.103775).
P1: N=45, mean=0.533333 (+/-0.147409).
P2: N=45, mean=0.511111 (+/-0.147701).
Game Durations: N=90, mean=69.888889 (+/-0.784989).
P1: N=45, mean=69.644444 (+/-1.088154).
P2: N=45, mean=70.133333 (+/-1.139443).
=====================================================
=====================================================
Completed 100 games.

Agent 1 (EntropySHUCTAnytime)
Winning score (between 0 and 1) : N=100, mean=0.52 (+/-0.098413).
P1: N=50, mean=0.52 (+/-0.139885).
P2: N=50, mean=0.52 (+/-0.139885).
Game Durations: N=100, mean=69.92 (+/-0.748889).
P1: N=50, mean=70.36 (+/-1.094144).
P2: N=50, mean=69.48 (+/-1.019179).

Agent 2 (Example UCT)
Winning score (between 0 and 1) : N=100, mean=0.48 (+/-0.098413).
P1: N=50, mean=0.48 (+/-0.139885).
P2: N=50, mean=0.48 (+/-0.139885).
Game Durations: N=100, mean=69.92 (+/-0.748889).
P1: N=50, mean=69.48 (+/-1.019179).
P2: N=50, mean=70.36 (+/-1.094144).
=====================================================
