Warming up...
Finished warming up!
=====================================================
Completed 1 games.

Agent 1 (EntropySHUCTAnytime)
Winning score (between 0 and 1) : N=1, mean=1 (+/-0).
P1: N=1, mean=1 (+/-0).
P2: N=0, mean=0 (+/-0).
Game Durations: N=1, mean=73 (+/-0).
P1: N=1, mean=73 (+/-0).
P2: N=0, mean=0 (+/-0).

Agent 2 (Example UCT)
Winning score (between 0 and 1) : N=1, mean=0 (+/-0).
P1: N=0, mean=0 (+/-0).
P2: N=1, mean=0 (+/-0).
Game Durations: N=1, mean=73 (+/-0).
P1: N=0, mean=0 (+/-0).
P2: N=1, mean=73 (+/-0).
=====================================================
=====================================================
Completed 2 games.

Agent 1 (EntropySHUCTAnytime)
Winning score (between 0 and 1) : N=2, mean=1 (+/-0).
P1: N=1, mean=1 (+/-0).
P2: N=1, mean=1 (+/-0).
Game Durations: N=2, mean=73.5 (+/-0.97998).
P1: N=1, mean=73 (+/-0).
P2: N=1, mean=74 (+/-0).

Agent 2 (Example UCT)
Winning score (between 0 and 1) : N=2, mean=0 (+/-0).
P1: N=1, mean=0 (+/-0).
P2: N=1, mean=0 (+/-0).
Game Durations: N=2, mean=73.5 (+/-0.97998).
P1: N=1, mean=74 (+/-0).
P2: N=1, mean=73 (+/-0).
=====================================================
=====================================================
Completed 3 games.

Agent 1 (EntropySHUCTAnytime)
Winning score (between 0 and 1) : N=3, mean=0.666667 (+/-0.65332).
P1: N=2, mean=0.5 (+/-0.97998).
P2: N=1, mean=1 (+/-0).
Game Durations: N=3, mean=71 (+/-4.932458).
P1: N=2, mean=69.5 (+/-6.85986).
P2: N=1, mean=74 (+/-0).

Agent 2 (Example UCT)
Winning score (between 0 and 1) : N=3, mean=0.333333 (+/-0.65332).
P1: N=1, mean=0 (+/-0).
P2: N=2, mean=0.5 (+/-0.97998).
Game Durations: N=3, mean=71 (+/-4.932458).
P1: N=1, mean=74 (+/-0).
P2: N=2, mean=69.5 (+/-6.85986).
=====================================================
=====================================================
Completed 4 games.

Agent 1 (EntropySHUCTAnytime)
Winning score (between 0 and 1) : N=4, mean=0.5 (+/-0.565792).
P1: N=2, mean=0.5 (+/-0.97998).
P2: N=2, mean=0.5 (+/-0.97998).
Game Durations: N=4, mean=71 (+/-3.487774).
P1: N=2, mean=69.5 (+/-6.85986).
P2: N=2, mean=72.5 (+/-2.93994).

Agent 2 (Example UCT)
Winning score (between 0 and 1) : N=4, mean=0.5 (+/-0.565792).
P1: N=2, mean=0.5 (+/-0.97998).
P2: N=2, mean=0.5 (+/-0.97998).
Game Durations: N=4, mean=71 (+/-3.487774).
P1: N=2, mean=72.5 (+/-2.93994).
P2: N=2, mean=69.5 (+/-6.85986).
=====================================================
=====================================================
Completed 5 games.

Agent 1 (EntropySHUCTAnytime)
Winning score (between 0 and 1) : N=5, mean=0.4 (+/-0.48009).
P1: N=3, mean=0.333333 (+/-0.65332).
P2: N=2, mean=0.5 (+/-0.97998).
Game Durations: N=5, mean=70 (+/-3.337692).
P1: N=3, mean=68.333333 (+/-4.57324).
P2: N=2, mean=72.5 (+/-2.93994).

Agent 2 (Example UCT)
Winning score (between 0 and 1) : N=5, mean=0.6 (+/-0.48009).
P1: N=2, mean=0.5 (+/-0.97998).
P2: N=3, mean=0.666667 (+/-0.65332).
Game Durations: N=5, mean=70 (+/-3.337692).
P1: N=2, mean=72.5 (+/-2.93994).
P2: N=3, mean=68.333333 (+/-4.57324).
=====================================================
=====================================================
Completed 10 games.

Agent 1 (EntropySHUCTAnytime)
Winning score (between 0 and 1) : N=10, mean=0.4 (+/-0.32006).
P1: N=5, mean=0.6 (+/-0.48009).
P2: N=5, mean=0.2 (+/-0.391992).
Game Durations: N=10, mean=70.1 (+/-2.669034).
P1: N=5, mean=67.4 (+/-3.314593).
P2: N=5, mean=72.8 (+/-2.658619).

Agent 2 (Example UCT)
Winning score (between 0 and 1) : N=10, mean=0.6 (+/-0.32006).
P1: N=5, mean=0.8 (+/-0.391992).
P2: N=5, mean=0.4 (+/-0.48009).
Game Durations: N=10, mean=70.1 (+/-2.669034).
P1: N=5, mean=72.8 (+/-2.658619).
P2: N=5, mean=67.4 (+/-3.314593).
=====================================================
=====================================================
Completed 20 games.

Agent 1 (EntropySHUCTAnytime)
Winning score (between 0 and 1) : N=20, mean=0.5 (+/-0.224823).
P1: N=10, mean=0.6 (+/-0.32006).
P2: N=10, mean=0.4 (+/-0.32006).
Game Durations: N=20, mean=69.5 (+/-1.65516).
P1: N=10, mean=68.2 (+/-2.278205).
P2: N=10, mean=70.8 (+/-2.221288).

Agent 2 (Example UCT)
Winning score (between 0 and 1) : N=20, mean=0.5 (+/-0.224823).
P1: N=10, mean=0.6 (+/-0.32006).
P2: N=10, mean=0.4 (+/-0.32006).
Game Durations: N=20, mean=69.5 (+/-1.65516).
P1: N=10, mean=70.8 (+/-2.221288).
P2: N=10, mean=68.2 (+/-2.278205).
=====================================================
=====================================================
Completed 30 games.

Agent 1 (EntropySHUCTAnytime)
Winning score (between 0 and 1) : N=30, mean=0.533333 (+/-0.181573).
P1: N=15, mean=0.666667 (+/-0.246932).
P2: N=15, mean=0.4 (+/-0.256619).
Game Durations: N=30, mean=69.833333 (+/-1.535769).
P1: N=15, mean=68.266667 (+/-2.283017).
P2: N=15, mean=71.4 (+/-1.792255).

Agent 2 (Example UCT)
Winning score (between 0 and 1) : N=30, mean=0.466667 (+/-0.181573).
P1: N=15, mean=0.6 (+/-0.256619).
P2: N=15, mean=0.333333 (+/-0.246932).
Game Durations: N=30, mean=69.833333 (+/-1.535769).
P1: N=15, mean=71.4 (+/-1.792255).
P2: N=15, mean=68.266667 (+/-2.283017).
=====================================================
=====================================================
Completed 40 games.

Agent 1 (EntropySHUCTAnytime)
Winning score (between 0 and 1) : N=40, mean=0.525 (+/-0.156726).
P1: N=20, mean=0.65 (+/-0.214467).
P2: N=20, mean=0.4 (+/-0.22028).
Game Durations: N=40, mean=69.925 (+/-1.309879).
P1: N=20, mean=68.55 (+/-1.840117).
P2: N=20, mean=71.3 (+/-1.700945).

Agent 2 (Example UCT)
Winning score (between 0 and 1) : N=40, mean=0.475 (+/-0.156726).
P1: N=20, mean=0.6 (+/-0.22028).
P2: N=20, mean=0.35 (+/-0.214467).
Game Durations: N=40, mean=69.925 (+/-1.309879).
P1: N=20, mean=71.3 (+/-1.700945).
P2: N=20, mean=68.55 (+/-1.840117).
=====================================================
=====================================================
Completed 50 games.

Agent 1 (EntropySHUCTAnytime)
Winning score (between 0 and 1) : N=50, mean=0.54 (+/-0.139548).
P1: N=25, mean=0.64 (+/-0.192036).
P2: N=25, mean=0.44 (+/-0.198592).
Game Durations: N=50, mean=70 (+/-1.124169).
P1: N=25, mean=68.88 (+/-1.58551).
P2: N=25, mean=71.12 (+/-1.498312).

Agent 2 (Example UCT)
Winning score (between 0 and 1) : N=50, mean=0.46 (+/-0.139548).
P1: N=25, mean=0.56 (+/-0.198592).
P2: N=25, mean=0.36 (+/-0.192036).
Game Durations: N=50, mean=70 (+/-1.124169).
P1: N=25, mean=71.12 (+/-1.498312).
P2: N=25, mean=68.88 (+/-1.58551).
=====================================================
=====================================================
Completed 60 games.

Agent 1 (EntropySHUCTAnytime)
Winning score (between 0 and 1) : N=60, mean=0.516667 (+/-0.127512).
P1: N=30, mean=0.6 (+/-0.178301).
P2: N=30, mean=0.433333 (+/-0.180353).
Game Durations: N=60, mean=70.083333 (+/-1.049275).
P1: N=30, mean=69 (+/-1.555528).
P2: N=30, mean=71.166667 (+/-1.322594).

Agent 2 (Example UCT)
Winning score (between 0 and 1) : N=60, mean=0.483333 (+/-0.127512).
P1: N=30, mean=0.566667 (+/-0.180353).
P2: N=30, mean=0.4 (+/-0.178301).
Game Durations: N=60, mean=70.083333 (+/-1.049275).
P1: N=30, mean=71.166667 (+/-1.322594).
P2: N=30, mean=69 (+/-1.555528).
=====================================================
=====================================================
Completed 70 games.

Agent 1 (EntropySHUCTAnytime)
Winning score (between 0 and 1) : N=70, mean=0.528571 (+/-0.117783).
P1: N=35, mean=0.6 (+/-0.16467).
P2: N=35, mean=0.457143 (+/-0.167447).
Game Durations: N=70, mean=70.114286 (+/-0.958475).
P1: N=35, mean=69.057143 (+/-1.474915).
P2: N=35, mean=71.171429 (+/-1.140541).

Agent 2 (Example UCT)
Winning score (between 0 and 1) : N=70, mean=0.471429 (+/-0.117783).
P1: N=35, mean=0.542857 (+/-0.167447).
P2: N=35, mean=0.4 (+/-0.16467).
Game Durations: N=70, mean=70.114286 (+/-0.958475).
P1: N=35, mean=71.171429 (+/-1.140541).
P2: N=35, mean=69.057143 (+/-1.474915).
=====================================================
=====================================================
Completed 80 games.

Agent 1 (EntropySHUCTAnytime)
Winning score (between 0 and 1) : N=80, mean=0.5625 (+/-0.109392).
P1: N=40, mean=0.625 (+/-0.151939).
P2: N=40, mean=0.5 (+/-0.156922).
Game Durations: N=80, mean=70.2625 (+/-0.902315).
P1: N=40, mean=69.625 (+/-1.403008).
P2: N=40, mean=70.9 (+/-1.11801).

Agent 2 (Example UCT)
Winning score (between 0 and 1) : N=80, mean=0.4375 (+/-0.109392).
P1: N=40, mean=0.5 (+/-0.156922).
P2: N=40, mean=0.375 (+/-0.151939).
Game Durations: N=80, mean=70.2625 (+/-0.902315).
P1: N=40, mean=70.9 (+/-1.11801).
P2: N=40, mean=69.625 (+/-1.403008).
=====================================================
=====================================================
Completed 90 games.

Agent 1 (EntropySHUCTAnytime)
Winning score (between 0 and 1) : N=90, mean=0.555556 (+/-0.103234).
P1: N=45, mean=0.622222 (+/-0.143256).
P2: N=45, mean=0.488889 (+/-0.147701).
Game Durations: N=90, mean=70.055556 (+/-0.854558).
P1: N=45, mean=69.288889 (+/-1.348469).
P2: N=45, mean=70.822222 (+/-1.016497).

Agent 2 (Example UCT)
Winning score (between 0 and 1) : N=90, mean=0.444444 (+/-0.103234).
P1: N=45, mean=0.511111 (+/-0.147701).
P2: N=45, mean=0.377778 (+/-0.143256).
Game Durations: N=90, mean=70.055556 (+/-0.854558).
P1: N=45, mean=70.822222 (+/-1.016497).
P2: N=45, mean=69.288889 (+/-1.348469).
=====================================================
=====================================================
Completed 100 games.

Agent 1 (EntropySHUCTAnytime)
Winning score (between 0 and 1) : N=100, mean=0.55 (+/-0.097998).
P1: N=50, mean=0.64 (+/-0.134397).
P2: N=50, mean=0.46 (+/-0.139548).
Game Durations: N=100, mean=70.19 (+/-0.788768).
P1: N=50, mean=69.44 (+/-1.254874).
P2: N=50, mean=70.94 (+/-0.922555).

Agent 2 (Example UCT)
Winning score (between 0 and 1) : N=100, mean=0.45 (+/-0.097998).
P1: N=50, mean=0.54 (+/-0.139548).
P2: N=50, mean=0.36 (+/-0.134397).
Game Durations: N=100, mean=70.19 (+/-0.788768).
P1: N=50, mean=70.94 (+/-0.922555).
P2: N=50, mean=69.44 (+/-1.254874).
=====================================================
