Warming up...
Finished warming up!
=====================================================
Completed 1 games.

Agent 1 (EntropySHUCTAnytime)
Winning score (between 0 and 1) : N=1, mean=1 (+/-0).
P1: N=0, mean=0 (+/-0).
P2: N=1, mean=1 (+/-0).
Game Durations: N=1, mean=28 (+/-0).
P1: N=0, mean=0 (+/-0).
P2: N=1, mean=28 (+/-0).

Agent 2 (SHUCTAnyTime)
Winning score (between 0 and 1) : N=1, mean=0 (+/-0).
P1: N=1, mean=0 (+/-0).
P2: N=0, mean=0 (+/-0).
Game Durations: N=1, mean=28 (+/-0).
P1: N=1, mean=28 (+/-0).
P2: N=0, mean=0 (+/-0).
=====================================================
=====================================================
Completed 2 games.

Agent 1 (EntropySHUCTAnytime)
Winning score (between 0 and 1) : N=2, mean=1 (+/-0).
P1: N=1, mean=1 (+/-0).
P2: N=1, mean=1 (+/-0).
Game Durations: N=2, mean=29.5 (+/-2.93994).
P1: N=1, mean=31 (+/-0).
P2: N=1, mean=28 (+/-0).

Agent 2 (SHUCTAnyTime)
Winning score (between 0 and 1) : N=2, mean=0 (+/-0).
P1: N=1, mean=0 (+/-0).
P2: N=1, mean=0 (+/-0).
Game Durations: N=2, mean=29.5 (+/-2.93994).
P1: N=1, mean=28 (+/-0).
P2: N=1, mean=31 (+/-0).
=====================================================
=====================================================
Completed 3 games.

Agent 1 (EntropySHUCTAnytime)
Winning score (between 0 and 1) : N=3, mean=0.666667 (+/-0.65332).
P1: N=1, mean=1 (+/-0).
P2: N=2, mean=0.5 (+/-0.97998).
Game Durations: N=3, mean=24 (+/-10.912595).
P1: N=1, mean=31 (+/-0).
P2: N=2, mean=20.5 (+/-14.6997).

Agent 2 (SHUCTAnyTime)
Winning score (between 0 and 1) : N=3, mean=0.333333 (+/-0.65332).
P1: N=2, mean=0.5 (+/-0.97998).
P2: N=1, mean=0 (+/-0).
Game Durations: N=3, mean=24 (+/-10.912595).
P1: N=2, mean=20.5 (+/-14.6997).
P2: N=1, mean=31 (+/-0).
=====================================================
=====================================================
Completed 4 games.

Agent 1 (EntropySHUCTAnytime)
Winning score (between 0 and 1) : N=4, mean=0.75 (+/-0.48999).
P1: N=2, mean=1 (+/-0).
P2: N=2, mean=0.5 (+/-0.97998).
Game Durations: N=4, mean=25.25 (+/-8.095963).
P1: N=2, mean=30 (+/-1.95996).
P2: N=2, mean=20.5 (+/-14.6997).

Agent 2 (SHUCTAnyTime)
Winning score (between 0 and 1) : N=4, mean=0.25 (+/-0.48999).
P1: N=2, mean=0.5 (+/-0.97998).
P2: N=2, mean=0 (+/-0).
Game Durations: N=4, mean=25.25 (+/-8.095963).
P1: N=2, mean=20.5 (+/-14.6997).
P2: N=2, mean=30 (+/-1.95996).
=====================================================
=====================================================
Completed 5 games.

Agent 1 (EntropySHUCTAnytime)
Winning score (between 0 and 1) : N=5, mean=0.8 (+/-0.391992).
P1: N=2, mean=1 (+/-0).
P2: N=3, mean=0.666667 (+/-0.65332).
Game Durations: N=5, mean=27 (+/-7.14781).
P1: N=2, mean=30 (+/-1.95996).
P2: N=3, mean=25 (+/-12.239946).

Agent 2 (SHUCTAnyTime)
Winning score (between 0 and 1) : N=5, mean=0.2 (+/-0.391992).
P1: N=3, mean=0.333333 (+/-0.65332).
P2: N=2, mean=0 (+/-0).
Game Durations: N=5, mean=27 (+/-7.14781).
P1: N=3, mean=25 (+/-12.239946).
P2: N=2, mean=30 (+/-1.95996).
=====================================================
=====================================================
Completed 10 games.

Agent 1 (EntropySHUCTAnytime)
Winning score (between 0 and 1) : N=10, mean=0.7 (+/-0.299389).
P1: N=5, mean=0.8 (+/-0.391992).
P2: N=5, mean=0.6 (+/-0.48009).
Game Durations: N=10, mean=28.3 (+/-8.113014).
P1: N=5, mean=26.8 (+/-5.273713).
P2: N=5, mean=29.8 (+/-16.249948).

Agent 2 (SHUCTAnyTime)
Winning score (between 0 and 1) : N=10, mean=0.3 (+/-0.299389).
P1: N=5, mean=0.4 (+/-0.48009).
P2: N=5, mean=0.2 (+/-0.391992).
Game Durations: N=10, mean=28.3 (+/-8.113014).
P1: N=5, mean=29.8 (+/-16.249948).
P2: N=5, mean=26.8 (+/-5.273713).
=====================================================
=====================================================
Completed 20 games.

Agent 1 (EntropySHUCTAnytime)
Winning score (between 0 and 1) : N=20, mean=0.55 (+/-0.223696).
P1: N=10, mean=0.8 (+/-0.261328).
P2: N=10, mean=0.3 (+/-0.299389).
Game Durations: N=20, mean=24.9 (+/-5.094904).
P1: N=10, mean=24 (+/-5.11095).
P2: N=10, mean=25.8 (+/-9.098756).

Agent 2 (SHUCTAnyTime)
Winning score (between 0 and 1) : N=20, mean=0.45 (+/-0.223696).
P1: N=10, mean=0.7 (+/-0.299389).
P2: N=10, mean=0.2 (+/-0.261328).
Game Durations: N=20, mean=24.9 (+/-5.094904).
P1: N=10, mean=25.8 (+/-9.098756).
P2: N=10, mean=24 (+/-5.11095).
=====================================================
=====================================================
Completed 30 games.

Agent 1 (EntropySHUCTAnytime)
Winning score (between 0 and 1) : N=30, mean=0.433333 (+/-0.180353).
P1: N=15, mean=0.666667 (+/-0.246932).
P2: N=15, mean=0.2 (+/-0.209529).
Game Durations: N=30, mean=28.033333 (+/-4.876173).
P1: N=15, mean=30.066667 (+/-6.140016).
P2: N=15, mean=26 (+/-7.6509).

Agent 2 (SHUCTAnyTime)
Winning score (between 0 and 1) : N=30, mean=0.566667 (+/-0.180353).
P1: N=15, mean=0.8 (+/-0.209529).
P2: N=15, mean=0.333333 (+/-0.246932).
Game Durations: N=30, mean=28.033333 (+/-4.876173).
P1: N=15, mean=26 (+/-7.6509).
P2: N=15, mean=30.066667 (+/-6.140016).
=====================================================
=====================================================
Completed 40 games.

Agent 1 (EntropySHUCTAnytime)
Winning score (between 0 and 1) : N=40, mean=0.475 (+/-0.156726).
P1: N=20, mean=0.65 (+/-0.214467).
P2: N=20, mean=0.3 (+/-0.206054).
Game Durations: N=40, mean=26.775 (+/-4.233699).
P1: N=20, mean=28.65 (+/-6.109682).
P2: N=20, mean=24.9 (+/-5.902017).

Agent 2 (SHUCTAnyTime)
Winning score (between 0 and 1) : N=40, mean=0.525 (+/-0.156726).
P1: N=20, mean=0.7 (+/-0.206054).
P2: N=20, mean=0.35 (+/-0.214467).
Game Durations: N=40, mean=26.775 (+/-4.233699).
P1: N=20, mean=24.9 (+/-5.902017).
P2: N=20, mean=28.65 (+/-6.109682).
=====================================================
=====================================================
Completed 50 games.

Agent 1 (EntropySHUCTAnytime)
Winning score (between 0 and 1) : N=50, mean=0.46 (+/-0.139548).
P1: N=25, mean=0.64 (+/-0.192036).
P2: N=25, mean=0.28 (+/-0.179633).
Game Durations: N=50, mean=26.94 (+/-3.732403).
P1: N=25, mean=28.16 (+/-5.231882).
P2: N=25, mean=25.72 (+/-5.388429).

Agent 2 (SHUCTAnyTime)
Winning score (between 0 and 1) : N=50, mean=0.54 (+/-0.139548).
P1: N=25, mean=0.72 (+/-0.179633).
P2: N=25, mean=0.36 (+/-0.192036).
Game Durations: N=50, mean=26.94 (+/-3.732403).
P1: N=25, mean=25.72 (+/-5.388429).
P2: N=25, mean=28.16 (+/-5.231882).
=====================================================
=====================================================
Completed 60 games.

Agent 1 (EntropySHUCTAnytime)
Winning score (between 0 and 1) : N=60, mean=0.5 (+/-0.127583).
P1: N=30, mean=0.633333 (+/-0.175388).
P2: N=30, mean=0.366667 (+/-0.175388).
Game Durations: N=60, mean=27.516667 (+/-3.560594).
P1: N=30, mean=29.633333 (+/-5.381524).
P2: N=30, mean=25.4 (+/-4.630108).

Agent 2 (SHUCTAnyTime)
Winning score (between 0 and 1) : N=60, mean=0.5 (+/-0.127583).
P1: N=30, mean=0.633333 (+/-0.175388).
P2: N=30, mean=0.366667 (+/-0.175388).
Game Durations: N=60, mean=27.516667 (+/-3.560594).
P1: N=30, mean=25.4 (+/-4.630108).
P2: N=30, mean=29.633333 (+/-5.381524).
=====================================================
=====================================================
Completed 70 games.

Agent 1 (EntropySHUCTAnytime)
Winning score (between 0 and 1) : N=70, mean=0.5 (+/-0.117976).
P1: N=35, mean=0.657143 (+/-0.159549).
P2: N=35, mean=0.342857 (+/-0.159549).
Game Durations: N=70, mean=27.285714 (+/-3.291295).
P1: N=35, mean=29 (+/-4.934857).
P2: N=35, mean=25.571429 (+/-4.353253).

Agent 2 (SHUCTAnyTime)
Winning score (between 0 and 1) : N=70, mean=0.5 (+/-0.117976).
P1: N=35, mean=0.657143 (+/-0.159549).
P2: N=35, mean=0.342857 (+/-0.159549).
Game Durations: N=70, mean=27.285714 (+/-3.291295).
P1: N=35, mean=25.571429 (+/-4.353253).
P2: N=35, mean=29 (+/-4.934857).
=====================================================
=====================================================
Completed 80 games.

Agent 1 (EntropySHUCTAnytime)
Winning score (between 0 and 1) : N=80, mean=0.50625 (+/-0.109556).
P1: N=40, mean=0.6375 (+/-0.148818).
P2: N=40, mean=0.375 (+/-0.151939).
Game Durations: N=80, mean=27.8625 (+/-3.094208).
P1: N=40, mean=30 (+/-4.778796).
P2: N=40, mean=25.725 (+/-3.879499).

Agent 2 (SHUCTAnyTime)
Winning score (between 0 and 1) : N=80, mean=0.49375 (+/-0.109556).
P1: N=40, mean=0.625 (+/-0.151939).
P2: N=40, mean=0.3625 (+/-0.148818).
Game Durations: N=80, mean=27.8625 (+/-3.094208).
P1: N=40, mean=25.725 (+/-3.879499).
P2: N=40, mean=30 (+/-4.778796).
=====================================================
=====================================================
Completed 90 games.

Agent 1 (EntropySHUCTAnytime)
Winning score (between 0 and 1) : N=90, mean=0.522222 (+/-0.102613).
P1: N=45, mean=0.633333 (+/-0.140674).
P2: N=45, mean=0.411111 (+/-0.143706).
Game Durations: N=90, mean=28.655556 (+/-3.057317).
P1: N=45, mean=31.333333 (+/-4.634764).
P2: N=45, mean=25.977778 (+/-3.883366).

Agent 2 (SHUCTAnyTime)
Winning score (between 0 and 1) : N=90, mean=0.477778 (+/-0.102613).
P1: N=45, mean=0.588889 (+/-0.143706).
P2: N=45, mean=0.366667 (+/-0.140674).
Game Durations: N=90, mean=28.655556 (+/-3.057317).
P1: N=45, mean=25.977778 (+/-3.883366).
P2: N=45, mean=31.333333 (+/-4.634764).
=====================================================
=====================================================
Completed 100 games.

Agent 1 (EntropySHUCTAnytime)
Winning score (between 0 and 1) : N=100, mean=0.52 (+/-0.097422).
P1: N=50, mean=0.63 (+/-0.133725).
P2: N=50, mean=0.41 (+/-0.13628).
Game Durations: N=100, mean=28.37 (+/-2.951946).
P1: N=50, mean=30.64 (+/-4.482624).
P2: N=50, mean=26.1 (+/-3.782825).

Agent 2 (SHUCTAnyTime)
Winning score (between 0 and 1) : N=100, mean=0.48 (+/-0.097422).
P1: N=50, mean=0.59 (+/-0.13628).
P2: N=50, mean=0.37 (+/-0.133725).
Game Durations: N=100, mean=28.37 (+/-2.951946).
P1: N=50, mean=26.1 (+/-3.782825).
P2: N=50, mean=30.64 (+/-4.482624).
=====================================================
