Warming up...
Finished warming up!
=====================================================
Completed 1 games.

Agent 1 (EntropySHUCTAnytime)
Winning score (between 0 and 1) : N=1, mean=1 (+/-0).
P1: N=1, mean=1 (+/-0).
P2: N=0, mean=0 (+/-0).
Game Durations: N=1, mean=67 (+/-0).
P1: N=1, mean=67 (+/-0).
P2: N=0, mean=0 (+/-0).

Agent 2 (SHUCTAnyTime)
Winning score (between 0 and 1) : N=1, mean=0 (+/-0).
P1: N=0, mean=0 (+/-0).
P2: N=1, mean=0 (+/-0).
Game Durations: N=1, mean=67 (+/-0).
P1: N=0, mean=0 (+/-0).
P2: N=1, mean=67 (+/-0).
=====================================================
=====================================================
Completed 2 games.

Agent 1 (EntropySHUCTAnytime)
Winning score (between 0 and 1) : N=2, mean=1 (+/-0).
P1: N=1, mean=1 (+/-0).
P2: N=1, mean=1 (+/-0).
Game Durations: N=2, mean=67.5 (+/-0.97998).
P1: N=1, mean=67 (+/-0).
P2: N=1, mean=68 (+/-0).

Agent 2 (SHUCTAnyTime)
Winning score (between 0 and 1) : N=2, mean=0 (+/-0).
P1: N=1, mean=0 (+/-0).
P2: N=1, mean=0 (+/-0).
Game Durations: N=2, mean=67.5 (+/-0.97998).
P1: N=1, mean=68 (+/-0).
P2: N=1, mean=67 (+/-0).
=====================================================
=====================================================
Completed 3 games.

Agent 1 (EntropySHUCTAnytime)
Winning score (between 0 and 1) : N=3, mean=0.666667 (+/-0.65332).
P1: N=2, mean=0.5 (+/-0.97998).
P2: N=1, mean=1 (+/-0).
Game Durations: N=3, mean=68.333333 (+/-1.728522).
P1: N=2, mean=68.5 (+/-2.93994).
P2: N=1, mean=68 (+/-0).

Agent 2 (SHUCTAnyTime)
Winning score (between 0 and 1) : N=3, mean=0.333333 (+/-0.65332).
P1: N=1, mean=0 (+/-0).
P2: N=2, mean=0.5 (+/-0.97998).
Game Durations: N=3, mean=68.333333 (+/-1.728522).
P1: N=1, mean=68 (+/-0).
P2: N=2, mean=68.5 (+/-2.93994).
=====================================================
=====================================================
Completed 4 games.

Agent 1 (EntropySHUCTAnytime)
Winning score (between 0 and 1) : N=4, mean=0.5 (+/-0.565792).
P1: N=2, mean=0.5 (+/-0.97998).
P2: N=2, mean=0.5 (+/-0.97998).
Game Durations: N=4, mean=69 (+/-1.789191).
P1: N=2, mean=68.5 (+/-2.93994).
P2: N=2, mean=69.5 (+/-2.93994).

Agent 2 (SHUCTAnyTime)
Winning score (between 0 and 1) : N=4, mean=0.5 (+/-0.565792).
P1: N=2, mean=0.5 (+/-0.97998).
P2: N=2, mean=0.5 (+/-0.97998).
Game Durations: N=4, mean=69 (+/-1.789191).
P1: N=2, mean=69.5 (+/-2.93994).
P2: N=2, mean=68.5 (+/-2.93994).
=====================================================
=====================================================
Completed 5 games.

Agent 1 (EntropySHUCTAnytime)
Winning score (between 0 and 1) : N=5, mean=0.4 (+/-0.48009).
P1: N=3, mean=0.333333 (+/-0.65332).
P2: N=2, mean=0.5 (+/-0.97998).
Game Durations: N=5, mean=69.2 (+/-1.440271).
P1: N=3, mean=69 (+/-1.95996).
P2: N=2, mean=69.5 (+/-2.93994).

Agent 2 (SHUCTAnyTime)
Winning score (between 0 and 1) : N=5, mean=0.6 (+/-0.48009).
P1: N=2, mean=0.5 (+/-0.97998).
P2: N=3, mean=0.666667 (+/-0.65332).
Game Durations: N=5, mean=69.2 (+/-1.440271).
P1: N=2, mean=69.5 (+/-2.93994).
P2: N=3, mean=69 (+/-1.95996).
=====================================================
=====================================================
Completed 10 games.

Agent 1 (EntropySHUCTAnytime)
Winning score (between 0 and 1) : N=10, mean=0.4 (+/-0.32006).
P1: N=5, mean=0.4 (+/-0.48009).
P2: N=5, mean=0.4 (+/-0.48009).
Game Durations: N=10, mean=69.5 (+/-1.965397).
P1: N=5, mean=70 (+/-1.63982).
P2: N=5, mean=69 (+/-3.770058).

Agent 2 (SHUCTAnyTime)
Winning score (between 0 and 1) : N=10, mean=0.6 (+/-0.32006).
P1: N=5, mean=0.6 (+/-0.48009).
P2: N=5, mean=0.6 (+/-0.48009).
Game Durations: N=10, mean=69.5 (+/-1.965397).
P1: N=5, mean=69 (+/-3.770058).
P2: N=5, mean=70 (+/-1.63982).
=====================================================
=====================================================
Completed 20 games.

Agent 1 (EntropySHUCTAnytime)
Winning score (between 0 and 1) : N=20, mean=0.5 (+/-0.224823).
P1: N=10, mean=0.5 (+/-0.32666).
P2: N=10, mean=0.5 (+/-0.32666).
Game Durations: N=20, mean=69.7 (+/-1.408332).
P1: N=10, mean=70.7 (+/-1.849023).
P2: N=10, mean=68.7 (+/-2.025292).

Agent 2 (SHUCTAnyTime)
Winning score (between 0 and 1) : N=20, mean=0.5 (+/-0.224823).
P1: N=10, mean=0.5 (+/-0.32666).
P2: N=10, mean=0.5 (+/-0.32666).
Game Durations: N=20, mean=69.7 (+/-1.408332).
P1: N=10, mean=68.7 (+/-2.025292).
P2: N=10, mean=70.7 (+/-1.849023).
=====================================================
=====================================================
Completed 30 games.

Agent 1 (EntropySHUCTAnytime)
Winning score (between 0 and 1) : N=30, mean=0.533333 (+/-0.181573).
P1: N=15, mean=0.466667 (+/-0.261328).
P2: N=15, mean=0.6 (+/-0.256619).
Game Durations: N=30, mean=69.433333 (+/-1.245569).
P1: N=15, mean=70.2 (+/-1.924167).
P2: N=15, mean=68.666667 (+/-1.549976).

Agent 2 (SHUCTAnyTime)
Winning score (between 0 and 1) : N=30, mean=0.466667 (+/-0.181573).
P1: N=15, mean=0.4 (+/-0.256619).
P2: N=15, mean=0.533333 (+/-0.261328).
Game Durations: N=30, mean=69.433333 (+/-1.245569).
P1: N=15, mean=68.666667 (+/-1.549976).
P2: N=15, mean=70.2 (+/-1.924167).
=====================================================
=====================================================
Completed 40 games.

Agent 1 (EntropySHUCTAnytime)
Winning score (between 0 and 1) : N=40, mean=0.525 (+/-0.156726).
P1: N=20, mean=0.5 (+/-0.224823).
P2: N=20, mean=0.55 (+/-0.223696).
Game Durations: N=40, mean=70.075 (+/-1.254177).
P1: N=20, mean=70.4 (+/-1.702727).
P2: N=20, mean=69.75 (+/-1.874947).

Agent 2 (SHUCTAnyTime)
Winning score (between 0 and 1) : N=40, mean=0.475 (+/-0.156726).
P1: N=20, mean=0.45 (+/-0.223696).
P2: N=20, mean=0.5 (+/-0.224823).
Game Durations: N=40, mean=70.075 (+/-1.254177).
P1: N=20, mean=69.75 (+/-1.874947).
P2: N=20, mean=70.4 (+/-1.702727).
=====================================================
=====================================================
Completed 50 games.

Agent 1 (EntropySHUCTAnytime)
Winning score (between 0 and 1) : N=50, mean=0.44 (+/-0.138986).
P1: N=25, mean=0.4 (+/-0.195996).
P2: N=25, mean=0.48 (+/-0.199877).
Game Durations: N=50, mean=70.22 (+/-1.1063).
P1: N=25, mean=70.32 (+/-1.550393).
P2: N=25, mean=70.12 (+/-1.609556).

Agent 2 (SHUCTAnyTime)
Winning score (between 0 and 1) : N=50, mean=0.56 (+/-0.138986).
P1: N=25, mean=0.52 (+/-0.199877).
P2: N=25, mean=0.6 (+/-0.195996).
Game Durations: N=50, mean=70.22 (+/-1.1063).
P1: N=25, mean=70.12 (+/-1.609556).
P2: N=25, mean=70.32 (+/-1.550393).
=====================================================
=====================================================
Completed 60 games.

Agent 1 (EntropySHUCTAnytime)
Winning score (between 0 and 1) : N=60, mean=0.45 (+/-0.126943).
P1: N=30, mean=0.433333 (+/-0.180353).
P2: N=30, mean=0.466667 (+/-0.181573).
Game Durations: N=60, mean=70.383333 (+/-1.022882).
P1: N=30, mean=70.9 (+/-1.382232).
P2: N=30, mean=69.866667 (+/-1.508648).

Agent 2 (SHUCTAnyTime)
Winning score (between 0 and 1) : N=60, mean=0.55 (+/-0.126943).
P1: N=30, mean=0.533333 (+/-0.181573).
P2: N=30, mean=0.566667 (+/-0.180353).
Game Durations: N=60, mean=70.383333 (+/-1.022882).
P1: N=30, mean=69.866667 (+/-1.508648).
P2: N=30, mean=70.9 (+/-1.382232).
=====================================================
=====================================================
Completed 70 games.

Agent 1 (EntropySHUCTAnytime)
Winning score (between 0 and 1) : N=70, mean=0.442857 (+/-0.117203).
P1: N=35, mean=0.428571 (+/-0.166341).
P2: N=35, mean=0.457143 (+/-0.167447).
Game Durations: N=70, mean=70.428571 (+/-0.920402).
P1: N=35, mean=70.771429 (+/-1.288332).
P2: N=35, mean=70.085714 (+/-1.323643).

Agent 2 (SHUCTAnyTime)
Winning score (between 0 and 1) : N=70, mean=0.557143 (+/-0.117203).
P1: N=35, mean=0.542857 (+/-0.167447).
P2: N=35, mean=0.571429 (+/-0.166341).
Game Durations: N=70, mean=70.428571 (+/-0.920402).
P1: N=35, mean=70.085714 (+/-1.323643).
P2: N=35, mean=70.771429 (+/-1.288332).
=====================================================
=====================================================
Completed 80 games.

Agent 1 (EntropySHUCTAnytime)
Winning score (between 0 and 1) : N=80, mean=0.45 (+/-0.109704).
P1: N=40, mean=0.45 (+/-0.156136).
P2: N=40, mean=0.45 (+/-0.156136).
Game Durations: N=80, mean=70.375 (+/-0.883686).
P1: N=40, mean=70.75 (+/-1.250958).
P2: N=40, mean=70 (+/-1.253416).

Agent 2 (SHUCTAnyTime)
Winning score (between 0 and 1) : N=80, mean=0.55 (+/-0.109704).
P1: N=40, mean=0.55 (+/-0.156136).
P2: N=40, mean=0.55 (+/-0.156136).
Game Durations: N=80, mean=70.375 (+/-0.883686).
P1: N=40, mean=70 (+/-1.253416).
P2: N=40, mean=70.75 (+/-1.250958).
=====================================================
=====================================================
Completed 90 games.

Agent 1 (EntropySHUCTAnytime)
Winning score (between 0 and 1) : N=90, mean=0.466667 (+/-0.103647).
P1: N=45, mean=0.488889 (+/-0.147701).
P2: N=45, mean=0.444444 (+/-0.146823).
Game Durations: N=90, mean=70.366667 (+/-0.806092).
P1: N=45, mean=70.577778 (+/-1.154479).
P2: N=45, mean=70.155556 (+/-1.134931).

Agent 2 (SHUCTAnyTime)
Winning score (between 0 and 1) : N=90, mean=0.533333 (+/-0.103647).
P1: N=45, mean=0.555556 (+/-0.146823).
P2: N=45, mean=0.511111 (+/-0.147701).
Game Durations: N=90, mean=70.366667 (+/-0.806092).
P1: N=45, mean=70.155556 (+/-1.134931).
P2: N=45, mean=70.577778 (+/-1.154479).
=====================================================
=====================================================
Completed 100 games.

Agent 1 (EntropySHUCTAnytime)
Winning score (between 0 and 1) : N=100, mean=0.5 (+/-0.098492).
P1: N=50, mean=0.54 (+/-0.139548).
P2: N=50, mean=0.46 (+/-0.139548).
Game Durations: N=100, mean=70.3 (+/-0.767224).
P1: N=50, mean=70.66 (+/-1.083849).
P2: N=50, mean=69.94 (+/-1.087892).

Agent 2 (SHUCTAnyTime)
Winning score (between 0 and 1) : N=100, mean=0.5 (+/-0.098492).
P1: N=50, mean=0.54 (+/-0.139548).
P2: N=50, mean=0.46 (+/-0.139548).
Game Durations: N=100, mean=70.3 (+/-0.767224).
P1: N=50, mean=69.94 (+/-1.087892).
P2: N=50, mean=70.66 (+/-1.083849).
=====================================================
