Warming up...
Finished warming up!
=====================================================
Completed 1 games.

Agent 1 (EntropySHUCTAnytime)
Winning score (between 0 and 1) : N=1, mean=0 (+/-0).
P1: N=1, mean=0 (+/-0).
P2: N=0, mean=0 (+/-0).
Game Durations: N=1, mean=74 (+/-0).
P1: N=1, mean=74 (+/-0).
P2: N=0, mean=0 (+/-0).

Agent 2 (SHUCTAnyTime)
Winning score (between 0 and 1) : N=1, mean=1 (+/-0).
P1: N=0, mean=0 (+/-0).
P2: N=1, mean=1 (+/-0).
Game Durations: N=1, mean=74 (+/-0).
P1: N=0, mean=0 (+/-0).
P2: N=1, mean=74 (+/-0).
=====================================================
=====================================================
Completed 2 games.

Agent 1 (EntropySHUCTAnytime)
Winning score (between 0 and 1) : N=2, mean=0 (+/-0).
P1: N=1, mean=0 (+/-0).
P2: N=1, mean=0 (+/-0).
Game Durations: N=2, mean=73.5 (+/-0.97998).
P1: N=1, mean=74 (+/-0).
P2: N=1, mean=73 (+/-0).

Agent 2 (SHUCTAnyTime)
Winning score (between 0 and 1) : N=2, mean=1 (+/-0).
P1: N=1, mean=1 (+/-0).
P2: N=1, mean=1 (+/-0).
Game Durations: N=2, mean=73.5 (+/-0.97998).
P1: N=1, mean=73 (+/-0).
P2: N=1, mean=74 (+/-0).
=====================================================
=====================================================
Completed 3 games.

Agent 1 (EntropySHUCTAnytime)
Winning score (between 0 and 1) : N=3, mean=0.333333 (+/-0.65332).
P1: N=2, mean=0.5 (+/-0.97998).
P2: N=1, mean=0 (+/-0).
Game Durations: N=3, mean=71.333333 (+/-4.284106).
P1: N=2, mean=70.5 (+/-6.85986).
P2: N=1, mean=73 (+/-0).

Agent 2 (SHUCTAnyTime)
Winning score (between 0 and 1) : N=3, mean=0.666667 (+/-0.65332).
P1: N=1, mean=1 (+/-0).
P2: N=2, mean=0.5 (+/-0.97998).
Game Durations: N=3, mean=71.333333 (+/-4.284106).
P1: N=1, mean=73 (+/-0).
P2: N=2, mean=70.5 (+/-6.85986).
=====================================================
=====================================================
Completed 4 games.

Agent 1 (EntropySHUCTAnytime)
Winning score (between 0 and 1) : N=4, mean=0.25 (+/-0.48999).
P1: N=2, mean=0.5 (+/-0.97998).
P2: N=2, mean=0 (+/-0).
Game Durations: N=4, mean=70.75 (+/-3.237891).
P1: N=2, mean=70.5 (+/-6.85986).
P2: N=2, mean=71 (+/-3.91992).

Agent 2 (SHUCTAnyTime)
Winning score (between 0 and 1) : N=4, mean=0.75 (+/-0.48999).
P1: N=2, mean=1 (+/-0).
P2: N=2, mean=0.5 (+/-0.97998).
Game Durations: N=4, mean=70.75 (+/-3.237891).
P1: N=2, mean=71 (+/-3.91992).
P2: N=2, mean=70.5 (+/-6.85986).
=====================================================
=====================================================
Completed 5 games.

Agent 1 (EntropySHUCTAnytime)
Winning score (between 0 and 1) : N=5, mean=0.2 (+/-0.391992).
P1: N=3, mean=0.333333 (+/-0.65332).
P2: N=2, mean=0 (+/-0).
Game Durations: N=5, mean=70.2 (+/-2.729908).
P1: N=3, mean=69.666667 (+/-4.284106).
P2: N=2, mean=71 (+/-3.91992).

Agent 2 (SHUCTAnyTime)
Winning score (between 0 and 1) : N=5, mean=0.8 (+/-0.391992).
P1: N=2, mean=1 (+/-0).
P2: N=3, mean=0.666667 (+/-0.65332).
Game Durations: N=5, mean=70.2 (+/-2.729908).
P1: N=2, mean=71 (+/-3.91992).
P2: N=3, mean=69.666667 (+/-4.284106).
=====================================================
=====================================================
Completed 10 games.

Agent 1 (EntropySHUCTAnytime)
Winning score (between 0 and 1) : N=10, mean=0.2 (+/-0.261328).
P1: N=5, mean=0.2 (+/-0.391992).
P2: N=5, mean=0.2 (+/-0.391992).
Game Durations: N=10, mean=69.9 (+/-1.612258).
P1: N=5, mean=70.6 (+/-2.600181).
P2: N=5, mean=69.2 (+/-1.998775).

Agent 2 (SHUCTAnyTime)
Winning score (between 0 and 1) : N=10, mean=0.8 (+/-0.261328).
P1: N=5, mean=0.8 (+/-0.391992).
P2: N=5, mean=0.8 (+/-0.391992).
Game Durations: N=10, mean=69.9 (+/-1.612258).
P1: N=5, mean=69.2 (+/-1.998775).
P2: N=5, mean=70.6 (+/-2.600181).
=====================================================
=====================================================
Completed 20 games.

Agent 1 (EntropySHUCTAnytime)
Winning score (between 0 and 1) : N=20, mean=0.35 (+/-0.214467).
P1: N=10, mean=0.3 (+/-0.299389).
P2: N=10, mean=0.4 (+/-0.32006).
Game Durations: N=20, mean=70.75 (+/-1.48366).
P1: N=10, mean=71.5 (+/-2.517614).
P2: N=10, mean=70 (+/-1.573403).

Agent 2 (SHUCTAnyTime)
Winning score (between 0 and 1) : N=20, mean=0.65 (+/-0.214467).
P1: N=10, mean=0.6 (+/-0.32006).
P2: N=10, mean=0.7 (+/-0.299389).
Game Durations: N=20, mean=70.75 (+/-1.48366).
P1: N=10, mean=70 (+/-1.573403).
P2: N=10, mean=71.5 (+/-2.517614).
=====================================================
=====================================================
Completed 30 games.

Agent 1 (EntropySHUCTAnytime)
Winning score (between 0 and 1) : N=30, mean=0.433333 (+/-0.180353).
P1: N=15, mean=0.333333 (+/-0.246932).
P2: N=15, mean=0.533333 (+/-0.261328).
Game Durations: N=30, mean=70.266667 (+/-1.257037).
P1: N=15, mean=71.266667 (+/-1.778594).
P2: N=15, mean=69.266667 (+/-1.683488).

Agent 2 (SHUCTAnyTime)
Winning score (between 0 and 1) : N=30, mean=0.566667 (+/-0.180353).
P1: N=15, mean=0.466667 (+/-0.261328).
P2: N=15, mean=0.666667 (+/-0.246932).
Game Durations: N=30, mean=70.266667 (+/-1.257037).
P1: N=15, mean=69.266667 (+/-1.683488).
P2: N=15, mean=71.266667 (+/-1.778594).
=====================================================
=====================================================
Completed 40 games.

Agent 1 (EntropySHUCTAnytime)
Winning score (between 0 and 1) : N=40, mean=0.5 (+/-0.156922).
P1: N=20, mean=0.4 (+/-0.22028).
P2: N=20, mean=0.6 (+/-0.22028).
Game Durations: N=40, mean=70 (+/-1.122845).
P1: N=20, mean=71.1 (+/-1.543929).
P2: N=20, mean=68.9 (+/-1.517512).

Agent 2 (SHUCTAnyTime)
Winning score (between 0 and 1) : N=40, mean=0.5 (+/-0.156922).
P1: N=20, mean=0.4 (+/-0.22028).
P2: N=20, mean=0.6 (+/-0.22028).
Game Durations: N=40, mean=70 (+/-1.122845).
P1: N=20, mean=68.9 (+/-1.517512).
P2: N=20, mean=71.1 (+/-1.543929).
=====================================================
=====================================================
Completed 50 games.

Agent 1 (EntropySHUCTAnytime)
Winning score (between 0 and 1) : N=50, mean=0.54 (+/-0.139548).
P1: N=25, mean=0.52 (+/-0.199877).
P2: N=25, mean=0.56 (+/-0.198592).
Game Durations: N=50, mean=70.2 (+/-0.974766).
P1: N=25, mean=71.16 (+/-1.237934).
P2: N=25, mean=69.24 (+/-1.432604).

Agent 2 (SHUCTAnyTime)
Winning score (between 0 and 1) : N=50, mean=0.46 (+/-0.139548).
P1: N=25, mean=0.44 (+/-0.198592).
P2: N=25, mean=0.48 (+/-0.199877).
Game Durations: N=50, mean=70.2 (+/-0.974766).
P1: N=25, mean=69.24 (+/-1.432604).
P2: N=25, mean=71.16 (+/-1.237934).
=====================================================
=====================================================
Completed 60 games.

Agent 1 (EntropySHUCTAnytime)
Winning score (between 0 and 1) : N=60, mean=0.55 (+/-0.126943).
P1: N=30, mean=0.5 (+/-0.181978).
P2: N=30, mean=0.6 (+/-0.178301).
Game Durations: N=60, mean=70.316667 (+/-0.964344).
P1: N=30, mean=70.633333 (+/-1.28672).
P2: N=30, mean=70 (+/-1.449743).

Agent 2 (SHUCTAnyTime)
Winning score (between 0 and 1) : N=60, mean=0.45 (+/-0.126943).
P1: N=30, mean=0.4 (+/-0.178301).
P2: N=30, mean=0.5 (+/-0.181978).
Game Durations: N=60, mean=70.316667 (+/-0.964344).
P1: N=30, mean=70 (+/-1.449743).
P2: N=30, mean=70.633333 (+/-1.28672).
=====================================================
=====================================================
Completed 70 games.

Agent 1 (EntropySHUCTAnytime)
Winning score (between 0 and 1) : N=70, mean=0.528571 (+/-0.117783).
P1: N=35, mean=0.514286 (+/-0.167997).
P2: N=35, mean=0.542857 (+/-0.167447).
Game Durations: N=70, mean=70.4 (+/-0.901922).
P1: N=35, mean=70.457143 (+/-1.268783).
P2: N=35, mean=70.342857 (+/-1.300445).

Agent 2 (SHUCTAnyTime)
Winning score (between 0 and 1) : N=70, mean=0.471429 (+/-0.117783).
P1: N=35, mean=0.457143 (+/-0.167447).
P2: N=35, mean=0.485714 (+/-0.167997).
Game Durations: N=70, mean=70.4 (+/-0.901922).
P1: N=35, mean=70.342857 (+/-1.300445).
P2: N=35, mean=70.457143 (+/-1.268783).
=====================================================
=====================================================
Completed 80 games.

Agent 1 (EntropySHUCTAnytime)
Winning score (between 0 and 1) : N=80, mean=0.5375 (+/-0.109946).
P1: N=40, mean=0.525 (+/-0.156726).
P2: N=40, mean=0.55 (+/-0.156136).
Game Durations: N=80, mean=70.2625 (+/-0.82857).
P1: N=40, mean=70.275 (+/-1.176369).
P2: N=40, mean=70.25 (+/-1.182137).

Agent 2 (SHUCTAnyTime)
Winning score (between 0 and 1) : N=80, mean=0.4625 (+/-0.109946).
P1: N=40, mean=0.45 (+/-0.156136).
P2: N=40, mean=0.475 (+/-0.156726).
Game Durations: N=80, mean=70.2625 (+/-0.82857).
P1: N=40, mean=70.25 (+/-1.182137).
P2: N=40, mean=70.275 (+/-1.176369).
=====================================================
=====================================================
Completed 90 games.

Agent 1 (EntropySHUCTAnytime)
Winning score (between 0 and 1) : N=90, mean=0.555556 (+/-0.103234).
P1: N=45, mean=0.555556 (+/-0.146823).
P2: N=45, mean=0.555556 (+/-0.146823).
Game Durations: N=90, mean=69.944444 (+/-0.810193).
P1: N=45, mean=70.111111 (+/-1.118169).
P2: N=45, mean=69.777778 (+/-1.183359).

Agent 2 (SHUCTAnyTime)
Winning score (between 0 and 1) : N=90, mean=0.444444 (+/-0.103234).
P1: N=45, mean=0.444444 (+/-0.146823).
P2: N=45, mean=0.444444 (+/-0.146823).
Game Durations: N=90, mean=69.944444 (+/-0.810193).
P1: N=45, mean=69.777778 (+/-1.183359).
P2: N=45, mean=70.111111 (+/-1.118169).
=====================================================
=====================================================
Completed 100 games.

Agent 1 (EntropySHUCTAnytime)
Winning score (between 0 and 1) : N=100, mean=0.55 (+/-0.097998).
P1: N=50, mean=0.54 (+/-0.139548).
P2: N=50, mean=0.56 (+/-0.138986).
Game Durations: N=100, mean=70.15 (+/-0.764628).
P1: N=50, mean=70.3 (+/-1.073149).
P2: N=50, mean=70 (+/-1.098777).

Agent 2 (SHUCTAnyTime)
Winning score (between 0 and 1) : N=100, mean=0.45 (+/-0.097998).
P1: N=50, mean=0.44 (+/-0.138986).
P2: N=50, mean=0.46 (+/-0.139548).
Game Durations: N=100, mean=70.15 (+/-0.764628).
P1: N=50, mean=70 (+/-1.098777).
P2: N=50, mean=70.3 (+/-1.073149).
=====================================================
