Warming up...
Finished warming up!
=====================================================
Completed 1 games.

Agent 1 (EntropySHUCTAnytime)
Winning score (between 0 and 1) : N=1, mean=0 (+/-0).
P1: N=0, mean=0 (+/-0).
P2: N=1, mean=0 (+/-0).
Game Durations: N=1, mean=73 (+/-0).
P1: N=0, mean=0 (+/-0).
P2: N=1, mean=73 (+/-0).

Agent 2 (Example UCT)
Winning score (between 0 and 1) : N=1, mean=1 (+/-0).
P1: N=1, mean=1 (+/-0).
P2: N=0, mean=0 (+/-0).
Game Durations: N=1, mean=73 (+/-0).
P1: N=1, mean=73 (+/-0).
P2: N=0, mean=0 (+/-0).
=====================================================
=====================================================
Completed 2 games.

Agent 1 (EntropySHUCTAnytime)
Winning score (between 0 and 1) : N=2, mean=0.5 (+/-0.97998).
P1: N=1, mean=1 (+/-0).
P2: N=1, mean=0 (+/-0).
Game Durations: N=2, mean=70 (+/-5.87988).
P1: N=1, mean=67 (+/-0).
P2: N=1, mean=73 (+/-0).

Agent 2 (Example UCT)
Winning score (between 0 and 1) : N=2, mean=0.5 (+/-0.97998).
P1: N=1, mean=1 (+/-0).
P2: N=1, mean=0 (+/-0).
Game Durations: N=2, mean=70 (+/-5.87988).
P1: N=1, mean=73 (+/-0).
P2: N=1, mean=67 (+/-0).
=====================================================
=====================================================
Completed 3 games.

Agent 1 (EntropySHUCTAnytime)
Winning score (between 0 and 1) : N=3, mean=0.666667 (+/-0.65332).
P1: N=1, mean=1 (+/-0).
P2: N=2, mean=0.5 (+/-0.97998).
Game Durations: N=3, mean=70.666667 (+/-3.637532).
P1: N=1, mean=67 (+/-0).
P2: N=2, mean=72.5 (+/-0.97998).

Agent 2 (Example UCT)
Winning score (between 0 and 1) : N=3, mean=0.333333 (+/-0.65332).
P1: N=2, mean=0.5 (+/-0.97998).
P2: N=1, mean=0 (+/-0).
Game Durations: N=3, mean=70.666667 (+/-3.637532).
P1: N=2, mean=72.5 (+/-0.97998).
P2: N=1, mean=67 (+/-0).
=====================================================
=====================================================
Completed 4 games.

Agent 1 (EntropySHUCTAnytime)
Winning score (between 0 and 1) : N=4, mean=0.5 (+/-0.565792).
P1: N=2, mean=0.5 (+/-0.97998).
P2: N=2, mean=0.5 (+/-0.97998).
Game Durations: N=4, mean=70.5 (+/-2.592783).
P1: N=2, mean=68.5 (+/-2.93994).
P2: N=2, mean=72.5 (+/-0.97998).

Agent 2 (Example UCT)
Winning score (between 0 and 1) : N=4, mean=0.5 (+/-0.565792).
P1: N=2, mean=0.5 (+/-0.97998).
P2: N=2, mean=0.5 (+/-0.97998).
Game Durations: N=4, mean=70.5 (+/-2.592783).
P1: N=2, mean=72.5 (+/-0.97998).
P2: N=2, mean=68.5 (+/-2.93994).
=====================================================
=====================================================
Completed 5 games.

Agent 1 (EntropySHUCTAnytime)
Winning score (between 0 and 1) : N=5, mean=0.4 (+/-0.48009).
P1: N=2, mean=0.5 (+/-0.97998).
P2: N=3, mean=0.333333 (+/-0.65332).
Game Durations: N=5, mean=69.8 (+/-2.432246).
P1: N=2, mean=68.5 (+/-2.93994).
P2: N=3, mean=70.666667 (+/-3.637532).

Agent 2 (Example UCT)
Winning score (between 0 and 1) : N=5, mean=0.6 (+/-0.48009).
P1: N=3, mean=0.666667 (+/-0.65332).
P2: N=2, mean=0.5 (+/-0.97998).
Game Durations: N=5, mean=69.8 (+/-2.432246).
P1: N=3, mean=70.666667 (+/-3.637532).
P2: N=2, mean=68.5 (+/-2.93994).
=====================================================
=====================================================
Completed 10 games.

Agent 1 (EntropySHUCTAnytime)
Winning score (between 0 and 1) : N=10, mean=0.4 (+/-0.32006).
P1: N=5, mean=0.4 (+/-0.48009).
P2: N=5, mean=0.4 (+/-0.48009).
Game Durations: N=10, mean=69.7 (+/-3.147484).
P1: N=5, mean=72 (+/-3.220543).
P2: N=5, mean=67.4 (+/-4.903818).

Agent 2 (Example UCT)
Winning score (between 0 and 1) : N=10, mean=0.6 (+/-0.32006).
P1: N=5, mean=0.6 (+/-0.48009).
P2: N=5, mean=0.6 (+/-0.48009).
Game Durations: N=10, mean=69.7 (+/-3.147484).
P1: N=5, mean=67.4 (+/-4.903818).
P2: N=5, mean=72 (+/-3.220543).
=====================================================
=====================================================
Completed 20 games.

Agent 1 (EntropySHUCTAnytime)
Winning score (between 0 and 1) : N=20, mean=0.5 (+/-0.224823).
P1: N=10, mean=0.6 (+/-0.32006).
P2: N=10, mean=0.4 (+/-0.32006).
Game Durations: N=20, mean=69.8 (+/-1.851754).
P1: N=10, mean=71.8 (+/-2.082441).
P2: N=10, mean=67.8 (+/-2.593606).

Agent 2 (Example UCT)
Winning score (between 0 and 1) : N=20, mean=0.5 (+/-0.224823).
P1: N=10, mean=0.6 (+/-0.32006).
P2: N=10, mean=0.4 (+/-0.32006).
Game Durations: N=20, mean=69.8 (+/-1.851754).
P1: N=10, mean=67.8 (+/-2.593606).
P2: N=10, mean=71.8 (+/-2.082441).
=====================================================
=====================================================
Completed 30 games.

Agent 1 (EntropySHUCTAnytime)
Winning score (between 0 and 1) : N=30, mean=0.5 (+/-0.181978).
P1: N=15, mean=0.666667 (+/-0.246932).
P2: N=15, mean=0.333333 (+/-0.246932).
Game Durations: N=30, mean=69.6 (+/-1.417714).
P1: N=15, mean=71.2 (+/-1.755127).
P2: N=15, mean=68 (+/-1.95996).

Agent 2 (Example UCT)
Winning score (between 0 and 1) : N=30, mean=0.5 (+/-0.181978).
P1: N=15, mean=0.666667 (+/-0.246932).
P2: N=15, mean=0.333333 (+/-0.246932).
Game Durations: N=30, mean=69.6 (+/-1.417714).
P1: N=15, mean=68 (+/-1.95996).
P2: N=15, mean=71.2 (+/-1.755127).
=====================================================
=====================================================
Completed 40 games.

Agent 1 (EntropySHUCTAnytime)
Winning score (between 0 and 1) : N=40, mean=0.45 (+/-0.156136).
P1: N=20, mean=0.6 (+/-0.22028).
P2: N=20, mean=0.3 (+/-0.206054).
Game Durations: N=40, mean=69.7 (+/-1.352085).
P1: N=20, mean=70.8 (+/-2.038834).
P2: N=20, mean=68.6 (+/-1.690811).

Agent 2 (Example UCT)
Winning score (between 0 and 1) : N=40, mean=0.55 (+/-0.156136).
P1: N=20, mean=0.7 (+/-0.206054).
P2: N=20, mean=0.4 (+/-0.22028).
Game Durations: N=40, mean=69.7 (+/-1.352085).
P1: N=20, mean=68.6 (+/-1.690811).
P2: N=20, mean=70.8 (+/-2.038834).
=====================================================
=====================================================
Completed 50 games.

Agent 1 (EntropySHUCTAnytime)
Winning score (between 0 and 1) : N=50, mean=0.5 (+/-0.139997).
P1: N=25, mean=0.64 (+/-0.192036).
P2: N=25, mean=0.36 (+/-0.192036).
Game Durations: N=50, mean=69.72 (+/-1.142212).
P1: N=25, mean=70.88 (+/-1.717325).
P2: N=25, mean=68.56 (+/-1.395477).

Agent 2 (Example UCT)
Winning score (between 0 and 1) : N=50, mean=0.5 (+/-0.139997).
P1: N=25, mean=0.64 (+/-0.192036).
P2: N=25, mean=0.36 (+/-0.192036).
Game Durations: N=50, mean=69.72 (+/-1.142212).
P1: N=25, mean=68.56 (+/-1.395477).
P2: N=25, mean=70.88 (+/-1.717325).
=====================================================
=====================================================
Completed 60 games.

Agent 1 (EntropySHUCTAnytime)
Winning score (between 0 and 1) : N=60, mean=0.516667 (+/-0.127512).
P1: N=30, mean=0.633333 (+/-0.175388).
P2: N=30, mean=0.4 (+/-0.178301).
Game Durations: N=60, mean=69.983333 (+/-1.010501).
P1: N=30, mean=70.9 (+/-1.465947).
P2: N=30, mean=69.066667 (+/-1.335385).

Agent 2 (Example UCT)
Winning score (between 0 and 1) : N=60, mean=0.483333 (+/-0.127512).
P1: N=30, mean=0.6 (+/-0.178301).
P2: N=30, mean=0.366667 (+/-0.175388).
Game Durations: N=60, mean=69.983333 (+/-1.010501).
P1: N=30, mean=69.066667 (+/-1.335385).
P2: N=30, mean=70.9 (+/-1.465947).
=====================================================
=====================================================
Completed 70 games.

Agent 1 (EntropySHUCTAnytime)
Winning score (between 0 and 1) : N=70, mean=0.557143 (+/-0.117203).
P1: N=35, mean=0.628571 (+/-0.162414).
P2: N=35, mean=0.485714 (+/-0.167997).
Game Durations: N=70, mean=70.085714 (+/-0.970186).
P1: N=35, mean=70.628571 (+/-1.330246).
P2: N=35, mean=69.542857 (+/-1.408641).

Agent 2 (Example UCT)
Winning score (between 0 and 1) : N=70, mean=0.442857 (+/-0.117203).
P1: N=35, mean=0.514286 (+/-0.167997).
P2: N=35, mean=0.371429 (+/-0.162414).
Game Durations: N=70, mean=70.085714 (+/-0.970186).
P1: N=35, mean=69.542857 (+/-1.408641).
P2: N=35, mean=70.628571 (+/-1.330246).
=====================================================
=====================================================
Completed 80 games.

Agent 1 (EntropySHUCTAnytime)
Winning score (between 0 and 1) : N=80, mean=0.5875 (+/-0.108555).
P1: N=40, mean=0.625 (+/-0.151939).
P2: N=40, mean=0.55 (+/-0.156136).
Game Durations: N=80, mean=69.9625 (+/-0.880288).
P1: N=40, mean=70.475 (+/-1.190931).
P2: N=40, mean=69.45 (+/-1.292016).

Agent 2 (Example UCT)
Winning score (between 0 and 1) : N=80, mean=0.4125 (+/-0.108555).
P1: N=40, mean=0.45 (+/-0.156136).
P2: N=40, mean=0.375 (+/-0.151939).
Game Durations: N=80, mean=69.9625 (+/-0.880288).
P1: N=40, mean=69.45 (+/-1.292016).
P2: N=40, mean=70.475 (+/-1.190931).
=====================================================
=====================================================
Completed 90 games.

Agent 1 (EntropySHUCTAnytime)
Winning score (between 0 and 1) : N=90, mean=0.588889 (+/-0.102223).
P1: N=45, mean=0.622222 (+/-0.143256).
P2: N=45, mean=0.555556 (+/-0.146823).
Game Durations: N=90, mean=69.977778 (+/-0.853781).
P1: N=45, mean=70.088889 (+/-1.168399).
P2: N=45, mean=69.866667 (+/-1.257612).

Agent 2 (Example UCT)
Winning score (between 0 and 1) : N=90, mean=0.411111 (+/-0.102223).
P1: N=45, mean=0.444444 (+/-0.146823).
P2: N=45, mean=0.377778 (+/-0.143256).
Game Durations: N=90, mean=69.977778 (+/-0.853781).
P1: N=45, mean=69.866667 (+/-1.257612).
P2: N=45, mean=70.088889 (+/-1.168399).
=====================================================
=====================================================
Completed 100 games.

Agent 1 (EntropySHUCTAnytime)
Winning score (between 0 and 1) : N=100, mean=0.58 (+/-0.097223).
P1: N=50, mean=0.6 (+/-0.137169).
P2: N=50, mean=0.56 (+/-0.138986).
Game Durations: N=100, mean=70.08 (+/-0.81964).
P1: N=50, mean=70.2 (+/-1.088742).
P2: N=50, mean=69.96 (+/-1.235736).

Agent 2 (Example UCT)
Winning score (between 0 and 1) : N=100, mean=0.42 (+/-0.097223).
P1: N=50, mean=0.44 (+/-0.138986).
P2: N=50, mean=0.4 (+/-0.137169).
Game Durations: N=100, mean=70.08 (+/-0.81964).
P1: N=50, mean=69.96 (+/-1.235736).
P2: N=50, mean=70.2 (+/-1.088742).
=====================================================
