Warming up...
Finished warming up!
=====================================================
Completed 1 games.

Agent 1 (EntropySHUCTAnytime)
Winning score (between 0 and 1) : N=1, mean=0 (+/-0).
P1: N=1, mean=0 (+/-0).
P2: N=0, mean=0 (+/-0).
Game Durations: N=1, mean=70 (+/-0).
P1: N=1, mean=70 (+/-0).
P2: N=0, mean=0 (+/-0).

Agent 2 (Example UCT)
Winning score (between 0 and 1) : N=1, mean=1 (+/-0).
P1: N=0, mean=0 (+/-0).
P2: N=1, mean=1 (+/-0).
Game Durations: N=1, mean=70 (+/-0).
P1: N=0, mean=0 (+/-0).
P2: N=1, mean=70 (+/-0).
=====================================================
=====================================================
Completed 2 games.

Agent 1 (EntropySHUCTAnytime)
Winning score (between 0 and 1) : N=2, mean=0.5 (+/-0.97998).
P1: N=1, mean=0 (+/-0).
P2: N=1, mean=1 (+/-0).
Game Durations: N=2, mean=72 (+/-3.91992).
P1: N=1, mean=70 (+/-0).
P2: N=1, mean=74 (+/-0).

Agent 2 (Example UCT)
Winning score (between 0 and 1) : N=2, mean=0.5 (+/-0.97998).
P1: N=1, mean=0 (+/-0).
P2: N=1, mean=1 (+/-0).
Game Durations: N=2, mean=72 (+/-3.91992).
P1: N=1, mean=74 (+/-0).
P2: N=1, mean=70 (+/-0).
=====================================================
=====================================================
Completed 3 games.

Agent 1 (EntropySHUCTAnytime)
Winning score (between 0 and 1) : N=3, mean=0.666667 (+/-0.65332).
P1: N=2, mean=0.5 (+/-0.97998).
P2: N=1, mean=1 (+/-0).
Game Durations: N=3, mean=71.666667 (+/-2.355579).
P1: N=2, mean=70.5 (+/-0.97998).
P2: N=1, mean=74 (+/-0).

Agent 2 (Example UCT)
Winning score (between 0 and 1) : N=3, mean=0.333333 (+/-0.65332).
P1: N=1, mean=0 (+/-0).
P2: N=2, mean=0.5 (+/-0.97998).
Game Durations: N=3, mean=71.666667 (+/-2.355579).
P1: N=1, mean=74 (+/-0).
P2: N=2, mean=70.5 (+/-0.97998).
=====================================================
=====================================================
Completed 4 games.

Agent 1 (EntropySHUCTAnytime)
Winning score (between 0 and 1) : N=4, mean=0.75 (+/-0.48999).
P1: N=2, mean=0.5 (+/-0.97998).
P2: N=2, mean=1 (+/-0).
Game Durations: N=4, mean=71.25 (+/-1.855072).
P1: N=2, mean=70.5 (+/-0.97998).
P2: N=2, mean=72 (+/-3.91992).

Agent 2 (Example UCT)
Winning score (between 0 and 1) : N=4, mean=0.25 (+/-0.48999).
P1: N=2, mean=0 (+/-0).
P2: N=2, mean=0.5 (+/-0.97998).
Game Durations: N=4, mean=71.25 (+/-1.855072).
P1: N=2, mean=72 (+/-3.91992).
P2: N=2, mean=70.5 (+/-0.97998).
=====================================================
=====================================================
Completed 5 games.

Agent 1 (EntropySHUCTAnytime)
Winning score (between 0 and 1) : N=5, mean=0.6 (+/-0.48009).
P1: N=3, mean=0.333333 (+/-0.65332).
P2: N=2, mean=1 (+/-0).
Game Durations: N=5, mean=71 (+/-1.518178).
P1: N=3, mean=70.333333 (+/-0.65332).
P2: N=2, mean=72 (+/-3.91992).

Agent 2 (Example UCT)
Winning score (between 0 and 1) : N=5, mean=0.4 (+/-0.48009).
P1: N=2, mean=0 (+/-0).
P2: N=3, mean=0.666667 (+/-0.65332).
Game Durations: N=5, mean=71 (+/-1.518178).
P1: N=2, mean=72 (+/-3.91992).
P2: N=3, mean=70.333333 (+/-0.65332).
=====================================================
=====================================================
Completed 10 games.

Agent 1 (EntropySHUCTAnytime)
Winning score (between 0 and 1) : N=10, mean=0.8 (+/-0.261328).
P1: N=5, mean=0.6 (+/-0.48009).
P2: N=5, mean=1 (+/-0).
Game Durations: N=10, mean=69.3 (+/-2.6945).
P1: N=5, mean=69 (+/-4.06426).
P2: N=5, mean=69.6 (+/-3.99755).

Agent 2 (Example UCT)
Winning score (between 0 and 1) : N=10, mean=0.2 (+/-0.261328).
P1: N=5, mean=0 (+/-0).
P2: N=5, mean=0.4 (+/-0.48009).
Game Durations: N=10, mean=69.3 (+/-2.6945).
P1: N=5, mean=69.6 (+/-3.99755).
P2: N=5, mean=69 (+/-4.06426).
=====================================================
=====================================================
Completed 20 games.

Agent 1 (EntropySHUCTAnytime)
Winning score (between 0 and 1) : N=20, mean=0.6 (+/-0.22028).
P1: N=10, mean=0.5 (+/-0.32666).
P2: N=10, mean=0.7 (+/-0.299389).
Game Durations: N=20, mean=70.2 (+/-1.818704).
P1: N=10, mean=69.9 (+/-3.042676).
P2: N=10, mean=70.5 (+/-2.151993).

Agent 2 (Example UCT)
Winning score (between 0 and 1) : N=20, mean=0.4 (+/-0.22028).
P1: N=10, mean=0.3 (+/-0.299389).
P2: N=10, mean=0.5 (+/-0.32666).
Game Durations: N=20, mean=70.2 (+/-1.818704).
P1: N=10, mean=70.5 (+/-2.151993).
P2: N=10, mean=69.9 (+/-3.042676).
=====================================================
=====================================================
Completed 30 games.

Agent 1 (EntropySHUCTAnytime)
Winning score (between 0 and 1) : N=30, mean=0.566667 (+/-0.180353).
P1: N=15, mean=0.533333 (+/-0.261328).
P2: N=15, mean=0.6 (+/-0.256619).
Game Durations: N=30, mean=69.866667 (+/-1.42744).
P1: N=15, mean=69.866667 (+/-2.229508).
P2: N=15, mean=69.866667 (+/-1.862985).

Agent 2 (Example UCT)
Winning score (between 0 and 1) : N=30, mean=0.433333 (+/-0.180353).
P1: N=15, mean=0.4 (+/-0.256619).
P2: N=15, mean=0.466667 (+/-0.261328).
Game Durations: N=30, mean=69.866667 (+/-1.42744).
P1: N=15, mean=69.866667 (+/-1.862985).
P2: N=15, mean=69.866667 (+/-2.229508).
=====================================================
=====================================================
Completed 40 games.

Agent 1 (EntropySHUCTAnytime)
Winning score (between 0 and 1) : N=40, mean=0.55 (+/-0.156136).
P1: N=20, mean=0.55 (+/-0.223696).
P2: N=20, mean=0.55 (+/-0.223696).
Game Durations: N=40, mean=70.1 (+/-1.178068).
P1: N=20, mean=70.05 (+/-1.894257).
P2: N=20, mean=70.15 (+/-1.45198).

Agent 2 (Example UCT)
Winning score (between 0 and 1) : N=40, mean=0.45 (+/-0.156136).
P1: N=20, mean=0.45 (+/-0.223696).
P2: N=20, mean=0.45 (+/-0.223696).
Game Durations: N=40, mean=70.1 (+/-1.178068).
P1: N=20, mean=70.15 (+/-1.45198).
P2: N=20, mean=70.05 (+/-1.894257).
=====================================================
=====================================================
Completed 50 games.

Agent 1 (EntropySHUCTAnytime)
Winning score (between 0 and 1) : N=50, mean=0.54 (+/-0.139548).
P1: N=25, mean=0.6 (+/-0.195996).
P2: N=25, mean=0.48 (+/-0.199877).
Game Durations: N=50, mean=69.48 (+/-1.132839).
P1: N=25, mean=69.16 (+/-1.819986).
P2: N=25, mean=69.8 (+/-1.376631).

Agent 2 (Example UCT)
Winning score (between 0 and 1) : N=50, mean=0.46 (+/-0.139548).
P1: N=25, mean=0.52 (+/-0.199877).
P2: N=25, mean=0.4 (+/-0.195996).
Game Durations: N=50, mean=69.48 (+/-1.132839).
P1: N=25, mean=69.8 (+/-1.376631).
P2: N=25, mean=69.16 (+/-1.819986).
=====================================================
=====================================================
Completed 60 games.

Agent 1 (EntropySHUCTAnytime)
Winning score (between 0 and 1) : N=60, mean=0.566667 (+/-0.126443).
P1: N=30, mean=0.633333 (+/-0.175388).
P2: N=30, mean=0.5 (+/-0.181978).
Game Durations: N=60, mean=69.366667 (+/-1.01743).
P1: N=30, mean=68.966667 (+/-1.531162).
P2: N=30, mean=69.766667 (+/-1.351).

Agent 2 (Example UCT)
Winning score (between 0 and 1) : N=60, mean=0.433333 (+/-0.126443).
P1: N=30, mean=0.5 (+/-0.181978).
P2: N=30, mean=0.366667 (+/-0.175388).
Game Durations: N=60, mean=69.366667 (+/-1.01743).
P1: N=30, mean=69.766667 (+/-1.351).
P2: N=30, mean=68.966667 (+/-1.531162).
=====================================================
=====================================================
Completed 70 games.

Agent 1 (EntropySHUCTAnytime)
Winning score (between 0 and 1) : N=70, mean=0.528571 (+/-0.117783).
P1: N=35, mean=0.6 (+/-0.16467).
P2: N=35, mean=0.457143 (+/-0.167447).
Game Durations: N=70, mean=69.428571 (+/-0.897654).
P1: N=35, mean=69.114286 (+/-1.365419).
P2: N=35, mean=69.742857 (+/-1.176368).

Agent 2 (Example UCT)
Winning score (between 0 and 1) : N=70, mean=0.471429 (+/-0.117783).
P1: N=35, mean=0.542857 (+/-0.167447).
P2: N=35, mean=0.4 (+/-0.16467).
Game Durations: N=70, mean=69.428571 (+/-0.897654).
P1: N=35, mean=69.742857 (+/-1.176368).
P2: N=35, mean=69.114286 (+/-1.365419).
=====================================================
=====================================================
Completed 80 games.

Agent 1 (EntropySHUCTAnytime)
Winning score (between 0 and 1) : N=80, mean=0.525 (+/-0.110118).
P1: N=40, mean=0.625 (+/-0.151939).
P2: N=40, mean=0.425 (+/-0.155147).
Game Durations: N=80, mean=69.625 (+/-0.845728).
P1: N=40, mean=69.375 (+/-1.32539).
P2: N=40, mean=69.875 (+/-1.062418).

Agent 2 (Example UCT)
Winning score (between 0 and 1) : N=80, mean=0.475 (+/-0.110118).
P1: N=40, mean=0.575 (+/-0.155147).
P2: N=40, mean=0.375 (+/-0.151939).
Game Durations: N=80, mean=69.625 (+/-0.845728).
P1: N=40, mean=69.875 (+/-1.062418).
P2: N=40, mean=69.375 (+/-1.32539).
=====================================================
=====================================================
Completed 90 games.

Agent 1 (EntropySHUCTAnytime)
Winning score (between 0 and 1) : N=90, mean=0.511111 (+/-0.103852).
P1: N=45, mean=0.6 (+/-0.144753).
P2: N=45, mean=0.422222 (+/-0.145939).
Game Durations: N=90, mean=69.766667 (+/-0.812374).
P1: N=45, mean=69.488889 (+/-1.213683).
P2: N=45, mean=70.044444 (+/-1.087797).

Agent 2 (Example UCT)
Winning score (between 0 and 1) : N=90, mean=0.488889 (+/-0.103852).
P1: N=45, mean=0.577778 (+/-0.145939).
P2: N=45, mean=0.4 (+/-0.144753).
Game Durations: N=90, mean=69.766667 (+/-0.812374).
P1: N=45, mean=70.044444 (+/-1.087797).
P2: N=45, mean=69.488889 (+/-1.213683).
=====================================================
=====================================================
Completed 100 games.

Agent 1 (EntropySHUCTAnytime)
Winning score (between 0 and 1) : N=100, mean=0.5 (+/-0.098492).
P1: N=50, mean=0.6 (+/-0.137169).
P2: N=50, mean=0.4 (+/-0.137169).
Game Durations: N=100, mean=69.66 (+/-0.784093).
P1: N=50, mean=69.48 (+/-1.147963).
P2: N=50, mean=69.84 (+/-1.077683).

Agent 2 (Example UCT)
Winning score (between 0 and 1) : N=100, mean=0.5 (+/-0.098492).
P1: N=50, mean=0.6 (+/-0.137169).
P2: N=50, mean=0.4 (+/-0.137169).
Game Durations: N=100, mean=69.66 (+/-0.784093).
P1: N=50, mean=69.84 (+/-1.077683).
P2: N=50, mean=69.48 (+/-1.147963).
=====================================================
