Warming up...
Finished warming up!
=====================================================
Completed 1 games.

Agent 1 (EntropySHUCTAnytime)
Winning score (between 0 and 1) : N=1, mean=1 (+/-0).
P1: N=1, mean=1 (+/-0).
P2: N=0, mean=0 (+/-0).
Game Durations: N=1, mean=75 (+/-0).
P1: N=1, mean=75 (+/-0).
P2: N=0, mean=0 (+/-0).

Agent 2 (Example UCT)
Winning score (between 0 and 1) : N=1, mean=0 (+/-0).
P1: N=0, mean=0 (+/-0).
P2: N=1, mean=0 (+/-0).
Game Durations: N=1, mean=75 (+/-0).
P1: N=0, mean=0 (+/-0).
P2: N=1, mean=75 (+/-0).
=====================================================
=====================================================
Completed 2 games.

Agent 1 (EntropySHUCTAnytime)
Winning score (between 0 and 1) : N=2, mean=1 (+/-0).
P1: N=1, mean=1 (+/-0).
P2: N=1, mean=1 (+/-0).
Game Durations: N=2, mean=70.5 (+/-8.81982).
P1: N=1, mean=75 (+/-0).
P2: N=1, mean=66 (+/-0).

Agent 2 (Example UCT)
Winning score (between 0 and 1) : N=2, mean=0 (+/-0).
P1: N=1, mean=0 (+/-0).
P2: N=1, mean=0 (+/-0).
Game Durations: N=2, mean=70.5 (+/-8.81982).
P1: N=1, mean=66 (+/-0).
P2: N=1, mean=75 (+/-0).
=====================================================
=====================================================
Completed 3 games.

Agent 1 (EntropySHUCTAnytime)
Winning score (between 0 and 1) : N=3, mean=1 (+/-0).
P1: N=2, mean=1 (+/-0).
P2: N=1, mean=1 (+/-0).
Game Durations: N=3, mean=70.666667 (+/-5.102592).
P1: N=2, mean=73 (+/-3.91992).
P2: N=1, mean=66 (+/-0).

Agent 2 (Example UCT)
Winning score (between 0 and 1) : N=3, mean=0 (+/-0).
P1: N=1, mean=0 (+/-0).
P2: N=2, mean=0 (+/-0).
Game Durations: N=3, mean=70.666667 (+/-5.102592).
P1: N=1, mean=66 (+/-0).
P2: N=2, mean=73 (+/-3.91992).
=====================================================
=====================================================
Completed 4 games.

Agent 1 (EntropySHUCTAnytime)
Winning score (between 0 and 1) : N=4, mean=1 (+/-0).
P1: N=2, mean=1 (+/-0).
P2: N=2, mean=1 (+/-0).
Game Durations: N=4, mean=72 (+/-4.455048).
P1: N=2, mean=73 (+/-3.91992).
P2: N=2, mean=71 (+/-9.7998).

Agent 2 (Example UCT)
Winning score (between 0 and 1) : N=4, mean=0 (+/-0).
P1: N=2, mean=0 (+/-0).
P2: N=2, mean=0 (+/-0).
Game Durations: N=4, mean=72 (+/-4.455048).
P1: N=2, mean=71 (+/-9.7998).
P2: N=2, mean=73 (+/-3.91992).
=====================================================
=====================================================
Completed 5 games.

Agent 1 (EntropySHUCTAnytime)
Winning score (between 0 and 1) : N=5, mean=1 (+/-0).
P1: N=3, mean=1 (+/-0).
P2: N=2, mean=1 (+/-0).
Game Durations: N=5, mean=72.6 (+/-3.645736).
P1: N=3, mean=73.666667 (+/-2.61328).
P2: N=2, mean=71 (+/-9.7998).

Agent 2 (Example UCT)
Winning score (between 0 and 1) : N=5, mean=0 (+/-0).
P1: N=2, mean=0 (+/-0).
P2: N=3, mean=0 (+/-0).
Game Durations: N=5, mean=72.6 (+/-3.645736).
P1: N=2, mean=71 (+/-9.7998).
P2: N=3, mean=73.666667 (+/-2.61328).
=====================================================
=====================================================
Completed 10 games.

Agent 1 (EntropySHUCTAnytime)
Winning score (between 0 and 1) : N=10, mean=0.6 (+/-0.32006).
P1: N=5, mean=0.8 (+/-0.391992).
P2: N=5, mean=0.4 (+/-0.48009).
Game Durations: N=10, mean=71.5 (+/-2.378121).
P1: N=5, mean=73.2 (+/-2.182519).
P2: N=5, mean=69.8 (+/-3.89041).

Agent 2 (Example UCT)
Winning score (between 0 and 1) : N=10, mean=0.4 (+/-0.32006).
P1: N=5, mean=0.6 (+/-0.48009).
P2: N=5, mean=0.2 (+/-0.391992).
Game Durations: N=10, mean=71.5 (+/-2.378121).
P1: N=5, mean=69.8 (+/-3.89041).
P2: N=5, mean=73.2 (+/-2.182519).
=====================================================
=====================================================
Completed 20 games.

Agent 1 (EntropySHUCTAnytime)
Winning score (between 0 and 1) : N=20, mean=0.5 (+/-0.224823).
P1: N=10, mean=0.7 (+/-0.299389).
P2: N=10, mean=0.3 (+/-0.299389).
Game Durations: N=20, mean=70.5 (+/-1.599247).
P1: N=10, mean=71.3 (+/-1.679681).
P2: N=10, mean=69.7 (+/-2.725997).

Agent 2 (Example UCT)
Winning score (between 0 and 1) : N=20, mean=0.5 (+/-0.224823).
P1: N=10, mean=0.7 (+/-0.299389).
P2: N=10, mean=0.3 (+/-0.299389).
Game Durations: N=20, mean=70.5 (+/-1.599247).
P1: N=10, mean=69.7 (+/-2.725997).
P2: N=10, mean=71.3 (+/-1.679681).
=====================================================
=====================================================
Completed 30 games.

Agent 1 (EntropySHUCTAnytime)
Winning score (between 0 and 1) : N=30, mean=0.566667 (+/-0.180353).
P1: N=15, mean=0.666667 (+/-0.246932).
P2: N=15, mean=0.466667 (+/-0.261328).
Game Durations: N=30, mean=70.2 (+/-1.31024).
P1: N=15, mean=70.4 (+/-1.527787).
P2: N=15, mean=70 (+/-2.180842).

Agent 2 (Example UCT)
Winning score (between 0 and 1) : N=30, mean=0.433333 (+/-0.180353).
P1: N=15, mean=0.533333 (+/-0.261328).
P2: N=15, mean=0.333333 (+/-0.246932).
Game Durations: N=30, mean=70.2 (+/-1.31024).
P1: N=15, mean=70 (+/-2.180842).
P2: N=15, mean=70.4 (+/-1.527787).
=====================================================
=====================================================
Completed 40 games.

Agent 1 (EntropySHUCTAnytime)
Winning score (between 0 and 1) : N=40, mean=0.5 (+/-0.156922).
P1: N=20, mean=0.5 (+/-0.224823).
P2: N=20, mean=0.5 (+/-0.224823).
Game Durations: N=40, mean=70 (+/-1.08719).
P1: N=20, mean=70.2 (+/-1.292291).
P2: N=20, mean=69.8 (+/-1.77937).

Agent 2 (Example UCT)
Winning score (between 0 and 1) : N=40, mean=0.5 (+/-0.156922).
P1: N=20, mean=0.5 (+/-0.224823).
P2: N=20, mean=0.5 (+/-0.224823).
Game Durations: N=40, mean=70 (+/-1.08719).
P1: N=20, mean=69.8 (+/-1.77937).
P2: N=20, mean=70.2 (+/-1.292291).
=====================================================
=====================================================
Completed 50 games.

Agent 1 (EntropySHUCTAnytime)
Winning score (between 0 and 1) : N=50, mean=0.5 (+/-0.139997).
P1: N=25, mean=0.44 (+/-0.198592).
P2: N=25, mean=0.56 (+/-0.198592).
Game Durations: N=50, mean=70.36 (+/-0.982393).
P1: N=25, mean=70.28 (+/-1.178804).
P2: N=25, mean=70.44 (+/-1.596616).

Agent 2 (Example UCT)
Winning score (between 0 and 1) : N=50, mean=0.5 (+/-0.139997).
P1: N=25, mean=0.44 (+/-0.198592).
P2: N=25, mean=0.56 (+/-0.198592).
Game Durations: N=50, mean=70.36 (+/-0.982393).
P1: N=25, mean=70.44 (+/-1.596616).
P2: N=25, mean=70.28 (+/-1.178804).
=====================================================
=====================================================
Completed 60 games.

Agent 1 (EntropySHUCTAnytime)
Winning score (between 0 and 1) : N=60, mean=0.516667 (+/-0.127512).
P1: N=30, mean=0.5 (+/-0.181978).
P2: N=30, mean=0.533333 (+/-0.181573).
Game Durations: N=60, mean=70.083333 (+/-0.884276).
P1: N=30, mean=69.833333 (+/-1.139684).
P2: N=30, mean=70.333333 (+/-1.366113).

Agent 2 (Example UCT)
Winning score (between 0 and 1) : N=60, mean=0.483333 (+/-0.127512).
P1: N=30, mean=0.466667 (+/-0.181573).
P2: N=30, mean=0.5 (+/-0.181978).
Game Durations: N=60, mean=70.083333 (+/-0.884276).
P1: N=30, mean=70.333333 (+/-1.366113).
P2: N=30, mean=69.833333 (+/-1.139684).
=====================================================
=====================================================
Completed 70 games.

Agent 1 (EntropySHUCTAnytime)
Winning score (between 0 and 1) : N=70, mean=0.485714 (+/-0.117928).
P1: N=35, mean=0.457143 (+/-0.167447).
P2: N=35, mean=0.514286 (+/-0.167997).
Game Durations: N=70, mean=69.985714 (+/-0.808056).
P1: N=35, mean=69.828571 (+/-1.008345).
P2: N=35, mean=70.142857 (+/-1.275887).

Agent 2 (Example UCT)
Winning score (between 0 and 1) : N=70, mean=0.514286 (+/-0.117928).
P1: N=35, mean=0.485714 (+/-0.167997).
P2: N=35, mean=0.542857 (+/-0.167447).
Game Durations: N=70, mean=69.985714 (+/-0.808056).
P1: N=35, mean=70.142857 (+/-1.275887).
P2: N=35, mean=69.828571 (+/-1.008345).
=====================================================
=====================================================
Completed 80 games.

Agent 1 (EntropySHUCTAnytime)
Winning score (between 0 and 1) : N=80, mean=0.5 (+/-0.110256).
P1: N=40, mean=0.475 (+/-0.156726).
P2: N=40, mean=0.525 (+/-0.156726).
Game Durations: N=80, mean=69.775 (+/-0.78039).
P1: N=40, mean=69.575 (+/-0.977181).
P2: N=40, mean=69.975 (+/-1.226582).

Agent 2 (Example UCT)
Winning score (between 0 and 1) : N=80, mean=0.5 (+/-0.110256).
P1: N=40, mean=0.475 (+/-0.156726).
P2: N=40, mean=0.525 (+/-0.156726).
Game Durations: N=80, mean=69.775 (+/-0.78039).
P1: N=40, mean=69.975 (+/-1.226582).
P2: N=40, mean=69.575 (+/-0.977181).
=====================================================
=====================================================
Completed 90 games.

Agent 1 (EntropySHUCTAnytime)
Winning score (between 0 and 1) : N=90, mean=0.488889 (+/-0.103852).
P1: N=45, mean=0.422222 (+/-0.145939).
P2: N=45, mean=0.555556 (+/-0.146823).
Game Durations: N=90, mean=69.788889 (+/-0.777037).
P1: N=45, mean=69.666667 (+/-1.014034).
P2: N=45, mean=69.911111 (+/-1.188158).

Agent 2 (Example UCT)
Winning score (between 0 and 1) : N=90, mean=0.511111 (+/-0.103852).
P1: N=45, mean=0.444444 (+/-0.146823).
P2: N=45, mean=0.577778 (+/-0.145939).
Game Durations: N=90, mean=69.788889 (+/-0.777037).
P1: N=45, mean=69.911111 (+/-1.188158).
P2: N=45, mean=69.666667 (+/-1.014034).
=====================================================
=====================================================
Completed 100 games.

Agent 1 (EntropySHUCTAnytime)
Winning score (between 0 and 1) : N=100, mean=0.5 (+/-0.098492).
P1: N=50, mean=0.44 (+/-0.138986).
P2: N=50, mean=0.56 (+/-0.138986).
Game Durations: N=100, mean=69.62 (+/-0.732174).
P1: N=50, mean=69.72 (+/-0.928704).
P2: N=50, mean=69.52 (+/-1.141113).

Agent 2 (Example UCT)
Winning score (between 0 and 1) : N=100, mean=0.5 (+/-0.098492).
P1: N=50, mean=0.44 (+/-0.138986).
P2: N=50, mean=0.56 (+/-0.138986).
Game Durations: N=100, mean=69.62 (+/-0.732174).
P1: N=50, mean=69.52 (+/-1.141113).
P2: N=50, mean=69.72 (+/-0.928704).
=====================================================
