Warming up...
Finished warming up!
=====================================================
Completed 1 games.

Agent 1 (EntropySHUCTAnytime)
Winning score (between 0 and 1) : N=1, mean=1 (+/-0).
P1: N=1, mean=1 (+/-0).
P2: N=0, mean=0 (+/-0).
Game Durations: N=1, mean=73 (+/-0).
P1: N=1, mean=73 (+/-0).
P2: N=0, mean=0 (+/-0).

Agent 2 (Example UCT)
Winning score (between 0 and 1) : N=1, mean=0 (+/-0).
P1: N=0, mean=0 (+/-0).
P2: N=1, mean=0 (+/-0).
Game Durations: N=1, mean=73 (+/-0).
P1: N=0, mean=0 (+/-0).
P2: N=1, mean=73 (+/-0).
=====================================================
=====================================================
Completed 2 games.

Agent 1 (EntropySHUCTAnytime)
Winning score (between 0 and 1) : N=2, mean=0.5 (+/-0.97998).
P1: N=1, mean=1 (+/-0).
P2: N=1, mean=0 (+/-0).
Game Durations: N=2, mean=74 (+/-1.95996).
P1: N=1, mean=73 (+/-0).
P2: N=1, mean=75 (+/-0).

Agent 2 (Example UCT)
Winning score (between 0 and 1) : N=2, mean=0.5 (+/-0.97998).
P1: N=1, mean=1 (+/-0).
P2: N=1, mean=0 (+/-0).
Game Durations: N=2, mean=74 (+/-1.95996).
P1: N=1, mean=75 (+/-0).
P2: N=1, mean=73 (+/-0).
=====================================================
=====================================================
Completed 3 games.

Agent 1 (EntropySHUCTAnytime)
Winning score (between 0 and 1) : N=3, mean=0.666667 (+/-0.65332).
P1: N=2, mean=1 (+/-0).
P2: N=1, mean=0 (+/-0).
Game Durations: N=3, mean=72.333333 (+/-3.457044).
P1: N=2, mean=71 (+/-3.91992).
P2: N=1, mean=75 (+/-0).

Agent 2 (Example UCT)
Winning score (between 0 and 1) : N=3, mean=0.333333 (+/-0.65332).
P1: N=1, mean=1 (+/-0).
P2: N=2, mean=0 (+/-0).
Game Durations: N=3, mean=72.333333 (+/-3.457044).
P1: N=1, mean=75 (+/-0).
P2: N=2, mean=71 (+/-3.91992).
=====================================================
=====================================================
Completed 4 games.

Agent 1 (EntropySHUCTAnytime)
Winning score (between 0 and 1) : N=4, mean=0.75 (+/-0.48999).
P1: N=2, mean=1 (+/-0).
P2: N=2, mean=0.5 (+/-0.97998).
Game Durations: N=4, mean=72.25 (+/-2.44995).
P1: N=2, mean=71 (+/-3.91992).
P2: N=2, mean=73.5 (+/-2.93994).

Agent 2 (Example UCT)
Winning score (between 0 and 1) : N=4, mean=0.25 (+/-0.48999).
P1: N=2, mean=0.5 (+/-0.97998).
P2: N=2, mean=0 (+/-0).
Game Durations: N=4, mean=72.25 (+/-2.44995).
P1: N=2, mean=73.5 (+/-2.93994).
P2: N=2, mean=71 (+/-3.91992).
=====================================================
=====================================================
Completed 5 games.

Agent 1 (EntropySHUCTAnytime)
Winning score (between 0 and 1) : N=5, mean=0.8 (+/-0.391992).
P1: N=3, mean=1 (+/-0).
P2: N=2, mean=0.5 (+/-0.97998).
Game Durations: N=5, mean=71.6 (+/-2.285686).
P1: N=3, mean=70.333333 (+/-2.61328).
P2: N=2, mean=73.5 (+/-2.93994).

Agent 2 (Example UCT)
Winning score (between 0 and 1) : N=5, mean=0.2 (+/-0.391992).
P1: N=2, mean=0.5 (+/-0.97998).
P2: N=3, mean=0 (+/-0).
Game Durations: N=5, mean=71.6 (+/-2.285686).
P1: N=2, mean=73.5 (+/-2.93994).
P2: N=3, mean=70.333333 (+/-2.61328).
=====================================================
=====================================================
Completed 10 games.

Agent 1 (EntropySHUCTAnytime)
Winning score (between 0 and 1) : N=10, mean=0.8 (+/-0.261328).
P1: N=5, mean=1 (+/-0).
P2: N=5, mean=0.6 (+/-0.48009).
Game Durations: N=10, mean=70.3 (+/-3.445295).
P1: N=5, mean=71.8 (+/-2.9334).
P2: N=5, mean=68.8 (+/-6.363082).

Agent 2 (Example UCT)
Winning score (between 0 and 1) : N=10, mean=0.2 (+/-0.261328).
P1: N=5, mean=0.4 (+/-0.48009).
P2: N=5, mean=0 (+/-0).
Game Durations: N=10, mean=70.3 (+/-3.445295).
P1: N=5, mean=68.8 (+/-6.363082).
P2: N=5, mean=71.8 (+/-2.9334).
=====================================================
=====================================================
Completed 20 games.

Agent 1 (EntropySHUCTAnytime)
Winning score (between 0 and 1) : N=20, mean=0.75 (+/-0.194702).
P1: N=10, mean=0.8 (+/-0.261328).
P2: N=10, mean=0.7 (+/-0.299389).
Game Durations: N=20, mean=70.95 (+/-1.952079).
P1: N=10, mean=71.2 (+/-2.201989).
P2: N=10, mean=70.7 (+/-3.344718).

Agent 2 (Example UCT)
Winning score (between 0 and 1) : N=20, mean=0.25 (+/-0.194702).
P1: N=10, mean=0.3 (+/-0.299389).
P2: N=10, mean=0.2 (+/-0.261328).
Game Durations: N=20, mean=70.95 (+/-1.952079).
P1: N=10, mean=70.7 (+/-3.344718).
P2: N=10, mean=71.2 (+/-2.201989).
=====================================================
=====================================================
Completed 30 games.

Agent 1 (EntropySHUCTAnytime)
Winning score (between 0 and 1) : N=30, mean=0.733333 (+/-0.160947).
P1: N=15, mean=0.8 (+/-0.209529).
P2: N=15, mean=0.666667 (+/-0.246932).
Game Durations: N=30, mean=71.033333 (+/-1.451214).
P1: N=15, mean=70.666667 (+/-1.696477).
P2: N=15, mean=71.4 (+/-2.402736).

Agent 2 (Example UCT)
Winning score (between 0 and 1) : N=30, mean=0.266667 (+/-0.160947).
P1: N=15, mean=0.333333 (+/-0.246932).
P2: N=15, mean=0.2 (+/-0.209529).
Game Durations: N=30, mean=71.033333 (+/-1.451214).
P1: N=15, mean=71.4 (+/-2.402736).
P2: N=15, mean=70.666667 (+/-1.696477).
=====================================================
=====================================================
Completed 40 games.

Agent 1 (EntropySHUCTAnytime)
Winning score (between 0 and 1) : N=40, mean=0.65 (+/-0.149694).
P1: N=20, mean=0.75 (+/-0.194702).
P2: N=20, mean=0.55 (+/-0.223696).
Game Durations: N=40, mean=70.7 (+/-1.19961).
P1: N=20, mean=70.65 (+/-1.526645).
P2: N=20, mean=70.75 (+/-1.891053).

Agent 2 (Example UCT)
Winning score (between 0 and 1) : N=40, mean=0.35 (+/-0.149694).
P1: N=20, mean=0.45 (+/-0.223696).
P2: N=20, mean=0.25 (+/-0.194702).
Game Durations: N=40, mean=70.7 (+/-1.19961).
P1: N=20, mean=70.75 (+/-1.891053).
P2: N=20, mean=70.65 (+/-1.526645).
=====================================================
=====================================================
Completed 50 games.

Agent 1 (EntropySHUCTAnytime)
Winning score (between 0 and 1) : N=50, mean=0.6 (+/-0.137169).
P1: N=25, mean=0.68 (+/-0.186626).
P2: N=25, mean=0.52 (+/-0.199877).
Game Durations: N=50, mean=70.46 (+/-1.073091).
P1: N=25, mean=70.44 (+/-1.51006).
P2: N=25, mean=70.48 (+/-1.556164).

Agent 2 (Example UCT)
Winning score (between 0 and 1) : N=50, mean=0.4 (+/-0.137169).
P1: N=25, mean=0.48 (+/-0.199877).
P2: N=25, mean=0.32 (+/-0.186626).
Game Durations: N=50, mean=70.46 (+/-1.073091).
P1: N=25, mean=70.48 (+/-1.556164).
P2: N=25, mean=70.44 (+/-1.51006).
=====================================================
=====================================================
Completed 60 games.

Agent 1 (EntropySHUCTAnytime)
Winning score (between 0 and 1) : N=60, mean=0.583333 (+/-0.125798).
P1: N=30, mean=0.633333 (+/-0.175388).
P2: N=30, mean=0.533333 (+/-0.181573).
Game Durations: N=60, mean=70.383333 (+/-0.952569).
P1: N=30, mean=70.033333 (+/-1.353612).
P2: N=30, mean=70.733333 (+/-1.351817).

Agent 2 (Example UCT)
Winning score (between 0 and 1) : N=60, mean=0.416667 (+/-0.125798).
P1: N=30, mean=0.466667 (+/-0.181573).
P2: N=30, mean=0.366667 (+/-0.175388).
Game Durations: N=60, mean=70.383333 (+/-0.952569).
P1: N=30, mean=70.733333 (+/-1.351817).
P2: N=30, mean=70.033333 (+/-1.353612).
=====================================================
=====================================================
Completed 70 games.

Agent 1 (EntropySHUCTAnytime)
Winning score (between 0 and 1) : N=70, mean=0.557143 (+/-0.117203).
P1: N=35, mean=0.6 (+/-0.16467).
P2: N=35, mean=0.514286 (+/-0.167997).
Game Durations: N=70, mean=70.571429 (+/-0.877039).
P1: N=35, mean=70.2 (+/-1.30009).
P2: N=35, mean=70.942857 (+/-1.183481).

Agent 2 (Example UCT)
Winning score (between 0 and 1) : N=70, mean=0.442857 (+/-0.117203).
P1: N=35, mean=0.485714 (+/-0.167997).
P2: N=35, mean=0.4 (+/-0.16467).
Game Durations: N=70, mean=70.571429 (+/-0.877039).
P1: N=35, mean=70.942857 (+/-1.183481).
P2: N=35, mean=70.2 (+/-1.30009).
=====================================================
=====================================================
Completed 80 games.

Agent 1 (EntropySHUCTAnytime)
Winning score (between 0 and 1) : N=80, mean=0.5375 (+/-0.109946).
P1: N=40, mean=0.55 (+/-0.156136).
P2: N=40, mean=0.525 (+/-0.156726).
Game Durations: N=80, mean=70.6625 (+/-0.788116).
P1: N=40, mean=70.35 (+/-1.154313).
P2: N=40, mean=70.975 (+/-1.079205).

Agent 2 (Example UCT)
Winning score (between 0 and 1) : N=80, mean=0.4625 (+/-0.109946).
P1: N=40, mean=0.475 (+/-0.156726).
P2: N=40, mean=0.45 (+/-0.156136).
Game Durations: N=80, mean=70.6625 (+/-0.788116).
P1: N=40, mean=70.975 (+/-1.079205).
P2: N=40, mean=70.35 (+/-1.154313).
=====================================================
=====================================================
Completed 90 games.

Agent 1 (EntropySHUCTAnytime)
Winning score (between 0 and 1) : N=90, mean=0.533333 (+/-0.103647).
P1: N=45, mean=0.555556 (+/-0.146823).
P2: N=45, mean=0.511111 (+/-0.147701).
Game Durations: N=90, mean=70.477778 (+/-0.74408).
P1: N=45, mean=70.377778 (+/-1.041014).
P2: N=45, mean=70.577778 (+/-1.074397).

Agent 2 (Example UCT)
Winning score (between 0 and 1) : N=90, mean=0.466667 (+/-0.103647).
P1: N=45, mean=0.488889 (+/-0.147701).
P2: N=45, mean=0.444444 (+/-0.146823).
Game Durations: N=90, mean=70.477778 (+/-0.74408).
P1: N=45, mean=70.577778 (+/-1.074397).
P2: N=45, mean=70.377778 (+/-1.041014).
=====================================================
=====================================================
Completed 100 games.

Agent 1 (EntropySHUCTAnytime)
Winning score (between 0 and 1) : N=100, mean=0.5 (+/-0.098492).
P1: N=50, mean=0.52 (+/-0.139885).
P2: N=50, mean=0.48 (+/-0.139885).
Game Durations: N=100, mean=70.44 (+/-0.736159).
P1: N=50, mean=70.4 (+/-1.000172).
P2: N=50, mean=70.48 (+/-1.090527).

Agent 2 (Example UCT)
Winning score (between 0 and 1) : N=100, mean=0.5 (+/-0.098492).
P1: N=50, mean=0.52 (+/-0.139885).
P2: N=50, mean=0.48 (+/-0.139885).
Game Durations: N=100, mean=70.44 (+/-0.736159).
P1: N=50, mean=70.48 (+/-1.090527).
P2: N=50, mean=70.4 (+/-1.000172).
=====================================================
