Warming up...
Finished warming up!
=====================================================
Completed 1 games.

Agent 1 (EntropySHUCTAnytime)
Winning score (between 0 and 1) : N=1, mean=1 (+/-0).
P1: N=0, mean=0 (+/-0).
P2: N=1, mean=1 (+/-0).
Game Durations: N=1, mean=54 (+/-0).
P1: N=0, mean=0 (+/-0).
P2: N=1, mean=54 (+/-0).

Agent 2 (Example UCT)
Winning score (between 0 and 1) : N=1, mean=0 (+/-0).
P1: N=1, mean=0 (+/-0).
P2: N=0, mean=0 (+/-0).
Game Durations: N=1, mean=54 (+/-0).
P1: N=1, mean=54 (+/-0).
P2: N=0, mean=0 (+/-0).
=====================================================
=====================================================
Completed 2 games.

Agent 1 (EntropySHUCTAnytime)
Winning score (between 0 and 1) : N=2, mean=0.5 (+/-0.97998).
P1: N=1, mean=0 (+/-0).
P2: N=1, mean=1 (+/-0).
Game Durations: N=2, mean=42 (+/-23.51952).
P1: N=1, mean=30 (+/-0).
P2: N=1, mean=54 (+/-0).

Agent 2 (Example UCT)
Winning score (between 0 and 1) : N=2, mean=0.5 (+/-0.97998).
P1: N=1, mean=0 (+/-0).
P2: N=1, mean=1 (+/-0).
Game Durations: N=2, mean=42 (+/-23.51952).
P1: N=1, mean=54 (+/-0).
P2: N=1, mean=30 (+/-0).
=====================================================
=====================================================
Completed 3 games.

Agent 1 (EntropySHUCTAnytime)
Winning score (between 0 and 1) : N=3, mean=0.333333 (+/-0.65332).
P1: N=1, mean=0 (+/-0).
P2: N=2, mean=0.5 (+/-0.97998).
Game Durations: N=3, mean=45 (+/-14.797373).
P1: N=1, mean=30 (+/-0).
P2: N=2, mean=52.5 (+/-2.93994).

Agent 2 (Example UCT)
Winning score (between 0 and 1) : N=3, mean=0.666667 (+/-0.65332).
P1: N=2, mean=0.5 (+/-0.97998).
P2: N=1, mean=1 (+/-0).
Game Durations: N=3, mean=45 (+/-14.797373).
P1: N=2, mean=52.5 (+/-2.93994).
P2: N=1, mean=30 (+/-0).
=====================================================
=====================================================
Completed 4 games.

Agent 1 (EntropySHUCTAnytime)
Winning score (between 0 and 1) : N=4, mean=0.25 (+/-0.48999).
P1: N=2, mean=0 (+/-0).
P2: N=2, mean=0.5 (+/-0.97998).
Game Durations: N=4, mean=46.25 (+/-10.74632).
P1: N=2, mean=40 (+/-19.5996).
P2: N=2, mean=52.5 (+/-2.93994).

Agent 2 (Example UCT)
Winning score (between 0 and 1) : N=4, mean=0.75 (+/-0.48999).
P1: N=2, mean=0.5 (+/-0.97998).
P2: N=2, mean=1 (+/-0).
Game Durations: N=4, mean=46.25 (+/-10.74632).
P1: N=2, mean=52.5 (+/-2.93994).
P2: N=2, mean=40 (+/-19.5996).
=====================================================
=====================================================
Completed 5 games.

Agent 1 (EntropySHUCTAnytime)
Winning score (between 0 and 1) : N=5, mean=0.2 (+/-0.391992).
P1: N=2, mean=0 (+/-0).
P2: N=3, mean=0.333333 (+/-0.65332).
Game Durations: N=5, mean=44 (+/-9.42005).
P1: N=2, mean=40 (+/-19.5996).
P2: N=3, mean=46.666667 (+/-11.558411).

Agent 2 (Example UCT)
Winning score (between 0 and 1) : N=5, mean=0.8 (+/-0.391992).
P1: N=3, mean=0.666667 (+/-0.65332).
P2: N=2, mean=1 (+/-0).
Game Durations: N=5, mean=44 (+/-9.42005).
P1: N=3, mean=46.666667 (+/-11.558411).
P2: N=2, mean=40 (+/-19.5996).
=====================================================
=====================================================
Completed 10 games.

Agent 1 (EntropySHUCTAnytime)
Winning score (between 0 and 1) : N=10, mean=0.3 (+/-0.299389).
P1: N=5, mean=0.4 (+/-0.48009).
P2: N=5, mean=0.2 (+/-0.391992).
Game Durations: N=10, mean=49.8 (+/-7.690328).
P1: N=5, mean=49.6 (+/-11.605214).
P2: N=5, mean=50 (+/-11.461996).

Agent 2 (Example UCT)
Winning score (between 0 and 1) : N=10, mean=0.7 (+/-0.299389).
P1: N=5, mean=0.8 (+/-0.391992).
P2: N=5, mean=0.6 (+/-0.48009).
Game Durations: N=10, mean=49.8 (+/-7.690328).
P1: N=5, mean=50 (+/-11.461996).
P2: N=5, mean=49.6 (+/-11.605214).
=====================================================
=====================================================
Completed 20 games.

Agent 1 (EntropySHUCTAnytime)
Winning score (between 0 and 1) : N=20, mean=0.45 (+/-0.223696).
P1: N=10, mean=0.6 (+/-0.32006).
P2: N=10, mean=0.3 (+/-0.299389).
Game Durations: N=20, mean=53.85 (+/-5.680993).
P1: N=10, mean=52 (+/-8.543268).
P2: N=10, mean=55.7 (+/-7.769016).

Agent 2 (Example UCT)
Winning score (between 0 and 1) : N=20, mean=0.55 (+/-0.223696).
P1: N=10, mean=0.7 (+/-0.299389).
P2: N=10, mean=0.4 (+/-0.32006).
Game Durations: N=20, mean=53.85 (+/-5.680993).
P1: N=10, mean=55.7 (+/-7.769016).
P2: N=10, mean=52 (+/-8.543268).
=====================================================
=====================================================
Completed 30 games.

Agent 1 (EntropySHUCTAnytime)
Winning score (between 0 and 1) : N=30, mean=0.466667 (+/-0.181573).
P1: N=15, mean=0.533333 (+/-0.261328).
P2: N=15, mean=0.4 (+/-0.256619).
Game Durations: N=30, mean=55.1 (+/-4.528626).
P1: N=15, mean=52.4 (+/-6.770074).
P2: N=15, mean=57.8 (+/-5.926979).

Agent 2 (Example UCT)
Winning score (between 0 and 1) : N=30, mean=0.533333 (+/-0.181573).
P1: N=15, mean=0.6 (+/-0.256619).
P2: N=15, mean=0.466667 (+/-0.261328).
Game Durations: N=30, mean=55.1 (+/-4.528626).
P1: N=15, mean=57.8 (+/-5.926979).
P2: N=15, mean=52.4 (+/-6.770074).
=====================================================
=====================================================
Completed 40 games.

Agent 1 (EntropySHUCTAnytime)
Winning score (between 0 and 1) : N=40, mean=0.425 (+/-0.155147).
P1: N=20, mean=0.45 (+/-0.223696).
P2: N=20, mean=0.4 (+/-0.22028).
Game Durations: N=40, mean=54.875 (+/-3.786474).
P1: N=20, mean=51.75 (+/-5.662457).
P2: N=20, mean=58 (+/-4.779799).

Agent 2 (Example UCT)
Winning score (between 0 and 1) : N=40, mean=0.575 (+/-0.155147).
P1: N=20, mean=0.6 (+/-0.22028).
P2: N=20, mean=0.55 (+/-0.223696).
Game Durations: N=40, mean=54.875 (+/-3.786474).
P1: N=20, mean=58 (+/-4.779799).
P2: N=20, mean=51.75 (+/-5.662457).
=====================================================
=====================================================
Completed 50 games.

Agent 1 (EntropySHUCTAnytime)
Winning score (between 0 and 1) : N=50, mean=0.42 (+/-0.138194).
P1: N=25, mean=0.48 (+/-0.199877).
P2: N=25, mean=0.36 (+/-0.192036).
Game Durations: N=50, mean=54.44 (+/-3.398517).
P1: N=25, mean=52.16 (+/-4.746827).
P2: N=25, mean=56.72 (+/-4.792253).

Agent 2 (Example UCT)
Winning score (between 0 and 1) : N=50, mean=0.58 (+/-0.138194).
P1: N=25, mean=0.64 (+/-0.192036).
P2: N=25, mean=0.52 (+/-0.199877).
Game Durations: N=50, mean=54.44 (+/-3.398517).
P1: N=25, mean=56.72 (+/-4.792253).
P2: N=25, mean=52.16 (+/-4.746827).
=====================================================
=====================================================
Completed 60 games.

Agent 1 (EntropySHUCTAnytime)
Winning score (between 0 and 1) : N=60, mean=0.466667 (+/-0.127299).
P1: N=30, mean=0.466667 (+/-0.181573).
P2: N=30, mean=0.466667 (+/-0.181573).
Game Durations: N=60, mean=54.033333 (+/-2.958509).
P1: N=30, mean=52 (+/-4.088631).
P2: N=30, mean=56.066667 (+/-4.219302).

Agent 2 (Example UCT)
Winning score (between 0 and 1) : N=60, mean=0.533333 (+/-0.127299).
P1: N=30, mean=0.533333 (+/-0.181573).
P2: N=30, mean=0.533333 (+/-0.181573).
Game Durations: N=60, mean=54.033333 (+/-2.958509).
P1: N=30, mean=56.066667 (+/-4.219302).
P2: N=30, mean=52 (+/-4.088631).
=====================================================
=====================================================
Completed 70 games.

Agent 1 (EntropySHUCTAnytime)
Winning score (between 0 and 1) : N=70, mean=0.457143 (+/-0.117542).
P1: N=35, mean=0.485714 (+/-0.167997).
P2: N=35, mean=0.428571 (+/-0.166341).
Game Durations: N=70, mean=54.671429 (+/-2.652366).
P1: N=35, mean=53.685714 (+/-3.870837).
P2: N=35, mean=55.657143 (+/-3.653911).

Agent 2 (Example UCT)
Winning score (between 0 and 1) : N=70, mean=0.542857 (+/-0.117542).
P1: N=35, mean=0.571429 (+/-0.166341).
P2: N=35, mean=0.514286 (+/-0.167997).
Game Durations: N=70, mean=54.671429 (+/-2.652366).
P1: N=35, mean=55.657143 (+/-3.653911).
P2: N=35, mean=53.685714 (+/-3.870837).
=====================================================
=====================================================
Completed 80 games.

Agent 1 (EntropySHUCTAnytime)
Winning score (between 0 and 1) : N=80, mean=0.45 (+/-0.109704).
P1: N=40, mean=0.5 (+/-0.156922).
P2: N=40, mean=0.4 (+/-0.153752).
Game Durations: N=80, mean=54.625 (+/-2.456609).
P1: N=40, mean=53.7 (+/-3.702969).
P2: N=40, mean=55.55 (+/-3.250946).

Agent 2 (Example UCT)
Winning score (between 0 and 1) : N=80, mean=0.55 (+/-0.109704).
P1: N=40, mean=0.6 (+/-0.153752).
P2: N=40, mean=0.5 (+/-0.156922).
Game Durations: N=80, mean=54.625 (+/-2.456609).
P1: N=40, mean=55.55 (+/-3.250946).
P2: N=40, mean=53.7 (+/-3.702969).
=====================================================
=====================================================
Completed 90 games.

Agent 1 (EntropySHUCTAnytime)
Winning score (between 0 and 1) : N=90, mean=0.444444 (+/-0.103234).
P1: N=45, mean=0.488889 (+/-0.147701).
P2: N=45, mean=0.4 (+/-0.144753).
Game Durations: N=90, mean=54.655556 (+/-2.413534).
P1: N=45, mean=54.355556 (+/-3.57955).
P2: N=45, mean=54.955556 (+/-3.276655).

Agent 2 (Example UCT)
Winning score (between 0 and 1) : N=90, mean=0.555556 (+/-0.103234).
P1: N=45, mean=0.6 (+/-0.144753).
P2: N=45, mean=0.511111 (+/-0.147701).
Game Durations: N=90, mean=54.655556 (+/-2.413534).
P1: N=45, mean=54.955556 (+/-3.276655).
P2: N=45, mean=54.355556 (+/-3.57955).
=====================================================
=====================================================
Completed 100 games.

Agent 1 (EntropySHUCTAnytime)
Winning score (between 0 and 1) : N=100, mean=0.45 (+/-0.097998).
P1: N=50, mean=0.46 (+/-0.139548).
P2: N=50, mean=0.44 (+/-0.138986).
Game Durations: N=100, mean=54.77 (+/-2.347304).
P1: N=50, mean=54.42 (+/-3.575644).
P2: N=50, mean=55.12 (+/-3.075678).

Agent 2 (Example UCT)
Winning score (between 0 and 1) : N=100, mean=0.55 (+/-0.097998).
P1: N=50, mean=0.56 (+/-0.138986).
P2: N=50, mean=0.54 (+/-0.139548).
Game Durations: N=100, mean=54.77 (+/-2.347304).
P1: N=50, mean=55.12 (+/-3.075678).
P2: N=50, mean=54.42 (+/-3.575644).
=====================================================
