Warming up...
Finished warming up!
=====================================================
Completed 1 games.

Agent 1 (EntropySHUCTAnytime)
Winning score (between 0 and 1) : N=1, mean=1 (+/-0).
P1: N=1, mean=1 (+/-0).
P2: N=0, mean=0 (+/-0).
Game Durations: N=1, mean=61 (+/-0).
P1: N=1, mean=61 (+/-0).
P2: N=0, mean=0 (+/-0).

Agent 2 (Example UCT)
Winning score (between 0 and 1) : N=1, mean=0 (+/-0).
P1: N=0, mean=0 (+/-0).
P2: N=1, mean=0 (+/-0).
Game Durations: N=1, mean=61 (+/-0).
P1: N=0, mean=0 (+/-0).
P2: N=1, mean=61 (+/-0).
=====================================================
=====================================================
Completed 2 games.

Agent 1 (EntropySHUCTAnytime)
Winning score (between 0 and 1) : N=2, mean=1 (+/-0).
P1: N=1, mean=1 (+/-0).
P2: N=1, mean=1 (+/-0).
Game Durations: N=2, mean=56.5 (+/-8.81982).
P1: N=1, mean=61 (+/-0).
P2: N=1, mean=52 (+/-0).

Agent 2 (Example UCT)
Winning score (between 0 and 1) : N=2, mean=0 (+/-0).
P1: N=1, mean=0 (+/-0).
P2: N=1, mean=0 (+/-0).
Game Durations: N=2, mean=56.5 (+/-8.81982).
P1: N=1, mean=52 (+/-0).
P2: N=1, mean=61 (+/-0).
=====================================================
=====================================================
Completed 3 games.

Agent 1 (EntropySHUCTAnytime)
Winning score (between 0 and 1) : N=3, mean=0.666667 (+/-0.65332).
P1: N=2, mean=0.5 (+/-0.97998).
P2: N=1, mean=1 (+/-0).
Game Durations: N=3, mean=62.333333 (+/-12.515811).
P1: N=2, mean=67.5 (+/-12.73974).
P2: N=1, mean=52 (+/-0).

Agent 2 (Example UCT)
Winning score (between 0 and 1) : N=3, mean=0.333333 (+/-0.65332).
P1: N=1, mean=0 (+/-0).
P2: N=2, mean=0.5 (+/-0.97998).
Game Durations: N=3, mean=62.333333 (+/-12.515811).
P1: N=1, mean=52 (+/-0).
P2: N=2, mean=67.5 (+/-12.73974).
=====================================================
=====================================================
Completed 4 games.

Agent 1 (EntropySHUCTAnytime)
Winning score (between 0 and 1) : N=4, mean=0.5 (+/-0.565792).
P1: N=2, mean=0.5 (+/-0.97998).
P2: N=2, mean=0.5 (+/-0.97998).
Game Durations: N=4, mean=61 (+/-9.227784).
P1: N=2, mean=67.5 (+/-12.73974).
P2: N=2, mean=54.5 (+/-4.8999).

Agent 2 (Example UCT)
Winning score (between 0 and 1) : N=4, mean=0.5 (+/-0.565792).
P1: N=2, mean=0.5 (+/-0.97998).
P2: N=2, mean=0.5 (+/-0.97998).
Game Durations: N=4, mean=61 (+/-9.227784).
P1: N=2, mean=54.5 (+/-4.8999).
P2: N=2, mean=67.5 (+/-12.73974).
=====================================================
=====================================================
Completed 5 games.

Agent 1 (EntropySHUCTAnytime)
Winning score (between 0 and 1) : N=5, mean=0.4 (+/-0.48009).
P1: N=3, mean=0.333333 (+/-0.65332).
P2: N=2, mean=0.5 (+/-0.97998).
Game Durations: N=5, mean=60 (+/-7.411656).
P1: N=3, mean=63.666667 (+/-10.51419).
P2: N=2, mean=54.5 (+/-4.8999).

Agent 2 (Example UCT)
Winning score (between 0 and 1) : N=5, mean=0.6 (+/-0.48009).
P1: N=2, mean=0.5 (+/-0.97998).
P2: N=3, mean=0.666667 (+/-0.65332).
Game Durations: N=5, mean=60 (+/-7.411656).
P1: N=2, mean=54.5 (+/-4.8999).
P2: N=3, mean=63.666667 (+/-10.51419).
=====================================================
=====================================================
Completed 10 games.

Agent 1 (EntropySHUCTAnytime)
Winning score (between 0 and 1) : N=10, mean=0.5 (+/-0.32666).
P1: N=5, mean=0.2 (+/-0.391992).
P2: N=5, mean=0.8 (+/-0.391992).
Game Durations: N=10, mean=55.8 (+/-5.134281).
P1: N=5, mean=57.4 (+/-9.553674).
P2: N=5, mean=54.2 (+/-4.736457).

Agent 2 (Example UCT)
Winning score (between 0 and 1) : N=10, mean=0.5 (+/-0.32666).
P1: N=5, mean=0.2 (+/-0.391992).
P2: N=5, mean=0.8 (+/-0.391992).
Game Durations: N=10, mean=55.8 (+/-5.134281).
P1: N=5, mean=54.2 (+/-4.736457).
P2: N=5, mean=57.4 (+/-9.553674).
=====================================================
=====================================================
Completed 20 games.

Agent 1 (EntropySHUCTAnytime)
Winning score (between 0 and 1) : N=20, mean=0.25 (+/-0.194702).
P1: N=10, mean=0.1 (+/-0.195996).
P2: N=10, mean=0.4 (+/-0.32006).
Game Durations: N=20, mean=55.95 (+/-3.215752).
P1: N=10, mean=54.7 (+/-5.620451).
P2: N=10, mean=57.2 (+/-3.277036).

Agent 2 (Example UCT)
Winning score (between 0 and 1) : N=20, mean=0.75 (+/-0.194702).
P1: N=10, mean=0.6 (+/-0.32006).
P2: N=10, mean=0.9 (+/-0.195996).
Game Durations: N=20, mean=55.95 (+/-3.215752).
P1: N=10, mean=57.2 (+/-3.277036).
P2: N=10, mean=54.7 (+/-5.620451).
=====================================================
=====================================================
Completed 30 games.

Agent 1 (EntropySHUCTAnytime)
Winning score (between 0 and 1) : N=30, mean=0.366667 (+/-0.175388).
P1: N=15, mean=0.333333 (+/-0.246932).
P2: N=15, mean=0.4 (+/-0.256619).
Game Durations: N=30, mean=55.333333 (+/-2.584397).
P1: N=15, mean=55.533333 (+/-4.306252).
P2: N=15, mean=55.133333 (+/-3.017421).

Agent 2 (Example UCT)
Winning score (between 0 and 1) : N=30, mean=0.633333 (+/-0.175388).
P1: N=15, mean=0.6 (+/-0.256619).
P2: N=15, mean=0.666667 (+/-0.246932).
Game Durations: N=30, mean=55.333333 (+/-2.584397).
P1: N=15, mean=55.133333 (+/-3.017421).
P2: N=15, mean=55.533333 (+/-4.306252).
=====================================================
=====================================================
Completed 40 games.

Agent 1 (EntropySHUCTAnytime)
Winning score (between 0 and 1) : N=40, mean=0.4 (+/-0.153752).
P1: N=20, mean=0.4 (+/-0.22028).
P2: N=20, mean=0.4 (+/-0.22028).
Game Durations: N=40, mean=55.65 (+/-2.033402).
P1: N=20, mean=55.5 (+/-3.247114).
P2: N=20, mean=55.8 (+/-2.534024).

Agent 2 (Example UCT)
Winning score (between 0 and 1) : N=40, mean=0.6 (+/-0.153752).
P1: N=20, mean=0.6 (+/-0.22028).
P2: N=20, mean=0.6 (+/-0.22028).
Game Durations: N=40, mean=55.65 (+/-2.033402).
P1: N=20, mean=55.8 (+/-2.534024).
P2: N=20, mean=55.5 (+/-3.247114).
=====================================================
=====================================================
Completed 50 games.

Agent 1 (EntropySHUCTAnytime)
Winning score (between 0 and 1) : N=50, mean=0.44 (+/-0.138986).
P1: N=25, mean=0.48 (+/-0.199877).
P2: N=25, mean=0.4 (+/-0.195996).
Game Durations: N=50, mean=56.34 (+/-2.656619).
P1: N=25, mean=57.84 (+/-3.993832).
P2: N=25, mean=54.84 (+/-3.48535).

Agent 2 (Example UCT)
Winning score (between 0 and 1) : N=50, mean=0.56 (+/-0.138986).
P1: N=25, mean=0.6 (+/-0.195996).
P2: N=25, mean=0.52 (+/-0.199877).
Game Durations: N=50, mean=56.34 (+/-2.656619).
P1: N=25, mean=54.84 (+/-3.48535).
P2: N=25, mean=57.84 (+/-3.993832).
=====================================================
=====================================================
Completed 60 games.

Agent 1 (EntropySHUCTAnytime)
Winning score (between 0 and 1) : N=60, mean=0.45 (+/-0.126943).
P1: N=30, mean=0.533333 (+/-0.181573).
P2: N=30, mean=0.366667 (+/-0.175388).
Game Durations: N=60, mean=56.25 (+/-2.372543).
P1: N=30, mean=57 (+/-3.587008).
P2: N=30, mean=55.5 (+/-3.144583).

Agent 2 (Example UCT)
Winning score (between 0 and 1) : N=60, mean=0.55 (+/-0.126943).
P1: N=30, mean=0.633333 (+/-0.175388).
P2: N=30, mean=0.466667 (+/-0.181573).
Game Durations: N=60, mean=56.25 (+/-2.372543).
P1: N=30, mean=55.5 (+/-3.144583).
P2: N=30, mean=57 (+/-3.587008).
=====================================================
=====================================================
Completed 70 games.

Agent 1 (EntropySHUCTAnytime)
Winning score (between 0 and 1) : N=70, mean=0.485714 (+/-0.117928).
P1: N=35, mean=0.542857 (+/-0.167447).
P2: N=35, mean=0.428571 (+/-0.166341).
Game Durations: N=70, mean=56.385714 (+/-2.224279).
P1: N=35, mean=57.742857 (+/-3.456327).
P2: N=35, mean=55.028571 (+/-2.778183).

Agent 2 (Example UCT)
Winning score (between 0 and 1) : N=70, mean=0.514286 (+/-0.117928).
P1: N=35, mean=0.571429 (+/-0.166341).
P2: N=35, mean=0.457143 (+/-0.167447).
Game Durations: N=70, mean=56.385714 (+/-2.224279).
P1: N=35, mean=55.028571 (+/-2.778183).
P2: N=35, mean=57.742857 (+/-3.456327).
=====================================================
=====================================================
Completed 80 games.

Agent 1 (EntropySHUCTAnytime)
Winning score (between 0 and 1) : N=80, mean=0.4875 (+/-0.110222).
P1: N=40, mean=0.55 (+/-0.156136).
P2: N=40, mean=0.425 (+/-0.155147).
Game Durations: N=80, mean=55.3875 (+/-2.248661).
P1: N=40, mean=56.7 (+/-3.450295).
P2: N=40, mean=54.075 (+/-2.870768).

Agent 2 (Example UCT)
Winning score (between 0 and 1) : N=80, mean=0.5125 (+/-0.110222).
P1: N=40, mean=0.575 (+/-0.155147).
P2: N=40, mean=0.45 (+/-0.156136).
Game Durations: N=80, mean=55.3875 (+/-2.248661).
P1: N=40, mean=54.075 (+/-2.870768).
P2: N=40, mean=56.7 (+/-3.450295).
=====================================================
=====================================================
Completed 90 games.

Agent 1 (EntropySHUCTAnytime)
Winning score (between 0 and 1) : N=90, mean=0.5 (+/-0.103878).
P1: N=45, mean=0.555556 (+/-0.146823).
P2: N=45, mean=0.444444 (+/-0.146823).
Game Durations: N=90, mean=55.888889 (+/-2.117892).
P1: N=45, mean=57.533333 (+/-3.248494).
P2: N=45, mean=54.244444 (+/-2.668493).

Agent 2 (Example UCT)
Winning score (between 0 and 1) : N=90, mean=0.5 (+/-0.103878).
P1: N=45, mean=0.555556 (+/-0.146823).
P2: N=45, mean=0.444444 (+/-0.146823).
Game Durations: N=90, mean=55.888889 (+/-2.117892).
P1: N=45, mean=54.244444 (+/-2.668493).
P2: N=45, mean=57.533333 (+/-3.248494).
=====================================================
=====================================================
Completed 100 games.

Agent 1 (EntropySHUCTAnytime)
Winning score (between 0 and 1) : N=100, mean=0.51 (+/-0.098472).
P1: N=50, mean=0.54 (+/-0.139548).
P2: N=50, mean=0.48 (+/-0.139885).
Game Durations: N=100, mean=55.69 (+/-2.111253).
P1: N=50, mean=56.7 (+/-3.372624).
P2: N=50, mean=54.68 (+/-2.544986).

Agent 2 (Example UCT)
Winning score (between 0 and 1) : N=100, mean=0.49 (+/-0.098472).
P1: N=50, mean=0.52 (+/-0.139885).
P2: N=50, mean=0.46 (+/-0.139548).
Game Durations: N=100, mean=55.69 (+/-2.111253).
P1: N=50, mean=54.68 (+/-2.544986).
P2: N=50, mean=56.7 (+/-3.372624).
=====================================================
