Warming up...
Finished warming up!
=====================================================
Completed 1 games.

Agent 1 (EntropySHUCTAnytime)
Winning score (between 0 and 1) : N=1, mean=0 (+/-0).
P1: N=0, mean=0 (+/-0).
P2: N=1, mean=0 (+/-0).
Game Durations: N=1, mean=49 (+/-0).
P1: N=0, mean=0 (+/-0).
P2: N=1, mean=49 (+/-0).

Agent 2 (Example UCT)
Winning score (between 0 and 1) : N=1, mean=1 (+/-0).
P1: N=1, mean=1 (+/-0).
P2: N=0, mean=0 (+/-0).
Game Durations: N=1, mean=49 (+/-0).
P1: N=1, mean=49 (+/-0).
P2: N=0, mean=0 (+/-0).
=====================================================
=====================================================
Completed 2 games.

Agent 1 (EntropySHUCTAnytime)
Winning score (between 0 and 1) : N=2, mean=0 (+/-0).
P1: N=1, mean=0 (+/-0).
P2: N=1, mean=0 (+/-0).
Game Durations: N=2, mean=46.5 (+/-4.8999).
P1: N=1, mean=44 (+/-0).
P2: N=1, mean=49 (+/-0).

Agent 2 (Example UCT)
Winning score (between 0 and 1) : N=2, mean=1 (+/-0).
P1: N=1, mean=1 (+/-0).
P2: N=1, mean=1 (+/-0).
Game Durations: N=2, mean=46.5 (+/-4.8999).
P1: N=1, mean=49 (+/-0).
P2: N=1, mean=44 (+/-0).
=====================================================
=====================================================
Completed 3 games.

Agent 1 (EntropySHUCTAnytime)
Winning score (between 0 and 1) : N=3, mean=0.333333 (+/-0.65332).
P1: N=1, mean=0 (+/-0).
P2: N=2, mean=0.5 (+/-0.97998).
Game Durations: N=3, mean=43.666667 (+/-6.232276).
P1: N=1, mean=44 (+/-0).
P2: N=2, mean=43.5 (+/-10.77978).

Agent 2 (Example UCT)
Winning score (between 0 and 1) : N=3, mean=0.666667 (+/-0.65332).
P1: N=2, mean=0.5 (+/-0.97998).
P2: N=1, mean=1 (+/-0).
Game Durations: N=3, mean=43.666667 (+/-6.232276).
P1: N=2, mean=43.5 (+/-10.77978).
P2: N=1, mean=44 (+/-0).
=====================================================
=====================================================
Completed 4 games.

Agent 1 (EntropySHUCTAnytime)
Winning score (between 0 and 1) : N=4, mean=0.5 (+/-0.565792).
P1: N=2, mean=0.5 (+/-0.97998).
P2: N=2, mean=0.5 (+/-0.97998).
Game Durations: N=4, mean=48 (+/-9.568406).
P1: N=2, mean=52.5 (+/-16.65966).
P2: N=2, mean=43.5 (+/-10.77978).

Agent 2 (Example UCT)
Winning score (between 0 and 1) : N=4, mean=0.5 (+/-0.565792).
P1: N=2, mean=0.5 (+/-0.97998).
P2: N=2, mean=0.5 (+/-0.97998).
Game Durations: N=4, mean=48 (+/-9.568406).
P1: N=2, mean=43.5 (+/-10.77978).
P2: N=2, mean=52.5 (+/-16.65966).
=====================================================
=====================================================
Completed 5 games.

Agent 1 (EntropySHUCTAnytime)
Winning score (between 0 and 1) : N=5, mean=0.6 (+/-0.48009).
P1: N=2, mean=0.5 (+/-0.97998).
P2: N=3, mean=0.666667 (+/-0.65332).
Game Durations: N=5, mean=46.4 (+/-8.047778).
P1: N=2, mean=52.5 (+/-16.65966).
P2: N=3, mean=42.333333 (+/-6.630474).

Agent 2 (Example UCT)
Winning score (between 0 and 1) : N=5, mean=0.4 (+/-0.48009).
P1: N=3, mean=0.333333 (+/-0.65332).
P2: N=2, mean=0.5 (+/-0.97998).
Game Durations: N=5, mean=46.4 (+/-8.047778).
P1: N=3, mean=42.333333 (+/-6.630474).
P2: N=2, mean=52.5 (+/-16.65966).
=====================================================
=====================================================
Completed 10 games.

Agent 1 (EntropySHUCTAnytime)
Winning score (between 0 and 1) : N=10, mean=0.6 (+/-0.32006).
P1: N=5, mean=0.6 (+/-0.48009).
P2: N=5, mean=0.6 (+/-0.48009).
Game Durations: N=10, mean=52.5 (+/-7.056158).
P1: N=5, mean=52.6 (+/-8.047778).
P2: N=5, mean=52.4 (+/-12.620073).

Agent 2 (Example UCT)
Winning score (between 0 and 1) : N=10, mean=0.4 (+/-0.32006).
P1: N=5, mean=0.4 (+/-0.48009).
P2: N=5, mean=0.4 (+/-0.48009).
Game Durations: N=10, mean=52.5 (+/-7.056158).
P1: N=5, mean=52.4 (+/-12.620073).
P2: N=5, mean=52.6 (+/-8.047778).
=====================================================
=====================================================
Completed 20 games.

Agent 1 (EntropySHUCTAnytime)
Winning score (between 0 and 1) : N=20, mean=0.65 (+/-0.214467).
P1: N=10, mean=0.7 (+/-0.299389).
P2: N=10, mean=0.6 (+/-0.32006).
Game Durations: N=20, mean=52.45 (+/-4.557808).
P1: N=10, mean=52.3 (+/-5.966711).
P2: N=10, mean=52.6 (+/-7.217338).

Agent 2 (Example UCT)
Winning score (between 0 and 1) : N=20, mean=0.35 (+/-0.214467).
P1: N=10, mean=0.4 (+/-0.32006).
P2: N=10, mean=0.3 (+/-0.299389).
Game Durations: N=20, mean=52.45 (+/-4.557808).
P1: N=10, mean=52.6 (+/-7.217338).
P2: N=10, mean=52.3 (+/-5.966711).
=====================================================
=====================================================
Completed 30 games.

Agent 1 (EntropySHUCTAnytime)
Winning score (between 0 and 1) : N=30, mean=0.633333 (+/-0.175388).
P1: N=15, mean=0.666667 (+/-0.246932).
P2: N=15, mean=0.6 (+/-0.256619).
Game Durations: N=30, mean=52.133333 (+/-3.973324).
P1: N=15, mean=53.866667 (+/-5.22726).
P2: N=15, mean=50.4 (+/-6.035853).

Agent 2 (Example UCT)
Winning score (between 0 and 1) : N=30, mean=0.366667 (+/-0.175388).
P1: N=15, mean=0.4 (+/-0.256619).
P2: N=15, mean=0.333333 (+/-0.246932).
Game Durations: N=30, mean=52.133333 (+/-3.973324).
P1: N=15, mean=50.4 (+/-6.035853).
P2: N=15, mean=53.866667 (+/-5.22726).
=====================================================
=====================================================
Completed 40 games.

Agent 1 (EntropySHUCTAnytime)
Winning score (between 0 and 1) : N=40, mean=0.575 (+/-0.155147).
P1: N=20, mean=0.65 (+/-0.214467).
P2: N=20, mean=0.5 (+/-0.224823).
Game Durations: N=40, mean=52.025 (+/-3.447644).
P1: N=20, mean=53.65 (+/-4.315837).
P2: N=20, mean=50.4 (+/-5.394624).

Agent 2 (Example UCT)
Winning score (between 0 and 1) : N=40, mean=0.425 (+/-0.155147).
P1: N=20, mean=0.5 (+/-0.224823).
P2: N=20, mean=0.35 (+/-0.214467).
Game Durations: N=40, mean=52.025 (+/-3.447644).
P1: N=20, mean=50.4 (+/-5.394624).
P2: N=20, mean=53.65 (+/-4.315837).
=====================================================
=====================================================
Completed 50 games.

Agent 1 (EntropySHUCTAnytime)
Winning score (between 0 and 1) : N=50, mean=0.54 (+/-0.139548).
P1: N=25, mean=0.6 (+/-0.195996).
P2: N=25, mean=0.48 (+/-0.199877).
Game Durations: N=50, mean=52.84 (+/-2.829112).
P1: N=25, mean=54.52 (+/-3.546246).
P2: N=25, mean=51.16 (+/-4.382136).

Agent 2 (Example UCT)
Winning score (between 0 and 1) : N=50, mean=0.46 (+/-0.139548).
P1: N=25, mean=0.52 (+/-0.199877).
P2: N=25, mean=0.4 (+/-0.195996).
Game Durations: N=50, mean=52.84 (+/-2.829112).
P1: N=25, mean=51.16 (+/-4.382136).
P2: N=25, mean=54.52 (+/-3.546246).
=====================================================
=====================================================
Completed 60 games.

Agent 1 (EntropySHUCTAnytime)
Winning score (between 0 and 1) : N=60, mean=0.516667 (+/-0.127512).
P1: N=30, mean=0.566667 (+/-0.180353).
P2: N=30, mean=0.466667 (+/-0.181573).
Game Durations: N=60, mean=53.35 (+/-2.71557).
P1: N=30, mean=54.833333 (+/-3.021902).
P2: N=30, mean=51.866667 (+/-4.50456).

Agent 2 (Example UCT)
Winning score (between 0 and 1) : N=60, mean=0.483333 (+/-0.127512).
P1: N=30, mean=0.533333 (+/-0.181573).
P2: N=30, mean=0.433333 (+/-0.180353).
Game Durations: N=60, mean=53.35 (+/-2.71557).
P1: N=30, mean=51.866667 (+/-4.50456).
P2: N=30, mean=54.833333 (+/-3.021902).
=====================================================
=====================================================
Completed 70 games.

Agent 1 (EntropySHUCTAnytime)
Winning score (between 0 and 1) : N=70, mean=0.542857 (+/-0.117542).
P1: N=35, mean=0.571429 (+/-0.166341).
P2: N=35, mean=0.514286 (+/-0.167997).
Game Durations: N=70, mean=52.728571 (+/-2.457238).
P1: N=35, mean=54.057143 (+/-2.781037).
P2: N=35, mean=51.4 (+/-4.046509).

Agent 2 (Example UCT)
Winning score (between 0 and 1) : N=70, mean=0.457143 (+/-0.117542).
P1: N=35, mean=0.485714 (+/-0.167997).
P2: N=35, mean=0.428571 (+/-0.166341).
Game Durations: N=70, mean=52.728571 (+/-2.457238).
P1: N=35, mean=51.4 (+/-4.046509).
P2: N=35, mean=54.057143 (+/-2.781037).
=====================================================
=====================================================
Completed 80 games.

Agent 1 (EntropySHUCTAnytime)
Winning score (between 0 and 1) : N=80, mean=0.55 (+/-0.109704).
P1: N=40, mean=0.575 (+/-0.155147).
P2: N=40, mean=0.525 (+/-0.156726).
Game Durations: N=80, mean=53.2 (+/-2.444461).
P1: N=40, mean=54.475 (+/-3.01437).
P2: N=40, mean=51.925 (+/-3.847248).

Agent 2 (Example UCT)
Winning score (between 0 and 1) : N=80, mean=0.45 (+/-0.109704).
P1: N=40, mean=0.475 (+/-0.156726).
P2: N=40, mean=0.425 (+/-0.155147).
Game Durations: N=80, mean=53.2 (+/-2.444461).
P1: N=40, mean=51.925 (+/-3.847248).
P2: N=40, mean=54.475 (+/-3.01437).
=====================================================
=====================================================
Completed 90 games.

Agent 1 (EntropySHUCTAnytime)
Winning score (between 0 and 1) : N=90, mean=0.555556 (+/-0.103234).
P1: N=45, mean=0.577778 (+/-0.145939).
P2: N=45, mean=0.533333 (+/-0.147409).
Game Durations: N=90, mean=53.411111 (+/-2.273715).
P1: N=45, mean=54.088889 (+/-2.830551).
P2: N=45, mean=52.733333 (+/-3.580766).

Agent 2 (Example UCT)
Winning score (between 0 and 1) : N=90, mean=0.444444 (+/-0.103234).
P1: N=45, mean=0.466667 (+/-0.147409).
P2: N=45, mean=0.422222 (+/-0.145939).
Game Durations: N=90, mean=53.411111 (+/-2.273715).
P1: N=45, mean=52.733333 (+/-3.580766).
P2: N=45, mean=54.088889 (+/-2.830551).
=====================================================
=====================================================
Completed 100 games.

Agent 1 (EntropySHUCTAnytime)
Winning score (between 0 and 1) : N=100, mean=0.57 (+/-0.097522).
P1: N=50, mean=0.58 (+/-0.138194).
P2: N=50, mean=0.56 (+/-0.138986).
Game Durations: N=100, mean=53.55 (+/-2.150166).
P1: N=50, mean=53.78 (+/-2.687531).
P2: N=50, mean=53.32 (+/-3.383851).

Agent 2 (Example UCT)
Winning score (between 0 and 1) : N=100, mean=0.43 (+/-0.097522).
P1: N=50, mean=0.44 (+/-0.138986).
P2: N=50, mean=0.42 (+/-0.138194).
Game Durations: N=100, mean=53.55 (+/-2.150166).
P1: N=50, mean=53.32 (+/-3.383851).
P2: N=50, mean=53.78 (+/-2.687531).
=====================================================
