Warming up...
Finished warming up!
=====================================================
Completed 1 games.

Agent 1 (EntropySHUCTAnytime)
Winning score (between 0 and 1) : N=1, mean=0 (+/-0).
P1: N=0, mean=0 (+/-0).
P2: N=1, mean=0 (+/-0).
Game Durations: N=1, mean=51 (+/-0).
P1: N=0, mean=0 (+/-0).
P2: N=1, mean=51 (+/-0).

Agent 2 (Example UCT)
Winning score (between 0 and 1) : N=1, mean=1 (+/-0).
P1: N=1, mean=1 (+/-0).
P2: N=0, mean=0 (+/-0).
Game Durations: N=1, mean=51 (+/-0).
P1: N=1, mean=51 (+/-0).
P2: N=0, mean=0 (+/-0).
=====================================================
=====================================================
Completed 2 games.

Agent 1 (EntropySHUCTAnytime)
Winning score (between 0 and 1) : N=2, mean=0 (+/-0).
P1: N=1, mean=0 (+/-0).
P2: N=1, mean=0 (+/-0).
Game Durations: N=2, mean=53.5 (+/-4.8999).
P1: N=1, mean=56 (+/-0).
P2: N=1, mean=51 (+/-0).

Agent 2 (Example UCT)
Winning score (between 0 and 1) : N=2, mean=1 (+/-0).
P1: N=1, mean=1 (+/-0).
P2: N=1, mean=1 (+/-0).
Game Durations: N=2, mean=53.5 (+/-4.8999).
P1: N=1, mean=51 (+/-0).
P2: N=1, mean=56 (+/-0).
=====================================================
=====================================================
Completed 3 games.

Agent 1 (EntropySHUCTAnytime)
Winning score (between 0 and 1) : N=3, mean=0 (+/-0).
P1: N=1, mean=0 (+/-0).
P2: N=2, mean=0 (+/-0).
Game Durations: N=3, mean=52.666667 (+/-3.2666).
P1: N=1, mean=56 (+/-0).
P2: N=2, mean=51 (+/-0).

Agent 2 (Example UCT)
Winning score (between 0 and 1) : N=3, mean=1 (+/-0).
P1: N=2, mean=1 (+/-0).
P2: N=1, mean=1 (+/-0).
Game Durations: N=3, mean=52.666667 (+/-3.2666).
P1: N=2, mean=51 (+/-0).
P2: N=1, mean=56 (+/-0).
=====================================================
=====================================================
Completed 4 games.

Agent 1 (EntropySHUCTAnytime)
Winning score (between 0 and 1) : N=4, mean=0.25 (+/-0.48999).
P1: N=2, mean=0.5 (+/-0.97998).
P2: N=2, mean=0 (+/-0).
Game Durations: N=4, mean=54.75 (+/-4.691297).
P1: N=2, mean=58.5 (+/-4.8999).
P2: N=2, mean=51 (+/-0).

Agent 2 (Example UCT)
Winning score (between 0 and 1) : N=4, mean=0.75 (+/-0.48999).
P1: N=2, mean=1 (+/-0).
P2: N=2, mean=0.5 (+/-0.97998).
Game Durations: N=4, mean=54.75 (+/-4.691297).
P1: N=2, mean=51 (+/-0).
P2: N=2, mean=58.5 (+/-4.8999).
=====================================================
=====================================================
Completed 5 games.

Agent 1 (EntropySHUCTAnytime)
Winning score (between 0 and 1) : N=5, mean=0.4 (+/-0.48009).
P1: N=2, mean=0.5 (+/-0.97998).
P2: N=3, mean=0.333333 (+/-0.65332).
Game Durations: N=5, mean=59 (+/-9.087961).
P1: N=2, mean=58.5 (+/-4.8999).
P2: N=3, mean=59.333333 (+/-16.333).

Agent 2 (Example UCT)
Winning score (between 0 and 1) : N=5, mean=0.6 (+/-0.48009).
P1: N=3, mean=0.666667 (+/-0.65332).
P2: N=2, mean=0.5 (+/-0.97998).
Game Durations: N=5, mean=59 (+/-9.087961).
P1: N=3, mean=59.333333 (+/-16.333).
P2: N=2, mean=58.5 (+/-4.8999).
=====================================================
=====================================================
Completed 10 games.

Agent 1 (EntropySHUCTAnytime)
Winning score (between 0 and 1) : N=10, mean=0.3 (+/-0.299389).
P1: N=5, mean=0.2 (+/-0.391992).
P2: N=5, mean=0.4 (+/-0.48009).
Game Durations: N=10, mean=56.4 (+/-5.070706).
P1: N=5, mean=57.4 (+/-3.372043).
P2: N=5, mean=55.4 (+/-10.119925).

Agent 2 (Example UCT)
Winning score (between 0 and 1) : N=10, mean=0.7 (+/-0.299389).
P1: N=5, mean=0.6 (+/-0.48009).
P2: N=5, mean=0.8 (+/-0.391992).
Game Durations: N=10, mean=56.4 (+/-5.070706).
P1: N=5, mean=55.4 (+/-10.119925).
P2: N=5, mean=57.4 (+/-3.372043).
=====================================================
=====================================================
Completed 20 games.

Agent 1 (EntropySHUCTAnytime)
Winning score (between 0 and 1) : N=20, mean=0.35 (+/-0.214467).
P1: N=10, mean=0.2 (+/-0.261328).
P2: N=10, mean=0.5 (+/-0.32666).
Game Durations: N=20, mean=52.95 (+/-4.74259).
P1: N=10, mean=52 (+/-5.395332).
P2: N=10, mean=53.9 (+/-8.067642).

Agent 2 (Example UCT)
Winning score (between 0 and 1) : N=20, mean=0.65 (+/-0.214467).
P1: N=10, mean=0.5 (+/-0.32666).
P2: N=10, mean=0.8 (+/-0.261328).
Game Durations: N=20, mean=52.95 (+/-4.74259).
P1: N=10, mean=53.9 (+/-8.067642).
P2: N=10, mean=52 (+/-5.395332).
=====================================================
=====================================================
Completed 30 games.

Agent 1 (EntropySHUCTAnytime)
Winning score (between 0 and 1) : N=30, mean=0.366667 (+/-0.175388).
P1: N=15, mean=0.266667 (+/-0.231643).
P2: N=15, mean=0.466667 (+/-0.261328).
Game Durations: N=30, mean=52.266667 (+/-3.750605).
P1: N=15, mean=50.4 (+/-4.096984).
P2: N=15, mean=54.133333 (+/-6.291286).

Agent 2 (Example UCT)
Winning score (between 0 and 1) : N=30, mean=0.633333 (+/-0.175388).
P1: N=15, mean=0.533333 (+/-0.261328).
P2: N=15, mean=0.733333 (+/-0.231643).
Game Durations: N=30, mean=52.266667 (+/-3.750605).
P1: N=15, mean=54.133333 (+/-6.291286).
P2: N=15, mean=50.4 (+/-4.096984).
=====================================================
=====================================================
Completed 40 games.

Agent 1 (EntropySHUCTAnytime)
Winning score (between 0 and 1) : N=40, mean=0.35 (+/-0.149694).
P1: N=20, mean=0.2 (+/-0.179858).
P2: N=20, mean=0.5 (+/-0.224823).
Game Durations: N=40, mean=52.6 (+/-3.607031).
P1: N=20, mean=53.3 (+/-4.215893).
P2: N=20, mean=51.9 (+/-5.95318).

Agent 2 (Example UCT)
Winning score (between 0 and 1) : N=40, mean=0.65 (+/-0.149694).
P1: N=20, mean=0.5 (+/-0.224823).
P2: N=20, mean=0.8 (+/-0.179858).
Game Durations: N=40, mean=52.6 (+/-3.607031).
P1: N=20, mean=51.9 (+/-5.95318).
P2: N=20, mean=53.3 (+/-4.215893).
=====================================================
=====================================================
Completed 50 games.

Agent 1 (EntropySHUCTAnytime)
Winning score (between 0 and 1) : N=50, mean=0.36 (+/-0.134397).
P1: N=25, mean=0.24 (+/-0.170865).
P2: N=25, mean=0.48 (+/-0.199877).
Game Durations: N=50, mean=52.94 (+/-3.314551).
P1: N=25, mean=53.12 (+/-4.187348).
P2: N=25, mean=52.76 (+/-5.226495).

Agent 2 (Example UCT)
Winning score (between 0 and 1) : N=50, mean=0.64 (+/-0.134397).
P1: N=25, mean=0.52 (+/-0.199877).
P2: N=25, mean=0.76 (+/-0.170865).
Game Durations: N=50, mean=52.94 (+/-3.314551).
P1: N=25, mean=52.76 (+/-5.226495).
P2: N=25, mean=53.12 (+/-4.187348).
=====================================================
=====================================================
Completed 60 games.

Agent 1 (EntropySHUCTAnytime)
Winning score (between 0 and 1) : N=60, mean=0.4 (+/-0.125005).
P1: N=30, mean=0.266667 (+/-0.160947).
P2: N=30, mean=0.533333 (+/-0.181573).
Game Durations: N=60, mean=53.4 (+/-2.921315).
P1: N=30, mean=53.933333 (+/-3.744714).
P2: N=30, mean=52.866667 (+/-4.541656).

Agent 2 (Example UCT)
Winning score (between 0 and 1) : N=60, mean=0.6 (+/-0.125005).
P1: N=30, mean=0.466667 (+/-0.181573).
P2: N=30, mean=0.733333 (+/-0.160947).
Game Durations: N=60, mean=53.4 (+/-2.921315).
P1: N=30, mean=52.866667 (+/-4.541656).
P2: N=30, mean=53.933333 (+/-3.744714).
=====================================================
=====================================================
Completed 70 games.

Agent 1 (EntropySHUCTAnytime)
Winning score (between 0 and 1) : N=70, mean=0.4 (+/-0.115592).
P1: N=35, mean=0.285714 (+/-0.151848).
P2: N=35, mean=0.514286 (+/-0.167997).
Game Durations: N=70, mean=53.928571 (+/-2.681769).
P1: N=35, mean=53.542857 (+/-3.277024).
P2: N=35, mean=54.314286 (+/-4.291629).

Agent 2 (Example UCT)
Winning score (between 0 and 1) : N=70, mean=0.6 (+/-0.115592).
P1: N=35, mean=0.485714 (+/-0.167997).
P2: N=35, mean=0.714286 (+/-0.151848).
Game Durations: N=70, mean=53.928571 (+/-2.681769).
P1: N=35, mean=54.314286 (+/-4.291629).
P2: N=35, mean=53.542857 (+/-3.277024).
=====================================================
=====================================================
Completed 80 games.

Agent 1 (EntropySHUCTAnytime)
Winning score (between 0 and 1) : N=80, mean=0.4125 (+/-0.108555).
P1: N=40, mean=0.325 (+/-0.146997).
P2: N=40, mean=0.5 (+/-0.156922).
Game Durations: N=80, mean=54.2125 (+/-2.474928).
P1: N=40, mean=53.125 (+/-3.050264).
P2: N=40, mean=55.3 (+/-3.908722).

Agent 2 (Example UCT)
Winning score (between 0 and 1) : N=80, mean=0.5875 (+/-0.108555).
P1: N=40, mean=0.5 (+/-0.156922).
P2: N=40, mean=0.675 (+/-0.146997).
Game Durations: N=80, mean=54.2125 (+/-2.474928).
P1: N=40, mean=55.3 (+/-3.908722).
P2: N=40, mean=53.125 (+/-3.050264).
=====================================================
=====================================================
Completed 90 games.

Agent 1 (EntropySHUCTAnytime)
Winning score (between 0 and 1) : N=90, mean=0.444444 (+/-0.103234).
P1: N=45, mean=0.355556 (+/-0.141438).
P2: N=45, mean=0.533333 (+/-0.147409).
Game Durations: N=90, mean=54.233333 (+/-2.363516).
P1: N=45, mean=52.8 (+/-3.101847).
P2: N=45, mean=55.666667 (+/-3.552261).

Agent 2 (Example UCT)
Winning score (between 0 and 1) : N=90, mean=0.555556 (+/-0.103234).
P1: N=45, mean=0.466667 (+/-0.147409).
P2: N=45, mean=0.644444 (+/-0.141438).
Game Durations: N=90, mean=54.233333 (+/-2.363516).
P1: N=45, mean=55.666667 (+/-3.552261).
P2: N=45, mean=52.8 (+/-3.101847).
=====================================================
=====================================================
Completed 100 games.

Agent 1 (EntropySHUCTAnytime)
Winning score (between 0 and 1) : N=100, mean=0.43 (+/-0.097522).
P1: N=50, mean=0.36 (+/-0.134397).
P2: N=50, mean=0.5 (+/-0.139997).
Game Durations: N=100, mean=53.61 (+/-2.214972).
P1: N=50, mean=52.44 (+/-2.868629).
P2: N=50, mean=54.78 (+/-3.373572).

Agent 2 (Example UCT)
Winning score (between 0 and 1) : N=100, mean=0.57 (+/-0.097522).
P1: N=50, mean=0.5 (+/-0.139997).
P2: N=50, mean=0.64 (+/-0.134397).
Game Durations: N=100, mean=53.61 (+/-2.214972).
P1: N=50, mean=54.78 (+/-3.373572).
P2: N=50, mean=52.44 (+/-2.868629).
=====================================================
