Warming up...
Finished warming up!
=====================================================
Completed 1 games.

Agent 1 (RegressionTreeSHUCTAny)
Winning score (between 0 and 1) : N=1, mean=0 (+/-0).
P1: N=0, mean=0 (+/-0).
P2: N=1, mean=0 (+/-0).
Game Durations: N=1, mean=13 (+/-0).
P1: N=0, mean=0 (+/-0).
P2: N=1, mean=13 (+/-0).

Agent 2 (SHUCTAnyTime)
Winning score (between 0 and 1) : N=1, mean=1 (+/-0).
P1: N=1, mean=1 (+/-0).
P2: N=0, mean=0 (+/-0).
Game Durations: N=1, mean=13 (+/-0).
P1: N=1, mean=13 (+/-0).
P2: N=0, mean=0 (+/-0).
=====================================================
=====================================================
Completed 2 games.

Agent 1 (RegressionTreeSHUCTAny)
Winning score (between 0 and 1) : N=2, mean=0.5 (+/-0.97998).
P1: N=1, mean=1 (+/-0).
P2: N=1, mean=0 (+/-0).
Game Durations: N=2, mean=14 (+/-1.95996).
P1: N=1, mean=15 (+/-0).
P2: N=1, mean=13 (+/-0).

Agent 2 (SHUCTAnyTime)
Winning score (between 0 and 1) : N=2, mean=0.5 (+/-0.97998).
P1: N=1, mean=1 (+/-0).
P2: N=1, mean=0 (+/-0).
Game Durations: N=2, mean=14 (+/-1.95996).
P1: N=1, mean=13 (+/-0).
P2: N=1, mean=15 (+/-0).
=====================================================
=====================================================
Completed 3 games.

Agent 1 (RegressionTreeSHUCTAny)
Winning score (between 0 and 1) : N=3, mean=0.666667 (+/-0.65332).
P1: N=1, mean=1 (+/-0).
P2: N=2, mean=0.5 (+/-0.97998).
Game Durations: N=3, mean=13.333333 (+/-1.728522).
P1: N=1, mean=15 (+/-0).
P2: N=2, mean=12.5 (+/-0.97998).

Agent 2 (SHUCTAnyTime)
Winning score (between 0 and 1) : N=3, mean=0.333333 (+/-0.65332).
P1: N=2, mean=0.5 (+/-0.97998).
P2: N=1, mean=0 (+/-0).
Game Durations: N=3, mean=13.333333 (+/-1.728522).
P1: N=2, mean=12.5 (+/-0.97998).
P2: N=1, mean=15 (+/-0).
=====================================================
=====================================================
Completed 4 games.

Agent 1 (RegressionTreeSHUCTAny)
Winning score (between 0 and 1) : N=4, mean=0.5 (+/-0.565792).
P1: N=2, mean=0.5 (+/-0.97998).
P2: N=2, mean=0.5 (+/-0.97998).
Game Durations: N=4, mean=14 (+/-1.789191).
P1: N=2, mean=15.5 (+/-0.97998).
P2: N=2, mean=12.5 (+/-0.97998).

Agent 2 (SHUCTAnyTime)
Winning score (between 0 and 1) : N=4, mean=0.5 (+/-0.565792).
P1: N=2, mean=0.5 (+/-0.97998).
P2: N=2, mean=0.5 (+/-0.97998).
Game Durations: N=4, mean=14 (+/-1.789191).
P1: N=2, mean=12.5 (+/-0.97998).
P2: N=2, mean=15.5 (+/-0.97998).
=====================================================
=====================================================
Completed 5 games.

Agent 1 (RegressionTreeSHUCTAny)
Winning score (between 0 and 1) : N=5, mean=0.4 (+/-0.48009).
P1: N=2, mean=0.5 (+/-0.97998).
P2: N=3, mean=0.333333 (+/-0.65332).
Game Durations: N=5, mean=15.4 (+/-3.074077).
P1: N=2, mean=15.5 (+/-0.97998).
P2: N=3, mean=15.333333 (+/-5.581969).

Agent 2 (SHUCTAnyTime)
Winning score (between 0 and 1) : N=5, mean=0.6 (+/-0.48009).
P1: N=3, mean=0.666667 (+/-0.65332).
P2: N=2, mean=0.5 (+/-0.97998).
Game Durations: N=5, mean=15.4 (+/-3.074077).
P1: N=3, mean=15.333333 (+/-5.581969).
P2: N=2, mean=15.5 (+/-0.97998).
=====================================================
=====================================================
Completed 10 games.

Agent 1 (RegressionTreeSHUCTAny)
Winning score (between 0 and 1) : N=10, mean=0.5 (+/-0.32666).
P1: N=5, mean=0.4 (+/-0.48009).
P2: N=5, mean=0.6 (+/-0.48009).
Game Durations: N=10, mean=14 (+/-2.186427).
P1: N=5, mean=12.8 (+/-2.432246).
P2: N=5, mean=15.2 (+/-3.581958).

Agent 2 (SHUCTAnyTime)
Winning score (between 0 and 1) : N=10, mean=0.5 (+/-0.32666).
P1: N=5, mean=0.4 (+/-0.48009).
P2: N=5, mean=0.6 (+/-0.48009).
Game Durations: N=10, mean=14 (+/-2.186427).
P1: N=5, mean=15.2 (+/-3.581958).
P2: N=5, mean=12.8 (+/-2.432246).
=====================================================
=====================================================
Completed 20 games.

Agent 1 (RegressionTreeSHUCTAny)
Winning score (between 0 and 1) : N=20, mean=0.65 (+/-0.214467).
P1: N=10, mean=0.5 (+/-0.32666).
P2: N=10, mean=0.8 (+/-0.261328).
Game Durations: N=20, mean=14.05 (+/-1.541144).
P1: N=10, mean=14.5 (+/-2.360104).
P2: N=10, mean=13.6 (+/-2.070107).

Agent 2 (SHUCTAnyTime)
Winning score (between 0 and 1) : N=20, mean=0.35 (+/-0.214467).
P1: N=10, mean=0.2 (+/-0.261328).
P2: N=10, mean=0.5 (+/-0.32666).
Game Durations: N=20, mean=14.05 (+/-1.541144).
P1: N=10, mean=13.6 (+/-2.070107).
P2: N=10, mean=14.5 (+/-2.360104).
=====================================================
=====================================================
Completed 30 games.

Agent 1 (RegressionTreeSHUCTAny)
Winning score (between 0 and 1) : N=30, mean=0.6 (+/-0.178301).
P1: N=15, mean=0.533333 (+/-0.261328).
P2: N=15, mean=0.666667 (+/-0.246932).
Game Durations: N=30, mean=14.833333 (+/-1.497927).
P1: N=15, mean=15.733333 (+/-2.519188).
P2: N=15, mean=13.933333 (+/-1.582676).

Agent 2 (SHUCTAnyTime)
Winning score (between 0 and 1) : N=30, mean=0.4 (+/-0.178301).
P1: N=15, mean=0.333333 (+/-0.246932).
P2: N=15, mean=0.466667 (+/-0.261328).
Game Durations: N=30, mean=14.833333 (+/-1.497927).
P1: N=15, mean=13.933333 (+/-1.582676).
P2: N=15, mean=15.733333 (+/-2.519188).
=====================================================
=====================================================
Completed 40 games.

Agent 1 (RegressionTreeSHUCTAny)
Winning score (between 0 and 1) : N=40, mean=0.575 (+/-0.155147).
P1: N=20, mean=0.5 (+/-0.224823).
P2: N=20, mean=0.65 (+/-0.214467).
Game Durations: N=40, mean=15.375 (+/-1.425642).
P1: N=20, mean=15.9 (+/-2.305503).
P2: N=20, mean=14.85 (+/-1.707914).

Agent 2 (SHUCTAnyTime)
Winning score (between 0 and 1) : N=40, mean=0.425 (+/-0.155147).
P1: N=20, mean=0.35 (+/-0.214467).
P2: N=20, mean=0.5 (+/-0.224823).
Game Durations: N=40, mean=15.375 (+/-1.425642).
P1: N=20, mean=14.85 (+/-1.707914).
P2: N=20, mean=15.9 (+/-2.305503).
=====================================================
=====================================================
Completed 50 games.

Agent 1 (RegressionTreeSHUCTAny)
Winning score (between 0 and 1) : N=50, mean=0.58 (+/-0.138194).
P1: N=25, mean=0.56 (+/-0.198592).
P2: N=25, mean=0.6 (+/-0.195996).
Game Durations: N=50, mean=15.36 (+/-1.355311).
P1: N=25, mean=16.08 (+/-2.11373).
P2: N=25, mean=14.64 (+/-1.693145).

Agent 2 (SHUCTAnyTime)
Winning score (between 0 and 1) : N=50, mean=0.42 (+/-0.138194).
P1: N=25, mean=0.4 (+/-0.195996).
P2: N=25, mean=0.44 (+/-0.198592).
Game Durations: N=50, mean=15.36 (+/-1.355311).
P1: N=25, mean=14.64 (+/-1.693145).
P2: N=25, mean=16.08 (+/-2.11373).
=====================================================
=====================================================
Completed 60 games.

Agent 1 (RegressionTreeSHUCTAny)
Winning score (between 0 and 1) : N=60, mean=0.6 (+/-0.125005).
P1: N=30, mean=0.6 (+/-0.178301).
P2: N=30, mean=0.6 (+/-0.178301).
Game Durations: N=60, mean=15.3 (+/-1.184343).
P1: N=30, mean=15.533333 (+/-1.874125).
P2: N=30, mean=15.066667 (+/-1.476701).

Agent 2 (SHUCTAnyTime)
Winning score (between 0 and 1) : N=60, mean=0.4 (+/-0.125005).
P1: N=30, mean=0.4 (+/-0.178301).
P2: N=30, mean=0.4 (+/-0.178301).
Game Durations: N=60, mean=15.3 (+/-1.184343).
P1: N=30, mean=15.066667 (+/-1.476701).
P2: N=30, mean=15.533333 (+/-1.874125).
=====================================================
=====================================================
Completed 70 games.

Agent 1 (RegressionTreeSHUCTAny)
Winning score (between 0 and 1) : N=70, mean=0.614286 (+/-0.114853).
P1: N=35, mean=0.6 (+/-0.16467).
P2: N=35, mean=0.628571 (+/-0.162414).
Game Durations: N=70, mean=15.257143 (+/-1.087635).
P1: N=35, mean=15.8 (+/-1.704113).
P2: N=35, mean=14.714286 (+/-1.353069).

Agent 2 (SHUCTAnyTime)
Winning score (between 0 and 1) : N=70, mean=0.385714 (+/-0.114853).
P1: N=35, mean=0.371429 (+/-0.162414).
P2: N=35, mean=0.4 (+/-0.16467).
Game Durations: N=70, mean=15.257143 (+/-1.087635).
P1: N=35, mean=14.714286 (+/-1.353069).
P2: N=35, mean=15.8 (+/-1.704113).
=====================================================
=====================================================
Completed 80 games.

Agent 1 (RegressionTreeSHUCTAny)
Winning score (between 0 and 1) : N=80, mean=0.575 (+/-0.109009).
P1: N=40, mean=0.55 (+/-0.156136).
P2: N=40, mean=0.6 (+/-0.153752).
Game Durations: N=80, mean=15.2 (+/-1.02923).
P1: N=40, mean=15.6 (+/-1.562619).
P2: N=40, mean=14.8 (+/-1.348437).

Agent 2 (SHUCTAnyTime)
Winning score (between 0 and 1) : N=80, mean=0.425 (+/-0.109009).
P1: N=40, mean=0.4 (+/-0.153752).
P2: N=40, mean=0.45 (+/-0.156136).
Game Durations: N=80, mean=15.2 (+/-1.02923).
P1: N=40, mean=14.8 (+/-1.348437).
P2: N=40, mean=15.6 (+/-1.562619).
=====================================================
=====================================================
Completed 90 games.

Agent 1 (RegressionTreeSHUCTAny)
Winning score (between 0 and 1) : N=90, mean=0.6 (+/-0.101779).
P1: N=45, mean=0.577778 (+/-0.145939).
P2: N=45, mean=0.622222 (+/-0.143256).
Game Durations: N=90, mean=15.322222 (+/-0.95096).
P1: N=45, mean=15.511111 (+/-1.41173).
P2: N=45, mean=15.133333 (+/-1.288097).

Agent 2 (SHUCTAnyTime)
Winning score (between 0 and 1) : N=90, mean=0.4 (+/-0.101779).
P1: N=45, mean=0.377778 (+/-0.143256).
P2: N=45, mean=0.422222 (+/-0.145939).
Game Durations: N=90, mean=15.322222 (+/-0.95096).
P1: N=45, mean=15.133333 (+/-1.288097).
P2: N=45, mean=15.511111 (+/-1.41173).
=====================================================
=====================================================
Completed 100 games.

Agent 1 (RegressionTreeSHUCTAny)
Winning score (between 0 and 1) : N=100, mean=0.57 (+/-0.097522).
P1: N=50, mean=0.58 (+/-0.138194).
P2: N=50, mean=0.56 (+/-0.138986).
Game Durations: N=100, mean=15.53 (+/-0.951434).
P1: N=50, mean=16.02 (+/-1.462943).
P2: N=50, mean=15.04 (+/-1.216555).

Agent 2 (SHUCTAnyTime)
Winning score (between 0 and 1) : N=100, mean=0.43 (+/-0.097522).
P1: N=50, mean=0.44 (+/-0.138986).
P2: N=50, mean=0.42 (+/-0.138194).
Game Durations: N=100, mean=15.53 (+/-0.951434).
P1: N=50, mean=15.04 (+/-1.216555).
P2: N=50, mean=16.02 (+/-1.462943).
=====================================================
