Warming up...
Finished warming up!
=====================================================
Completed 1 games.

Agent 1 (RegressionTreeSHUCTAny)
Winning score (between 0 and 1) : N=1, mean=1 (+/-0).
P1: N=0, mean=0 (+/-0).
P2: N=1, mean=1 (+/-0).
Game Durations: N=1, mean=14 (+/-0).
P1: N=0, mean=0 (+/-0).
P2: N=1, mean=14 (+/-0).

Agent 2 (SHUCTAnyTime)
Winning score (between 0 and 1) : N=1, mean=0 (+/-0).
P1: N=1, mean=0 (+/-0).
P2: N=0, mean=0 (+/-0).
Game Durations: N=1, mean=14 (+/-0).
P1: N=1, mean=14 (+/-0).
P2: N=0, mean=0 (+/-0).
=====================================================
=====================================================
Completed 2 games.

Agent 1 (RegressionTreeSHUCTAny)
Winning score (between 0 and 1) : N=2, mean=1 (+/-0).
P1: N=1, mean=1 (+/-0).
P2: N=1, mean=1 (+/-0).
Game Durations: N=2, mean=14.5 (+/-0.97998).
P1: N=1, mean=15 (+/-0).
P2: N=1, mean=14 (+/-0).

Agent 2 (SHUCTAnyTime)
Winning score (between 0 and 1) : N=2, mean=0 (+/-0).
P1: N=1, mean=0 (+/-0).
P2: N=1, mean=0 (+/-0).
Game Durations: N=2, mean=14.5 (+/-0.97998).
P1: N=1, mean=14 (+/-0).
P2: N=1, mean=15 (+/-0).
=====================================================
=====================================================
Completed 3 games.

Agent 1 (RegressionTreeSHUCTAny)
Winning score (between 0 and 1) : N=3, mean=0.666667 (+/-0.65332).
P1: N=1, mean=1 (+/-0).
P2: N=2, mean=0.5 (+/-0.97998).
Game Durations: N=3, mean=14.666667 (+/-0.65332).
P1: N=1, mean=15 (+/-0).
P2: N=2, mean=14.5 (+/-0.97998).

Agent 2 (SHUCTAnyTime)
Winning score (between 0 and 1) : N=3, mean=0.333333 (+/-0.65332).
P1: N=2, mean=0.5 (+/-0.97998).
P2: N=1, mean=0 (+/-0).
Game Durations: N=3, mean=14.666667 (+/-0.65332).
P1: N=2, mean=14.5 (+/-0.97998).
P2: N=1, mean=15 (+/-0).
=====================================================
=====================================================
Completed 4 games.

Agent 1 (RegressionTreeSHUCTAny)
Winning score (between 0 and 1) : N=4, mean=0.75 (+/-0.48999).
P1: N=2, mean=1 (+/-0).
P2: N=2, mean=0.5 (+/-0.97998).
Game Durations: N=4, mean=14.25 (+/-0.938259).
P1: N=2, mean=14 (+/-1.95996).
P2: N=2, mean=14.5 (+/-0.97998).

Agent 2 (SHUCTAnyTime)
Winning score (between 0 and 1) : N=4, mean=0.25 (+/-0.48999).
P1: N=2, mean=0.5 (+/-0.97998).
P2: N=2, mean=0 (+/-0).
Game Durations: N=4, mean=14.25 (+/-0.938259).
P1: N=2, mean=14.5 (+/-0.97998).
P2: N=2, mean=14 (+/-1.95996).
=====================================================
=====================================================
Completed 5 games.

Agent 1 (RegressionTreeSHUCTAny)
Winning score (between 0 and 1) : N=5, mean=0.8 (+/-0.391992).
P1: N=2, mean=1 (+/-0).
P2: N=3, mean=0.666667 (+/-0.65332).
Game Durations: N=5, mean=14.2 (+/-0.73335).
P1: N=2, mean=14 (+/-1.95996).
P2: N=3, mean=14.333333 (+/-0.65332).

Agent 2 (SHUCTAnyTime)
Winning score (between 0 and 1) : N=5, mean=0.2 (+/-0.391992).
P1: N=3, mean=0.333333 (+/-0.65332).
P2: N=2, mean=0 (+/-0).
Game Durations: N=5, mean=14.2 (+/-0.73335).
P1: N=3, mean=14.333333 (+/-0.65332).
P2: N=2, mean=14 (+/-1.95996).
=====================================================
=====================================================
Completed 10 games.

Agent 1 (RegressionTreeSHUCTAny)
Winning score (between 0 and 1) : N=10, mean=0.8 (+/-0.261328).
P1: N=5, mean=1 (+/-0).
P2: N=5, mean=0.6 (+/-0.48009).
Game Durations: N=10, mean=15.1 (+/-3.028616).
P1: N=5, mean=13.8 (+/-3.184558).
P2: N=5, mean=16.4 (+/-5.280992).

Agent 2 (SHUCTAnyTime)
Winning score (between 0 and 1) : N=10, mean=0.2 (+/-0.261328).
P1: N=5, mean=0.4 (+/-0.48009).
P2: N=5, mean=0 (+/-0).
Game Durations: N=10, mean=15.1 (+/-3.028616).
P1: N=5, mean=16.4 (+/-5.280992).
P2: N=5, mean=13.8 (+/-3.184558).
=====================================================
=====================================================
Completed 20 games.

Agent 1 (RegressionTreeSHUCTAny)
Winning score (between 0 and 1) : N=20, mean=0.65 (+/-0.214467).
P1: N=10, mean=0.7 (+/-0.299389).
P2: N=10, mean=0.6 (+/-0.32006).
Game Durations: N=20, mean=16.45 (+/-2.596582).
P1: N=10, mean=15.7 (+/-3.494499).
P2: N=10, mean=17.2 (+/-3.971842).

Agent 2 (SHUCTAnyTime)
Winning score (between 0 and 1) : N=20, mean=0.35 (+/-0.214467).
P1: N=10, mean=0.4 (+/-0.32006).
P2: N=10, mean=0.3 (+/-0.299389).
Game Durations: N=20, mean=16.45 (+/-2.596582).
P1: N=10, mean=17.2 (+/-3.971842).
P2: N=10, mean=15.7 (+/-3.494499).
=====================================================
=====================================================
Completed 30 games.

Agent 1 (RegressionTreeSHUCTAny)
Winning score (between 0 and 1) : N=30, mean=0.6 (+/-0.178301).
P1: N=15, mean=0.6 (+/-0.256619).
P2: N=15, mean=0.6 (+/-0.256619).
Game Durations: N=30, mean=15.833333 (+/-1.877303).
P1: N=15, mean=15.4 (+/-2.521607).
P2: N=15, mean=16.266667 (+/-2.85289).

Agent 2 (SHUCTAnyTime)
Winning score (between 0 and 1) : N=30, mean=0.4 (+/-0.178301).
P1: N=15, mean=0.4 (+/-0.256619).
P2: N=15, mean=0.4 (+/-0.256619).
Game Durations: N=30, mean=15.833333 (+/-1.877303).
P1: N=15, mean=16.266667 (+/-2.85289).
P2: N=15, mean=15.4 (+/-2.521607).
=====================================================
=====================================================
Completed 40 games.

Agent 1 (RegressionTreeSHUCTAny)
Winning score (between 0 and 1) : N=40, mean=0.55 (+/-0.156136).
P1: N=20, mean=0.65 (+/-0.214467).
P2: N=20, mean=0.45 (+/-0.223696).
Game Durations: N=40, mean=15.8 (+/-1.617443).
P1: N=20, mean=16.35 (+/-2.153023).
P2: N=20, mean=15.25 (+/-2.44582).

Agent 2 (SHUCTAnyTime)
Winning score (between 0 and 1) : N=40, mean=0.45 (+/-0.156136).
P1: N=20, mean=0.55 (+/-0.223696).
P2: N=20, mean=0.35 (+/-0.214467).
Game Durations: N=40, mean=15.8 (+/-1.617443).
P1: N=20, mean=15.25 (+/-2.44582).
P2: N=20, mean=16.35 (+/-2.153023).
=====================================================
=====================================================
Completed 50 games.

Agent 1 (RegressionTreeSHUCTAny)
Winning score (between 0 and 1) : N=50, mean=0.6 (+/-0.137169).
P1: N=25, mean=0.68 (+/-0.186626).
P2: N=25, mean=0.52 (+/-0.199877).
Game Durations: N=50, mean=15.62 (+/-1.356618).
P1: N=25, mean=15.88 (+/-1.881017).
P2: N=25, mean=15.36 (+/-1.988756).

Agent 2 (SHUCTAnyTime)
Winning score (between 0 and 1) : N=50, mean=0.4 (+/-0.137169).
P1: N=25, mean=0.48 (+/-0.199877).
P2: N=25, mean=0.32 (+/-0.186626).
Game Durations: N=50, mean=15.62 (+/-1.356618).
P1: N=25, mean=15.36 (+/-1.988756).
P2: N=25, mean=15.88 (+/-1.881017).
=====================================================
=====================================================
Completed 60 games.

Agent 1 (RegressionTreeSHUCTAny)
Winning score (between 0 and 1) : N=60, mean=0.616667 (+/-0.124061).
P1: N=30, mean=0.666667 (+/-0.17157).
P2: N=30, mean=0.566667 (+/-0.180353).
Game Durations: N=60, mean=15.25 (+/-1.247985).
P1: N=30, mean=15.6 (+/-1.706067).
P2: N=30, mean=14.9 (+/-1.842324).

Agent 2 (SHUCTAnyTime)
Winning score (between 0 and 1) : N=60, mean=0.383333 (+/-0.124061).
P1: N=30, mean=0.433333 (+/-0.180353).
P2: N=30, mean=0.333333 (+/-0.17157).
Game Durations: N=60, mean=15.25 (+/-1.247985).
P1: N=30, mean=14.9 (+/-1.842324).
P2: N=30, mean=15.6 (+/-1.706067).
=====================================================
=====================================================
Completed 70 games.

Agent 1 (RegressionTreeSHUCTAny)
Winning score (between 0 and 1) : N=70, mean=0.6 (+/-0.115592).
P1: N=35, mean=0.657143 (+/-0.159549).
P2: N=35, mean=0.542857 (+/-0.167447).
Game Durations: N=70, mean=15.528571 (+/-1.162591).
P1: N=35, mean=15.8 (+/-1.620613).
P2: N=35, mean=15.257143 (+/-1.686103).

Agent 2 (SHUCTAnyTime)
Winning score (between 0 and 1) : N=70, mean=0.4 (+/-0.115592).
P1: N=35, mean=0.457143 (+/-0.167447).
P2: N=35, mean=0.342857 (+/-0.159549).
Game Durations: N=70, mean=15.528571 (+/-1.162591).
P1: N=35, mean=15.257143 (+/-1.686103).
P2: N=35, mean=15.8 (+/-1.620613).
=====================================================
=====================================================
Completed 80 games.

Agent 1 (RegressionTreeSHUCTAny)
Winning score (between 0 and 1) : N=80, mean=0.6 (+/-0.108029).
P1: N=40, mean=0.625 (+/-0.151939).
P2: N=40, mean=0.575 (+/-0.155147).
Game Durations: N=80, mean=15.4 (+/-1.083994).
P1: N=40, mean=15.925 (+/-1.462644).
P2: N=40, mean=14.875 (+/-1.602127).

Agent 2 (SHUCTAnyTime)
Winning score (between 0 and 1) : N=80, mean=0.4 (+/-0.108029).
P1: N=40, mean=0.425 (+/-0.155147).
P2: N=40, mean=0.375 (+/-0.151939).
Game Durations: N=80, mean=15.4 (+/-1.083994).
P1: N=40, mean=14.875 (+/-1.602127).
P2: N=40, mean=15.925 (+/-1.462644).
=====================================================
=====================================================
Completed 90 games.

Agent 1 (RegressionTreeSHUCTAny)
Winning score (between 0 and 1) : N=90, mean=0.588889 (+/-0.102223).
P1: N=45, mean=0.644444 (+/-0.141438).
P2: N=45, mean=0.533333 (+/-0.147409).
Game Durations: N=90, mean=15.488889 (+/-0.999361).
P1: N=45, mean=16.111111 (+/-1.336329).
P2: N=45, mean=14.866667 (+/-1.478819).

Agent 2 (SHUCTAnyTime)
Winning score (between 0 and 1) : N=90, mean=0.411111 (+/-0.102223).
P1: N=45, mean=0.466667 (+/-0.147409).
P2: N=45, mean=0.355556 (+/-0.141438).
Game Durations: N=90, mean=15.488889 (+/-0.999361).
P1: N=45, mean=14.866667 (+/-1.478819).
P2: N=45, mean=16.111111 (+/-1.336329).
=====================================================
=====================================================
Completed 100 games.

Agent 1 (RegressionTreeSHUCTAny)
Winning score (between 0 and 1) : N=100, mean=0.58 (+/-0.097223).
P1: N=50, mean=0.62 (+/-0.135905).
P2: N=50, mean=0.54 (+/-0.139548).
Game Durations: N=100, mean=15.18 (+/-0.931204).
P1: N=50, mean=15.78 (+/-1.257533).
P2: N=50, mean=14.58 (+/-1.366062).

Agent 2 (SHUCTAnyTime)
Winning score (between 0 and 1) : N=100, mean=0.42 (+/-0.097223).
P1: N=50, mean=0.46 (+/-0.139548).
P2: N=50, mean=0.38 (+/-0.135905).
Game Durations: N=100, mean=15.18 (+/-0.931204).
P1: N=50, mean=14.58 (+/-1.366062).
P2: N=50, mean=15.78 (+/-1.257533).
=====================================================
