Warming up...
Finished warming up!
=====================================================
Completed 1 games.

Agent 1 (RegressionTreeSHUCTAny)
Winning score (between 0 and 1) : N=1, mean=0 (+/-0).
P1: N=1, mean=0 (+/-0).
P2: N=0, mean=0 (+/-0).
Game Durations: N=1, mean=22 (+/-0).
P1: N=1, mean=22 (+/-0).
P2: N=0, mean=0 (+/-0).

Agent 2 (SHUCTAnyTime)
Winning score (between 0 and 1) : N=1, mean=1 (+/-0).
P1: N=0, mean=0 (+/-0).
P2: N=1, mean=1 (+/-0).
Game Durations: N=1, mean=22 (+/-0).
P1: N=0, mean=0 (+/-0).
P2: N=1, mean=22 (+/-0).
=====================================================
=====================================================
Completed 2 games.

Agent 1 (RegressionTreeSHUCTAny)
Winning score (between 0 and 1) : N=2, mean=0 (+/-0).
P1: N=1, mean=0 (+/-0).
P2: N=1, mean=0 (+/-0).
Game Durations: N=2, mean=16.5 (+/-10.77978).
P1: N=1, mean=22 (+/-0).
P2: N=1, mean=11 (+/-0).

Agent 2 (SHUCTAnyTime)
Winning score (between 0 and 1) : N=2, mean=1 (+/-0).
P1: N=1, mean=1 (+/-0).
P2: N=1, mean=1 (+/-0).
Game Durations: N=2, mean=16.5 (+/-10.77978).
P1: N=1, mean=11 (+/-0).
P2: N=1, mean=22 (+/-0).
=====================================================
=====================================================
Completed 3 games.

Agent 1 (RegressionTreeSHUCTAny)
Winning score (between 0 and 1) : N=3, mean=0.333333 (+/-0.65332).
P1: N=2, mean=0.5 (+/-0.97998).
P2: N=1, mean=0 (+/-0).
Game Durations: N=3, mean=14.666667 (+/-7.18652).
P1: N=2, mean=16.5 (+/-10.77978).
P2: N=1, mean=11 (+/-0).

Agent 2 (SHUCTAnyTime)
Winning score (between 0 and 1) : N=3, mean=0.666667 (+/-0.65332).
P1: N=1, mean=1 (+/-0).
P2: N=2, mean=0.5 (+/-0.97998).
Game Durations: N=3, mean=14.666667 (+/-7.18652).
P1: N=1, mean=11 (+/-0).
P2: N=2, mean=16.5 (+/-10.77978).
=====================================================
=====================================================
Completed 4 games.

Agent 1 (RegressionTreeSHUCTAny)
Winning score (between 0 and 1) : N=4, mean=0.25 (+/-0.48999).
P1: N=2, mean=0.5 (+/-0.97998).
P2: N=2, mean=0 (+/-0).
Game Durations: N=4, mean=13.75 (+/-5.38989).
P1: N=2, mean=16.5 (+/-10.77978).
P2: N=2, mean=11 (+/-0).

Agent 2 (SHUCTAnyTime)
Winning score (between 0 and 1) : N=4, mean=0.75 (+/-0.48999).
P1: N=2, mean=1 (+/-0).
P2: N=2, mean=0.5 (+/-0.97998).
Game Durations: N=4, mean=13.75 (+/-5.38989).
P1: N=2, mean=11 (+/-0).
P2: N=2, mean=16.5 (+/-10.77978).
=====================================================
=====================================================
Completed 5 games.

Agent 1 (RegressionTreeSHUCTAny)
Winning score (between 0 and 1) : N=5, mean=0.4 (+/-0.48009).
P1: N=3, mean=0.666667 (+/-0.65332).
P2: N=2, mean=0 (+/-0).
Game Durations: N=5, mean=13.6 (+/-4.185329).
P1: N=3, mean=15.333333 (+/-6.630474).
P2: N=2, mean=11 (+/-0).

Agent 2 (SHUCTAnyTime)
Winning score (between 0 and 1) : N=5, mean=0.6 (+/-0.48009).
P1: N=2, mean=1 (+/-0).
P2: N=3, mean=0.333333 (+/-0.65332).
Game Durations: N=5, mean=13.6 (+/-4.185329).
P1: N=2, mean=11 (+/-0).
P2: N=3, mean=15.333333 (+/-6.630474).
=====================================================
=====================================================
Completed 10 games.

Agent 1 (RegressionTreeSHUCTAny)
Winning score (between 0 and 1) : N=10, mean=0.4 (+/-0.32006).
P1: N=5, mean=0.8 (+/-0.391992).
P2: N=5, mean=0 (+/-0).
Game Durations: N=10, mean=13.9 (+/-3.09828).
P1: N=5, mean=14.4 (+/-4.537635).
P2: N=5, mean=13.4 (+/-4.703904).

Agent 2 (SHUCTAnyTime)
Winning score (between 0 and 1) : N=10, mean=0.6 (+/-0.32006).
P1: N=5, mean=1 (+/-0).
P2: N=5, mean=0.2 (+/-0.391992).
Game Durations: N=10, mean=13.9 (+/-3.09828).
P1: N=5, mean=13.4 (+/-4.703904).
P2: N=5, mean=14.4 (+/-4.537635).
=====================================================
=====================================================
Completed 20 games.

Agent 1 (RegressionTreeSHUCTAny)
Winning score (between 0 and 1) : N=20, mean=0.5 (+/-0.224823).
P1: N=10, mean=0.7 (+/-0.299389).
P2: N=10, mean=0.3 (+/-0.299389).
Game Durations: N=20, mean=14.7 (+/-1.832547).
P1: N=10, mean=15.9 (+/-2.604281).
P2: N=10, mean=13.5 (+/-2.483475).

Agent 2 (SHUCTAnyTime)
Winning score (between 0 and 1) : N=20, mean=0.5 (+/-0.224823).
P1: N=10, mean=0.7 (+/-0.299389).
P2: N=10, mean=0.3 (+/-0.299389).
Game Durations: N=20, mean=14.7 (+/-1.832547).
P1: N=10, mean=13.5 (+/-2.483475).
P2: N=10, mean=15.9 (+/-2.604281).
=====================================================
=====================================================
Completed 30 games.

Agent 1 (RegressionTreeSHUCTAny)
Winning score (between 0 and 1) : N=30, mean=0.566667 (+/-0.180353).
P1: N=15, mean=0.666667 (+/-0.246932).
P2: N=15, mean=0.466667 (+/-0.261328).
Game Durations: N=30, mean=14.866667 (+/-1.554771).
P1: N=15, mean=15.733333 (+/-2.422953).
P2: N=15, mean=14 (+/-1.931758).

Agent 2 (SHUCTAnyTime)
Winning score (between 0 and 1) : N=30, mean=0.433333 (+/-0.180353).
P1: N=15, mean=0.533333 (+/-0.261328).
P2: N=15, mean=0.333333 (+/-0.246932).
Game Durations: N=30, mean=14.866667 (+/-1.554771).
P1: N=15, mean=14 (+/-1.931758).
P2: N=15, mean=15.733333 (+/-2.422953).
=====================================================
=====================================================
Completed 40 games.

Agent 1 (RegressionTreeSHUCTAny)
Winning score (between 0 and 1) : N=40, mean=0.625 (+/-0.151939).
P1: N=20, mean=0.7 (+/-0.206054).
P2: N=20, mean=0.55 (+/-0.223696).
Game Durations: N=40, mean=15.175 (+/-1.342374).
P1: N=20, mean=15.4 (+/-1.987617).
P2: N=20, mean=14.95 (+/-1.851072).

Agent 2 (SHUCTAnyTime)
Winning score (between 0 and 1) : N=40, mean=0.375 (+/-0.151939).
P1: N=20, mean=0.45 (+/-0.223696).
P2: N=20, mean=0.3 (+/-0.206054).
Game Durations: N=40, mean=15.175 (+/-1.342374).
P1: N=20, mean=14.95 (+/-1.851072).
P2: N=20, mean=15.4 (+/-1.987617).
=====================================================
=====================================================
Completed 50 games.

Agent 1 (RegressionTreeSHUCTAny)
Winning score (between 0 and 1) : N=50, mean=0.58 (+/-0.138194).
P1: N=25, mean=0.68 (+/-0.186626).
P2: N=25, mean=0.48 (+/-0.199877).
Game Durations: N=50, mean=15.4 (+/-1.206252).
P1: N=25, mean=15.96 (+/-1.702948).
P2: N=25, mean=14.84 (+/-1.714937).

Agent 2 (SHUCTAnyTime)
Winning score (between 0 and 1) : N=50, mean=0.42 (+/-0.138194).
P1: N=25, mean=0.52 (+/-0.199877).
P2: N=25, mean=0.32 (+/-0.186626).
Game Durations: N=50, mean=15.4 (+/-1.206252).
P1: N=25, mean=14.84 (+/-1.714937).
P2: N=25, mean=15.96 (+/-1.702948).
=====================================================
=====================================================
Completed 60 games.

Agent 1 (RegressionTreeSHUCTAny)
Winning score (between 0 and 1) : N=60, mean=0.533333 (+/-0.127299).
P1: N=30, mean=0.666667 (+/-0.17157).
P2: N=30, mean=0.4 (+/-0.178301).
Game Durations: N=60, mean=15.433333 (+/-1.15753).
P1: N=30, mean=15.666667 (+/-1.733624).
P2: N=30, mean=15.2 (+/-1.559497).

Agent 2 (SHUCTAnyTime)
Winning score (between 0 and 1) : N=60, mean=0.466667 (+/-0.127299).
P1: N=30, mean=0.6 (+/-0.178301).
P2: N=30, mean=0.333333 (+/-0.17157).
Game Durations: N=60, mean=15.433333 (+/-1.15753).
P1: N=30, mean=15.2 (+/-1.559497).
P2: N=30, mean=15.666667 (+/-1.733624).
=====================================================
=====================================================
Completed 70 games.

Agent 1 (RegressionTreeSHUCTAny)
Winning score (between 0 and 1) : N=70, mean=0.5 (+/-0.117976).
P1: N=35, mean=0.628571 (+/-0.162414).
P2: N=35, mean=0.371429 (+/-0.162414).
Game Durations: N=70, mean=15.485714 (+/-1.052749).
P1: N=35, mean=15.428571 (+/-1.552421).
P2: N=35, mean=15.542857 (+/-1.444842).

Agent 2 (SHUCTAnyTime)
Winning score (between 0 and 1) : N=70, mean=0.5 (+/-0.117976).
P1: N=35, mean=0.628571 (+/-0.162414).
P2: N=35, mean=0.371429 (+/-0.162414).
Game Durations: N=70, mean=15.485714 (+/-1.052749).
P1: N=35, mean=15.542857 (+/-1.444842).
P2: N=35, mean=15.428571 (+/-1.552421).
=====================================================
=====================================================
Completed 80 games.

Agent 1 (RegressionTreeSHUCTAny)
Winning score (between 0 and 1) : N=80, mean=0.5 (+/-0.110256).
P1: N=40, mean=0.6 (+/-0.153752).
P2: N=40, mean=0.4 (+/-0.153752).
Game Durations: N=80, mean=15.475 (+/-0.973118).
P1: N=40, mean=15.65 (+/-1.395727).
P2: N=40, mean=15.3 (+/-1.371972).

Agent 2 (SHUCTAnyTime)
Winning score (between 0 and 1) : N=80, mean=0.5 (+/-0.110256).
P1: N=40, mean=0.6 (+/-0.153752).
P2: N=40, mean=0.4 (+/-0.153752).
Game Durations: N=80, mean=15.475 (+/-0.973118).
P1: N=40, mean=15.3 (+/-1.371972).
P2: N=40, mean=15.65 (+/-1.395727).
=====================================================
=====================================================
Completed 90 games.

Agent 1 (RegressionTreeSHUCTAny)
Winning score (between 0 and 1) : N=90, mean=0.5 (+/-0.103878).
P1: N=45, mean=0.577778 (+/-0.145939).
P2: N=45, mean=0.422222 (+/-0.145939).
Game Durations: N=90, mean=15.333333 (+/-0.920814).
P1: N=45, mean=15.733333 (+/-1.335135).
P2: N=45, mean=14.933333 (+/-1.272641).

Agent 2 (SHUCTAnyTime)
Winning score (between 0 and 1) : N=90, mean=0.5 (+/-0.103878).
P1: N=45, mean=0.577778 (+/-0.145939).
P2: N=45, mean=0.422222 (+/-0.145939).
Game Durations: N=90, mean=15.333333 (+/-0.920814).
P1: N=45, mean=14.933333 (+/-1.272641).
P2: N=45, mean=15.733333 (+/-1.335135).
=====================================================
=====================================================
Completed 100 games.

Agent 1 (RegressionTreeSHUCTAny)
Winning score (between 0 and 1) : N=100, mean=0.49 (+/-0.098472).
P1: N=50, mean=0.56 (+/-0.138986).
P2: N=50, mean=0.42 (+/-0.138194).
Game Durations: N=100, mean=15.13 (+/-0.857118).
P1: N=50, mean=15.48 (+/-1.266169).
P2: N=50, mean=14.78 (+/-1.160258).

Agent 2 (SHUCTAnyTime)
Winning score (between 0 and 1) : N=100, mean=0.51 (+/-0.098472).
P1: N=50, mean=0.58 (+/-0.138194).
P2: N=50, mean=0.44 (+/-0.138986).
Game Durations: N=100, mean=15.13 (+/-0.857118).
P1: N=50, mean=14.78 (+/-1.160258).
P2: N=50, mean=15.48 (+/-1.266169).
=====================================================
