Warming up...
Finished warming up!
=====================================================
Completed 1 games.

Agent 1 (DoubleIterRegressionTreeSHUCTAny)
Winning score (between 0 and 1) : N=1, mean=1 (+/-0).
P1: N=1, mean=1 (+/-0).
P2: N=0, mean=0 (+/-0).
Game Durations: N=1, mean=63 (+/-0).
P1: N=1, mean=63 (+/-0).
P2: N=0, mean=0 (+/-0).

Agent 2 (SHUCTAnyTime)
Winning score (between 0 and 1) : N=1, mean=0 (+/-0).
P1: N=0, mean=0 (+/-0).
P2: N=1, mean=0 (+/-0).
Game Durations: N=1, mean=63 (+/-0).
P1: N=0, mean=0 (+/-0).
P2: N=1, mean=63 (+/-0).
=====================================================
=====================================================
Completed 2 games.

Agent 1 (DoubleIterRegressionTreeSHUCTAny)
Winning score (between 0 and 1) : N=2, mean=1 (+/-0).
P1: N=1, mean=1 (+/-0).
P2: N=1, mean=1 (+/-0).
Game Durations: N=2, mean=69.5 (+/-12.73974).
P1: N=1, mean=63 (+/-0).
P2: N=1, mean=76 (+/-0).

Agent 2 (SHUCTAnyTime)
Winning score (between 0 and 1) : N=2, mean=0 (+/-0).
P1: N=1, mean=0 (+/-0).
P2: N=1, mean=0 (+/-0).
Game Durations: N=2, mean=69.5 (+/-12.73974).
P1: N=1, mean=76 (+/-0).
P2: N=1, mean=63 (+/-0).
=====================================================
=====================================================
Completed 3 games.

Agent 1 (DoubleIterRegressionTreeSHUCTAny)
Winning score (between 0 and 1) : N=3, mean=1 (+/-0).
P1: N=2, mean=1 (+/-0).
P2: N=1, mean=1 (+/-0).
Game Durations: N=3, mean=57.333333 (+/-24.954772).
P1: N=2, mean=48 (+/-29.3994).
P2: N=1, mean=76 (+/-0).

Agent 2 (SHUCTAnyTime)
Winning score (between 0 and 1) : N=3, mean=0 (+/-0).
P1: N=1, mean=0 (+/-0).
P2: N=2, mean=0 (+/-0).
Game Durations: N=3, mean=57.333333 (+/-24.954772).
P1: N=1, mean=76 (+/-0).
P2: N=2, mean=48 (+/-29.3994).
=====================================================
=====================================================
Completed 4 games.

Agent 1 (DoubleIterRegressionTreeSHUCTAny)
Winning score (between 0 and 1) : N=4, mean=0.75 (+/-0.48999).
P1: N=2, mean=1 (+/-0).
P2: N=2, mean=0.5 (+/-0.97998).
Game Durations: N=4, mean=55.75 (+/-17.91649).
P1: N=2, mean=48 (+/-29.3994).
P2: N=2, mean=63.5 (+/-24.4995).

Agent 2 (SHUCTAnyTime)
Winning score (between 0 and 1) : N=4, mean=0.25 (+/-0.48999).
P1: N=2, mean=0.5 (+/-0.97998).
P2: N=2, mean=0 (+/-0).
Game Durations: N=4, mean=55.75 (+/-17.91649).
P1: N=2, mean=63.5 (+/-24.4995).
P2: N=2, mean=48 (+/-29.3994).
=====================================================
=====================================================
Completed 5 games.

Agent 1 (DoubleIterRegressionTreeSHUCTAny)
Winning score (between 0 and 1) : N=5, mean=0.6 (+/-0.48009).
P1: N=3, mean=0.666667 (+/-0.65332).
P2: N=2, mean=0.5 (+/-0.97998).
Game Durations: N=5, mean=51.8 (+/-15.891396).
P1: N=3, mean=44 (+/-18.696827).
P2: N=2, mean=63.5 (+/-24.4995).

Agent 2 (SHUCTAnyTime)
Winning score (between 0 and 1) : N=5, mean=0.4 (+/-0.48009).
P1: N=2, mean=0.5 (+/-0.97998).
P2: N=3, mean=0.333333 (+/-0.65332).
Game Durations: N=5, mean=51.8 (+/-15.891396).
P1: N=2, mean=63.5 (+/-24.4995).
P2: N=3, mean=44 (+/-18.696827).
=====================================================
=====================================================
Completed 10 games.

Agent 1 (DoubleIterRegressionTreeSHUCTAny)
Winning score (between 0 and 1) : N=10, mean=0.7 (+/-0.299389).
P1: N=5, mean=0.6 (+/-0.48009).
P2: N=5, mean=0.8 (+/-0.391992).
Game Durations: N=10, mean=54.6 (+/-9.593799).
P1: N=5, mean=54.2 (+/-16.623881).
P2: N=5, mean=55 (+/-11.727049).

Agent 2 (SHUCTAnyTime)
Winning score (between 0 and 1) : N=10, mean=0.3 (+/-0.299389).
P1: N=5, mean=0.2 (+/-0.391992).
P2: N=5, mean=0.4 (+/-0.48009).
Game Durations: N=10, mean=54.6 (+/-9.593799).
P1: N=5, mean=55 (+/-11.727049).
P2: N=5, mean=54.2 (+/-16.623881).
=====================================================
=====================================================
Completed 20 games.

Agent 1 (DoubleIterRegressionTreeSHUCTAny)
Winning score (between 0 and 1) : N=20, mean=0.55 (+/-0.223696).
P1: N=10, mean=0.5 (+/-0.32666).
P2: N=10, mean=0.6 (+/-0.32006).
Game Durations: N=20, mean=55.45 (+/-6.51517).
P1: N=10, mean=52.3 (+/-9.090543).
P2: N=10, mean=58.6 (+/-9.386915).

Agent 2 (SHUCTAnyTime)
Winning score (between 0 and 1) : N=20, mean=0.45 (+/-0.223696).
P1: N=10, mean=0.4 (+/-0.32006).
P2: N=10, mean=0.5 (+/-0.32666).
Game Durations: N=20, mean=55.45 (+/-6.51517).
P1: N=10, mean=58.6 (+/-9.386915).
P2: N=10, mean=52.3 (+/-9.090543).
=====================================================
=====================================================
Completed 30 games.

Agent 1 (DoubleIterRegressionTreeSHUCTAny)
Winning score (between 0 and 1) : N=30, mean=0.566667 (+/-0.180353).
P1: N=15, mean=0.533333 (+/-0.261328).
P2: N=15, mean=0.6 (+/-0.256619).
Game Durations: N=30, mean=56.8 (+/-5.196114).
P1: N=15, mean=55.733333 (+/-7.436213).
P2: N=15, mean=57.866667 (+/-7.478894).

Agent 2 (SHUCTAnyTime)
Winning score (between 0 and 1) : N=30, mean=0.433333 (+/-0.180353).
P1: N=15, mean=0.4 (+/-0.256619).
P2: N=15, mean=0.466667 (+/-0.261328).
Game Durations: N=30, mean=56.8 (+/-5.196114).
P1: N=15, mean=57.866667 (+/-7.478894).
P2: N=15, mean=55.733333 (+/-7.436213).
=====================================================
=====================================================
Completed 40 games.

Agent 1 (DoubleIterRegressionTreeSHUCTAny)
Winning score (between 0 and 1) : N=40, mean=0.5 (+/-0.156922).
P1: N=20, mean=0.45 (+/-0.223696).
P2: N=20, mean=0.55 (+/-0.223696).
Game Durations: N=40, mean=55.5 (+/-4.74103).
P1: N=20, mean=55.75 (+/-6.568329).
P2: N=20, mean=55.25 (+/-7.007659).

Agent 2 (SHUCTAnyTime)
Winning score (between 0 and 1) : N=40, mean=0.5 (+/-0.156922).
P1: N=20, mean=0.45 (+/-0.223696).
P2: N=20, mean=0.55 (+/-0.223696).
Game Durations: N=40, mean=55.5 (+/-4.74103).
P1: N=20, mean=55.25 (+/-7.007659).
P2: N=20, mean=55.75 (+/-6.568329).
=====================================================
=====================================================
Completed 50 games.

Agent 1 (DoubleIterRegressionTreeSHUCTAny)
Winning score (between 0 and 1) : N=50, mean=0.48 (+/-0.139885).
P1: N=25, mean=0.48 (+/-0.199877).
P2: N=25, mean=0.48 (+/-0.199877).
Game Durations: N=50, mean=56.1 (+/-4.516248).
P1: N=25, mean=55.76 (+/-6.511552).
P2: N=25, mean=56.44 (+/-6.391273).

Agent 2 (SHUCTAnyTime)
Winning score (between 0 and 1) : N=50, mean=0.52 (+/-0.139885).
P1: N=25, mean=0.52 (+/-0.199877).
P2: N=25, mean=0.52 (+/-0.199877).
Game Durations: N=50, mean=56.1 (+/-4.516248).
P1: N=25, mean=56.44 (+/-6.391273).
P2: N=25, mean=55.76 (+/-6.511552).
=====================================================
=====================================================
Completed 60 games.

Agent 1 (DoubleIterRegressionTreeSHUCTAny)
Winning score (between 0 and 1) : N=60, mean=0.5 (+/-0.127583).
P1: N=30, mean=0.533333 (+/-0.181573).
P2: N=30, mean=0.466667 (+/-0.181573).
Game Durations: N=60, mean=55.566667 (+/-4.200642).
P1: N=30, mean=57 (+/-6.131326).
P2: N=30, mean=54.133333 (+/-5.801814).

Agent 2 (SHUCTAnyTime)
Winning score (between 0 and 1) : N=60, mean=0.5 (+/-0.127583).
P1: N=30, mean=0.533333 (+/-0.181573).
P2: N=30, mean=0.466667 (+/-0.181573).
Game Durations: N=60, mean=55.566667 (+/-4.200642).
P1: N=30, mean=54.133333 (+/-5.801814).
P2: N=30, mean=57 (+/-6.131326).
=====================================================
=====================================================
Completed 70 games.

Agent 1 (DoubleIterRegressionTreeSHUCTAny)
Winning score (between 0 and 1) : N=70, mean=0.528571 (+/-0.117783).
P1: N=35, mean=0.542857 (+/-0.167447).
P2: N=35, mean=0.514286 (+/-0.167997).
Game Durations: N=70, mean=56.028571 (+/-3.870091).
P1: N=35, mean=55.8 (+/-5.524237).
P2: N=35, mean=56.257143 (+/-5.501132).

Agent 2 (SHUCTAnyTime)
Winning score (between 0 and 1) : N=70, mean=0.471429 (+/-0.117783).
P1: N=35, mean=0.485714 (+/-0.167997).
P2: N=35, mean=0.457143 (+/-0.167447).
Game Durations: N=70, mean=56.028571 (+/-3.870091).
P1: N=35, mean=56.257143 (+/-5.501132).
P2: N=35, mean=55.8 (+/-5.524237).
=====================================================
=====================================================
Completed 80 games.

Agent 1 (DoubleIterRegressionTreeSHUCTAny)
Winning score (between 0 and 1) : N=80, mean=0.5 (+/-0.110256).
P1: N=40, mean=0.525 (+/-0.156726).
P2: N=40, mean=0.475 (+/-0.156726).
Game Durations: N=80, mean=56.275 (+/-3.573731).
P1: N=40, mean=54.475 (+/-5.018567).
P2: N=40, mean=58.075 (+/-5.090862).

Agent 2 (SHUCTAnyTime)
Winning score (between 0 and 1) : N=80, mean=0.5 (+/-0.110256).
P1: N=40, mean=0.525 (+/-0.156726).
P2: N=40, mean=0.475 (+/-0.156726).
Game Durations: N=80, mean=56.275 (+/-3.573731).
P1: N=40, mean=58.075 (+/-5.090862).
P2: N=40, mean=54.475 (+/-5.018567).
=====================================================
=====================================================
Completed 90 games.

Agent 1 (DoubleIterRegressionTreeSHUCTAny)
Winning score (between 0 and 1) : N=90, mean=0.488889 (+/-0.103852).
P1: N=45, mean=0.533333 (+/-0.147409).
P2: N=45, mean=0.444444 (+/-0.146823).
Game Durations: N=90, mean=56.388889 (+/-3.315663).
P1: N=45, mean=54.977778 (+/-4.735183).
P2: N=45, mean=57.8 (+/-4.658813).

Agent 2 (SHUCTAnyTime)
Winning score (between 0 and 1) : N=90, mean=0.511111 (+/-0.103852).
P1: N=45, mean=0.555556 (+/-0.146823).
P2: N=45, mean=0.466667 (+/-0.147409).
Game Durations: N=90, mean=56.388889 (+/-3.315663).
P1: N=45, mean=57.8 (+/-4.658813).
P2: N=45, mean=54.977778 (+/-4.735183).
=====================================================
=====================================================
Completed 100 games.

Agent 1 (DoubleIterRegressionTreeSHUCTAny)
Winning score (between 0 and 1) : N=100, mean=0.47 (+/-0.098314).
P1: N=50, mean=0.52 (+/-0.139885).
P2: N=50, mean=0.42 (+/-0.138194).
Game Durations: N=100, mean=56.47 (+/-3.194589).
P1: N=50, mean=54.28 (+/-4.569671).
P2: N=50, mean=58.66 (+/-4.427669).

Agent 2 (SHUCTAnyTime)
Winning score (between 0 and 1) : N=100, mean=0.53 (+/-0.098314).
P1: N=50, mean=0.58 (+/-0.138194).
P2: N=50, mean=0.48 (+/-0.139885).
Game Durations: N=100, mean=56.47 (+/-3.194589).
P1: N=50, mean=58.66 (+/-4.427669).
P2: N=50, mean=54.28 (+/-4.569671).
=====================================================
